++ opam install conf-python-2-7-dev -e ubuntu
+ depext=
+ echo Ubuntu depexts:
+ '[' '' '!=' '' ']'
Ubuntu depexts:
++ opam install conf-python-2-7-dev -e source,linux
+ srcext=
+ echo Ubuntu srcexts:
+ '[' '' '!=' '' ']'
+ opam install conf-python-2-7-dev
Ubuntu srcexts:
The following actions will be performed:
 - install   conf-python-2-7-dev.1.0
=== 1 to install ===

=-=- Synchronizing package archives -=-=-=-=-=-=-=-=-=-=-=-=-=-=-=-=-=-=-=-=-=-=

=-=- Installing packages =-=-=-=-=-=-=-=-=-=-=-=-=-=-=-=-=-=-=-=-=-=-=-=-=-=-=-=
Copying ~/.opam/repo/default/packages/conf-python-2-7-dev/conf-python-2-7-dev.1.0/files/test.c to ~/.opam/4.02.0+trunk/build/conf-python-2-7-dev.1.0/
Building conf-python-2-7-dev.1.0:
  cc test.c
test.c:1:30: fatal error: python2.7/Python.h: No such file or directory
 #include "python2.7/Python.h"
                              ^
compilation terminated.
Removing conf-python-2-7-dev.1.0.
[ERROR] The compilation of conf-python-2-7-dev.1.0 failed.
  Nothing to do.


#=== ERROR while installing conf-python-2-7-dev.1.0 ===========================#
# opam-version         1.2.0 (751d606562478b9bd4653b64989d2f2869f23d99)
# os                   linux
# command              cc test.c
# path                 /home/opam/.opam/4.02.0+trunk/build/conf-python-2-7-dev.1.0
# compiler             4.02.0+trunk
# exit-code            1
# env-file             /home/opam/.opam/4.02.0+trunk/build/conf-python-2-7-dev.1.0/conf-python-2-7-dev-114-05296d.env
# stdout-file          /home/opam/.opam/4.02.0+trunk/build/conf-python-2-7-dev.1.0/conf-python-2-7-dev-114-05296d.out
# stderr-file          /home/opam/.opam/4.02.0+trunk/build/conf-python-2-7-dev.1.0/conf-python-2-7-dev-114-05296d.err
### stderr ###
# test.c:1:30: fatal error: python2.7/Python.h: No such file or directory
#  #include "python2.7/Python.h"
#                               ^
# compilation terminated.

'opam install conf-python-2-7-dev' failed.
