++ opam install cry -e ubuntu
+ depext=
+ echo Ubuntu depexts:
+ '[' '' '!=' '' ']'
Ubuntu depexts:
++ opam install cry -e source,linux
+ srcext=
+ echo Ubuntu srcexts:
+ '[' '' '!=' '' ']'
+ opam install cry
Ubuntu srcexts:
The following actions will be performed:
 - install   cry.0.2.2
=== 1 to install ===

=-=- Synchronizing package archives -=-=-=-=-=-=-=-=-=-=-=-=-=-=-=-=-=-=-=-=-=-=
[default] Synchronizing with /home/opam/opam-repository/archives/cry.0.2.2+opam.tar.gz
sending incremental file list
cry.0.2.2+opam.tar.gz

sent 104,826 bytes  received 35 bytes  209,722.00 bytes/sec
total size is 104,676  speedup is 1.00

=-=- Installing packages =-=-=-=-=-=-=-=-=-=-=-=-=-=-=-=-=-=-=-=-=-=-=-=-=-=-=-=
Building cry.0.2.2:
  ./configure --prefix /home/opam/.opam/4.02.0+trunk
  make
  make install
configuring ocaml-cry 0.2.2
checking for gcc... gcc
checking whether the C compiler works... yes
checking for C compiler default output file name... a.out
checking for suffix of executables... 
checking whether we are cross compiling... no
checking for suffix of object files... o
checking whether we are using the GNU C compiler... yes
checking whether gcc accepts -g... yes
checking for gcc option to accept ISO C89... none needed
checking build system type... x86_64-unknown-linux-gnu
checking host system type... x86_64-unknown-linux-gnu
checking for a BSD-compatible install... /usr/bin/install -c
checking that calling user is not root... configure: error: configure script must not be run with root user!
[ERROR] The compilation of cry.0.2.2 failed.
Removing cry.0.2.2.
  ocamlfind remove cry
ocamlfind: [WARNING] No such directory: /home/opam/.opam/4.02.0+trunk/lib/cry


#=== ERROR while installing cry.0.2.2 =========================================#
# opam-version         1.2.0 (751d606562478b9bd4653b64989d2f2869f23d99)
# os                   linux
# command              ./configure --prefix /home/opam/.opam/4.02.0+trunk
# path                 /home/opam/.opam/4.02.0+trunk/build/cry.0.2.2
# compiler             4.02.0+trunk
# exit-code            1
# env-file             /home/opam/.opam/4.02.0+trunk/build/cry.0.2.2/cry-128-6d07ae.env
# stdout-file          /home/opam/.opam/4.02.0+trunk/build/cry.0.2.2/cry-128-6d07ae.out
# stderr-file          /home/opam/.opam/4.02.0+trunk/build/cry.0.2.2/cry-128-6d07ae.err
### stdout ###
# ...[truncated]
# checking for suffix of executables... 
# checking whether we are cross compiling... no
# checking for suffix of object files... o
# checking whether we are using the GNU C compiler... yes
# checking whether gcc accepts -g... yes
# checking for gcc option to accept ISO C89... none needed
# checking build system type... x86_64-unknown-linux-gnu
# checking host system type... x86_64-unknown-linux-gnu
# checking for a BSD-compatible install... /usr/bin/install -c
# checking that calling user is not root... 
### stderr ###
# configure: error: configure script must not be run with root user!

'opam install cry' failed.
