++ opam install ott -e ubuntu
Ubuntu depexts:
+ depext=
+ echo Ubuntu depexts:
+ '[' '' '!=' '' ']'
++ opam install ott -e source,linux
+ srcext=
+ echo Ubuntu srcexts:
+ '[' '' '!=' '' ']'
+ opam install ott
Ubuntu srcexts:
The following actions will be performed:
 - install   ott.0.24
=== 1 to install ===

=-=- Synchronizing package archives -=-=-=-=-=-=-=-=-=-=-=-=-=-=-=-=-=-=-=-=-=-=
[default] Synchronizing with /home/opam/opam-repository/archives/ott.0.24+opam.tar.gz
sending incremental file list
ott.0.24+opam.tar.gz

sent 2,228,292 bytes  received 35 bytes  4,456,654.00 bytes/sec
total size is 2,227,631  speedup is 1.00

=-=- Installing packages =-=-=-=-=-=-=-=-=-=-=-=-=-=-=-=-=-=-=-=-=-=-=-=-=-=-=-=
Building ott.0.24:
  make world
cd src; make install
make[1]: Entering directory `/home/opam/.opam/4.02.0+trunk/build/ott.0.24/src'
Makefile:277: .depend: No such file or directory
ocamllex grammar_lexer.mll
374 states, 16439 transitions, table size 68000 bytes
3397 additional bytes used for bindings
ocamlyacc -v grammar_parser.mly  
2 rules never reduced
ocamldep location.ml types.ml auxl.ml merge.ml global_option.ml  grammar_lexer.ml grammar_parser.mli grammar_parser.ml version.ml grammar_pp.ml parse_table.ml glr.ml new_term_parser.ml term_parser.ml dependency.ml bounds.ml context_pp.ml grammar_typecheck.ml transform.ml substs_pp.ml subrules_pp.ml embed_pp.ml defns.ml ln_transform.ml coq_induct.ml system_pp.ml lexyac_pp.ml align.ml main.ml  align.mli bounds.mli coq_induct.mli defns.mli dependency.mli embed_pp.mli grammar_typecheck.mli merge.mli subrules_pp.mli substs_pp.mli system_pp.mli lexyac_pp.mli transform.mli term_parser.mli        > .depend
File "grammar_typecheck.ml", line 59, characters 0-2:
Error: This comment contains an unterminated string literal
File "grammar_typecheck.ml", line 89, characters 20-26:
Error: String literal begins here
make[1]: *** [.depend] Error 2
make[1]: Leaving directory `/home/opam/.opam/4.02.0+trunk/build/ott.0.24/src'
make: *** [world] Error 2
[ERROR] The compilation of ott.0.24 failed.
Removing ott.0.24.
  Nothing to do.


#=== ERROR while installing ott.0.24 ==========================================#
# opam-version         1.2.0 (751d606562478b9bd4653b64989d2f2869f23d99)
# os                   linux
# command              make world
# path                 /home/opam/.opam/4.02.0+trunk/build/ott.0.24
# compiler             4.02.0+trunk
# exit-code            2
# env-file             /home/opam/.opam/4.02.0+trunk/build/ott.0.24/ott-128-6d07ae.env
# stdout-file          /home/opam/.opam/4.02.0+trunk/build/ott.0.24/ott-128-6d07ae.out
# stderr-file          /home/opam/.opam/4.02.0+trunk/build/ott.0.24/ott-128-6d07ae.err
### stdout ###
# cd src; make install
# make[1]: Entering directory `/home/opam/.opam/4.02.0+trunk/build/ott.0.24/src'
# ocamllex grammar_lexer.mll
# 374 states, 16439 transitions, table size 68000 bytes
# 3397 additional bytes used for bindings
# ocamlyacc -v grammar_parser.mly  
# ocamldep location.ml types.ml auxl.ml merge.ml global_option.ml  grammar_lexer.ml grammar_parser.mli grammar_parser.ml version.ml grammar_pp.ml parse_table.ml glr.ml new_term_parser.ml term_parser.ml dependency.ml bounds.ml context_pp.ml grammar_typecheck.ml transform.ml substs_pp.ml subrules_pp.ml embed_pp.ml defns.ml ln_transform.ml coq_induct.ml system_pp.ml lexyac_pp.ml align.ml main.ml  align...[truncated]
# make[1]: Leaving directory `/home/opam/.opam/4.02.0+trunk/build/ott.0.24/src'
### stderr ###
# Makefile:277: .depend: No such file or directory
# 2 rules never reduced
# File "grammar_typecheck.ml", line 59, characters 0-2:
# Error: This comment contains an unterminated string literal
# File "grammar_typecheck.ml", line 89, characters 20-26:
# Error: String literal begins here
# make[1]: *** [.depend] Error 2
# make: *** [world] Error 2

'opam install ott' failed.
