++ opam install ppx_protobuf -e ubuntu
[ERROR] No package named ppx_protobuf found.
'opam install ppx_protobuf -e ubuntu' failed.
+ depext=
+ echo Ubuntu depexts:
+ '[' '' '!=' '' ']'
Ubuntu depexts:
++ opam install ppx_protobuf -e source,linux
[ERROR] No package named ppx_protobuf found.
'opam install ppx_protobuf -e source,linux' failed.
+ srcext=
+ echo Ubuntu srcexts:
+ '[' '' '!=' '' ']'
+ opam install ppx_protobuf
Ubuntu srcexts:
[ERROR] No package named ppx_protobuf found.
'opam install ppx_protobuf' failed.
