++ opam install config-file -e ubuntu
+ depext=
+ echo Ubuntu depexts:
Ubuntu depexts:
+ '[' '' '!=' '' ']'
++ opam install config-file -e source,linux
+ srcext=
+ echo Ubuntu srcexts:
+ '[' '' '!=' '' ']'
+ opam install config-file
Ubuntu srcexts:
The following actions will be performed:
 - install   config-file.1.2
=== 1 to install ===

=-=- Synchronizing package archives -=-=-=-=-=-=-=-=-=-=-=-=-=-=-=-=-=-=-=-=-=-=
[default] Synchronizing with /home/opam/opam-repository/archives/config-file.1.2+opam.tar.gz
sending incremental file list
config-file.1.2+opam.tar.gz

sent 49,861 bytes  received 35 bytes  99,792.00 bytes/sec
total size is 49,721  speedup is 1.00

=-=- Installing packages =-=-=-=-=-=-=-=-=-=-=-=-=-=-=-=-=-=-=-=-=-=-=-=-=-=-=-=
Building config-file.1.2:
  ./configure --prefix /home/opam/.opam/4.02.0+trunk
  make all
  make install
checking for ocamlfind... /home/opam/.opam/4.02.0+trunk/bin/ocamlfind
checking for camlp4... configure: error: Cannot find camlp4.
no
[ERROR] The compilation of config-file.1.2 failed.
Removing config-file.1.2.
  ocamlfind remove config-file
ocamlfind: [WARNING] No such directory: /home/opam/.opam/4.02.0+trunk/lib/config-file


#=== ERROR while installing config-file.1.2 ===================================#
# opam-version         1.2.0~beta4 (b20433ccd4fb06c854e7d9af73b8f310c42a6b5c)
# os                   linux
# command              ./configure --prefix /home/opam/.opam/4.02.0+trunk
# path                 /home/opam/.opam/4.02.0+trunk/build/config-file.1.2
# compiler             4.02.0+trunk
# exit-code            1
# env-file             /home/opam/.opam/4.02.0+trunk/build/config-file.1.2/config-file-126-6d07ae.env
# stdout-file          /home/opam/.opam/4.02.0+trunk/build/config-file.1.2/config-file-126-6d07ae.out
# stderr-file          /home/opam/.opam/4.02.0+trunk/build/config-file.1.2/config-file-126-6d07ae.err
### stdout ###
# checking for ocamlfind... /home/opam/.opam/4.02.0+trunk/bin/ocamlfind
# checking for camlp4... no
### stderr ###
# configure: error: Cannot find camlp4.

'opam install config-file' failed.
