++ opam install fftw3 -e ubuntu
+ depext=libfftw3-dev
+ echo Ubuntu depexts: libfftw3-dev
+ '[' libfftw3-dev '!=' '' ']'
+ sudo apt-get install -qq -y build-essential m4
Ubuntu depexts: libfftw3-dev
+ sudo apt-get install -qq -y libfftw3-dev
debconf: unable to initialize frontend: Dialog
debconf: (Dialog frontend will not work on a dumb terminal, an emacs shell buffer, or without a controlling terminal.)
debconf: falling back to frontend: Readline
debconf: unable to initialize frontend: Readline
debconf: (This frontend requires a controlling tty.)
debconf: falling back to frontend: Teletype
dpkg-preconfigure: unable to re-open stdin: 
Selecting previously unselected package libfftw3-double3:amd64.
(Reading database ... 20147 files and directories currently installed.)
Preparing to unpack .../libfftw3-double3_3.3.3-7ubuntu3_amd64.deb ...
Unpacking libfftw3-double3:amd64 (3.3.3-7ubuntu3) ...
Selecting previously unselected package libfftw3-long3:amd64.
Preparing to unpack .../libfftw3-long3_3.3.3-7ubuntu3_amd64.deb ...
Unpacking libfftw3-long3:amd64 (3.3.3-7ubuntu3) ...
Selecting previously unselected package libfftw3-quad3:amd64.
Preparing to unpack .../libfftw3-quad3_3.3.3-7ubuntu3_amd64.deb ...
Unpacking libfftw3-quad3:amd64 (3.3.3-7ubuntu3) ...
Selecting previously unselected package libfftw3-single3:amd64.
Preparing to unpack .../libfftw3-single3_3.3.3-7ubuntu3_amd64.deb ...
Unpacking libfftw3-single3:amd64 (3.3.3-7ubuntu3) ...
Selecting previously unselected package libfftw3-bin.
Preparing to unpack .../libfftw3-bin_3.3.3-7ubuntu3_amd64.deb ...
Unpacking libfftw3-bin (3.3.3-7ubuntu3) ...
Selecting previously unselected package libfftw3-dev:amd64.
Preparing to unpack .../libfftw3-dev_3.3.3-7ubuntu3_amd64.deb ...
Unpacking libfftw3-dev:amd64 (3.3.3-7ubuntu3) ...
Setting up libfftw3-double3:amd64 (3.3.3-7ubuntu3) ...
Setting up libfftw3-long3:amd64 (3.3.3-7ubuntu3) ...
Setting up libfftw3-quad3:amd64 (3.3.3-7ubuntu3) ...
Setting up libfftw3-single3:amd64 (3.3.3-7ubuntu3) ...
Setting up libfftw3-bin (3.3.3-7ubuntu3) ...
Setting up libfftw3-dev:amd64 (3.3.3-7ubuntu3) ...
Processing triggers for libc-bin (2.19-0ubuntu6.1) ...
++ opam install fftw3 -e source,linux
+ srcext=
Ubuntu srcexts:
+ echo Ubuntu srcexts:
+ '[' '' '!=' '' ']'
+ opam install fftw3
The following actions will be performed:
 - install   fftw3.0.7
=== 1 to install ===

=-=- Synchronizing package archives -=-=-=-=-=-=-=-=-=-=-=-=-=-=-=-=-=-=-=-=-=-=
[default] Synchronizing with /home/opam/opam-repository/archives/fftw3.0.7+opam.tar.gz
sending incremental file list
fftw3.0.7+opam.tar.gz

sent 105,113 bytes  received 35 bytes  210,296.00 bytes/sec
total size is 104,963  speedup is 1.00

=-=- Installing packages =-=-=-=-=-=-=-=-=-=-=-=-=-=-=-=-=-=-=-=-=-=-=-=-=-=-=-=
Building fftw3.0.7:
  ./configure --prefix /home/opam/.opam/4.02.0+trunk --sbindir=/home/opam/.opam/4.02.0+trunk/lib/fftw3/sbin --libexecdir=/home/opam/.opam/4.02.0+trunk/lib/fftw3/libexec --sysconfdir=/home/opam/.opam/4.02.0+trunk/lib/fftw3/etc --sharedstatedir=/home/opam/.opam/4.02.0+trunk/lib/fftw3/com --localstatedir=/home/opam/.opam/4.02.0+trunk/lib/fftw3/var --libdir=/home/opam/.opam/4.02.0+trunk/lib/fftw3/lib --includedir=/home/opam/.opam/4.02.0+trunk/lib/fftw3/include --datarootdir=/home/opam/.opam/4.02.0+trunk/lib/fftw3/share
  make
  make install
configuring fftw3-ocaml 0.7
checking for ocaml... /home/opam/.opam/4.02.0+trunk/bin/ocaml
checking for ocamlc... /home/opam/.opam/4.02.0+trunk/bin/ocamlc
ocaml version is 4.02.0+dev16-2014-08-21
ocaml library path is /home/opam/.opam/4.02.0+trunk/lib/ocaml
checking for ocamlopt... /home/opam/.opam/4.02.0+trunk/bin/ocamlopt
checking ocamlopt version... ok
checking for ocamlc.opt... /home/opam/.opam/4.02.0+trunk/bin/ocamlc.opt
checking ocamlc.opt version... ok
checking for ocamlopt.opt... /home/opam/.opam/4.02.0+trunk/bin/ocamlopt.opt
checking ocamlc.opt version... ok
checking for ocamldep... /home/opam/.opam/4.02.0+trunk/bin/ocamldep
checking for ocamldoc... /home/opam/.opam/4.02.0+trunk/bin/ocamldoc
checking for ocamlfind... /home/opam/.opam/4.02.0+trunk/bin/ocamlfind
checking for gcc... gcc
checking whether the C compiler works... yes
checking for C compiler default output file name... a.out
checking for suffix of executables... 
checking whether we are cross compiling... no
checking for suffix of object files... o
checking whether we are using the GNU C compiler... yes
checking whether gcc accepts -g... yes
checking for gcc option to accept ISO C89... none needed
checking for libfftw3 (double precision)... ok
checking for libfftw3f (single precision)... ok
checking for OCaml library lacaml... not found; use --with-lacaml=PATH to indicate its location (Some examples will not be compiled.)
checking for OCaml library archimedes... not found; use --with-archimedes=PATH to indicate its location (Examples will not produce graphics.)
configure: creating ./config.status
config.status: creating Makefile
config.status: creating src/META
config.status: creating src/Makefile
config.status: creating tests/Makefile
config.status: creating examples/Makefile
make -C src all
make[1]: Entering directory `/home/opam/.opam/4.02.0+trunk/build/fftw3.0.7/src'
make[2]: Entering directory `/home/opam/.opam/4.02.0+trunk/build/fftw3.0.7/src'
/home/opam/.opam/4.02.0+trunk/bin/ocamldep fftw3.mli > ._bcdi/fftw3.di
/home/opam/.opam/4.02.0+trunk/bin/ocamldep fftw3.ml > ._d/fftw3.d
/home/opam/.opam/4.02.0+trunk/bin/ocamldep fftw3S.ml > ._d/fftw3S.d
/home/opam/.opam/4.02.0+trunk/bin/ocamldep fftw3D.ml > ._d/fftw3D.d
/home/opam/.opam/4.02.0+trunk/bin/ocamldep fftw3_geomF.ml > ._d/fftw3_geomF.d
File "fftw3_geomF.ml", line 69, characters 6-8:
Error: This comment contains an unterminated string literal
File "fftw3_geomF.ml", line 69, characters 18-21:
Error: String literal begins here
make[2]: *** Deleting file `._d/fftw3_geomF.d'
/home/opam/.opam/4.02.0+trunk/bin/ocamldep fftw3_geomC.ml > ._d/fftw3_geomC.d
File "fftw3_geomC.ml", line 69, characters 6-8:
Error: This comment contains an unterminated string literal
File "fftw3_geomC.ml", line 69, characters 18-21:
Error: String literal begins here
make[2]: *** Deleting file `._d/fftw3_geomC.d'
/home/opam/.opam/4.02.0+trunk/bin/ocamldep fftw3_utils.ml > ._d/fftw3_utils.d
make[2]: Leaving directory `/home/opam/.opam/4.02.0+trunk/build/fftw3.0.7/src'
make[2]: Entering directory `/home/opam/.opam/4.02.0+trunk/build/fftw3.0.7/src'
/home/opam/.opam/4.02.0+trunk/bin/ocamldep fftw3_geomF.ml > ._d/fftw3_geomF.d
File "fftw3_geomF.ml", line 69, characters 6-8:
Error: This comment contains an unterminated string literal
File "fftw3_geomF.ml", line 69, characters 18-21:
Error: String literal begins here
make[2]: *** Deleting file `._d/fftw3_geomF.d'
/home/opam/.opam/4.02.0+trunk/bin/ocamldep fftw3_geomC.ml > ._d/fftw3_geomC.d
File "fftw3_geomC.ml", line 69, characters 6-8:
Error: This comment contains an unterminated string literal
File "fftw3_geomC.ml", line 69, characters 18-21:
Error: String literal begins here
/home/opam/.opam/4.02.0+trunk/bin/ocamlc.opt -c -cc "cc" -ccopt "-fPIC -g -O2 -DFFTW3F_EXISTS -DHASH_EXISTS \
				-DPIC   \
				    -o fftw3_stubs.o " fftw3_stubs.c
make[2]: *** Deleting file `._d/fftw3_geomC.d'
ar rcs libfftw3_stubs.a  fftw3_stubs.o
/home/opam/.opam/4.02.0+trunk/bin/ocamlc.opt -c -dtypes fftw3_utils.ml
/home/opam/.opam/4.02.0+trunk/bin/ocamlc.opt -c -dtypes fftw3_geomC.ml
File "fftw3_geomC.ml", line 69, characters 6-8:
Error: This comment contains an unterminated string literal
File "fftw3_geomC.ml", line 69, characters 18-21:
Error: String literal begins here
make[2]: *** [fftw3_geomC.cmo] Error 2
make[2]: Leaving directory `/home/opam/.opam/4.02.0+trunk/build/fftw3.0.7/src'
make[1]: *** [byte-code-library] Error 2
make[1]: Leaving directory `/home/opam/.opam/4.02.0+trunk/build/fftw3.0.7/src'
make: *** [all] Error 2
Removing fftw3.0.7.
[ERROR] The compilation of fftw3.0.7 failed.
  ocamlfind remove fftw3
ocamlfind: [WARNING] No such directory: /home/opam/.opam/4.02.0+trunk/lib/fftw3


#=== ERROR while installing fftw3.0.7 =========================================#
# opam-version         1.2.0~beta4 (b20433ccd4fb06c854e7d9af73b8f310c42a6b5c)
# os                   linux
# command              make
# path                 /home/opam/.opam/4.02.0+trunk/build/fftw3.0.7
# compiler             4.02.0+trunk
# exit-code            2
# env-file             /home/opam/.opam/4.02.0+trunk/build/fftw3.0.7/fftw3-231-6d07ae.env
# stdout-file          /home/opam/.opam/4.02.0+trunk/build/fftw3.0.7/fftw3-231-6d07ae.out
# stderr-file          /home/opam/.opam/4.02.0+trunk/build/fftw3.0.7/fftw3-231-6d07ae.err
### stdout ###
# ...[truncated]
# /home/opam/.opam/4.02.0+trunk/bin/ocamldep fftw3_geomF.ml > ._d/fftw3_geomF.d
# /home/opam/.opam/4.02.0+trunk/bin/ocamldep fftw3_geomC.ml > ._d/fftw3_geomC.d
# /home/opam/.opam/4.02.0+trunk/bin/ocamlc.opt -c -cc "cc" -ccopt "-fPIC -g -O2 -DFFTW3F_EXISTS -DHASH_EXISTS \
# 				-DPIC   \
# 				    -o fftw3_stubs.o " fftw3_stubs.c
# ar rcs libfftw3_stubs.a  fftw3_stubs.o
# /home/opam/.opam/4.02.0+trunk/bin/ocamlc.opt -c -dtypes fftw3_utils.ml
# /home/opam/.opam/4.02.0+trunk/bin/ocamlc.opt -c -dtypes fftw3_geomC.ml
# make[2]: Leaving directory `/home/opam/.opam/4.02.0+trunk/build/fftw3.0.7/src'
# make[1]: Leaving directory `/home/opam/.opam/4.02.0+trunk/build/fftw3.0.7/src'
### stderr ###
# ...[truncated]
# File "fftw3_geomC.ml", line 69, characters 18-21:
# Error: String literal begins here
# make[2]: *** Deleting file `._d/fftw3_geomC.d'
# File "fftw3_geomC.ml", line 69, characters 6-8:
# Error: This comment contains an unterminated string literal
# File "fftw3_geomC.ml", line 69, characters 18-21:
# Error: String literal begins here
# make[2]: *** [fftw3_geomC.cmo] Error 2
# make[1]: *** [byte-code-library] Error 2
# make: *** [all] Error 2

'opam install fftw3' failed.
