++ opam install spf -e centos,centos-7
+ depext=
+ echo CentOS 7 depexts:
+ '[' '' '!=' '' ']'
+ opam install spf
CentOS 7 depexts:
The following actions will be performed:
 - install   spf.1.0.1
=== 1 to install ===

=-=-=-=-=-=-=-=-=-=-=-=- Synchronizing package archives -=-=-=-=-=-=-=-=-=-=-=-=
[spf.1.0.1] Downloading https://forge.ocamlcore.org/frs/download.php/1112/ocaml-spf-1.0.1.tar.gz
  % Total    % Received % Xferd  Average Speed   Time    Time     Time  Current
                                 Dload  Upload   Total   Spent    Left  Speed
  0     0    0     0    0     0      0      0 --:--:-- --:--:-- --:--:--     0100 42451  100 42451    0     0  79530      0 --:--:-- --:--:-- --:--:-- 79645
200

=-=-=-=-=-=-=-=-=-=-=-=-=-=-= Installing packages -=-=-=-=-=-=-=-=-=-=-=-=-=-=-=
Building spf.1.0.1:
  ocaml setup.ml -configure --prefix /home/opam/.opam/4.01.0
  ocaml setup.ml -build
  ocaml setup.ml -install

Configuration: 
ocamlfind: ........................................... /home/opam/.opam/4.01.0/bin/ocamlfind
ocamlc: .............................................. /home/opam/.opam/4.01.0/bin/ocamlc.opt
ocamlopt: ............................................ /home/opam/.opam/4.01.0/bin/ocamlopt.opt
ocamlbuild: .......................................... /home/opam/.opam/4.01.0/bin/ocamlbuild
Package name: ........................................ spf
Package version: ..................................... 1.0.0
os_type: ............................................. Unix
system: .............................................. linux
architecture: ........................................ amd64
ccomp_type: .......................................... cc
ocaml_version: ....................................... 4.01.0
standard_library_default: ............................ /home/opam/.opam/4.01.0/lib/ocaml
standard_library: .................................... /home/opam/.opam/4.01.0/lib/ocaml
standard_runtime: .................................... /home/opam/.opam/4.01.0/bin/ocamlrun
bytecomp_c_compiler: ................................. gcc -fno-defer-pop -Wall -D_FILE_OFFSET_BITS=64 -D_REENTRANT -fPIC
native_c_compiler: ................................... gcc -Wall -D_FILE_OFFSET_BITS=64 -D_REENTRANT
model: ............................................... default
ext_obj: ............................................. .o
ext_asm: ............................................. .s
ext_lib: ............................................. .a
ext_dll: ............................................. .so
default_executable_name: ............................. a.out
systhread_supported: ................................. true
Install architecture-independent files dir: .......... /home/opam/.opam/4.01.0
Install architecture-dependent files in dir: ......... $prefix
User executables: .................................... $exec_prefix/bin
System admin executables: ............................ $exec_prefix/sbin
Program executables: ................................. $exec_prefix/libexec
Read-only single-machine data: ....................... $prefix/etc
Modifiable architecture-independent data: ............ $prefix/com
Modifiable single-machine data: ...................... $prefix/var
Object code libraries: ............................... $exec_prefix/lib
Read-only arch-independent data root: ................ $prefix/share
Read-only architecture-independent data: ............. $datarootdir
Info documentation: .................................. $datarootdir/info
Locale-dependent data: ............................... $datarootdir/locale
Man documentation: ................................... $datarootdir/man
Documentation root: .................................. $datarootdir/doc/$pkg_name
HTML documentation: .................................. $docdir
DVI documentation: ................................... $docdir
PDF documentation: ................................... $docdir
PS documentation: .................................... $docdir
findlib_version: ..................................... 1.5.2
is_native: ........................................... true
suffix_program: ...................................... 
Remove a file.: ...................................... rm -f
Remove a directory.: ................................. rm -rf
Turn ocaml debug flag on: ............................ true
Turn ocaml profile flag on: .......................... false
Compiler support generation of .cmxs.: ............... true
OCamlbuild additional flags: ......................... 
Create documentations: ............................... true
Compile tests executable and library and run them: ... false
pkg_unix: ............................................ /home/opam/.opam/4.01.0/lib/ocaml
ocamldoc: ............................................ /home/opam/.opam/4.01.0/bin/ocamldoc

/home/opam/.opam/4.01.0/bin/ocamlopt.opt unix.cmxa -I /home/opam/.opam/4.01.0/lib/ocaml/ocamlbuild /home/opam/.opam/4.01.0/lib/ocaml/ocamlbuild/ocamlbuildlib.cmxa myocamlbuild.ml /home/opam/.opam/4.01.0/lib/ocaml/ocamlbuild/ocamlbuild.cmx -o myocamlbuild
ocamlfind ocamlc -ccopt -Wall -ccopt -Werror -c lib/spf_stubs.c
+ ocamlfind ocamlc -ccopt -Wall -ccopt -Werror -c lib/spf_stubs.c
lib/spf_stubs.c:8:22: fatal error: spf2/spf.h: No such file or directory
 #include <spf2/spf.h>
                      ^
compilation terminated.
Command exited with code 2.
E: Failure("Command ''/home/opam/.opam/4.01.0/bin/ocamlbuild' lib/libspf_stubs.a lib/dllspf_stubs.so lib/spf.cma lib/spf.cmxa lib/spf.a lib/spf.cmxs lib_test/test.native -tag debug' terminated with error code 10")
[ERROR] The compilation of spf.1.0.1 failed.
Removing spf.1.0.1.
  ocamlfind remove spf
ocamlfind: [WARNING] No such directory: /home/opam/.opam/4.01.0/lib/spf


#====================== ERROR while installing spf.1.0.1 ======================#
# opam-version         1.2.0~beta4
# os                   linux
# command              ocaml setup.ml -build
# path                 /home/opam/.opam/4.01.0/build/spf.1.0.1
# compiler             4.01.0
# exit-code            1
# env-file             /home/opam/.opam/4.01.0/build/spf.1.0.1/spf-30-5f1023.env
# stdout-file          /home/opam/.opam/4.01.0/build/spf.1.0.1/spf-30-5f1023.out
# stderr-file          /home/opam/.opam/4.01.0/build/spf.1.0.1/spf-30-5f1023.err
### stdout ###
# ...[truncated]
# ocamldoc: ............................................ /home/opam/.opam/4.01.0/bin/ocamldoc
# 
# /home/opam/.opam/4.01.0/bin/ocamlopt.opt unix.cmxa -I /home/opam/.opam/4.01.0/lib/ocaml/ocamlbuild /home/opam/.opam/4.01.0/lib/ocaml/ocamlbuild/ocamlbuildlib.cmxa myocamlbuild.ml /home/opam/.opam/4.01.0/lib/ocaml/ocamlbuild/ocamlbuild.cmx -o myocamlbuild
# ocamlfind ocamlc -ccopt -Wall -ccopt -Werror -c lib/spf_stubs.c
# + ocamlfind ocamlc -ccopt -Wall -ccopt -Werror -c lib/spf_stubs.c
# lib/spf_stubs.c:8:22: fatal error: spf2/spf.h: No such file or directory
#  #include <spf2/spf.h>
#                       ^
# compilation terminated.
# Command exited with code 2.
### stderr ###
# E: Failure("Command ''/home/opam/.opam/4.01.0/bin/ocamlbuild' lib/libspf_stubs.a lib/dllspf_stubs.so lib/spf.cma lib/spf.cmxa lib/spf.a lib/spf.cmxs lib_test/test.native -tag debug' terminated with error code 10")

'opam install spf' failed.
