++ opam install spoc -e centos,centos-7
CentOS 7 depexts:
+ depext=
+ echo CentOS 7 depexts:
+ '[' '' '!=' '' ']'
+ opam install spoc
The following actions will be performed:
 - install   ocp-build.0.1                         [required by spoc]
 - install   spoc.20140620
=== 2 to install ===

=-=-=-=-=-=-=-=-=-=-=-=- Synchronizing package archives -=-=-=-=-=-=-=-=-=-=-=-=
[ocp-build.0.1] Downloading http://www.ocamlpro.com/pub/ocp-build.tar.gz
[spoc.20140620] Downloading https://github.com/mathiasbourgoin/SPOC/releases/download/20140620/spoc-20140620.tar.gz
  % Total    % Received % Xferd  Average Speed   Time    Time     Time  Current
                                 Dload  Upload   Total   Spent    Left  Speed
  0     0    0     0    0     0      0      0 --:--:-- --:--:-- --:--:--     0  % Total    % Received % Xferd  Average Speed   Time    Time     Time  Current
                                 Dload  Upload   Total   Spent    Left  Speed
  0     0    0     0    0     0      0      0 --:--:-- --:--:-- --:--:--     0100  843k  100  843k    0     0  1743k      0 --:--:-- --:--:-- --:--:-- 1746k
200
  0     0    0     0    0     0      0      0 --:--:-- --:--:-- --:--:--     0100   348    0   348    0     0    329      0 --:--:--  0:00:01 --:--:--   329
  0 1155k    0     0    0     0      0      0 --:--:--  0:00:01 --:--:--     0 97 1155k   97 1121k    0     0   377k      0  0:00:03  0:00:02  0:00:01 1067k100 1155k  100 1155k    0     0   367k      0  0:00:03  0:00:03 --:--:--  945k
200

=-=-=-=-=-=-=-=-=-=-=-=-=-=-= Installing packages -=-=-=-=-=-=-=-=-=-=-=-=-=-=-=
Copying ~/.opam/repo/default/packages/ocp-build/ocp-build.0.1/files/ocp-build.install to ~/.opam/4.01.0/build/ocp-build.0.1/
Building ocp-build.0.1:
  make
mkdir -p ./_obuild
ocamlc -o ./_obuild/unixrun -make-runtime unix.cma
_obuild/unixrun boot/ocp-build.boot -init -scan -sanitize -v 0 ocp-build
ocp-build: Entering directory `/home/opam/.opam/4.01.0/build/ocp-build.0.1'
Cache: 0 digests loaded
No error. 293 commands executed, 397 files generated.
ocp-build: Leaving directory `/home/opam/.opam/4.01.0/build/ocp-build.0.1'
Compilation successful
Installing ocp-build.0.1.
Building spoc.20140620:
  make build
  make install
ocp-build -init
ocp-build: Entering directory `/home/opam/.opam/4.01.0/build/spoc.20140620'
Cache: 0 digests loaded
ocp-build: Leaving directory `/home/opam/.opam/4.01.0/build/spoc.20140620'
cd extension && make
make[1]: Entering directory `/home/opam/.opam/4.01.0/build/spoc.20140620/extension'
ocamlfind ocamlc -I +camlp4 -pp camlp4of dynlink.cma camlp4lib.cma kernels_ext.ml
File "kernels_ext.ml", line 147, characters 4-22:
Warning 26: unused variable t.
ocamlfind ocamlc -a kernels_ext.cmo -o kernels_ext.cma
make[1]: Leaving directory `/home/opam/.opam/4.01.0/build/spoc.20140620/extension'
cd Js && make
make[1]: Entering directory `/home/opam/.opam/4.01.0/build/spoc.20140620/Js'
echo "//concat SPOC.js Kernel.js Mem.js " > spoc_lib.js
for f in SPOC.js Kernel.js Mem.js  ; do \
	 echo "//# 1 \"$f\"" >> spoc_lib.js; \
   cat $f >> spoc_lib.js; \
done
make[1]: Leaving directory `/home/opam/.opam/4.01.0/build/spoc.20140620/Js'
ocamlfind remove spoc
ocamlfind: [WARNING] No such directory: /home/opam/.opam/4.01.0/lib/spoc
cd extension && make uninstall
make[1]: Entering directory `/home/opam/.opam/4.01.0/build/spoc.20140620/extension'
ocamlfind remove spoc_external_kernels
ocamlfind: [WARNING] No such directory: /home/opam/.opam/4.01.0/lib/spoc_external_kernels
make[1]: Leaving directory `/home/opam/.opam/4.01.0/build/spoc.20140620/extension'
cd Js && make uninstall
make[1]: Entering directory `/home/opam/.opam/4.01.0/build/spoc.20140620/Js'
rm -f `ocamlfind query spoc`/spoc_lib.js
ocamlfind: Package `spoc' not found
make[1]: Leaving directory `/home/opam/.opam/4.01.0/build/spoc.20140620/Js'
ocp-build install
ocp-build: Entering directory `/home/opam/.opam/4.01.0/build/spoc.20140620'
Cache: 0 digests loaded
Error: Could not find target project install
make: *** [install] Error 2
Removing spoc.20140620.
[ERROR] The compilation of spoc.20140620 failed.
  make uninstall
ocamlfind remove spoc
ocamlfind: [WARNING] No such directory: /home/opam/.opam/4.01.0/lib/spoc
cd extension && make uninstall
make[1]: Entering directory `/home/opam/.opam/4.01.0/build/spoc.20140620/extension'
ocamlfind remove spoc_external_kernels
ocamlfind: [WARNING] No such directory: /home/opam/.opam/4.01.0/lib/spoc_external_kernels
make[1]: Leaving directory `/home/opam/.opam/4.01.0/build/spoc.20140620/extension'
cd Js && make uninstall
make[1]: Entering directory `/home/opam/.opam/4.01.0/build/spoc.20140620/Js'
rm -f `ocamlfind query spoc`/spoc_lib.js
ocamlfind: Package `spoc' not found
make[1]: Leaving directory `/home/opam/.opam/4.01.0/build/spoc.20140620/Js'


=-=-=-=-=-=-=-=-=-=-=-=-=-=-=-=-= Error report =-=-=-=-=-=-=-=-=-=-=-=-=-=-=-=-=
These actions have been completed successfully
 - install   ocp-build.0.1
The following failed
 - install   spoc.20140620

#==================== ERROR while installing spoc.20140620 ====================#
# opam-version         1.2.0~beta4
# os                   linux
# command              make install
# path                 /home/opam/.opam/4.01.0/build/spoc.20140620
# compiler             4.01.0
# exit-code            2
# env-file             /home/opam/.opam/4.01.0/build/spoc.20140620/spoc-483-1872ec.env
# stdout-file          /home/opam/.opam/4.01.0/build/spoc.20140620/spoc-483-1872ec.out
# stderr-file          /home/opam/.opam/4.01.0/build/spoc.20140620/spoc-483-1872ec.err
### stdout ###
# ...[truncated]
# cd extension && make uninstall
# make[1]: Entering directory `/home/opam/.opam/4.01.0/build/spoc.20140620/extension'
# ocamlfind remove spoc_external_kernels
# make[1]: Leaving directory `/home/opam/.opam/4.01.0/build/spoc.20140620/extension'
# cd Js && make uninstall
# make[1]: Entering directory `/home/opam/.opam/4.01.0/build/spoc.20140620/Js'
# rm -f `ocamlfind query spoc`/spoc_lib.js
# make[1]: Leaving directory `/home/opam/.opam/4.01.0/build/spoc.20140620/Js'
# ocp-build install
# ocp-build: Entering directory `/home/opam/.opam/4.01.0/build/spoc.20140620'
### stderr ###
# Cache: 0 digests loaded
# File "kernels_ext.ml", line 147, characters 4-22:
# Warning 26: unused variable t.
# ocamlfind: [WARNING] No such directory: /home/opam/.opam/4.01.0/lib/spoc
# ocamlfind: [WARNING] No such directory: /home/opam/.opam/4.01.0/lib/spoc_external_kernels
# ocamlfind: Package `spoc' not found
# Cache: 0 digests loaded
# Error: Could not find target project install
# make: *** [install] Error 2


The former state can be restored with opam switch import "/home/opam/.opam/4.01.0/backup/state-20140815100638.export"
'opam install spoc' failed.
