++ opam install yajl -e centos,centos-7
+ depext=
+ echo CentOS 7 depexts:
CentOS 7 depexts:
+ '[' '' '!=' '' ']'
+ opam install yajl
The following actions will be performed:
 - install   yajl.0.7.3
=== 1 to install ===

=-=-=-=-=-=-=-=-=-=-=-=- Synchronizing package archives -=-=-=-=-=-=-=-=-=-=-=-=
[yajl.0.7.3] Downloading https://raw.github.com/mlin/yajl-ocaml/tarball/yajl-ocaml-0.7.3.tar.gz
  % Total    % Received % Xferd  Average Speed   Time    Time     Time  Current
                                 Dload  Upload   Total   Spent    Left  Speed
  0     0    0     0    0     0      0      0 --:--:-- --:--:-- --:--:--     0  0     0    0     0    0     0      0      0 --:--:-- --:--:-- --:--:--     0  0     0    0     0    0     0      0      0 --:--:-- --:--:-- --:--:--     0
  0  162k    0     0    0     0      0      0 --:--:--  0:00:01 --:--:--     0100  162k  100  162k    0     0   117k      0  0:00:01  0:00:01 --:--:-- 1449k
200

=-=-=-=-=-=-=-=-=-=-=-=-=-=-= Installing packages -=-=-=-=-=-=-=-=-=-=-=-=-=-=-=
Building yajl.0.7.3:
  make install
# --
# work around yajl's ruby configure script; the following is all it does:
mkdir -p upstream/build
cd upstream/build && cmake -DCMAKE_INSTALL_PREFIX=/home/opam/.opam/4.01.0/build/yajl.0.7.3/upstream/local ..
/bin/sh: cmake: command not found
make: *** [/home/opam/.opam/4.01.0/build/yajl.0.7.3/upstream/local/lib/libyajl_s.a] Error 127
Removing yajl.0.7.3.
[ERROR] The compilation of yajl.0.7.3 failed.
  ocamlfind remove yajl
ocamlfind: [WARNING] No such directory: /home/opam/.opam/4.01.0/lib/yajl


#===================== ERROR while installing yajl.0.7.3 ======================#
# opam-version         1.2.0~beta4
# os                   linux
# command              make install
# path                 /home/opam/.opam/4.01.0/build/yajl.0.7.3
# compiler             4.01.0
# exit-code            2
# env-file             /home/opam/.opam/4.01.0/build/yajl.0.7.3/yajl-31-5f1023.env
# stdout-file          /home/opam/.opam/4.01.0/build/yajl.0.7.3/yajl-31-5f1023.out
# stderr-file          /home/opam/.opam/4.01.0/build/yajl.0.7.3/yajl-31-5f1023.err
### stdout ###
# # --
# # work around yajl's ruby configure script; the following is all it does:
# mkdir -p upstream/build
# cd upstream/build && cmake -DCMAKE_INSTALL_PREFIX=/home/opam/.opam/4.01.0/build/yajl.0.7.3/upstream/local ..
### stderr ###
# /bin/sh: cmake: command not found
# make: *** [/home/opam/.opam/4.01.0/build/yajl.0.7.3/upstream/local/lib/libyajl_s.a] Error 127

'opam install yajl' failed.
