++ opam install zarith -e centos,centos-7
+ depext=
+ echo CentOS 7 depexts:
+ '[' '' '!=' '' ']'
+ opam install zarith
CentOS 7 depexts:
The following actions will be performed:
 - install   conf-gmp.1                            [required by zarith]
 - install   zarith.1.2
=== 2 to install ===

=-=-=-=-=-=-=-=-=-=-=-=- Synchronizing package archives -=-=-=-=-=-=-=-=-=-=-=-=
[zarith.1.2] Downloading http://forge.ocamlcore.org/frs/download.php/1187/zarith-1.2.tgz
  % Total    % Received % Xferd  Average Speed   Time    Time     Time  Current
                                 Dload  Upload   Total   Spent    Left  Speed
  0     0    0     0    0     0      0      0 --:--:-- --:--:-- --:--:--     0100 70822  100 70822    0     0   228k      0 --:--:-- --:--:-- --:--:--  229k
200

=-=-=-=-=-=-=-=-=-=-=-=-=-=-= Installing packages -=-=-=-=-=-=-=-=-=-=-=-=-=-=-=
Copying ~/.opam/repo/default/packages/conf-gmp/conf-gmp.1/files/test.c to ~/.opam/4.01.0/build/conf-gmp.1/
Building conf-gmp.1:
  cc -c test.c
test.c:1:17: fatal error: gmp.h: No such file or directory
 #include <gmp.h>
                 ^
compilation terminated.
Removing conf-gmp.1.
  Nothing to do.
[ERROR] The compilation of conf-gmp.1 failed.


=-=-=-=-=-=-=-=-=-=-=-=-=-=-=-=-= Error report =-=-=-=-=-=-=-=-=-=-=-=-=-=-=-=-=
The following failed
 - install   conf-gmp.1
Due to the errors, the following have been cancelled
 - install   zarith.1.2

#===================== ERROR while installing conf-gmp.1 ======================#
# opam-version         1.2.0~beta4
# os                   linux
# command              cc -c test.c
# path                 /home/opam/.opam/4.01.0/build/conf-gmp.1
# compiler             4.01.0
# exit-code            1
# env-file             /home/opam/.opam/4.01.0/build/conf-gmp.1/conf-gmp-31-9b8556.env
# stdout-file          /home/opam/.opam/4.01.0/build/conf-gmp.1/conf-gmp-31-9b8556.out
# stderr-file          /home/opam/.opam/4.01.0/build/conf-gmp.1/conf-gmp-31-9b8556.err
### stderr ###
# test.c:1:17: fatal error: gmp.h: No such file or directory
#  #include <gmp.h>
#                  ^
# compilation terminated.

'opam install zarith' failed.
