++ opam install ocp-build -e ubuntu
Ubuntu depexts:
+ depext=
+ echo Ubuntu depexts:
+ '[' '' '!=' '' ']'
++ opam install ocp-build -e source,linux
+ srcext=
+ echo Ubuntu srcexts:
+ '[' '' '!=' '' ']'
+ opam install ocp-build
Ubuntu srcexts:
The following actions will be performed:
 - install ocp-build.0.1
1 to install | 0 to reinstall | 0 to upgrade | 0 to downgrade | 0 to remove

=-=-= Installing ocp-build.0.1 =-=-=
default    Synchronizing with /home/opam/opam-repository/archives/ocp-build.0.1+opam.tar.gz
sending incremental file list
ocp-build.0.1+opam.tar.gz

sent 864,854 bytes  received 35 bytes  1,729,778.00 bytes/sec
total size is 864,516  speedup is 1.00
Building ocp-build.0.1:
  make
mkdir -p ./_obuild
ocamlc -o ./_obuild/unixrun -make-runtime unix.cma
_obuild/unixrun boot/ocp-build.boot -init -scan -sanitize -v 0 ocp-build
Fatal error: the file 'boot/ocp-build.boot' is not a bytecode executable file
make: *** [compile] Error 2
[ERROR] The compilation of ocp-build.0.1 failed.
Removing ocp-build.0.1.


===== ERROR while installing ocp-build.0.1 =====
# opam-version         1.1.1
# os                   linux
# command              make
# path                 /home/opam/.opam/4.02.0+trunk/build/ocp-build.0.1
# compiler             4.02.0+trunk
# exit-code            2
# env-file             /home/opam/.opam/4.02.0+trunk/build/ocp-build.0.1/ocp-build-25-1872ec.env
# stdout-file          /home/opam/.opam/4.02.0+trunk/build/ocp-build.0.1/ocp-build-25-1872ec.out
# stderr-file          /home/opam/.opam/4.02.0+trunk/build/ocp-build.0.1/ocp-build-25-1872ec.err
### stdout ###
# mkdir -p ./_obuild
# ocamlc -o ./_obuild/unixrun -make-runtime unix.cma
# _obuild/unixrun boot/ocp-build.boot -init -scan -sanitize -v 0 ocp-build
### stderr ###
# Fatal error: the file 'boot/ocp-build.boot' is not a bytecode executable file
# make: *** [compile] Error 2

'opam install ocp-build' failed.
