++ opam install dlist -e ubuntu
+ depext=
+ echo Ubuntu depexts:
Ubuntu depexts:
+ '[' '' '!=' '' ']'
++ opam install dlist -e source,linux
+ srcext=
+ echo Ubuntu srcexts:
+ '[' '' '!=' '' ']'
+ opam install dlist
Ubuntu srcexts:
The following actions will be performed:
 - install   camlp4.4.01.0                         [required by ocp-build]
 - install   ocp-build.1.99.8-beta                 [required by dlist]
 - install   dlist.0.1.0
=== 3 to install ===

=-=- Synchronizing package archives -=-=-=-=-=-=-=-=-=-=-=-=-=-=-=-=-=-=-=-=-=-=
[default] Synchronizing with /home/opam/opam-repository/archives/ocp-build.1.99.8-beta+opam.tar.gz
[default] Synchronizing with /home/opam/opam-repository/archives/dlist.0.1.0+opam.tar.gz
sending incremental file list
sending incremental file list
dlist.0.1.0+opam.tar.gz
ocp-build.1.99.8-beta+opam.tar.gz

sent 5,209 bytes  received 35 bytes  10,488.00 bytes/sec
total size is 5,077  speedup is 0.97

sent 899,755 bytes  received 35 bytes  1,799,580.00 bytes/sec
total size is 899,401  speedup is 1.00

=-=- Installing packages =-=-=-=-=-=-=-=-=-=-=-=-=-=-=-=-=-=-=-=-=-=-=-=-=-=-=-=
Installing camlp4.4.01.0.
Building ocp-build.1.99.8-beta:
  ./configure --prefix /home/opam/.opam/4.01.0
  make
  make install
checking for ocamlc... ocamlc
OCaml version is 4.01.0
OCaml library path is /home/opam/.opam/4.01.0/lib/ocaml
checking for ocamlopt... ocamlopt
checking for ocamlc.opt... ocamlc.opt
checking for ocamlopt.opt... ocamlopt.opt
checking for ocaml... ocaml
checking for ocamldep... ocamldep
checking for ocamlmktop... ocamlmktop
checking for ocamlmklib... ocamlmklib
checking for ocamldoc... ocamldoc
checking for ocamlbuild... ocamlbuild
checking for camlp4... camlp4
checking for camlp4boot... camlp4boot
checking for camlp4o... camlp4o
checking for camlp4of... camlp4of
checking for camlp4oof... camlp4oof
checking for camlp4orf... camlp4orf
checking for camlp4prof... camlp4prof
checking for camlp4r... camlp4r
checking for camlp4rf... camlp4rf
checking for gcc... gcc
checking whether the C compiler works... yes
checking for C compiler default output file name... a.out
checking for suffix of executables... 
checking whether we are cross compiling... no
checking for suffix of object files... o
checking whether we are using the GNU C compiler... yes
checking whether gcc accepts -g... yes
checking for gcc option to accept ISO C89... none needed
checking for a sed that does not truncate output... /bin/sed
checking Major version... 4
checking Minor version... 01
checking Point version... 0
checking for gawk... no
checking for mawk... mawk
configure: creating ./config.status
config.status: creating Makefile
config.status: creating ../src/ocp-build-bundle.ocp
config.status: WARNING:  '../src/ocp-build-bundle.ocp.in' seems to ignore the --datarootdir setting

Executables will be installed in /home/opam/.opam/4.01.0/bin
Libraries will be installed in /home/opam/.opam/4.01.0/lib/ocaml/typerex
Data files will be installed in /home/opam/.opam/4.01.0/share/typerex
Manual pages will be installed in /home/opam/.opam/4.01.0/share/man
Creating root directory _obuild/
make -C boot
make[1]: Entering directory `/home/opam/.opam/4.01.0/build/ocp-build.1.99.8-beta/boot'
awk '{ print "external "$1": unit -> unit = \"" $1 "\"" }' primitives > primitives.ml
./make-ocpbuild-run.sh
ocamlc -o ocp-build.run -custom -make-runtime win32_c.c primitives.ml unix.cma -cclib -lunix
cat ocp-build.run ocp-build.boot > ocp-build
chmod +x ocp-build
./ocp-build -help >/dev/null 2>&1
make[1]: Leaving directory `/home/opam/.opam/4.01.0/build/ocp-build.1.99.8-beta/boot'
make[1]: *** [ocp-build] Error 2
make: *** [boot/ocp-build] Error 2
Removing ocp-build.1.99.8-beta.
[ERROR] The compilation of ocp-build.1.99.8-beta failed.
  rm -f /home/opam/.opam/4.01.0/bin/ocp-build
  rm -f /home/opam/.opam/4.01.0/bin/ocp-build.byte
  rm -f /home/opam/.opam/4.01.0/lib/META.ocp-build-bundle
  rm -rf /home/opam/.opam/4.01.0/lib/ocaml/typerex/ocp-build-bundle
  rm -f /home/opam/.opam/4.01.0/lib/META.ocp-build-win32
  rm -rf /home/opam/.opam/4.01.0/lib/ocaml/typerex/ocp-build-win32
  rm -f /home/opam/.opam/4.01.0/lib/META.ocp-build-misc
  rm -rf /home/opam/.opam/4.01.0/lib/ocaml/typerex/ocp-build-misc
  rm -f /home/opam/.opam/4.01.0/lib/META.ocp-build
  rm -rf /home/opam/.opam/4.01.0/lib/ocaml/typerex/ocp-build


=-=- Error report -=-=-=-=-=-=-=-=-=-=-=-=-=-=-=-=-=-=-=-=-=-=-=-=-=-=-=-=-=-=-=
These actions have been completed successfully
 - install   camlp4.4.01.0
The following failed
 - install   ocp-build.1.99.8-beta
Due to the errors, the following have been cancelled
 - install   dlist.0.1.0

#=== ERROR while installing ocp-build.1.99.8-beta =============================#
# opam-version         1.2.0 (751d606562478b9bd4653b64989d2f2869f23d99)
# os                   linux
# command              make
# path                 /home/opam/.opam/4.01.0/build/ocp-build.1.99.8-beta
# compiler             4.01.0
# exit-code            2
# env-file             /home/opam/.opam/4.01.0/build/ocp-build.1.99.8-beta/ocp-build-147-d2d111.env
# stdout-file          /home/opam/.opam/4.01.0/build/ocp-build.1.99.8-beta/ocp-build-147-d2d111.out
# stderr-file          /home/opam/.opam/4.01.0/build/ocp-build.1.99.8-beta/ocp-build-147-d2d111.err
### stdout ###
# ...[truncated]
# Creating root directory _obuild/
# make -C boot
# make[1]: Entering directory `/home/opam/.opam/4.01.0/build/ocp-build.1.99.8-beta/boot'
# awk '{ print "external "$1": unit -> unit = \"" $1 "\"" }' primitives > primitives.ml
# ./make-ocpbuild-run.sh
# ocamlc -o ocp-build.run -custom -make-runtime win32_c.c primitives.ml unix.cma -cclib -lunix
# cat ocp-build.run ocp-build.boot > ocp-build
# chmod +x ocp-build
# ./ocp-build -help >/dev/null 2>&1
# make[1]: Leaving directory `/home/opam/.opam/4.01.0/build/ocp-build.1.99.8-beta/boot'
### stderr ###
# config.status: WARNING:  '../src/ocp-build-bundle.ocp.in' seems to ignore the --datarootdir setting
# make[1]: *** [ocp-build] Error 2
# make: *** [boot/ocp-build] Error 2


The former state can be restored with opam switch import "/home/opam/.opam/4.01.0/backup/state-20140807221245.export"
'opam install dlist' failed.
