++ opam install gapi-ocaml -e ubuntu
+ depext='libcurl4-gnutls-dev zlib1g-dev'
+ echo Ubuntu depexts: libcurl4-gnutls-dev zlib1g-dev
+ '[' 'libcurl4-gnutls-dev zlib1g-dev' '!=' '' ']'
+ sudo apt-get install -qq -y build-essential m4
Ubuntu depexts: libcurl4-gnutls-dev zlib1g-dev
+ sudo apt-get install -qq -y libcurl4-gnutls-dev zlib1g-dev
debconf: unable to initialize frontend: Dialog
debconf: (Dialog frontend will not work on a dumb terminal, an emacs shell buffer, or without a controlling terminal.)
debconf: falling back to frontend: Readline
debconf: unable to initialize frontend: Readline
debconf: (This frontend requires a controlling tty.)
debconf: falling back to frontend: Teletype
dpkg-preconfigure: unable to re-open stdin: 
(Reading database ... 20147 files and directories currently installed.)
Preparing to unpack .../libgcrypt11_1.5.3-2ubuntu4.1_amd64.deb ...
Unpacking libgcrypt11:amd64 (1.5.3-2ubuntu4.1) over (1.5.3-2ubuntu4) ...
Selecting previously unselected package libgssrpc4:amd64.
Preparing to unpack .../libgssrpc4_1.12+dfsg-2ubuntu4.2_amd64.deb ...
Unpacking libgssrpc4:amd64 (1.12+dfsg-2ubuntu4.2) ...
Selecting previously unselected package libkadm5clnt-mit9:amd64.
Preparing to unpack .../libkadm5clnt-mit9_1.12+dfsg-2ubuntu4.2_amd64.deb ...
Unpacking libkadm5clnt-mit9:amd64 (1.12+dfsg-2ubuntu4.2) ...
Selecting previously unselected package libkdb5-7:amd64.
Preparing to unpack .../libkdb5-7_1.12+dfsg-2ubuntu4.2_amd64.deb ...
Unpacking libkdb5-7:amd64 (1.12+dfsg-2ubuntu4.2) ...
Selecting previously unselected package libkadm5srv-mit9:amd64.
Preparing to unpack .../libkadm5srv-mit9_1.12+dfsg-2ubuntu4.2_amd64.deb ...
Unpacking libkadm5srv-mit9:amd64 (1.12+dfsg-2ubuntu4.2) ...
Selecting previously unselected package libgnutlsxx27:amd64.
Preparing to unpack .../libgnutlsxx27_2.12.23-12ubuntu2.1_amd64.deb ...
Unpacking libgnutlsxx27:amd64 (2.12.23-12ubuntu2.1) ...
Selecting previously unselected package comerr-dev.
Preparing to unpack .../comerr-dev_2.1-1.42.9-3ubuntu1_amd64.deb ...
Unpacking comerr-dev (2.1-1.42.9-3ubuntu1) ...
Selecting previously unselected package krb5-multidev.
Preparing to unpack .../krb5-multidev_1.12+dfsg-2ubuntu4.2_amd64.deb ...
Unpacking krb5-multidev (1.12+dfsg-2ubuntu4.2) ...
Selecting previously unselected package libgpg-error-dev.
Preparing to unpack .../libgpg-error-dev_1.12-0.2ubuntu1_amd64.deb ...
Unpacking libgpg-error-dev (1.12-0.2ubuntu1) ...
Selecting previously unselected package libgcrypt11-dev.
Preparing to unpack .../libgcrypt11-dev_1.5.3-2ubuntu4.1_amd64.deb ...
Unpacking libgcrypt11-dev (1.5.3-2ubuntu4.1) ...
Selecting previously unselected package zlib1g-dev:amd64.
Preparing to unpack .../zlib1g-dev_1%3a1.2.8.dfsg-1ubuntu1_amd64.deb ...
Unpacking zlib1g-dev:amd64 (1:1.2.8.dfsg-1ubuntu1) ...
Selecting previously unselected package libtasn1-6-dev.
Preparing to unpack .../libtasn1-6-dev_3.4-3ubuntu0.1_amd64.deb ...
Unpacking libtasn1-6-dev (3.4-3ubuntu0.1) ...
Selecting previously unselected package libp11-kit-dev.
Preparing to unpack .../libp11-kit-dev_0.20.2-2ubuntu2_amd64.deb ...
Unpacking libp11-kit-dev (0.20.2-2ubuntu2) ...
Selecting previously unselected package libgnutls-dev.
Preparing to unpack .../libgnutls-dev_2.12.23-12ubuntu2.1_amd64.deb ...
Unpacking libgnutls-dev (2.12.23-12ubuntu2.1) ...
Selecting previously unselected package libidn11-dev.
Preparing to unpack .../libidn11-dev_1.28-1ubuntu2_amd64.deb ...
Unpacking libidn11-dev (1.28-1ubuntu2) ...
Selecting previously unselected package libkrb5-dev.
Preparing to unpack .../libkrb5-dev_1.12+dfsg-2ubuntu4.2_amd64.deb ...
Unpacking libkrb5-dev (1.12+dfsg-2ubuntu4.2) ...
Selecting previously unselected package libldap2-dev:amd64.
Preparing to unpack .../libldap2-dev_2.4.31-1+nmu2ubuntu8_amd64.deb ...
Unpacking libldap2-dev:amd64 (2.4.31-1+nmu2ubuntu8) ...
Selecting previously unselected package librtmp-dev.
Preparing to unpack .../librtmp-dev_2.4+20121230.gitdf6c518-1_amd64.deb ...
Unpacking librtmp-dev (2.4+20121230.gitdf6c518-1) ...
Selecting previously unselected package libcurl4-gnutls-dev:amd64.
Preparing to unpack .../libcurl4-gnutls-dev_7.35.0-1ubuntu2_amd64.deb ...
Unpacking libcurl4-gnutls-dev:amd64 (7.35.0-1ubuntu2) ...
Setting up libgcrypt11:amd64 (1.5.3-2ubuntu4.1) ...
Setting up libgssrpc4:amd64 (1.12+dfsg-2ubuntu4.2) ...
Setting up libkadm5clnt-mit9:amd64 (1.12+dfsg-2ubuntu4.2) ...
Setting up libkdb5-7:amd64 (1.12+dfsg-2ubuntu4.2) ...
Setting up libkadm5srv-mit9:amd64 (1.12+dfsg-2ubuntu4.2) ...
Setting up libgnutlsxx27:amd64 (2.12.23-12ubuntu2.1) ...
Setting up comerr-dev (2.1-1.42.9-3ubuntu1) ...
Setting up krb5-multidev (1.12+dfsg-2ubuntu4.2) ...
Setting up libgpg-error-dev (1.12-0.2ubuntu1) ...
Setting up libgcrypt11-dev (1.5.3-2ubuntu4.1) ...
Setting up zlib1g-dev:amd64 (1:1.2.8.dfsg-1ubuntu1) ...
Setting up libtasn1-6-dev (3.4-3ubuntu0.1) ...
Setting up libp11-kit-dev (0.20.2-2ubuntu2) ...
Setting up libgnutls-dev (2.12.23-12ubuntu2.1) ...
Setting up libidn11-dev (1.28-1ubuntu2) ...
Setting up libkrb5-dev (1.12+dfsg-2ubuntu4.2) ...
Setting up libldap2-dev:amd64 (2.4.31-1+nmu2ubuntu8) ...
Setting up librtmp-dev (2.4+20121230.gitdf6c518-1) ...
Setting up libcurl4-gnutls-dev:amd64 (7.35.0-1ubuntu2) ...
Processing triggers for libc-bin (2.19-0ubuntu6.1) ...
++ opam install gapi-ocaml -e source,linux
+ srcext=
+ echo Ubuntu srcexts:
+ '[' '' '!=' '' ']'
+ opam install gapi-ocaml
Ubuntu srcexts:
The following actions will be performed:
 - install   cryptokit.1.9                         [required by gapi-ocaml]
 - install   cppo.0.9.4                            [required by yojson]
 - install   ocurl.0.7.1                           [required by gapi-ocaml]
 - install   camlp4.4.01.0                         [required by extlib-compat]
 - install   xmlm.1.2.0                            [required by gapi-ocaml]
 - install   easy-format.1.0.2                     [required by yojson]
 - install   ocamlnet.3.7.5                        [required by gapi-ocaml]
 - install   extlib-compat.1.6.1                   [required by gapi-ocaml]
 - install   biniou.1.0.9                          [required by yojson]
 - install   yojson.1.1.8                          [required by gapi-ocaml]
 - install   gapi-ocaml.0.2.4
=== 11 to install ===

=-=- Synchronizing package archives -=-=-=-=-=-=-=-=-=-=-=-=-=-=-=-=-=-=-=-=-=-=
[default] Synchronizing with /home/opam/opam-repository/archives/biniou.1.0.9+opam.tar.gz
[default] Synchronizing with /home/opam/opam-repository/archives/cppo.0.9.4+opam.tar.gz
[default] Synchronizing with /home/opam/opam-repository/archives/cryptokit.1.9+opam.tar.gz
sending incremental file list
sending incremental file list
biniou.1.0.9+opam.tar.gz
cppo.0.9.4+opam.tar.gz
sending incremental file list
cryptokit.1.9+opam.tar.gz



sent 24,345 bytes  received 35 bytes  48,760.00 bytes/sec
total size is 24,212  speedup is 0.99
sent 21,321 bytes  received 35 bytes  42,712.00 bytes/sec
total size is 21,190  speedup is 0.99
sent 142,919 bytes  received 35 bytes  285,908.00 bytes/sec
total size is 142,757  speedup is 1.00
[default] Synchronizing with /home/opam/opam-repository/archives/easy-format.1.0.2+opam.tar.gz
[default] Synchronizing with /home/opam/opam-repository/archives/extlib-compat.1.6.1+opam.tar.gz
[default] Synchronizing with /home/opam/opam-repository/archives/gapi-ocaml.0.2.4+opam.tar.gz
sending incremental file list
extlib-compat.1.6.1+opam.tar.gz
sending incremental file list
sending incremental file list
easy-format.1.0.2+opam.tar.gz
gapi-ocaml.0.2.4+opam.tar.gz

sent 73,151 bytes  received 35 bytes  146,372.00 bytes/sec
total size is 72,999  speedup is 1.00

sent 13,718 bytes  received 35 bytes  27,506.00 bytes/sec
total size is 13,580  speedup is 0.99

sent 441,258 bytes  received 35 bytes  882,586.00 bytes/sec
total size is 441,021  speedup is 1.00
[default] Synchronizing with /home/opam/opam-repository/archives/ocamlnet.3.7.5+opam.tar.gz
[default] Synchronizing with /home/opam/opam-repository/archives/ocurl.0.7.1+opam.tar.gz
sending incremental file list
[default] Synchronizing with /home/opam/opam-repository/archives/xmlm.1.2.0+opam.tar.gz
ocamlnet.3.7.5+opam.tar.gz
sending incremental file list
xmlm.1.2.0+opam.tar.gz
sending incremental file list
ocurl.0.7.1+opam.tar.gz

sent 51,864 bytes  received 35 bytes  103,798.00 bytes/sec
total size is 51,729  speedup is 1.00

sent 3,417,752 bytes  received 35 bytes  6,835,574.00 bytes/sec
total size is 3,416,789  speedup is 1.00

sent 108,725 bytes  received 35 bytes  217,520.00 bytes/sec
total size is 108,573  speedup is 1.00
[default] Synchronizing with /home/opam/opam-repository/archives/yojson.1.1.8+opam.tar.gz
sending incremental file list
yojson.1.1.8+opam.tar.gz

sent 24,884 bytes  received 35 bytes  49,838.00 bytes/sec
total size is 24,751  speedup is 0.99

=-=- Installing packages =-=-=-=-=-=-=-=-=-=-=-=-=-=-=-=-=-=-=-=-=-=-=-=-=-=-=-=
Installing camlp4.4.01.0.
Building cppo.0.9.4:
  make
  make install-lib
echo 'let cppo_version = "0.9.4"' > cppo_version.ml
ocamlyacc cppo_parser.mly
ocamllex cppo_lexer.mll
354 states, 13186 transitions, table size 54868 bytes
3462 additional bytes used for bindings
ocamlopt -o cppo -dtypes unix.cmxa cppo_version.ml cppo_types.ml cppo_parser.mli cppo_parser.ml cppo_lexer.ml cppo_command.ml cppo_eval.ml cppo_main.ml
cd ocamlbuild_plugin && ocamlbuild -use-ocamlfind ocamlbuild_cppo.cma ocamlbuild_cppo.cmxa ocamlbuild_cppo.a ocamlbuild_cppo.cmxs
ocamlfind ocamldep -package ocamlbuild -modules ocamlbuild_cppo.mli > ocamlbuild_cppo.mli.depends
ocamlfind ocamlc -c -package ocamlbuild -o ocamlbuild_cppo.cmi ocamlbuild_cppo.mli
ocamlfind ocamldep -package ocamlbuild -modules ocamlbuild_cppo.ml > ocamlbuild_cppo.ml.depends
ocamlfind ocamlc -c -package ocamlbuild -o ocamlbuild_cppo.cmo ocamlbuild_cppo.ml
ocamlfind ocamlc -a -package ocamlbuild ocamlbuild_cppo.cmo -o ocamlbuild_cppo.cma
ocamlfind ocamlopt -c -package ocamlbuild -o ocamlbuild_cppo.cmx ocamlbuild_cppo.ml
ocamlfind ocamlopt -a -package ocamlbuild ocamlbuild_cppo.cmx -o ocamlbuild_cppo.cmxa
ocamlfind ocamlopt -shared -package ocamlbuild ocamlbuild_cppo.cmx -o ocamlbuild_cppo.cmxs
ocamlfind install -patch-version 0.9.4 "cppo_ocamlbuild" \
		META ocamlbuild_plugin/_build/ocamlbuild_cppo.cmi ocamlbuild_plugin/_build/ocamlbuild_cppo.cma ocamlbuild_plugin/_build/ocamlbuild_cppo.cmxa ocamlbuild_plugin/_build/ocamlbuild_cppo.a ocamlbuild_plugin/_build/ocamlbuild_cppo.cmxs
Installed /home/opam/.opam/4.01.0/lib/cppo_ocamlbuild/ocamlbuild_cppo.cmxs
Installed /home/opam/.opam/4.01.0/lib/cppo_ocamlbuild/ocamlbuild_cppo.a
Installed /home/opam/.opam/4.01.0/lib/cppo_ocamlbuild/ocamlbuild_cppo.cmxa
Installed /home/opam/.opam/4.01.0/lib/cppo_ocamlbuild/ocamlbuild_cppo.cma
Installed /home/opam/.opam/4.01.0/lib/cppo_ocamlbuild/ocamlbuild_cppo.cmi
Installed /home/opam/.opam/4.01.0/lib/cppo_ocamlbuild/META
Installing cppo.0.9.4.
Building cryptokit.1.9:
  make
  make install
ocaml setup.ml -configure 

Configuration: 
ocamlfind: ........................................... /home/opam/.opam/4.01.0/bin/ocamlfind
ocamlc: .............................................. /home/opam/.opam/4.01.0/bin/ocamlc.opt
ocamlopt: ............................................ /home/opam/.opam/4.01.0/bin/ocamlopt.opt
ocamlbuild: .......................................... /home/opam/.opam/4.01.0/bin/ocamlbuild
Package name: ........................................ cryptokit
Package version: ..................................... 1.9
os_type: ............................................. Unix
system: .............................................. linux
architecture: ........................................ amd64
ccomp_type: .......................................... cc
ocaml_version: ....................................... 4.01.0
standard_library_default: ............................ /home/opam/.opam/4.01.0/lib/ocaml
standard_library: .................................... /home/opam/.opam/4.01.0/lib/ocaml
standard_runtime: .................................... /home/opam/.opam/4.01.0/bin/ocamlrun
bytecomp_c_compiler: ................................. gcc -fno-defer-pop -Wall -D_FILE_OFFSET_BITS=64 -D_REENTRANT -fPIC
native_c_compiler: ................................... gcc -Wall -D_FILE_OFFSET_BITS=64 -D_REENTRANT
model: ............................................... default
ext_obj: ............................................. .o
ext_asm: ............................................. .s
ext_lib: ............................................. .a
ext_dll: ............................................. .so
default_executable_name: ............................. a.out
systhread_supported: ................................. true
Install architecture-independent files dir: .......... /usr/local
Install architecture-dependent files in dir: ......... $prefix
User executables: .................................... $exec_prefix/bin
System admin executables: ............................ $exec_prefix/sbin
Program executables: ................................. $exec_prefix/libexec
Read-only single-machine data: ....................... $prefix/etc
Modifiable architecture-independent data: ............ $prefix/com
Modifiable single-machine data: ...................... $prefix/var
Object code libraries: ............................... $exec_prefix/lib
Read-only arch-independent data root: ................ $prefix/share
Read-only architecture-independent data: ............. $datarootdir
Info documentation: .................................. $datarootdir/info
Locale-dependent data: ............................... $datarootdir/locale
Man documentation: ................................... $datarootdir/man
Documentation root: .................................. $datarootdir/doc/$pkg_name
HTML documentation: .................................. $docdir
DVI documentation: ................................... $docdir
PDF documentation: ................................... $docdir
PS documentation: .................................... $docdir
findlib_version: ..................................... 1.5.2
is_native: ........................................... true
suffix_program: ...................................... 
Remove a file.: ...................................... rm -f
Remove a directory.: ................................. rm -rf
Turn ocaml debug flag on: ............................ true
Turn ocaml profile flag on: .......................... false
Compiler support generation of .cmxs.: ............... true
OCamlbuild additional flags: ......................... 
Define include path for zlib.: ....................... 
Define library path for zlib.: ....................... 
Enable ZLib: ......................................... true
Build and run benchmark: ............................. false
Create documentations: ............................... true
Compile tests executable and library and run them: ... false
ocamldoc: ............................................ /home/opam/.opam/4.01.0/bin/ocamldoc
pkg_unix: ............................................ /home/opam/.opam/4.01.0/lib/ocaml
pkg_num: ............................................. /home/opam/.opam/4.01.0/lib/num

ocaml setup.ml -build -classic-display
/home/opam/.opam/4.01.0/bin/ocamlopt.opt unix.cmxa -I /home/opam/.opam/4.01.0/lib/ocaml/ocamlbuild /home/opam/.opam/4.01.0/lib/ocaml/ocamlbuild/ocamlbuildlib.cmxa myocamlbuild.ml /home/opam/.opam/4.01.0/lib/ocaml/ocamlbuild/ocamlbuild.cmx -o myocamlbuild
ocamlfind ocamlc -ccopt -O -ccopt -DHAVE_ZLIB -c src/arcfour.c
mv arcfour.o src/arcfour.o
ocamlfind ocamlc -ccopt -O -ccopt -DHAVE_ZLIB -c src/stubs-arcfour.c
mv stubs-arcfour.o src/stubs-arcfour.o
ocamlfind ocamlc -ccopt -O -ccopt -DHAVE_ZLIB -c src/blowfish.c
mv blowfish.o src/blowfish.o
ocamlfind ocamlc -ccopt -O -ccopt -DHAVE_ZLIB -c src/stubs-blowfish.c
mv stubs-blowfish.o src/stubs-blowfish.o
ocamlfind ocamlc -ccopt -O -ccopt -DHAVE_ZLIB -c src/d3des.c
mv d3des.o src/d3des.o
ocamlfind ocamlc -ccopt -O -ccopt -DHAVE_ZLIB -c src/stubs-des.c
mv stubs-des.o src/stubs-des.o
ocamlfind ocamlc -ccopt -O -ccopt -DHAVE_ZLIB -c src/rijndael-alg-fst.c
mv rijndael-alg-fst.o src/rijndael-alg-fst.o
ocamlfind ocamlc -ccopt -O -ccopt -DHAVE_ZLIB -c src/ripemd160.c
mv ripemd160.o src/ripemd160.o
ocamlfind ocamlc -ccopt -O -ccopt -DHAVE_ZLIB -c src/stubs-ripemd160.c
mv stubs-ripemd160.o src/stubs-ripemd160.o
ocamlfind ocamlc -ccopt -O -ccopt -DHAVE_ZLIB -c src/sha1.c
mv sha1.o src/sha1.o
ocamlfind ocamlc -ccopt -O -ccopt -DHAVE_ZLIB -c src/stubs-sha1.c
mv stubs-sha1.o src/stubs-sha1.o
ocamlfind ocamlc -ccopt -O -ccopt -DHAVE_ZLIB -c src/sha256.c
mv sha256.o src/sha256.o
ocamlfind ocamlc -ccopt -O -ccopt -DHAVE_ZLIB -c src/stubs-sha256.c
mv stubs-sha256.o src/stubs-sha256.o
ocamlfind ocamlc -ccopt -O -ccopt -DHAVE_ZLIB -c src/stubs-aes.c
mv stubs-aes.o src/stubs-aes.o
ocamlfind ocamlc -ccopt -O -ccopt -DHAVE_ZLIB -c src/stubs-md5.c
mv stubs-md5.o src/stubs-md5.o
ocamlfind ocamlc -ccopt -O -ccopt -DHAVE_ZLIB -c src/stubs-misc.c
mv stubs-misc.o src/stubs-misc.o
ocamlfind ocamlc -ccopt -O -ccopt -DHAVE_ZLIB -c src/stubs-rng.c
mv stubs-rng.o src/stubs-rng.o
ocamlfind ocamlc -ccopt -O -ccopt -DHAVE_ZLIB -c src/stubs-zlib.c
+ ocamlfind ocamlc -ccopt -O -ccopt -DHAVE_ZLIB -c src/stubs-zlib.c
src/stubs-zlib.c: In function 'caml_zlib_deflate':
src/stubs-zlib.c:98:15: warning: pointer targets in assignment differ in signedness [-Wpointer-sign]
   zs->next_in = &Byte(srcbuf, Long_val(srcpos));
               ^
src/stubs-zlib.c:100:16: warning: pointer targets in assignment differ in signedness [-Wpointer-sign]
   zs->next_out = &Byte(dstbuf, Long_val(dstpos));
                ^
src/stubs-zlib.c: In function 'caml_zlib_inflate':
src/stubs-zlib.c:143:15: warning: pointer targets in assignment differ in signedness [-Wpointer-sign]
   zs->next_in = &Byte(srcbuf, Long_val(srcpos));
               ^
src/stubs-zlib.c:145:16: warning: pointer targets in assignment differ in signedness [-Wpointer-sign]
   zs->next_out = &Byte(dstbuf, Long_val(dstpos));
                ^
mv stubs-zlib.o src/stubs-zlib.o
ocamlfind ocamlc -ccopt -O -ccopt -DHAVE_ZLIB -c src/keccak.c
mv keccak.o src/keccak.o
ocamlfind ocamlc -ccopt -O -ccopt -DHAVE_ZLIB -c src/stubs-sha3.c
mv stubs-sha3.o src/stubs-sha3.o
/home/opam/.opam/4.01.0/bin/ocamlmklib -o src/cryptokit_stubs -lz src/arcfour.o src/stubs-arcfour.o src/blowfish.o src/stubs-blowfish.o src/d3des.o src/stubs-des.o src/rijndael-alg-fst.o src/ripemd160.o src/stubs-ripemd160.o src/sha1.o src/stubs-sha1.o src/sha256.o src/stubs-sha256.o src/stubs-aes.o src/stubs-md5.o src/stubs-misc.o src/stubs-rng.o src/stubs-zlib.o src/keccak.o src/stubs-sha3.o
ocamlfind ocamldep -package num -package unix -modules src/cryptokit.mli > src/cryptokit.mli.depends
ocamlfind ocamlc -c -g -ccopt -O -ccopt -DHAVE_ZLIB -package num -package unix -I src -o src/cryptokit.cmi src/cryptokit.mli
ocamlfind ocamldep -package num -package unix -modules src/cryptokit.ml > src/cryptokit.ml.depends
ocamlfind ocamlc -c -g -ccopt -O -ccopt -DHAVE_ZLIB -package num -package unix -I src -o src/cryptokit.cmo src/cryptokit.ml
+ ocamlfind ocamlc -c -g -ccopt -O -ccopt -DHAVE_ZLIB -package num -package unix -I src -o src/cryptokit.cmo src/cryptokit.ml
File "src/cryptokit.ml", line 1930, characters 19-21:
Warning 3: deprecated feature: operator (or); you should use (||) instead
ocamlfind ocamlc -a -dllib -lcryptokit_stubs -cclib -lcryptokit_stubs -cclib -lz src/cryptokit.cmo -o src/cryptokit.cma
ocamlfind ocamlopt -c -g -ccopt -O -ccopt -DHAVE_ZLIB -package num -package unix -I src -o src/cryptokit.cmx src/cryptokit.ml
+ ocamlfind ocamlopt -c -g -ccopt -O -ccopt -DHAVE_ZLIB -package num -package unix -I src -o src/cryptokit.cmx src/cryptokit.ml
File "src/cryptokit.ml", line 1930, characters 19-21:
Warning 3: deprecated feature: operator (or); you should use (||) instead
ocamlfind ocamlopt -a -cclib -lcryptokit_stubs -cclib -lz src/cryptokit.cmx -o src/cryptokit.cmxa
ocamlfind ocamlopt -shared -cclib -lcryptokit_stubs -I src src/cryptokit.cmx -o src/cryptokit.cmxs
ocaml setup.ml -install 
Installed /home/opam/.opam/4.01.0/lib/cryptokit/cryptokit.mli
Installed /home/opam/.opam/4.01.0/lib/cryptokit/libcryptokit_stubs.a
Installed /home/opam/.opam/4.01.0/lib/cryptokit/cryptokit.cma
Installed /home/opam/.opam/4.01.0/lib/cryptokit/cryptokit.cmxa
Installed /home/opam/.opam/4.01.0/lib/cryptokit/cryptokit.a
Installed /home/opam/.opam/4.01.0/lib/cryptokit/cryptokit.cmxs
Installed /home/opam/.opam/4.01.0/lib/cryptokit/cryptokit.cmi
Installed /home/opam/.opam/4.01.0/lib/cryptokit/cryptokit.cmx
Installed /home/opam/.opam/4.01.0/lib/cryptokit/META
Installed /home/opam/.opam/4.01.0/lib/stublibs/dllcryptokit_stubs.so
Installed /home/opam/.opam/4.01.0/lib/stublibs/dllcryptokit_stubs.so.owner
ocamlfind: [WARNING] You have installed DLLs but the directory /home/opam/.opam/4.01.0/lib/stublibs is not mentioned in ld.conf
Installing cryptokit.1.9.
Building easy-format.1.0.2:
  make
  make install
ocamlc -c easy_format.mli
ocamlc -c -dtypes easy_format.ml
touch bytecode
ocamlc -c easy_format.mli
ocamlopt -c -dtypes easy_format.ml
ocamlopt -I . -shared -linkall -o easy_format.cmxs easy_format.cmx
touch nativecode
echo "version = \"1.0.2\"" > META; cat META.tpl >> META
INSTALL_FILES="META easy_format.cmi easy_format.mli"; \
		if test -f bytecode; then \
		  INSTALL_FILES="$INSTALL_FILES easy_format.cmo"; \
		fi; \
		if test -f nativecode; then \
		  INSTALL_FILES="$INSTALL_FILES easy_format.cmx easy_format.o easy_format.cmxs"; \
		fi; \
		ocamlfind install easy-format $INSTALL_FILES
Installed /home/opam/.opam/4.01.0/lib/easy-format/easy_format.cmxs
Installed /home/opam/.opam/4.01.0/lib/easy-format/easy_format.o
Installed /home/opam/.opam/4.01.0/lib/easy-format/easy_format.cmx
Installed /home/opam/.opam/4.01.0/lib/easy-format/easy_format.cmo
Installed /home/opam/.opam/4.01.0/lib/easy-format/easy_format.mli
Installed /home/opam/.opam/4.01.0/lib/easy-format/easy_format.cmi
Installed /home/opam/.opam/4.01.0/lib/easy-format/META
Installing easy-format.1.0.2.
Building ocurl.0.7.1:
  ./configure
  make
  make install
checking for gcc... gcc
checking whether the C compiler works... yes
checking for C compiler default output file name... a.out
checking for suffix of executables... 
checking whether we are cross compiling... no
checking for suffix of object files... o
checking whether we are using the GNU C compiler... yes
checking whether gcc accepts -g... yes
checking for gcc option to accept ISO C89... none needed
checking for libcurl cflags...  
checking for libcurl libs... -lcurl  
checking for a BSD-compatible install... /usr/bin/install -c
checking for ocamlc... ocamlc
OCaml version is 4.01.0
OCaml library path is /home/opam/.opam/4.01.0/lib/ocaml
checking for ocamlopt... ocamlopt
checking for ocamlc.opt... ocamlc.opt
checking for ocamlopt.opt... ocamlopt.opt
checking for ocaml... ocaml
checking for ocamldep... ocamldep
checking for ocamlmktop... ocamlmktop
checking for ocamlmklib... ocamlmklib
checking for ocamldoc... ocamldoc
checking for ocamlbuild... ocamlbuild
checking for ocamlfind... ocamlfind
checking for OCaml findlib package lwt... not found
checking for prefix by checking for ocamlc... /home/opam/.opam/4.01.0/bin/ocamlc
checking how to run the C preprocessor... gcc -E
checking for grep that handles long lines and -e... /bin/grep
checking for egrep... /bin/grep -E
checking for ANSI C header files... yes
checking for sys/types.h... yes
checking for sys/stat.h... yes
checking for stdlib.h... yes
checking for string.h... yes
checking for memory.h... yes
checking for strings.h... yes
checking for inttypes.h... yes
checking for stdint.h... yes
checking for unistd.h... yes
checking curl/curl.h usability... yes
checking curl/curl.h presence... yes
checking for curl/curl.h... yes
checking whether CURLOPT_FILE is declared... yes
checking whether CURLOPT_URL is declared... yes
checking whether CURLOPT_PORT is declared... yes
checking whether CURLOPT_PROXY is declared... yes
checking whether CURLOPT_USERPWD is declared... yes
checking whether CURLOPT_PROXYUSERPWD is declared... yes
checking whether CURLOPT_RANGE is declared... yes
checking whether CURLOPT_INFILE is declared... yes
checking whether CURLOPT_ERRORBUFFER is declared... yes
checking whether CURLOPT_WRITEFUNCTION is declared... yes
checking whether CURLOPT_READFUNCTION is declared... yes
checking whether CURLOPT_TIMEOUT is declared... yes
checking whether CURLOPT_INFILESIZE is declared... yes
checking whether CURLOPT_POSTFIELDS is declared... yes
checking whether CURLOPT_REFERER is declared... yes
checking whether CURLOPT_FTPPORT is declared... yes
checking whether CURLOPT_USERAGENT is declared... yes
checking whether CURLOPT_LOW_SPEED_LIMIT is declared... yes
checking whether CURLOPT_LOW_SPEED_TIME is declared... yes
checking whether CURLOPT_RESUME_FROM is declared... yes
checking whether CURLOPT_COOKIE is declared... yes
checking whether CURLOPT_HTTPHEADER is declared... yes
checking whether CURLOPT_HTTPPOST is declared... yes
checking whether CURLOPT_SSLCERT is declared... yes
checking whether CURLOPT_SSLCERTPASSWD is declared... yes
checking whether CURLOPT_SSLKEYPASSWD is declared... yes
checking whether CURLOPT_CRLF is declared... yes
checking whether CURLOPT_QUOTE is declared... yes
checking whether CURLOPT_WRITEHEADER is declared... yes
checking whether CURLOPT_COOKIEFILE is declared... yes
checking whether CURLOPT_SSLVERSION is declared... yes
checking whether CURLOPT_TIMECONDITION is declared... yes
checking whether CURLOPT_TIMEVALUE is declared... yes
checking whether CURLOPT_CUSTOMREQUEST is declared... yes
checking whether CURLOPT_STDERR is declared... yes
checking whether CURLOPT_POSTQUOTE is declared... yes
checking whether CURLOPT_WRITEINFO is declared... yes
checking whether CURLOPT_VERBOSE is declared... yes
checking whether CURLOPT_HEADER is declared... yes
checking whether CURLOPT_NOPROGRESS is declared... yes
checking whether CURLOPT_NOBODY is declared... yes
checking whether CURLOPT_FAILONERROR is declared... yes
checking whether CURLOPT_UPLOAD is declared... yes
checking whether CURLOPT_POST is declared... yes
checking whether CURLOPT_FTPLISTONLY is declared... yes
checking whether CURLOPT_FTPAPPEND is declared... yes
checking whether CURLOPT_NETRC is declared... yes
checking whether CURLOPT_FOLLOWLOCATION is declared... yes
checking whether CURLOPT_TRANSFERTEXT is declared... yes
checking whether CURLOPT_PUT is declared... yes
checking whether CURLOPT_PROGRESSFUNCTION is declared... yes
checking whether CURLOPT_PROGRESSDATA is declared... yes
checking whether CURLOPT_AUTOREFERER is declared... yes
checking whether CURLOPT_PROXYPORT is declared... yes
checking whether CURLOPT_POSTFIELDSIZE is declared... yes
checking whether CURLOPT_HTTPPROXYTUNNEL is declared... yes
checking whether CURLOPT_INTERFACE is declared... yes
checking whether CURLOPT_KRB4LEVEL is declared... yes
checking whether CURLOPT_SSL_VERIFYPEER is declared... yes
checking whether CURLOPT_CAINFO is declared... yes
checking whether CURLOPT_MAXREDIRS is declared... yes
checking whether CURLOPT_FILETIME is declared... yes
checking whether CURLOPT_TELNETOPTIONS is declared... yes
checking whether CURLOPT_MAXCONNECTS is declared... yes
checking whether CURLOPT_CLOSEPOLICY is declared... yes
checking whether CURLOPT_FRESH_CONNECT is declared... yes
checking whether CURLOPT_FORBID_REUSE is declared... yes
checking whether CURLOPT_RANDOM_FILE is declared... yes
checking whether CURLOPT_EGDSOCKET is declared... yes
checking whether CURLOPT_CONNECTTIMEOUT is declared... yes
checking whether CURLOPT_HEADERFUNCTION is declared... yes
checking whether CURLOPT_HTTPGET is declared... yes
checking whether CURLOPT_SSL_VERIFYHOST is declared... yes
checking whether CURLOPT_COOKIEJAR is declared... yes
checking whether CURLOPT_SSL_CIPHER_LIST is declared... yes
checking whether CURLOPT_HTTP_VERSION is declared... yes
checking whether CURLOPT_FTP_USE_EPSV is declared... yes
checking whether CURLOPT_SSLCERTTYPE is declared... yes
checking whether CURLOPT_SSLKEY is declared... yes
checking whether CURLOPT_SSLKEYTYPE is declared... yes
checking whether CURLOPT_SSLENGINE is declared... yes
checking whether CURLOPT_SSLENGINE_DEFAULT is declared... yes
checking whether CURLOPT_DNS_USE_GLOBAL_CACHE is declared... yes
checking whether CURLOPT_DNS_CACHE_TIMEOUT is declared... yes
checking whether CURLOPT_PREQUOTE is declared... yes
checking whether CURLOPT_DEBUGFUNCTION is declared... yes
checking whether CURLOPT_DEBUGDATA is declared... yes
checking whether CURLOPT_COOKIESESSION is declared... yes
checking whether CURLOPT_CAPATH is declared... yes
checking whether CURLOPT_BUFFERSIZE is declared... yes
checking whether CURLOPT_NOSIGNAL is declared... yes
checking whether CURLOPT_SHARE is declared... yes
checking whether CURLOPT_PROXYTYPE is declared... yes
checking whether CURLOPT_ENCODING is declared... yes
checking whether CURLOPT_PRIVATE is declared... yes
checking whether CURLOPT_HTTP200ALIASES is declared... yes
checking whether CURLOPT_UNRESTRICTED_AUTH is declared... yes
checking whether CURLOPT_FTP_USE_EPRT is declared... yes
checking whether CURLOPT_HTTPAUTH is declared... yes
checking whether CURLOPT_FTP_CREATE_MISSING_DIRS is declared... yes
checking whether CURLOPT_PROXYAUTH is declared... yes
checking whether CURLOPT_FTP_RESPONSE_TIMEOUT is declared... yes
checking whether CURLOPT_IPRESOLVE is declared... yes
checking whether CURLOPT_MAXFILESIZE is declared... yes
checking whether CURLOPT_INFILESIZE_LARGE is declared... yes
checking whether CURLOPT_RESUME_FROM_LARGE is declared... yes
checking whether CURLOPT_MAXFILESIZE_LARGE is declared... yes
checking whether CURLOPT_NETRC_FILE is declared... yes
checking whether CURLOPT_FTP_SSL is declared... yes
checking whether CURLOPT_POSTFIELDSIZE_LARGE is declared... yes
checking whether CURLOPT_TCP_NODELAY is declared... yes
checking whether CURLOPT_FTPSSLAUTH is declared... yes
checking whether CURLOPT_IOCTLFUNCTION is declared... yes
checking whether CURLOPT_FTP_ACCOUNT is declared... yes
checking whether CURLOPT_COOKIELIST is declared... yes
checking whether CURLOPT_IGNORE_CONTENT_LENGTH is declared... yes
checking whether CURLOPT_FTP_SKIP_PASV_IP is declared... yes
checking whether CURLOPT_FTP_FILEMETHOD is declared... yes
checking whether CURLOPT_LOCALPORT is declared... yes
checking whether CURLOPT_LOCALPORTRANGE is declared... yes
checking whether CURLOPT_CONNECT_ONLY is declared... yes
checking whether CURLOPT_MAX_SEND_SPEED_LARGE is declared... yes
checking whether CURLOPT_MAX_RECV_SPEED_LARGE is declared... yes
checking whether CURLOPT_FTP_ALTERNATIVE_TO_USER is declared... yes
checking whether CURLOPT_SSL_SESSIONID_CACHE is declared... yes
checking whether CURLOPT_SSH_AUTH_TYPES is declared... yes
checking whether CURLOPT_SSH_PUBLIC_KEYFILE is declared... yes
checking whether CURLOPT_SSH_PRIVATE_KEYFILE is declared... yes
checking whether CURLOPT_FTP_SSL_CCC is declared... yes
checking whether CURLOPT_TIMEOUT_MS is declared... yes
checking whether CURLOPT_CONNECTTIMEOUT_MS is declared... yes
checking whether CURLOPT_HTTP_TRANSFER_DECODING is declared... yes
checking whether CURLOPT_HTTP_CONTENT_DECODING is declared... yes
checking whether CURLOPT_NEW_FILE_PERMS is declared... yes
checking whether CURLOPT_NEW_DIRECTORY_PERMS is declared... yes
checking whether CURLOPT_POST301 is declared... yes
checking whether CURLOPT_SSH_HOST_PUBLIC_KEY_MD5 is declared... yes
checking whether CURLOPT_COPYPOSTFIELDS is declared... yes
checking whether CURLOPT_PROXY_TRANSFER_MODE is declared... yes
checking whether CURLOPT_SEEKFUNCTION is declared... yes
checking whether CURLOPT_OPENSOCKETFUNCTION is declared... yes
checking whether CURLOPT_PROTOCOLS is declared... yes
checking whether CURLOPT_REDIR_PROTOCOLS is declared... yes
checking whether CURLOPT_RESOLVE is declared... yes
checking whether CURLOPT_DNS_SERVERS is declared... yes
checking whether CURLINFO_EFFECTIVE_URL is declared... yes
checking whether CURLINFO_RESPONSE_CODE is declared... yes
checking whether CURLINFO_TOTAL_TIME is declared... yes
checking whether CURLINFO_NAMELOOKUP_TIME is declared... yes
checking whether CURLINFO_CONNECT_TIME is declared... yes
checking whether CURLINFO_PRETRANSFER_TIME is declared... yes
checking whether CURLINFO_SIZE_UPLOAD is declared... yes
checking whether CURLINFO_SIZE_DOWNLOAD is declared... yes
checking whether CURLINFO_SPEED_DOWNLOAD is declared... yes
checking whether CURLINFO_SPEED_UPLOAD is declared... yes
checking whether CURLINFO_HEADER_SIZE is declared... yes
checking whether CURLINFO_REQUEST_SIZE is declared... yes
checking whether CURLINFO_SSL_VERIFYRESULT is declared... yes
checking whether CURLINFO_FILETIME is declared... yes
checking whether CURLINFO_CONTENT_LENGTH_DOWNLOAD is declared... yes
checking whether CURLINFO_CONTENT_LENGTH_UPLOAD is declared... yes
checking whether CURLINFO_STARTTRANSFER_TIME is declared... yes
checking whether CURLINFO_CONTENT_TYPE is declared... yes
checking whether CURLINFO_REDIRECT_TIME is declared... yes
checking whether CURLINFO_REDIRECT_COUNT is declared... yes
checking whether CURLINFO_PRIVATE is declared... yes
checking whether CURLINFO_HTTP_CONNECTCODE is declared... yes
checking whether CURLINFO_HTTPAUTH_AVAIL is declared... yes
checking whether CURLINFO_PROXYAUTH_AVAIL is declared... yes
checking whether CURLINFO_OS_ERRNO is declared... yes
checking whether CURLINFO_NUM_CONNECTS is declared... yes
checking whether CURLINFO_SSL_ENGINES is declared... yes
checking whether CURLINFO_COOKIELIST is declared... yes
checking whether CURLINFO_LASTSOCKET is declared... yes
checking whether CURLINFO_FTP_ENTRY_PATH is declared... yes
checking whether CURLINFO_REDIRECT_URL is declared... yes
checking whether CURLINFO_PRIMARY_IP is declared... yes
checking whether CURLINFO_LOCAL_IP is declared... yes
checking whether CURLINFO_LOCAL_PORT is declared... yes
checking whether CURLINFO_CONDITION_UNMET is declared... yes
checking whether CURLE_UNSUPPORTED_PROTOCOL is declared... yes
checking whether CURLE_FAILED_INIT is declared... yes
checking whether CURLE_URL_MALFORMAT is declared... yes
checking whether CURLE_URL_MALFORMAT_USER is declared... yes
checking whether CURLE_COULDNT_RESOLVE_PROXY is declared... yes
checking whether CURLE_COULDNT_RESOLVE_HOST is declared... yes
checking whether CURLE_COULDNT_CONNECT is declared... yes
checking whether CURLE_FTP_WEIRD_SERVER_REPLY is declared... yes
checking whether CURLE_FTP_ACCESS_DENIED is declared... yes
checking whether CURLE_FTP_USER_PASSWORD_INCORRECT is declared... yes
checking whether CURLE_FTP_WEIRD_PASS_REPLY is declared... yes
checking whether CURLE_FTP_WEIRD_USER_REPLY is declared... yes
checking whether CURLE_FTP_WEIRD_PASV_REPLY is declared... yes
checking whether CURLE_FTP_WEIRD_227_FORMAT is declared... yes
checking whether CURLE_FTP_CANT_GET_HOST is declared... yes
checking whether CURLE_FTP_CANT_RECONNECT is declared... yes
checking whether CURLE_FTP_COULDNT_SET_BINARY is declared... yes
checking whether CURLE_PARTIAL_FILE is declared... yes
checking whether CURLE_FTP_COULDNT_RETR_FILE is declared... yes
checking whether CURLE_FTP_WRITE_ERROR is declared... yes
checking whether CURLE_FTP_QUOTE_ERROR is declared... yes
checking whether CURLE_HTTP_RETURNED_ERROR is declared... yes
checking whether CURLE_WRITE_ERROR is declared... yes
checking whether CURLE_MALFORMAT_USER is declared... yes
checking whether CURLE_FTP_COULDNT_STOR_FILE is declared... yes
checking whether CURLE_READ_ERROR is declared... yes
checking whether CURLE_OUT_OF_MEMORY is declared... yes
checking whether CURLE_OPERATION_TIMEOUTED is declared... yes
checking whether CURLE_FTP_COULDNT_SET_ASCII is declared... yes
checking whether CURLE_FTP_PORT_FAILED is declared... yes
checking whether CURLE_FTP_COULDNT_USE_REST is declared... 