++ opam install lame -e ubuntu
+ depext=libmp3lame-dev
Ubuntu depexts: libmp3lame-dev
+ echo Ubuntu depexts: libmp3lame-dev
+ '[' libmp3lame-dev '!=' '' ']'
+ sudo apt-get install -qq -y build-essential m4
+ sudo apt-get install -qq -y libmp3lame-dev
debconf: unable to initialize frontend: Dialog
debconf: (Dialog frontend will not work on a dumb terminal, an emacs shell buffer, or without a controlling terminal.)
debconf: falling back to frontend: Readline
debconf: unable to initialize frontend: Readline
debconf: (This frontend requires a controlling tty.)
debconf: falling back to frontend: Teletype
dpkg-preconfigure: unable to re-open stdin: 
Selecting previously unselected package libmp3lame0:amd64.
(Reading database ... 20147 files and directories currently installed.)
Preparing to unpack .../libmp3lame0_3.99.5+repack1-3ubuntu1_amd64.deb ...
Unpacking libmp3lame0:amd64 (3.99.5+repack1-3ubuntu1) ...
Selecting previously unselected package libmp3lame-dev:amd64.
Preparing to unpack .../libmp3lame-dev_3.99.5+repack1-3ubuntu1_amd64.deb ...
Unpacking libmp3lame-dev:amd64 (3.99.5+repack1-3ubuntu1) ...
Setting up libmp3lame0:amd64 (3.99.5+repack1-3ubuntu1) ...
Setting up libmp3lame-dev:amd64 (3.99.5+repack1-3ubuntu1) ...
Processing triggers for libc-bin (2.19-0ubuntu6.1) ...
++ opam install lame -e source,linux
+ srcext=
+ echo Ubuntu srcexts:
+ '[' '' '!=' '' ']'
+ opam install lame
Ubuntu srcexts:
The following actions will be performed:
 - install   lame.0.3.1
=== 1 to install ===

=-=- Synchronizing package archives -=-=-=-=-=-=-=-=-=-=-=-=-=-=-=-=-=-=-=-=-=-=
[default] Synchronizing with /home/opam/opam-repository/archives/lame.0.3.1+opam.tar.gz
sending incremental file list
lame.0.3.1+opam.tar.gz

sent 138,341 bytes  received 35 bytes  276,752.00 bytes/sec
total size is 138,182  speedup is 1.00

=-=- Installing packages =-=-=-=-=-=-=-=-=-=-=-=-=-=-=-=-=-=-=-=-=-=-=-=-=-=-=-=
Building lame.0.3.1:
  ./configure --prefix /home/opam/.opam/4.01.0
  make
  make install
configuring ocaml-lame 0.3.1
checking for gcc... gcc
checking whether the C compiler works... yes
checking for C compiler default output file name... a.out
checking for suffix of executables... 
checking whether we are cross compiling... no
checking for suffix of object files... o
checking whether we are using the GNU C compiler... yes
checking whether gcc accepts -g... yes
checking for gcc option to accept ISO C89... none needed
checking build system type... x86_64-unknown-linux-gnu
checking host system type... x86_64-unknown-linux-gnu
checking for a BSD-compatible install... /usr/bin/install -c
checking that calling user is not root... configure: error: configure script must not be run with root user!
[ERROR] The compilation of lame.0.3.1 failed.
Removing lame.0.3.1.
  ocamlfind remove lame
ocamlfind: [WARNING] No such directory: /home/opam/.opam/4.01.0/lib/lame


#=== ERROR while installing lame.0.3.1 ========================================#
# opam-version         1.2.0 (751d606562478b9bd4653b64989d2f2869f23d99)
# os                   linux
# command              ./configure --prefix /home/opam/.opam/4.01.0
# path                 /home/opam/.opam/4.01.0/build/lame.0.3.1
# compiler             4.01.0
# exit-code            1
# env-file             /home/opam/.opam/4.01.0/build/lame.0.3.1/lame-185-6d07ae.env
# stdout-file          /home/opam/.opam/4.01.0/build/lame.0.3.1/lame-185-6d07ae.out
# stderr-file          /home/opam/.opam/4.01.0/build/lame.0.3.1/lame-185-6d07ae.err
### stdout ###
# ...[truncated]
# checking for suffix of executables... 
# checking whether we are cross compiling... no
# checking for suffix of object files... o
# checking whether we are using the GNU C compiler... yes
# checking whether gcc accepts -g... yes
# checking for gcc option to accept ISO C89... none needed
# checking build system type... x86_64-unknown-linux-gnu
# checking host system type... x86_64-unknown-linux-gnu
# checking for a BSD-compatible install... /usr/bin/install -c
# checking that calling user is not root... 
### stderr ###
# configure: error: configure script must not be run with root user!

'opam install lame' failed.
