++ opam install pulseaudio -e ubuntu
+ depext=
+ echo Ubuntu depexts:
+ '[' '' '!=' '' ']'
Ubuntu depexts:
++ opam install pulseaudio -e source,linux
+ srcext=
Ubuntu srcexts:
+ echo Ubuntu srcexts:
+ '[' '' '!=' '' ']'
+ opam install pulseaudio
The following actions will be performed:
 - install   pulseaudio.0.1.2
=== 1 to install ===

=-=- Synchronizing package archives -=-=-=-=-=-=-=-=-=-=-=-=-=-=-=-=-=-=-=-=-=-=
[default] Synchronizing with /home/opam/opam-repository/archives/pulseaudio.0.1.2+opam.tar.gz
sending incremental file list
pulseaudio.0.1.2+opam.tar.gz

sent 80,737 bytes  received 35 bytes  161,544.00 bytes/sec
total size is 80,588  speedup is 1.00

=-=- Installing packages =-=-=-=-=-=-=-=-=-=-=-=-=-=-=-=-=-=-=-=-=-=-=-=-=-=-=-=
Building pulseaudio.0.1.2:
  ./configure --prefix /home/opam/.opam/4.01.0
  make
  make install
configuring ocaml-pulseaudio 0.1.2
checking for gcc... gcc
checking whether the C compiler works... yes
checking for C compiler default output file name... a.out
checking for suffix of executables... 
checking whether we are cross compiling... no
checking for suffix of object files... o
checking whether we are using the GNU C compiler... yes
checking whether gcc accepts -g... yes
checking for gcc option to accept ISO C89... none needed
checking for ocamlc... ocamlc
OCaml version is 4.01.0
checking if ocaml compiler supports first-class modules... yes
OCaml library path is /home/opam/.opam/4.01.0/lib/ocaml
checking for ocamlopt... ocamlopt
checking for ocamlc.opt... ocamlc.opt
checking for ocamlopt.opt... ocamlopt.opt
checking for ocaml... ocaml
checking for ocamldep... ocamldep
checking for ocamlmktop... ocamlmktop
checking for ocamlmklib... ocamlmklib
checking for ocamldoc... ocamldoc
checking for ocamlbuild... ocamlbuild
checking for camlidl... no
checking for ocamllex... ocamllex
checking for ocamllex.opt... ocamllex.opt
checking for ocamlyacc... ocamlyacc
checking for camlp4... camlp4
checking for camlp4boot... camlp4boot
checking for camlp4o... camlp4o
checking for camlp4of... camlp4of
checking for camlp4oof... camlp4oof
checking for camlp4orf... camlp4orf
checking for camlp4prof... camlp4prof
checking for camlp4r... camlp4r
checking for camlp4rf... camlp4rf
checking for ocamlfind... ocamlfind
checking for caml/threads.h... no
checking for gcc... (cached) gcc
checking whether we are using the GNU C compiler... (cached) yes
checking whether gcc accepts -g... (cached) yes
checking for gcc option to accept ISO C89... (cached) none needed
checking for ar... ar
checking for pkg-config... /usr/bin/pkg-config
checking pkg-config is at least version 0.9.0... yes
configure: error: libpulse not found
Removing pulseaudio.0.1.2.
  ocamlfind remove pulseaudio
[ERROR] The compilation of pulseaudio.0.1.2 failed.
ocamlfind: [WARNING] No such directory: /home/opam/.opam/4.01.0/lib/pulseaudio


#=== ERROR while installing pulseaudio.0.1.2 ==================================#
# opam-version         1.2.0 (751d606562478b9bd4653b64989d2f2869f23d99)
# os                   linux
# command              ./configure --prefix /home/opam/.opam/4.01.0
# path                 /home/opam/.opam/4.01.0/build/pulseaudio.0.1.2
# compiler             4.01.0
# exit-code            1
# env-file             /home/opam/.opam/4.01.0/build/pulseaudio.0.1.2/pulseaudio-129-6d07ae.env
# stdout-file          /home/opam/.opam/4.01.0/build/pulseaudio.0.1.2/pulseaudio-129-6d07ae.out
# stderr-file          /home/opam/.opam/4.01.0/build/pulseaudio.0.1.2/pulseaudio-129-6d07ae.err
### stdout ###
# ...[truncated]
# checking for camlp4rf... camlp4rf
# checking for ocamlfind... ocamlfind
# checking for caml/threads.h... no
# checking for gcc... (cached) gcc
# checking whether we are using the GNU C compiler... (cached) yes
# checking whether gcc accepts -g... (cached) yes
# checking for gcc option to accept ISO C89... (cached) none needed
# checking for ar... ar
# checking for pkg-config... /usr/bin/pkg-config
# checking pkg-config is at least version 0.9.0... yes
### stderr ###
# configure: error: libpulse not found

'opam install pulseaudio' failed.
