++ opam install samplerate -e ubuntu
+ depext=libsamplerate0-dev
+ echo Ubuntu depexts: libsamplerate0-dev
Ubuntu depexts: libsamplerate0-dev
+ '[' libsamplerate0-dev '!=' '' ']'
+ sudo apt-get install -qq -y build-essential m4
+ sudo apt-get install -qq -y libsamplerate0-dev
debconf: unable to initialize frontend: Dialog
debconf: (Dialog frontend will not work on a dumb terminal, an emacs shell buffer, or without a controlling terminal.)
debconf: falling back to frontend: Readline
debconf: unable to initialize frontend: Readline
debconf: (This frontend requires a controlling tty.)
debconf: falling back to frontend: Teletype
dpkg-preconfigure: unable to re-open stdin: 
Selecting previously unselected package libsamplerate0:amd64.
(Reading database ... 20147 files and directories currently installed.)
Preparing to unpack .../libsamplerate0_0.1.8-7_amd64.deb ...
Unpacking libsamplerate0:amd64 (0.1.8-7) ...
Selecting previously unselected package libsamplerate0-dev:amd64.
Preparing to unpack .../libsamplerate0-dev_0.1.8-7_amd64.deb ...
Unpacking libsamplerate0-dev:amd64 (0.1.8-7) ...
Setting up libsamplerate0:amd64 (0.1.8-7) ...
Setting up libsamplerate0-dev:amd64 (0.1.8-7) ...
Processing triggers for libc-bin (2.19-0ubuntu6.1) ...
++ opam install samplerate -e source,linux
+ srcext=
+ echo Ubuntu srcexts:
Ubuntu srcexts:
+ '[' '' '!=' '' ']'
+ opam install samplerate
The following actions will be performed:
 - install   samplerate.0.1.2
=== 1 to install ===

=-=- Synchronizing package archives -=-=-=-=-=-=-=-=-=-=-=-=-=-=-=-=-=-=-=-=-=-=
[default] Synchronizing with /home/opam/opam-repository/archives/samplerate.0.1.2+opam.tar.gz
sending incremental file list
samplerate.0.1.2+opam.tar.gz

sent 95,185 bytes  received 35 bytes  190,440.00 bytes/sec
total size is 95,036  speedup is 1.00

=-=- Installing packages =-=-=-=-=-=-=-=-=-=-=-=-=-=-=-=-=-=-=-=-=-=-=-=-=-=-=-=
Building samplerate.0.1.2:
  ./configure --prefix /home/opam/.opam/4.01.0
  make
  make install
configuring ocaml-samplerate 0.1.2
checking for gcc... gcc
checking whether the C compiler works... yes
checking for C compiler default output file name... a.out
checking for suffix of executables... 
checking whether we are cross compiling... no
checking for suffix of object files... o
checking whether we are using the GNU C compiler... yes
checking whether gcc accepts -g... yes
checking for gcc option to accept ISO C89... none needed
checking build system type... x86_64-unknown-linux-gnu
checking host system type... x86_64-unknown-linux-gnu
checking for a BSD-compatible install... /usr/bin/install -c
checking that calling user is not root... configure: error: configure script must not be run with root user!
Removing samplerate.0.1.2.
[ERROR] The compilation of samplerate.0.1.2 failed.
  ocamlfind remove samplerate
ocamlfind: [WARNING] No such directory: /home/opam/.opam/4.01.0/lib/samplerate

#=== ERROR while installing samplerate.0.1.2 ==================================#
# opam-version         1.2.0 (751d606562478b9bd4653b64989d2f2869f23d99)
# os                   linux
# command              ./configure --prefix /home/opam/.opam/4.01.0
# path                 /home/opam/.opam/4.01.0/build/samplerate.0.1.2
# compiler             4.01.0
# exit-code            1
# env-file             /home/opam/.opam/4.01.0/build/samplerate.0.1.2/samplerate-186-6d07ae.env
# stdout-file          /home/opam/.opam/4.01.0/build/samplerate.0.1.2/samplerate-186-6d07ae.out
# stderr-file          /home/opam/.opam/4.01.0/build/samplerate.0.1.2/samplerate-186-6d07ae.err
### stdout ###
# ...[truncated]
# checking for suffix of executables... 
# checking whether we are cross compiling... no
# checking for suffix of object files... o
# checking whether we are using the GNU C compiler... yes
# checking whether gcc accepts -g... yes
# checking for gcc option to accept ISO C89... none needed
# checking build system type... x86_64-unknown-linux-gnu
# checking host system type... x86_64-unknown-linux-gnu
# checking for a BSD-compatible install... /usr/bin/install -c
# checking that calling user is not root... 
### stderr ###
# configure: error: configure script must not be run with root user!


'opam install samplerate' failed.
