++ opam install taglib -e ubuntu
+ depext=libtag1-dev
Ubuntu depexts: libtag1-dev
+ echo Ubuntu depexts: libtag1-dev
+ '[' libtag1-dev '!=' '' ']'
+ sudo apt-get install -qq -y build-essential m4
+ sudo apt-get install -qq -y libtag1-dev
debconf: unable to initialize frontend: Dialog
debconf: (Dialog frontend will not work on a dumb terminal, an emacs shell buffer, or without a controlling terminal.)
debconf: falling back to frontend: Readline
debconf: unable to initialize frontend: Readline
debconf: (This frontend requires a controlling tty.)
debconf: falling back to frontend: Teletype
dpkg-preconfigure: unable to re-open stdin: 
Selecting previously unselected package libtag1-vanilla:amd64.
(Reading database ... 20147 files and directories currently installed.)
Preparing to unpack .../libtag1-vanilla_1.9.1-2_amd64.deb ...
Unpacking libtag1-vanilla:amd64 (1.9.1-2) ...
Selecting previously unselected package libtag1c2a:amd64.
Preparing to unpack .../libtag1c2a_1.9.1-2_amd64.deb ...
Unpacking libtag1c2a:amd64 (1.9.1-2) ...
Selecting previously unselected package libtag1-dev.
Preparing to unpack .../libtag1-dev_1.9.1-2_amd64.deb ...
Unpacking libtag1-dev (1.9.1-2) ...
Setting up libtag1-vanilla:amd64 (1.9.1-2) ...
Setting up libtag1c2a:amd64 (1.9.1-2) ...
Setting up libtag1-dev (1.9.1-2) ...
Processing triggers for libc-bin (2.19-0ubuntu6.1) ...
++ opam install taglib -e source,linux
+ srcext=
+ echo Ubuntu srcexts:
+ '[' '' '!=' '' ']'
+ opam install taglib
Ubuntu srcexts:
The following actions will be performed:
 - install   taglib.0.3.0
=== 1 to install ===

=-=- Synchronizing package archives -=-=-=-=-=-=-=-=-=-=-=-=-=-=-=-=-=-=-=-=-=-=
[default] Synchronizing with /home/opam/opam-repository/archives/taglib.0.3.0+opam.tar.gz
sending incremental file list
taglib.0.3.0+opam.tar.gz

sent 117,947 bytes  received 35 bytes  235,964.00 bytes/sec
total size is 117,794  speedup is 1.00

=-=- Installing packages =-=-=-=-=-=-=-=-=-=-=-=-=-=-=-=-=-=-=-=-=-=-=-=-=-=-=-=
Building taglib.0.3.0:
  ./configure --prefix /home/opam/.opam/4.01.0
  make
  make install
configuring ocaml-taglib 0.3.0
checking for gcc... gcc
checking whether the C compiler works... yes
checking for C compiler default output file name... a.out
checking for suffix of executables... 
checking whether we are cross compiling... no
checking for suffix of object files... o
checking whether we are using the GNU C compiler... yes
checking whether gcc accepts -g... yes
checking for gcc option to accept ISO C89... none needed
checking build system type... x86_64-unknown-linux-gnu
checking host system type... x86_64-unknown-linux-gnu
checking for a BSD-compatible install... /usr/bin/install -c
checking that calling user is not root... configure: error: configure script must not be run with root user!
[ERROR] The compilation of taglib.0.3.0 failed.
Removing taglib.0.3.0.
  ocamlfind remove taglib
ocamlfind: [WARNING] No such directory: /home/opam/.opam/4.01.0/lib/taglib


#=== ERROR while installing taglib.0.3.0 ======================================#
# opam-version         1.2.0 (751d606562478b9bd4653b64989d2f2869f23d99)
# os                   linux
# command              ./configure --prefix /home/opam/.opam/4.01.0
# path                 /home/opam/.opam/4.01.0/build/taglib.0.3.0
# compiler             4.01.0
# exit-code            1
# env-file             /home/opam/.opam/4.01.0/build/taglib.0.3.0/taglib-194-6d07ae.env
# stdout-file          /home/opam/.opam/4.01.0/build/taglib.0.3.0/taglib-194-6d07ae.out
# stderr-file          /home/opam/.opam/4.01.0/build/taglib.0.3.0/taglib-194-6d07ae.err
### stdout ###
# ...[truncated]
# checking for suffix of executables... 
# checking whether we are cross compiling... no
# checking for suffix of object files... o
# checking whether we are using the GNU C compiler... yes
# checking whether gcc accepts -g... yes
# checking for gcc option to accept ISO C89... none needed
# checking build system type... x86_64-unknown-linux-gnu
# checking host system type... x86_64-unknown-linux-gnu
# checking for a BSD-compatible install... /usr/bin/install -c
# checking that calling user is not root... 
### stderr ###
# configure: error: configure script must not be run with root user!

'opam install taglib' failed.
