++ opam install conf-python-2-7-dev -e centos,centos-7
+ depext=
+ echo CentOS 7 depexts:
+ '[' '' '!=' '' ']'
+ opam install conf-python-2-7-dev
CentOS 7 depexts:
The following actions will be performed:
 - install   conf-python-2-7-dev.1.0
=== 1 to install ===

=-=-=-=-=-=-=-=-=-=-=-=- Synchronizing package archives -=-=-=-=-=-=-=-=-=-=-=-=

=-=-=-=-=-=-=-=-=-=-=-=-=-=-= Installing packages -=-=-=-=-=-=-=-=-=-=-=-=-=-=-=
Copying ~/.opam/repo/default/packages/conf-python-2-7-dev/conf-python-2-7-dev.1.0/files/test.c to ~/.opam/4.02.0/build/conf-python-2-7-dev.1.0/
Building conf-python-2-7-dev.1.0:
  cc test.c
test.c:1:30: fatal error: python2.7/Python.h: No such file or directory
 #include "python2.7/Python.h"
                              ^
compilation terminated.
Removing conf-python-2-7-dev.1.0.
[ERROR] The compilation of conf-python-2-7-dev.1.0 failed.
  Nothing to do.


#=============== ERROR while installing conf-python-2-7-dev.1.0 ===============#
# opam-version         1.2.0~beta4
# os                   linux
# command              cc test.c
# path                 /home/opam/.opam/4.02.0/build/conf-python-2-7-dev.1.0
# compiler             4.02.0
# exit-code            1
# env-file             /home/opam/.opam/4.02.0/build/conf-python-2-7-dev.1.0/conf-python-2-7-dev-15-42bb52.env
# stdout-file          /home/opam/.opam/4.02.0/build/conf-python-2-7-dev.1.0/conf-python-2-7-dev-15-42bb52.out
# stderr-file          /home/opam/.opam/4.02.0/build/conf-python-2-7-dev.1.0/conf-python-2-7-dev-15-42bb52.err
### stderr ###
# test.c:1:30: fatal error: python2.7/Python.h: No such file or directory
#  #include "python2.7/Python.h"
#                               ^
# compilation terminated.

'opam install conf-python-2-7-dev' failed.
