++ opam install samplerate -e ubuntu
+ depext=
+ echo Ubuntu depexts:
+ '[' '' '!=' '' ']'
++ opam install samplerate -e source,linux
Ubuntu depexts:
+ srcext=
+ echo Ubuntu srcexts:
+ '[' '' '!=' '' ']'
+ opam install samplerate
Ubuntu srcexts:
The following actions will be performed:
 - install   samplerate.0.1.2
=== 1 to install ===

=-=- Synchronizing package archives -=-=-=-=-=-=-=-=-=-=-=-=-=-=-=-=-=-=-=-=-=-=
[default] Synchronizing with /home/opam/opam-repository/archives/samplerate.0.1.2+opam.tar.gz
sending incremental file list
samplerate.0.1.2+opam.tar.gz

sent 95,185 bytes  received 35 bytes  190,440.00 bytes/sec
total size is 95,036  speedup is 1.00

=-=- Installing packages =-=-=-=-=-=-=-=-=-=-=-=-=-=-=-=-=-=-=-=-=-=-=-=-=-=-=-=
Building samplerate.0.1.2:
  ./configure --prefix /home/opam/.opam/4.02.0+trunk
  make
  make install
configuring ocaml-samplerate 0.1.2
checking for gcc... gcc
checking whether the C compiler works... yes
checking for C compiler default output file name... a.out
checking for suffix of executables... 
checking whether we are cross compiling... no
checking for suffix of object files... o
checking whether we are using the GNU C compiler... yes
checking whether gcc accepts -g... yes
checking for gcc option to accept ISO C89... none needed
checking build system type... x86_64-unknown-linux-gnu
checking host system type... x86_64-unknown-linux-gnu
checking for a BSD-compatible install... /usr/bin/install -c
checking that calling user is not root... configure: error: configure script must not be run with root user!
[ERROR] The compilation of samplerate.0.1.2 failed.
Removing samplerate.0.1.2.
  ocamlfind remove samplerate
ocamlfind: [WARNING] No such directory: /home/opam/.opam/4.02.0+trunk/lib/samplerate


#=== ERROR while installing samplerate.0.1.2 ==================================#
# opam-version         1.2.0~beta4 (f1b5dba54b197e6bdd7278503a66d1039af87d80)
# os                   linux
# command              ./configure --prefix /home/opam/.opam/4.02.0+trunk
# path                 /home/opam/.opam/4.02.0+trunk/build/samplerate.0.1.2
# compiler             4.02.0+trunk
# exit-code            1
# env-file             /home/opam/.opam/4.02.0+trunk/build/samplerate.0.1.2/samplerate-126-6d07ae.env
# stdout-file          /home/opam/.opam/4.02.0+trunk/build/samplerate.0.1.2/samplerate-126-6d07ae.out
# stderr-file          /home/opam/.opam/4.02.0+trunk/build/samplerate.0.1.2/samplerate-126-6d07ae.err
### stdout ###
# ...[truncated]
# checking for suffix of executables... 
# checking whether we are cross compiling... no
# checking for suffix of object files... o
# checking whether we are using the GNU C compiler... yes
# checking whether gcc accepts -g... yes
# checking for gcc option to accept ISO C89... none needed
# checking build system type... x86_64-unknown-linux-gnu
# checking host system type... x86_64-unknown-linux-gnu
# checking for a BSD-compatible install... /usr/bin/install -c
# checking that calling user is not root... 
### stderr ###
# configure: error: configure script must not be run with root user!

'opam install samplerate' failed.
