++ opam install ocaml-buddy -e ubuntu
+ depext=
+ echo Ubuntu depexts:
+ '[' '' '!=' '' ']'
Ubuntu depexts:
++ opam install ocaml-buddy -e source,linux
+ srcext=
+ echo Ubuntu srcexts:
Ubuntu srcexts:
+ '[' '' '!=' '' ']'
+ opam install ocaml-buddy
The following actions will be performed:
 - install ocaml-buddy.0.6.1
1 to install | 0 to reinstall | 0 to upgrade | 0 to downgrade | 0 to remove

=-=-= Installing ocaml-buddy.0.6.1 =-=-=
ocaml-buddy.0.6.1 Downloading https://github.com/abate/ocaml-buddy/archive/0.6.1.tar.gz
  % Total    % Received % Xferd  Average Speed   Time    Time     Time  Current
                                 Dload  Upload   Total   Spent    Left  Speed
  0     0    0     0    0     0      0      0 --:--:-- --:--:-- --:--:--     0100   124  100   124    0     0    324      0 --:--:-- --:--:-- --:--:--   325
  0     0    0     0    0     0      0      0 --:--:-- --:--:-- --:--:--     0  0     0    0 15079    0     0  17526      0 --:--:-- --:--:-- --:--:-- 73556
200
Building ocaml-buddy.0.6.1:
  make all
  make opt
  make install
ocamlbuild -classic-display -use-ocamlfind buddy.cma
ocamlfind ocamlopt unix.cmxa -I /usr/lib/ocaml/ocamlbuild /usr/lib/ocaml/ocamlbuild/ocamlbuildlib.cmxa -linkpkg myocamlbuild.ml /usr/lib/ocaml/ocamlbuild/ocamlbuild.cmx -o myocamlbuild
ocamlfind ocamlc -cc gcc -ccopt -fPIC -c libbuddy_stubs.c
+ ocamlfind ocamlc -cc gcc -ccopt -fPIC -c libbuddy_stubs.c
libbuddy_stubs.c:22:17: fatal error: bdd.h: No such file or directory
 #include <bdd.h>
                 ^
compilation terminated.
Command exited with code 2.
make: *** [_build/buddy.cma] Error 10
[ERROR] The compilation of ocaml-buddy.0.6.1 failed.
Removing ocaml-buddy.0.6.1.
  make uninstall
ocamlfind remove buddy
ocamlfind: [WARNING] No such directory: /home/opam/.opam/system/lib/buddy


===== ERROR while installing ocaml-buddy.0.6.1 =====
# opam-version         1.1.1
# os                   linux
# command              make all
# path                 /home/opam/.opam/system/build/ocaml-buddy.0.6.1
# compiler             system (4.01.0)
# exit-code            2
# env-file             /home/opam/.opam/system/build/ocaml-buddy.0.6.1/ocaml-buddy-32-d2d111.env
# stdout-file          /home/opam/.opam/system/build/ocaml-buddy.0.6.1/ocaml-buddy-32-d2d111.out
# stderr-file          /home/opam/.opam/system/build/ocaml-buddy.0.6.1/ocaml-buddy-32-d2d111.err
### stdout ###
# ocamlbuild -classic-display -use-ocamlfind buddy.cma
# ocamlfind ocamlopt unix.cmxa -I /usr/lib/ocaml/ocamlbuild /usr/lib/ocaml/ocamlbuild/ocamlbuildlib.cmxa -linkpkg myocamlbuild.ml /usr/lib/ocaml/ocamlbuild/ocamlbuild.cmx -o myocamlbuild
# ocamlfind ocamlc -cc gcc -ccopt -fPIC -c libbuddy_stubs.c
# + ocamlfind ocamlc -cc gcc -ccopt -fPIC -c libbuddy_stubs.c
# libbuddy_stubs.c:22:17: fatal error: bdd.h: No such file or directory
#  #include <bdd.h>
#                  ^
# compilation terminated.
# Command exited with code 2.
### stderr ###
# make: *** [_build/buddy.cma] Error 10

'opam install ocaml-buddy' failed.
