++ opam install termbox -e ubuntu
+ depext=
+ echo Ubuntu depexts:
+ '[' '' '!=' '' ']'
Ubuntu depexts:
++ opam install termbox -e source,linux
+ srcext=
+ echo Ubuntu srcexts:
+ '[' '' '!=' '' ']'
+ opam install termbox
Ubuntu srcexts:
The following actions will be performed:
 - install termbox.0.1.0
1 to install | 0 to reinstall | 0 to upgrade | 0 to downgrade | 0 to remove

=-=-= Installing termbox.0.1.0 =-=-=
default    Synchronizing with /home/opam/opam-repository/archives/termbox.0.1.0+opam.tar.gz
sending incremental file list
termbox.0.1.0+opam.tar.gz

sent 119,289 bytes  received 35 bytes  238,648.00 bytes/sec
total size is 119,135  speedup is 1.00
Building termbox.0.1.0:
  make
  make install
cd termbox && ./waf configure && ./waf
/usr/bin/env: python: No such file or directory
make: *** [termbox/build/src/libtermbox.a] Error 127
Removing termbox.0.1.0.
[ERROR] The compilation of termbox.0.1.0 failed.
  ocamlfind remove termbox
ocamlfind: [WARNING] No such directory: /home/opam/.opam/system/lib/termbox


===== ERROR while installing termbox.0.1.0 =====
# opam-version         1.1.1
# os                   linux
# command              make
# path                 /home/opam/.opam/system/build/termbox.0.1.0
# compiler             system (4.01.0)
# exit-code            2
# env-file             /home/opam/.opam/system/build/termbox.0.1.0/termbox-31-6d07ae.env
# stdout-file          /home/opam/.opam/system/build/termbox.0.1.0/termbox-31-6d07ae.out
# stderr-file          /home/opam/.opam/system/build/termbox.0.1.0/termbox-31-6d07ae.err
### stdout ###
# cd termbox && ./waf configure && ./waf
### stderr ###
# /usr/bin/env: python: No such file or directory
# make: *** [termbox/build/src/libtermbox.a] Error 127

'opam install termbox' failed.
