++ opam install ocaml-expat -e ubuntu
+ depext=
+ echo Ubuntu depexts:
+ '[' '' '!=' '' ']'
Ubuntu depexts:
++ opam install ocaml-expat -e source,linux
+ srcext=
Ubuntu srcexts:
+ echo Ubuntu srcexts:
+ '[' '' '!=' '' ']'
+ opam install ocaml-expat
The following actions will be performed:
 - install ocaml-expat.0.9.1
1 to install | 0 to reinstall | 0 to upgrade | 0 to downgrade | 0 to remove

=-=-= Installing ocaml-expat.0.9.1 =-=-=
default    Synchronizing with /home/opam/opam-repository/archives/ocaml-expat.0.9.1+opam.tar.gz
sending incremental file list
ocaml-expat.0.9.1+opam.tar.gz

sent 25,084 bytes  received 35 bytes  50,238.00 bytes/sec
total size is 24,946  speedup is 0.99
Building ocaml-expat.0.9.1:
  make all
  make allopt
  make install
Makefile:100: depend: No such file or directory
gcc -MM *.c > depend	
ocamldep *.mli *.ml >> depend
ocamlc -c -ccopt "-DFULL_UNROLL -O2 -I/usr/local/include" expat_stubs.c
expat_stubs.c:15:19: fatal error: expat.h: No such file or directory
 #include <expat.h>
                   ^
compilation terminated.
[ERROR] The compilation of ocaml-expat.0.9.1 failed.
make: *** [expat_stubs.o] Error 2
Removing ocaml-expat.0.9.1.
  ocamlfind remove ocaml-expat
ocamlfind: [WARNING] No such directory: /home/opam/.opam/system/lib/ocaml-expat


===== ERROR while installing ocaml-expat.0.9.1 =====
# opam-version         1.1.1
# os                   linux
# command              make all
# path                 /home/opam/.opam/system/build/ocaml-expat.0.9.1
# compiler             system (4.01.0)
# exit-code            2
# env-file             /home/opam/.opam/system/build/ocaml-expat.0.9.1/ocaml-expat-31-6d07ae.env
# stdout-file          /home/opam/.opam/system/build/ocaml-expat.0.9.1/ocaml-expat-31-6d07ae.out
# stderr-file          /home/opam/.opam/system/build/ocaml-expat.0.9.1/ocaml-expat-31-6d07ae.err
### stdout ###
# gcc -MM *.c > depend	
# ocamldep *.mli *.ml >> depend
# ocamlc -c -ccopt "-DFULL_UNROLL -O2 -I/usr/local/include" expat_stubs.c
### stderr ###
# Makefile:100: depend: No such file or directory
# expat_stubs.c:15:19: fatal error: expat.h: No such file or directory
#  #include <expat.h>
#                    ^
# compilation terminated.
# make: *** [expat_stubs.o] Error 2

'opam install ocaml-expat' failed.
