++ opam install ocaml-buddy -e ubuntu
+ depext=
+ echo Ubuntu depexts:
+ '[' '' '!=' '' ']'
Ubuntu depexts:
++ opam install ocaml-buddy -e source,linux
Ubuntu srcexts:
+ srcext=
+ echo Ubuntu srcexts:
+ '[' '' '!=' '' ']'
+ opam install ocaml-buddy
The following actions will be performed:
 - install ocaml-buddy.0.6.1
1 to install | 0 to reinstall | 0 to upgrade | 0 to downgrade | 0 to remove

=-=-= Installing ocaml-buddy.0.6.1 =-=-=
default    Synchronizing with /home/opam/opam-repository/archives/ocaml-buddy.0.6.1+opam.tar.gz
sending incremental file list
ocaml-buddy.0.6.1+opam.tar.gz

sent 15,196 bytes  received 35 bytes  30,462.00 bytes/sec
total size is 15,058  speedup is 0.99
Building ocaml-buddy.0.6.1:
  make all
  make opt
  make install
ocamlbuild -classic-display -use-ocamlfind buddy.cma
ocamlfind ocamlopt unix.cmxa -I /usr/lib/ocaml/ocamlbuild /usr/lib/ocaml/ocamlbuild/ocamlbuildlib.cmxa -linkpkg myocamlbuild.ml /usr/lib/ocaml/ocamlbuild/ocamlbuild.cmx -o myocamlbuild
ocamlfind ocamlc -cc gcc -ccopt -fPIC -c libbuddy_stubs.c
[ERROR] The compilation of ocaml-buddy.0.6.1 failed.
+ ocamlfind ocamlc -cc gcc -ccopt -fPIC -c libbuddy_stubs.c
libbuddy_stubs.c:22:17: fatal error: bdd.h: No such file or directory
 #include <bdd.h>
                 ^
compilation terminated.
Command exited with code 2.
make: *** [_build/buddy.cma] Error 10
Removing ocaml-buddy.0.6.1.
  make uninstall
ocamlfind remove buddy
ocamlfind: [WARNING] No such directory: /home/opam/.opam/system/lib/buddy


===== ERROR while installing ocaml-buddy.0.6.1 =====
# opam-version         1.1.1
# os                   linux
# command              make all
# path                 /home/opam/.opam/system/build/ocaml-buddy.0.6.1
# compiler             system (4.01.0)
# exit-code            2
# env-file             /home/opam/.opam/system/build/ocaml-buddy.0.6.1/ocaml-buddy-32-6d07ae.env
# stdout-file          /home/opam/.opam/system/build/ocaml-buddy.0.6.1/ocaml-buddy-32-6d07ae.out
# stderr-file          /home/opam/.opam/system/build/ocaml-buddy.0.6.1/ocaml-buddy-32-6d07ae.err
### stdout ###
# ocamlbuild -classic-display -use-ocamlfind buddy.cma
# ocamlfind ocamlopt unix.cmxa -I /usr/lib/ocaml/ocamlbuild /usr/lib/ocaml/ocamlbuild/ocamlbuildlib.cmxa -linkpkg myocamlbuild.ml /usr/lib/ocaml/ocamlbuild/ocamlbuild.cmx -o myocamlbuild
# ocamlfind ocamlc -cc gcc -ccopt -fPIC -c libbuddy_stubs.c
# + ocamlfind ocamlc -cc gcc -ccopt -fPIC -c libbuddy_stubs.c
# libbuddy_stubs.c:22:17: fatal error: bdd.h: No such file or directory
#  #include <bdd.h>
#                  ^
# compilation terminated.
# Command exited with code 2.
### stderr ###
# make: *** [_build/buddy.cma] Error 10

'opam install ocaml-buddy' failed.
