++ opam install ocamltter -e ubuntu
+ depext='libcurl4-gnutls-dev libpcre3-dev zlib1g-dev'
+ echo Ubuntu depexts: libcurl4-gnutls-dev libpcre3-dev zlib1g-dev
+ '[' 'libcurl4-gnutls-dev libpcre3-dev zlib1g-dev' '!=' '' ']'
+ sudo apt-get install -qq -y build-essential m4
Ubuntu depexts: libcurl4-gnutls-dev libpcre3-dev zlib1g-dev
+ sudo apt-get install -qq -y libcurl4-gnutls-dev libpcre3-dev zlib1g-dev
debconf: unable to initialize frontend: Dialog
debconf: (Dialog frontend will not work on a dumb terminal, an emacs shell buffer, or without a controlling terminal.)
debconf: falling back to frontend: Readline
debconf: unable to initialize frontend: Readline
debconf: (This frontend requires a controlling tty.)
debconf: falling back to frontend: Teletype
dpkg-preconfigure: unable to re-open stdin: 
Selecting previously unselected package libgssrpc4:amd64.
(Reading database ... 22269 files and directories currently installed.)
Preparing to unpack .../libgssrpc4_1.12+dfsg-2ubuntu4.2_amd64.deb ...
Unpacking libgssrpc4:amd64 (1.12+dfsg-2ubuntu4.2) ...
Selecting previously unselected package libkadm5clnt-mit9:amd64.
Preparing to unpack .../libkadm5clnt-mit9_1.12+dfsg-2ubuntu4.2_amd64.deb ...
Unpacking libkadm5clnt-mit9:amd64 (1.12+dfsg-2ubuntu4.2) ...
Selecting previously unselected package libkdb5-7:amd64.
Preparing to unpack .../libkdb5-7_1.12+dfsg-2ubuntu4.2_amd64.deb ...
Unpacking libkdb5-7:amd64 (1.12+dfsg-2ubuntu4.2) ...
Selecting previously unselected package libkadm5srv-mit9:amd64.
Preparing to unpack .../libkadm5srv-mit9_1.12+dfsg-2ubuntu4.2_amd64.deb ...
Unpacking libkadm5srv-mit9:amd64 (1.12+dfsg-2ubuntu4.2) ...
Selecting previously unselected package libpcrecpp0:amd64.
Preparing to unpack .../libpcrecpp0_1%3a8.31-2ubuntu2_amd64.deb ...
Unpacking libpcrecpp0:amd64 (1:8.31-2ubuntu2) ...
Selecting previously unselected package libgnutlsxx27:amd64.
Preparing to unpack .../libgnutlsxx27_2.12.23-12ubuntu2.1_amd64.deb ...
Unpacking libgnutlsxx27:amd64 (2.12.23-12ubuntu2.1) ...
Selecting previously unselected package comerr-dev.
Preparing to unpack .../comerr-dev_2.1-1.42.9-3ubuntu1_amd64.deb ...
Unpacking comerr-dev (2.1-1.42.9-3ubuntu1) ...
Selecting previously unselected package krb5-multidev.
Preparing to unpack .../krb5-multidev_1.12+dfsg-2ubuntu4.2_amd64.deb ...
Unpacking krb5-multidev (1.12+dfsg-2ubuntu4.2) ...
Selecting previously unselected package libgpg-error-dev.
Preparing to unpack .../libgpg-error-dev_1.12-0.2ubuntu1_amd64.deb ...
Unpacking libgpg-error-dev (1.12-0.2ubuntu1) ...
Selecting previously unselected package libgcrypt11-dev.
Preparing to unpack .../libgcrypt11-dev_1.5.3-2ubuntu4_amd64.deb ...
Unpacking libgcrypt11-dev (1.5.3-2ubuntu4) ...
Selecting previously unselected package zlib1g-dev:amd64.
Preparing to unpack .../zlib1g-dev_1%3a1.2.8.dfsg-1ubuntu1_amd64.deb ...
Unpacking zlib1g-dev:amd64 (1:1.2.8.dfsg-1ubuntu1) ...
Selecting previously unselected package libtasn1-6-dev.
Preparing to unpack .../libtasn1-6-dev_3.4-3ubuntu0.1_amd64.deb ...
Unpacking libtasn1-6-dev (3.4-3ubuntu0.1) ...
Selecting previously unselected package libp11-kit-dev.
Preparing to unpack .../libp11-kit-dev_0.20.2-2ubuntu2_amd64.deb ...
Unpacking libp11-kit-dev (0.20.2-2ubuntu2) ...
Selecting previously unselected package libgnutls-dev.
Preparing to unpack .../libgnutls-dev_2.12.23-12ubuntu2.1_amd64.deb ...
Unpacking libgnutls-dev (2.12.23-12ubuntu2.1) ...
Selecting previously unselected package libidn11-dev.
Preparing to unpack .../libidn11-dev_1.28-1ubuntu2_amd64.deb ...
Unpacking libidn11-dev (1.28-1ubuntu2) ...
Selecting previously unselected package libkrb5-dev.
Preparing to unpack .../libkrb5-dev_1.12+dfsg-2ubuntu4.2_amd64.deb ...
Unpacking libkrb5-dev (1.12+dfsg-2ubuntu4.2) ...
Selecting previously unselected package libldap2-dev:amd64.
Preparing to unpack .../libldap2-dev_2.4.31-1+nmu2ubuntu8_amd64.deb ...
Unpacking libldap2-dev:amd64 (2.4.31-1+nmu2ubuntu8) ...
Selecting previously unselected package librtmp-dev.
Preparing to unpack .../librtmp-dev_2.4+20121230.gitdf6c518-1_amd64.deb ...
Unpacking librtmp-dev (2.4+20121230.gitdf6c518-1) ...
Selecting previously unselected package libcurl4-gnutls-dev:amd64.
Preparing to unpack .../libcurl4-gnutls-dev_7.35.0-1ubuntu2_amd64.deb ...
Unpacking libcurl4-gnutls-dev:amd64 (7.35.0-1ubuntu2) ...
Selecting previously unselected package libpcre3-dev:amd64.
Preparing to unpack .../libpcre3-dev_1%3a8.31-2ubuntu2_amd64.deb ...
Unpacking libpcre3-dev:amd64 (1:8.31-2ubuntu2) ...
Setting up libgssrpc4:amd64 (1.12+dfsg-2ubuntu4.2) ...
Setting up libkadm5clnt-mit9:amd64 (1.12+dfsg-2ubuntu4.2) ...
Setting up libkdb5-7:amd64 (1.12+dfsg-2ubuntu4.2) ...
Setting up libkadm5srv-mit9:amd64 (1.12+dfsg-2ubuntu4.2) ...
Setting up libpcrecpp0:amd64 (1:8.31-2ubuntu2) ...
Setting up libgnutlsxx27:amd64 (2.12.23-12ubuntu2.1) ...
Setting up comerr-dev (2.1-1.42.9-3ubuntu1) ...
Setting up krb5-multidev (1.12+dfsg-2ubuntu4.2) ...
Setting up libgpg-error-dev (1.12-0.2ubuntu1) ...
Setting up libgcrypt11-dev (1.5.3-2ubuntu4) ...
Setting up zlib1g-dev:amd64 (1:1.2.8.dfsg-1ubuntu1) ...
Setting up libtasn1-6-dev (3.4-3ubuntu0.1) ...
Setting up libp11-kit-dev (0.20.2-2ubuntu2) ...
Setting up libgnutls-dev (2.12.23-12ubuntu2.1) ...
Setting up libidn11-dev (1.28-1ubuntu2) ...
Setting up libkrb5-dev (1.12+dfsg-2ubuntu4.2) ...
Setting up libldap2-dev:amd64 (2.4.31-1+nmu2ubuntu8) ...
Setting up librtmp-dev (2.4+20121230.gitdf6c518-1) ...
Setting up libcurl4-gnutls-dev:amd64 (7.35.0-1ubuntu2) ...
Setting up libpcre3-dev:amd64 (1:8.31-2ubuntu2) ...
Processing triggers for libc-bin (2.19-0ubuntu6.1) ...
++ opam install ocamltter -e source,linux
+ srcext=
+ echo Ubuntu srcexts:
+ '[' '' '!=' '' ']'
+ opam install ocamltter
Ubuntu srcexts:
The following actions will be performed:
 - install omake.0.9.8.6-0.rc1 [required by ocamltter]
 - install ocurl.0.7.1 [required by ocamltter]
 - install cryptokit.1.9 [required by ocamltter]
 - install conf-libpcre.1 [required by ocamltter]
 - install ounit.2.0.0 [required by ocamltter]
 - install camlp4.4.01.0 [required by ocamltter]
 - install tiny_json.1.1.2 [required by ocamltter]
 - install pcre-ocaml.7.1.1 [required by ocamltter]
 - install type_conv.111.13.00 [required by ocamltter]
 - install pa_ounit.109.53.02 [required by ocamltter]
 - install meta_conv.1.1.3 [required by ocamltter]
 - install spotlib.2.4.0 [required by ocamltter]
 - install tiny_json_conv.1.4.0 [required by ocamltter]
 - install orakuda.1.2.0 [required by ocamltter]
 - install ocamltter.2.1.2
15 to install | 0 to reinstall | 0 to upgrade | 0 to downgrade | 0 to remove

=-=-= Installing camlp4.4.01.0 =-=-=
Installing camlp4.4.01.0.

=-=-= Installing conf-libpcre.1 =-=-=
Building conf-libpcre.1:
  pkg-config libpcre
Installing conf-libpcre.1.

=-=-= Installing cryptokit.1.9 =-=-=
default    Synchronizing with /home/opam/opam-repository/archives/cryptokit.1.9+opam.tar.gz
sending incremental file list
cryptokit.1.9+opam.tar.gz

sent 142,919 bytes  received 35 bytes  285,908.00 bytes/sec
total size is 142,757  speedup is 1.00
Building cryptokit.1.9:
  make
  make install
ocaml setup.ml -configure 

Configuration: 
ocamlfind: ........................................... /home/opam/.opam/system/bin/ocamlfind
ocamlc: .............................................. /usr/bin/ocamlc.opt
ocamlopt: ............................................ /usr/bin/ocamlopt.opt
ocamlbuild: .......................................... /usr/bin/ocamlbuild
Package name: ........................................ cryptokit
Package version: ..................................... 1.9
os_type: ............................................. Unix
system: .............................................. linux
architecture: ........................................ amd64
ccomp_type: .......................................... cc
ocaml_version: ....................................... 4.01.0
standard_library_default: ............................ /usr/lib/ocaml
standard_library: .................................... /usr/lib/ocaml
standard_runtime: .................................... /usr/bin/ocamlrun
bytecomp_c_compiler: ................................. gcc -D_FILE_OFFSET_BITS=64 -D_REENTRANT -fPIC
native_c_compiler: ................................... gcc -D_FILE_OFFSET_BITS=64 -D_REENTRANT
model: ............................................... default
ext_obj: ............................................. .o
ext_asm: ............................................. .s
ext_lib: ............................................. .a
ext_dll: ............................................. .so
default_executable_name: ............................. a.out
systhread_supported: ................................. true
Install architecture-independent files dir: .......... /usr/local
Install architecture-dependent files in dir: ......... $prefix
User executables: .................................... $exec_prefix/bin
System admin executables: ............................ $exec_prefix/sbin
Program executables: ................................. $exec_prefix/libexec
Read-only single-machine data: ....................... $prefix/etc
Modifiable architecture-independent data: ............ $prefix/com
Modifiable single-machine data: ...................... $prefix/var
Object code libraries: ............................... $exec_prefix/lib
Read-only arch-independent data root: ................ $prefix/share
Read-only architecture-independent data: ............. $datarootdir
Info documentation: .................................. $datarootdir/info
Locale-dependent data: ............................... $datarootdir/locale
Man documentation: ................................... $datarootdir/man
Documentation root: .................................. $datarootdir/doc/$pkg_name
HTML documentation: .................................. $docdir
DVI documentation: ................................... $docdir
PDF documentation: ................................... $docdir
PS documentation: .................................... $docdir
findlib_version: ..................................... 1.5.2
is_native: ........................................... true
suffix_program: ...................................... 
Remove a file.: ...................................... rm -f
Remove a directory.: ................................. rm -rf
Turn ocaml debug flag on: ............................ true
Turn ocaml profile flag on: .......................... false
Compiler support generation of .cmxs.: ............... true
OCamlbuild additional flags: ......................... 
Define include path for zlib.: ....................... 
Define library path for zlib.: ....................... 
Enable ZLib: ......................................... true
Build and run benchmark: ............................. false
Create documentations: ............................... true
Compile tests executable and library and run them: ... false
ocamldoc: ............................................ /usr/bin/ocamldoc
pkg_unix: ............................................ /usr/lib/ocaml
pkg_num: ............................................. /home/opam/.opam/system/lib/num

ocaml setup.ml -build -classic-display
/usr/bin/ocamlopt.opt unix.cmxa -I /usr/lib/ocaml/ocamlbuild /usr/lib/ocaml/ocamlbuild/ocamlbuildlib.cmxa myocamlbuild.ml /usr/lib/ocaml/ocamlbuild/ocamlbuild.cmx -o myocamlbuild
ocamlfind ocamlc -ccopt -O -ccopt -DHAVE_ZLIB -c src/arcfour.c
mv arcfour.o src/arcfour.o
ocamlfind ocamlc -ccopt -O -ccopt -DHAVE_ZLIB -c src/stubs-arcfour.c
mv stubs-arcfour.o src/stubs-arcfour.o
ocamlfind ocamlc -ccopt -O -ccopt -DHAVE_ZLIB -c src/blowfish.c
mv blowfish.o src/blowfish.o
ocamlfind ocamlc -ccopt -O -ccopt -DHAVE_ZLIB -c src/stubs-blowfish.c
mv stubs-blowfish.o src/stubs-blowfish.o
ocamlfind ocamlc -ccopt -O -ccopt -DHAVE_ZLIB -c src/d3des.c
mv d3des.o src/d3des.o
ocamlfind ocamlc -ccopt -O -ccopt -DHAVE_ZLIB -c src/stubs-des.c
mv stubs-des.o src/stubs-des.o
ocamlfind ocamlc -ccopt -O -ccopt -DHAVE_ZLIB -c src/rijndael-alg-fst.c
mv rijndael-alg-fst.o src/rijndael-alg-fst.o
ocamlfind ocamlc -ccopt -O -ccopt -DHAVE_ZLIB -c src/ripemd160.c
mv ripemd160.o src/ripemd160.o
ocamlfind ocamlc -ccopt -O -ccopt -DHAVE_ZLIB -c src/stubs-ripemd160.c
mv stubs-ripemd160.o src/stubs-ripemd160.o
ocamlfind ocamlc -ccopt -O -ccopt -DHAVE_ZLIB -c src/sha1.c
mv sha1.o src/sha1.o
ocamlfind ocamlc -ccopt -O -ccopt -DHAVE_ZLIB -c src/stubs-sha1.c
mv stubs-sha1.o src/stubs-sha1.o
ocamlfind ocamlc -ccopt -O -ccopt -DHAVE_ZLIB -c src/sha256.c
mv sha256.o src/sha256.o
ocamlfind ocamlc -ccopt -O -ccopt -DHAVE_ZLIB -c src/stubs-sha256.c
mv stubs-sha256.o src/stubs-sha256.o
ocamlfind ocamlc -ccopt -O -ccopt -DHAVE_ZLIB -c src/stubs-aes.c
mv stubs-aes.o src/stubs-aes.o
ocamlfind ocamlc -ccopt -O -ccopt -DHAVE_ZLIB -c src/stubs-md5.c
mv stubs-md5.o src/stubs-md5.o
ocamlfind ocamlc -ccopt -O -ccopt -DHAVE_ZLIB -c src/stubs-misc.c
mv stubs-misc.o src/stubs-misc.o
ocamlfind ocamlc -ccopt -O -ccopt -DHAVE_ZLIB -c src/stubs-rng.c
mv stubs-rng.o src/stubs-rng.o
ocamlfind ocamlc -ccopt -O -ccopt -DHAVE_ZLIB -c src/stubs-zlib.c
mv stubs-zlib.o src/stubs-zlib.o
ocamlfind ocamlc -ccopt -O -ccopt -DHAVE_ZLIB -c src/keccak.c
mv keccak.o src/keccak.o
ocamlfind ocamlc -ccopt -O -ccopt -DHAVE_ZLIB -c src/stubs-sha3.c
mv stubs-sha3.o src/stubs-sha3.o
/usr/bin/ocamlmklib -o src/cryptokit_stubs -lz src/arcfour.o src/stubs-arcfour.o src/blowfish.o src/stubs-blowfish.o src/d3des.o src/stubs-des.o src/rijndael-alg-fst.o src/ripemd160.o src/stubs-ripemd160.o src/sha1.o src/stubs-sha1.o src/sha256.o src/stubs-sha256.o src/stubs-aes.o src/stubs-md5.o src/stubs-misc.o src/stubs-rng.o src/stubs-zlib.o src/keccak.o src/stubs-sha3.o
ocamlfind ocamldep -package num -package unix -modules src/cryptokit.mli > src/cryptokit.mli.depends
ocamlfind ocamlc -c -g -ccopt -O -ccopt -DHAVE_ZLIB -package num -package unix -I src -o src/cryptokit.cmi src/cryptokit.mli
ocamlfind ocamldep -package num -package unix -modules src/cryptokit.ml > src/cryptokit.ml.depends
ocamlfind ocamlc -c -g -ccopt -O -ccopt -DHAVE_ZLIB -package num -package unix -I src -o src/cryptokit.cmo src/cryptokit.ml
+ ocamlfind ocamlc -c -g -ccopt -O -ccopt -DHAVE_ZLIB -package num -package unix -I src -o src/cryptokit.cmo src/cryptokit.ml
File "src/cryptokit.ml", line 1930, characters 19-21:
Warning 3: deprecated feature: operator (or); you should use (||) instead
ocamlfind ocamlc -a -dllib -lcryptokit_stubs -cclib -lcryptokit_stubs -cclib -lz src/cryptokit.cmo -o src/cryptokit.cma
ocamlfind ocamlopt -c -g -ccopt -O -ccopt -DHAVE_ZLIB -package num -package unix -I src -o src/cryptokit.cmx src/cryptokit.ml
+ ocamlfind ocamlopt -c -g -ccopt -O -ccopt -DHAVE_ZLIB -package num -package unix -I src -o src/cryptokit.cmx src/cryptokit.ml
File "src/cryptokit.ml", line 1930, characters 19-21:
Warning 3: deprecated feature: operator (or); you should use (||) instead
ocamlfind ocamlopt -a -cclib -lcryptokit_stubs -cclib -lz src/cryptokit.cmx -o src/cryptokit.cmxa
ocamlfind ocamlopt -shared -cclib -lcryptokit_stubs -I src src/cryptokit.cmx -o src/cryptokit.cmxs
ocaml setup.ml -install 
Installed /home/opam/.opam/system/lib/cryptokit/cryptokit.mli
Installed /home/opam/.opam/system/lib/cryptokit/libcryptokit_stubs.a
Installed /home/opam/.opam/system/lib/cryptokit/cryptokit.cma
Installed /home/opam/.opam/system/lib/cryptokit/cryptokit.cmxa
Installed /home/opam/.opam/system/lib/cryptokit/cryptokit.a
Installed /home/opam/.opam/system/lib/cryptokit/cryptokit.cmxs
Installed /home/opam/.opam/system/lib/cryptokit/cryptokit.cmi
Installed /home/opam/.opam/system/lib/cryptokit/cryptokit.cmx
Installed /home/opam/.opam/system/lib/cryptokit/META
Installed /home/opam/.opam/system/lib/stublibs/dllcryptokit_stubs.so
Installed /home/opam/.opam/system/lib/stublibs/dllcryptokit_stubs.so.owner
ocamlfind: [WARNING] You have installed DLLs but the directory /home/opam/.opam/system/lib/stublibs is not mentioned in ld.conf
Installing cryptokit.1.9.

=-=-= Installing ocurl.0.7.1 =-=-=
default    Synchronizing with /home/opam/opam-repository/archives/ocurl.0.7.1+opam.tar.gz
sending incremental file list
ocurl.0.7.1+opam.tar.gz

sent 108,725 bytes  received 35 bytes  217,520.00 bytes/sec
total size is 108,573  speedup is 1.00
Building ocurl.0.7.1:
  ./configure
  make
  make install
checking for gcc... gcc
checking whether the C compiler works... yes
checking for C compiler default output file name... a.out
checking for suffix of executables... 
checking whether we are cross compiling... no
checking for suffix of object files... o
checking whether we are using the GNU C compiler... yes
checking whether gcc accepts -g... yes
checking for gcc option to accept ISO C89... none needed
checking for libcurl cflags...  
checking for libcurl libs... -lcurl  
checking for a BSD-compatible install... /usr/bin/install -c
checking for ocamlc... ocamlc
OCaml version is 4.01.0
OCaml library path is /usr/lib/ocaml
checking for ocamlopt... ocamlopt
checking for ocamlc.opt... ocamlc.opt
checking for ocamlopt.opt... ocamlopt.opt
checking for ocaml... ocaml
checking for ocamldep... ocamldep
checking for ocamlmktop... ocamlmktop
checking for ocamlmklib... ocamlmklib
checking for ocamldoc... ocamldoc
checking for ocamlbuild... ocamlbuild
checking for ocamlfind... ocamlfind
checking for OCaml findlib package lwt... not found
checking for prefix by checking for ocamlc... /usr/bin/ocamlc
checking how to run the C preprocessor... gcc -E
checking for grep that handles long lines and -e... /bin/grep
checking for egrep... /bin/grep -E
checking for ANSI C header files... yes
checking for sys/types.h... yes
checking for sys/stat.h... yes
checking for stdlib.h... yes
checking for string.h... yes
checking for memory.h... yes
checking for strings.h... yes
checking for inttypes.h... yes
checking for stdint.h... yes
checking for unistd.h... yes
checking curl/curl.h usability... yes
checking curl/curl.h presence... yes
checking for curl/curl.h... yes
checking whether CURLOPT_FILE is declared... yes
checking whether CURLOPT_URL is declared... yes
checking whether CURLOPT_PORT is declared... yes
checking whether CURLOPT_PROXY is declared... yes
checking whether CURLOPT_USERPWD is declared... yes
checking whether CURLOPT_PROXYUSERPWD is declared... yes
checking whether CURLOPT_RANGE is declared... yes
checking whether CURLOPT_INFILE is declared... yes
checking whether CURLOPT_ERRORBUFFER is declared... yes
checking whether CURLOPT_WRITEFUNCTION is declared... yes
checking whether CURLOPT_READFUNCTION is declared... yes
checking whether CURLOPT_TIMEOUT is declared... yes
checking whether CURLOPT_INFILESIZE is declared... yes
checking whether CURLOPT_POSTFIELDS is declared... yes
checking whether CURLOPT_REFERER is declared... yes
checking whether CURLOPT_FTPPORT is declared... yes
checking whether CURLOPT_USERAGENT is declared... yes
checking whether CURLOPT_LOW_SPEED_LIMIT is declared... yes
checking whether CURLOPT_LOW_SPEED_TIME is declared... yes
checking whether CURLOPT_RESUME_FROM is declared... yes
checking whether CURLOPT_COOKIE is declared... yes
checking whether CURLOPT_HTTPHEADER is declared... yes
checking whether CURLOPT_HTTPPOST is declared... yes
checking whether CURLOPT_SSLCERT is declared... yes
checking whether CURLOPT_SSLCERTPASSWD is declared... yes
checking whether CURLOPT_SSLKEYPASSWD is declared... yes
checking whether CURLOPT_CRLF is declared... yes
checking whether CURLOPT_QUOTE is declared... yes
checking whether CURLOPT_WRITEHEADER is declared... yes
checking whether CURLOPT_COOKIEFILE is declared... yes
checking whether CURLOPT_SSLVERSION is declared... yes
checking whether CURLOPT_TIMECONDITION is declared... yes
checking whether CURLOPT_TIMEVALUE is declared... yes
checking whether CURLOPT_CUSTOMREQUEST is declared... yes
checking whether CURLOPT_STDERR is declared... yes
checking whether CURLOPT_POSTQUOTE is declared... yes
checking whether CURLOPT_WRITEINFO is declared... yes
checking whether CURLOPT_VERBOSE is declared... yes
checking whether CURLOPT_HEADER is declared... yes
checking whether CURLOPT_NOPROGRESS is declared... yes
checking whether CURLOPT_NOBODY is declared... yes
checking whether CURLOPT_FAILONERROR is declared... yes
checking whether CURLOPT_UPLOAD is declared... yes
checking whether CURLOPT_POST is declared... yes
checking whether CURLOPT_FTPLISTONLY is declared... yes
checking whether CURLOPT_FTPAPPEND is declared... yes
checking whether CURLOPT_NETRC is declared... yes
checking whether CURLOPT_FOLLOWLOCATION is declared... yes
checking whether CURLOPT_TRANSFERTEXT is declared... yes
checking whether CURLOPT_PUT is declared... yes
checking whether CURLOPT_PROGRESSFUNCTION is declared... yes
checking whether CURLOPT_PROGRESSDATA is declared... yes
checking whether CURLOPT_AUTOREFERER is declared... yes
checking whether CURLOPT_PROXYPORT is declared... yes
checking whether CURLOPT_POSTFIELDSIZE is declared... yes
checking whether CURLOPT_HTTPPROXYTUNNEL is declared... yes
checking whether CURLOPT_INTERFACE is declared... yes
checking whether CURLOPT_KRB4LEVEL is declared... yes
checking whether CURLOPT_SSL_VERIFYPEER is declared... yes
checking whether CURLOPT_CAINFO is declared... yes
checking whether CURLOPT_MAXREDIRS is declared... yes
checking whether CURLOPT_FILETIME is declared... yes
checking whether CURLOPT_TELNETOPTIONS is declared... yes
checking whether CURLOPT_MAXCONNECTS is declared... yes
checking whether CURLOPT_CLOSEPOLICY is declared... yes
checking whether CURLOPT_FRESH_CONNECT is declared... yes
checking whether CURLOPT_FORBID_REUSE is declared... yes
checking whether CURLOPT_RANDOM_FILE is declared... yes
checking whether CURLOPT_EGDSOCKET is declared... yes
checking whether CURLOPT_CONNECTTIMEOUT is declared... yes
checking whether CURLOPT_HEADERFUNCTION is declared... yes
checking whether CURLOPT_HTTPGET is declared... yes
checking whether CURLOPT_SSL_VERIFYHOST is declared... yes
checking whether CURLOPT_COOKIEJAR is declared... yes
checking whether CURLOPT_SSL_CIPHER_LIST is declared... yes
checking whether CURLOPT_HTTP_VERSION is declared... yes
checking whether CURLOPT_FTP_USE_EPSV is declared... yes
checking whether CURLOPT_SSLCERTTYPE is declared... yes
checking whether CURLOPT_SSLKEY is declared... yes
checking whether CURLOPT_SSLKEYTYPE is declared... yes
checking whether CURLOPT_SSLENGINE is declared... yes
checking whether CURLOPT_SSLENGINE_DEFAULT is declared... yes
checking whether CURLOPT_DNS_USE_GLOBAL_CACHE is declared... yes
checking whether CURLOPT_DNS_CACHE_TIMEOUT is declared... yes
checking whether CURLOPT_PREQUOTE is declared... yes
checking whether CURLOPT_DEBUGFUNCTION is declared... yes
checking whether CURLOPT_DEBUGDATA is declared... yes
checking whether CURLOPT_COOKIESESSION is declared... yes
checking whether CURLOPT_CAPATH is declared... yes
checking whether CURLOPT_BUFFERSIZE is declared... yes
checking whether CURLOPT_NOSIGNAL is declared... yes
checking whether CURLOPT_SHARE is declared... yes
checking whether CURLOPT_PROXYTYPE is declared... yes
checking whether CURLOPT_ENCODING is declared... yes
checking whether CURLOPT_PRIVATE is declared... yes
checking whether CURLOPT_HTTP200ALIASES is declared... yes
checking whether CURLOPT_UNRESTRICTED_AUTH is declared... yes
checking whether CURLOPT_FTP_USE_EPRT is declared... yes
checking whether CURLOPT_HTTPAUTH is declared... yes
checking whether CURLOPT_FTP_CREATE_MISSING_DIRS is declared... yes
checking whether CURLOPT_PROXYAUTH is declared... yes
checking whether CURLOPT_FTP_RESPONSE_TIMEOUT is declared... yes
checking whether CURLOPT_IPRESOLVE is declared... yes
checking whether CURLOPT_MAXFILESIZE is declared... yes
checking whether CURLOPT_INFILESIZE_LARGE is declared... yes
checking whether CURLOPT_RESUME_FROM_LARGE is declared... yes
checking whether CURLOPT_MAXFILESIZE_LARGE is declared... yes
checking whether CURLOPT_NETRC_FILE is declared... yes
checking whether CURLOPT_FTP_SSL is declared... yes
checking whether CURLOPT_POSTFIELDSIZE_LARGE is declared... yes
checking whether CURLOPT_TCP_NODELAY is declared... yes
checking whether CURLOPT_FTPSSLAUTH is declared... yes
checking whether CURLOPT_IOCTLFUNCTION is declared... yes
checking whether CURLOPT_FTP_ACCOUNT is declared... yes
checking whether CURLOPT_COOKIELIST is declared... yes
checking whether CURLOPT_IGNORE_CONTENT_LENGTH is declared... yes
checking whether CURLOPT_FTP_SKIP_PASV_IP is declared... yes
checking whether CURLOPT_FTP_FILEMETHOD is declared... yes
checking whether CURLOPT_LOCALPORT is declared... yes
checking whether CURLOPT_LOCALPORTRANGE is declared... yes
checking whether CURLOPT_CONNECT_ONLY is declared... yes
checking whether CURLOPT_MAX_SEND_SPEED_LARGE is declared... yes
checking whether CURLOPT_MAX_RECV_SPEED_LARGE is declared... yes
checking whether CURLOPT_FTP_ALTERNATIVE_TO_USER is declared... yes
checking whether CURLOPT_SSL_SESSIONID_CACHE is declared... yes
checking whether CURLOPT_SSH_AUTH_TYPES is declared... yes
checking whether CURLOPT_SSH_PUBLIC_KEYFILE is declared... yes
checking whether CURLOPT_SSH_PRIVATE_KEYFILE is declared... yes
checking whether CURLOPT_FTP_SSL_CCC is declared... yes
checking whether CURLOPT_TIMEOUT_MS is declared... yes
checking whether CURLOPT_CONNECTTIMEOUT_MS is declared... yes
checking whether CURLOPT_HTTP_TRANSFER_DECODING is declared... yes
checking whether CURLOPT_HTTP_CONTENT_DECODING is declared... yes
checking whether CURLOPT_NEW_FILE_PERMS is declared... yes
checking whether CURLOPT_NEW_DIRECTORY_PERMS is declared... yes
checking whether CURLOPT_POST301 is declared... yes
checking whether CURLOPT_SSH_HOST_PUBLIC_KEY_MD5 is declared... yes
checking whether CURLOPT_COPYPOSTFIELDS is declared... yes
checking whether CURLOPT_PROXY_TRANSFER_MODE is declared... yes
checking whether CURLOPT_SEEKFUNCTION is declared... yes
checking whether CURLOPT_OPENSOCKETFUNCTION is declared... yes
checking whether CURLOPT_PROTOCOLS is declared... yes
checking whether CURLOPT_REDIR_PROTOCOLS is declared... yes
checking whether CURLOPT_RESOLVE is declared... yes
checking whether CURLOPT_DNS_SERVERS is declared... yes
checking whether CURLINFO_EFFECTIVE_URL is declared... yes
checking whether CURLINFO_RESPONSE_CODE is declared... yes
checking whether CURLINFO_TOTAL_TIME is declared... yes
checking whether CURLINFO_NAMELOOKUP_TIME is declared... yes
checking whether CURLINFO_CONNECT_TIME is declared... yes
checking whether CURLINFO_PRETRANSFER_TIME is declared... yes
checking whether CURLINFO_SIZE_UPLOAD is declared... yes
checking whether CURLINFO_SIZE_DOWNLOAD is declared... yes
checking whether CURLINFO_SPEED_DOWNLOAD is declared... yes
checking whether CURLINFO_SPEED_UPLOAD is declared... yes
checking whether CURLINFO_HEADER_SIZE is declared... yes
checking whether CURLINFO_REQUEST_SIZE is declared... yes
checking whether CURLINFO_SSL_VERIFYRESULT is declared... yes
checking whether CURLINFO_FILETIME is declared... yes
checking whether CURLINFO_CONTENT_LENGTH_DOWNLOAD is declared... yes
checking whether CURLINFO_CONTENT_LENGTH_UPLOAD is declared... yes
checking whether CURLINFO_STARTTRANSFER_TIME is declared... yes
checking whether CURLINFO_CONTENT_TYPE is declared... yes
checking whether CURLINFO_REDIRECT_TIME is declared... yes
checking whether CURLINFO_REDIRECT_COUNT is declared... yes
checking whether CURLINFO_PRIVATE is declared... yes
checking whether CURLINFO_HTTP_CONNECTCODE is declared... yes
checking whether CURLINFO_HTTPAUTH_AVAIL is declared... yes
checking whether CURLINFO_PROXYAUTH_AVAIL is declared... yes
checking whether CURLINFO_OS_ERRNO is declared... yes
checking whether CURLINFO_NUM_CONNECTS is declared... yes
checking whether CURLINFO_SSL_ENGINES is declared... yes
checking whether CURLINFO_COOKIELIST is declared... yes
checking whether CURLINFO_LASTSOCKET is declared... yes
checking whether CURLINFO_FTP_ENTRY_PATH is declared... yes
checking whether CURLINFO_REDIRECT_URL is declared... yes
checking whether CURLINFO_PRIMARY_IP is declared... yes
checking whether CURLINFO_LOCAL_IP is declared... yes
checking whether CURLINFO_LOCAL_PORT is declared... yes
checking whether CURLINFO_CONDITION_UNMET is declared... yes
checking whether CURLE_UNSUPPORTED_PROTOCOL is declared... yes
checking whether CURLE_FAILED_INIT is declared... yes
checking whether CURLE_URL_MALFORMAT is declared... yes
checking whether CURLE_URL_MALFORMAT_USER is declared... yes
checking whether CURLE_COULDNT_RESOLVE_PROXY is declared... yes
checking whether CURLE_COULDNT_RESOLVE_HOST is declared... yes
checking whether CURLE_COULDNT_CONNECT is declared... yes
checking whether CURLE_FTP_WEIRD_SERVER_REPLY is declared... yes
checking whether CURLE_FTP_ACCESS_DENIED is declared... yes
checking whether CURLE_FTP_USER_PASSWORD_INCORRECT is declared... yes
checking whether CURLE_FTP_WEIRD_PASS_REPLY is declared... yes
checking whether CURLE_FTP_WEIRD_USER_REPLY is declared... yes
checking whether CURLE_FTP_WEIRD_PASV_REPLY is declared... yes
checking whether CURLE_FTP_WEIRD_227_FORMAT is declared... yes
checking whether CURLE_FTP_CANT_GET_HOST is declared... yes
checking whether CURLE_FTP_CANT_RECONNECT is declared... yes
checking whether CURLE_FTP_COULDNT_SET_BINARY is declared... yes
checking whether CURLE_PARTIAL_FILE is declared... yes
checking whether CURLE_FTP_COULDNT_RETR_FILE is declared... yes
checking whether CURLE_FTP_WRITE_ERROR is declared... yes
checking whether CURLE_FTP_QUOTE_ERROR is declared... yes
checking whether CURLE_HTTP_RETURNED_ERROR is declared... yes
checking whether CURLE_WRITE_ERROR is declared... yes
checking whether CURLE_MALFORMAT_USER is declared... yes
checking whether CURLE_FTP_COULDNT_STOR_FILE is declared... yes
checking whether CURLE_READ_ERROR is declared... yes
checking whether CURLE_OUT_OF_MEMORY is declared... yes
checking whether CURLE_OPERATION_TIMEOUTED is declared... yes
checking whether CURLE_FTP_COULDNT_SET_ASCII is declared... yes
checking whether CURLE_FTP_PORT_FAILED is declared... yes
checking whether CURLE_FTP_COULDNT_USE_REST is declared... yes
checking whether CURLE_FTP_COULDNT_GET_SIZE is declared... yes
checking whether CURLE_HTTP_RANGE_ERROR is declared... yes
checking whether CURLE_HTTP_POST_ERROR is declared... yes
checking whether CURLE_SSL_CONNECT_ERROR is declared... yes
checking whether CURLE_BAD_DOWNLOAD_RESUME is declared... yes
checking whether CURLE_FILE_COULDNT_READ_FILE is declared... yes
checking whether CURLE_LDAP_CANNOT_BIND is declared... yes
checking whether CURLE_LDAP_SEARCH_FAILED is declared... yes
checking whether CURLE_LIBRARY_NOT_FOUND is declared... yes
checking whether CURLE_FUNCTION_NOT_FOUND is declared... yes
checking whether CURLE_ABORTED_BY_CALLBACK is declared... yes
checking whether CURLE_BAD_FUNCTION_ARGUMENT is declared... yes
checking whether CURLE_BAD_CALLING_ORDER is declared... yes
checking whether CURLE_INTERFACE_FAILED is declared... yes
checking whether CURLE_BAD_PASSWORD_ENTERED is declared... yes
checking whether CURLE_TOO_MANY_REDIRECTS is declared... yes
checking whether CURLE_UNKNOWN_TELNET_OPTION is declared... yes
checking whether CURLE_TELNET_OPTION_SYNTAX is declared... yes
checking whether CURLE_SSL_PEER_CERTIFICATE is declared... yes
checking whether CURLE_GOT_NOTHING is declared... yes
checking whether CURLE_SSL_ENGINE_NOTFOUND is declared... yes
checking whether CURLE_SSL_ENGINE_SETFAILED is declared... yes
checking whether CURLE_SEND_ERROR is declared... yes
checking whether CURLE_RECV_ERROR is declared... yes
checking whether CURLE_SHARE_IN_USE is declared... yes
checking whether CURLE_SSL_CERTPROBLEM is declared... yes
checking whether CURLE_SSL_CIPHER is declared... yes
checking whether CURLE_SSL_CACERT is declared... yes
checking whether CURLE_BAD_CONTENT_ENCODING is declared... yes
checking whether CURLE_LDAP_INVALID_URL is declared... yes
checking whether CURLE_FILESIZE_EXCEEDED is declared... yes
checking whether CURLE_FTP_SSL_FAILED is declared... yes
checking whether CURLE_SEND_FAIL_REWIND is declared... yes
checking whether CURLE_SSL_ENGINE_INITFAILED is declared... yes
checking whether CURLE_LOGIN_DENIED is declared... yes
checking whether CURLE_TFTP_NOTFOUND is declared... yes
checking whether CURLE_TFTP_PERM is declared... yes
checking whether CURLE_REMOTE_DISK_FULL is declared... yes
checking whether CURLE_TFTP_ILLEGAL is declared... yes
checking whether CURLE_TFTP_UNKNOWNID is declared... yes
checking whether CURLE_REMOTE_FILE_EXISTS is declared... yes
checking whether CURLE_TFTP_NOSUCHUSER is declared... yes
checking whether CURLE_CONV_FAILED is declared... yes
checking whether CURLE_CONV_REQD is declared... yes
checking whether CURLE_SSL_CACERT_BADFILE is declared... yes
checking whether CURLE_REMOTE_FILE_NOT_FOUND is declared... yes
checking whether CURLE_SSH is declared... yes
checking whether CURLE_SSL_SHUTDOWN_FAILED is declared... yes
checking whether CURLE_AGAIN is declared... yes
checking whether CURL_VERSION_TLSAUTH_SRP is declared... yes
checking whether CURL_VERSION_NTLM_WB is declared... yes
configure: creating ./config.status
config.status: creating Makefile
config.status: creating examples/Makefile
config.status: creating config.h
make[1]: Entering directory `/home/opam/.opam/system/build/ocurl.0.7.1'
make[1]: Leaving directory `/home/opam/.opam/system/build/ocurl.0.7.1'
make[1]: Entering directory `/home/opam/.opam/system/build/ocurl.0.7.1'
ocamlc.opt -c  curl.mli -o curl.cmi
ocamlc.opt -c  curl.ml -o curl.cmo
ocamlc.opt -c -ccopt "-g -O2   -DHAVE_CONFIG_H -Wall" curl-helper.c
ocamlmklib -oc curl-helper curl-helper.o -lcurl  
ocamlmklib -o curl curl.cmo -oc curl-helper -lcurl  
ocamlopt.opt -c  curl.ml -o curl.cmx
ocamlmklib -o curl curl.cmx -oc curl-helper -lcurl  
(cd examples; make)
make[2]: Entering directory `/home/opam/.opam/system/build/ocurl.0.7.1/examples'
ocamlc.opt -thread -c -I ..  ocurl.ml -o ocurl.cmo
ocamlc.opt -thread -custom -I .. -ccopt -L.. curl.cma unix.cma threads.cma ocurl.cmo -o ocurl
ocamlc.opt -thread -c -I ..  oput.ml -o oput.cmo
ocamlc.opt -thread -custom -I .. -ccopt -L.. curl.cma unix.cma threads.cma oput.cmo -o oput
ocamlc.opt -thread -c -I ..  ominimal.ml -o ominimal.cmo
ocamlc.opt -thread -custom -I .. -ccopt -L.. curl.cma unix.cma threads.cma ominimal.cmo -o ominimal
ocamlc.opt -thread -c -I ..  ossl.ml -o ossl.cmo
ocamlc.opt -thread -custom -I .. -ccopt -L.. curl.cma unix.cma threads.cma ossl.cmo -o ossl
ocamlc.opt -thread -c -I ..  ocurl_test_threads.ml -o ocurl_test_threads.cmo
ocamlc.opt -thread -custom -I .. -ccopt -L.. curl.cma unix.cma threads.cma ocurl_test_threads.cmo -o ocurl_test_threads
ocamlc.opt -thread -c -I ..  opar.ml -o opar.cmo
ocamlc.opt -thread -custom -I .. -ccopt -L.. curl.cma unix.cma threads.cma opar.cmo -o opar
ocamlc.opt -thread -c -I ..  test_cb_exn.ml -o test_cb_exn.cmo
ocamlc.opt -thread -custom -I .. -ccopt -L.. curl.cma unix.cma threads.cma test_cb_exn.cmo -o test_cb_exn
ocamlopt.opt -thread -c -I ..  ocurl.ml -o ocurl.cmx
ocamlopt.opt -thread -I .. -ccopt -L.. curl.cmxa unix.cmxa threads.cmxa ocurl.cmx -o ocurl.opt
ocamlopt.opt -thread -c -I ..  oput.ml -o oput.cmx
ocamlopt.opt -thread -I .. -ccopt -L.. curl.cmxa unix.cmxa threads.cmxa oput.cmx -o oput.opt
ocamlopt.opt -thread -c -I ..  ominimal.ml -o ominimal.cmx
ocamlopt.opt -thread -I .. -ccopt -L.. curl.cmxa unix.cmxa threads.cmxa ominimal.cmx -o ominimal.opt
ocamlopt.opt -thread -c -I ..  ossl.ml -o ossl.cmx
ocamlopt.opt -thread -I .. -ccopt -L.. curl.cmxa unix.cmxa threads.cmxa ossl.cmx -o ossl.opt
ocamlopt.opt -thread -c -I ..  ocurl_test_threads.ml -o ocurl_test_threads.cmx
ocamlopt.opt -thread -I .. -ccopt -L.. curl.cmxa unix.cmxa threads.cmxa ocurl_test_threads.cmx -o ocurl_test_threads.opt
ocamlopt.opt -thread -c -I ..  opar.ml -o opar.cmx
ocamlopt.opt -thread -I .. -ccopt -L.. curl.cmxa unix.cmxa threads.cmxa opar.cmx -o opar.opt
ocamlopt.opt -thread -c -I ..  test_cb_exn.ml -o test_cb_exn.cmx
ocamlopt.opt -thread -I .. -ccopt -L.. curl.cmxa unix.cmxa threads.cmxa test_cb_exn.cmx -o test_cb_exn.opt
make[2]: Leaving directory `/home/opam/.opam/system/build/ocurl.0.7.1/examples'
make[1]: Leaving directory `/home/opam/.opam/system/build/ocurl.0.7.1'
ocamlfind install -patch-version 0.7.1 -ldconf ignore curl META curl.a curl.cmi curl.mli curl.cma libcurl-helper.a dllcurl-helper.so curl.cmxa
Installed /home/opam/.opam/system/lib/curl/curl.cmxa
Installed /home/opam/.opam/system/lib/curl/libcurl-helper.a
Installed /home/opam/.opam/system/lib/curl/curl.cma
Installed /home/opam/.opam/system/lib/curl/curl.mli
Installed /home/opam/.opam/system/lib/curl/curl.cmi
Installed /home/opam/.opam/system/lib/curl/curl.a
Installed /home/opam/.opam/system/lib/curl/META
Installed /home/opam/.opam/system/lib/stublibs/dllcurl-helper.so
Installed /home/opam/.opam/system/lib/stublibs/dllcurl-helper.so.owner
Installing ocurl.0.7.1.

=-=-= Installing omake.0.9.8.6-0.rc1 =-=-=
default    Synchronizing with /home/opam/opam-repository/archives/omake.0.9.8.6-0.rc1+opam.tar.gz
sending incremental file list
omake.0.9.8.6-0.rc1+opam.tar.gz

sent 3,246,957 bytes  received 35 bytes  6,493,984.00 bytes/sec
total size is 3,246,029  speedup is 1.00
Applying opam.patch.
patching file OMakefile
Applying fam.patch.
patching file lib/configure/Configure.om
Applying readline.patch.
patching file lib/configure/readline.om
Building omake.0.9.8.6-0.rc1:
  make bootstrap PREFIX=/home/opam/.opam/system
  make all PREFIX=/home/opam/.opam/system
  make install PREFIX=/home/opam/.opam/system
mkdir -p boot
ln -sf ../src/Makefile boot/Makefile
make[1]: Entering directory `/home/opam/.opam/system/build/omake.0.9.8.6-0.rc1/boot'
ln -sf ../src/clib/omake_shell_sys.c omake_shell_sys.c
ln -sf ../src/clib/readline.c readline.c
ln -sf ../src/clib/../libmojave-external/cutil/lm_heap.c lm_heap.c
ln -sf ../src/clib/../libmojave-external/cutil/lm_heap.h lm_heap.h
ln -sf ../src/clib/../libmojave-external/cutil/lm_channel.c lm_channel.c
ln -sf ../src/clib/../libmojave-external/cutil/lm_compat_win32.c lm_compat_win32.c
ln -sf ../src/clib/../libmojave-external/cutil/lm_compat_win32.h lm_compat_win32.h
ln -sf ../src/clib/../libmojave-external/cutil/lm_ctype.c lm_ctype.c
ln -sf ../src/clib/../libmojave-external/cutil/lm_printf.c lm_printf.c
ln -sf ../src/clib/../libmojave-external/cutil/lm_uname_ext.c lm_uname_ext.c
ln -sf ../src/clib/../libmojave-external/cutil/lm_unix_cutil.c lm_unix_cutil.c
ln -sf ../src/clib/../libmojave-external/cutil/unixsupport.h unixsupport.h
ln -sf ../src/clib/../libmojave-external/cutil/fam_win32.c fam_win32.c
ln -sf ../src/clib/../libmojave-external/cutil/fam_kqueue.c fam_kqueue.c
ln -sf ../src/clib/../libmojave-external/cutil/fam_inotify.c fam_inotify.c
ln -sf ../src/clib/../libmojave-external/cutil/fam_pseudo.h fam_pseudo.h
ln -sf ../src/clib/../libmojave-external/cutil/lm_notify.c lm_notify.c
ln -sf ../src/clib/../libmojave-external/cutil/inotify.h inotify.h
ln -sf ../src/clib/../libmojave-external/cutil/inotify-syscalls.h inotify-syscalls.h
ln -sf ../src/clib/../libmojave-external/cutil/inotify.om inotify.om
ln -sf ../src/clib/../libmojave-external/cutil/lm_termsize.c lm_termsize.c
ln -sf ../src/clib/../libmojave-external/cutil/lm_terminfo.c lm_terminfo.c
ln -sf ../src/clib/../libmojave-external/cutil/lm_fs_case_sensitive.c lm_fs_case_sensitive.c
ln -sf ../src/libmojave/../libmojave-external/stdlib/lm_printf.ml lm_printf.ml
ln -sf ../src/libmojave/../libmojave-external/stdlib/lm_debug.ml lm_debug.ml
ln -sf ../src/libmojave/../libmojave-external/stdlib/lm_heap.ml lm_heap.ml
ln -sf ../src/libmojave/../libmojave-external/stdlib/lm_list_util.ml lm_list_util.ml
ln -sf ../src/libmojave/../libmojave-external/stdlib/lm_array_util.ml lm_array_util.ml
ln -sf ../src/libmojave/../libmojave-external/stdlib/lm_set_sig.ml lm_set_sig.ml
ln -sf ../src/libmojave/../libmojave-external/stdlib/lm_set.ml lm_set.ml
ln -sf ../src/libmojave/../libmojave-external/stdlib/lm_map_sig.ml lm_map_sig.ml
ln -sf ../src/libmojave/../libmojave-external/stdlib/lm_map.ml lm_map.ml
ln -sf ../src/libmojave/../libmojave-external/stdlib/lm_int_set.ml lm_int_set.ml
ln -sf ../src/libmojave/../libmojave-external/stdlib/lm_index.ml lm_index.ml
ln -sf ../src/libmojave/../libmojave-external/stdlib/lm_thread_sig.ml lm_thread_sig.ml
ln -sf ../src/libmojave/../libmojave-external/stdlib/lm_thread.ml lm_thread.ml
ln -sf ../src/libmojave/../libmojave-external/stdlib/lm_string_util.ml lm_string_util.ml
ln -sf ../src/libmojave/../libmojave-external/stdlib/lm_string_set.ml lm_string_set.ml
ln -sf ../src/libmojave/../libmojave-external/stdlib/lm_printf.mli lm_printf.mli
ln -sf ../src/libmojave/../libmojave-external/stdlib/lm_debug.mli lm_debug.mli
ln -sf ../src/libmojave/../libmojave-external/stdlib/lm_list_util.mli lm_list_util.mli
ln -sf ../src/libmojave/../libmojave-external/stdlib/lm_array_util.mli lm_array_util.mli
ln -sf ../src/libmojave/../libmojave-external/stdlib/lm_set.mli lm_set.mli
ln -sf ../src/libmojave/../libmojave-external/stdlib/lm_map.mli lm_map.mli
ln -sf ../src/libmojave/../libmojave-external/stdlib/lm_int_set.mli lm_int_set.mli
ln -sf ../src/libmojave/../libmojave-external/stdlib/lm_index.mli lm_index.mli
ln -sf ../src/libmojave/../libmojave-external/stdlib/lm_thread_core.mli lm_thread_core.mli
ln -sf ../src/libmojave/../libmojave-external/stdlib/lm_thread.mli lm_thread.mli
ln -sf ../src/libmojave/../libmojave-external/stdlib/lm_string_util.mli lm_string_util.mli
ln -sf ../src/libmojave/../libmojave-external/stdlib/lm_string_set.mli lm_string_set.mli
ln -sf ../src/libmojave/../libmojave-external/stdlib/lm_thread_pool.mli lm_thread_pool.mli
ln -sf ../src/libmojave/../libmojave-external/util/lm_arg.ml lm_arg.ml
ln -sf ../src/libmojave/../libmojave-external/util/lm_hash_sig.ml lm_hash_sig.ml
ln -sf ../src/libmojave/../libmojave-external/util/lm_hash.ml lm_hash.ml
ln -sf ../src/libmojave/../libmojave-external/util/lm_location.ml lm_location.ml
ln -sf ../src/libmojave/../libmojave-external/util/lm_position.ml lm_position.ml
ln -sf ../src/libmojave/../libmojave-external/util/lm_channel.ml lm_channel.ml
ln -sf ../src/libmojave/../libmojave-external/util/lm_lexer.ml lm_lexer.ml
ln -sf ../src/libmojave/../libmojave-external/util/lm_parser.ml lm_parser.ml
ln -sf ../src/libmojave/../libmojave-external/util/lm_glob.ml lm_glob.ml
ln -sf ../src/libmojave/../libmojave-external/util/lm_db.ml lm_db.ml
ln -sf ../src/libmojave/../libmojave-external/util/lm_arg.mli lm_arg.mli
ln -sf ../src/libmojave/../libmojave-external/util/lm_hash.mli lm_hash.mli
ln -sf ../src/libmojave/../libmojave-external/util/lm_location.mli lm_location.mli
ln -sf ../src/libmojave/../libmojave-external/util/lm_position.mli lm_position.mli
ln -sf ../src/libmojave/../libmojave-external/util/lm_channel.mli lm_channel.mli
ln -sf ../src/libmojave/../libmojave-external/util/lm_lexer.mli lm_lexer.mli
ln -sf ../src/libmojave/../libmojave-external/util/lm_parser.mli lm_parser.mli
ln -sf ../src/libmojave/../libmojave-external/util/lm_glob.mli lm_glob.mli
ln -sf ../src/libmojave/../libmojave-external/util/lm_db.mli lm_db.mli
ln -sf ../src/libmojave/../libmojave-external/util/lm_termsize.ml lm_termsize.ml
ln -sf ../src/libmojave/../libmojave-external/util/lm_termsize.mli lm_termsize.mli
ln -sf ../src/libmojave/../libmojave-external/util/lm_terminfo.ml lm_terminfo.ml
ln -sf ../src/libmojave/../libmojave-external/util/lm_terminfo.mli lm_terminfo.mli
ln -sf ../src/libmojave/../libmojave-external/util/lm_filename_util.ml lm_filename_util.ml
ln -sf ../src/libmojave/../libmojave-external/util/lm_filename_util.mli lm_filename_util.mli
ln -sf ../src/libmojave/../libmojave-external/unix/lm_uname.ml lm_uname.ml
ln -sf ../src/libmojave/../libmojave-external/unix/lm_unix_util.ml lm_unix_util.ml
ln -sf ../src/libmojave/../libmojave-external/unix/lm_uname.mli lm_uname.mli
ln -sf ../src/libmojave/../libmojave-external/unix/lm_unix_util.mli lm_unix_util.mli
ln -sf ../src/libmojave/../libmojave-external/unix/lm_notify.ml lm_notify.ml
ln -sf ../src/libmojave/../libmojave-external/unix/lm_notify.mli lm_notify.mli
ln -sf ../src/libmojave/../libmojave-external/unix/lm_fs_case_sensitive.ml lm_fs_case_sensitive.ml
ln -sf ../src/libmojave/../libmojave-external/unix/lm_fs_case_sensitive.mli lm_fs_case_sensitive.mli
ln -sf ../src/libmojave/../libmojave-external/util/lm_symbol_hash.ml lm_symbol.ml
ln -sf ../src/libmojave/../libmojave-external/util/lm_symbol_hash.mli lm_symbol.mli
ln -sf ../src/libmojave/../libmojave-external/stdlib/lm_thread_pool_null.ml lm_thread_pool.ml
ln -sf ../src/libmojave/../libmojave-external/stdlib/lm_thread_core_null.ml lm_thread_core.ml
ln -sf ../src/util/fmarshal.ml fmarshal.ml
ln -sf ../src/util/ocaml_patch.mli ocaml_patch.mli
ln -sf ../src/util/omake_handle_table.ml omake_handle_table.ml
ln -sf ../src/util/omake_marshal.ml omake_marshal.ml
ln -sf ../src/util/omake_print_util.ml omake_print_util.ml
ln -sf ../src/util/omake_print_util.mli omake_print_util.mli
ln -sf ../src/util/omake_printf.ml omake_printf.ml
ln -sf ../src/util/omake_readline.ml omake_readline.ml
ln -sf ../src/util/omake_readline.mli omake_readline.mli
ln -sf ../src/util/omake_util.ml omake_util.ml
ln -sf ../src/util/omake_util.mli omake_util.mli
ln -sf ../src/util/omake_wild.ml omake_wild.ml
ln -sf ../src/util/omake_wild.mli omake_wild.mli
ln -sf ../src/util/ocaml_patch_unix.ml ocaml_patch.ml
ln -sf ../src/magic/omake_gen_magic.ml omake_gen_magic.ml
ln -sf ../src/ir/omake_cache.ml omake_cache.ml
ln -sf ../src/ir/omake_cache.mli omake_cache.mli
ln -sf ../src/ir/omake_cache_type.ml omake_cache_type.ml
ln -sf ../src/ir/omake_command.ml omake_command.ml
ln -sf ../src/ir/omake_command.mli omake_command.mli
ln -sf ../src/ir/omake_command_type.ml omake_command_type.ml
ln -sf ../src/ir/omake_install.ml omake_install.ml
ln -sf ../src/ir/omake_install.mli omake_install.mli
ln -sf ../src/ir/omake_ir.ml omake_ir.ml
ln -sf ../src/ir/omake_ir_free_vars.ml omake_ir_free_vars.ml
ln -sf ../src/ir/omake_ir_free_vars.mli omake_ir_free_vars.mli
ln -sf ../src/ir/omake_ir_print.ml omake_ir_print.ml
ln -sf ../src/ir/omake_ir_print.mli omake_ir_print.mli
ln -sf ../src/ir/omake_ir_util.ml omake_ir_util.ml
ln -sf ../src/ir/omake_ir_util.mli omake_ir_util.mli
ln -sf ../src/ir/omake_lexer.ml omake_lexer.ml
ln -sf ../src/ir/omake_node.ml omake_node.ml
ln -sf ../src/ir/omake_node.mli omake_node.mli
ln -sf ../src/ir/omake_node_sig.ml omake_node_sig.ml
ln -sf ../src/ir/omake_node_type.ml omake_node_type.ml
ln -sf ../src/ir/omake_options.ml omake_options.ml
ln -sf ../src/ir/omake_options.mli omake_options.mli
ln -sf ../src/ir/omake_parser.ml omake_parser.ml
ln -sf ../src/ir/omake_pos.ml omake_pos.ml
ln -sf ../src/ir/omake_pos.mli omake_pos.mli
ln -sf ../src/ir/omake_shell_type.ml omake_shell_type.ml
ln -sf ../src/ir/omake_state.ml omake_state.ml
ln -sf ../src/ir/omake_state.mli omake_state.mli
ln -sf ../src/ir/omake_symbol.ml omake_symbol.ml
ln -sf ../src/ir/omake_value_print.ml omake_value_print.ml
ln -sf ../src/ir/omake_value_print.mli omake_value_print.mli
ln -sf ../src/ir/omake_value_type.ml omake_value_type.ml
ln -sf ../src/ir/omake_var.ml omake_var.ml
ln -sf ../src/ir/omake_var.mli omake_var.mli
ln -sf ../src/ir/omake_virtual_id.ml omake_virtual_id.ml
ln -sf ../src/ir/omake_virtual_id.mli omake_virtual_id.mli
ln -sf ../src/exec/omake_exec.ml omake_exec.ml
ln -sf ../src/exec/omake_exec.mli omake_exec.mli
ln -sf ../src/exec/omake_exec_id.ml omake_exec_id.ml
ln -sf ../src/exec/omake_exec_id.mli omake_exec_id.mli
ln -sf ../src/exec/omake_exec_local.ml omake_exec_local.ml
ln -sf ../src/exec/omake_exec_local.mli omake_exec_local.mli
ln -sf ../src/exec/omake_exec_notify.ml omake_exec_notify.ml
ln -sf ../src/exec/omake_exec_notify.mli omake_exec_notify.mli
ln -sf ../src/exec/omake_exec_print.ml omake_exec_print.ml
ln -sf ../src/exec/omake_exec_print.mli omake_exec_print.mli
ln -sf ../src/exec/omake_exec_remote.ml omake_exec_remote.ml
ln -sf ../src/exec/omake_exec_remote.mli omake_exec_remote.mli
ln -sf ../src/exec/omake_exec_type.ml omake_exec_type.ml
ln -sf ../src/exec/omake_exec_util.ml omake_exec_util.ml
ln -sf ../src/exec/omake_exec_util.mli omake_exec_util.mli
ln -sf ../src/ast/omake_ast.ml omake_ast.ml
ln -sf ../src/ast/omake_ast_print.ml omake_ast_print.ml
ln -sf ../src/ast/omake_ast_print.mli omake_ast_print.mli
ln -sf ../src/ast/omake_ast_util.ml omake_ast_util.ml
ln -sf ../src/ast/omake_ast_util.mli omake_ast_util.mli
ln -sf ../src/env/omake_ast_lex.mli omake_ast_lex.mli
ln -sf ../src/env/omake_command_digest.ml omake_command_digest.ml
ln -sf ../src/env/omake_command_digest.mli omake_command_digest.mli
ln -sf ../src/env/omake_env.ml omake_env.ml
ln -sf ../src/env/omake_env.mli omake_env.mli
ln -sf ../src/env/omake_exn_print.ml omake_exn_print.ml
ln -sf ../src/env/omake_exn_print.mli omake_exn_print.mli
ln -sf ../src/env/omake_exp_lex.ml omake_exp_lex.ml
ln -sf ../src/env/omake_exp_lex.mli omake_exp_lex.mli
ln -sf ../src/env/omake_gen_parse.ml omake_gen_parse.ml
ln -sf ../src/env/omake_ir_ast.ml omake_ir_ast.ml
ln -sf ../src/env/omake_ir_ast.mli omake_ir_ast.mli
ln -sf ../src/env/omake_ir_semant.ml omake_ir_semant.ml
ln -sf ../src/env/omake_ir_semant.mli omake_ir_semant.mli
ln -sf ../src/env/omake_ast_lex.mll omake_ast_lex.mll
ln -sf ../src/env/omake_ast_parse.input omake_ast_parse.input
ln -sf ../src/env/omake_exp_parse.mly omake_exp_parse.mly
ln -sf ../src/shell/omake_shell_completion.ml omake_shell_completion.ml
ln -sf ../src/shell/omake_shell_completion.mli omake_shell_completion.mli
ln -sf ../src/shell/omake_shell_job.ml omake_shell_job.ml
ln -sf ../src/shell/omake_shell_job.mli omake_shell_job.mli
ln -sf ../src/shell/omake_shell_lex.ml omake_shell_lex.ml
ln -sf ../src/shell/omake_shell_lex.mli omake_shell_lex.mli
ln -sf ../src/shell/omake_shell_sys.mli omake_shell_sys.mli
ln -sf ../src/shell/omake_shell_sys_type.ml omake_shell_sys_type.ml
ln -sf ../src/shell/omake_shell_parse.mly omake_shell_parse.mly
ln -sf ../src/shell/omake_shell_sys_unix.ml omake_shell_sys.ml
ln -sf ../src/eval/omake_eval.ml omake_eval.ml
ln -sf ../src/eval/omake_eval.mli omake_eval.mli
ln -sf ../src/eval/omake_value.ml omake_value.ml
ln -sf ../src/eval/omake_value.mli omake_value.mli
ln -sf ../src/build/omake_build.ml omake_build.ml
ln -sf ../src/build/omake_build.mli omake_build.mli
ln -sf ../src/build/omake_build_tee.ml omake_build_tee.ml
ln -sf ../src/build/omake_build_tee.mli omake_build_tee.mli
ln -sf ../src/build/omake_build_type.ml omake_build_type.ml
ln -sf ../src/build/omake_build_util.ml omake_build_util.ml
ln -sf ../src/build/omake_build_util.mli omake_build_util.mli
ln -sf ../src/build/omake_builtin.ml omake_builtin.ml
ln -sf ../src/build/omake_builtin.mli omake_builtin.mli
ln -sf ../src/build/omake_builtin_type.ml omake_builtin_type.ml
ln -sf ../src/build/omake_builtin_util.ml omake_builtin_util.ml
ln -sf ../src/build/omake_builtin_util.mli omake_builtin_util.mli
ln -sf ../src/build/omake_rule.ml omake_rule.ml
ln -sf ../src/build/omake_rule.mli omake_rule.mli
ln -sf ../src/build/omake_target.ml omake_target.ml
ln -sf ../src/build/omake_target.mli omake_target.mli
ln -sf ../src/builtin/omake_builtin_arith.ml omake_builtin_arith.ml
ln -sf ../src/builtin/omake_builtin_arith.mli omake_builtin_arith.mli
ln -sf ../src/builtin/omake_builtin_base.ml omake_builtin_base.ml
ln -sf ../src/builtin/omake_builtin_base.mli omake_builtin_base.mli
ln -sf ../src/builtin/omake_builtin_file.ml omake_builtin_file.ml
ln -sf ../src/builtin/omake_builtin_file.mli omake_builtin_file.mli
ln -sf ../src/builtin/omake_builtin_fun.ml omake_builtin_fun.ml
ln -sf ../src/builtin/omake_builtin_fun.mli omake_builtin_fun.mli
ln -sf ../src/builtin/omake_builtin_io.ml omake_builtin_io.ml
ln -sf ../src/builtin/omake_builtin_io.mli omake_builtin_io.mli
ln -sf ../src/builtin/omake_builtin_io_fun.ml omake_builtin_io_fun.ml
ln -sf ../src/builtin/omake_builtin_io_fun.mli omake_builtin_io_fun.mli
ln -sf ../src/builtin/omake_builtin_object.ml omake_builtin_object.ml
ln -sf ../src/builtin/omake_builtin_object.mli omake_builtin_object.mli
ln -sf ../src/builtin/omake_builtin_rule.ml omake_builtin_rule.ml
ln -sf ../src/builtin/omake_builtin_rule.mli omake_builtin_rule.mli
ln -sf ../src/builtin/omake_builtin_shell.ml omake_builtin_shell.ml
ln -sf ../src/builtin/omake_builtin_shell.mli omake_builtin_shell.mli
ln -sf ../src/builtin/omake_builtin_sys.ml omake_builtin_sys.ml
ln -sf ../src/builtin/omake_builtin_sys.mli omake_builtin_sys.mli
ln -sf ../src/builtin/omake_builtin_target.ml omake_builtin_target.ml
ln -sf ../src/builtin/omake_builtin_target.mli omake_builtin_target.mli
ln -sf ../src/builtin/omake_builtin_test.ml omake_builtin_test.ml
ln -sf ../src/builtin/omake_builtin_test.mli omake_builtin_test.mli
ln -sf ../src/main/cvs_realclean.ml cvs_realclean.ml
ln -sf ../src/main/omake_main.ml omake_main.ml
ln -sf ../src/main/omake_main.mli omake_main.mli
ln -sf ../src/main/omake_shell.ml omake_shell.ml
ln -sf ../src/main/omake_shell.mli omake_shell.mli
ocamllex omake_ast_lex.mll
143 states, 3100 transitions, table size 13258 bytes
ocamlc -g -c omake_gen_parse.ml
ocamlc -g -custom -o omake_gen_parse  unix.cma   omake_gen_parse.cmo
./omake_gen_parse -o omake_ast_parse.mly omake_ast_parse.input
ocamlyacc omake_ast_parse.mly
ocamlyacc omake_exp_parse.mly
ocamlyacc omake_shell_parse.mly
ocamldep  *.ml *.mli > Makefile.dep
make[1]: Leaving directory `/home/opam/.opam/system/build/omake.0.9.8.6-0.rc1/boot'
make[1]: Entering directory `/home/opam/.opam/system/build/omake.0.9.8.6-0.rc1/boot'
make[1]: `Makefile.dep' is up to date.
make[1]: Leaving directory `/home/opam/.opam/system/build/omake.0.9.8.6-0.rc1/boot'
make[1]: Entering directory `/home/opam/.opam/system/build/omake.0.9.8.6-0.rc1/boot'
ocamlc -g -c lm_string_util.mli
ocamlc -g -c omake_gen_magic.ml
ocamlc -g -c lm_printf.mli
ocamlc -g -c lm_printf.ml
ocamlc -g -c lm_debug.mli
ocamlc -g -c lm_debug.ml
ocamlc -g -c lm_heap.ml
ocamlc -g -c lm_list_util.mli
ocamlc -g -c lm_list_util.ml
File "lm_list_util.ml", line 825, characters 14-16:
Warning 3: deprecated feature: operator (or); you should use (||) instead
File "lm_list_util.ml", line 816, characters 32-33:
Warning 3: deprecated feature: operator (&); you should use (&&) instead
File "lm_list_util.ml", line 766, characters 18-19:
Warning 3: deprecated feature: operator (&); you should use (&&) instead
File "lm_list_util.ml", line 579, characters 19-21:
Warning 3: deprecated feature: operator (or); you should use (||) instead
ocamlc -g -c lm_array_util.mli
ocamlc -g -c lm_array_util.ml
File "lm_array_util.ml", line 115, characters 24-26:
Warning 3: deprecated feature: operator (or); you should use (||) instead
File "lm_array_util.ml", line 115, characters 12-13:
Warning 3: deprecated feature: operator (&); you should use (&&) instead
File "lm_array_util.ml", line 88, characters 26-28:
Warning 3: deprecated feature: operator (or); you should use (||) instead
File "lm_array_util.ml", line 88, characters 12-13:
Warning 3: deprecated feature: operator (&); you should use (&&) instead
ocamlc -g -c lm_set_sig.ml
ocamlc -g -c lm_set.mli
ocamlc -g -c lm_set.ml
ocamlc -g -c lm_map_sig.ml
ocamlc -g -c lm_map.mli
ocamlc -g -c lm_map.ml
ocamlc -g -c lm_int_set.mli
ocamlc -g -c lm_int_set.ml
ocamlc -g -c lm_termsize.mli
ocamlc -g -c lm_termsize.ml
ocamlc -g -c lm_terminfo.mli
ocamlc -g -c lm_terminfo.ml
ocamlc -g -c lm_arg.mli
ocamlc -g -c lm_arg.ml
ocamlc -g -c lm_index.mli
ocamlc -g -c lm_index.ml
ocamlc -g -c lm_thread_sig.ml
ocamlc -g -c lm_thread_core.mli
ocamlc -g -c lm_thread_core.ml
ocamlc -g -c lm_thread.mli
ocamlc -g -c lm_thread.ml
ocamlc -g -c lm_string_util.ml
File "lm_string_util.ml", line 1537, characters 28-29:
Warning 3: deprecated feature: operator (&); you should use (&&) instead
File "lm_string_util.ml", line 1281, characters 16-17:
Warning 3: deprecated feature: operator (&); you should use (&&) instead
File "lm_string_util.ml", line 1269, characters 19-20:
Warning 3: deprecated feature: operator (&); you should use (&&) instead
File "lm_string_util.ml", line 1256, characters 60-61:
Warning 3: deprecated feature: operator (&); you should use (&&) instead
File "lm_string_util.ml", line 1256, characters 39-40:
Warning 3: deprecated feature: operator (&); you should use (&&) instead
File "lm_string_util.ml", line 1256, characters 28-29:
Warning 3: deprecated feature: operator (&); you should use (&&) instead
File "lm_string_util.ml", line 1256, characters 19-20:
Warning 3: deprecated feature: operator (&); you should use (&&) instead
File "lm_string_util.ml", line 1242, characters 30-31:
Warning 3: deprecated feature: operator (&); you should use (&&) instead
File "lm_string_util.ml", line 1242, characters 19-20:
Warning 3: deprecated feature: operator (&); you should use (&&) instead
File "lm_string_util.ml", line 100, characters 28-29:
Warning 3: deprecated feature: operator (&); you should use (&&) instead
File "lm_string_util.ml", line 100, characters 16-18:
Warning 3: deprecated feature: operator (or); you should use (||) instead
ocamlc -g -c lm_string_set.mli
ocamlc -g -c lm_string_set.ml
ocamlc -g -c lm_hash_sig.ml
ocamlc -g -c lm_hash.mli
ocamlc -g -c lm_hash.ml
ocamlc -g -c lm_symbol.mli
ocamlc -g -c lm_symbol.ml
ocamlc -g -c lm_location.mli
ocamlc -g -c lm_location.ml
ocamlc -g -c lm_position.mli
ocamlc -g -c lm_position.ml
ocamlc -g -c lm_filename_util.mli
ocamlc -g -c lm_filename_util.ml
File "lm_filename_util.ml", line 415, characters 21-23:
Warning 3: deprecated feature: operator (or); you should use (||) instead
ocamlc -g -c lm_uname.mli
ocamlc -g -c lm_uname.ml
ocamlc -g -c lm_thread_pool.mli
ocamlc -g -c lm_thread_pool.ml
ocamlc -g -c lm_channel.mli
ocamlc -g -c lm_channel.ml
ocamlc -g -c lm_lexer.mli
ocamlc -g -c lm_lexer.ml
ocamlc -g -c lm_parser.mli
ocamlc -g -c lm_parser.ml
ocamlc -g -c lm_unix_util.mli
ocamlc -g -c lm_unix_util.ml
ocamlc -g -c lm_glob.mli
ocamlc -g -c lm_glob.ml
ocamlc -g -c lm_db.mli
ocamlc -g -c lm_db.ml
ocamlc -g -c lm_notify.mli
ocamlc -g -c lm_notify.ml
ocamlc -g -c lm_fs_case_sensitive.mli
ocamlc -g -c lm_fs_case_sensitive.ml
ocamlc -g  -a -o lm.cma lm_printf.cmo lm_debug.cmo lm_heap.cmo lm_list_util.cmo lm_array_util.cmo lm_set_sig.cmo lm_set.cmo lm_map_sig.cmo lm_map.cmo lm_int_set.cmo lm_termsize.cmo lm_terminfo.cmo lm_arg.cmo lm_index.cmo lm_thread_sig.cmo lm_thread_core.cmo lm_thread.cmo lm_string_util.cmo lm_string_set.cmo lm_hash_sig.cmo lm_hash.cmo lm_symbol.cmo lm_location.cmo lm_position.cmo lm_filename_util.cmo lm_uname.cmo lm_thread_pool.cmo lm_channel.cmo lm_lexer.cmo lm_parser.cmo lm_unix_util.cmo lm_glob.cmo lm_db.cmo lm_notify.cmo lm_fs_case_sensitive.cmo
ocamlc -g -custom -o omake_gen_magic  unix.cma  lm.cma omake_gen_magic.cmo
./omake_gen_magic -o omake_magic.ml --version version.txt --magic --cache-files lm_filename_util.ml lm_hash.ml lm_location.ml lm_map.ml lm_position.ml lm_set.ml lm_symbol.ml omake_value_type.ml omake_cache.ml omake_cache_type.ml omake_node.ml omake_command_digest.ml    --omc-files lm_filename_util.ml lm_hash.ml lm_location.ml lm_symbol.ml lm_map.ml lm_set.ml omake_node.ml omake_ir.ml    --omo-files lm_filename_util.ml lm_hash.ml lm_lexer.ml lm_location.ml lm_map.ml lm_parser.ml lm_position.ml lm_set.ml lm_symbol.ml omake_value_type.ml omake_cache_type.ml omake_ir.ml omake_node.ml omake_env.ml
ocamlc -g -c omake_magic.ml
ocamlc -g  -a -o magic.cma omake_magic.cmo
ocamlc -g -c fmarshal.ml
ocamlc -g -c omake_marshal.ml
ocamlc -g -c omake_node_sig.ml
ocamlc -g -c omake_node.mli
ocamlc -g -c omake_ir.ml
ocamlc -g -c omake_var.mli
ocamlc -g -c omake_wild.mli
ocamlc -g -c omake_symbol.ml
ocamlc -g -c omake_lexer.ml
ocamlc -g -c omake_parser.ml
ocamlc -g -c omake_ir_free_vars.mli
ocamlc -g -c omake_handle_table.ml
ocamlc -g -c omake_ast.ml
ocamlc -g -c omake_value_type.ml
ocamlc -g -c omake_value_print.mli
ocamlc -g -c omake_pos.mli
ocamlc -g -c omake_shell_type.ml
ocamlc -g -c omake_options.mli
ocamlc -g -c omake_exec_id.mli
ocamlc -g -c omake_ir_print.mli
ocamlc -g -c omake_command_type.ml
ocamlc -g -c omake_exec_type.ml
ocamlc -g -c omake_cache_type.ml
ocamlc -g -c omake_exec_util.mli
ocamlc -g -c omake_exec.mli
ocamlc -g -c omake_cache.mli
ocamlc -g -c omake_env.mli
ocamlc -g -c omake_value.mli
ocamlc -g -c omake_state.mli
ocamlc -g -c omake_shell_sys_type.ml
ocamlc -g -c omake_shell_sys.mli
ocamlc -g -c omake_shell_job.mli
ocamlc -g -c omake_shell_completion.mli
ocamlc -g -c omake_readline.mli
ocamlc -g -c omake_ir_ast.mli
ocamlc -g -c omake_exn_print.mli
ocamlc -g -c omake_eval.mli
ocamlc -g -c omake_build_type.ml
ocamlc -g -c omake_builtin_type.ml
ocamlc -g -c omake_builtin.mli
ocamlc -g -c omake_ast_print.mli
ocamlc -g -c omake_ast_lex.mli
ocamlc -g -c omake_shell.mli
ocamlc -g -c omake_shell.ml
ocamlc -g -c omake_rule.mli
ocamlc -g -c omake_install.mli
ocamlc -g -c omake_exec_remote.mli
ocamlc -g -c omake_builtin_io_fun.mli
ocamlc -g -c omake_build.mli
ocamlc -g -c omake_main.mli
ocamlc -g -c omake_main.ml
ocamlc -g -c ocaml_patch.mli
ocamlc -g -c ocaml_patch.ml
ocamlc -g -c omake_util.mli
ocamlc -g -c omake_util.ml
ocamlc -g -c omake_wild.ml
ocamlc -g -c omake_print_util.mli
ocamlc -g -c omake_print_util.ml
ocamlc -g -c omake_readline.ml
ocamlc -g -c omake_printf.ml
ocamlc -g  -a -o util.cma fmarshal.cmo ocaml_patch.cmo omake_util.cmo omake_wild.cmo omake_print_util.cmo omake_readline.cmo omake_printf.cmo omake_marshal.cmo omake_handle_table.cmo
ocamlc -g -c omake_ast_util.mli
ocamlc -g -c omake_ast_util.ml
ocamlc -g -c omake_ast_print.ml
ocamlc -g  -a -o ast.cma omake_ast.cmo omake_ast_util.cmo omake_ast_print.cmo
ocamlc -g -c omake_options.ml
ocamlc -g -c omake_state.ml
ocamlc -g -c omake_node_type.ml
ocamlc -g -c omake_node.ml
ocamlc -g -c omake_virtual_id.mli
ocamlc -g -c omake_virtual_id.ml
ocamlc -g -c omake_install.ml
ocamlc -g -c omake_var.ml
ocamlc -g -c omake_ir_util.mli
ocamlc -g -c omake_ir_util.ml
ocamlc -g -c omake_ir_print.ml
ocamlc -g -c omake_ir_free_vars.ml
ocamlc -g -c omake_value_print.ml
ocamlc -g -c omake_pos.ml
ocamlc -g -c omake_command.mli
ocamlc -g -c omake_command.ml
ocamlc -g -c omake_cache.ml
ocamlc -g  -a -o ir.cma omake_options.cmo omake_symbol.cmo omake_state.cmo omake_node_type.cmo omake_node_sig.cmo omake_node.cmo omake_virtual_id.cmo omake_install.cmo omake_ir.cmo omake_var.cmo omake_ir_util.cmo omake_ir_print.cmo omake_ir_free_vars.cmo omake_lexer.cmo omake_parser.cmo omake_value_type.cmo omake_command_type.cmo omake_value_print.cmo omake_pos.cmo omake_shell_type.cmo omake_command.cmo omake_cache_type.cmo omake_cache.cmo
ocamlc -g -c omake_env.ml
ocamlc -g -c omake_exn_print.ml
ocamlc -g -c omake_ast_parse.mli
ocamlc -g -c omake_ast_parse.ml
ocamlc -g -c omake_ast_lex.ml
ocamlc -g -c omake_exp_parse.mli
ocamlc -g -c omake_exp_parse.ml
ocamlc -g -c omake_exp_lex.mli
ocamlc -g -c omake_exp_lex.ml
ocamlc -g -c omake_ir_ast.ml
ocamlc -g -c omake_ir_semant.mli
ocamlc -g -c omake_ir_semant.ml
ocamlc -g -c omake_command_digest.mli
ocamlc -g -c omake_command_digest.ml
ocamlc -g  -a -o env.cma omake_env.cmo omake_exn_print.cmo omake_ast_parse.cmo omake_ast_lex.cmo omake_exp_parse.cmo omake_exp_lex.cmo omake_ir_ast.cmo omake_ir_semant.cmo omake_command_digest.cmo
ocamlc -g -c omake_exec_id.ml
ocamlc -g -c omake_exec_print.mli
ocamlc -g -c omake_exec_print.ml
ocamlc -g -c omake_exec_util.ml
ocamlc -g -c omake_exec_local.mli
ocamlc -g -c omake_exec_local.ml
ocamlc -g -c omake_exec_remote.ml
ocamlc -g -c omake_exec_notify.mli
ocamlc -g -c omake_exec_notify.ml
ocamlc -g -c omake_exec.ml
ocamlc -g  -a -o exec.cma omake_exec_id.cmo omake_exec_type.cmo omake_exec_print.cmo omake_exec_util.cmo omake_exec_local.cmo omake_exec_remote.cmo omake_exec_notify.cmo omake_exec.cmo
ocamlc -g -c omake_eval.ml
ocamlc -g -c omake_value.ml
ocamlc -g  -a -o eval.cma omake_eval.cmo omake_value.cmo
ocamlc -g -c omake_shell_parse.mli
ocamlc -g -c omake_shell_parse.ml
ocamlc -g -c omake_shell_lex.mli
ocamlc -g -c omake_shell_lex.ml
ocamlc -g -c omake_shell_sys.ml
ocamlc -g -c omake_shell_job.ml
ocamlc -g -c omake_shell_completion.ml
ocamlc -g  -a -o shell.cma omake_shell_parse.cmo omake_shell_lex.cmo omake_shell_sys_type.cmo omake_shell_sys.cmo omake_shell_job.cmo omake_shell_completion.cmo
ocamlc -g -c omake_rule.ml
ocamlc -g -c omake_build_util.mli
ocamlc -g -c omake_build_util.ml
ocamlc -g -c omake_builtin_util.mli
ocamlc -g -c omake_builtin_util.ml
ocamlc -g -c omake_target.mli
ocamlc -g -c omake_target.ml
ocamlc -g -c omake_builtin.ml
ocamlc -g -c omake_build_tee.mli
ocamlc -g -c omake_build_tee.ml
ocamlc -g -c omake_build.ml
ocamlc -g  -a -o build.cma omake_rule.cmo omake_build_type.cmo omake_build_util.cmo omake_builtin_type.cmo omake_builtin_util.cmo omake_target.cmo omake_builtin.cmo omake_build_tee.cmo omake_build.cmo
ocamlc -g -c omake_builtin_base.mli
ocamlc -g -c omake_builtin_base.ml
ocamlc -g -c omake_builtin_arith.mli
ocamlc -g -c omake_builtin_arith.ml
ocamlc -g -c omake_builtin_file.mli
ocamlc -g -c omake_builtin_file.ml
ocamlc -g -c omake_builtin_fun.mli
ocamlc -g -c omake_builtin_fun.ml
ocamlc -g -c omake_builtin_io.mli
ocamlc -g -c omake_builtin_io.ml
ocamlc -g -c omake_builtin_io_fun.ml
ocamlc -g -c omake_builtin_sys.mli
ocamlc -g -c omake_builtin_sys.ml
ocamlc -g -c omake_builtin_target.mli
ocamlc -g -c omake_builtin_target.ml
ocamlc -g -c omake_builtin_shell.mli
ocamlc -g -c omake_builtin_shell.ml
ocamlc -g -c omake_builtin_rule.mli
ocamlc -g -c omake_builtin_rule.ml
ocamlc -g -c omake_builtin_test.mli
ocamlc -g -c omake_builtin_test.ml
ocamlc -g -c omake_builtin_object.mli
ocamlc -g -c omake_builtin_object.ml
ocamlc -g -linkall -a -o builtin.cma omake_builtin_base.cmo omake_builtin_arith.cmo omake_builtin_file.cmo omake_builtin_fun.cmo omake_builtin_io.cmo omake_builtin_io_fun.cmo omake_builtin_sys.cmo omake_builtin_target.cmo omake_builtin_shell.cmo omake_builtin_rule.cmo omake_builtin_test.cmo omake_builtin_object.cmo
cc  -I"`ocamlc -where`" -c lm_heap.c
cc  -I"`ocamlc -where`" -c lm_channel.c
cc  -I"`ocamlc -where`" -c lm_printf.c
cc  -I"`ocamlc -where`" -c lm_ctype.c
cc  -I"`ocamlc -where`" -c lm_uname_ext.c
cc  -I"`ocamlc -where`" -c lm_unix_cutil.c
cc  -I"`ocamlc -where`" -c lm_compat_win32.c
cc  -I"`ocamlc -where`" -c readline.c
cc  -I"`ocamlc -where`" -c omake_shell_sys.c
cc  -I"`ocamlc -where`" -c fam_win32.c
cc  -I"`ocamlc -where`" -c fam_kqueue.c
cc  -I"`ocamlc -where`" -c fam_inotify.c
cc  -I"`ocamlc -where`" -c lm_notify.c
cc  -I"`ocamlc -where`" -c lm_termsize.c
cc  -I"`ocamlc -where`" -c lm_terminfo.c
cc  -I"`ocamlc -where`" -c lm_fs_case_sensitive.c
rm -f clib.a
ar cq clib.a lm_heap.o lm_channel.o lm_printf.o lm_ctype.o lm_uname_ext.o lm_unix_cutil.o lm_compat_win32.o readline.o omake_shell_sys.o fam_win32.o fam_kqueue.o fam_inotify.o lm_notify.o lm_termsize.o lm_terminfo.o lm_fs_case_sensitive.o
ocamlc -g -custom -o omake -cclib clib.a unix.cma  lm.cma util.cma magic.cma ast.cma ir.cma env.cma exec.cma eval.cma shell.cma build.cma builtin.cma omake_shell.cmo omake_main.cmo
make[1]: Leaving directory `/home/opam/.opam/system/build/omake.0.9.8.6-0.rc1/boot'
make[1]: Entering directory `/home/opam/.opam/system/build/omake.0.9.8.6-0.rc1/boot'
make[1]: `Makefile.dep' is up to date.
make[1]: Leaving directory `/home/opam/.opam/system/build/omake.0.9.8.6-0.rc1/boot'
make[1]: Entering directory `/home/opam/.opam/system/build/omake.0.9.8.6-0.rc1/boot'
make[1]: `omake' is up to date.
make[1]: Leaving directory `/home/opam/.opam/system/build/omake.0.9.8.6-0.rc1/boot'
touch .config
OMAKEFLAGS= OMAKEPATH=lib ./omake-boot --dotomake .omake --force-dotomake -j2 main
*** omake: reading OMakefiles
--- Checking for gcc... (found /usr/bin/gcc)
--- Checking for g++... (found /usr/bin/g++)
--- Checking for ocamlfind... (found /home/opam/.opam/system/bin/ocamlfind)
--- Checking for ocamlc.opt... (found /usr/bin/ocamlc.opt)
--- Checking for ocamlopt.opt... (found /usr/bin/ocamlopt.opt)
--- Checking whether ocamlc understands the "z" warnings... (yes)
--- Checking for ncurses... (found)
--- Checking for readline... (NOT found)
--- Checking for FAM... (NOT found)
--- Checking if ocamldep understands -modules... (yes)
Updating the .config file.
--- Checking for ocamlfind... (found /home/opam/.opam/system/bin/ocamlfind)
--- Checking for ocamlc.opt... (found /usr/bin/ocamlc.opt)
--- Checking for ocamlopt.opt... (found /usr/bin/ocamlopt.opt)
--- Checking whether ocamlc understands the "z" warnings... (yes)
--- Checking for OCaml library location... (/usr/lib/ocaml)
--- Checking for ncurses... (found)
--- Checking for readline... (NOT found)
--- Checking for FAM... (NOT found)
--- Checking for function snprintf... (found)
--- Checking for optimal filesystem case-sensitivity test... (Generic)
--- Checking if ocamldep understands -modules... (yes)
--- Checking for hevea... (FAILED - no hevea found)
--- Checking for date... (found /bin/date)
--- Checking for date... (found /bin/date)
*** omake: finished reading OMakefiles (4.81 sec)
*** omake: warning: stdout is not a tty, disabling the progress bar
   (use --progress to override).
*** omake: saved .omakedb
*** omake: saved .omakedb
*** omake: saved .omakedb
*** omake: done (52.01 sec, 234/234 scans, 343/505 rules, 788/2306 digests)
OMAKEFLAGS= OMAKEPATH=lib src/main/omake --dotomake .omake --force-dotomake -j2 all
*** omake: reading OMakefiles
*** omake: finished reading OMakefiles (0.52 sec)
*** omake: warning: stdout is not a tty, disabling the progress bar
   (use --progress to override).
*** omake: done (17.62 sec, 219/235 scans, 27/534 rules, 39/1842 digests)
make[1]: Entering directory `/home/opam/.opam/system/build/omake.0.9.8.6-0.rc1/boot'
make[1]: `Makefile.dep' is up to date.
make[1]: Leaving directory `/home/opam/.opam/system/build/omake.0.9.8.6-0.rc1/boot'
make[1]: Entering directory `/home/opam/.opam/system/build/omake.0.9.8.6-0.rc1/boot'
make[1]: `omake' is up to date.
make[1]: Leaving directory `/home/opam/.opam/system/build/omake.0.9.8.6-0.rc1/boot'
touch .config
OMAKEFLAGS= OMAKEPATH=lib ./omake-boot --dotomake .omake --force-dotomake -j2 main
*** omake: reading OMakefiles
*** omake: finished reading OMakefiles (0.59 sec)
*** omake: warning: stdout is not a tty, disabling the progress bar
   (use --progress to override).
*** omake: done (5.44 sec, 0/234 scans, 0/505 rules, 1/1762 digests)
OMAKEFLAGS= OMAKEPATH=lib src/main/omake --dotomake .omake --force-dotomake -j2 all
*** omake: reading OMakefiles
*** omake: finished reading OMakefiles (0.12 sec)
*** omake: warning: stdout is not a tty, disabling the progress bar
   (use --progress to override).
*** omake: done (0.76 sec, 0/235 scans, 0/534 rules, 0/1821 digests)
OMAKEFLAGS= OMAKEPATH=lib src/main/omake --dotomake .omake --force-dotomake -j2 install
*** omake: reading OMakefiles
*** omake: finished reading OMakefiles (0.12 sec)
*** omake: warning: stdout is not a tty, disabling the progress bar
   (use --progress to override).
*** omake: done (0.79 sec, 0/235 scans, 2/536 rules, 0/1821 digests)
Installing omake.0.9.8.6-0.rc1.

=-=-= Installing ounit.2.0.0 =-=-=
default    Synchronizing with /home/opam/opam-repository/archives/ounit.2.0.0+opam.tar.gz
sending incremental file list
ounit.2.0.0+opam.tar.gz

sent 107,801 bytes  received 35 bytes  215,672.00 bytes/sec
total size is 107,649  speedup is 1.00
Building ounit.2.0.0:
  make build
  make install
ocaml setup.ml -configure 

Configuration: 
ocamlfind: ........................................... /home/opam/.opam/system/bin/ocamlfind
ocamlc: .............................................. /usr/bin/ocamlc.opt
ocamlopt: ............................................ /usr/bin/ocamlopt.opt
ocamlbuild: .......................................... /usr/bin/ocamlbuild
Package name: ........................................ ounit
Package version: ..................................... 2.0.0
os_type: ............................................. Unix
system: .............................................. linux
architecture: ........................................ amd64
ccomp_type: .......................................... cc
ocaml_version: ....................................... 4.01.0
standard_library_default: ............................ /usr/lib/ocaml
standard_library: .................................... /usr/lib/ocaml
standard_runtime: .................................... /usr/bin/ocamlrun
bytecomp_c_compiler: ................................. gcc -D_FILE_OFFSET_BITS=64 -D_REENTRANT -fPIC
native_c_compiler: ................................... gcc -D_FILE_OFFSET_BITS=64 -D_REENTRANT
model: ............................................... default
ext_obj: ............................................. .o
ext_asm: ............................................. .s
ext_lib: ............................................. .a
ext_dll: ............................................. .so
default_executable_name: ............................. a.out
systhread_supported: ................................. true
Install architecture-independent files dir: .......... /usr/local
Install architecture-dependent files in dir: ......... $prefix
User executables: .................................... $exec_prefix/bin
System admin executables: ............................ $exec_prefix/sbin
Program executables: ................................. $exec_prefix/libexec
Read-only single-machine data: ....................... $prefix/etc
Modifiable architecture-independent data: ............ $prefix/com
Modifiable single-machine data: ...................... $prefix/var
Object code libraries: ............................... $exec_prefix/lib
Read-only arch-independent data root: ................ $prefix/share
Read-only architecture-independent data: ............. $datarootdir
Info documentation: .................................. $datarootdir/info
Locale-dependent data: ............................... $datarootdir/locale
Man documentation: ................................... $datarootdir/man
Documentation root: .................................. $datarootdir/doc/$pkg_name
HTML documentation: .................................. $docdir
DVI documentation: ................................... $docdir
PDF documentation: ................................... $docdir
PS documentation: .................................... $docdir
findlib_version: ..................................... 1.5.2
is_native: ........................................... true
suffix_program: ...................................... 
Remove a file.: ...................................... rm -f
Remove a directory.: ................................. rm -rf
Turn ocaml debug flag on: ............................ true
Turn ocaml profile flag on: .......................... false
Compiler support generation of .cmxs.: ............... true
OCamlbuild additional flags: ......................... 
Create documentations: ............................... true
Compile tests executable and library and run them: ... false
pkg_unix: ............................................ /usr/lib/ocaml
pkg_threads: ......................................... /usr/lib/ocaml
ocamldoc: ............................................ /usr/bin/ocamldoc

ocaml setup.ml -build 
W: Cannot find source file matching module 'OUnitLoggerHTMLData' in library oUnitAdvanced
W: Cannot find source file matching module 'OUnitLoggerHTMLData' in library oUnitAdvanced
/usr/bin/ocamlopt.opt unix.cmxa -I /usr/lib/ocaml/ocamlbuild /usr/lib/ocaml/ocamlbuild/ocamlbuildlib.cmxa myocamlbuild.ml /usr/lib/ocaml/ocamlbuild/ocamlbuild.cmx -o myocamlbuild
ocamlfind ocamldep -package threads -package unix -modules src/oUnitUtils.ml > src/oUnitUtils.ml.depends
ocamlfind ocamldep -package threads -package unix -modules src/oUnitPropList.ml > src/oUnitPropList.ml.depends
ocamlfind ocamldep -package threads -package unix -modules src/oUnitPlugin.ml > src/oUnitPlugin.ml.depends
ocamlfind ocamldep -package threads -package unix -modules src/oUnitConf.ml > src/oUnitConf.ml.depends
ocamlfind ocamlc -c -g -I src -I src -package threads -package unix -thread -I src -o src/oUnitPropList.cmo src/oUnitPropList.ml
ocamlfind ocamlc -c -g -I src -I src -package threads -package unix -thread -I src -o src/oUnitUtils.cmo src/oUnitUtils.ml
ocamlfind ocamlc -c -g -I src -I src -package threads -package unix -thread -I src -o src/oUnitConf.cmo src/oUnitConf.ml
ocamlfind ocamldep -package threads -package unix -modules src/oUnitChooser.ml > src/oUnitChooser.ml.depends
ocamlfind ocamldep -package threads -package unix -modules src/oUnitCache.ml > src/oUnitCache.ml.depends
ocamlfind ocamldep -package threads -package unix -modules src/oUnitTest.ml > src/oUnitTest.ml.depends
ocamlfind ocamldep -package threads -package unix -modules src/oUnitLogger.ml > src/oUnitLogger.ml.depends
ocamlfind ocamldep -package threads -package unix -modules src/oUnitShared.ml > src/oUnitShared.ml.depends
ocamlfind ocamlc -c -g -I src -I src -package threads -package unix -thread -I src -o src/oUnitLogger.cmo src/oUnitLogger.ml
ocamlfind ocamlc -c -g -I src -I src -package threads -package unix -thread -I src -o src/oUnitShared.cmo src/oUnitShared.ml
ocamlfind ocamlc -c -g -I src -I src -package threads -package unix -thread -I src -o src/oUnitTest.cmo src/oUnitTest.ml
ocamlfind ocamlc -c -g -I src -I src -package threads -package unix -thread -I src -o src/oUnitPlugin.cmo src/oUnitPlugin.ml
ocamlfind ocamldep -package threads -package unix -modules src/oUnitResultSummary.ml > src/oUnitResultSummary.ml.depends
ocamlfind ocamlc -c -g -I src -I src -package threads -package unix -thread -I src -o src/oUnitCache.cmo src/oUnitCache.ml
ocamlfind ocamlc -c -g -I src -I src -package threads -package unix -thread -I src -o src/oUnitResultSummary.cmo src/oUnitResultSummary.ml
ocamlfind ocamldep -package threads -package unix -modules src/oUnitLoggerStd.ml > src/oUnitLoggerStd.ml.depends
ocamlfind ocamldep -package threads -package unix -modules src/oUnitLoggerHTML.ml > src/oUnitLoggerHTML.ml.depends
ocamlfind ocamldep -package threads -package unix -modules src/oUnitLoggerHTMLData.ml > src/oUnitLoggerHTMLData.ml.depends
ocamlfind ocamlc -c -g -I src -I src -package threads -package unix -thread -I src -o src/oUnitLoggerHTMLData.cmo src/oUnitLoggerHTMLData.ml
ocamlfind ocamldep -package threads -package unix -modules src/oUnitLoggerJUnit.ml > src/oUnitLoggerJUnit.ml.depends
ocamlfind ocamlc -c -g -I src -I src -package threads -package unix -thread -I src -o src/oUnitLoggerHTML.cmo src/oUnitLoggerHTML.ml
ocamlfind ocamlc -c -g -I src -I src -package threads -package unix -thread -I src -o src/oUnitLoggerStd.cmo src/oUnitLoggerStd.ml
+ ocamlfind ocamlc -c -g -I src -I src -package threads -package unix -thread -I src -o src/oUnitLoggerStd.cmo src/oUnitLoggerStd.ml
File "src/oUnitLoggerStd.ml", line 161, characters 21-22:
Warning 28: wildcard pattern given as argument to a constant constructor
File "src/oUnitLoggerStd.ml", line 161, characters 30-31:
Warning 28: wildcard pattern given as argument to a constant constructor
ocamlfind ocamldep -package threads -package unix -modules src/oUnitAssert.ml > src/oUnitAssert.ml.depends
ocamlfind ocamldep -package threads -package unix -modules src/oUnitBracket.ml > src/oUnitBracket.ml.depends
ocamlfind ocamlc -c -g -I src -I src -package threads -package unix -thread -I src -o src/oUnitBracket.cmo src/oUnitBracket.ml
ocamlfind ocamldep -package threads -package unix -modules src/oUnitState.ml > src/oUnitState.ml.depends
ocamlfind ocamlc -c -g -I src -I src -package threads -package unix -thread -I src -o src/oUnitChooser.cmo src/oUnitChooser.ml
ocamlfind ocamldep -package threads -package unix -modules src/oUnitRunner.ml > src/oUnitRunner.ml.depends
ocamlfind ocamldep -package threads -package unix -modules src/oUnitCheckEnv.ml > src/oUnitCheckEnv.ml.depends
ocamlfind ocamlc -c -g -I src -I src -package threads -package unix -thread -I src -o src/oUnitAssert.cmo src/oUnitAssert.ml
ocamlfind ocamldep -package threads -package unix -modules src/oUnitDiff.mli > src/oUnitDiff.mli.depends
ocamlfind ocamlc -c -g -I src -I src -package threads -package unix -thread -I src -o src/oUnitDiff.cmi src/oUnitDiff.mli
ocamlfind ocamlc -c -g -I src -I src -package threads -package unix -thread -I src -o src/oUnitState.cmo src/oUnitState.ml
ocamlfind ocamlc -c -g -I src -I src -package threads -package unix -thread -I src -o src/oUnitCheckEnv.cmo src/oUnitCheckEnv.ml
ocamlfind ocamldep -package threads -package unix -modules src/oUnitRunnerProcesses.ml > src/oUnitRunnerProcesses.ml.depends
ocamlfind ocamlc -c -g -I src -I src -package threads -package unix -thread -I src -o src/oUnitRunner.cmo src/oUnitRunner.ml
ocamlfind ocamldep -package threads -package unix -modules src/oUnitCore.ml > src/oUnitCore.ml.depends
ocamlfind ocamlc -c -g -I src -I src -package threads -package unix -thread -I src -o src/oUnitLoggerJUnit.cmo src/oUnitLoggerJUnit.ml
ocamlfind ocamlc -c -g -I src -I src -package threads -package unix -thread -I src -o src/oUnitRunnerProcesses.cmo src/oUnitRunnerProcesses.ml
ocamlfind ocamldep -package threads -package unix -modules src/oUnitTestData.ml > src/oUnitTestData.ml.depends
ocamlfind ocamldep -package threads -package unix -modules src/oUnitDiff.ml > src/oUnitDiff.ml.depends
ocamlfind ocamlc -c -g -I src -I src -package threads -package unix -thread -I src -o src/oUnitCore.cmo src/oUnitCore.ml
ocamlfind ocamlc -c -g -I src -I src -package threads -package unix -thread -I src -o src/oUnitTestData.cmo src/oUnitTestData.ml
ocamlfind ocamlc -c -g -I src -I src -package threads -package unix -thread -I src -o src/oUnitDiff.cmo src/oUnitDiff.ml
ocamlfind ocamlc -a src/oUnitUtils.cmo src/oUnitPropList.cmo src/oUnitConf.cmo src/oUnitPlugin.cmo src/oUnitLogger.cmo src/oUnitShared.cmo src/oUnitTest.cmo src/oUnitCache.cmo src/oUnitResultSummary.cmo src/oUnitChooser.cmo src/oUnitLoggerStd.cmo src/oUnitLoggerHTMLData.cmo src/oUnitLoggerHTML.cmo src/oUnitLoggerJUnit.cmo src/oUnitBracket.cmo src/oUnitAssert.cmo src/oUnitState.cmo src/oUnitDiff.cmo src/oUnitCheckEnv.cmo src/oUnitRunner.cmo src/oUnitRunnerProcesses.cmo src/oUnitCore.cmo src/oUnitTestData.cmo -o src/oUnitAdvanced.cma
ocamlfind ocamlopt -c -g -I src -I src -package threads -package unix -thread -I src -o src/oUnitPropList.cmx src/oUnitPropList.ml
ocamlfind ocamlopt -c -g -I src -I src -package threads -package unix -thread -I src -o src/oUnitUtils.cmx src/oUnitUtils.ml
ocamlfind ocamlopt -c -g -I src -I src -package threads -package unix -thread -I src -o src/oUnitConf.cmx src/oUnitConf.ml
ocamlfind ocamlopt -c -g -I src -I src -package threads -package unix -thread -I src -o src/oUnitLogger.cmx src/oUnitLogger.ml
ocamlfind ocamlopt -c -g -I src -I src -package threads -package unix -thread -I src -o src/oUnitShared.cmx src/oUnitShared.ml
ocamlfind ocamlopt -c -g -I src -I src -package threads -package unix -thread -I src -o src/oUnitTest.cmx src/oUnitTest.ml
ocamlfind ocamlopt -c -g -I src -I src -package threads -package unix -thread -I src -o src/oUnitPlugin.cmx src/oUnitPlugin.ml
ocamlfind ocamlopt -c -g -I src -I src -package threads -package unix -thread -I src -o src/oUnitCache.cmx src/oUnitCache.ml
ocamlfind ocamlopt -c -g -I src -I src -package threads -package unix -thread -I src -o src/oUnitResultSummary.cmx src/oUnitResultSummary.ml
ocamlfind ocamlopt -c -g -I src -I src -package threads -package unix -thread -I src -o src/oUnitLoggerHTMLData.cmx src/oUnitLoggerHTMLData.ml
ocamlfind ocamlopt -c -g -I src -I src -package threads -package unix -thread -I src -o src/oUnitLoggerHTML.cmx src/oUnitLoggerHTML.ml
ocamlfind ocamlopt -c -g -I src -I src -package threads -package unix -thread -I src -o src/oUnitLoggerStd.cmx src/oUnitLoggerStd.ml
+ ocamlfind ocamlopt -c -g -I src -I src -package threads -package unix -thread -I src -o src/oUnitLoggerStd.cmx src/oUnitLoggerStd.ml
File "src/oUnitLoggerStd.ml", line 161, characters 21-22:
Warning 28: wildcard pattern given as argument to a constant constructor
File "src/oUnitLoggerStd.ml", line 161, characters 30-31:
Warning 28: wildcard pattern given as argument to a constant constructor
ocamlfind ocamlopt -c -g -I src -I src -package threads -package unix -thread -I src -o src/oUnitBracket.cmx src/oUnitBracket.ml
ocamlfind ocamlopt -c -g -I src -I src -package threads -package unix -thread -I src -o src/oUnitChooser.cmx src/oUnitChooser.ml
ocamlfind ocamlopt -c -g -I src -I src -package threads -package unix -thread -I src -o src/oUnitAssert.cmx src/oUnitAssert.ml
ocamlfind ocamlopt -c -g -I src -I src -package threads -package unix -thread -I src -o src/oUnitDiff.cmx src/oUnitDiff.ml
ocamlfind ocamlopt -c -g -I src -I src -package threads -package unix -thread -I src -o src/oUnitState.cmx src/oUnitState.ml
ocamlfind ocamlopt -c -g -I src -I src -package threads -package unix -thread -I src -o src/oUnitCheckEnv.cmx src/oUnitCheckEnv.ml
ocamlfind ocamlopt -c -g -I src -I src -package threads -package unix -thread -I src -o src/oUnitRunner.cmx src/oUnitRunner.ml
ocamlfind ocamlopt -c -g -I src -I src -package threads -package unix -thread -I src -o src/oUnitLoggerJUnit.cmx src/oUnitLoggerJUnit.ml
ocamlfind ocamlopt -c -g -I src -I src -package threads -package unix -thread -I src -o src/oUnitRunnerProcesses.cmx src/oUnitRunnerProcesses.ml
ocamlfind ocamlopt -c -g -I src -I src -package threads -package unix -thread -I src -o src/oUnitCore.cmx src/oUnitCore.ml
ocamlfind ocamlopt -c -g -I src -I src -package threads -package unix -thread -I src -o src/oUnitTestData.cmx src/oUnitTestData.ml
ocamlfind ocamlopt -a src/oUnitUtils.cmx src/oUnitPropList.cmx src/oUnitConf.cmx src/oUnitPlugin.cmx src/oUnitLogger.cmx src/oUnitShared.cmx src/oUnitTest.cmx src/oUnitCache.cmx src/oUnitResultSummary.cmx src/oUnitChooser.cmx src/oUnitLoggerStd.cmx src/oUnitLoggerHTMLData.cmx src/oUnitLoggerHTML.cmx src/oUnitLoggerJUnit.cmx src/oUnitBracket.cmx src/oUnitAssert.cmx src/oUnitState.cmx src/oUnitDiff.cmx src/oUnitCheckEnv.cmx src/oUnitRunner.cmx src/oUnitRunnerProcesses.cmx src/oUnitCore.cmx src/oUnitTestData.cmx -o src/oUnitAdvanced.cmxa
ocamlfind ocamlopt -shared -linkall src/oUnitAdvanced.cmxa -o src/oUnitAdvanced.cmxs
ocamlfind ocamldep -package threads -package unix -modules src/oUnit.mli > src/oUnit.mli.depends
ocamlfind ocamldep -package threads -package unix -modules src/oUnit2.mli > src/oUnit2.mli.depends
ocamlfind ocamlc -c -g -I src -I src -package threads -package unix -thread -I src -o src/oUnit2.cmi src/oUnit2.mli
ocamlfind ocamlc -c -g -I src -I src -package threads -package unix -thread -I src -o src/oUnit.cmi src/oUnit.mli
ocamlfind ocamldep -package threads -package unix -modules src/oUnit.ml > src/oUnit.ml.depends
ocamlfind ocamldep -package threads -package unix -modules src/oUnit2.ml > src/oUnit2.ml.depends
ocamlfind ocamlc -c -g -I src -I src -package threads -package unix -thread -I src -o src/oUnit.cmo src/oUnit.ml
ocamlfind ocamlc -c -g -I src -I src -package threads -package unix -thread -I src -o src/oUnit2.cmo src/oUnit2.ml
ocamlfind ocamlc -a src/oUnit2.cmo src/oUnit.cmo -o src/oUnit.cma
ocamlfind ocamlopt -c -g -I src -I src -package threads -package unix -thread -I src -o src/oUnit2.cmx src/oUnit2.ml
ocamlfind ocamlopt -c -g -I src -I src -package threads -package unix -thread -I src -o src/oUnit.cmx src/oUnit.ml
ocamlfind ocamlopt -a src/oUnit2.cmx src/oUnit.cmx -o src/oUnit.cmxa
ocamlfind ocamlopt -shared src/oUnit.cmx -o src/oUnit.cmxs
ocamlfind ocamldep -package threads -package unix -modules src/oUnitThreads.ml > src/oUnitThreads.ml.depends
ocamlfind ocamldep -package threads -package unix -modules src/oUnitRunnerThreads.ml > src/oUnitRunnerThreads.ml.depends
ocamlfind ocamlc -c -g -I src -I src -package threads -package unix -thread -I src -o src/oUnitRunnerThreads.cmo src/oUnitRunnerThreads.ml
ocamlfind ocamlc -c -g -I src -I src -package threads -package unix -thread -I src -o src/oUnitThreads.cmo src/oUnitThreads.ml
ocamlfind ocamlc -a src/oUnitRunnerThreads.cmo src/oUnitThreads.cmo -o src/oUnitThreads.cma
ocamlfind ocamlopt -c -g -I src -I src -package threads -package unix -thread -I src -o src/oUnitRunnerThreads.cmx src/oUnitRunnerThreads.ml
ocamlfind ocamlopt -c -g -I src -I src -package threads -package unix -thread -I src -o src/oUnitThreads.cmx src/oUnitThreads.ml
ocamlfind ocamlopt -a src/oUnitRunnerThreads.cmx src/oUnitThreads.cmx -o src/oUnitThreads.cmxa
ocamlfind ocamlopt -shared src/oUnitThreads.cmx -o src/oUnitThreads.cmxs
ocaml setup.ml -install 
W: Cannot find source header for module OUnitLoggerHTMLData in library oUnitAdvanced
Installed /home/opam/.opam/system/lib/oUnit/oUnit.mli
Installed /home/opam/.opam/system/lib/oUnit/oUnit2.mli
Installed /home/opam/.opam/system/lib/oUnit/oUnit.cma
Installed /home/opam/.opam/system/lib/oUnit/oUnit.cmxa
Installed /home/opam/.opam/system/lib/oUnit/oUnit.a
Installed /home/opam/.opam/system/lib/oUnit/oUnit.cmxs
Installed /home/opam/.opam/system/lib/oUnit/oUnit.cmi
Installed /home/opam/.opam/system/lib/oUnit/oUnit2.cmi
Installed /home/opam/.opam/system/lib/oUnit/oUnit.cmx
Installed /home/opam/.opam/system/lib/oUnit/oUnit2.cmx
Installed /home/opam/.opam/system/lib/oUnit/oUnitThreads.ml
Installed /home/opam/.opam/system/lib/oUnit/oUnitThreads.cma
Installed /home/opam/.opam/system/lib/oUnit/oUnitThreads.cmxa
Installed /home/opam/.opam/system/lib/oUnit/oUnitThreads.a
Installed /home/opam/.opam/system/lib/oUnit/oUnitThreads.cmxs
Installed /home/opam/.opam/system/lib/oUnit/oUnitThreads.cmi
Installed /home/opam/.opam/system/lib/oUnit/oUnitThreads.cmx
Installed /home/opam/.opam/system/lib/oUnit/oUnitRunnerThreads.cmx
Installed /home/opam/.opam/system/lib/oUnit/oUnitUtils.ml
Installed /home/opam/.opam/system/lib/oUnit/oUnitPropList.ml
Installed /home/opam/.opam/system/lib/oUnit/oUnitPlugin.ml
Installed /home/opam/.opam/system/lib/oUnit/oUnitChooser.ml
Installed /home/opam/.opam/system/lib/oUnit/oUnitResultSummary.ml
Installed /home/opam/.opam/system/lib/oUnit/oUnitLoggerStd.ml
Installed /home/opam/.opam/system/lib/oUnit/oUnitLoggerHTML.ml
Installed /home/opam/.opam/system/lib/oUnit/oUnitLoggerJUnit.ml
Installed /home/opam/.opam/system/lib/oUnit/oUnitAssert.ml
Installed /home/opam/.opam/system/lib/oUnit/oUnitBracket.ml
Installed /home/opam/.opam/system/lib/oUnit/oUnitTest.ml
Installed /home/opam/.opam/system/lib/oUnit/oUnitState.ml
Installed /home/opam/.opam/system/lib/oUnit/oUnitRunner.ml
Installed /home/opam/.opam/system/lib/oUnit/oUnitRunnerProcesses.ml
Installed /home/opam/.opam/system/lib/oUnit/oUnitCore.ml
Installed /home/opam/.opam/system/lib/oUnit/oUnitLogger.ml
Installed /home/opam/.opam/system/lib/oUnit/oUnitConf.ml
Installed /home/opam/.opam/system/lib/oUnit/oUnitShared.ml
Installed /home/opam/.opam/system/lib/oUnit/oUnitCache.ml
Installed /home/opam/.opam/system/lib/oUnit/oUnitTestData.ml
Installed /home/opam/.opam/system/lib/oUnit/oUnitCheckEnv.ml
Installed /home/opam/.opam/system/lib/oUnit/oUnitDiff.mli
Installed /home/opam/.opam/system/lib/oUnit/oUnitAdvanced.cma
Installed /home/opam/.opam/system/lib/oUnit/oUnitAdvanced.cmxa
Installed /home/opam/.opam/system/lib/oUnit/oUnitAdvanced.a
Installed /home/opam/.opam/system/lib/oUnit/oUnitAdvanced.cmxs
Installed /home/opam/.opam/system/lib/oUnit/oUnitUtils.cmi
Installed /home/opam/.opam/system/lib/oUnit/oUnitPropList.cmi
Installed /home/opam/.opam/system/lib/oUnit/oUnitPlugin.cmi
Installed /home/opam/.opam/system/lib/oUnit/oUnitChooser.cmi
Installed /home/opam/.opam/system/lib/oUnit/oUnitResultSummary.cmi
Installed /home/opam/.opam/system/lib/oUnit/oUnitLoggerStd.cmi
Installed /home/opam/.opam/system/lib/oUnit/oUnitLoggerHTML.cmi
Installed /home/opam/.opam/system/lib/oUnit/oUnitLoggerHTMLData.cmi
Installed /home/opam/.opam/system/lib/oUnit/oUnitLoggerJUnit.cmi
Installed /home/opam/.opam/system/lib/oUnit/oUnitAssert.cmi
Installed /home/opam/.opam/system/lib/oUnit/oUnitBracket.cmi
Installed /home/opam/.opam/system/lib/oUnit/oUnitTest.cmi
Installed /home/opam/.opam/system/lib/oUnit/oUnitState.cmi
Installed /home/opam/.opam/system/lib/oUnit/oUnitRunner.cmi
Installed /home/opam/.opam/system/lib/oUnit/oUnitRunnerProcesses.cmi
Installed /home/opam/.opam/system/lib/oUnit/oUnitCore.cmi
Installed /home/opam/.opam/system/lib/oUnit/oUnitLogger.cmi
Installed /home/opam/.opam/system/lib/oUnit/oUnitConf.cmi
Installed /home/opam/.opam/system/lib/oUnit/oUnitShared.cmi
Installed /home/opam/.opam/system/lib/oUnit/oUnitCache.cmi
Installed /home/opam/.opam/system/lib/oUnit/oUnitTestData.cmi
Installed /home/opam/.opam/system/lib/oUnit/oUnitCheckEnv.cmi
Installed /home/opam/.opam/system/lib/oUnit/oUnitDiff.cmi
Installed /home/opam/.opam/system/lib/oUnit/oUnitUtils.cmx
Installed /home/opam/.opam/system/lib/oUnit/oUnitPropList.cmx
Installed /home/opam/.opam/system/lib/oUnit/oUnitPlugin.cmx
Installed /home/opam/.opam/system/lib/oUnit/oUnitChooser.cmx
Installed /home/opam/.opam/system/lib/oUnit/oUnitResultSummary.cmx
Installed /home/opam/.opam/system/lib/oUnit/oUnitLoggerStd.cmx
Installed /home/opam/.opam/system/lib/oUnit/oUnitLoggerHTML.cmx
Installed /home/opam/.opam/system/lib/oUnit/oUnitLoggerHTMLData.cmx
Installed /home/opam/.opam/system/lib/oUnit/oUnitLoggerJUnit.cmx
Installed /home/opam/.opam/system/lib/oUnit/oUnitAssert.cmx
Installed /home/opam/.opam/system/lib/oUnit/oUnitBracket.cmx
Installed /home/opam/.opam/system/lib/oUnit/oUnitTest.cmx
Installed /home/opam/.opam/system/lib/oUnit/oUnitState.cmx
Installed /home/opam/.opam/system/lib/oUnit/oUnitRunner.cmx
Installed /home/opam/.opam/system/lib/oUnit/oUnitRunnerProcesses.cmx
Installed /home/opam/.opam/system/lib/oUnit/oUnitCore.cmx
Installed /home/opam/.opam/system/lib/oUnit/oUnitLogger.cmx
Installed /home/opam/.opam/system/lib/oUnit/oUnitConf.cmx
Installed /home/opam/.opam/system/lib/oUnit/oUnitShared.cmx
Installed /home/opam/.opam/system/lib/oUnit/oUnitCache.cmx
Installed /home/opam/.opam/system/lib/oUnit/oUnitTestData.cmx
Installed /home/opam/.opam/system/lib/oUnit/oUnitCheckEnv.cmx
Installed /home/opam/.opam/system/lib/oUnit/oUnitDiff.cmx
Installed /home/opam/.opam/system/lib/oUnit/META
Installing ounit.2.0.0.

=-=-= Installing pcre-ocaml.7.1.1 =-=-=
default    Synchronizing with /home/opam/opam-repository/archives/pcre-ocaml.7.1.1+opam.tar.gz
sending incremental file list
pcre-ocaml.7.1.1+opam.tar.gz

sent 86,695 bytes  received 35 bytes  173,460.00 bytes/sec
total size is 86,546  speedup is 1.00
Building pcre-ocaml.7.1.1:
  make
  make install
ocaml setup.ml -configure 

Configuration: 
ocamlfind: ........................................... /home/opam/.opam/system/bin/ocamlfind
ocamlc: .............................................. /usr/bin/ocamlc.opt
ocamlopt: ............................................ /usr/bin/ocamlopt.opt
ocamlbuild: .......................................... /usr/bin/ocamlbuild
Package name: ........................................ pcre-ocaml
Package version: ..................................... 7.1.1
os_type: ............................................. Unix
system: .............................................. linux
architecture: ........................................ amd64
ccomp_type: .......................................... cc
ocaml_version: ....................................... 4.01.0
standard_library_default: ............................ /usr/lib/ocaml
standard_library: .................................... /usr/lib/ocaml
standard_runtime: .................................... /usr/bin/ocamlrun
bytecomp_c_compiler: ................................. gcc -D_FILE_OFFSET_BITS=64 -D_REENTRANT -fPIC
native_c_compiler: ................................... gcc -D_FILE_OFFSET_BITS=64 -D_REENTRANT
model: ............................................... default
ext_obj: ............................................. .o
ext_asm: ............................................. .s
ext_lib: ............................................. .a
ext_dll: ............................................. .so
default_executable_name: ............................. a.out
systhread_supported: ................................. true
Install architecture-independent files dir: .......... /usr/local
Install architecture-dependent files in dir: ......... $prefix
User executables: .................................... $exec_prefix/bin
System admin executables: ............................ $exec_prefix/sbin
Program executables: ................................. $exec_prefix/libexec
Read-only single-machine data: ....................... $prefix/etc
Modifiable architecture-independent data: ............ $prefix/com
Modifiable single-machine data: ...................... $prefix/var
Object code libraries: ............................... $exec_prefix/lib
Read-only arch-independent data root: ................ $prefix/share
Read-only architecture-independent data: ............. $datarootdir
Info documentation: .................................. $datarootdir/info
Locale-dependent data: ............................... $datarootdir/locale
Man documentation: ................................... $datarootdir/man
Documentation root: .................................. $datarootdir/doc/$pkg_name
HTML documentation: .................................. $docdir
DVI documentation: ................................... $docdir
PDF documentation: ................................... $docdir
PS documentation: .................................... $docdir
findlib_version: ..................................... 1.5.2
is_native: ........................................... true
suffix_program: ...................................... 
Remove a file.: ...................................... rm -f
Remove a directory.: ................................. rm -rf
Turn ocaml debug flag on: ............................ true
Turn ocaml profile flag on: .......................... false
Compiler support generation of .cmxs.: ............... true
OCamlbuild additional flags: ......................... 
with_pcre_config: .................................... pcre-config
Strict compile-time checks: .......................... true
Build examples: ...................................... true
Create documentations: ............................... true
Compile tests executable and library and run them: ... false
ocamldoc: ............................................ /usr/bin/ocamldoc

ocaml setup.ml -build 
/usr/bin/ocamlopt.opt unix.cmxa -I /usr/lib/ocaml/ocamlbuild /usr/lib/ocaml/ocamlbuild/ocamlbuildlib.cmxa myocamlbuild.ml /usr/lib/ocaml/ocamlbuild/ocamlbuild.cmx -o myocamlbuild
/home/opam/.opam/system/bin/ocamlfind ocamlc -ccopt -g -ccopt -O2 -ccopt -fPIC -ccopt -DPIC -ccopt -Wall -ccopt -pedantic -ccopt -Wextra -ccopt -Wunused -ccopt -Wno-long-long -ccopt '' -c lib/pcre_stubs.c
+ /home/opam/.opam/system/bin/ocamlfind ocamlc -ccopt -g -ccopt -O2 -ccopt -fPIC -ccopt -DPIC -ccopt -Wall -ccopt -pedantic -ccopt -Wextra -ccopt -Wunused -ccopt -Wno-long-long -ccopt '' -c lib/pcre_stubs.c
lib/pcre_stubs.c: In function 'pcre_exec_stub':
lib/pcre_stubs.c:556:9: warning: initializer element is not computable at load time [enabled by default]
         { subj_start, (value *) NULL, (value *) NULL, (value) NULL };
         ^
mv pcre_stubs.o lib/pcre_stubs.o
/home/opam/.opam/system/bin/ocamlfind ocamlmklib -o lib/pcre_stubs -lpcre lib/pcre_stubs.o
/home/opam/.opam/system/bin/ocamlfind ocamldep -modules lib/pcre.mli > lib/pcre.mli.depends
/home/opam/.opam/system/bin/ocamlfind ocamlc -c -g -annot -strict-sequence -ccopt -g -ccopt -O2 -ccopt -fPIC -ccopt -DPIC -ccopt -Wall -ccopt -pedantic -ccopt -Wextra -ccopt -Wunused -ccopt -Wno-long-long -w Aer-44 -I lib -o lib/pcre.cmi lib/pcre.mli
/home/opam/.opam/system/bin/ocamlfind ocamldep -modules lib/pcre.ml > lib/pcre.ml.depends
/home/opam/.opam/system/bin/ocamlfind ocamlc -c -g -annot -strict-sequence -ccopt -g -ccopt -O2 -ccopt -fPIC -ccopt -DPIC -ccopt -Wall -ccopt -pedantic -ccopt -Wextra -ccopt -Wunused -ccopt -Wno-long-long -w Aer-44 -I lib -o lib/pcre.cmo lib/pcre.ml
/home/opam/.opam/system/bin/ocamlfind ocamlc -a -dllib -lpcre_stubs -cclib -lpcre_stubs -cclib -lpcre -cclib -lpcre lib/pcre.cmo -o lib/pcre.cma
/home/opam/.opam/system/bin/ocamlfind ocamlopt -c -g -annot -strict-sequence -ccopt -g -ccopt -O2 -ccopt -fPIC -ccopt -DPIC -ccopt -Wall -ccopt -pedantic -ccopt -Wextra -ccopt -Wunused -ccopt -Wno-long-long -w Aer-44 -I lib -o lib/pcre.cmx lib/pcre.ml
/home/opam/.opam/system/bin/ocamlfind ocamlopt -a -cclib -lpcre_stubs -cclib -lpcre -cclib -lpcre lib/pcre.cmx -o lib/pcre.cmxa
/home/opam/.opam/system/bin/ocamlfind ocamlopt -shared -cclib -lpcre_stubs -I lib -cclib -lpcre lib/pcre.cmxa lib/pcre.cmx -o lib/pcre.cmxs
/home/opam/.opam/system/bin/ocamlfind ocamldep -modules examples/cloc/cloc.ml > examples/cloc/cloc.ml.depends
/home/opam/.opam/system/bin/ocamlfind ocamlc -c -g -annot -strict-sequence -I lib -w Aer-44 -I examples/cloc -I lib -o examples/cloc/cloc.cmo examples/cloc/cloc.ml
/home/opam/.opam/system/bin/ocamlfind ocamlopt -c -g -annot -strict-sequence -I lib -w Aer-44 -I examples/cloc -I lib -o examples/cloc/cloc.cmx examples/cloc/cloc.ml
/home/opam/.opam/system/bin/ocamlfind ocamlopt -g -I lib -linkpkg lib/pcre.cmxa examples/cloc/cloc.cmx -o examples/cloc/cloc.native
/home/opam/.opam/system/bin/ocamlfind ocamldep -modules examples/count_hash/count_hash.ml > examples/count_hash/count_hash.ml.depends
/home/opam/.opam/system/bin/ocamlfind ocamlc -c -g -annot -strict-sequence -I lib -w Aer-44 -I examples/count_hash -I lib -o examples/count_hash/count_hash.cmo examples/count_hash/count_hash.ml
/home/opam/.opam/system/bin/ocamlfind ocamlopt -c -g -annot -strict-sequence -I lib -w Aer-44 -I examples/count_hash -I lib -o examples/count_hash/count_hash.cmx examples/count_hash/count_hash.ml
/home/opam/.opam/system/bin/ocamlfind ocamlopt -g -I lib -linkpkg lib/pcre.cmxa examples/count_hash/count_hash.cmx -o examples/count_hash/count_hash.native
/home/opam/.opam/system/bin/ocamlfind ocamldep -modules examples/pcregrep/pcregrep.ml > examples/pcregrep/pcregrep.ml.depends
/home/opam/.opam/system/bin/ocamlfind ocamlc -c -g -annot -strict-sequence -I lib -w Aer-44 -I examples/pcregrep -I lib -o examples/pcregrep/pcregrep.cmo examples/pcregrep/pcregrep.ml
/home/opam/.opam/system/bin/ocamlfind ocamlopt -c -g -annot -strict-sequence -I lib -w Aer-44 -I examples/pcregrep -I lib -o examples/pcregrep/pcregrep.cmx examples/pcregrep/pcregrep.ml
/home/opam/.opam/system/bin/ocamlfind ocamlopt -g -I lib -linkpkg lib/pcre.cmxa examples/pcregrep/pcregrep.cmx -o examples/pcregrep/pcregrep.native
/home/opam/.opam/system/bin/ocamlfind ocamldep -modules examples/subst/subst.ml > examples/subst/subst.ml.depends
/home/opam/.opam/system/bin/ocamlfind ocamlc -c -g -annot -strict-sequence -I lib -w Aer-44 -I examples/subst -I lib -o examples/subst/subst.cmo examples/subst/subst.ml
/home/opam/.opam/system/bin/ocamlfind ocamlopt -c -g -annot -strict-sequence -I lib -w Aer-44 -I examples/subst -I lib -o examples/subst/subst.cmx examples/subst/subst.ml
/home/opam/.opam/system/bin/ocamlfind ocamlopt -g -I lib -linkpkg lib/pcre.cmxa examples/subst/subst.cmx -o examples/subst/subst.native
ocaml setup.ml -install 
Installed /home/opam/.opam/system/lib/pcre/pcre.mli
Installed /home/opam/.opam/system/lib/pcre/libpcre_stubs.a
Installed /home/opam/.opam/system/lib/pcre/pcre.cma
Installed /home/opam/.opam/system/lib/pcre/pcre.cmxa
Installed /home/opam/.opam/system/lib/pcre/pcre.a
Installed /home/opam/.opam/system/lib/pcre/pcre.cmxs
Installed /home/opam/.opam/system/lib/pcre/pcre.cmi
Installed /home/opam/.opam/system/lib/pcre/pcre.cmx
Installed /home/opam/.opam/system/lib/pcre/META
Installed /home/opam/.opam/system/lib/stublibs/dllpcre_stubs.so
Installed /home/opam/.opam/system/lib/stublibs/dllpcre_stubs.so.owner
ocamlfind: [WARNING] You have installed DLLs but the directory /home/opam/.opam/system/lib/stublibs is not mentioned in ld.conf
Installing pcre-ocaml.7.1.1.

=-=-= Installing tiny_json.1.1.2 =-=-=
default    Synchronizing with /home/opam/opam-repository/archives/tiny_json.1.1.2+opam.tar.gz
sending incremental file list
tiny_json.1.1.2+opam.tar.gz

sent 49,797 bytes  received 35 bytes  99,664.00 bytes/sec
total size is 49,657  speedup is 1.00
Building tiny_json.1.1.2:
  ocaml setup.ml -configure --prefix /home/opam/.opam/system
  ocaml setup.ml -build
  ocaml setup.ml -install

Configuration: 
ocamlfind: ..................................... /home/opam/.opam/system/bin/ocamlfind
ocamlc: ........................................ /usr/bin/ocamlc.opt
ocamlopt: ...................................... /usr/bin/ocamlopt.opt
ocamlbuild: .................................... /usr/bin/ocamlbuild
Package name: .................................. tiny_json
Package version: ............................... 1.1.2
os_type: ....................................... Unix
system: ........................................ linux
architecture: .................................. amd64
ccomp_type: .................................... cc
ocaml_version: ................................. 4.01.0
standard_library_default: ...................... /usr/lib/ocaml
standard_library: .............................. /usr/lib/ocaml
standard_runtime: .............................. /usr/bin/ocamlrun
bytecomp_c_compiler: ........................... gcc -D_FILE_OFFSET_BITS=64 -D_REENTRANT -fPIC
native_c_compiler: ............................. gcc -D_FILE_OFFSET_BITS=64 -D_REENTRANT
model: ......................................... default
ext_obj: ....................................... .o
ext_asm: ....................................... .s
ext_lib: ....................................... .a
ext_dll: ....................................... .so
default_executable_name: ....................... a.out
systhread_supported: ........................... true
Install architecture-independent files dir: .... /home/opam/.opam/system
Install architecture-dependent files in dir: ... $prefix
User executables: .............................. $exec_prefix/bin
System admin executables: ...................... $exec_prefix/sbin
Program executables: ........................... $exec_prefix/libexec
Read-only single-machine data: ................. $prefix/etc
Modifiable architecture-independent data: ...... $prefix/com
Modifiable single-machine data: ................ $prefix/var
Object code libraries: ......................... $exec_prefix/lib
Read-only arch-independent data root: .......... $prefix/share
Read-only architecture-independent data: ....... $datarootdir
Info documentation: ............................ $datarootdir/info
Locale-dependent data: ......................... $datarootdir/locale
Man documentation: ............................. $datarootdir/man
Documentation root: ............................ $datarootdir/doc/$pkg_name
HTML documentation: ............................ $docdir
DVI documentation: ............................. $docdir
PDF documentation: ............................. $docdir
PS documentation: .............................. $docdir
findlib_version: ............................... 1.5.2
is_native: ..................................... true
suffix_program: ................................ 
Remove a file.: ................................ rm -f
Remove a directory.: ........................... rm -rf
Turn ocaml debug flag on: ...................... true
Turn ocaml profile flag on: .................... false
Compiler support generation of .cmxs.: ......... true

*** omake: reading OMakefiles
File OMyMakefile: line 188, characters 3-26:
   Warning: old-style foreach expression.
   This expression should use a => binding.
File OMyMakefile: line 669, characters 2-21:
   Warning: old-style foreach expression.
   This expression should use a => binding.
--- Checking for ocamlfind... (found /home/opam/.opam/system/bin/ocamlfind)
--- Checking for ocamlc.opt... (found /usr/bin/ocamlc.opt)
--- Checking for ocamlopt.opt... (found /usr/bin/ocamlopt.opt)
--- Checking whether ocamlc understands the "z" warnings... (yes)
*** omake: finished reading OMakefiles (0.20 sec)
--- Checking if ocamldep understands -modules... (yes)
*** omake: warning: stdout is not a tty, disabling the progress bar
   (use --progress to override).
- build lib json.cmo
+ ocamlfind ocamlc -annot -bin-annot -for-pack Tiny_json -g -w A-4-9-27-34 -warn-error a -g -I . -c File "json.ml", line 1, characters 0-9:
Warning 44: this open statement shadows the value identifier @@ (which is later used)
json.ml
- build lib json.cmx
+ ocamlfind ocamlopt -annot -bin-annot -for-pack Tiny_json -g -w A-4-9-27-34 -warn-error a -I . -c json.ml
File "json.ml", line 1, characters 0-9:
Warning 44: this open statement shadows the value identifier @@ (which is later used)
*** omake: done (1.71 sec, 12/12 scans, 21/29 rules, 51/165 digests)
*** omake: reading OMakefiles
*** omake: finished reading OMakefiles (0.17 sec)
- build lib <install>
+ ocamlfind remove tiny_json
ocamlfind: [WARNING] No such directory: /home/opam/.opam/system/lib/tiny_json
- build lib <install>
+ ocamlfind install tiny_json META util.mli json.mli llist.mli Installed /home/opam/.opam/system/lib/tiny_json/tiny_json.cmt
utf16.mli base64.mli parserMonad.mli tiny_json.cmi tiny_json.cmo tiny_json.cmx tiny_json.cma tiny_json.cmxa tiny_json.cmxs tiny_json.o tiny_json.a tiny_json.cmt
Installed /home/opam/.opam/system/lib/tiny_json/tiny_json.a
Installed /home/opam/.opam/system/lib/tiny_json/tiny_json.o
Installed /home/opam/.opam/system/lib/tiny_json/tiny_json.cmxs
Installed /home/opam/.opam/system/lib/tiny_json/tiny_json.cmxa
Installed /home/opam/.opam/system/lib/tiny_json/tiny_json.cma
Installed /home/opam/.opam/system/lib/tiny_json/tiny_json.cmx
Installed /home/opam/.opam/system/lib/tiny_json/tiny_json.cmo
Installed /home/opam/.opam/system/lib/tiny_json/tiny_json.cmi
Installed /home/opam/.opam/system/lib/tiny_json/parserMonad.mli
Installed /home/opam/.opam/system/lib/tiny_json/base64.mli
Installed /home/opam/.opam/system/lib/tiny_json/utf16.mli
Installed /home/opam/.opam/system/lib/tiny_json/llist.mli
Installed /home/opam/.opam/system/lib/tiny_json/json.mli
Installed /home/opam/.opam/system/lib/tiny_json/util.mli
Installed /home/opam/.opam/system/lib/tiny_json/META
*** omake: done (0.38 sec, 0/12 scans, 2/34 rules, 5/134 digests)
Installing tiny_json.1.1.2.

=-=-= Installing type_conv.111.13.00 =-=-=
default    Synchronizing with /home/opam/opam-repository/archives/type_conv.111.13.00+opam.tar.gz
sending incremental file list
type_conv.111.13.00+opam.tar.gz

sent 61,887 bytes  received 35 bytes  123,844.00 bytes/sec
total size is 61,743  speedup is 1.00
Building type_conv.111.13.00:
  make
  make install
ocamlopt.opt -o setup.exe setup.ml || ocamlopt -o setup.exe setup.ml || ocamlc -o setup.exe setup.ml
rm -f setup.cmx setup.cmi setup.o setup.obj setup.cmo
./setup.exe -configure 

Configuration: 
ocamlfind: ........................................... /home/opam/.opam/system/bin/ocamlfind
ocamlc: .............................................. /usr/bin/ocamlc.opt
ocamlopt: ............................................ /usr/bin/ocamlopt.opt
ocamlbuild: .......................................... /usr/bin/ocamlbuild
Package name: ........................................ type_conv
Package version: ..................................... 111.13.00
os_type: ............................................. Unix
system: .............................................. linux
architecture: ........................................ amd64
ccomp_type: .......................................... cc
ocaml_version: ....................................... 4.01.0
standard_library_default: ............................ /usr/lib/ocaml
standard_library: .................................... /usr/lib/ocaml
standard_runtime: .................................... /usr/bin/ocamlrun
bytecomp_c_compiler: ................................. gcc -D_FILE_OFFSET_BITS=64 -D_REENTRANT -fPIC
native_c_compiler: ................................... gcc -D_FILE_OFFSET_BITS=64 -D_REENTRANT
model: ............................................... default
ext_obj: ............................................. .o
ext_asm: ............................................. .s
ext_lib: ............................................. .a
ext_dll: ............................................. .so
default_executable_name: ............................. a.out
systhread_supported: ................................. true
Install architecture-independent files dir: .......... /usr/local
Install architecture-dependent files in dir: ......... $prefix
User executables: .................................... $exec_prefix/bin
System admin executables: ............................ $exec_prefix/sbin
Program executables: ................................. $exec_prefix/libexec
Read-only single-machine data: ....................... $prefix/etc
Modifiable architecture-independent data: ............ $prefix/com
Modifiable single-machine data: ...................... $prefix/var
Object code libraries: ............................... $exec_prefix/lib
Read-only arch-independent data root: ................ $prefix/share
Read-only architecture-independent data: ............. $datarootdir
Info documentation: .................................. $datarootdir/info
Locale-dependent data: ............................... $datarootdir/locale
Man documentation: ................................... $datarootdir/man
Documentation root: .................................. $datarootdir/doc/$pkg_name
HTML documentation: .................................. $docdir
DVI documentation: ................................... $docdir
PDF documentation: ................................... $docdir
PS documentation: .................................... $docdir
findlib_version: ..................................... 1.5.2
is_native: ........................................... true
suffix_program: ...................................... 
Remove a file.: ...................................... rm -f
Remove a directory.: ................................. rm -rf
Turn ocaml debug flag on: ............................ true
Turn ocaml profile flag on: .......................... false
Compiler support generation of .cmxs.: ............... true
OCamlbuild additional flags: ......................... 
Create documentations: ............................... true
Compile tests executable and library and run them: ... false
camlp4o: ............................................. /usr/bin/camlp4o
pkg_camlp4_quotations: ............................... /usr/lib/ocaml/camlp4
pkg_camlp4_extend: ................................... /usr/lib/ocaml/camlp4

./setup.exe -build 
ocamlfind ocamlopt unix.cmxa -I /usr/lib/ocaml/ocamlbuild /usr/lib/ocaml/ocamlbuild/ocamlbuildlib.cmxa -linkpkg myocamlbuild.ml /usr/lib/ocaml/ocamlbuild/ocamlbuild.cmx -o myocamlbuild
ocamlfind ocamldep -package camlp4.extend -package camlp4.quotations -modules lib/pa_type_conv.mli > lib/pa_type_conv.mli.depends
ocamlfind ocamlc -c -g -package camlp4.extend -package camlp4.quotations -I lib -o lib/pa_type_conv.cmi lib/pa_type_conv.mli
ocamlfind ocamldep -syntax camlp4o -package camlp4.extend -package camlp4.quotations -modules lib/pa_type_conv.ml > lib/pa_type_conv.ml.depends
ocamlfind ocamlc -c -g -syntax camlp4o -package camlp4.extend -package camlp4.quotations -I lib -o lib/pa_type_conv.cmo lib/pa_type_conv.ml
ocamlfind ocamlc -a lib/pa_type_conv.cmo -o lib/pa_type_conv.cma
ocamlfind ocamlopt -c -g -syntax camlp4o -package camlp4.extend -package camlp4.quotations -I lib -o lib/pa_type_conv.cmx lib/pa_type_conv.ml
ocamlfind ocamlopt -a lib/pa_type_conv.cmx -o lib/pa_type_conv.cmxa
ocamlfind ocamlopt -shared lib/pa_type_conv.cmx -o lib/pa_type_conv.cmxs
./setup.exe -install 
Installed /home/opam/.opam/system/lib/type_conv/pa_type_conv.mli
Installed /home/opam/.opam/system/lib/type_conv/pa_type_conv.cma
Installed /home/opam/.opam/system/lib/type_conv/pa_type_conv.cmxa
Installed /home/opam/.opam/system/lib/type_conv/pa_type_conv.a
Installed /home/opam/.opam/system/lib/type_conv/pa_type_conv.cmxs
Installed /home/opam/.opam/system/lib/type_conv/pa_type_conv.cmi
Installed /home/opam/.opam/system/lib/type_conv/pa_type_conv.cmx
Installed /home/opam/.opam/system/lib/type_conv/META
Installing type_conv.111.13.00.

=-=-= Installing meta_conv.1.1.3 =-=-=
default    Synchronizing with /home/opam/opam-repository/archives/meta_conv.1.1.3+opam.tar.gz
sending incremental file list
meta_conv.1.1.3+opam.tar.gz

sent 76,625 bytes  received 35 bytes  153,320.00 bytes/sec
total size is 76,477  speedup is 1.00
Building meta_conv.1.1.3:
  ocaml setup.ml -configure --prefix /home/opam/.opam/system
  ocaml setup.ml -build
  ocaml setup.ml -install

Configuration: 
ocamlfind: ..................................... /home/opam/.opam/system/bin/ocamlfind
ocamlc: ........................................ /usr/bin/ocamlc.opt
ocamlopt: ...................................... /usr/bin/ocamlopt.opt
ocamlbuild: .................................... /usr/bin/ocamlbuild
Package name: .................................. meta_conv
Package version: ............................... 1.1.3
os_type: ....................................... Unix
system: ........................................ linux
architecture: .................................. amd64
ccomp_type: .................................... cc
ocaml_version: ................................. 4.01.0
standard_library_default: ...................... /usr/lib/ocaml
standard_library: .............................. /usr/lib/ocaml
standard_runtime: .............................. /usr/bin/ocamlrun
bytecomp_c_compiler: ........................... gcc -D_FILE_OFFSET_BITS=64 -D_REENTRANT -fPIC
native_c_compiler: ............................. gcc -D_FILE_OFFSET_BITS=64 -D_REENTRANT
model: ......................................... default
ext_obj: ....................................... .o
ext_asm: ....................................... .s
ext_lib: ....................................... .a
ext_dll: ....................................... .so
default_executable_name: ....................... a.out
systhread_supported: ........................... true
Install architecture-independent files dir: .... /home/opam/.opam/system
Install architecture-dependent files in dir: ... $prefix
User executables: .............................. $exec_prefix/bin
System admin executables: ...................... $exec_prefix/sbin
Program executables: ........................... $exec_prefix/libexec
Read-only single-machine data: ................. $prefix/etc
Modifiable architecture-independent data: ...... $prefix/com
Modifiable single-machine data: ................ $prefix/var
Object code libraries: ......................... $exec_prefix/lib
Read-only arch-independent data root: .......... $prefix/share
Read-only architecture-independent data: ....... $datarootdir
Info documentation: ............................ $datarootdir/info
Locale-dependent data: ......................... $datarootdir/locale
Man documentation: ............................. $datarootdir/man
Documentation root: ............................ $datarootdir/doc/$pkg_name
HTML documentation: ............................ $docdir
DVI documentation: ............................. $docdir
PDF documentation: ............................. $docdir
PS documentation: .............................. $docdir
findlib_version: ............................... 1.5.2
is_native: ..................................... true
suffix_program: ................................ 
Remove a file.: ................................ rm -f
Remove a directory.: ........................... rm -rf
Turn ocaml debug flag on: ...................... true
Turn ocaml profile flag on: .................... false
Compiler support generation of .cmxs.: ......... true

*** omake: reading OMakefiles
File OMyMakefile: line 188, characters 3-26:
   Warning: old-style foreach expression.
   This expression should use a => binding.
File OMyMakefile: line 669, characters 2-21:
   Warning: old-style foreach expression.
   This expression should use a => binding.
--- Checking for ocamlfind... (found /home/opam/.opam/system/bin/ocamlfind)
--- Checking for ocamlc.opt... (found /usr/bin/ocamlc.opt)
--- Checking for ocamlopt.opt... (found /usr/bin/ocamlopt.opt)
--- Checking whether ocamlc understands the "z" warnings... (yes)
*** omake: finished reading OMakefiles (0.18 sec)
--- Checking if ocamldep understands -modules... (yes)
*** omake: warning: stdout is not a tty, disabling the progress bar
   (use --progress to override).
- build pa tctools.cmo
+ ocamlfind ocamlc -annot -bin-annot File "tctools.ml", line 4, characters 0-8:
-package type_conv -g -w A-4-9 -warn-error a -g -pp camlp4of -I . -c tctools.ml
Warning 44: this open statement shadows the module identifier Loc (which is later used)
- build pa tctools.o
+ ocamlfind ocamlopt -annot -bin-annot -package type_conv -g -w A-4-9 -warn-error a -pp camlp4of -I . -c tctools.ml
File "tctools.ml", line 4, characters 0-8:
Warning 44: this open statement shadows the module identifier Loc (which is later used)
- File "pa_meta_conv.ml", line 4, characters 0-8:
Warning 44: this open statement shadows the module identifier Loc (which is later used)
build pa pa_meta_conv.cmx
+ ocamlfind ocamlc -annot -bin-annot -package type_conv -g -w A-4-9 -warn-error a -g -pp camlp4of -I . -c pa_meta_conv.ml
File "pa_meta_conv.ml", line 32, characters 0-11:
Warning 44: this open statement shadows the module identifier Gram (which is later used)
File "pa_meta_conv.ml", line 32, characters 0-11:
Warning 44: this open statement shadows the module identifier Ast (which is later used)
File "pa_meta_conv.ml", line 32, characters 0-11:
Warning 44: this open statement shadows the module identifier Loc (which is later used)
- build paFile "pa_meta_conv.ml", line 4, characters 0-8:
Warning 44: this open statement shadows the module identifier Loc (which is later used)
File "pa_meta_conv.ml", line 32, characters 0-11:
Warning 44: this open statement shadows the module identifier Gram (which is later used)
File "pa_meta_conv.ml", line 32, characters 0-11:
Warning 44: this open statement shadows the module identifier Ast (which is later used)
File "pa_meta_conv.ml", line 32, characters 0-11:
Warning 44: this open statement shadows the module identifier Loc (which is later used)
 pa_meta_conv.cmx
+ ocamlfind ocamlopt -annot -bin-annot -package type_conv -g -w A-4-9 -warn-error a -pp camlp4of -I . -c pa_meta_conv.ml
- build lib coder.cmo
+ ocamlfind ocamlc -annot -bin-annot -for-pack Meta_conv -g -w A-4-9 -warn-error a -g -I . -c coder.ml
File "coder.ml", line 4, characters 0-9:
Warning 44: this open statement shadows the value identifier >>= (which is later used)
File "coder.ml", line 109, characters 6-331:
Warning 44: this open statement shadows the value identifier map (which is later used)
File "coder.ml", line 109, characters 6-331:
Warning 44: this open statement shadows the value identifier >>= (which is later used)
- build lib coder.cmx
+ ocamlfind ocamlopt -annot -bin-annot -for-pack Meta_conv -g -w A-4-9 -warn-error a -I . -c coder.ml
File "coder.ml", line 4, characters 0-9:
Warning 44: this open statement shadows the value identifier >>= (which is later used)
File "coder.ml", line 109, characters 6-331:
Warning 44: this open statement shadows the value identifier map (which is later used)
File "coder.ml", line 109, characters 6-331:
Warning 44: this open statement shadows the value identifier >>= (which is later used)
- build json json_conv.cmo
+ ocamlfind ocamlc -annot -bin-annot -g -w A-4-9 -warn-error a -g -I . -I ../lib -c json_conv.ml
File "json_conv.ml", line 37, characters 4-649:
Warning 44: this open statement shadows the value identifier fprintf (which is later used)
File "json_conv.ml", line 196, characters 2-86:
Warning 44: this open statement shadows the value identifier min_int (which is later used)
File "json_conv.ml", line 196, characters 2-86:
Warning 44: this open statement shadows the value identifier max_int (which is later used)
File "json_conv.ml", line 200, characters 2-86:
Warning 44: this open statement shadows the value identifier min_int (which is later used)
File "json_conv.ml", line 200, characters 2-86:
Warning 44: this open statement shadows the value identifier max_int (which is later used)
File "json_conv.ml", line 204, characters 2-94:
Warning 44: this open statement shadows the value identifier min_int (which is later used)
File "json_conv.ml", line 204, characters 2-94:
Warning 44: this open statement shadows the value identifier max_int (which is later used)
- build json json_conv.cmx
+ ocamlfind ocamlopt -annot -bin-annot -g -w A-4-9 -warn-error a -I . -I ../lib -c json_conv.ml
File "json_conv.ml", line 37, characters 4-649:
Warning 44: this open statement shadows the value identifier fprintf (which is later used)
File "json_conv.ml", line 196, characters 2-86:
Warning 44: this open statement shadows the value identifier min_int (which is later used)
File "json_conv.ml", line 196, characters 2-86:
Warning 44: this open statement shadows the value identifier max_int (which is later used)
File "json_conv.ml", line 200, characters 2-86:
Warning 44: this open statement shadows the value identifier min_int (which is later used)
File "json_conv.ml", line 200, characters 2-86:
Warning 44: this open statement shadows the value identifier max_int (which is later used)
File "json_conv.ml", line 204, characters 2-94:
Warning 44: this open statement shadows the value identifier min_int (which is later used)
File "json_conv.ml", line 204, characters 2-94:
Warning 44: this open statement shadows the value identifier max_int (which is later used)
- build findlib: [WARNING] Interface topdirs.cmi occurs in several directories: /usr/lib/ocaml, /usr/lib/ocaml/compiler-libs
findlib: [WARNING] Interface types.cmi occurs in several directories: ../lib, /usr/lib/ocaml/compiler-libs
ocaml ocaml.cmi
+ ocamlfind ocamlc -annot -bin-annot -package compiler-libs.common -g -w A-4-9-44 -warn-error a -g -I . -I ../lib -c ocaml.mli
- build ocaml ocaml_conv.cmi
+ ocamlfind ocamlc -annot -bin-annot -package compiler-libs.common -g -w A-4-9-44 -warn-error a -g -I . -I ../lib -c ocaml_conv.mli
findlib: [WARNING] Interface topdirs.cmi occurs in several directories: /usr/lib/ocaml, /usr/lib/ocaml/compiler-libs
findlib: [WARNING] Interface types.cmi occurs in several directories: ../lib, /usr/lib/ocaml/compiler-libs
- build ocaml/tests test.out.auto.mli
+ ocamlfind ocamlc -annot -bin-annot -package compiler-libs.common,compiler-libs.common -g -w A-4-9-44-24 -warn-error a -g -I . -I ../lib -c -i -I .. -I ../../lib test.out.ml > ocaml/tests/test.out.auto.mli
findlib: [WARNING] Interface topdirs.cmi occurs in several directories: /usr/lib/ocaml, /usr/lib/ocaml/compiler-libs
findlib: [WARNING] Interface types.cmi occurs in several directories: ../../lib, /usr/lib/ocaml/compiler-libs
- build ocaml ocaml_conv.cmo
+ ocamlfind ocamlc -annot -bin-annot -package compiler-libs.common -g -w A-4-9-44 -warn-error a -g -I . -I ../lib -c ocaml_conv.ml
findlib: [WARNING] Interface topdirs.cmi occurs in several directories: /usr/lib/ocaml, /usr/lib/ocaml/compiler-libs
findlib: [WARNING] Interface types.cmi occurs in several directories: ../lib, /usr/lib/ocaml/compiler-libs
- build ocaml ocaml.cmx
+ ocamlfind ocamlopt -annot -bin-annot -package compiler-libs.common -g -w A-4-9-44 -warn-error a -I . -I ../lib -c ocaml.ml
findlib: [WARNING] Interface topdirs.cmi occurs in several directories: /usr/lib/ocaml, /usr/lib/ocaml/compiler-libs
findlib: [WARNING] Interface types.cmi occurs in several directories: ../lib, /usr/lib/ocaml/compiler-libs
- build ocaml ocaml_conv.cmx
+ ocamlfind ocamlopt -annot -bin-annot -package compiler-libs.common -g -w A-4-9-44 -warn-error a -I . -I ../lib -c ocaml_conv.ml
findlib: [WARNING] Interface topdirs.cmi occurs in several directories: /usr/lib/ocaml, /usr/lib/ocaml/compiler-libs
findlib: [WARNING] Interface types.cmi occurs in several directories: ../lib, /usr/lib/ocaml/compiler-libs
- build ocaml ocaml.cmo
+ ocamlfind ocamlc -annot -bin-annot -package compiler-libs.common -g -w A-4-9-44 -warn-error a -g -I . -I ../lib findlib: [WARNING] Interface topdirs.cmi occurs in several directories: /usr/lib/ocaml, /usr/lib/ocaml/compiler-libs
findlib: [WARNING] Interface types.cmi occurs in several directories: ../lib, /usr/lib/ocaml/compiler-libs
-c ocaml.ml
- build ocaml ocaml_conv.cma
+ ocamlfind ocamlc -packagefindlib: [WARNING] Interface topdirs.cmi occurs in several directories: /usr/lib/ocaml, /usr/lib/ocaml/compiler-libs
 compiler-libs.common -g -g -a -o ocaml_conv.cma ocaml.cmo ocaml_conv.cmo
- build ocaml/tests test.out
+ ocamlfind ocamlc -annot -bin-annot -package compiler-libs.common,compiler-libs.common -g -w A-4-9-44-24 -warn-error a -g -I . -I ../lib -I .. -I ../../lib ../../lib/meta_conv.cmo ocamlcommon.cma ../ocaml_conv.cma test.out.ml -o test.out
findlib: [WARNING] Interface topdirs.cmi occurs in several directories: /usr/lib/ocaml, /usr/lib/ocaml/compiler-libs
findlib: [WARNING] Interface types.cmi occurs in several directories: ../../lib, /usr/lib/ocaml/compiler-libs
- build ocaml ocaml_conv.cmxs
findlib: [WARNING] Interface topdirs.cmi occurs in several directories: /usr/lib/ocaml, /usr/lib/ocaml/compiler-libs
+ ocamlfind ocamlopt -package compiler-libs.common -g -shared -o ocaml_conv.cmxs ocaml.cmx ocaml_conv.cmx
- build ocaml findlib: [WARNING] Interface topdirs.cmi occurs in several directories: /usr/lib/ocaml, /usr/lib/ocaml/compiler-libs
ocaml_conv.cmxa
+ ocamlfind ocamlopt -package compiler-libs.common -g -a -o ocaml_conv.cmxa ocaml.cmx ocaml_conv.cmx
*** omake: done (14.38 sec, 20/20 scans, 52/77 rules, 125/335 digests)
*** omake: reading OMakefiles
*** omake: finished reading OMakefiles (0.16 sec)
- build lib <install>
+ ocamlfind remove meta_conv
ocamlfind: [WARNING] No such directory: /home/opam/.opam/system/lib/meta_conv
- build lib <install>
+ ocamlfind install meta_conv META error.mli coder.mli result.mli internal.mli template.mli meta_conv.cmi meta_conv.cmo meta_conv.cmx meta_conv.cma meta_conv.cmxa meta_conv.cmxs meta_conv.o meta_conv.a ../pa/pa_meta_conv.cma ../pa/pa_meta_conv.cmxs ../pa/pa_meta_conv.cmi meta_conv.cmt
Installed /home/opam/.opam/system/lib/meta_conv/meta_conv.cmt
Installed /home/opam/.opam/system/lib/meta_conv/pa_meta_conv.cmi
Installed /home/opam/.opam/system/lib/meta_conv/pa_meta_conv.cmxs
Installed /home/opam/.opam/system/lib/meta_conv/pa_meta_conv.cma
Installed /home/opam/.opam/system/lib/meta_conv/meta_conv.a
Installed /home/opam/.opam/system/lib/meta_conv/meta_conv.o
Installed /home/opam/.opam/system/lib/meta_conv/meta_conv.cmxs
Installed /home/opam/.opam/system/lib/meta_conv/meta_conv.cmxa
Installed /home/opam/.opam/system/lib/meta_conv/meta_conv.cma
Installed /home/opam/.opam/system/lib/meta_conv/meta_conv.cmx
Installed /home/opam/.opam/system/lib/meta_conv/meta_conv.cmo
Installed /home/opam/.opam/system/lib/meta_conv/meta_conv.cmi
Installed /home/opam/.opam/system/lib/meta_conv/template.mli
Installed /home/opam/.opam/system/lib/meta_conv/internal.mli
Installed /home/opam/.opam/system/lib/meta_conv/result.mli
Installed /home/opam/.opam/system/lib/meta_conv/coder.mli
Installed /home/opam/.opam/system/lib/meta_conv/error.mli
Installed /home/opam/.opam/system/lib/meta_conv/META
- build ocaml <install>
+ ocamlfind: [WARNING] No such directory: /home/opam/.opam/system/lib/ocaml_conv
ocamlfind remove ocaml_conv
- build ocaml <install>
+ ocamlfind install ocaml_conv ocaml_conv.cmxa ocaml_conv.a ocaml_conv.cmxs ocaml_conv.cma ocaml.cmi ocaml_conv.cmi ocaml.mli ocaml_conv.mli META ocaml.cmt ocaml_conv.cmt ocaml.cmti ocaml_conv.cmtiInstalled /home/opam/.opam/system/lib/ocaml_conv/ocaml_conv.cmti
Installed /home/opam/.opam/system/lib/ocaml_conv/ocaml.cmti

Installed /home/opam/.opam/system/lib/ocaml_conv/ocaml_conv.cmt
Installed /home/opam/.opam/system/lib/ocaml_conv/ocaml.cmt
Installed /home/opam/.opam/system/lib/ocaml_conv/ocaml_conv.mli
Installed /home/opam/.opam/system/lib/ocaml_conv/ocaml.mli
Installed /home/opam/.opam/system/lib/ocaml_conv/ocaml_conv.cmi
Installed /home/opam/.opam/system/lib/ocaml_conv/ocaml.cmi
Installed /home/opam/.opam/system/lib/ocaml_conv/ocaml_conv.cma
Installed /home/opam/.opam/system/lib/ocaml_conv/ocaml_conv.cmxs
Installed /home/opam/.opam/system/lib/ocaml_conv/ocaml_conv.a
Installed /home/opam/.opam/system/lib/ocaml_conv/ocaml_conv.cmxa
Installed /home/opam/.opam/system/lib/ocaml_conv/META
*** omake: warning: stdout is not a tty, disabling the progress bar
   (use --progress to override).
*** omake: done (0.68 sec, 0/17 scans, 6/57 rules, 16/223 digests)
Installing meta_conv.1.1.3.

=-=-= Installing pa_ounit.109.53.02 =-=-=
default    Synchronizing with /home/opam/opam-repository/archives/pa_ounit.109.53.02+opam.tar.gz
sending incremental file list
pa_ounit.109.53.02+opam.tar.gz

sent 54,760 bytes  received 35 bytes  109,590.00 bytes/sec
total size is 54,617  speedup is 1.00
Building pa_ounit.109.53.02:
  make
  make install
ocamlopt.opt -o setup.exe setup.ml || ocamlopt -o setup.exe setup.ml || ocamlc -o setup.exe setup.ml
rm -f setup.cmx setup.cmi setup.o setup.obj setup.cmo
./setup.exe -configure 

Configuration: 
ocamlfind: ........................................... /home/opam/.opam/system/bin/ocamlfind
ocamlc: .............................................. /usr/bin/ocamlc.opt
ocamlopt: ............................................ /usr/bin/ocamlopt.opt
ocamlbuild: .......................................... /usr/bin/ocamlbuild
Package name: ........................................ pa_ounit
Package version: ..................................... 109.53.02
os_type: ............................................. Unix
system: .............................................. linux
architecture: ........................................ amd64
ccomp_type: .......................................... cc
ocaml_version: ....................................... 4.01.0
standard_library_default: ............................ /usr/lib/ocaml
standard_library: .................................... /usr/lib/ocaml
standard_runtime: .................................... /usr/bin/ocamlrun
bytecomp_c_compiler: ................................. gcc -D_FILE_OFFSET_BITS=64 -D_REENTRANT -fPIC
native_c_compiler: ................................... gcc -D_FILE_OFFSET_BITS=64 -D_REENTRANT
model: ............................................... default
ext_obj: ............................................. .o
ext_asm: ............................................. .s
ext_lib: ............................................. .a
ext_dll: ............................................. .so
default_executable_name: ............................. a.out
systhread_supported: ................................. true
Install architecture-independent files dir: .......... /usr/local
Install architecture-dependent files in dir: ......... $prefix
User executables: .................................... $exec_prefix/bin
System admin executables: ............................ $exec_prefix/sbin
Program executables: ................................. $exec_prefix/libexec
Read-only single-machine data: ....................... $prefix/etc
Modifiable architecture-independent data: ............ $prefix/com
Modifiable single-machine data: ...................... $prefix/var
Object code libraries: ............................... $exec_prefix/lib
Read-only arch-independent data root: ................ $prefix/share
Read-only architecture-independent data: ............. $datarootdir
Info documentation: .................................. $datarootdir/info
Locale-dependent data: ............................... $datarootdir/locale
Man documentation: ................................... $datarootdir/man
Documentation root: .................................. $datarootdir/doc/$pkg_name
HTML documentation: .................................. $docdir
DVI documentation: ................................... $docdir
PDF documentation: ................................... $docdir
PS documentation: .................................... $docdir
findlib_version: ..................................... 1.5.2
is_native: ........................................... true
suffix_program: ...................................... 
Remove a file.: ...................................... rm -f
Remove a directory.: ................................. rm -rf
Turn ocaml debug flag on: ............................ true
Turn ocaml profile flag on: .......................... false
Compiler support generation of .cmxs.: ............... true
OCamlbuild additional flags: ......................... 
Create documentations: ............................... true
Compile tests executable and library and run them: ... false
camlp4o: ............................................. /usr/bin/camlp4o
pkg_ounit: ........................................... /home/opam/.opam/system/lib/oUnit
pkg_camlp4_extend: ................................... /usr/lib/ocaml/camlp4
pkg_camlp4_lib: ...................................... /usr/lib/ocaml/camlp4
pkg_camlp4_quotations: ............................... /usr/lib/ocaml/camlp4

./setup.exe -build 
W: Cannot find source file matching module 'pa_ounit_lib' in library pa_ounit_lib
ocamlfind ocamlopt unix.cmxa -I /usr/lib/ocaml/ocamlbuild /usr/lib/ocaml/ocamlbuild/ocamlbuildlib.cmxa -linkpkg myocamlbuild.ml /usr/lib/ocaml/ocamlbuild/ocamlbuild.cmx -o myocamlbuild
ocamlfind ocamldep -package oUnit -modules lib/runtime.mli > lib/runtime.mli.depends
ocamlfind ocamlc -c -g -package oUnit -I lib -o lib/runtime.cmi lib/runtime.mli
ocamlfind ocamldep -package oUnit -modules lib/runtime.ml > lib/runtime.ml.depends
ocamlfind ocamlc -c -g -package oUnit -I lib -o lib/runtime.cmo lib/runtime.ml
ocamlfind ocamlc -pack -g lib/runtime.cmo -o lib/pa_ounit_lib.cmo
ocamlfind ocamlc -a lib/pa_ounit_lib.cmo -o lib/pa_ounit_lib.cma
ocamlfind ocamlopt -c -g -package oUnit -for-pack Pa_ounit_lib -I lib -o lib/runtime.cmx lib/runtime.ml
touch lib/pa_ounit_lib.mli  ; if  ocamlfind ocamlopt -pack -g -I lib lib/runtime.cmx -o lib/pa_ounit_lib.cmx  ; then  rm -f lib/pa_ounit_lib.mli  ; else  rm -f lib/pa_ounit_lib.mli  ; exit 1; fi
ocamlfind ocamlopt -a lib/pa_ounit_lib.cmx -o lib/pa_ounit_lib.cmxa
ocamlfind ocamlopt -shared lib/pa_ounit_lib.cmx -o lib/pa_ounit_lib.cmxs
ocamlfind ocamldep -syntax camlp4o -package camlp4.quotations -package camlp4.lib -package camlp4.extend -modules syntax/pa_ounit.ml > syntax/pa_ounit.ml.depends
ocamlfind ocamlc -c -g -syntax camlp4o -package camlp4.quotations -package camlp4.lib -package camlp4.extend -I syntax -o syntax/pa_ounit.cmo syntax/pa_ounit.ml
ocamlfind ocamlc -a syntax/pa_ounit.cmo -o syntax/pa_ounit_syntax.cma
ocamlfind ocamlopt -c -g -syntax camlp4o -package camlp4.quotations -package camlp4.lib -package camlp4.extend -I syntax -o syntax/pa_ounit.cmx syntax/pa_ounit.ml
ocamlfind ocamlopt -a syntax/pa_ounit.cmx -o syntax/pa_ounit_syntax.cmxa
ocamlfind ocamlopt -shared -linkall syntax/pa_ounit_syntax.cmxa -o syntax/pa_ounit_syntax.cmxs
./setup.exe -install 
Installed /home/opam/.opam/system/lib/pa_ounit/runtime.mli
Installed /home/opam/.opam/system/lib/pa_ounit/pa_ounit_lib.cmi
Installed /home/opam/.opam/system/lib/pa_ounit/pa_ounit_lib.cma
Installed /home/opam/.opam/system/lib/pa_ounit/pa_ounit_lib.cmxa
Installed /home/opam/.opam/system/lib/pa_ounit/pa_ounit_lib.a
Installed /home/opam/.opam/system/lib/pa_ounit/pa_ounit_lib.cmxs
Installed /home/opam/.opam/system/lib/pa_ounit/pa_ounit_lib.cmx
Installed /home/opam/.opam/system/lib/pa_ounit/pa_ounit.ml
Installed /home/opam/.opam/system/lib/pa_ounit/pa_ounit_syntax.cma
Installed /home/opam/.opam/system/lib/pa_ounit/pa_ounit_syntax.cmxa
Installed /home/opam/.opam/system/lib/pa_ounit/pa_ounit_syntax.a
Installed /home/opam/.opam/system/lib/pa_ounit/pa_ounit_syntax.cmxs
Installed /home/opam/.opam/system/lib/pa_ounit/pa_ounit.cmi
Installed /home/opam/.opam/system/lib/pa_ounit/pa_ounit.cmx
Installed /home/opam/.opam/system/lib/pa_ounit/META
Installing pa_ounit.109.53.02.

=-=-= Installing spotlib.2.4.0 =-=-=
default    Synchronizing with /home/opam/opam-repository/archives/spotlib.2.4.0+opam.tar.gz
sending incremental file list
spotlib.2.4.0+opam.tar.gz

sent 94,204 bytes  received 35 bytes  188,478.00 bytes/sec
total size is 94,058  speedup is 1.00
Building spotlib.2.4.0:
  ocaml setup.ml -configure --prefix /home/opam/.opam/system
  ocaml setup.ml -build
  ocaml setup.ml -install

Configuration: 
ocamlfind: ..................................... /home/opam/.opam/system/bin/ocamlfind
ocamlc: ........................................ /usr/bin/ocamlc.opt
ocamlopt: ...................................... /usr/bin/ocamlopt.opt
ocamlbuild: .................................... /usr/bin/ocamlbuild
Package name: .................................. spotlib
Package version: ............................... 2.4.0
os_type: ....................................... Unix
system: ........................................ linux
architecture: .................................. amd64
ccomp_type: .................................... cc
ocaml_version: ................................. 4.01.0
standard_library_default: ...................... /usr/lib/ocaml
standard_library: .............................. /usr/lib/ocaml
standard_runtime: .............................. /usr/bin/ocamlrun
bytecomp_c_compiler: ........................... gcc -D_FILE_OFFSET_BITS=64 -D_REENTRANT -fPIC
native_c_compiler: ............................. gcc -D_FILE_OFFSET_BITS=64 -D_REENTRANT
model: ......................................... default
ext_obj: ....................................... .o
ext_asm: ....................................... .s
ext_lib: ....................................... .a
ext_dll: ....................................... .so
default_executable_name: ....................... a.out
systhread_supported: ........................... true
Install architecture-independent files dir: .... /home/opam/.opam/system
Install architecture-dependent files in dir: ... $prefix
User executables: .............................. $exec_prefix/bin
System admin executables: ...................... $exec_prefix/sbin
Program executables: ........................... $exec_prefix/libexec
Read-only single-machine data: ................. $prefix/etc
Modifiable architecture-independent data: ...... $prefix/com
Modifiable single-machine data: ................ $prefix/var
Object code libraries: ......................... $exec_prefix/lib
Read-only arch-independent data root: .......... $prefix/share
Read-only architecture-independent data: ....... $datarootdir
Info documentation: ............................ $datarootdir/info
Locale-dependent data: ......................... $datarootdir/locale
Man documentation: ............................. $datarootdir/man
Documentation root: ............................ $datarootdir/doc/$pkg_name
HTML documentation: ............................ $docdir
DVI documentation: ............................. $docdir
PDF documentation: ............................. $docdir
PS documentation: .............................. $docdir
findlib_version: ............................... 1.5.2
is_native: ..................................... true
suffix_program: ................................ 
Remove a file.: ................................ rm -f
Remove a directory.: ........................... rm -rf
Turn ocaml debug flag on: ...................... true
Turn ocaml profile flag on: .................... false
Compiler support generation of .cmxs.: ......... true

*** omake: reading OMakefiles
File OMyMakefile: line 188, characters 3-26:
   Warning: old-style foreach expression.
   This expression should use a => binding.
File OMyMakefile: line 669, characters 2-21:
   Warning: old-style foreach expression.
   This expression should use a => binding.
--- Checking for ocamlfind... (found /home/opam/.opam/system/bin/ocamlfind)
--- Checking for ocamlc.opt... (found /usr/bin/ocamlc.opt)
--- Checking for ocamlopt.opt... (found /usr/bin/ocamlopt.opt)
--- Checking whether ocamlc understands the "z" warnings... (yes)
--- Checking if ocamldep understands -modules... (yes)
*** omake: finished reading OMakefiles (0.17 sec)
*** omake: warning: stdout is not a tty, disabling the progress bar
   (use --progress to override).
File "gen_phantom.ml", line 2, characters 0-12:
Warning 44: this open statement shadows the value identifier stdout (which is later used)
- build lib gen_phantom.cmi
+ ocamlfind ocamlc -annot -bin-annot -for-pack Spotlib -package unix,str,oUnit,pa_ounit -g -w A-4-9 -warn-error a -g -syntax camlp4o -package pa_ounit.syntax -ppopt -pa-ounit-lib -ppopt Spotlib -I . -c gen_phantom.ml
- build lib gen_phantom.cmi
+ ocamlfind ocamlopt -annot -bin-annot -for-pack Spotlib -package unix,str,oUnit,pa_ounit -g -w A-4-9 -warn-error a -syntax camlp4o -package pa_ounit.syntax -ppopt -pa-ounit-lib -ppopt Spotlib -I . -c gen_phantom.ml
File "gen_phantom.ml", line 2, characters 0-12:
Warning 44: this open statement shadows the value identifier stdout (which is later used)
- build lib spotStream.cmo
+ ocamlfind ocamlc -annot -bin-annot -for-pack Spotlib -package unix,str,oUnit,pa_ounit -g -w A-4-9 -warn-error a -g -syntax camlp4o -package pa_ounit.syntax -ppopt -pa-ounit-lib -ppopt Spotlib -I . -c spotStream.ml
File "spotStream.ml", line 1, characters 0-9:
Warning 44: this open statement shadows the value identifier & (which is later used)
- build lib xstring.cmo
+ ocamlfind ocamlc -annot -bin-annot -for-pack Spotlib -package unix,str,oUnit,pa_ounit -g -w A-4-9 -warn-error a -g -syntax camlp4o -package pa_ounit.syntax -ppopt -pa-ounit-lib -ppopt Spotlib -I . -c xstring.ml
File "xstring.ml", line 2, characters 0-11:
Warning 44: this open statement shadows the value identifier compare (which is later used)
File "xstring.ml", line 1, characters 0-9:
Warning 44: this open statement shadows the value identifier & (which is later used)
File "shell.ml", line 3, characters 0-9:
- build lib shell.cmo
+ ocamlfind ocamlc -annot -bin-annot -for-pack Spotlib -package unix,str,oUnit,pa_ounit -g -w A-4-9 -warn-error a -g -syntax camlp4o -package pa_ounit.syntax -ppopt -pa-ounit-lib -ppopt Spotlib -I . -c shell.ml
Warning 44: this open statement shadows the value identifier |> (which is later used)
File "shell.ml", line 6, characters 0-12:
Warning 44: this open statement shadows the value identifier execvp (which is later used)
- build lib xunix.cmo
+ ocamlfind ocamlc -annot -bin-annot -for-pack Spotlib -package unix,str,oUnit,pa_ounit -g -w A-4-9 -warn-error a -g -syntax camlp4o -package pa_ounit.syntax -ppopt -pa-ounit-lib -ppopt Spotlib -I . -c xunix.ml
File "xunix.ml", line 2, characters 0-9:
Warning 44: this open statement shadows the value identifier stdin (which is later used)
File "xunix.ml", line 2, characters 0-9:
Warning 44: this open statement shadows the value identifier stdout (which is later used)
File "xunix.ml", line 2, characters 0-9:
Warning 44: this open statement shadows the value identifier stderr (which is later used)
File "xunix.ml", line 1, characters 0-9:
Warning 44: this open statement shadows the value identifier & (which is later used)
- build lib spotStream.cmx
+ ocamlfind ocamlopt -annot -bin-annot -for-pack Spotlib -package unix,str,oUnit,pa_ounit -g -w A-4-9 -warn-error a -syntax camlp4o -package pa_ounit.syntax -ppopt -pa-ounit-lib -ppopt Spotlib -I . -c spotStream.ml
File "spotStream.ml", line 1, characters 0-9:
Warning 44: this open statement shadows the value identifier & (which is later used)
- build lib xstring.cmx
+ ocamlfind ocamlopt -annot -bin-annot -for-pack Spotlib -package unix,str,oUnit,pa_ounit -g -w A-4-9 -warn-error a -syntax camlp4o -package pa_ounit.syntax -ppopt -pa-ounit-lib -ppopt Spotlib -I . -c xstring.ml
File "xstring.ml", line 2, characters 0-11:
Warning 44: this open statement shadows the value identifier compare (which is later used)
File "xstring.ml", line 1, characters 0-9:
Warning 44: this open statement shadows the value identifier & (which is later used)
- build lib xunix.cmx
+ ocamlfind ocamlopt -annot -bin-annot -for-pack Spotlib -package unix,str,oUnit,pa_ounit -g -w A-4-9 -warn-error a -syntax camlp4o -package pa_ounit.syntax -ppopt -pa-ounit-lib -ppopt Spotlib -I . -c xunix.ml
File "xunix.ml", line 2, characters 0-9:
Warning 44: this open statement shadows the value identifier stdin (which is later used)
File "xunix.ml", line 2, characters 0-9:
Warning 44: this open statement shadows the value identifier stdout (which is later used)
File "xunix.ml", line 2, characters 0-9:
Warning 44: this open statement shadows the value identifier stderr (which is later used)
File "xunix.ml", line 1, characters 0-9:
Warning 44: this open statement shadows the value identifier & (which is later used)
- build lib shell.cmx
+ ocamlfind ocamlopt -annot -bin-annot -for-pack Spotlib -package unix,str,oUnit,pa_ounit -g -w A-4-9 -warn-error a -syntax camlp4o -package pa_ounit.syntax -ppopt -pa-ounit-lib -ppopt Spotlib -I . -c shell.ml
File "shell.ml", line 3, characters 0-9:
Warning 44: this open statement shadows the value identifier |> (which is later used)
File "shell.ml", line 6, characters 0-12:
Warning 44: this open statement shadows the value identifier execvp (which is later used)
- build libFile "URL.ml", line 1, characters 0-9:
Warning 44: this open statement shadows the value identifier & (which is later used)
 URL.o
+ ocamlfind ocamlopt -annot -bin-annot -for-pack Spotlib -package unix,str,oUnit,pa_ounit -g -w A-4-9 -warn-error a -syntax camlp4o -package pa_ounit.syntax -ppopt -pa-ounit-lib -ppopt Spotlib -I . -c URL.ml
- build lib URL.cmo
+ ocamlfind ocamlc -annot -bin-annot -for-pack Spotlib -package unix,str,oUnit,pa_ounit -g -w A-4-9 -warn-error a -g -syntax camlp4o -package pa_ounit.syntax -ppopt -pa-ounit-lib -ppopt Spotlib -I . -c File "URL.ml", line 1, characters 0-9:
Warning 44: this open statement shadows the value identifier & (which is later used)
URL.ml
- build lib temporal.cmo
+ ocamlfind ocamlc -annot -bin-annot -for-pack Spotlib -package unix,str,oUnit,pa_ounit -g -w A-4-9 -warn-error a -g -syntax camlp4o -package pa_ounit.syntax -ppopt -pa-ounit-lib -ppopt Spotlib -I . -c temporal.ml
File "temporal.ml", line 7, characters 0-9:
Warning 44: this open statement shadows the value identifier & (which is later used)
File "temporal.ml", line 235, characters 4-89:
Warning 44: this open statement shadows the value identifier + (which is later used)
File "temporal.ml", line 235, characters 4-89:
Warning 44: this open statement shadows the value identifier * (which is later used)
File "temporal.ml", line 253, characters 4-182:
Warning 44: this open statement shadows the value identifier + (which is later used)
File "temporal.ml", line 253, characters 4-182:
Warning 44: this open statement shadows the value identifier * (which is later used)
File "temporal.ml", line 321, characters 4-216:
Warning 45: this open statement shadows the label tm_year (which is later used)
File "temporal.ml", line 321, characters 4-216:
Warning 45: this open statement shadows the label tm_mon (which is later used)
File "temporal.ml", line 321, characters 4-216:
Warning 45: this open statement shadows the label tm_mday (which is later used)
File "temporal.ml", line 385, characters 4-187:
Warning 44: this open statement shadows the value identifier + (which is later used)
File "temporal.ml", line 385, characters 4-187:
Warning 44: this open statement shadows the value identifier * (which is later used)
File "temporal.ml", line 453, characters 4-42:
Warning 44: this open statement shadows the value identifier * (which is later used)
File "temporal.ml", line 466, characters 4-488:
Warning 44: this open statement shadows the value identifier / (which is later used)
- build lib temporal.cmx
+ ocamlfind ocamlopt -annot -bin-annot -for-pack Spotlib -package unix,str,oUnit,pa_ounit -g -w A-4-9 -warn-error a -syntax camlp4o -package pa_ounit.syntax -ppopt -pa-ounit-lib -ppopt Spotlib -I . -c temporal.ml
File "temporal.ml", line 7, characters 0-9:
Warning 44: this open statement shadows the value identifier & (which is later used)
File "temporal.ml", line 235, characters 4-89:
Warning 44: this open statement shadows the value identifier + (which is later used)
File "temporal.ml", line 235, characters 4-89:
Warning 44: this open statement shadows the value identifier * (which is later used)
File "temporal.ml", line 253, characters 4-182:
Warning 44: this open statement shadows the value identifier + (which is later used)
File "temporal.ml", line 253, characters 4-182:
Warning 44: this open statement shadows the value identifier * (which is later used)
File "temporal.ml", line 321, characters 4-216:
Warning 45: this open statement shadows the label tm_year (which is later used)
File "temporal.ml", line 321, characters 4-216:
Warning 45: this open statement shadows the label tm_mon (which is later used)
File "temporal.ml", line 321, characters 4-216:
Warning 45: this open statement shadows the label tm_mday (which is later used)
File "temporal.ml", line 385, characters 4-187:
Warning 44: this open statement shadows the value identifier + (which is later used)
File "temporal.ml", line 385, characters 4-187:
Warning 44: this open statement shadows the value identifier * (which is later used)
File "temporal.ml", line 453, characters 4-42:
Warning 44: this open statement shadows the value identifier * (which is later used)
File "temporal.ml", line 466, characters 4-488:
Warning 44: this open statement shadows the value identifier / (which is later used)
*** omake: done (47.02 sec, 74/74 scans, 118/185 rules, 269/659 digests)
*** omake: reading OMakefiles
*** omake: finished reading OMakefiles (0.46 sec)
*** omake: warning: stdout is not a tty, disabling the progress bar
   (use --progress to override).
- ocamlfind: [WARNING] No such directory: /home/opam/.opam/system/lib/spotlib
build lib <install>
+ ocamlfind remove spotlib
- build lib <install>
+ ocamlfind install spotlib META at.mli URL.mli xgc.mli exn.mli file.mli once.mli base.mli xsys.mli xset.mli shell.mli monad.mli xunix.mli tuple.mli xlazy.mli xlist.mli result.mli dllist.mli option.mli xarray.mli comopt.mli xformat.mli hashset.mli backref.mli xprintf.mli xstring.mli channel.mli filepath.mli uniqueID.mli xhashtbl.mli temporal.mli xfilename.mli xprintexc.mli spotStream.mli phantom_head.mli spotlib.cmi spotlib.cmo spotlib.cmx spotlib.cma spotlib.cmxa spotlib.cmxs spotlib.o spotlib.a spotlib.cmt
Installed /home/opam/.opam/system/lib/spotlib/spotlib.cmt
Installed /home/opam/.opam/system/lib/spotlib/spotlib.a
Installed /home/opam/.opam/system/lib/spotlib/spotlib.o
Installed /home/opam/.opam/system/lib/spotlib/spotlib.cmxs
Installed /home/opam/.opam/system/lib/spotlib/spotlib.cmxa
Installed /home/opam/.opam/system/lib/spotlib/spotlib.cma
Installed /home/opam/.opam/system/lib/spotlib/spotlib.cmx
Installed /home/opam/.opam/system/lib/spotlib/spotlib.cmo
Installed /home/opam/.opam/system/lib/spotlib/spotlib.cmi
Installed /home/opam/.opam/system/lib/spotlib/phantom_head.mli
Installed /home/opam/.opam/system/lib/spotlib/spotStream.mli
Installed /home/opam/.opam/system/lib/spotlib/xprintexc.mli
Installed /home/opam/.opam/system/lib/spotlib/xfilename.mli
Installed /home/opam/.opam/system/lib/spotlib/temporal.mli
Installed /home/opam/.opam/system/lib/spotlib/xhashtbl.mli
Installed /home/opam/.opam/system/lib/spotlib/uniqueID.mli
Installed /home/opam/.opam/system/lib/spotlib/filepath.mli
Installed /home/opam/.opam/system/lib/spotlib/channel.mli
Installed /home/opam/.opam/system/lib/spotlib/xstring.mli
Installed /home/opam/.opam/system/lib/spotlib/xprintf.mli
Installed /home/opam/.opam/system/lib/spotlib/backref.mli
Installed /home/opam/.opam/system/lib/spotlib/hashset.mli
Installed /home/opam/.opam/system/lib/spotlib/xformat.mli
Installed /home/opam/.opam/system/lib/spotlib/comopt.mli
Installed /home/opam/.opam/system/lib/spotlib/xarray.mli
Installed /home/opam/.opam/system/lib/spotlib/option.mli
Installed /home/opam/.opam/system/lib/spotlib/dllist.mli
Installed /home/opam/.opam/system/lib/spotlib/result.mli
Installed /home/opam/.opam/system/lib/spotlib/xlist.mli
Installed /home/opam/.opam/system/lib/spotlib/xlazy.mli
Installed /home/opam/.opam/system/lib/spotlib/tuple.mli
Installed /home/opam/.opam/system/lib/spotlib/xunix.mli
Installed /home/opam/.opam/system/lib/spotlib/monad.mli
Installed /home/opam/.opam/system/lib/spotlib/shell.mli
Installed /home/opam/.opam/system/lib/spotlib/xset.mli
Installed /home/opam/.opam/system/lib/spotlib/xsys.mli
Installed /home/opam/.opam/system/lib/spotlib/base.mli
Installed /home/opam/.opam/system/lib/spotlib/once.mli
Installed /home/opam/.opam/system/lib/spotlib/file.mli
Installed /home/opam/.opam/system/lib/spotlib/exn.mli
Installed /home/opam/.opam/system/lib/spotlib/xgc.mli
Installed /home/opam/.opam/system/lib/spotlib/URL.mli
Installed /home/opam/.opam/system/lib/spotlib/at.mli
Installed /home/opam/.opam/system/lib/spotlib/META
*** omake: done (3.06 sec, 0/72 scans, 2/171 rules, 6/463 digests)
Installing spotlib.2.4.0.

=-=-= Installing tiny_json_conv.1.4.0 =-=-=
default    Synchronizing with /home/opam/opam-repository/archives/tiny_json_conv.1.4.0+opam.tar.gz
sending incremental file list
tiny_json_conv.1.4.0+opam.tar.gz

sent 40,759 bytes  received 35 bytes  81,588.00 bytes/sec
total size is 40,614  speedup is 1.00
Building tiny_json_conv.1.4.0:
  ocaml setup.ml -configure --prefix /home/opam/.opam/system
  ocaml setup.ml -build
  ocaml setup.ml -install

Configuration: 
ocamlfind: ..................................... /home/opam/.opam/system/bin/ocamlfind
ocamlc: ........................................ /usr/bin/ocamlc.opt
ocamlopt: ...................................... /usr/bin/ocamlopt.opt
ocamlbuild: .................................... /usr/bin/ocamlbuild
Package name: .................................. tiny_json_conv
Package version: ............................... 1.4.0
os_type: ....................................... Unix
system: ........................................ linux
architecture: .................................. amd64
ccomp_type: .................................... cc
ocaml_version: ................................. 4.01.0
standard_library_default: ...................... /usr/lib/ocaml
standard_library: .............................. /usr/lib/ocaml
standard_runtime: .............................. /usr/bin/ocamlrun
bytecomp_c_compiler: ........................... gcc -D_FILE_OFFSET_BITS=64 -D_REENTRANT -fPIC
native_c_compiler: ............................. gcc -D_FILE_OFFSET_BITS=64 -D_REENTRANT
model: ......................................... default
ext_obj: ....................................... .o
ext_asm: ....................................... .s
ext_lib: ....................................... .a
ext_dll: ....................................... .so
default_executable_name: ....................... a.out
systhread_supported: ........................... true
Install architecture-independent files dir: .... /home/opam/.opam/system
Install architecture-dependent files in dir: ... $prefix
User executables: .............................. $exec_prefix/bin
System admin executables: ...................... $exec_prefix/sbin
Program executables: ........................... $exec_prefix/libexec
Read-only single-machine data: ................. $prefix/etc
Modifiable architecture-independent data: ...... $prefix/com
Modifiable single-machine data: ................ $prefix/var
Object code libraries: ......................... $exec_prefix/lib
Read-only arch-independent data root: .......... $prefix/share
Read-only architecture-independent data: ....... $datarootdir
Info documentation: ............................ $datarootdir/info
Locale-dependent data: ......................... $datarootdir/locale
Man documentation: ............................. $datarootdir/man
Documentation root: ............................ $datarootdir/doc/$pkg_name
HTML documentation: ............................ $docdir
DVI documentation: ............................. $docdir
PDF documentation: ............................. $docdir
PS documentation: .............................. $docdir
findlib_version: ............................... 1.5.2
is_native: ..................................... true
suffix_program: ................................ 
Remove a file.: ................................ rm -f
Remove a directory.: ........................... rm -rf
Turn ocaml debug flag on: ...................... true
Turn ocaml profile flag on: .................... false
Compiler support generation of .cmxs.: ......... true

*** omake: creating OMakeroot
OMakefile already exists, overwrite (yes/no)? *** omake: skipping OMakefile
*** omake: project files OMakefile and OMakeroot have been installed
*** omake: you should edit these files before continuing
yes: standard output: Broken pipe
yes: write error
*** omake: reading OMakefiles
File OMyMakefile: line 141, characters 3-26:
   Warning: old-style foreach expression.
   This expression should use a => binding.
File OMyMakefile: line 610, characters 2-21:
   Warning: old-style foreach expression.
   This expression should use a => binding.
--- Checking for ocamlfind... (found /home/opam/.opam/system/bin/ocamlfind)
--- Checking for ocamlc.opt... (found /usr/bin/ocamlc.opt)
--- Checking for ocamlopt.opt... (found /usr/bin/ocamlopt.opt)
--- Checking whether ocamlc understands the "z" warnings... (yes)
*** omake: finished reading OMakefiles (0.67 sec)
--- Checking if ocamldep understands -modules... (yes)
- build lib json_conv.cmi
+ ocamlfind ocamlc -package num,tiny_json,meta_conv -annot -w Ae -g -I . -c json_conv.mli
File "json_conv.mli", line 2, characters 0-20:
Warning 33: unused open Meta_conv.Types.
*** omake: warning: stdout is not a tty, disabling the progress bar
   (use --progress to override).
*** omake: done (1.23 sec, 2/2 scans, 6/8 rules, 20/85 digests)
*** omake: reading OMakefiles
*** omake: finished reading OMakefiles (0.20 sec)
- build libocamlfind: [WARNING] No such directory: /home/opam/.opam/system/lib/tiny_json_conv
 <install>
+ ocamlfind remove tiny_json_conv
- build lib <install>
+ ocamlfind install tiny_json_conv tiny_json_conv.cmxa tiny_json_conv.a tiny_json_conv.cmxs tiny_json_conv.cma json_conv.cmi json_conv.mli META
Installed /home/opam/.opam/system/lib/tiny_json_conv/json_conv.mli
Installed /home/opam/.opam/system/lib/tiny_json_conv/json_conv.cmi
Installed /home/opam/.opam/system/lib/tiny_json_conv/tiny_json_conv.cma
Installed /home/opam/.opam/system/lib/tiny_json_conv/tiny_json_conv.cmxs
Installed /home/opam/.opam/system/lib/tiny_json_conv/tiny_json_conv.a
Installed /home/opam/.opam/system/lib/tiny_json_conv/tiny_json_conv.cmxa
Installed /home/opam/.opam/system/lib/tiny_json_conv/META
*** omake: done (0.39 sec, 0/2 scans, 1/9 rules, 1/75 digests)
Installing tiny_json_conv.1.4.0.

=-=-= Installing orakuda.1.2.0 =-=-=
default    Synchronizing with /home/opam/opam-repository/archives/orakuda.1.2.0+opam.tar.gz
sending incremental file list
orakuda.1.2.0+opam.tar.gz

sent 78,085 bytes  received 35 bytes  156,240.00 bytes/sec
total size is 77,939  speedup is 1.00
Building orakuda.1.2.0:
  ocaml setup.ml -configure --prefix /home/opam/.opam/system
  ocaml setup.ml -build
  ocaml setup.ml -install

Configuration: 
ocamlfind: ..................................... /home/opam/.opam/system/bin/ocamlfind
ocamlc: ........................................ /usr/bin/ocamlc.opt
ocamlopt: ...................................... /usr/bin/ocamlopt.opt
ocamlbuild: .................................... /usr/bin/ocamlbuild
Package name: .................................. orakuda
Package version: ............................... 1.2.0
os_type: ....................................... Unix
system: ........................................ linux
architecture: .................................. amd64
ccomp_type: .................................... cc
ocaml_version: ................................. 4.01.0
standard_library_default: ...................... /usr/lib/ocaml
standard_library: .............................. /usr/lib/ocaml
standard_runtime: .............................. /usr/bin/ocamlrun
bytecomp_c_compiler: ........................... gcc -D_FILE_OFFSET_BITS=64 -D_REENTRANT -fPIC
native_c_compiler: ............................. gcc -D_FILE_OFFSET_BITS=64 -D_REENTRANT
model: ......................................... default
ext_obj: ....................................... .o
ext_asm: ....................................... .s
ext_lib: ....................................... .a
ext_dll: ....................................... .so
default_executable_name: ....................... a.out
systhread_supported: ........................... true
Install architecture-independent files dir: .... /home/opam/.opam/system
Install architecture-dependent files in dir: ... $prefix
User executables: .............................. $exec_prefix/bin
System admin executables: ...................... $exec_prefix/sbin
Program executables: ........................... $exec_prefix/libexec
Read-only single-machine data: ................. $prefix/etc
Modifiable architecture-independent data: ...... $prefix/com
Modifiable single-machine data: ................ $prefix/var
Object code libraries: ......................... $exec_prefix/lib
Read-only arch-independent data root: .......... $prefix/share
Read-only architecture-independent data: ....... $datarootdir
Info documentation: ............................ $datarootdir/info
Locale-dependent data: ......................... $datarootdir/locale
Man documentation: ............................. $datarootdir/man
Documentation root: ............................ $datarootdir/doc/$pkg_name
HTML documentation: ............................ $docdir
DVI documentation: ............................. $docdir
PDF documentation: ............................. $docdir
PS documentation: .............................. $docdir
findlib_version: ............................... 1.5.2
is_native: ..................................... true
suffix_program: ................................ 
Remove a file.: ................................ rm -f
Remove a directory.: ........................... rm -rf
Turn ocaml debug flag on: ...................... true
Turn ocaml profile flag on: .................... false
Compiler support generation of .cmxs.: ......... true

*** omake: reading OMakefiles
File OMyMakefile: line 188, characters 3-26:
   Warning: old-style foreach expression.
   This expression should use a => binding.
File OMyMakefile: line 669, characters 2-21:
   Warning: old-style foreach expression.
   This expression should use a => binding.
--- Checking for ocamlfind... (found /home/opam/.opam/system/bin/ocamlfind)
--- Checking for ocamlc.opt... (found /usr/bin/ocamlc.opt)
--- Checking for ocamlopt.opt... (found /usr/bin/ocamlopt.opt)
--- Checking whether ocamlc understands the "z" warnings... (yes)
*** omake: finished reading OMakefiles (0.66 sec)
--- Checking if ocamldep understands -modules... (yes)
*** omake: warning: stdout is not a tty, disabling the progress bar
   (use --progress to override).
- buildFile "pa_top.ml", line 40, characters 2-10:
Warning 44: this open statement shadows the module identifier Loc (which is later used)
 pa pa_top.cmx
+ ocamlfind ocamlopt -annot -bin-annot -package pcre,camlp4,spotlib -g -w A-4-9 -warn-error a -pp camlp4of -I . -c pa_top.ml
- build pa pa_top.cmo
+ ocamlfind ocamlc -annot -bin-annot -package pcre,camlp4,spotlib -g -w A-4-9 -warn-error a -g -pp camlp4of -I . -c pa_top.ml
File "pa_top.ml", line 40, characters 2-10:
Warning 44: this open statement shadows the module identifier Loc (which is later used)
- File "pa_regexp.ml", line 12, characters 2-10:
Warning 44: this open statement shadows the module identifier Loc (which is later used)
build pa pa_regexp.cmo
+ ocamlfind ocamlc -annot -bin-annot -package pcre,camlp4,spotlib -g -w A-4-9 -warn-error a -g -pp camlp4of -I . -c pa_regexp.ml
- build paFile "pa_regexp.ml", line 12, characters 2-10:
Warning 44: this open statement shadows the module identifier Loc (which is later used)
 pa_regexp.cmo
+ ocamlfind ocamlopt -annot -bin-annot -package pcre,camlp4,spotlib -g -w A-4-9 -warn-error a -pp camlp4of -I . -c pa_regexp.ml
*** omake: done (25.70 sec, 22/22 scans, 39/68 rules, 103/276 digests)
*** omake: reading OMakefiles
*** omake: finished reading OMakefiles (0.27 sec)
*** omake: warning: stdout is not a tty, disabling the progress bar
   (use --progress to override).
ocamlfind: [WARNING] No such directory: /home/opam/.opam/system/lib/orakuda
- build . <install>
+ ocamlfind remove orakuda
- build . <install>
+ ocamlfind install orakuda META qx.mliInstalled /home/opam/.opam/system/lib/orakuda/orakuda.cmt
 regexp.mli cformat.mli orakuda.cmi orakuda.cmo orakuda.cmx orakuda.cma orakuda.cmxa orakuda.cmxs orakuda.o orakuda.a pa/pa_orakuda.cma pa/pa_orakuda.cmxa orakuda.cmt
Installed /home/opam/.opam/system/lib/orakuda/pa_orakuda.cmxa
Installed /home/opam/.opam/system/lib/orakuda/pa_orakuda.cma
Installed /home/opam/.opam/system/lib/orakuda/orakuda.a
Installed /home/opam/.opam/system/lib/orakuda/orakuda.o
Installed /home/opam/.opam/system/lib/orakuda/orakuda.cmxs
Installed /home/opam/.opam/system/lib/orakuda/orakuda.cmxa
Installed /home/opam/.opam/system/lib/orakuda/orakuda.cma
Installed /home/opam/.opam/system/lib/orakuda/orakuda.cmx
Installed /home/opam/.opam/system/lib/orakuda/orakuda.cmo
Installed /home/opam/.opam/system/lib/orakuda/orakuda.cmi
Installed /home/opam/.opam/system/lib/orakuda/cformat.mli
Installed /home/opam/.opam/system/lib/orakuda/regexp.mli
Installed /home/opam/.opam/system/lib/orakuda/qx.mli
Installed /home/opam/.opam/system/lib/orakuda/META
*** omake: done (1.47 sec, 0/22 scans, 5/72 rules, 11/223 digests)
Installing orakuda.1.2.0.

=-=-= Installing ocamltter.2.1.2 =-=-=
default    Synchronizing with /home/opam/opam-repository/archives/ocamltter.2.1.2+opam.tar.gz
sending incremental file list
ocamltter.2.1.2+opam.tar.gz

sent 89,330 bytes  received 35 bytes  178,730.00 bytes/sec
total size is 89,182  speedup is 1.00
Building ocamltter.2.1.2:
  ocaml setup.ml -configure --prefix /home/opam/.opam/system
  ocaml setup.ml -build
  ocaml setup.ml -install

Configuration: 
ocamlfind: ..................................... /home/opam/.opam/system/bin/ocamlfind
ocamlc: ........................................ /usr/bin/ocamlc.opt
ocamlopt: ...................................... /usr/bin/ocamlopt.opt
ocamlbuild: .................................... /usr/bin/ocamlbuild
Package name: .................................. ocamltter
Package version: ............................... 2.1.1
os_type: ....................................... Unix
system: ........................................ linux
architecture: .................................. amd64
ccomp_type: .................................... cc
ocaml_version: ................................. 4.01.0
standard_library_default: ...................... /usr/lib/ocaml
standard_library: .............................. /usr/lib/ocaml
standard_runtime: .............................. /usr/bin/ocamlrun
bytecomp_c_compiler: ........................... gcc -D_FILE_OFFSET_BITS=64 -D_REENTRANT -fPIC
native_c_compiler: ............................. gcc -D_FILE_OFFSET_BITS=64 -D_REENTRANT
model: ......................................... default
ext_obj: ....................................... .o
ext_asm: ....................................... .s
ext_lib: ....................................... .a
ext_dll: ....................................... .so
default_executable_name: ....................... a.out
systhread_supported: ........................... true
Install architecture-independent files dir: .... /home/opam/.opam/system
Install architecture-dependent files in dir: ... $prefix
User executables: .............................. $exec_prefix/bin
System admin executables: ...................... $exec_prefix/sbin
Program executables: ........................... $exec_prefix/libexec
Read-only single-machine data: ................. $prefix/etc
Modifiable architecture-independent data: ...... $prefix/com
Modifiable single-machine data: ................ $prefix/var
Object code libraries: ......................... $exec_prefix/lib
Read-only arch-independent data root: .......... $prefix/share
Read-only architecture-independent data: ....... $datarootdir
Info documentation: ............................ $datarootdir/info
Locale-dependent data: ......................... $datarootdir/locale
Man documentation: ............................. $datarootdir/man
Documentation root: ............................ $datarootdir/doc/$pkg_name
HTML documentation: ............................ $docdir
DVI documentation: ............................. $docdir
PDF documentation: ............................. $docdir
PS documentation: .............................. $docdir
findlib_version: ............................... 1.5.2
is_native: ..................................... true
suffix_program: ................................ 
Remove a file.: ................................ rm -f
Remove a directory.: ........................... rm -rf
Turn ocaml debug flag on: ...................... true
Turn ocaml profile flag on: .................... false
Compiler support generation of .cmxs.: ......... true

*** omake: reading OMakefiles
File OMyMakefile: line 188, characters 3-26:
   Warning: old-style foreach expression.
   This expression should use a => binding.
File OMyMakefile: line 669, characters 2-21:
   Warning: old-style foreach expression.
   This expression should use a => binding.
--- Checking for ocamlfind... (found /home/opam/.opam/system/bin/ocamlfind)
--- Checking for ocamlc.opt... (found /usr/bin/ocamlc.opt)
--- Checking for ocamlopt.opt... (found /usr/bin/ocamlopt.opt)
--- Checking whether ocamlc understands the "z" warnings... (yes)
*** omake: finished reading OMakefiles (0.19 sec)
--- Checking if ocamldep understands -modules... (yes)
*** omake: warning: stdout is not a tty, disabling the progress bar
   (use --progress to override).
- build lib/base parserMonad.cmi
+ ocamlfind ocamlc -annot -bin-annot -for-pack Twitter -package cryptokit,str,spotlib,tiny_json_conv,ocaml_conv,curl -thread -w A-4-9-40-42-44-45 -warn-error a -g -syntax camlp4o -package meta_conv.syntax -I . -I ../twitter -c parserMonad.mli
findlib: [WARNING] Interface topdirs.cmi occurs in several directories: /usr/lib/ocaml/compiler-libs, /usr/lib/ocaml
- build lib/base googleTTS.cmi
+ ocamlfind ocamlc -annot -bin-annot -for-pack Twitter -package cryptokit,str,spotlib,tiny_json_conv,ocaml_conv,curl -thread -w A-4-9-40-42-44-45 -warn-error a -g -syntax camlp4o -package meta_conv.syntax -I . -I ../twitter -c googleTTS.mli
findlib: [WARNING] Interface topdirs.cmi occurs in several directories: /usr/lib/ocaml/compiler-libs, /usr/lib/ocaml
- build lib/base base64.cmi
+ ocamlfind ocamlc -annot -bin-annot -for-pack Twitter -package cryptokit,str,spotlib,tiny_json_conv,ocaml_conv,curl -thread -w A-4-9-40-42-44-45 -warn-error a -g -syntax camlp4o -package meta_conv.syntax -I . findlib: [WARNING] Interface topdirs.cmi occurs in several directories: /usr/lib/ocaml/compiler-libs, /usr/lib/ocaml
-I ../twitter -c base64.mli
findlib: [WARNING] Interface topdirs.cmi occurs in several directories: /usr/lib/ocaml/compiler-libs, /usr/lib/ocaml
- build lib/base base64.o
+ ocamlfind ocamlopt -annot -bin-annot -for-pack Twitter -package cryptokit,str,spotlib,tiny_json_conv,ocaml_conv,curl -thread -w A-4-9-40-42-44-45 -warn-error a -syntax camlp4o -package meta_conv.syntax -I . -I ../twitter -c base64.ml
- build lib/base base64.cmo
+ ocamlfind ocamlc -annot -bin-annot -for-pack Twitter -package cryptokit,str,spotlib,tiny_json_conv,ocaml_conv,curl -thread -w A-4-9-40-42-44-45 -warn-error a -g -syntax camlp4o -package meta_conv.syntax -I . -I ../twitter -c base64.ml
findlib: [WARNING] Interface topdirs.cmi occurs in several directories: /usr/lib/ocaml/compiler-libs, /usr/lib/ocaml
- build lib/base llist.cmi
+ ocamlfind ocamlc -annot -bin-annot -for-pack Twitter -package cryptokit,str,spotlib,tiny_json_conv,ocaml_conv,curl -thread -w A-4-9-40-42-44-45 -warn-error a -g -syntax camlp4o -package meta_conv.syntax -I . -I ../twitter -c llist.mli
findlib: [WARNING] Interface topdirs.cmi occurs in several directories: /usr/lib/ocaml/compiler-libs, /usr/lib/ocaml
- build lib/base utf16.cmi
+ ocamlfind ocamlc -annot -bin-annot -for-pack Twitter -package cryptokit,str,spotlib,tiny_json_conv,ocaml_conv,curl -thread -w A-4-9-40-42-44-45 -warn-error a -g -syntax camlp4o -package meta_conv.syntax -I . -I ../twitter -c utf16.mli
findlib: [WARNING] Interface topdirs.cmi occurs in several directories: /usr/lib/ocaml/compiler-libs, /usr/lib/ocaml
- build lib/base http.cmi
+ ocamlfind ocamlc -annot -bin-annot -for-pack Twitter -package cryptokit,str,spotlib,tiny_json_conv,ocaml_conv,curl -thread -w A-4-9-40-42-44-45 -warn-error a -g -syntax camlp4o -package meta_conv.syntax -I . -I ../twitter -c http.mli
findlib: [WARNING] Interface topdirs.cmi occurs in several directories: /usr/lib/ocaml/compiler-libs, /usr/lib/ocaml
- build lib/base oauth.cmi
+ ocamlfind ocamlc -annot -bin-annot -for-pack Twitter -package cryptokit,str,spotlib,tiny_json_conv,ocaml_conv,curl -thread -w A-4-9-40-42-44-45 -warn-error a -g -syntax camlp4o -package meta_conv.syntax -I . -I ../twitter -c oauth.mli
findlib: [WARNING] Interface topdirs.cmi occurs in several directories: /usr/lib/ocaml/compiler-libs, /usr/lib/ocaml
- build lib/base util.cmi
+ ocamlfind ocamlc -annot -bin-annot -for-pack Twitter -package cryptokit,str,spotlib,tiny_json_conv,ocaml_conv,curl -thread -w A-4-9-40-42-44-45 -warn-error a -g -syntax camlp4o -package meta_conv.syntax -I . -I ../twitter -c findlib: [WARNING] Interface topdirs.cmi occurs in several directories: /usr/lib/ocaml/compiler-libs, /usr/lib/ocaml
util.mli
findlib: [WARNING] Interface topdirs.cmi occurs in several directories: /usr/lib/ocaml/compiler-libs, /usr/lib/ocaml
- build lib/base parserMonad.cmo
+ ocamlfind ocamlc -annot -bin-annot -for-pack Twitter -package cryptokit,str,spotlib,tiny_json_conv,ocaml_conv,curl -thread -w A-4-9-40-42-44-45 -warn-error a -g -syntax camlp4o -package meta_conv.syntax -I . -I ../twitter -c parserMonad.ml
- build lib/base googleTTS.cmo
+ ocamlfind ocamlc -annot -bin-annot -for-pack Twitter -package cryptokit,str,spotlib,tiny_json_conv,ocaml_conv,curl -thread -w A-4-9-40-42-44-45 -warn-error a -g -syntax camlp4o -package meta_conv.syntax -I . -I ../twitter -c googleTTS.ml
findlib: [WARNING] Interface topdirs.cmi occurs in several directories: /usr/lib/ocaml/compiler-libs, /usr/lib/ocaml
- build lib/base llist.cmo
+ ocamlfind ocamlc -annot -bin-annot -for-pack Twitter -package cryptokit,str,spotlib,tiny_json_conv,ocaml_conv,curl -thread -w A-4-9-40-42-44-45 -warn-error a -g -syntax camlp4o -package meta_conv.syntax -I . -I ../twitter -c llist.ml
findlib: [WARNING] Interface topdirs.cmi occurs in several directories: /usr/lib/ocaml/compiler-libs, /usr/lib/ocaml
findlib: [WARNING] Interface topdirs.cmi occurs in several directories: /usr/lib/ocaml/compiler-libs, /usr/lib/ocaml
- build lib/base oauth.cmo
+ ocamlfind ocamlc -annot -bin-annot -for-pack Twitter -package cryptokit,str,spotlib,tiny_json_conv,ocaml_conv,curl -thread -w A-4-9-40-42-44-45 -warn-error a -g -syntax camlp4o -package meta_conv.syntax -I . -I ../twitter -c oauth.ml
- build lib/base utf16.cmo
+ ocamlfind ocamlc -annot -bin-annot -for-pack Twitter -package cryptokit,str,spotlib,tiny_json_conv,ocaml_conv,curl -thread -w A-4-9-40-42-44-45 -warn-error a -g -syntax camlp4o -package meta_conv.syntax -I .findlib: [WARNING] Interface topdirs.cmi occurs in several directories: /usr/lib/ocaml/compiler-libs, /usr/lib/ocaml
 -I ../twitter -c utf16.ml
- build lib/base http.cmo
+ ocamlfind ocamlc -annot -bin-annot -for-pack Twitter -package cryptokit,str,spotlib,tiny_json_conv,ocaml_conv,curl -thread -w A-4-9-40-42-44-45 -warn-error a -g -syntax camlp4o -package meta_conv.syntax -I . -I ../twitter -c http.ml
findlib: [WARNING] Interface topdirs.cmi occurs in several directories: /usr/lib/ocaml/compiler-libs, /usr/lib/ocaml
- build lib/base util.o
+ ocamlfind ocamlopt -annot -bin-annot -for-pack Twitter -package cryptokit,str,spotlib,tiny_json_conv,ocaml_conv,curl -thread -w A-4-9-40-42-44-45 -warn-error a -syntax camlp4o -package meta_conv.syntax -I . -I ../twitter -c util.ml
findlib: [WARNING] Interface topdirs.cmi occurs in several directories: /usr/lib/ocaml/compiler-libs, /usr/lib/ocaml
- build lib/base llist.cmx
+ ocamlfind ocamlopt -annot -bin-annot -for-pack Twitter -package cryptokit,str,spotlib,tiny_json_conv,ocaml_conv,curl -threadfindlib: [WARNING] Interface topdirs.cmi occurs in several directories: /usr/lib/ocaml/compiler-libs, /usr/lib/ocaml
 -w A-4-9-40-42-44-45 -warn-error a -syntax camlp4o -package meta_conv.syntax -I . -I ../twitter -c llist.ml
- build lib/base parserMonad.cmx
+ ocamlfind ocamlopt -annot -bin-annot -for-pack Twitter -package cryptokit,str,spotlib,tiny_json_conv,ocaml_conv,curl -thread -w findlib: [WARNING] Interface topdirs.cmi occurs in several directories: /usr/lib/ocaml/compiler-libs, /usr/lib/ocaml
A-4-9-40-42-44-45 -warn-error a -syntax camlp4o -package meta_conv.syntax -I . -I ../twitter -c parserMonad.ml
- build lib/base utf16.cmx
+ ocamlfind ocamlopt -annot -bin-annot -for-pack Twitter -package cryptokit,str,spotlib,tiny_json_conv,ocaml_conv,curl -thread -w A-4-9-40-42-44-45 -warn-error a -syntax camlp4o -package meta_conv.syntax -I . -I ../twitter -c utf16.ml
findlib: [WARNING] Interface topdirs.cmi occurs in several directories: /usr/lib/ocaml/compiler-libs, /usr/lib/ocaml
- build lib/base http.cmx
+ ocamlfind ocamlopt -annot -bin-annot -for-pack Twitter -package cryptokit,str,spotlib,tiny_json_conv,ocaml_conv,curl -thread -w A-4-9-40-42-44-45 -warn-error a -syntax camlp4o -package meta_conv.syntax -I . -I ../twitter -c http.ml
findlib: [WARNING] Interface topdirs.cmi occurs in several directories: /usr/lib/ocaml/compiler-libs, /usr/lib/ocaml
- build lib/base googleTTS.cmx
+ ocamlfind ocamlopt -annot -bin-annot -for-pack Twitter -package cryptokit,str,spotlib,tiny_json_conv,ocaml_conv,curl -thread -w A-4-9-40-42-44-45 -warn-error a -syntax camlp4o -package meta_conv.syntax -I . -I ../twitter -c googleTTS.ml
findlib: [WARNING] Interface topdirs.cmi occurs in several directories: /usr/lib/ocaml/compiler-libs, /usr/lib/ocaml
- build lib/base oauth.cmx
+ ocamlfind ocamlopt -annot -bin-annot -for-pack Twitter -package cryptokit,str,spotlib,tiny_json_conv,ocaml_conv,curl -thread -w A-4-9-40-42-44-45 -warn-error a -syntax camlp4o -package meta_conv.syntax -I . -I ../twitter -c oauth.ml
findlib: [WARNING] Interface topdirs.cmi occurs in several directories: /usr/lib/ocaml/compiler-libs, /usr/lib/ocaml
- build lib/base util.cmo
+ ocamlfind ocamlc -annot -bin-annot -for-pack Twitter -package cryptokit,str,spotlib,tiny_json_conv,ocaml_conv,curl -thread -w A-4-9-40-42-44-45 -warn-error a -g -syntax camlp4o -package meta_conv.syntax -I . -I ../twitter -c util.ml
findlib: [WARNING] Interface topdirs.cmi occurs in several directories: /usr/lib/ocaml/compiler-libs, /usr/lib/ocaml
- build lib/twitter auth.cmi
+ ocamlfind ocamlc -annot -bin-annot -for-pack Twitter -package cryptokit,str,spotlib,tiny_json_conv,ocaml_conv,curl -thread -w A-4-9-40-42-44-45 -warn-error a -g -syntax camlp4o -package meta_conv.syntax -I ../base -I . -c auth.mli
findlib: [WARNING] Interface topdirs.cmi occurs in several directories: /usr/lib/ocaml/compiler-libs, /usr/lib/ocaml
- build lib/twitter auth.o
+ ocamlfind ocamlopt -annot -bin-annot -for-pack Twitter -package cryptokit,str,spotlib,tiny_json_conv,ocaml_conv,curl -thread -w A-4-9-40-42-44-45 -warn-error a -syntax camlp4o -package meta_conv.syntax -I ../base -I . -c auth.ml
findlib: [WARNING] Interface topdirs.cmi occurs in several directories: /usr/lib/ocaml/compiler-libs, /usr/lib/ocaml
findlib: [WARNING] Interface topdirs.cmi occurs in several directories: /usr/lib/ocaml/compiler-libs, /usr/lib/ocaml
- build lib/twitter auth.cmo
+ ocamlfind ocamlc -annot -bin-annot -for-pack Twitter -package cryptokit,str,spotlib,tiny_json_conv,ocaml_conv,curl -thread -w A-4-9-40-42-44-45 -warn-error a -g -syntax camlp4o -package meta_conv.syntax -I ../base -I . -c auth.ml
- build lib/base xml.cmi
+ ocamlfind ocamlc -annot -bin-annot -for-pack Twitter -package cryptokit,str,spotlib,tiny_json_conv,ocaml_conv,curl -thread -w A-4-9-40-42-44-45 -warn-error a -g -syntax camlp4o -package meta_conv.syntax -I . -I ../twitter -c xml.mli
findlib: [WARNING] Interface topdirs.cmi occurs in several directories: /usr/lib/ocaml/compiler-libs, /usr/lib/ocaml
- build lib/base xml.cmo
+ ocamlfind ocamlc -annot -bin-annot -for-pack Twitter -package cryptokit,str,spotlib,tiny_json_conv,ocaml_conv,curl -thread -w A-4-9-40-42-44-45 -warn-error a -g -syntax camlp4o -package meta_conv.syntax -I . -I ../twitterfindlib: [WARNING] Interface topdirs.cmi occurs in several directories: /usr/lib/ocaml/compiler-libs, /usr/lib/ocaml
 -c xml.ml
- build lib/base xml.o
+ ocamlfind ocamlopt -annot -bin-annot -for-pack Twitter -package cryptokit,str,spotlib,tiny_json_conv,ocaml_conv,curl -thread -w A-4-9-40-42-44-45 -warn-error a -syntax camlp4o -package meta_conv.syntax -I . -I ../twitter -c xml.ml
findlib: [WARNING] Interface topdirs.cmi occurs in several directories: /usr/lib/ocaml/compiler-libs, /usr/lib/ocaml
- build lib/twitter api_intf.cmx
+ ocamlfind ocamlc -annot -bin-annot -for-pack Twitter -package cryptokit,str,spotlib,tiny_json_conv,ocaml_conv,curl -thread -w A-4-9-40-42-44-45 -warn-error a -g -syntax camlp4o -package meta_conv.syntax -I ../base -I . -c api_intf.ml
findlib: [WARNING] Interface topdirs.cmi occurs in several directories: /usr/lib/ocaml/compiler-libs, /usr/lib/ocaml
- build findlib: [WARNING] Interface topdirs.cmi occurs in several directories: /usr/lib/ocaml/compiler-libs, /usr/lib/ocaml
lib/twitter api_intf.cmx
+ ocamlfind ocamlopt -annot -bin-annot -for-pack Twitter -package cryptokit,str,spotlib,tiny_json_conv,ocaml_conv,curl -thread -w A-4-9-40-42-44-45 -warn-error a -syntax camlp4o -package meta_conv.syntax -I ../base -I . -c api_intf.ml
- build lib/twitter api11.cmi
findlib: [WARNING] Interface topdirs.cmi occurs in several directories: /usr/lib/ocaml/compiler-libs, /usr/lib/ocaml
+ ocamlfind ocamlc -annot -bin-annot -for-pack Twitter -package cryptokit,str,spotlib,tiny_json_conv,ocaml_conv,curl -thread -w A-4-9-40-42-44-45 -warn-error a -g -syntax camlp4o -package meta_conv.syntax -I ../base -I . -c api11.mli
- build lib/twitter api11.cmo
+ ocamlfind ocamlc -annot -bin-annot -for-pack Twitter -package cryptokit,str,spotlib,tiny_json_conv,ocaml_conv,curl -thread -w A-4-9-40-42-44-45 -warn-error a -g -syntax camlp4o -package meta_conv.syntax -I ../base -I . -c api11.ml
findlib: [WARNING] Interface topdirs.cmi occurs in several directories: /usr/lib/ocaml/compiler-libs, /usr/lib/ocaml
- build lib/twitter api11.cmx
+ ocamlfind ocamlopt -annot -bin-annot -for-pack Twitter -package cryptokit,str,spotlib,tiny_json_conv,ocaml_conv,curl -thread -w A-4-9-40-42-44-45 -warn-error a -syntax camlp4o -package meta_conv.syntax -I ../base -I . -c api11.ml
findlib: [WARNING] Interface topdirs.cmi occurs in several directories: /usr/lib/ocaml/compiler-libs, /usr/lib/ocaml
- build lib twitter.cmx
findlib: [WARNING] Interface topdirs.cmi occurs in several directories: /usr/lib/ocaml/compiler-libs, /usr/lib/ocaml
+ ocamlfind ocamlopt -package cryptokit,str,spotlib,tiny_json_conv,ocaml_conv,curl -thread -pack -annot -bin-annot -o twitter.cmx base/base64.cmx base/util.cmx base/llist.cmx base/parserMonad.cmx base/xml.cmx base/http.cmx base/googleTTS.cmx base/utf16.cmx base/oauth.cmx twitter/auth.cmx twitter/api_intf.cmx twitter/api11.cmx
- build lib twitter.cmi
+ ocamlfind ocamlopt -package cryptokit,str,spotlib,tiny_json_conv,ocaml_conv,curl -thread -pack -o twitter.cmx base/base64.cmx base/util.cmx base/llist.cmx base/parserMonad.cmx base/xml.cmx base/http.cmx base/googleTTS.cmx base/utf16.cmx base/oauth.cmx twitter/auth.cmx twitter/api_intf.cmx twitter/api11.cmx
findlib: [WARNING] Interface topdirs.cmi occurs in several directories: /usr/lib/ocaml/compiler-libs, /usr/lib/ocaml
- build lib twitter.cmo
+ ocamlfind ocamlc -package cryptokit,str,spotlib,tiny_json_conv,ocaml_conv,curl -thread -g -pack -annot -bin-annot -o twitter.cmo base/base64.cmo base/util.cmo base/llist.cmo base/parserMonad.cmo base/xml.cmo base/http.cmo base/googleTTS.cmo base/utf16.cmo base/oauth.cmo twitter/auth.cmo twitter/api_intf.cmo twitter/api11.cmo
findlib: [WARNING] Interface topdirs.cmi occurs in several directories: /usr/lib/ocaml/compiler-libs, /usr/lib/ocaml
- findlib: [WARNING] Interface topdirs.cmi occurs in several directories: /usr/lib/ocaml/compiler-libs, /usr/lib/ocaml
build toplevel ocamltter.cmi
+ ocamlfind ocamlc -annot -bin-annot -package cryptokit,str,spotlib,tiny_json_conv,ocaml_conv,curl -thread -w A-4-9-40-42-44-45 -warn-error a -g -syntax camlp4o -package meta_conv.syntax -I ../lib -I . -c ocamltter.mli
- build lib twitter.cmxa
+ <if ... then ... [else ...]>
findlib: [WARNING] Interface topdirs.cmi occurs in several directories: /usr/lib/ocaml/compiler-libs, /usr/lib/ocaml
findlib: [WARNING] Interface topdirs.cmi occurs in several directories: /usr/lib/ocaml/compiler-libs, /usr/lib/ocaml
findlib: [WARNING] Interface topdirs.cmi occurs in several directories: /usr/lib/ocaml/compiler-libs, /usr/lib/ocaml
findlib: [WARNING] Interface topdirs.cmi occurs in several directories: /usr/lib/ocaml/compiler-libs, /usr/lib/ocaml
- build lib twitter.o
+ ocamlfind ocamlopt -package cryptokit,str,spotlib,tiny_json_conv,ocaml_conv,curl -thread -pack -annot -bin-annot -o twitter.cmx base/base64.cmx base/util.cmx base/llist.cmx base/parserMonad.cmx base/xml.cmx base/http.cmx base/googleTTS.cmx base/utf16.cmx base/oauth.cmx twitter/auth.cmx twitter/api_intf.cmx twitter/api11.cmx
- build toplevel oConfig.o
+ ocamlfind ocamlc -annot -bin-annot -package cryptokit,str,spotlib,tiny_json_conv,ocaml_conv,curl -thread -w A-4-9-40-42-44-45 -warn-errorfindlib: [WARNING] Interface topdirs.cmi occurs in several directories: /usr/lib/ocaml/compiler-libs, /usr/lib/ocaml
 a -g -syntax camlp4o -package meta_conv.syntax -I ../lib -I . -c oConfig.ml
- build toplevel oConfig.o
+ ocamlfind ocamlopt -annot -bin-annot -package cryptokit,str,spotlib,tiny_json_conv,ocaml_conv,curl -thread -w A-4-9-40-42-44-45 -warn-error a -syntax camlp4o -package meta_conv.syntax -I ../lib -I . -c oConfig.ml
findlib: [WARNING] Interface topdirs.cmi occurs in several directories: /usr/lib/ocaml/compiler-libs, /usr/lib/ocaml
- build toplevel ocamltter.cmo
+ ocamlfind ocamlc -annot -bin-annot -package cryptokit,str,spotlib,tiny_json_conv,ocaml_conv,curl -thread -w A-4-9-40-42-44-45 -warn-error a -g -syntax camlp4o -package meta_conv.syntax -I ../lib -I . -c ocamltter.ml
findlib: [WARNING] Interface topdirs.cmi occurs in several directories: /usr/lib/ocaml/compiler-libs, /usr/lib/ocaml
- build toplevel ocamltter_top.run
+ ocamlfind ocamlmktop -package cryptokit,str,spotlib,tiny_json_conv,ocaml_conv,curl -thread -g -I ../lib -I . -o ocamltter_top.run ../lib/twitter.cma oConfig.cmo ocamltter.cmo -linkpkg
findlib: [WARNING] Interface topdirs.cmi occurs in several directories: /usr/lib/ocaml/compiler-libs, /usr/lib/ocaml
File "/usr/lib/ocaml/compiler-libs/ocamlcommon.cma(Misc)", line 1:
Warning 31: files /usr/lib/ocaml/compiler-libs/ocamlcommon.cma(Misc) and /usr/lib/ocaml/compiler-libs/ocamlcommon.cma(Misc) both define a module named Misc
File "/usr/lib/ocaml/compiler-libs/ocamlcommon.cma(Tbl)", line 1:
Warning 31: files /usr/lib/ocaml/compiler-libs/ocamlcommon.cma(Tbl) and /usr/lib/ocaml/compiler-libs/ocamlcommon.cma(Tbl) both define a module named Tbl
File "/usr/lib/ocaml/compiler-libs/ocamlcommon.cma(Config)", line 1:
Warning 31: files /usr/lib/ocaml/compiler-libs/ocamlcommon.cma(Config) and /usr/lib/ocaml/compiler-libs/ocamlcommon.cma(Config) both define a module named Config
File "/usr/lib/ocaml/compiler-libs/ocamlcommon.cma(Clflags)", line 1:
Warning 31: files /usr/lib/ocaml/compiler-libs/ocamlcommon.cma(Clflags) and /usr/lib/ocaml/compiler-libs/ocamlcommon.cma(Clflags) both define a module named Clflags
File "/usr/lib/ocaml/compiler-libs/ocamlcommon.cma(Terminfo)", line 1:
Warning 31: files /usr/lib/ocaml/compiler-libs/ocamlcommon.cma(Terminfo) and /usr/lib/ocaml/compiler-libs/ocamlcommon.cma(Terminfo) both define a module named Terminfo
File "/usr/lib/ocaml/compiler-libs/ocamlcommon.cma(Ccomp)", line 1:
Warning 31: files /usr/lib/ocaml/compiler-libs/ocamlcommon.cma(Ccomp) and /usr/lib/ocaml/compiler-libs/ocamlcommon.cma(Ccomp) both define a module named Ccomp
File "/usr/lib/ocaml/compiler-libs/ocamlcommon.cma(Warnings)", line 1:
Warning 31: files /usr/lib/ocaml/compiler-libs/ocamlcommon.cma(Warnings) and /usr/lib/ocaml/compiler-libs/ocamlcommon.cma(Warnings) both define a module named Warnings
File "/usr/lib/ocaml/compiler-libs/ocamlcommon.cma(Consistbl)", line 1:
Warning 31: files /usr/lib/ocaml/compiler-libs/ocamlcommon.cma(Consistbl) and /usr/lib/ocaml/compiler-libs/ocamlcommon.cma(Consistbl) both define a module named Consistbl
File "/usr/lib/ocaml/compiler-libs/ocamlcommon.cma(Location)", line 1:
Warning 31: files /usr/lib/ocaml/compiler-libs/ocamlcommon.cma(Location) and /usr/lib/ocaml/compiler-libs/ocamlcommon.cma(Location) both define a module named Location
File "/usr/lib/ocaml/compiler-libs/ocamlcommon.cma(Longident)", line 1:
Warning 31: files /usr/lib/ocaml/compiler-libs/ocamlcommon.cma(Longident) and /usr/lib/ocaml/compiler-libs/ocamlcommon.cma(Longident) both define a module named Longident
File "/usr/lib/ocaml/compiler-libs/ocamlcommon.cma(Syntaxerr)", line 1:
Warning 31: files /usr/lib/ocaml/compiler-libs/ocamlcommon.cma(Syntaxerr) and /usr/lib/ocaml/compiler-libs/ocamlcommon.cma(Syntaxerr) both define a module named Syntaxerr
File "/usr/lib/ocaml/compiler-libs/ocamlcommon.cma(Parser)", line 1:
Warning 31: files /usr/lib/ocaml/compiler-libs/ocamlcommon.cma(Parser) and /usr/lib/ocaml/compiler-libs/ocamlcommon.cma(Parser) both define a module named Parser
File "/usr/lib/ocaml/compiler-libs/ocamlcommon.cma(Lexer)", line 1:
Warning 31: files /usr/lib/ocaml/compiler-libs/ocamlcommon.cma(Lexer) and /usr/lib/ocaml/compiler-libs/ocamlcommon.cma(Lexer) both define a module named Lexer
File "/usr/lib/ocaml/compiler-libs/ocamlcommon.cma(Parse)", line 1:
Warning 31: files /usr/lib/ocaml/compiler-libs/ocamlcommon.cma(Parse) and /usr/lib/ocaml/compiler-libs/ocamlcommon.cma(Parse) both define a module named Parse
File "/usr/lib/ocaml/compiler-libs/ocamlcommon.cma(Printast)", line 1:
Warning 31: files /usr/lib/ocaml/compiler-libs/ocamlcommon.cma(Printast) and /usr/lib/ocaml/compiler-libs/ocamlcommon.cma(Printast) both define a module named Printast
File "/usr/lib/ocaml/compiler-libs/ocamlcommon.cma(Pprintast)", line 1:
Warning 31: files /usr/lib/ocaml/compiler-libs/ocamlcommon.cma(Pprintast) and /usr/lib/ocaml/compiler-libs/ocamlcommon.cma(Pprintast) both define a module named Pprintast
File "/usr/lib/ocaml/compiler-libs/ocamlcommon.cma(Ast_mapper)", line 1:
Warning 31: files /usr/lib/ocaml/compiler-libs/ocamlcommon.cma(Ast_mapper) and /usr/lib/ocaml/compiler-libs/ocamlcommon.cma(Ast_mapper) both define a module named Ast_mapper
File "/usr/lib/ocaml/compiler-libs/ocamlcommon.cma(Ident)", line 1:
Warning 31: files /usr/lib/ocaml/compiler-libs/ocamlcommon.cma(Ident) and /usr/lib/ocaml/compiler-libs/ocamlcommon.cma(Ident) both define a module named Ident
File "/usr/lib/ocaml/compiler-libs/ocamlcommon.cma(Path)", line 1:
Warning 31: files /usr/lib/ocaml/compiler-libs/ocamlcommon.cma(Path) and /usr/lib/ocaml/compiler-libs/ocamlcommon.cma(Path) both define a module named Path
File "/usr/lib/ocaml/compiler-libs/ocamlcommon.cma(Primitive)", line 1:
Warning 31: files /usr/lib/ocaml/compiler-libs/ocamlcommon.cma(Primitive) and /usr/lib/ocaml/compiler-libs/ocamlcommon.cma(Primitive) both define a module named Primitive
File "/usr/lib/ocaml/compiler-libs/ocamlcommon.cma(Types)", line 1:
Warning 31: files /usr/lib/ocaml/compiler-libs/ocamlcommon.cma(Types) and /usr/lib/ocaml/compiler-libs/ocamlcommon.cma(Types) both define a module named Types
File "/usr/lib/ocaml/compiler-libs/ocamlcommon.cma(Btype)", line 1:
Warning 31: files /usr/lib/ocaml/compiler-libs/ocamlcommon.cma(Btype) and /usr/lib/ocaml/compiler-libs/ocamlcommon.cma(Btype) both define a module named Btype
File "/usr/lib/ocaml/compiler-libs/ocamlcommon.cma(Oprint)", line 1:
Warning 31: files /usr/lib/ocaml/compiler-libs/ocamlcommon.cma(Oprint) and /usr/lib/ocaml/compiler-libs/ocamlcommon.cma(Oprint) both define a module named Oprint
File "/usr/lib/ocaml/compiler-libs/ocamlcommon.cma(Subst)", line 1:
Warning 31: files /usr/lib/ocaml/compiler-libs/ocamlcommon.cma(Subst) and /usr/lib/ocaml/compiler-libs/ocamlcommon.cma(Subst) both define a module named Subst
File "/usr/lib/ocaml/compiler-libs/ocamlcommon.cma(Predef)", line 1:
Warning 31: files /usr/lib/ocaml/compiler-libs/ocamlcommon.cma(Predef) and /usr/lib/ocaml/compiler-libs/ocamlcommon.cma(Predef) both define a module named Predef
File "/usr/lib/ocaml/compiler-libs/ocamlcommon.cma(Datarepr)", line 1:
Warning 31: files /usr/lib/ocaml/compiler-libs/ocamlcommon.cma(Datarepr) and /usr/lib/ocaml/compiler-libs/ocamlcommon.cma(Datarepr) both define a module named Datarepr
File "/usr/lib/ocaml/compiler-libs/ocamlcommon.cma(Cmi_format)", line 1:
Warning 31: files /usr/lib/ocaml/compiler-libs/ocamlcommon.cma(Cmi_format) and /usr/lib/ocaml/compiler-libs/ocamlcommon.cma(Cmi_format) both define a module named Cmi_format
File "/usr/lib/ocaml/compiler-libs/ocamlcommon.cma(Env)", line 1:
Warning 31: files /usr/lib/ocaml/compiler-libs/ocamlcommon.cma(Env) and /usr/lib/ocaml/compiler-libs/ocamlcommon.cma(Env) both define a module named Env
File "/usr/lib/ocaml/compiler-libs/ocamlcommon.cma(Typedtree)", line 1:
Warning 31: files /usr/lib/ocaml/compiler-libs/ocamlcommon.cma(Typedtree) and /usr/lib/ocaml/compiler-libs/ocamlcommon.cma(Typedtree) both define a module named Typedtree
File "/usr/lib/ocaml/compiler-libs/ocamlcommon.cma(Printtyped)", line 1:
Warning 31: files /usr/lib/ocaml/compiler-libs/ocamlcommon.cma(Printtyped) and /usr/lib/ocaml/compiler-libs/ocamlcommon.cma(Printtyped) both define a module named Printtyped
File "/usr/lib/ocaml/compiler-libs/ocamlcommon.cma(Ctype)", line 1:
Warning 31: files /usr/lib/ocaml/compiler-libs/ocamlcommon.cma(Ctype) and /usr/lib/ocaml/compiler-libs/ocamlcommon.cma(Ctype) both define a module named Ctype
File "/usr/lib/ocaml/compiler-libs/ocamlcommon.cma(Printtyp)", line 1:
Warning 31: files /usr/lib/ocaml/compiler-libs/ocamlcommon.cma(Printtyp) and /usr/lib/ocaml/compiler-libs/ocamlcommon.cma(Printtyp) both define a module named Printtyp
File "/usr/lib/ocaml/compiler-libs/ocamlcommon.cma(Includeclass)", line 1:
Warning 31: files /usr/lib/ocaml/compiler-libs/ocamlcommon.cma(Includeclass) and /usr/lib/ocaml/compiler-libs/ocamlcommon.cma(Includeclass) both define a module named Includeclass
File "/usr/lib/ocaml/compiler-libs/ocamlcommon.cma(Mtype)", line 1:
Warning 31: files /usr/lib/ocaml/compiler-libs/ocamlcommon.cma(Mtype) and /usr/lib/ocaml/compiler-libs/ocamlcommon.cma(Mtype) both define a module named Mtype
File "/usr/lib/ocaml/compiler-libs/ocamlcommon.cma(Envaux)", line 1:
Warning 31: files /usr/lib/ocaml/compiler-libs/ocamlcommon.cma(Envaux) and /usr/lib/ocaml/compiler-libs/ocamlcommon.cma(Envaux) both define a module named Envaux
File "/usr/lib/ocaml/compiler-libs/ocamlcommon.cma(Includecore)", line 1:
Warning 31: files /usr/lib/ocaml/compiler-libs/ocamlcommon.cma(Includecore) and /usr/lib/ocaml/compiler-libs/ocamlcommon.cma(Includecore) both define a module named Includecore
File "/usr/lib/ocaml/compiler-libs/ocamlcommon.cma(Includemod)", line 1:
Warning 31: files /usr/lib/ocaml/compiler-libs/ocamlcommon.cma(Includemod) and /usr/lib/ocaml/compiler-libs/ocamlcommon.cma(Includemod) both define a module named Includemod
File "/usr/lib/ocaml/compiler-libs/ocamlcommon.cma(Typetexp)", line 1:
Warning 31: files /usr/lib/ocaml/compiler-libs/ocamlcommon.cma(Typetexp) and /usr/lib/ocaml/compiler-libs/ocamlcommon.cma(Typetexp) both define a module named Typetexp
File "/usr/lib/ocaml/compiler-libs/ocamlcommon.cma(Parmatch)", line 1:
Warning 31: files /usr/lib/ocaml/compiler-libs/ocamlcommon.cma(Parmatch) and /usr/lib/ocaml/compiler-libs/ocamlcommon.cma(Parmatch) both define a module named Parmatch
File "/usr/lib/ocaml/compiler-libs/ocamlcommon.cma(TypedtreeIter)", line 1:
Warning 31: files /usr/lib/ocaml/compiler-libs/ocamlcommon.cma(TypedtreeIter) and /usr/lib/ocaml/compiler-libs/ocamlcommon.cma(TypedtreeIter) both define a module named TypedtreeIter
File "/usr/lib/ocaml/compiler-libs/ocamlcommon.cma(TypedtreeMap)", line 1:
Warning 31: files /usr/lib/ocaml/compiler-libs/ocamlcommon.cma(TypedtreeMap) and /usr/lib/ocaml/compiler-libs/ocamlcommon.cma(TypedtreeMap) both define a module named TypedtreeMap
File "/usr/lib/ocaml/compiler-libs/ocamlcommon.cma(Cmt_format)", line 1:
Warning 31: files /usr/lib/ocaml/compiler-libs/ocamlcommon.cma(Cmt_format) and /usr/lib/ocaml/compiler-libs/ocamlcommon.cma(Cmt_format) both define a module named Cmt_format
File "/usr/lib/ocaml/compiler-libs/ocamlcommon.cma(Stypes)", line 1:
Warning 31: files /usr/lib/ocaml/compiler-libs/ocamlcommon.cma(Stypes) and /usr/lib/ocaml/compiler-libs/ocamlcommon.cma(Stypes) both define a module named Stypes
File "/usr/lib/ocaml/compiler-libs/ocamlcommon.cma(Typecore)", line 1:
Warning 31: files /usr/lib/ocaml/compiler-libs/ocamlcommon.cma(Typecore) and /usr/lib/ocaml/compiler-libs/ocamlcommon.cma(Typecore) both define a module named Typecore
File "/usr/lib/ocaml/compiler-libs/ocamlcommon.cma(Typedecl)", line 1:
Warning 31: files /usr/lib/ocaml/compiler-libs/ocamlcommon.cma(Typedecl) and /usr/lib/ocaml/compiler-libs/ocamlcommon.cma(Typedecl) both define a module named Typedecl
File "/usr/lib/ocaml/compiler-libs/ocamlcommon.cma(Typeclass)", line 1:
Warning 31: files /usr/lib/ocaml/compiler-libs/ocamlcommon.cma(Typeclass) and /usr/lib/ocaml/compiler-libs/ocamlcommon.cma(Typeclass) both define a module named Typeclass
File "/usr/lib/ocaml/compiler-libs/ocamlcommon.cma(Typemod)", line 1:
Warning 31: files /usr/lib/ocaml/compiler-libs/ocamlcommon.cma(Typemod) and /usr/lib/ocaml/compiler-libs/ocamlcommon.cma(Typemod) both define a module named Typemod
File "/usr/lib/ocaml/compiler-libs/ocamlcommon.cma(Lambda)", line 1:
Warning 31: files /usr/lib/ocaml/compiler-libs/ocamlcommon.cma(Lambda) and /usr/lib/ocaml/compiler-libs/ocamlcommon.cma(Lambda) both define a module named Lambda
File "/usr/lib/ocaml/compiler-libs/ocamlcommon.cma(Printlambda)", line 1:
Warning 31: files /usr/lib/ocaml/compiler-libs/ocamlcommon.cma(Printlambda) and /usr/lib/ocaml/compiler-libs/ocamlcommon.cma(Printlambda) both define a module named Printlambda
File "/usr/lib/ocaml/compiler-libs/ocamlcommon.cma(Typeopt)", line 1:
Warning 31: files /usr/lib/ocaml/compiler-libs/ocamlcommon.cma(Typeopt) and /usr/lib/ocaml/compiler-libs/ocamlcommon.cma(Typeopt) both define a module named Typeopt
File "/usr/lib/ocaml/compiler-libs/ocamlcommon.cma(Switch)", line 1:
Warning 31: files /usr/lib/ocaml/compiler-libs/ocamlcommon.cma(Switch) and /usr/lib/ocaml/compiler-libs/ocamlcommon.cma(Switch) both define a module named Switch
File "/usr/lib/ocaml/compiler-libs/ocamlcommon.cma(Matching)", line 1:
Warning 31: files /usr/lib/ocaml/compiler-libs/ocamlcommon.cma(Matching) and /usr/lib/ocaml/compiler-libs/ocamlcommon.cma(Matching) both define a module named Matching
File "/usr/lib/ocaml/compiler-libs/ocamlcommon.cma(Translobj)", line 1:
Warning 31: files /usr/lib/ocaml/compiler-libs/ocamlcommon.cma(Translobj) and /usr/lib/ocaml/compiler-libs/ocamlcommon.cma(Translobj) both define a module named Translobj
File "/usr/lib/ocaml/compiler-libs/ocamlcommon.cma(Translcore)", line 1:
Warning 31: files /usr/lib/ocaml/compiler-libs/ocamlcommon.cma(Translcore) and /usr/lib/ocaml/compiler-libs/ocamlcommon.cma(Translcore) both define a module named Translcore
File "/usr/lib/ocaml/compiler-libs/ocamlcommon.cma(Translclass)", line 1:
Warning 31: files /usr/lib/ocaml/compiler-libs/ocamlcommon.cma(Translclass) and /usr/lib/ocaml/compiler-libs/ocamlcommon.cma(Translclass) both define a module named Translclass
File "/usr/lib/ocaml/compiler-libs/ocamlcommon.cma(Translmod)", line 1:
Warning 31: files /usr/lib/ocaml/compiler-libs/ocamlcommon.cma(Translmod) and /usr/lib/ocaml/compiler-libs/ocamlcommon.cma(Translmod) both define a module named Translmod
File "/usr/lib/ocaml/compiler-libs/ocamlcommon.cma(Simplif)", line 1:
Warning 31: files /usr/lib/ocaml/compiler-libs/ocamlcommon.cma(Simplif) and /usr/lib/ocaml/compiler-libs/ocamlcommon.cma(Simplif) both define a module named Simplif
File "/usr/lib/ocaml/compiler-libs/ocamlcommon.cma(Runtimedef)", line 1:
Warning 31: files /usr/lib/ocaml/compiler-libs/ocamlcommon.cma(Runtimedef) and /usr/lib/ocaml/compiler-libs/ocamlcommon.cma(Runtimedef) both define a module named Runtimedef
File "/usr/lib/ocaml/compiler-libs/ocamlcommon.cma(Pparse)", line 1:
Warning 31: files /usr/lib/ocaml/compiler-libs/ocamlcommon.cma(Pparse) and /usr/lib/ocaml/compiler-libs/ocamlcommon.cma(Pparse) both define a module named Pparse
File "/usr/lib/ocaml/compiler-libs/ocamlcommon.cma(Main_args)", line 1:
Warning 31: files /usr/lib/ocaml/compiler-libs/ocamlcommon.cma(Main_args) and /usr/lib/ocaml/compiler-libs/ocamlcommon.cma(Main_args) both define a module named Main_args
File "/usr/lib/ocaml/compiler-libs/ocamlcommon.cma(Compenv)", line 1:
Warning 31: files /usr/lib/ocaml/compiler-libs/ocamlcommon.cma(Compenv) and /usr/lib/ocaml/compiler-libs/ocamlcommon.cma(Compenv) both define a module named Compenv
File "/usr/lib/ocaml/compiler-libs/ocamlcommon.cma(Compmisc)", line 1:
Warning 31: files /usr/lib/ocaml/compiler-libs/ocamlcommon.cma(Compmisc) and /usr/lib/ocaml/compiler-libs/ocamlcommon.cma(Compmisc) both define a module named Compmisc
- build ocamlbot ocauth.cmi
+ ocamlfind ocamlc -annot -bin-annot -package cryptokit,str,spotlib,tiny_json_conv,ocaml_conv,curl,orakuda -thread -w A-4-9-40-42-44-45 -warn-error a -g -syntax camlp4o -package meta_conv.syntax,orakuda.syntax -I . -I ../lib -c ocauth.mli
findlib: [WARNING] Interface topdirs.cmi occurs in several directories: /usr/lib/ocaml/compiler-libs, /usr/lib/ocaml
- build ocamlbot ocauth.cmo
+ ocamlfind ocamlc -annot -bin-annot -package cryptokit,str,spotlib,tiny_json_conv,ocaml_conv,curl,orakuda -thread -w A-4-9-40-42-44-45 -warn-error a -g -syntax camlp4o -package meta_conv.syntax,orakuda.syntax -I . -I ../lib -c ocauth.ml
findlib: [WARNING] Interface topdirs.cmi occurs in several directories: /usr/lib/ocaml/compiler-libs, /usr/lib/ocaml
- build ocamlbot ocauth.o
+ ocamlfind ocamlopt -annot -bin-annot -package cryptokit,str,spotlib,tiny_json_conv,ocaml_conv,curl,orakuda -thread -w A-4-9-40-42-44-45 -warn-error a -syntaxfindlib: [WARNING] Interface topdirs.cmi occurs in several directories: /usr/lib/ocaml/compiler-libs, /usr/lib/ocaml
 camlp4o -package meta_conv.syntax,orakuda.syntax -I . -I ../lib -c ocauth.ml
- build ocamlbot bot.o
+ ocamlfind ocamlc -annot -bin-annot -package cryptokit,str,spotlib,tiny_json_conv,ocaml_conv,curl,orakuda -thread -w A-4-9-40-42-44-45 -warn-error a -g -syntax camlp4o -package meta_conv.syntax,orakuda.syntax -I . -I ../lib -c bot.ml
findlib: [WARNING] Interface topdirs.cmi occurs in several directories: /usr/lib/ocaml/compiler-libs, /usr/lib/ocaml
- findlib: [WARNING] Interface topdirs.cmi occurs in several directories: /usr/lib/ocaml/compiler-libs, /usr/lib/ocaml
build ocamlbot bot.o
+ ocamlfind ocamlopt -annot -bin-annot -package cryptokit,str,spotlib,tiny_json_conv,ocaml_conv,curl,orakuda -thread -w A-4-9-40-42-44-45 -warn-error a -syntax camlp4o -package meta_conv.syntax,orakuda.syntax -I . -I ../lib -c bot.ml
- build ocamlbot ocamlbot.opt
+ ocamlfind ocamlopt -package cryptokit,str,spotlib,tiny_json_conv,ocaml_conv,curl,orakuda -thread -I . -I ../lib -o ocamlbot.opt ../lib/twitter.cmxa ocauth.cmx bot.cmx -linkpkg
findlib: [WARNING] Interface topdirs.cmi occurs in several directories: /usr/lib/ocaml/compiler-libs, /usr/lib/ocaml
findlib: [WARNING] Interface topdirs.cmi occurs in several directories: /usr/lib/ocaml/compiler-libs, /usr/lib/ocaml
- build ocamlbot ocamlbot.run
+ ocamlfind ocamlc -package cryptokit,str,spotlib,tiny_json_conv,ocaml_conv,curl,orakuda -thread -g -I . -I ../lib -o ocamlbot.run ../lib/twitter.cma ocauth.cmo bot.cmo -linkpkg
*** omake: done (33.02 sec, 29/29 scans, 51/76 rules, 124/330 digests)
*** omake: reading OMakefiles
*** omake: finished reading OMakefiles (0.17 sec)
- build lib twitter.cmi
+ ocamlfind ocamlopt -package cryptokit,str,spotlib,tiny_json_conv,ocaml_conv,curl -thread -pack -o twitter.cmx base/base64.cmx base/util.cmx base/llist.cmx base/parserMonad.cmx base/xml.cmx base/http.cmx base/googleTTS.cmx base/utf16.cmx base/oauth.cmx twitter/auth.cmx twitter/api_intf.cmx twitter/api11.cmxfindlib: [WARNING] Interface topdirs.cmi occurs in several directories: /usr/lib/ocaml/compiler-libs, /usr/lib/ocaml

- build lib twitter.cmo
+ ocamlfind ocamlc -package cryptokit,str,spotlib,tiny_json_conv,ocaml_conv,curl -thread -g -pack -annot -bin-annot -o twitter.cmo base/base64.cmo base/util.cmo base/llist.cmo base/parserMonad.cmo base/xml.cmo base/http.cmo base/googleTTS.cmo base/utf16.cmo base/oauth.cmo twitter/auth.cmo twitter/api_intf.cmo twitter/api11.cmo
findlib: [WARNING] Interface topdirs.cmi occurs in several directories: /usr/lib/ocaml/compiler-libs, /usr/lib/ocaml
- build lib twitter.o
+ ocamlfind ocamlopt -package cryptokit,str,spotlib,tiny_json_conv,ocaml_conv,curlfindlib: [WARNING] Interface topdirs.cmi occurs in several directories: /usr/lib/ocaml/compiler-libs, /usr/lib/ocaml
 -thread -pack -annot -bin-annot -o twitter.cmx base/base64.cmx base/util.cmx base/llist.cmx base/parserMonad.cmx base/xml.cmx base/http.cmx base/googleTTS.cmx base/utf16.cmx base/oauth.cmx twitter/auth.cmx twitter/api_intf.cmx twitter/api11.cmx
- build toplevel <install>
+ ocamlfind remove ocamltter
ocamlfind: [WARNING] No such directory: /home/opam/.opam/system/lib/ocamltter
- build toplevel <install>
+ ocamlfind install ocamltter ocamlinit.ml META
Installed /home/opam/.opam/system/lib/ocamltter/ocamlinit.ml
Installed /home/opam/.opam/system/lib/ocamltter/META
*** omake: warning: stdout is not a tty, disabling the progress bar
   (use --progress to override).
- ocamlfind: [WARNING] No such directory: /home/opam/.opam/system/lib/twitter
build lib <install>
+ ocamlfind remove twitter
- build lib <install>
+ ocamlfind install twitter META twitter.cmi twitter.cmo twitter.cmx twitter.cma twitter.cmxa twitter.cmxs twitter.o twitter.a twitter.cmt
Installed /home/opam/.opam/system/lib/twitter/twitter.cmt
Installed /home/opam/.opam/system/lib/twitter/twitter.a
Installed /home/opam/.opam/system/lib/twitter/twitter.o
Installed /home/opam/.opam/system/lib/twitter/twitter.cmxs
Installed /home/opam/.opam/system/lib/twitter/twitter.cmxa
Installed /home/opam/.opam/system/lib/twitter/twitter.cma
Installed /home/opam/.opam/system/lib/twitter/twitter.cmx
Installed /home/opam/.opam/system/lib/twitter/twitter.cmo
Installed /home/opam/.opam/system/lib/twitter/twitter.cmi
Installed /home/opam/.opam/system/lib/twitter/META
*** omake: done (0.76 sec, 0/26 scans, 5/67 rules, 9/240 digests)
Installing ocamltter.2.1.2.
