++ opam install async_core -e ubuntu
+ depext='clasp version 2.1.4
Reading from outf9RREc/gringo_out
Solving...
Answer: 1
in("async%5fcore",35) in("base-bigarray",1) in("base-unix",1) in("ocamlfind",6) i
OPTIMUM FOUND

Models      : 1     
  Optimum   : yes
Optimization: 0 10 19
Time        : 0.056s (Solving: 0.00s 1st Model: 0.00s Unsat: 0.00s)
CPU Time    : 0.050s
Choices     : 172
Conflicts   : 89
Restarts    : 0     

Atoms       : 53544 
Rules       : 61443  (1: 61123 2: 17 3: 300 6: 3)
Bodies      : 1654  
Equivalences: 107376 (Atom=Atom: 52670 Body=Body: 380 Other: 54326)
Tight       : Yes

Variables   : 1346   (Eliminated:  460 Frozen:  349)
Constraints : 4463   (Binary: 95.4% Ternary:  0.4% Other:  4.3%)
Lemmas      : 87     (Binary: 17.2% Ternary:  6.9% Other: 75.9%)
  Conflict  : 87     (Average Length: 8.9) 
  Loop      : 0      (Average Length: 0.0) 
  Other     : 0      (Average Length: 0.0)
  Deleted   : 0     

Backtracks          : 2     
Backjumps           : 87     (Bounded: 2)
Skippable Levels    : 150    (Skipped: 148 Rate:  98.7%)
Max Jump Length     : 26     (Executed: 26)
Max Bound Length    : 1     
Average Jump Length : 1.7    (Executed: 1.7)
Average Bound Length: 1.0   
Average Model Length: 25.0  
/usr/share/aspcud/encodings/misc2012.lp:150:57-76: warning: atom is undefined:
  recommends(P,V,D,W)

/usr/share/aspcud/encodings/misc2012.lp:148:57-75: warning: atom is undefined:
  attribute(P,V,A,X)

/usr/share/aspcud/encodings/misc2012.lp:138:57-76: warning: atom is undefined:
  recommends(P,V,D,W)

/usr/share/aspcud/encodings/misc2012.lp:164:42-61: warning: atom is undefined:
  recommends(P,V,D,W)

/usr/share/aspcud/encodings/misc2012.lp:161:63-81: warning: atom is undefined:
  attribute(P,V,A,X)

/usr/share/aspcud/encodings/misc2012.lp:109:50-68: warning: atom is undefined:
  attribute(P,V,A,X)

/usr/share/aspcud/encodings/misc2012.lp:109:70-88: warning: atom is undefined:
  attribute(P,V,B,Y)

/usr/share/aspcud/encodings/misc2012.lp:30:22-41: warning: atom is undefined:
  recommends(P,V,D,W)'
+ echo Ubuntu depexts: clasp version 2.1.4 Reading from outf9RREc/gringo_out Solving... Answer: 1 'in("async%5fcore",35)' 'in("base-bigarray",1)' 'in("base-unix",1)' 'in("ocamlfind",6)' i OPTIMUM FOUND Models : 1 Optimum : yes Optimization: 0 10 19 Time : 0.056s '(Solving:' 0.00s 1st Model: 0.00s Unsat: '0.00s)' CPU Time : 0.050s Choices : 172 Conflicts : 89 Restarts : 0 Atoms : 53544 Rules : 61443 '(1:' 61123 2: 17 3: 300 6: '3)' Bodies : 1654 Equivalences: 107376 '(Atom=Atom:' 52670 Body=Body: 380 Other: '54326)' Tight : Yes Variables : 1346 '(Eliminated:' 460 Frozen: '349)' Constraints : 4463 '(Binary:' 95.4% Ternary: 0.4% Other: '4.3%)' Lemmas : 87 '(Binary:' 17.2% Ternary: 6.9% Other: '75.9%)' Conflict : 87 '(Average' Length: '8.9)' Loop : 0 '(Average' Length: '0.0)' Other : 0 '(Average' Length: '0.0)' Deleted : 0 Backtracks : 2 Backjumps : 87 '(Bounded:' '2)' Skippable Levels : 150 '(Skipped:' 148 Rate: '98.7%)' Max Jump Length : 26 '(Executed:' '26)' Max Bound Length : 1 Average Jump Length : 1.7 '(Executed:' '1.7)' Average Bound Length: 1.0 Average Model Length: 25.0 /usr/share/aspcud/encodings/misc2012.lp:150:57-76: warning: atom is undefined: 'recommends(P,V,D,W)' /usr/share/aspcud/encodings/misc2012.lp:148:57-75: warning: atom is undefined: 'attribute(P,V,A,X)' /usr/share/aspcud/encodings/misc2012.lp:138:57-76: warning: atom is undefined: 'recommends(P,V,D,W)' /usr/share/aspcud/encodings/misc2012.lp:164:42-61: warning: atom is undefined: 'recommends(P,V,D,W)' /usr/share/aspcud/encodings/misc2012.lp:161:63-81: warning: atom is undefined: 'attribute(P,V,A,X)' /usr/share/aspcud/encodings/misc2012.lp:109:50-68: warning: atom is undefined: 'attribute(P,V,A,X)' /usr/share/aspcud/encodings/misc2012.lp:109:70-88: warning: atom is undefined: 'attribute(P,V,B,Y)' /usr/share/aspcud/encodings/misc2012.lp:30:22-41: warning: atom is undefined: 'recommends(P,V,D,W)'
+ '[' 'clasp version 2.1.4
Reading from outf9RREc/gringo_out
Solving...
Answer: 1
in("async%5fcore",35) in("base-bigarray",1) in("base-unix",1) in("ocamlfind",6) i
OPTIMUM FOUND

Models      : 1     
  Optimum   : yes
Optimization: 0 10 19
Time        : 0.056s (Solving: 0.00s 1st Model: 0.00s Unsat: 0.00s)
CPU Time    : 0.050s
Choices     : 172
Conflicts   : 89
Restarts    : 0     

Atoms       : 53544 
Rules       : 61443  (1: 61123 2: 17 3: 300 6: 3)
Bodies      : 1654  
Equivalences: 107376 (Atom=Atom: 52670 Body=Body: 380 Other: 54326)
Tight       : Yes

Variables   : 1346   (Eliminated:  460 Frozen:  349)
Constraints : 4463   (Binary: 95.4% Ternary:  0.4% Other:  4.3%)
Lemmas      : 87     (Binary: 17.2% Ternary:  6.9% Other: 75.9%)
  Conflict  : 87     (Average Length: 8.9) 
  Loop      : 0      (Average Length: 0.0) 
  Other     : 0      (Average Length: 0.0)
  Deleted   : 0     

Backtracks          : 2     
Backjumps           : 87     (Bounded: 2)
Skippable Levels    : 150    (Skipped: 148 Rate:  98.7%)
Max Jump Length     : 26     (Executed: 26)
Max Bound Length    : 1     
Average Jump Length : 1.7    (Executed: 1.7)
Average Bound Length: 1.0   
Average Model Length: 25.0  
/usr/share/aspcud/encodings/misc2012.lp:150:57-76: warning: atom is undefined:
  recommends(P,V,D,W)

/usr/share/aspcud/encodings/misc2012.lp:148:57-75: warning: atom is undefined:
  attribute(P,V,A,X)

/usr/share/aspcud/encodings/misc2012.lp:138:57-76: warning: atom is undefined:
  recommends(P,V,D,W)

/usr/share/aspcud/encodings/misc2012.lp:164:42-61: warning: atom is undefined:
  recommends(P,V,D,W)

/usr/share/aspcud/encodings/misc2012.lp:161:63-81: warning: atom is undefined:
  attribute(P,V,A,X)

/usr/share/aspcud/encodings/misc2012.lp:109:50-68: warning: atom is undefined:
  attribute(P,V,A,X)

/usr/share/aspcud/encodings/misc2012.lp:109:70-88: warning: atom is undefined:
  attribute(P,V,B,Y)

/usr/share/aspcud/encodings/misc2012.lp:30:22-41: warning: atom is undefined:
  recommends(P,V,D,W)' '!=' '' ']'
+ sudo apt-get install -qq -y build-essential m4
Ubuntu depexts: clasp version 2.1.4 Reading from outf9RREc/gringo_out Solving... Answer: 1 in("async%5fcore",35) in("base-bigarray",1) in("base-unix",1) in("ocamlfind",6) i OPTIMUM FOUND Models : 1 Optimum : yes Optimization: 0 10 19 Time : 0.056s (Solving: 0.00s 1st Model: 0.00s Unsat: 0.00s) CPU Time : 0.050s Choices : 172 Conflicts : 89 Restarts : 0 Atoms : 53544 Rules : 61443 (1: 61123 2: 17 3: 300 6: 3) Bodies : 1654 Equivalences: 107376 (Atom=Atom: 52670 Body=Body: 380 Other: 54326) Tight : Yes Variables : 1346 (Eliminated: 460 Frozen: 349) Constraints : 4463 (Binary: 95.4% Ternary: 0.4% Other: 4.3%) Lemmas : 87 (Binary: 17.2% Ternary: 6.9% Other: 75.9%) Conflict : 87 (Average Length: 8.9) Loop : 0 (Average Length: 0.0) Other : 0 (Average Length: 0.0) Deleted : 0 Backtracks : 2 Backjumps : 87 (Bounded: 2) Skippable Levels : 150 (Skipped: 148 Rate: 98.7%) Max Jump Length : 26 (Executed: 26) Max Bound Length : 1 Average Jump Length : 1.7 (Executed: 1.7) Average Bound Length: 1.0 Average Model Length: 25.0 /usr/share/aspcud/encodings/misc2012.lp:150:57-76: warning: atom is undefined: recommends(P,V,D,W) /usr/share/aspcud/encodings/misc2012.lp:148:57-75: warning: atom is undefined: attribute(P,V,A,X) /usr/share/aspcud/encodings/misc2012.lp:138:57-76: warning: atom is undefined: recommends(P,V,D,W) /usr/share/aspcud/encodings/misc2012.lp:164:42-61: warning: atom is undefined: recommends(P,V,D,W) /usr/share/aspcud/encodings/misc2012.lp:161:63-81: warning: atom is undefined: attribute(P,V,A,X) /usr/share/aspcud/encodings/misc2012.lp:109:50-68: warning: atom is undefined: attribute(P,V,A,X) /usr/share/aspcud/encodings/misc2012.lp:109:70-88: warning: atom is undefined: attribute(P,V,B,Y) /usr/share/aspcud/encodings/misc2012.lp:30:22-41: warning: atom is undefined: recommends(P,V,D,W)
+ sudo apt-get install -qq -y clasp version 2.1.4 Reading from outf9RREc/gringo_out Solving... Answer: 1 'in("async%5fcore",35)' 'in("base-bigarray",1)' 'in("base-unix",1)' 'in("ocamlfind",6)' i OPTIMUM FOUND Models : 1 Optimum : yes Optimization: 0 10 19 Time : 0.056s '(Solving:' 0.00s 1st Model: 0.00s Unsat: '0.00s)' CPU Time : 0.050s Choices : 172 Conflicts : 89 Restarts : 0 Atoms : 53544 Rules : 61443 '(1:' 61123 2: 17 3: 300 6: '3)' Bodies : 1654 Equivalences: 107376 '(Atom=Atom:' 52670 Body=Body: 380 Other: '54326)' Tight : Yes Variables : 1346 '(Eliminated:' 460 Frozen: '349)' Constraints : 4463 '(Binary:' 95.4% Ternary: 0.4% Other: '4.3%)' Lemmas : 87 '(Binary:' 17.2% Ternary: 6.9% Other: '75.9%)' Conflict : 87 '(Average' Length: '8.9)' Loop : 0 '(Average' Length: '0.0)' Other : 0 '(Average' Length: '0.0)' Deleted : 0 Backtracks : 2 Backjumps : 87 '(Bounded:' '2)' Skippable Levels : 150 '(Skipped:' 148 Rate: '98.7%)' Max Jump Length : 26 '(Executed:' '26)' Max Bound Length : 1 Average Jump Length : 1.7 '(Executed:' '1.7)' Average Bound Length: 1.0 Average Model Length: 25.0 /usr/share/aspcud/encodings/misc2012.lp:150:57-76: warning: atom is undefined: 'recommends(P,V,D,W)' /usr/share/aspcud/encodings/misc2012.lp:148:57-75: warning: atom is undefined: 'attribute(P,V,A,X)' /usr/share/aspcud/encodings/misc2012.lp:138:57-76: warning: atom is undefined: 'recommends(P,V,D,W)' /usr/share/aspcud/encodings/misc2012.lp:164:42-61: warning: atom is undefined: 'recommends(P,V,D,W)' /usr/share/aspcud/encodings/misc2012.lp:161:63-81: warning: atom is undefined: 'attribute(P,V,A,X)' /usr/share/aspcud/encodings/misc2012.lp:109:50-68: warning: atom is undefined: 'attribute(P,V,A,X)' /usr/share/aspcud/encodings/misc2012.lp:109:70-88: warning: atom is undefined: 'attribute(P,V,B,Y)' /usr/share/aspcud/encodings/misc2012.lp:30:22-41: warning: atom is undefined: 'recommends(P,V,D,W)'
E: Unable to locate package version
E: Unable to locate package Reading
E: Unable to locate package from
E: Unable to locate package outf9RREc
E: Unable to locate package Solving...
E: Couldn't find any package by regex 'Solving...'
E: Unable to locate package Answer
E: Unable to locate package 1
E: Unable to locate package in("async%5fcore",35)
E: Unable to locate package in("base-bigarray",1)
E: Unable to locate package in("base-unix",1)
E: Unable to locate package in("ocamlfind",6)
E: Unable to locate package i
E: Unable to locate package OPTIMUM
E: Unable to locate package FOUND
E: Unable to locate package Models
E: Unable to locate package 
E: Unable to locate package 1
E: Unable to locate package Optimum
E: Unable to locate package 
E: Unable to locate package yes
E: Unable to locate package Optimization
E: Unable to locate package 0
E: Unable to locate package 10
E: Unable to locate package 19
E: Unable to locate package 
E: Unable to locate package 0.056s
E: Couldn't find any package by regex '0.056s'
E: Unable to locate package (Solving
E: Unable to locate package 0.00s
E: Couldn't find any package by regex '0.00s'
E: Unable to locate package 1st
E: Unable to locate package Model
E: Unable to locate package 0.00s
E: Couldn't find any package by regex '0.00s'
E: Unable to locate package Unsat
E: Unable to locate package 0.00s)
E: Couldn't find any package by regex '0.00s)'
E: Unable to locate package 
E: Unable to locate package 0.050s
E: Couldn't find any package by regex '0.050s'
E: Unable to locate package Choices
E: Unable to locate package 
E: Unable to locate package 172
E: Unable to locate package Conflicts
E: Unable to locate package 
E: Unable to locate package 89
E: Unable to locate package Restarts
E: Unable to locate package 
E: Unable to locate package 0
E: Unable to locate package Atoms
E: Unable to locate package 
E: Unable to locate package 53544
E: Unable to locate package Rules
E: Unable to locate package 
E: Unable to locate package 61443
E: Unable to locate package (1
E: Unable to locate package 61123
E: Unable to locate package 2
E: Unable to locate package 17
E: Unable to locate package 3
E: Unable to locate package 300
E: Unable to locate package 6
E: Unable to locate package 3)
E: Unable to locate package Bodies
E: Unable to locate package 
E: Unable to locate package 1654
E: Unable to locate package Equivalences
E: Unable to locate package 107376
E: Unable to locate package (Atom
E: Unable to locate package 52670
E: Unable to locate package Body
E: Unable to locate package 380
E: Unable to locate package Other
E: Unable to locate package 54326)
E: Unable to locate package Tight
E: Unable to locate package 
E: Unable to locate package Yes
E: Unable to locate package Variables
E: Unable to locate package 
E: Unable to locate package 1346
E: Unable to locate package (Eliminated
E: Unable to locate package 460
E: Unable to locate package Frozen
E: Unable to locate package 349)
E: Unable to locate package Constraints
E: Unable to locate package 
E: Unable to locate package 4463
E: Unable to locate package (Binary
E: Unable to locate package 95.4%
E: Couldn't find any package by regex '95.4%'
E: Unable to locate package Ternary
E: Unable to locate package 0.4%
E: Couldn't find any package by regex '0.4%'
E: Unable to locate package Other
E: Unable to locate package 4.3%)
E: Couldn't find any package by regex '4.3%)'
E: Unable to locate package Lemmas
E: Unable to locate package 
E: Unable to locate package 87
E: Unable to locate package (Binary
E: Unable to locate package 17.2%
E: Couldn't find any package by regex '17.2%'
E: Unable to locate package Ternary
E: Unable to locate package 6.9%
E: Couldn't find any package by regex '6.9%'
E: Unable to locate package Other
E: Unable to locate package 75.9%)
E: Couldn't find any package by regex '75.9%)'
E: Unable to locate package Conflict
E: Unable to locate package 
E: Unable to locate package 87
E: Unable to locate package (Average
E: Unable to locate package Length
E: Unable to locate package 8.9)
E: Couldn't find any package by regex '8.9)'
E: Unable to locate package Loop
E: Unable to locate package 
E: Unable to locate package 0
E: Unable to locate package (Average
E: Unable to locate package Length
E: Unable to locate package 0.0)
E: Couldn't find any package by regex '0.0)'
E: Unable to locate package Other
E: Unable to locate package 
E: Unable to locate package 0
E: Unable to locate package (Average
E: Unable to locate package Length
E: Unable to locate package 0.0)
E: Couldn't find any package by regex '0.0)'
E: Unable to locate package Deleted
E: Unable to locate package 
E: Unable to locate package 0
E: Unable to locate package Backtracks
E: Unable to locate package 
E: Unable to locate package 2
E: Unable to locate package Backjumps
E: Unable to locate package 
E: Unable to locate package 87
E: Unable to locate package (Bounded
E: Unable to locate package 2)
E: Unable to locate package Skippable
E: Unable to locate package Levels
E: Unable to locate package 
E: Unable to locate package 150
E: Unable to locate package (Skipped
E: Unable to locate package 148
E: Unable to locate package Rate
E: Unable to locate package 98.7%)
E: Couldn't find any package by regex '98.7%)'
E: Unable to locate package Max
E: Unable to locate package Jump
E: Unable to locate package Length
E: Unable to locate package 
E: Unable to locate package 26
E: Unable to locate package (Executed
E: Unable to locate package 26)
E: Unable to locate package Max
E: Unable to locate package Bound
E: Unable to locate package Length
E: Unable to locate package 
E: Unable to locate package 1
E: Unable to locate package Average
E: Unable to locate package Jump
E: Unable to locate package Length
E: Unable to locate package 
E: Unable to locate package (Executed
E: Unable to locate package 1.7)
E: Couldn't find any package by regex '1.7)'
E: Unable to locate package Average
E: Unable to locate package Bound
E: Unable to locate package Length
E: Unable to locate package Average
E: Unable to locate package Model
E: Unable to locate package Length
E: Unable to locate package 25.0
E: Couldn't find any package by regex '25.0'
E: Unable to locate package /usr/share/aspcud/encodings
E: Unable to locate package warning
E: Unable to locate package atom
E: Unable to locate package is
E: Unable to locate package undefined
E: Unable to locate package recommends(P,V,D,W)
E: Unable to locate package /usr/share/aspcud/encodings
E: Unable to locate package warning
E: Unable to locate package atom
E: Unable to locate package is
E: Unable to locate package undefined
E: Unable to locate package attribute(P,V,A,X)
E: Unable to locate package /usr/share/aspcud/encodings
E: Unable to locate package warning
E: Unable to locate package atom
E: Unable to locate package is
E: Unable to locate package undefined
E: Unable to locate package recommends(P,V,D,W)
E: Unable to locate package /usr/share/aspcud/encodings
E: Unable to locate package warning
E: Unable to locate package atom
E: Unable to locate package is
E: Unable to locate package undefined
E: Unable to locate package recommends(P,V,D,W)
E: Unable to locate package /usr/share/aspcud/encodings
E: Unable to locate package warning
E: Unable to locate package atom
E: Unable to locate package is
E: Unable to locate package undefined
E: Unable to locate package attribute(P,V,A,X)
E: Unable to locate package /usr/share/aspcud/encodings
E: Unable to locate package warning
E: Unable to locate package atom
E: Unable to locate package is
E: Unable to locate package undefined
E: Unable to locate package attribute(P,V,A,X)
E: Unable to locate package /usr/share/aspcud/encodings
E: Unable to locate package warning
E: Unable to locate package atom
E: Unable to locate package is
E: Unable to locate package undefined
E: Unable to locate package attribute(P,V,B,Y)
E: Unable to locate package /usr/share/aspcud/encodings
E: Unable to locate package warning
E: Unable to locate package atom
E: Unable to locate package is
E: Unable to locate package undefined
E: Unable to locate package recommends(P,V,D,W)
++ opam install async_core -e source,linux
+ srcext='clasp version 2.1.4
Reading from outVSJnDj/gringo_out
Solving...
Answer: 1
in("async%5fcore",35) in("base-bigarray",1) in("base-unix",1) in("ocamlfind",6) i
OPTIMUM FOUND

Models      : 1     
  Optimum   : yes
Optimization: 0 10 19
Time        : 0.053s (Solving: 0.00s 1st Model: 0.00s Unsat: 0.00s)
CPU Time    : 0.050s
Choices     : 172
Conflicts   : 89
Restarts    : 0     

Atoms       : 53544 
Rules       : 61443  (1: 61123 2: 17 3: 300 6: 3)
Bodies      : 1654  
Equivalences: 107376 (Atom=Atom: 52670 Body=Body: 380 Other: 54326)
Tight       : Yes

Variables   : 1346   (Eliminated:  460 Frozen:  349)
Constraints : 4463   (Binary: 95.4% Ternary:  0.4% Other:  4.3%)
Lemmas      : 87     (Binary: 17.2% Ternary:  6.9% Other: 75.9%)
  Conflict  : 87     (Average Length: 8.9) 
  Loop      : 0      (Average Length: 0.0) 
  Other     : 0      (Average Length: 0.0)
  Deleted   : 0     

Backtracks          : 2     
Backjumps           : 87     (Bounded: 2)
Skippable Levels    : 150    (Skipped: 148 Rate:  98.7%)
Max Jump Length     : 26     (Executed: 26)
Max Bound Length    : 1     
Average Jump Length : 1.7    (Executed: 1.7)
Average Bound Length: 1.0   
Average Model Length: 25.0  
/usr/share/aspcud/encodings/misc2012.lp:150:57-76: warning: atom is undefined:
  recommends(P,V,D,W)

/usr/share/aspcud/encodings/misc2012.lp:148:57-75: warning: atom is undefined:
  attribute(P,V,A,X)

/usr/share/aspcud/encodings/misc2012.lp:138:57-76: warning: atom is undefined:
  recommends(P,V,D,W)

/usr/share/aspcud/encodings/misc2012.lp:164:42-61: warning: atom is undefined:
  recommends(P,V,D,W)

/usr/share/aspcud/encodings/misc2012.lp:161:63-81: warning: atom is undefined:
  attribute(P,V,A,X)

/usr/share/aspcud/encodings/misc2012.lp:109:50-68: warning: atom is undefined:
  attribute(P,V,A,X)

/usr/share/aspcud/encodings/misc2012.lp:109:70-88: warning: atom is undefined:
  attribute(P,V,B,Y)

/usr/share/aspcud/encodings/misc2012.lp:30:22-41: warning: atom is undefined:
  recommends(P,V,D,W)'
+ echo Ubuntu srcexts: clasp version 2.1.4 Reading from outVSJnDj/gringo_out Solving... Answer: 1 'in("async%5fcore",35)' 'in("base-bigarray",1)' 'in("base-unix",1)' 'in("ocamlfind",6)' i OPTIMUM FOUND Models : 1 Optimum : yes Optimization: 0 10 19 Time : 0.053s '(Solving:' 0.00s 1st Model: 0.00s Unsat: '0.00s)' CPU Time : 0.050s Choices : 172 Conflicts : 89 Restarts : 0 Atoms : 53544 Rules : 61443 '(1:' 61123 2: 17 3: 300 6: '3)' Bodies : 1654 Equivalences: 107376 '(Atom=Atom:' 52670 Body=Body: 380 Other: '54326)' Tight : Yes Variables : 1346 '(Eliminated:' 460 Frozen: '349)' Constraints : 4463 '(Binary:' 95.4% Ternary: 0.4% Other: '4.3%)' Lemmas : 87 '(Binary:' 17.2% Ternary: 6.9% Other: '75.9%)' Conflict : 87 '(Average' Length: '8.9)' Loop : 0 '(Average' Length: '0.0)' Other : 0 '(Average' Length: '0.0)' Deleted : 0 Backtracks : 2 Backjumps : 87 '(Bounded:' '2)' Skippable Levels : 150 '(Skipped:' 148 Rate: '98.7%)' Max Jump Length : 26 '(Executed:' '26)' Max Bound Length : 1 Average Jump Length : 1.7 '(Executed:' '1.7)' Average Bound Length: 1.0 Average Model Length: 25.0 /usr/share/aspcud/encodings/misc2012.lp:150:57-76: warning: atom is undefined: 'recommends(P,V,D,W)' /usr/share/aspcud/encodings/misc2012.lp:148:57-75: warning: atom is undefined: 'attribute(P,V,A,X)' /usr/share/aspcud/encodings/misc2012.lp:138:57-76: warning: atom is undefined: 'recommends(P,V,D,W)' /usr/share/aspcud/encodings/misc2012.lp:164:42-61: warning: atom is undefined: 'recommends(P,V,D,W)' /usr/share/aspcud/encodings/misc2012.lp:161:63-81: warning: atom is undefined: 'attribute(P,V,A,X)' /usr/share/aspcud/encodings/misc2012.lp:109:50-68: warning: atom is undefined: 'attribute(P,V,A,X)' /usr/share/aspcud/encodings/misc2012.lp:109:70-88: warning: atom is undefined: 'attribute(P,V,B,Y)' /usr/share/aspcud/encodings/misc2012.lp:30:22-41: warning: atom is undefined: 'recommends(P,V,D,W)'
Ubuntu srcexts: clasp version 2.1.4 Reading from outVSJnDj/gringo_out Solving... Answer: 1 in("async%5fcore",35) in("base-bigarray",1) in("base-unix",1) in("ocamlfind",6) i OPTIMUM FOUND Models : 1 Optimum : yes Optimization: 0 10 19 Time : 0.053s (Solving: 0.00s 1st Model: 0.00s Unsat: 0.00s) CPU Time : 0.050s Choices : 172 Conflicts : 89 Restarts : 0 Atoms : 53544 Rules : 61443 (1: 61123 2: 17 3: 300 6: 3) Bodies : 1654 Equivalences: 107376 (Atom=Atom: 52670 Body=Body: 380 Other: 54326) Tight : Yes Variables : 1346 (Eliminated: 460 Frozen: 349) Constraints : 4463 (Binary: 95.4% Ternary: 0.4% Other: 4.3%) Lemmas : 87 (Binary: 17.2% Ternary: 6.9% Other: 75.9%) Conflict : 87 (Average Length: 8.9) Loop : 0 (Average Length: 0.0) Other : 0 (Average Length: 0.0) Deleted : 0 Backtracks : 2 Backjumps : 87 (Bounded: 2) Skippable Levels : 150 (Skipped: 148 Rate: 98.7%) Max Jump Length : 26 (Executed: 26) Max Bound Length : 1 Average Jump Length : 1.7 (Executed: 1.7) Average Bound Length: 1.0 Average Model Length: 25.0 /usr/share/aspcud/encodings/misc2012.lp:150:57-76: warning: atom is undefined: recommends(P,V,D,W) /usr/share/aspcud/encodings/misc2012.lp:148:57-75: warning: atom is undefined: attribute(P,V,A,X) /usr/share/aspcud/encodings/misc2012.lp:138:57-76: warning: atom is undefined: recommends(P,V,D,W) /usr/share/aspcud/encodings/misc2012.lp:164:42-61: warning: atom is undefined: recommends(P,V,D,W) /usr/share/aspcud/encodings/misc2012.lp:161:63-81: warning: atom is undefined: attribute(P,V,A,X) /usr/share/aspcud/encodings/misc2012.lp:109:50-68: warning: atom is undefined: attribute(P,V,A,X) /usr/share/aspcud/encodings/misc2012.lp:109:70-88: warning: atom is undefined: attribute(P,V,B,Y) /usr/share/aspcud/encodings/misc2012.lp:30:22-41: warning: atom is undefined: recommends(P,V,D,W)
+ '[' 'clasp version 2.1.4
Reading from outVSJnDj/gringo_out
Solving...
Answer: 1
in("async%5fcore",35) in("base-bigarray",1) in("base-unix",1) in("ocamlfind",6) i
OPTIMUM FOUND

Models      : 1     
  Optimum   : yes
Optimization: 0 10 19
Time        : 0.053s (Solving: 0.00s 1st Model: 0.00s Unsat: 0.00s)
CPU Time    : 0.050s
Choices     : 172
Conflicts   : 89
Restarts    : 0     

Atoms       : 53544 
Rules       : 61443  (1: 61123 2: 17 3: 300 6: 3)
Bodies      : 1654  
Equivalences: 107376 (Atom=Atom: 52670 Body=Body: 380 Other: 54326)
Tight       : Yes

Variables   : 1346   (Eliminated:  460 Frozen:  349)
Constraints : 4463   (Binary: 95.4% Ternary:  0.4% Other:  4.3%)
Lemmas      : 87     (Binary: 17.2% Ternary:  6.9% Other: 75.9%)
  Conflict  : 87     (Average Length: 8.9) 
  Loop      : 0      (Average Length: 0.0) 
  Other     : 0      (Average Length: 0.0)
  Deleted   : 0     

Backtracks          : 2     
Backjumps           : 87     (Bounded: 2)
Skippable Levels    : 150    (Skipped: 148 Rate:  98.7%)
Max Jump Length     : 26     (Executed: 26)
Max Bound Length    : 1     
Average Jump Length : 1.7    (Executed: 1.7)
Average Bound Length: 1.0   
Average Model Length: 25.0  
/usr/share/aspcud/encodings/misc2012.lp:150:57-76: warning: atom is undefined:
  recommends(P,V,D,W)

/usr/share/aspcud/encodings/misc2012.lp:148:57-75: warning: atom is undefined:
  attribute(P,V,A,X)

/usr/share/aspcud/encodings/misc2012.lp:138:57-76: warning: atom is undefined:
  recommends(P,V,D,W)

/usr/share/aspcud/encodings/misc2012.lp:164:42-61: warning: atom is undefined:
  recommends(P,V,D,W)

/usr/share/aspcud/encodings/misc2012.lp:161:63-81: warning: atom is undefined:
  attribute(P,V,A,X)

/usr/share/aspcud/encodings/misc2012.lp:109:50-68: warning: atom is undefined:
  attribute(P,V,A,X)

/usr/share/aspcud/encodings/misc2012.lp:109:70-88: warning: atom is undefined:
  attribute(P,V,B,Y)

/usr/share/aspcud/encodings/misc2012.lp:30:22-41: warning: atom is undefined:
  recommends(P,V,D,W)' '!=' '' ']'
++ mktemp
+ t=/tmp/tmp.ljHCsKEtmo
+ curl -sL clasp version 2.1.4 Reading from outVSJnDj/gringo_out Solving... Answer: 1 'in("async%5fcore",35)' 'in("base-bigarray",1)' 'in("base-unix",1)' 'in("ocamlfind",6)' i OPTIMUM FOUND Models : 1 Optimum : yes Optimization: 0 10 19 Time : 0.053s '(Solving:' 0.00s 1st Model: 0.00s Unsat: '0.00s)' CPU Time : 0.050s Choices : 172 Conflicts : 89 Restarts : 0 Atoms : 53544 Rules : 61443 '(1:' 61123 2: 17 3: 300 6: '3)' Bodies : 1654 Equivalences: 107376 '(Atom=Atom:' 52670 Body=Body: 380 Other: '54326)' Tight : Yes Variables : 1346 '(Eliminated:' 460 Frozen: '349)' Constraints : 4463 '(Binary:' 95.4% Ternary: 0.4% Other: '4.3%)' Lemmas : 87 '(Binary:' 17.2% Ternary: 6.9% Other: '75.9%)' Conflict : 87 '(Average' Length: '8.9)' Loop : 0 '(Average' Length: '0.0)' Other : 0 '(Average' Length: '0.0)' Deleted : 0 Backtracks : 2 Backjumps : 87 '(Bounded:' '2)' Skippable Levels : 150 '(Skipped:' 148 Rate: '98.7%)' Max Jump Length : 26 '(Executed:' '26)' Max Bound Length : 1 Average Jump Length : 1.7 '(Executed:' '1.7)' Average Bound Length: 1.0 Average Model Length: 25.0 /usr/share/aspcud/encodings/misc2012.lp:150:57-76: warning: atom is undefined: 'recommends(P,V,D,W)' /usr/share/aspcud/encodings/misc2012.lp:148:57-75: warning: atom is undefined: 'attribute(P,V,A,X)' /usr/share/aspcud/encodings/misc2012.lp:138:57-76: warning: atom is undefined: 'recommends(P,V,D,W)' /usr/share/aspcud/encodings/misc2012.lp:164:42-61: warning: atom is undefined: 'recommends(P,V,D,W)' /usr/share/aspcud/encodings/misc2012.lp:161:63-81: warning: atom is undefined: 'attribute(P,V,A,X)' /usr/share/aspcud/encodings/misc2012.lp:109:50-68: warning: atom is undefined: 'attribute(P,V,A,X)' /usr/share/aspcud/encodings/misc2012.lp:109:70-88: warning: atom is undefined: 'attribute(P,V,B,Y)' /usr/share/aspcud/encodings/misc2012.lp:30:22-41: warning: atom is undefined: 'recommends(P,V,D,W)'
+ bash -ex /tmp/tmp.ljHCsKEtmo
+ opam install async_core
clasp version 2.1.4
Reading from outWo5sw6/gringo_out
Solving...
Answer: 1
in("async%5fcore",35) in("base-bigarray",1) in("base-unix",1) in("ocamlfind",6) i
OPTIMUM FOUND

Models      : 1     
  Optimum   : yes
Optimization: 0 10 19
Time        : 0.055s (Solving: 0.00s 1st Model: 0.00s Unsat: 0.00s)
CPU Time    : 0.050s
Choices     : 172
Conflicts   : 89
Restarts    : 0     

Atoms       : 53544 
Rules       : 61443  (1: 61123 2: 17 3: 300 6: 3)
Bodies      : 1654  
Equivalences: 107376 (Atom=Atom: 52670 Body=Body: 380 Other: 54326)
Tight       : Yes

Variables   : 1346   (Eliminated:  460 Frozen:  349)
Constraints : 4463   (Binary: 95.4% Ternary:  0.4% Other:  4.3%)
Lemmas      : 87     (Binary: 17.2% Ternary:  6.9% Other: 75.9%)
  Conflict  : 87     (Average Length: 8.9) 
  Loop      : 0      (Average Length: 0.0) 
  Other     : 0      (Average Length: 0.0)
  Deleted   : 0     

Backtracks          : 2     
Backjumps           : 87     (Bounded: 2)
Skippable Levels    : 150    (Skipped: 148 Rate:  98.7%)
Max Jump Length     : 26     (Executed: 26)
Max Bound Length    : 1     
Average Jump Length : 1.7    (Executed: 1.7)
Average Bound Length: 1.0   
Average Model Length: 25.0  
/usr/share/aspcud/encodings/misc2012.lp:150:57-76: warning: atom is undefined:
  recommends(P,V,D,W)

/usr/share/aspcud/encodings/misc2012.lp:148:57-75: warning: atom is undefined:
  attribute(P,V,A,X)

/usr/share/aspcud/encodings/misc2012.lp:138:57-76: warning: atom is undefined:
  recommends(P,V,D,W)

/usr/share/aspcud/encodings/misc2012.lp:164:42-61: warning: atom is undefined:
  recommends(P,V,D,W)

/usr/share/aspcud/encodings/misc2012.lp:161:63-81: warning: atom is undefined:
  attribute(P,V,A,X)

/usr/share/aspcud/encodings/misc2012.lp:109:50-68: warning: atom is undefined:
  attribute(P,V,A,X)

/usr/share/aspcud/encodings/misc2012.lp:109:70-88: warning: atom is undefined:
  attribute(P,V,B,Y)

/usr/share/aspcud/encodings/misc2012.lp:30:22-41: warning: atom is undefined:
  recommends(P,V,D,W)

The following actions will be performed:
 - install   camlp4.4.02.0                         [required by async_core]
 - install   ounit.2.0.0                           [required by pa_ounit]
 - install   res.4.0.5                             [required by core]
 - install   type_conv.109.53.00                   [required by bin_prot]
 - install   pipebang.109.28.02                    [required by core]
 - install   herelib.109.35.02                     [required by async_core]
 - install   variantslib.109.15.03                 [required by core]
 - install   sexplib.109.55.02                     [required by async_core]
 - install   pa_ounit.109.53.02                    [required by async_core]
 - install   fieldslib.109.20.03                   [required by async_core]
 - install   comparelib.109.27.02                  [required by core]
 - install   bin_prot.109.53.00                    [required by async_core]
 - install   pa_bench.109.55.02                    [required by core_kernel]
 - install   custom_printf.109.27.02               [required by core]
 - install   typerep.109.55.02                     [required by core_kernel]
 - install   core_kernel.109.55.02                 [required by core]
 - install   pa_test.109.53.02                     [required by async_core]
 - install   core.109.55.02                        [required by async_core]
 - install   async_core.109.55.02
=== 19 to install ===

=-=-=-=-=-=-=-=-=-=-=-=- Synchronizing package archives -=-=-=-=-=-=-=-=-=-=-=-=
[bin_prot.109.53.00] Downloading https://ocaml.janestreet.com/ocaml-core/109.53.00/individual/bin_prot-109.53.00.tar.gz
[async_core.109.55.02] Downloading https://ocaml.janestreet.com/ocaml-core/109.55.00/individual/async_core-109.55.02.tar.gz
[camlp4.4.02.0] Fetching git://github.com/ocaml/camlp4#4.02
  % Total    % Received % Xferd  Average Speed   Time    Time     Time  Current
                                 Dload  Upload   Total   Spent    Left  Speed
  0     0    0     0    0     0      0      0 --:--:-- --:--:-- --:--:--     0  % Total    % Received % Xferd  Average Speed   Time    Time     Time  Current
                                 Dload  Upload   Total   Spent    Left  Speed
  0     0    0     0    0     0      0      0 --:--:-- --:--:-- --:--:--     0  0     0    0     0    0     0      0        0 --:--:-- --:--:-- --:--:--     00     0    0     0    0     0      0      0 --:--:-- --:--:-- --:--:--     0Initialized empty Git repository in /home/opam/.opam/packages.dev/camlp4.4.02.0/.git/
100 86085  100 86085    0     0   119k      0 --:--:-- --:--:-- --:--:--  119k
200
[comparelib.109.27.02] Downloading https://ocaml.janestreet.com/ocaml-core/109.27.00/individual/comparelib-109.27.02.tar.gz
  % Total    % Received % Xferd  Average Speed   Time    Time     Time  Current
                                 Dload  Upload   Total   Spent    Left  Speed
  0     0    0     0    0     0      0      0 --:--:-- --:--:-- --:--:--     0100  116k  100  116k    0     0   147k      0 --:--:-- --:--:-- --:--:--  147k
200
[core.109.55.02] Downloading https://ocaml.janestreet.com/ocaml-core/109.55.00/individual/core-109.55.02.tar.gz
  % Total    % Received % Xferd  Average Speed   Time    Time     Time  Current
                                 Dload  Upload   Total   Spent    Left  Speed
  0     0    0     0    0     0      0      0 --:--:-- --:--:-- --:--:--     0  0     0    0     0    0     0      0      0 --:--:-- --:--:-- --:--:--     0  0     0    0     0    0     0      0      0 --:--:-- --:--:-- --:--:--     0100 56585  100 56585    0     0  97255      0 --:--:-- --:--:-- --:--:-- 97225
200
[core_kernel.109.55.02] Downloading https://ocaml.janestreet.com/ocaml-core/109.55.00/individual/core_kernel-109.55.02.tar.gz
  % Total    % Received % Xferd  Average Speed   Time    Time     Time  Current
                                 Dload  Upload   Total   Spent    Left  Speed
  0     0    0     0    0     0      0      0 --:--:-- --:--:-- --:--:--     0 51  686k   51  352k    0     0   305k      0  0:00:02  0:00:01  0:00:01  305k  8  361k    8 32768    0     0  55684      0  0:00:06 --:--:--  0:00:06 55633100  361k  100  361k    0     0   379k      0 --:--:-- --:--:-- --:--:--  379k
200
[custom_printf.109.27.02] Downloading https://ocaml.janestreet.com/ocaml-core/109.27.00/individual/custom_printf-109.27.02.tar.gz
100  686k  100  686k    0     0   427k      0  0:00:01  0:00:01 --:--:--  427k
200
  % Total    % Received % Xferd  Average Speed   Time    Time     Time  Current
                                 Dload  Upload   Total   Spent    Left  Speed
  0     0    0     0    0     0      0      0 --:--:-- --:--:-- --:--:--     0[fieldslib.109.20.03] Downloading https://ocaml.janestreet.com/ocaml-core/109.20.00/individual/fieldslib-109.20.03.tar.gz
  % Total    % Received % Xferd  Average Speed   Time    Time     Time  Current
                                 Dload  Upload   Total   Spent    Left  Speed
  0     0    0     0    0     0      0      0 --:--:-- --:--:-- --:--:--     0 64 50912   64 32768    0     0  62116      0 --:--:-- --:--:-- --:--:-- 62060  0 55847    0     0    0     0      0      0 --:--:-- --:--:-- --:--:--     0100 50912  100 50912    0     0  87997      0 --:--:-- --:--:-- --:--:-- 87930
200
[herelib.109.35.02] Downloading https://ocaml.janestreet.com/ocaml-core/109.35.00/individual/herelib-109.35.02.tar.gz
100 55847  100 55847    0     0  95376      0 --:--:-- --:--:-- --:--:-- 95302
200
  % Total    % Received % Xferd  Average Speed   Time    Time     Time  Current
                                 Dload  Upload   Total   Spent    Left  Speed
  0     0    0     0    0     0      0      0 --:--:-- --:--:-- --:--:--     0[ounit.2.0.0] Downloading http://forge.ocamlcore.org/frs/download.php/1258/ounit-2.0.0.tar.gz
  % Total    % Received % Xferd  Average Speed   Time    Time     Time  Current
                                 Dload  Upload   Total   Spent    Left  Speed
  0     0    0     0    0     0      0      0 --:--:-- --:--:-- --:--:--     0100  101k  100  101k    0     0   680k      0 --:--:-- --:--:-- --:--:--  682k
200
[pa_bench.109.55.02] Downloading https://ocaml.janestreet.com/ocaml-core/109.55.00/individual/pa_bench-109.55.02.tar.gz
  % Total    % Received % Xferd  Average Speed   Time    Time     Time  Current
                                 Dload  Upload   Total   Spent    Left  Speed
  0     0    0     0    0     0      0      0 --:--:-- --:--:-- --:--:--     0100 47650  100 47650    0     0  80859      0 --:--:-- --:--:-- --:--:-- 80899
200
[pa_ounit.109.53.02] Downloading https://ocaml.janestreet.com/ocaml-core/109.53.00/individual/pa_ounit-109.53.02.tar.gz
  % Total    % Received % Xferd  Average Speed   Time    Time     Time  Current
                                 Dload  Upload   Total   Spent    Left  Speed
  0     0    0     0    0     0      0      0 --:--:-- --:--:-- --:--:--     0  0     0    0     0    0     0      0      0 --:--:-- --:--:-- --:--:--     0 64 51237   64 32768    0     0  55643      0 --:--:-- --:--:-- --:--:-- 55633100 51237  100 51237    0     0  86761      0 --:--:-- --:--:-- --:--:-- 86695
200
[pa_test.109.53.02] Downloading https://ocaml.janestreet.com/ocaml-core/109.53.00/individual/pa_test-109.53.02.tar.gz
  % Total    % Received % Xferd  Average Speed   Time    Time     Time  Current
                                 Dload  Upload   Total   Spent    Left  Speed
  0     0    0     0    0     0      0      0 --:--:-- --:--:-- --:--:--     0100 54573  100 54573    0     0  92725      0 --:--:-- --:--:-- --:--:-- 92811
200
[pipebang.109.28.02] Downloading https://ocaml.janestreet.com/ocaml-core/109.28.00/individual/pipebang-109.28.02.tar.gz
  % Total    % Received % Xferd  Average Speed   Time    Time     Time  Current
                                 Dload  Upload   Total   Spent    Left  Speed
  0     0    0     0    0     0      0      0 --:--:-- --:--:-- --:--:--     0100 48755  100 48755    0     0  79749      0 --:--:-- --:--:-- --:--:-- 79795
200
[res.4.0.5] Downloading https://github.com/mmottl/res/releases/download/v4.0.5/res-4.0.5.tar.gz
  % Total    % Received % Xferd  Average Speed   Time    Time     Time  Current
                                 Dload  Upload   Total   Spent    Left  Speed
  0     0    0     0    0     0      0      0 --:--:-- --:--:-- --:--:--     0  0     0    0     0    0     0      0      0 --:--:-- --:--:-- --:--:--     0  0 46982    0     0    0     0      0      0 --:--:-- --:--:-- --:--:--     0100 46982  100 46982    0     0  74211      0 --:--:-- --:--:-- --:--:-- 74221
200
[sexplib.109.55.02] Downloading https://ocaml.janestreet.com/ocaml-core/109.55.00/individual/sexplib-109.55.02.tar.gz
  % Total    % Received % Xferd  Average Speed   Time    Time     Time  Current
                                 Dload  Upload   Total   Spent    Left  Speed
  0     0    0     0    0     0      0      0 --:--:-- --:--:-- --:--:--     0100   344    0   344    0     0    831      0 --:--:-- --:--:-- --:--:--   830
100  127k  100  127k    0     0   165k      0 --:--:-- --:--:-- --:--:--  165k
200
[type_conv.109.53.00] Downloading https://ocaml.janestreet.com/ocaml-core/109.53.00/individual/type_conv-109.53.00.tar.gz
  % Total    % Received % Xferd  Average Speed   Time    Time     Time  Current
                                 Dload  Upload   Total   Spent    Left  Speed
  0     0    0     0    0     0      0      0 --:--:-- --:--:-- --:--:--     0 34 74089   34 25846    0     0  20822      0  0:00:03  0:00:01  0:00:02 20822100 74089  100 74089    0     0  55586      0  0:00:01  0:00:01 --:--:--  517k
200
[typerep.109.55.02] Downloading https://ocaml.janestreet.com/ocaml-core/109.55.00/individual/typerep-109.55.02.tar.gz
  % Total    % Received % Xferd  Average Speed   Time    Time     Time  Current
                                 Dload  Upload   Total   Spent    Left  Speed
  0     0    0     0    0     0      0      0 --:--:-- --:--:-- --:--:--     0100 58675  100 58675    0     0  98499      0 --:--:-- --:--:-- --:--:-- 98613
200
[variantslib.109.15.03] Downloading https://ocaml.janestreet.com/ocaml-core/109.15.00/individual/variantslib-109.15.03.tar.gz
  % Total    % Received % Xferd  Average Speed   Time    Time     Time  Current
                                 Dload  Upload   Total   Spent    Left  Speed
  0     0    0     0    0     0      0      0 --:--:-- --:--:-- --:--:--     0 69  137k   69 98304    0     0   124k      0  0:00:01 --:--:--  0:00:01  124k100  137k  100  137k    0     0   177k      0 --:--:-- --:--:-- --:--:--  177k
200
  0     0    0     0    0     0      0      0 --:--:-- --:--:-- --:--:--     0100 59923  100 59923    0     0  99467      0 --:--:-- --:--:-- --:--:-- 99374
200
From git://github.com/ocaml/camlp4
 * branch            4.02       -> FETCH_HEAD
 * [new branch]      4.02       -> origin/4.02
.depend
.gitignore
.ignore
.ocp-indent
.travis-ci.sh
.travis.yml
Changes
LICENSE
Makefile
README.md
_tags
build/camlp4-bootstrap-recipe.txt
build/camlp4-bootstrap.sh
build/camlp4-byte-only.sh
build/camlp4-mkCamlp4Ast.sh
build/camlp4-native-only.sh
build/camlp4-targets.sh
build/install.sh
camlp4/.ignore
camlp4/CHANGES
camlp4/Camlp4.mlpack
camlp4/Camlp4/Camlp4Ast.partial.ml
camlp4/Camlp4/Debug.ml
camlp4/Camlp4/Debug.mli
camlp4/Camlp4/ErrorHandler.ml
camlp4/Camlp4/ErrorHandler.mli
camlp4/Camlp4/OCamlInitSyntax.ml
camlp4/Camlp4/Options.ml
camlp4/Camlp4/Options.mli
camlp4/Camlp4/PreCast.ml
camlp4/Camlp4/PreCast.mli
camlp4/Camlp4/Printers.mlpack
camlp4/Camlp4/Printers/DumpCamlp4Ast.ml
camlp4/Camlp4/Printers/DumpCamlp4Ast.mli
camlp4/Camlp4/Printers/DumpOCamlAst.ml
camlp4/Camlp4/Printers/DumpOCamlAst.mli
camlp4/Camlp4/Printers/Null.ml
camlp4/Camlp4/Printers/Null.mli
camlp4/Camlp4/Printers/OCaml.ml
camlp4/Camlp4/Printers/OCaml.mli
camlp4/Camlp4/Printers/OCamlr.ml
camlp4/Camlp4/Printers/OCamlr.mli
camlp4/Camlp4/Register.ml
camlp4/Camlp4/Register.mli
camlp4/Camlp4/Sig.ml
camlp4/Camlp4/Struct.mlpack
camlp4/Camlp4/Struct/.ignore
camlp4/Camlp4/Struct/AstFilters.ml
camlp4/Camlp4/Struct/Camlp4Ast.mlast
camlp4/Camlp4/Struct/Camlp4Ast2OCamlAst.ml
camlp4/Camlp4/Struct/Camlp4Ast2OCamlAst.mli
camlp4/Camlp4/Struct/CleanAst.ml
camlp4/Camlp4/Struct/CommentFilter.ml
camlp4/Camlp4/Struct/CommentFilter.mli
camlp4/Camlp4/Struct/DynAst.ml
camlp4/Camlp4/Struct/DynLoader.ml
camlp4/Camlp4/Struct/DynLoader.mli
camlp4/Camlp4/Struct/EmptyError.ml
camlp4/Camlp4/Struct/EmptyError.mli
camlp4/Camlp4/Struct/EmptyPrinter.ml
camlp4/Camlp4/Struct/EmptyPrinter.mli
camlp4/Camlp4/Struct/FreeVars.ml
camlp4/Camlp4/Struct/FreeVars.mli
camlp4/Camlp4/Struct/Grammar.mlpack
camlp4/Camlp4/Struct/Grammar/Delete.ml
camlp4/Camlp4/Struct/Grammar/Dynamic.ml
camlp4/Camlp4/Struct/Grammar/Entry.ml
camlp4/Camlp4/Struct/Grammar/Failed.ml
camlp4/Camlp4/Struct/Grammar/Find.ml
camlp4/Camlp4/Struct/Grammar/Fold.ml
camlp4/Camlp4/Struct/Grammar/Fold.mli
camlp4/Camlp4/Struct/Grammar/Insert.ml
camlp4/Camlp4/Struct/Grammar/Parser.ml
camlp4/Camlp4/Struct/Grammar/Parser.mli
camlp4/Camlp4/Struct/Grammar/Print.ml
camlp4/Camlp4/Struct/Grammar/Print.mli
camlp4/Camlp4/Struct/Grammar/Search.ml
camlp4/Camlp4/Struct/Grammar/Static.ml
camlp4/Camlp4/Struct/Grammar/Structure.ml
camlp4/Camlp4/Struct/Grammar/Tools.ml
camlp4/Camlp4/Struct/Lexer.mll
camlp4/Camlp4/Struct/Loc.ml
camlp4/Camlp4/Struct/Loc.mli
camlp4/Camlp4/Struct/Quotation.ml
camlp4/Camlp4/Struct/Token.ml
camlp4/Camlp4/Struct/Token.mli
camlp4/Camlp4/Utils.ml
camlp4/Camlp4/Utils.mli
camlp4/Camlp4Bin.ml
camlp4/Camlp4Filters/Camlp4AstLifter.ml
camlp4/Camlp4Filters/Camlp4ExceptionTracer.ml
camlp4/Camlp4Filters/Camlp4FoldGenerator.ml
camlp4/Camlp4Filters/Camlp4LocationStripper.ml
camlp4/Camlp4Filters/Camlp4MapGenerator.ml
camlp4/Camlp4Filters/Camlp4MetaGenerator.ml
camlp4/Camlp4Filters/Camlp4Profiler.ml
camlp4/Camlp4Filters/Camlp4TrashRemover.ml
camlp4/Camlp4Parsers/Camlp4AstLoader.ml
camlp4/Camlp4Parsers/Camlp4DebugParser.ml
camlp4/Camlp4Parsers/Camlp4GrammarParser.ml
camlp4/Camlp4Parsers/Camlp4ListComprehension.ml
camlp4/Camlp4Parsers/Camlp4MacroParser.ml
camlp4/Camlp4Parsers/Camlp4OCamlOriginalQuotationExpander.ml
camlp4/Camlp4Parsers/Camlp4OCamlParser.ml
camlp4/Camlp4Parsers/Camlp4OCamlParserParser.ml
camlp4/Camlp4Parsers/Camlp4OCamlReloadedParser.ml
camlp4/Camlp4Parsers/Camlp4OCamlRevisedParser.ml
camlp4/Camlp4Parsers/Camlp4OCamlRevisedParserParser.ml
camlp4/Camlp4Parsers/Camlp4OCamlRevisedQuotationExpander.ml
camlp4/Camlp4Parsers/Camlp4QuotationCommon.ml
camlp4/Camlp4Parsers/Camlp4QuotationExpander.ml
camlp4/Camlp4Printers/Camlp4AstDumper.ml
camlp4/Camlp4Printers/Camlp4AutoPrinter.ml
camlp4/Camlp4Printers/Camlp4NullDumper.ml
camlp4/Camlp4Printers/Camlp4OCamlAstDumper.ml
camlp4/Camlp4Printers/Camlp4OCamlPrinter.ml
camlp4/Camlp4Printers/Camlp4OCamlRevisedPrinter.ml
camlp4/Camlp4Top.mlpack
camlp4/Camlp4Top/Rprint.ml
camlp4/Camlp4Top/Top.ml
camlp4/ICHANGES
camlp4/META.in
camlp4/boot/.ignore
camlp4/boot/Camlp4.ml
camlp4/boot/Camlp4.ml4
camlp4/boot/Camlp4Ast.ml
camlp4/boot/camlp4boot.ml
camlp4/boot/camlp4boot.ml4
camlp4/build/.ignore
camlp4/camlp4.odocl
camlp4/camlp4fulllib.mllib
camlp4/camlp4lib.mllib
camlp4/camlp4prof.ml
camlp4/camlp4prof.mli
camlp4/config/Camlp4_config.ml
camlp4/config/Camlp4_config.mli
camlp4/config/gen_import.ml
camlp4/examples/_tags
camlp4/examples/all.itarget
camlp4/examples/apply_operator.ml
camlp4/examples/apply_operator_test.ml
camlp4/examples/arith.ml
camlp4/examples/debug_extension.ml
camlp4/examples/ex_str.ml
camlp4/examples/ex_str_test.ml
camlp4/examples/expression_closure.ml
camlp4/examples/expression_closure_filter.ml
camlp4/examples/expression_closure_test.ml
camlp4/examples/fancy_lambda_quot.ml
camlp4/examples/fancy_lambda_quot_test.ml
camlp4/examples/free_vars_test.ml
camlp4/examples/gen_match_case.ml
camlp4/examples/gen_type_N.ml
camlp4/examples/gettext_test.ml
camlp4/examples/global_handler.ml
camlp4/examples/global_handler_test.ml
camlp4/examples/lambda_parser.ml
camlp4/examples/lambda_quot.ml
camlp4/examples/lambda_quot_expr.ml
camlp4/examples/lambda_quot_patt.ml
camlp4/examples/lambda_test.ml
camlp4/examples/macros.ml
camlp4/examples/parse_files.ml
camlp4/examples/syb_fold.ml
camlp4/examples/syb_map.ml
camlp4/examples/test.itarget
camlp4/examples/test_macros.ml
camlp4/examples/test_type_quotation.ml
camlp4/examples/type_quotation.ml
camlp4/import/.keepme
camlp4/mkcamlp4.ml
camlp4/test/fixtures/assert.ml
camlp4/test/fixtures/backquoted_irrefutable_tuple.ml
camlp4/test/fixtures/backquoted_record.ml
camlp4/test/fixtures/backquoted_tuple.ml
camlp4/test/fixtures/big-tab1.ml
camlp4/test/fixtures/big-tab2.ml
camlp4/test/fixtures/big-tab3.ml
camlp4/test/fixtures/bug-4058.ml
camlp4/test/fixtures/bug-4337.ml
camlp4/test/fixtures/bug-by-vincent-balat.ml
camlp4/test/fixtures/bug-camlp4o-benjamin-monate.ml
camlp4/test/fixtures/bug-camlp4o-constr-arity-expr.ml
camlp4/test/fixtures/bug-camlp4o-constr-arity.ml
camlp4/test/fixtures/bug_escaping_quot.ml
camlp4/test/fixtures/chars.ml
camlp4/test/fixtures/class_expr_quot.ml
camlp4/test/fixtures/comments.ml
camlp4/test/fixtures/comments.mli
camlp4/test/fixtures/comments2.ml
camlp4/test/fixtures/constant-parser.ml
camlp4/test/fixtures/curry-constr.ml
camlp4/test/fixtures/default_quotation.ml
camlp4/test/fixtures/exception-with-eqn-bug.ml
camlp4/test/fixtures/external.ml
camlp4/test/fixtures/fun.ml
camlp4/test/fixtures/functor-perf.ml
camlp4/test/fixtures/functor-perf2.gen.ml
camlp4/test/fixtures/functor-perf2.ml
camlp4/test/fixtures/functor-perf3.ml
camlp4/test/fixtures/gen_map.ml
camlp4/test/fixtures/gram-fold.ml
camlp4/test/fixtures/gram-list.ml
camlp4/test/fixtures/gram-loc-lost.ml
camlp4/test/fixtures/gram-sub-rule.ml
camlp4/test/fixtures/gram-tree.ml
camlp4/test/fixtures/gram-tree2.ml
camlp4/test/fixtures/gram-tree3.ml
camlp4/test/fixtures/gram.ml
camlp4/test/fixtures/idents
camlp4/test/fixtures/idents1
camlp4/test/fixtures/idents2
camlp4/test/fixtures/if.ml
camlp4/test/fixtures/label.ml
camlp4/test/fixtures/lambda_free.ml
camlp4/test/fixtures/loc-bug.ml
camlp4/test/fixtures/macrotest.ml
camlp4/test/fixtures/macrotest.mli
camlp4/test/fixtures/macrotest2.ml
camlp4/test/fixtures/macrotest3.ml
camlp4/test/fixtures/make_extend.ml
camlp4/test/fixtures/match.ml
camlp4/test/fixtures/match_parser.ml
camlp4/test/fixtures/meta_multi_term.ml
camlp4/test/fixtures/metalib.ml
camlp4/test/fixtures/method_private_virtual.ml
camlp4/test/fixtures/mod.ml
camlp4/test/fixtures/mod2.ml
camlp4/test/fixtures/operators.ml
camlp4/test/fixtures/operators.mli
camlp4/test/fixtures/original_syntax.ml
camlp4/test/fixtures/outside-scope.ml
camlp4/test/fixtures/parser.ml
camlp4/test/fixtures/pp_let_in.ml
camlp4/test/fixtures/pp_let_in2.ml
camlp4/test/fixtures/pp_xml.ml
camlp4/test/fixtures/pprecordtyp.ml
camlp4/test/fixtures/pr4314.ml
camlp4/test/fixtures/pr4314gram1.ml
camlp4/test/fixtures/pr4314gram2.ml
camlp4/test/fixtures/pr4314gram3.ml
camlp4/test/fixtures/pr4314gram4.ml
camlp4/test/fixtures/pr4314gram5.ml
camlp4/test/fixtures/pr4329.ml
camlp4/test/fixtures/pr4330.ml
camlp4/test/fixtures/pr4357.ml
camlp4/test/fixtures/pr4357sample.ml
camlp4/test/fixtures/pr4357sample2.ml
camlp4/test/fixtures/pr4452.ml
camlp4/test/fixtures/private_row.ml
camlp4/test/fixtures/rec.ml
camlp4/test/fixtures/seq.ml
camlp4/test/fixtures/seq2.ml
camlp4/test/fixtures/simplify.ml
camlp4/test/fixtures/simplify_r.ml
camlp4/test/fixtures/stream-parser-bug.ml
camlp4/test/fixtures/string.ml
camlp4/test/fixtures/superfluous.ml
camlp4/test/fixtures/transform-examples.ml
camlp4/test/fixtures/try.ml
camlp4/test/fixtures/tuple_as_retval.ml
camlp4/test/fixtures/type.ml
camlp4/test/fixtures/type_decl.ml
camlp4/test/fixtures/unit.ml
camlp4/test/fixtures/use.ml
camlp4/test/fixtures/where.o.ml
camlp4/test/fixtures/where.r.ml
camlp4/unmaintained/Makefile
camlp4/unmaintained/compile/.depend
camlp4/unmaintained/compile/.ignore
camlp4/unmaintained/compile/Makefile
camlp4/unmaintained/compile/comp_head.ml
camlp4/unmaintained/compile/comp_trail.ml
camlp4/unmaintained/compile/compile.ml
camlp4/unmaintained/compile/compile.sh
camlp4/unmaintained/etc/.depend
camlp4/unmaintained/etc/.ignore
camlp4/unmaintained/etc/Makefile
camlp4/unmaintained/etc/pa_fstream.ml
camlp4/unmaintained/etc/pa_ifdef.ml
camlp4/unmaintained/etc/pa_oop.ml
camlp4/unmaintained/etc/pa_ru.ml
camlp4/unmaintained/etc/parserify.ml
camlp4/unmaintained/etc/parserify.mli
camlp4/unmaintained/etc/pr_depend.ml
camlp4/unmaintained/etc/pr_extend.ml
camlp4/unmaintained/etc/pr_extfun.ml
camlp4/unmaintained/etc/pr_null.ml
camlp4/unmaintained/etc/pr_op.ml
camlp4/unmaintained/etc/pr_op_main.ml
camlp4/unmaintained/etc/pr_rp.ml
camlp4/unmaintained/etc/pr_rp_main.ml
camlp4/unmaintained/etc/q_phony.ml
camlp4/unmaintained/extfold/README
camlp4/unmaintained/extfold/pa_extfold.ml
camlp4/unmaintained/format/.depend
camlp4/unmaintained/format/Makefile
camlp4/unmaintained/format/README
camlp4/unmaintained/format/pa_format.ml
camlp4/unmaintained/lefteval/.depend
camlp4/unmaintained/lefteval/Makefile
camlp4/unmaintained/lefteval/README
camlp4/unmaintained/lefteval/pa_lefteval.ml
camlp4/unmaintained/lib/.cvsignore
camlp4/unmaintained/lib/.depend
camlp4/unmaintained/lib/Makefile
camlp4/unmaintained/lib/extfun.ml
camlp4/unmaintained/lib/extfun.mli
camlp4/unmaintained/lib/fstream.ml
camlp4/unmaintained/lib/fstream.mli
camlp4/unmaintained/ocamllex/Makefile
camlp4/unmaintained/ocamllex/README
camlp4/unmaintained/ocamllex/pa_ocamllex.ml
camlp4/unmaintained/ocpp/.depend
camlp4/unmaintained/ocpp/.ignore
camlp4/unmaintained/ocpp/Makefile
camlp4/unmaintained/ocpp/ocpp.ml
camlp4/unmaintained/odyl/.depend
camlp4/unmaintained/odyl/.ignore
camlp4/unmaintained/odyl/Makefile
camlp4/unmaintained/odyl/odyl.ml
camlp4/unmaintained/odyl/odyl_main.mli
camlp4/unmaintained/olabl/.depend
camlp4/unmaintained/olabl/Makefile
camlp4/unmaintained/olabl/README
camlp4/unmaintained/olabl/pa_olabl.ml
camlp4/unmaintained/scheme/.depend
camlp4/unmaintained/scheme/Makefile
camlp4/unmaintained/scheme/README
camlp4/unmaintained/scheme/pa_scheme.ml
camlp4/unmaintained/scheme/pa_scheme.sc
camlp4/unmaintained/scheme/pr_scheme.ml
camlp4/unmaintained/scheme/pr_schp_main.ml
camlp4/unmaintained/sml/.depend
camlp4/unmaintained/sml/Makefile
camlp4/unmaintained/sml/README
camlp4/unmaintained/sml/pa_sml.ml
camlp4/unmaintained/sml/smllib.sml
configure
myocamlbuild.ml
HEAD is now at 87c6a6b allow to specify LIBDIR, BINDIR and PKGDIR at configuration time

=-=-=-=-=-=-=-=-=-=-=-=-=-=-= Installing packages -=-=-=-=-=-=-=-=-=-=-=-=-=-=-=
Building camlp4.4.02.0:
  ./configure --bindir=/home/opam/.opam/4.02.0+trunk/bin --libdir=/home/opam/.opam/4.02.0+trunk/lib/ocaml --pkgdir=/home/opam/.opam/4.02.0+trunk/lib
  make all
  make install install-META
ocamlbuild -classic-display -no-ocamlfind `./build/camlp4-byte-only.sh`
+ echo camlp4/Camlp4.cmo camlp4/Camlp4Top.cmo camlp4/camlp4prof.byte camlp4/mkcamlp4.byte camlp4/camlp4.byte camlp4/camlp4fulllib.cma camlp4/camlp4boot.byte camlp4/camlp4boot.cma camlp4/camlp4r.byte camlp4/camlp4r.cma camlp4/camlp4rf.byte camlp4/camlp4rf.cma camlp4/camlp4o.byte camlp4/camlp4o.cma camlp4/camlp4of.byte camlp4/camlp4of.cma camlp4/camlp4oof.byte camlp4/camlp4oof.cma camlp4/camlp4orf.byte camlp4/camlp4orf.cma camlp4/Camlp4Parsers/Camlp4AstLoader.cmo camlp4/Camlp4Parsers/Camlp4DebugParser.cmo camlp4/Camlp4Parsers/Camlp4GrammarParser.cmo camlp4/Camlp4Parsers/Camlp4ListComprehension.cmo camlp4/Camlp4Parsers/Camlp4MacroParser.cmo camlp4/Camlp4Parsers/Camlp4OCamlOriginalQuotationExpander.cmo camlp4/Camlp4Parsers/Camlp4OCamlParser.cmo camlp4/Camlp4Parsers/Camlp4OCamlParserParser.cmo camlp4/Camlp4Parsers/Camlp4OCamlReloadedParser.cmo camlp4/Camlp4Parsers/Camlp4OCamlRevisedParser.cmo camlp4/Camlp4Parsers/Camlp4OCamlRevisedParserParser.cmo camlp4/Camlp4Parsers/Camlp4OCamlRevisedQuotationExpander.cmo camlp4/Camlp4Parsers/Camlp4QuotationCommon.cmo camlp4/Camlp4Parsers/Camlp4QuotationExpander.cmo camlp4/Camlp4Printers/Camlp4AstDumper.cmo camlp4/Camlp4Printers/Camlp4AutoPrinter.cmo camlp4/Camlp4Printers/Camlp4NullDumper.cmo camlp4/Camlp4Printers/Camlp4OCamlAstDumper.cmo camlp4/Camlp4Printers/Camlp4OCamlPrinter.cmo camlp4/Camlp4Printers/Camlp4OCamlRevisedPrinter.cmo camlp4/Camlp4Filters/Camlp4AstLifter.cmo camlp4/Camlp4Filters/Camlp4ExceptionTracer.cmo camlp4/Camlp4Filters/Camlp4FoldGenerator.cmo camlp4/Camlp4Filters/Camlp4LocationStripper.cmo camlp4/Camlp4Filters/Camlp4MapGenerator.cmo camlp4/Camlp4Filters/Camlp4MetaGenerator.cmo camlp4/Camlp4Filters/Camlp4Profiler.cmo camlp4/Camlp4Filters/Camlp4TrashRemover.cmo
Failure: TODO.
make: *** [byte] Error 2
Removing camlp4.4.02.0.
[ERROR] The compilation of camlp4.4.02.0 failed.
  ocamlfind remove camlp4
  rm -rf /home/opam/.opam/4.02.0+trunk/lib/ocaml/camlp4
  rm -f /home/opam/.opam/4.02.0+trunk/bin/camlp4 /home/opam/.opam/4.02.0+trunk/bin/camlp4boot /home/opam/.opam/4.02.0+trunk/bin/mkcamlp4 /home/opam/.opam/4.02.0+trunk/bin/camlp4r /home/opam/.opam/4.02.0+trunk/bin/camlp4rf /home/opam/.opam/4.02.0+trunk/bin/camlp4orf /home/opam/.opam/4.02.0+trunk/bin/camlp4o /home/opam/.opam/4.02.0+trunk/bin/camlp4of /home/opam/.opam/4.02.0+trunk/bin/camlp4oof /home/opam/.opam/4.02.0+trunk/bin/camlp4prof
ocamlfind: [WARNING] No such directory: /home/opam/.opam/4.02.0+trunk/lib/camlp4
Building ounit.2.0.0:
  make build
  make install
ocaml setup.ml -configure 
File "/home/gildor/programmation/oasis/src/oasis/OASISString.ml", line 118, characters 8-26:
Warning 3: deprecated: String.set
File "/home/gildor/programmation/oasis/src/oasis/OASISFindlib.ml", line 256, characters 6-24:
Warning 3: deprecated: Lazy.lazy_from_fun

Configuration: 
ocamlfind: ........................................... /home/opam/.opam/4.02.0+trunk/bin/ocamlfind
ocamlc: .............................................. /home/opam/.opam/4.02.0+trunk/bin/ocamlc.opt
ocamlopt: ............................................ /home/opam/.opam/4.02.0+trunk/bin/ocamlopt.opt
ocamlbuild: .......................................... /home/opam/.opam/4.02.0+trunk/bin/ocamlbuild
Package name: ........................................ ounit
Package version: ..................................... 2.0.0
os_type: ............................................. Unix
system: .............................................. linux
architecture: ........................................ amd64
ccomp_type: .......................................... cc
ocaml_version: ....................................... 4.02.0
standard_library_default: ............................ /home/opam/.opam/4.02.0+trunk/lib/ocaml
standard_library: .................................... /home/opam/.opam/4.02.0+trunk/lib/ocaml
standard_runtime: .................................... /home/opam/.opam/4.02.0+trunk/bin/ocamlrun
bytecomp_c_compiler: ................................. gcc -fno-defer-pop -Wall -D_FILE_OFFSET_BITS=64 -D_REENTRANT -fPIC
native_c_compiler: ................................... gcc -Wall -D_FILE_OFFSET_BITS=64 -D_REENTRANT
model: ............................................... default
ext_obj: ............................................. .o
ext_asm: ............................................. .s
ext_lib: ............................................. .a
ext_dll: ............................................. .so
default_executable_name: ............................. a.out
systhread_supported: ................................. true
Install architecture-independent files dir: .......... /usr/local
Install architecture-dependent files in dir: ......... $prefix
User executables: .................................... $exec_prefix/bin
System admin executables: ............................ $exec_prefix/sbin
Program executables: ................................. $exec_prefix/libexec
Read-only single-machine data: ....................... $prefix/etc
Modifiable architecture-independent data: ............ $prefix/com
Modifiable single-machine data: ...................... $prefix/var
Object code libraries: ............................... $exec_prefix/lib
Read-only arch-independent data root: ................ $prefix/share
Read-only architecture-independent data: ............. $datarootdir
Info documentation: .................................. $datarootdir/info
Locale-dependent data: ............................... $datarootdir/locale
Man documentation: ................................... $datarootdir/man
Documentation root: .................................. $datarootdir/doc/$pkg_name
HTML documentation: .................................. $docdir
DVI documentation: ................................... $docdir
PDF documentation: ................................... $docdir
PS documentation: .................................... $docdir
findlib_version: ..................................... 1.5.2
is_native: ........................................... true
suffix_program: ...................................... 
Remove a file.: ...................................... rm -f
Remove a directory.: ................................. rm -rf
Turn ocaml debug flag on: ............................ true
Turn ocaml profile flag on: .......................... false
Compiler support generation of .cmxs.: ............... true
OCamlbuild additional flags: ......................... 
Create documentations: ............................... true
Compile tests executable and library and run them: ... false
pkg_unix: ............................................ /home/opam/.opam/4.02.0+trunk/lib/ocaml
pkg_threads: ......................................... /home/opam/.opam/4.02.0+trunk/lib/ocaml
ocamldoc: ............................................ /home/opam/.opam/4.02.0+trunk/bin/ocamldoc

ocaml setup.ml -build 
File "/home/gildor/programmation/oasis/src/oasis/OASISString.ml", line 118, characters 8-26:
Warning 3: deprecated: String.set
File "/home/gildor/programmation/oasis/src/oasis/OASISFindlib.ml", line 256, characters 6-24:
Warning 3: deprecated: Lazy.lazy_from_fun
W: Cannot find source file matching module 'OUnitLoggerHTMLData' in library oUnitAdvanced
W: Cannot find source file matching module 'OUnitLoggerHTMLData' in library oUnitAdvanced
Failure: TODO.
E: Failure("Command ''/home/opam/.opam/4.02.0+trunk/bin/ocamlbuild' src/oUnitAdvanced.cma src/oUnitAdvanced.cmxa src/oUnitAdvanced.a src/oUnitAdvanced.cmxs src/oUnit.cma src/oUnit.cmxa src/oUnit.a src/oUnit.cmxs src/oUnitThreads.cma src/oUnitThreads.cmxa src/oUnitThreads.a src/oUnitThreads.cmxs -tag debug' terminated with error code 2")
make: *** [build] Error 1
[ERROR] The compilation of ounit.2.0.0 failed.
Removing ounit.2.0.0.
  ocamlfind remove oUnit
ocamlfind: [WARNING] No such directory: /home/opam/.opam/4.02.0+trunk/lib/oUnit
Building res.4.0.5:
  ./configure --prefix /home/opam/.opam/4.02.0+trunk
  make
  make install
File "setup.ml", line 247, characters 8-26:
Warning 3: deprecated: String.set
File "setup.ml", line 2502, characters 6-24:
Warning 3: deprecated: Lazy.lazy_from_fun

Configuration: 
ocamlfind: ........................................... /home/opam/.opam/4.02.0+trunk/bin/ocamlfind
ocamlc: .............................................. /home/opam/.opam/4.02.0+trunk/bin/ocamlc.opt
ocamlopt: ............................................ /home/opam/.opam/4.02.0+trunk/bin/ocamlopt.opt
ocamlbuild: .......................................... /home/opam/.opam/4.02.0+trunk/bin/ocamlbuild
Package name: ........................................ res
Package version: ..................................... 4.0.5
os_type: ............................................. Unix
system: .............................................. linux
architecture: ........................................ amd64
ccomp_type: .......................................... cc
ocaml_version: ....................................... 4.02.0
standard_library_default: ............................ /home/opam/.opam/4.02.0+trunk/lib/ocaml
standard_library: .................................... /home/opam/.opam/4.02.0+trunk/lib/ocaml
standard_runtime: .................................... /home/opam/.opam/4.02.0+trunk/bin/ocamlrun
bytecomp_c_compiler: ................................. gcc -fno-defer-pop -Wall -D_FILE_OFFSET_BITS=64 -D_REENTRANT -fPIC
native_c_compiler: ................................... gcc -Wall -D_FILE_OFFSET_BITS=64 -D_REENTRANT
model: ............................................... default
ext_obj: ............................................. .o
ext_asm: ............................................. .s
ext_lib: ............................................. .a
ext_dll: ............................................. .so
default_executable_name: ............................. a.out
systhread_supported: ................................. true
Install architecture-independent files dir: .......... /home/opam/.opam/4.02.0+trunk
Install architecture-dependent files in dir: ......... $prefix
User executables: .................................... $exec_prefix/bin
System admin executables: ............................ $exec_prefix/sbin
Program executables: ................................. $exec_prefix/libexec
Read-only single-machine data: ....................... $prefix/etc
Modifiable architecture-independent data: ............ $prefix/com
Modifiable single-machine data: ...................... $prefix/var
Object code libraries: ............................... $exec_prefix/lib
Read-only arch-independent data root: ................ $prefix/share
Read-only architecture-independent data: ............. $datarootdir
Info documentation: .................................. $datarootdir/info
Locale-dependent data: ............................... $datarootdir/locale
Man documentation: ................................... $datarootdir/man
Documentation root: .................................. $datarootdir/doc/$pkg_name
HTML documentation: .................................. $docdir
DVI documentation: ................................... $docdir
PDF documentation: ................................... $docdir
PS documentation: .................................... $docdir
findlib_version: ..................................... 1.5.2
is_native: ........................................... true
suffix_program: ...................................... 
Remove a file.: ...................................... rm -f
Remove a directory.: ................................. rm -rf
Turn ocaml debug flag on: ............................ true
Turn ocaml profile flag on: .......................... false
Compiler support generation of .cmxs.: ............... true
OCamlbuild additional flags: ......................... 
Build examples: ...................................... true
Create documentations: ............................... true
Compile tests executable and library and run them: ... false
ocamldoc: ............................................ /home/opam/.opam/4.02.0+trunk/bin/ocamldoc

ocaml setup.ml -build 
File "setup.ml", line 247, characters 8-26:
Warning 3: deprecated: String.set
File "setup.ml", line 2502, characters 6-24:
Warning 3: deprecated: Lazy.lazy_from_fun
Failure: TODO.
E: Failure("Command ''/home/opam/.opam/4.02.0+trunk/bin/ocamlbuild' lib/res.cma lib/res.cmxa lib/res.a lib/res.cmxs examples/buffer_ex.native examples/defstrat.native examples/stupid_ga.native examples/weak_ex.native -tag debug' terminated with error code 2")
make: *** [build] Error 1
[ERROR] The compilation of res.4.0.5 failed.
Removing res.4.0.5.
  ocamlfind remove res
ocamlfind: [WARNING] No such directory: /home/opam/.opam/4.02.0+trunk/lib/res


=-=-=-=-=-=-=-=-=-=-=-=-=-=-=-=-= Error report =-=-=-=-=-=-=-=-=-=-=-=-=-=-=-=-=
The following failed
 - install   camlp4.4.02.0
 - install   ounit.2.0.0
 - install   res.4.0.5
Due to the errors, the following have been cancelled
 - install   fieldslib.109.20.03
 - install   pipebang.109.28.02
 - install   herelib.109.35.02
 - install   typerep.109.55.02
 - install   bin_prot.109.53.00
 - install   pa_ounit.109.53.02
 - install   sexplib.109.55.02
 - install   async_core.109.55.02
 - install   variantslib.109.15.03
 - install   comparelib.109.27.02
 - install   pa_test.109.53.02
 - install   core.109.55.02
 - install   core_kernel.109.55.02
 - install   pa_bench.109.55.02
 - install   type_conv.109.53.00
 - install   custom_printf.109.27.02

#==================== ERROR while installing camlp4.4.02.0 ====================#
# opam-version         1.2.0~beta4
# os                   linux
# command              make all
# path                 /home/opam/.opam/4.02.0+trunk/build/camlp4.4.02.0
# compiler             4.02.0+trunk
# exit-code            2
# env-file             /home/opam/.opam/4.02.0+trunk/build/camlp4.4.02.0/camlp4-789-2dea01.env
# stdout-file          /home/opam/.opam/4.02.0+trunk/build/camlp4.4.02.0/camlp4-789-2dea01.out
# stderr-file          /home/opam/.opam/4.02.0+trunk/build/camlp4.4.02.0/camlp4-789-2dea01.err
### stdout ###
# ocamlbuild -classic-display -no-ocamlfind `./build/camlp4-byte-only.sh`
# Failure: TODO.
### stderr ###
# + echo camlp4/Camlp4.cmo camlp4/Camlp4Top.cmo camlp4/camlp4prof.byte camlp4/mkcamlp4.byte camlp4/camlp4.byte camlp4/camlp4fulllib.cma camlp4/camlp4boot.byte camlp4/camlp4boot.cma camlp4/camlp4r.byte camlp4/camlp4r.cma camlp4/camlp4rf.byte camlp4/camlp4rf.cma camlp4/camlp4o.byte camlp4/camlp4o.cma camlp4/camlp4of.byte camlp4/camlp4of.cma camlp4/camlp4oof.byte camlp4/camlp4oof.cma camlp4/camlp4orf.b...[truncated]
# make: *** [byte] Error 2


#===================== ERROR while installing ounit.2.0.0 =====================#
# opam-version         1.2.0~beta4
# os                   linux
# command              make build
# path                 /home/opam/.opam/4.02.0+trunk/build/ounit.2.0.0
# compiler             4.02.0+trunk
# exit-code            2
# env-file             /home/opam/.opam/4.02.0+trunk/build/ounit.2.0.0/ounit-866-ad6566.env
# stdout-file          /home/opam/.opam/4.02.0+trunk/build/ounit.2.0.0/ounit-866-ad6566.out
# stderr-file          /home/opam/.opam/4.02.0+trunk/build/ounit.2.0.0/ounit-866-ad6566.err
### stdout ###
# ...[truncated]
# Compiler support generation of .cmxs.: ............... true
# OCamlbuild additional flags: ......................... 
# Create documentations: ............................... true
# Compile tests executable and library and run them: ... false
# pkg_unix: ............................................ /home/opam/.opam/4.02.0+trunk/lib/ocaml
# pkg_threads: ......................................... /home/opam/.opam/4.02.0+trunk/lib/ocaml
# ocamldoc: ............................................ /home/opam/.opam/4.02.0+trunk/bin/ocamldoc
# 
# ocaml setup.ml -build 
# Failure: TODO.
### stderr ###
# ...[truncated]
# File "/home/gildor/programmation/oasis/src/oasis/OASISFindlib.ml", line 256, characters 6-24:
# Warning 3: deprecated: Lazy.lazy_from_fun
# File "/home/gildor/programmation/oasis/src/oasis/OASISString.ml", line 118, characters 8-26:
# Warning 3: deprecated: String.set
# File "/home/gildor/programmation/oasis/src/oasis/OASISFindlib.ml", line 256, characters 6-24:
# Warning 3: deprecated: Lazy.lazy_from_fun
# W: Cannot find source file matching module 'OUnitLoggerHTMLData' in library oUnitAdvanced
# W: Cannot find source file matching module 'OUnitLoggerHTMLData' in library oUnitAdvanced
# E: Failure("Command ''/home/opam/.opam/4.02.0+trunk/bin/ocamlbuild' src/oUnitAdvanced.cma src/oUnitAdvanced.cmxa src/oUnitAdvanced.a src/oUnitAdvanced.cmxs src/oUnit.cma src/oUnit.cmxa src/oUnit.a src/oUnit.cmxs src/oUnitThreads.cma src/oUnitThreads.cmxa src/oUnitThreads.a src/oUnitThreads.cmxs -tag debug' terminated with error code 2")
# make: *** [build] Error 1


#====================== ERROR while installing res.4.0.5 ======================#
# opam-version         1.2.0~beta4
# os                   linux
# command              make
# path                 /home/opam/.opam/4.02.0+trunk/build/res.4.0.5
# compiler             4.02.0+trunk
# exit-code            2
# env-file             /home/opam/.opam/4.02.0+trunk/build/res.4.0.5/res-922-548b09.env
# stdout-file          /home/opam/.opam/4.02.0+trunk/build/res.4.0.5/res-922-548b09.out
# stderr-file          /home/opam/.opam/4.02.0+trunk/build/res.4.0.5/res-922-548b09.err
### stdout ###
# ...[truncated]
# Turn ocaml profile flag on: .......................... false
# Compiler support generation of .cmxs.: ............... true
# OCamlbuild additional flags: ......................... 
# Build examples: ...................................... true
# Create documentations: ............................... true
# Compile tests executable and library and run them: ... false
# ocamldoc: ............................................ /home/opam/.opam/4.02.0+trunk/bin/ocamldoc
# 
# ocaml setup.ml -build 
# Failure: TODO.
### stderr ###
# ...[truncated]
# File "setup.ml", line 247, characters 8-26:
# Warning 3: deprecated: String.set
# File "setup.ml", line 2502, characters 6-24:
# Warning 3: deprecated: Lazy.lazy_from_fun
# File "setup.ml", line 247, characters 8-26:
# Warning 3: deprecated: String.set
# File "setup.ml", line 2502, characters 6-24:
# Warning 3: deprecated: Lazy.lazy_from_fun
# E: Failure("Command ''/home/opam/.opam/4.02.0+trunk/bin/ocamlbuild' lib/res.cma lib/res.cmxa lib/res.a lib/res.cmxs examples/buffer_ex.native examples/defstrat.native examples/stupid_ga.native examples/weak_ex.native -tag debug' terminated with error code 2")
# make: *** [build] Error 1

'opam install async_core' failed.
