++ opam install async_ssl -e ubuntu
+ depext='clasp version 2.1.4
Reading from out7J9FCb/gringo_out
Solving...
Answer: 2
in("async%5fssl",3) in("base-bigarray",1) in("base-unix",1) in("ocamlfind",6) in(
OPTIMUM FOUND

Models      : 1     
  Enumerated: 2
  Optimum   : yes
Optimization: 0 0 25
Time        : 0.102s (Solving: 0.00s 1st Model: 0.00s Unsat: 0.00s)
CPU Time    : 0.100s
Choices     : 48
Conflicts   : 4
Restarts    : 0     

Atoms       : 98988 
Rules       : 114901 (1: 114405 2: 26 3: 467 6: 3)
Bodies      : 2719  
Equivalences: 198280 (Atom=Atom: 97515 Body=Body: 574 Other: 100191)
Tight       : Yes

Variables   : 2320   (Eliminated:  782 Frozen:  543)
Constraints : 5394   (Binary: 93.8% Ternary:  0.5% Other:  5.7%)
Lemmas      : 3      (Binary:  0.0% Ternary:  0.0% Other:100.0%)
  Conflict  : 3      (Average Length: 7.7) 
  Loop      : 0      (Average Length: 0.0) 
  Other     : 0      (Average Length: 0.0)
  Deleted   : 0     

Backtracks          : 1     
Backjumps           : 3      (Bounded: 1)
Skippable Levels    : 7      (Skipped: 6 Rate:  85.7%)
Max Jump Length     : 4      (Executed: 4)
Max Bound Length    : 1     
Average Jump Length : 2.3    (Executed: 2.0)
Average Bound Length: 1.0   
Average Model Length: 22.0  
/usr/share/aspcud/encodings/misc2012.lp:150:57-76: warning: atom is undefined:
  recommends(P,V,D,W)

/usr/share/aspcud/encodings/misc2012.lp:148:57-75: warning: atom is undefined:
  attribute(P,V,A,X)

/usr/share/aspcud/encodings/misc2012.lp:138:57-76: warning: atom is undefined:
  recommends(P,V,D,W)

/usr/share/aspcud/encodings/misc2012.lp:164:42-61: warning: atom is undefined:
  recommends(P,V,D,W)

/usr/share/aspcud/encodings/misc2012.lp:161:63-81: warning: atom is undefined:
  attribute(P,V,A,X)

/usr/share/aspcud/encodings/misc2012.lp:109:50-68: warning: atom is undefined:
  attribute(P,V,A,X)

/usr/share/aspcud/encodings/misc2012.lp:109:70-88: warning: atom is undefined:
  attribute(P,V,B,Y)

/usr/share/aspcud/encodings/misc2012.lp:30:22-41: warning: atom is undefined:
  recommends(P,V,D,W)

libffi-dev libssl-dev'
+ echo Ubuntu depexts: clasp version 2.1.4 Reading from out7J9FCb/gringo_out Solving... Answer: 2 'in("async%5fssl",3)' 'in("base-bigarray",1)' 'in("base-unix",1)' 'in("ocamlfind",6)' 'in(' OPTIMUM FOUND Models : 1 Enumerated: 2 Optimum : yes Optimization: 0 0 25 Time : 0.102s '(Solving:' 0.00s 1st Model: 0.00s Unsat: '0.00s)' CPU Time : 0.100s Choices : 48 Conflicts : 4 Restarts : 0 Atoms : 98988 Rules : 114901 '(1:' 114405 2: 26 3: 467 6: '3)' Bodies : 2719 Equivalences: 198280 '(Atom=Atom:' 97515 Body=Body: 574 Other: '100191)' Tight : Yes Variables : 2320 '(Eliminated:' 782 Frozen: '543)' Constraints : 5394 '(Binary:' 93.8% Ternary: 0.5% Other: '5.7%)' Lemmas : 3 '(Binary:' 0.0% Ternary: 0.0% 'Other:100.0%)' Conflict : 3 '(Average' Length: '7.7)' Loop : 0 '(Average' Length: '0.0)' Other : 0 '(Average' Length: '0.0)' Deleted : 0 Backtracks : 1 Backjumps : 3 '(Bounded:' '1)' Skippable Levels : 7 '(Skipped:' 6 Rate: '85.7%)' Max Jump Length : 4 '(Executed:' '4)' Max Bound Length : 1 Average Jump Length : 2.3 '(Executed:' '2.0)' Average Bound Length: 1.0 Average Model Length: 22.0 /usr/share/aspcud/encodings/misc2012.lp:150:57-76: warning: atom is undefined: 'recommends(P,V,D,W)' /usr/share/aspcud/encodings/misc2012.lp:148:57-75: warning: atom is undefined: 'attribute(P,V,A,X)' /usr/share/aspcud/encodings/misc2012.lp:138:57-76: warning: atom is undefined: 'recommends(P,V,D,W)' /usr/share/aspcud/encodings/misc2012.lp:164:42-61: warning: atom is undefined: 'recommends(P,V,D,W)' /usr/share/aspcud/encodings/misc2012.lp:161:63-81: warning: atom is undefined: 'attribute(P,V,A,X)' /usr/share/aspcud/encodings/misc2012.lp:109:50-68: warning: atom is undefined: 'attribute(P,V,A,X)' /usr/share/aspcud/encodings/misc2012.lp:109:70-88: warning: atom is undefined: 'attribute(P,V,B,Y)' /usr/share/aspcud/encodings/misc2012.lp:30:22-41: warning: atom is undefined: 'recommends(P,V,D,W)' libffi-dev libssl-dev
Ubuntu depexts: clasp version 2.1.4 Reading from out7J9FCb/gringo_out Solving... Answer: 2 in("async%5fssl",3) in("base-bigarray",1) in("base-unix",1) in("ocamlfind",6) in( OPTIMUM FOUND Models : 1 Enumerated: 2 Optimum : yes Optimization: 0 0 25 Time : 0.102s (Solving: 0.00s 1st Model: 0.00s Unsat: 0.00s) CPU Time : 0.100s Choices : 48 Conflicts : 4 Restarts : 0 Atoms : 98988 Rules : 114901 (1: 114405 2: 26 3: 467 6: 3) Bodies : 2719 Equivalences: 198280 (Atom=Atom: 97515 Body=Body: 574 Other: 100191) Tight : Yes Variables : 2320 (Eliminated: 782 Frozen: 543) Constraints : 5394 (Binary: 93.8% Ternary: 0.5% Other: 5.7%) Lemmas : 3 (Binary: 0.0% Ternary: 0.0% Other:100.0%) Conflict : 3 (Average Length: 7.7) Loop : 0 (Average Length: 0.0) Other : 0 (Average Length: 0.0) Deleted : 0 Backtracks : 1 Backjumps : 3 (Bounded: 1) Skippable Levels : 7 (Skipped: 6 Rate: 85.7%) Max Jump Length : 4 (Executed: 4) Max Bound Length : 1 Average Jump Length : 2.3 (Executed: 2.0) Average Bound Length: 1.0 Average Model Length: 22.0 /usr/share/aspcud/encodings/misc2012.lp:150:57-76: warning: atom is undefined: recommends(P,V,D,W) /usr/share/aspcud/encodings/misc2012.lp:148:57-75: warning: atom is undefined: attribute(P,V,A,X) /usr/share/aspcud/encodings/misc2012.lp:138:57-76: warning: atom is undefined: recommends(P,V,D,W) /usr/share/aspcud/encodings/misc2012.lp:164:42-61: warning: atom is undefined: recommends(P,V,D,W) /usr/share/aspcud/encodings/misc2012.lp:161:63-81: warning: atom is undefined: attribute(P,V,A,X) /usr/share/aspcud/encodings/misc2012.lp:109:50-68: warning: atom is undefined: attribute(P,V,A,X) /usr/share/aspcud/encodings/misc2012.lp:109:70-88: warning: atom is undefined: attribute(P,V,B,Y) /usr/share/aspcud/encodings/misc2012.lp:30:22-41: warning: atom is undefined: recommends(P,V,D,W) libffi-dev libssl-dev
+ '[' 'clasp version 2.1.4
Reading from out7J9FCb/gringo_out
Solving...
Answer: 2
in("async%5fssl",3) in("base-bigarray",1) in("base-unix",1) in("ocamlfind",6) in(
OPTIMUM FOUND

Models      : 1     
  Enumerated: 2
  Optimum   : yes
Optimization: 0 0 25
Time        : 0.102s (Solving: 0.00s 1st Model: 0.00s Unsat: 0.00s)
CPU Time    : 0.100s
Choices     : 48
Conflicts   : 4
Restarts    : 0     

Atoms       : 98988 
Rules       : 114901 (1: 114405 2: 26 3: 467 6: 3)
Bodies      : 2719  
Equivalences: 198280 (Atom=Atom: 97515 Body=Body: 574 Other: 100191)
Tight       : Yes

Variables   : 2320   (Eliminated:  782 Frozen:  543)
Constraints : 5394   (Binary: 93.8% Ternary:  0.5% Other:  5.7%)
Lemmas      : 3      (Binary:  0.0% Ternary:  0.0% Other:100.0%)
  Conflict  : 3      (Average Length: 7.7) 
  Loop      : 0      (Average Length: 0.0) 
  Other     : 0      (Average Length: 0.0)
  Deleted   : 0     

Backtracks          : 1     
Backjumps           : 3      (Bounded: 1)
Skippable Levels    : 7      (Skipped: 6 Rate:  85.7%)
Max Jump Length     : 4      (Executed: 4)
Max Bound Length    : 1     
Average Jump Length : 2.3    (Executed: 2.0)
Average Bound Length: 1.0   
Average Model Length: 22.0  
/usr/share/aspcud/encodings/misc2012.lp:150:57-76: warning: atom is undefined:
  recommends(P,V,D,W)

/usr/share/aspcud/encodings/misc2012.lp:148:57-75: warning: atom is undefined:
  attribute(P,V,A,X)

/usr/share/aspcud/encodings/misc2012.lp:138:57-76: warning: atom is undefined:
  recommends(P,V,D,W)

/usr/share/aspcud/encodings/misc2012.lp:164:42-61: warning: atom is undefined:
  recommends(P,V,D,W)

/usr/share/aspcud/encodings/misc2012.lp:161:63-81: warning: atom is undefined:
  attribute(P,V,A,X)

/usr/share/aspcud/encodings/misc2012.lp:109:50-68: warning: atom is undefined:
  attribute(P,V,A,X)

/usr/share/aspcud/encodings/misc2012.lp:109:70-88: warning: atom is undefined:
  attribute(P,V,B,Y)

/usr/share/aspcud/encodings/misc2012.lp:30:22-41: warning: atom is undefined:
  recommends(P,V,D,W)

libffi-dev libssl-dev' '!=' '' ']'
+ sudo apt-get install -qq -y build-essential m4
+ sudo apt-get install -qq -y clasp version 2.1.4 Reading from out7J9FCb/gringo_out Solving... Answer: 2 'in("async%5fssl",3)' 'in("base-bigarray",1)' 'in("base-unix",1)' 'in("ocamlfind",6)' 'in(' OPTIMUM FOUND Models : 1 Enumerated: 2 Optimum : yes Optimization: 0 0 25 Time : 0.102s '(Solving:' 0.00s 1st Model: 0.00s Unsat: '0.00s)' CPU Time : 0.100s Choices : 48 Conflicts : 4 Restarts : 0 Atoms : 98988 Rules : 114901 '(1:' 114405 2: 26 3: 467 6: '3)' Bodies : 2719 Equivalences: 198280 '(Atom=Atom:' 97515 Body=Body: 574 Other: '100191)' Tight : Yes Variables : 2320 '(Eliminated:' 782 Frozen: '543)' Constraints : 5394 '(Binary:' 93.8% Ternary: 0.5% Other: '5.7%)' Lemmas : 3 '(Binary:' 0.0% Ternary: 0.0% 'Other:100.0%)' Conflict : 3 '(Average' Length: '7.7)' Loop : 0 '(Average' Length: '0.0)' Other : 0 '(Average' Length: '0.0)' Deleted : 0 Backtracks : 1 Backjumps : 3 '(Bounded:' '1)' Skippable Levels : 7 '(Skipped:' 6 Rate: '85.7%)' Max Jump Length : 4 '(Executed:' '4)' Max Bound Length : 1 Average Jump Length : 2.3 '(Executed:' '2.0)' Average Bound Length: 1.0 Average Model Length: 22.0 /usr/share/aspcud/encodings/misc2012.lp:150:57-76: warning: atom is undefined: 'recommends(P,V,D,W)' /usr/share/aspcud/encodings/misc2012.lp:148:57-75: warning: atom is undefined: 'attribute(P,V,A,X)' /usr/share/aspcud/encodings/misc2012.lp:138:57-76: warning: atom is undefined: 'recommends(P,V,D,W)' /usr/share/aspcud/encodings/misc2012.lp:164:42-61: warning: atom is undefined: 'recommends(P,V,D,W)' /usr/share/aspcud/encodings/misc2012.lp:161:63-81: warning: atom is undefined: 'attribute(P,V,A,X)' /usr/share/aspcud/encodings/misc2012.lp:109:50-68: warning: atom is undefined: 'attribute(P,V,A,X)' /usr/share/aspcud/encodings/misc2012.lp:109:70-88: warning: atom is undefined: 'attribute(P,V,B,Y)' /usr/share/aspcud/encodings/misc2012.lp:30:22-41: warning: atom is undefined: 'recommends(P,V,D,W)' libffi-dev libssl-dev
E: Unable to locate package version
E: Unable to locate package Reading
E: Unable to locate package from
E: Unable to locate package out7J9FCb
E: Unable to locate package Solving...
E: Couldn't find any package by regex 'Solving...'
E: Unable to locate package Answer
E: Unable to locate package 2
E: Unable to locate package in("async%5fssl",3)
E: Unable to locate package in("base-bigarray",1)
E: Unable to locate package in("base-unix",1)
E: Unable to locate package in("ocamlfind",6)
E: Unable to locate package in(
E: Unable to locate package OPTIMUM
E: Unable to locate package FOUND
E: Unable to locate package Models
E: Unable to locate package 
E: Unable to locate package 1
E: Unable to locate package Enumerated
E: Unable to locate package 2
E: Unable to locate package Optimum
E: Unable to locate package 
E: Unable to locate package yes
E: Unable to locate package Optimization
E: Unable to locate package 0
E: Unable to locate package 0
E: Unable to locate package 25
E: Unable to locate package 
E: Unable to locate package 0.102s
E: Couldn't find any package by regex '0.102s'
E: Unable to locate package (Solving
E: Unable to locate package 0.00s
E: Couldn't find any package by regex '0.00s'
E: Unable to locate package 1st
E: Unable to locate package Model
E: Unable to locate package 0.00s
E: Couldn't find any package by regex '0.00s'
E: Unable to locate package Unsat
E: Unable to locate package 0.00s)
E: Couldn't find any package by regex '0.00s)'
E: Unable to locate package 
E: Unable to locate package 0.100s
E: Couldn't find any package by regex '0.100s'
E: Unable to locate package Choices
E: Unable to locate package 
E: Unable to locate package 48
E: Unable to locate package Conflicts
E: Unable to locate package 
E: Unable to locate package 4
E: Unable to locate package Restarts
E: Unable to locate package 
E: Unable to locate package 0
E: Unable to locate package Atoms
E: Unable to locate package 
E: Unable to locate package 98988
E: Unable to locate package Rules
E: Unable to locate package 
E: Unable to locate package 114901
E: Unable to locate package (1
E: Unable to locate package 114405
E: Unable to locate package 2
E: Unable to locate package 26
E: Unable to locate package 3
E: Unable to locate package 467
E: Unable to locate package 6
E: Unable to locate package 3)
E: Unable to locate package Bodies
E: Unable to locate package 
E: Unable to locate package 2719
E: Unable to locate package Equivalences
E: Unable to locate package 198280
E: Unable to locate package (Atom
E: Unable to locate package 97515
E: Unable to locate package Body
E: Unable to locate package 574
E: Unable to locate package Other
E: Unable to locate package 100191)
E: Unable to locate package Tight
E: Unable to locate package 
E: Unable to locate package Yes
E: Unable to locate package Variables
E: Unable to locate package 
E: Unable to locate package 2320
E: Unable to locate package (Eliminated
E: Unable to locate package 782
E: Unable to locate package Frozen
E: Unable to locate package 543)
E: Unable to locate package Constraints
E: Unable to locate package 
E: Unable to locate package 5394
E: Unable to locate package (Binary
E: Unable to locate package 93.8%
E: Couldn't find any package by regex '93.8%'
E: Unable to locate package Ternary
E: Unable to locate package 0.5%
E: Couldn't find any package by regex '0.5%'
E: Unable to locate package Other
E: Unable to locate package 5.7%)
E: Couldn't find any package by regex '5.7%)'
E: Unable to locate package Lemmas
E: Unable to locate package 
E: Unable to locate package 3
E: Unable to locate package (Binary
E: Unable to locate package 0.0%
E: Couldn't find any package by regex '0.0%'
E: Unable to locate package Ternary
E: Unable to locate package 0.0%
E: Couldn't find any package by regex '0.0%'
E: Unable to locate package Other
E: Couldn't find any package by regex 'Other:100.0%)'
E: Unable to locate package Conflict
E: Unable to locate package 
E: Unable to locate package 3
E: Unable to locate package (Average
E: Unable to locate package Length
E: Unable to locate package 7.7)
E: Couldn't find any package by regex '7.7)'
E: Unable to locate package Loop
E: Unable to locate package 
E: Unable to locate package 0
E: Unable to locate package (Average
E: Unable to locate package Length
E: Unable to locate package 0.0)
E: Couldn't find any package by regex '0.0)'
E: Unable to locate package Other
E: Unable to locate package 
E: Unable to locate package 0
E: Unable to locate package (Average
E: Unable to locate package Length
E: Unable to locate package 0.0)
E: Couldn't find any package by regex '0.0)'
E: Unable to locate package Deleted
E: Unable to locate package 
E: Unable to locate package 0
E: Unable to locate package Backtracks
E: Unable to locate package 
E: Unable to locate package 1
E: Unable to locate package Backjumps
E: Unable to locate package 
E: Unable to locate package 3
E: Unable to locate package (Bounded
E: Unable to locate package 1)
E: Unable to locate package Skippable
E: Unable to locate package Levels
E: Unable to locate package 
E: Unable to locate package 7
E: Unable to locate package (Skipped
E: Unable to locate package 6
E: Unable to locate package Rate
E: Unable to locate package 85.7%)
E: Couldn't find any package by regex '85.7%)'
E: Unable to locate package Max
E: Unable to locate package Jump
E: Unable to locate package Length
E: Unable to locate package 
E: Unable to locate package 4
E: Unable to locate package (Executed
E: Unable to locate package 4)
E: Unable to locate package Max
E: Unable to locate package Bound
E: Unable to locate package Length
E: Unable to locate package 
E: Unable to locate package 1
E: Unable to locate package Average
E: Unable to locate package Jump
E: Unable to locate package Length
E: Unable to locate package 
E: Unable to locate package (Executed
E: Unable to locate package 2.0)
E: Couldn't find any package by regex '2.0)'
E: Unable to locate package Average
E: Unable to locate package Bound
E: Unable to locate package Length
E: Unable to locate package Average
E: Unable to locate package Model
E: Unable to locate package Length
E: Unable to locate package /usr/share/aspcud/encodings
E: Unable to locate package warning
E: Unable to locate package atom
E: Unable to locate package is
E: Unable to locate package undefined
E: Unable to locate package recommends(P,V,D,W)
E: Unable to locate package /usr/share/aspcud/encodings
E: Unable to locate package warning
E: Unable to locate package atom
E: Unable to locate package is
E: Unable to locate package undefined
E: Unable to locate package attribute(P,V,A,X)
E: Unable to locate package /usr/share/aspcud/encodings
E: Unable to locate package warning
E: Unable to locate package atom
E: Unable to locate package is
E: Unable to locate package undefined
E: Unable to locate package recommends(P,V,D,W)
E: Unable to locate package /usr/share/aspcud/encodings
E: Unable to locate package warning
E: Unable to locate package atom
E: Unable to locate package is
E: Unable to locate package undefined
E: Unable to locate package recommends(P,V,D,W)
E: Unable to locate package /usr/share/aspcud/encodings
E: Unable to locate package warning
E: Unable to locate package atom
E: Unable to locate package is
E: Unable to locate package undefined
E: Unable to locate package attribute(P,V,A,X)
E: Unable to locate package /usr/share/aspcud/encodings
E: Unable to locate package warning
E: Unable to locate package atom
E: Unable to locate package is
E: Unable to locate package undefined
E: Unable to locate package attribute(P,V,A,X)
E: Unable to locate package /usr/share/aspcud/encodings
E: Unable to locate package warning
E: Unable to locate package atom
E: Unable to locate package is
E: Unable to locate package undefined
E: Unable to locate package attribute(P,V,B,Y)
E: Unable to locate package /usr/share/aspcud/encodings
E: Unable to locate package warning
E: Unable to locate package atom
E: Unable to locate package is
E: Unable to locate package undefined
E: Unable to locate package recommends(P,V,D,W)
++ opam install async_ssl -e source,linux
+ srcext='clasp version 2.1.4
Reading from outaFSQ3g/gringo_out
Solving...
Answer: 2
in("async%5fssl",3) in("base-bigarray",1) in("base-unix",1) in("ocamlfind",6) in(
OPTIMUM FOUND

Models      : 1     
  Enumerated: 2
  Optimum   : yes
Optimization: 0 0 25
Time        : 0.101s (Solving: 0.00s 1st Model: 0.00s Unsat: 0.00s)
CPU Time    : 0.100s
Choices     : 48
Conflicts   : 4
Restarts    : 0     

Atoms       : 98988 
Rules       : 114901 (1: 114405 2: 26 3: 467 6: 3)
Bodies      : 2719  
Equivalences: 198280 (Atom=Atom: 97515 Body=Body: 574 Other: 100191)
Tight       : Yes

Variables   : 2320   (Eliminated:  782 Frozen:  543)
Constraints : 5394   (Binary: 93.8% Ternary:  0.5% Other:  5.7%)
Lemmas      : 3      (Binary:  0.0% Ternary:  0.0% Other:100.0%)
  Conflict  : 3      (Average Length: 7.7) 
  Loop      : 0      (Average Length: 0.0) 
  Other     : 0      (Average Length: 0.0)
  Deleted   : 0     

Backtracks          : 1     
Backjumps           : 3      (Bounded: 1)
Skippable Levels    : 7      (Skipped: 6 Rate:  85.7%)
Max Jump Length     : 4      (Executed: 4)
Max Bound Length    : 1     
Average Jump Length : 2.3    (Executed: 2.0)
Average Bound Length: 1.0   
Average Model Length: 22.0  
/usr/share/aspcud/encodings/misc2012.lp:150:57-76: warning: atom is undefined:
  recommends(P,V,D,W)

/usr/share/aspcud/encodings/misc2012.lp:148:57-75: warning: atom is undefined:
  attribute(P,V,A,X)

/usr/share/aspcud/encodings/misc2012.lp:138:57-76: warning: atom is undefined:
  recommends(P,V,D,W)

/usr/share/aspcud/encodings/misc2012.lp:164:42-61: warning: atom is undefined:
  recommends(P,V,D,W)

/usr/share/aspcud/encodings/misc2012.lp:161:63-81: warning: atom is undefined:
  attribute(P,V,A,X)

/usr/share/aspcud/encodings/misc2012.lp:109:50-68: warning: atom is undefined:
  attribute(P,V,A,X)

/usr/share/aspcud/encodings/misc2012.lp:109:70-88: warning: atom is undefined:
  attribute(P,V,B,Y)

/usr/share/aspcud/encodings/misc2012.lp:30:22-41: warning: atom is undefined:
  recommends(P,V,D,W)'
+ echo Ubuntu srcexts: clasp version 2.1.4 Reading from outaFSQ3g/gringo_out Solving... Answer: 2 'in("async%5fssl",3)' 'in("base-bigarray",1)' 'in("base-unix",1)' 'in("ocamlfind",6)' 'in(' OPTIMUM FOUND Models : 1 Enumerated: 2 Optimum : yes Optimization: 0 0 25 Time : 0.101s '(Solving:' 0.00s 1st Model: 0.00s Unsat: '0.00s)' CPU Time : 0.100s Choices : 48 Conflicts : 4 Restarts : 0 Atoms : 98988 Rules : 114901 '(1:' 114405 2: 26 3: 467 6: '3)' Bodies : 2719 Equivalences: 198280 '(Atom=Atom:' 97515 Body=Body: 574 Other: '100191)' Tight : Yes Variables : 2320 '(Eliminated:' 782 Frozen: '543)' Constraints : 5394 '(Binary:' 93.8% Ternary: 0.5% Other: '5.7%)' Lemmas : 3 '(Binary:' 0.0% Ternary: 0.0% 'Other:100.0%)' Conflict : 3 '(Average' Length: '7.7)' Loop : 0 '(Average' Length: '0.0)' Other : 0 '(Average' Length: '0.0)' Deleted : 0 Backtracks : 1 Backjumps : 3 '(Bounded:' '1)' Skippable Levels : 7 '(Skipped:' 6 Rate: '85.7%)' Max Jump Length : 4 '(Executed:' '4)' Max Bound Length : 1 Average Jump Length : 2.3 '(Executed:' '2.0)' Average Bound Length: 1.0 Average Model Length: 22.0 /usr/share/aspcud/encodings/misc2012.lp:150:57-76: warning: atom is undefined: 'recommends(P,V,D,W)' /usr/share/aspcud/encodings/misc2012.lp:148:57-75: warning: atom is undefined: 'attribute(P,V,A,X)' /usr/share/aspcud/encodings/misc2012.lp:138:57-76: warning: atom is undefined: 'recommends(P,V,D,W)' /usr/share/aspcud/encodings/misc2012.lp:164:42-61: warning: atom is undefined: 'recommends(P,V,D,W)' /usr/share/aspcud/encodings/misc2012.lp:161:63-81: warning: atom is undefined: 'attribute(P,V,A,X)' /usr/share/aspcud/encodings/misc2012.lp:109:50-68: warning: atom is undefined: 'attribute(P,V,A,X)' /usr/share/aspcud/encodings/misc2012.lp:109:70-88: warning: atom is undefined: 'attribute(P,V,B,Y)' /usr/share/aspcud/encodings/misc2012.lp:30:22-41: warning: atom is undefined: 'recommends(P,V,D,W)'
+ '[' 'clasp version 2.1.4
Reading from outaFSQ3g/gringo_out
Solving...
Answer: 2
in("async%5fssl",3) in("base-bigarray",1) in("base-unix",1) in("ocamlfind",6) in(
OPTIMUM FOUND

Models      : 1     
  Enumerated: 2
  Optimum   : yes
Optimization: 0 0 25
Time        : 0.101s (Solving: 0.00s 1st Model: 0.00s Unsat: 0.00s)
CPU Time    : 0.100s
Choices     : 48
Conflicts   : 4
Restarts    : 0     

Atoms       : 98988 
Rules       : 114901 (1: 114405 2: 26 3: 467 6: 3)
Bodies      : 2719  
Equivalences: 198280 (Atom=Atom: 97515 Body=Body: 574 Other: 100191)
Tight       : Yes

Variables   : 2320   (Eliminated:  782 Frozen:  543)
Constraints : 5394   (Binary: 93.8% Ternary:  0.5% Other:  5.7%)
Lemmas      : 3      (Binary:  0.0% Ternary:  0.0% Other:100.0%)
  Conflict  : 3      (Average Length: 7.7) 
  Loop      : 0      (Average Length: 0.0) 
  Other     : 0      (Average Length: 0.0)
  Deleted   : 0     

Backtracks          : 1     
Backjumps           : 3      (Bounded: 1)
Skippable Levels    : 7      (Skipped: 6 Rate:  85.7%)
Max Jump Length     : 4      (Executed: 4)
Max Bound Length    : 1     
Average Jump Length : 2.3    (Executed: 2.0)
Average Bound Length: 1.0   
Average Model Length: 22.0  
/usr/share/aspcud/encodings/misc2012.lp:150:57-76: warning: atom is undefined:
  recommends(P,V,D,W)

/usr/share/aspcud/encodings/misc2012.lp:148:57-75: warning: atom is undefined:
  attribute(P,V,A,X)

/usr/share/aspcud/encodings/misc2012.lp:138:57-76: warning: atom is undefined:
  recommends(P,V,D,W)

/usr/share/aspcud/encodings/misc2012.lp:164:42-61: warning: atom is undefined:
  recommends(P,V,D,W)

/usr/share/aspcud/encodings/misc2012.lp:161:63-81: warning: atom is undefined:
  attribute(P,V,A,X)

/usr/share/aspcud/encodings/misc2012.lp:109:50-68: warning: atom is undefined:
  attribute(P,V,A,X)

/usr/share/aspcud/encodings/misc2012.lp:109:70-88: warning: atom is undefined:
  attribute(P,V,B,Y)

/usr/share/aspcud/encodings/misc2012.lp:30:22-41: warning: atom is undefined:
  recommends(P,V,D,W)' '!=' '' ']'
++ mktemp
Ubuntu srcexts: clasp version 2.1.4 Reading from outaFSQ3g/gringo_out Solving... Answer: 2 in("async%5fssl",3) in("base-bigarray",1) in("base-unix",1) in("ocamlfind",6) in( OPTIMUM FOUND Models : 1 Enumerated: 2 Optimum : yes Optimization: 0 0 25 Time : 0.101s (Solving: 0.00s 1st Model: 0.00s Unsat: 0.00s) CPU Time : 0.100s Choices : 48 Conflicts : 4 Restarts : 0 Atoms : 98988 Rules : 114901 (1: 114405 2: 26 3: 467 6: 3) Bodies : 2719 Equivalences: 198280 (Atom=Atom: 97515 Body=Body: 574 Other: 100191) Tight : Yes Variables : 2320 (Eliminated: 782 Frozen: 543) Constraints : 5394 (Binary: 93.8% Ternary: 0.5% Other: 5.7%) Lemmas : 3 (Binary: 0.0% Ternary: 0.0% Other:100.0%) Conflict : 3 (Average Length: 7.7) Loop : 0 (Average Length: 0.0) Other : 0 (Average Length: 0.0) Deleted : 0 Backtracks : 1 Backjumps : 3 (Bounded: 1) Skippable Levels : 7 (Skipped: 6 Rate: 85.7%) Max Jump Length : 4 (Executed: 4) Max Bound Length : 1 Average Jump Length : 2.3 (Executed: 2.0) Average Bound Length: 1.0 Average Model Length: 22.0 /usr/share/aspcud/encodings/misc2012.lp:150:57-76: warning: atom is undefined: recommends(P,V,D,W) /usr/share/aspcud/encodings/misc2012.lp:148:57-75: warning: atom is undefined: attribute(P,V,A,X) /usr/share/aspcud/encodings/misc2012.lp:138:57-76: warning: atom is undefined: recommends(P,V,D,W) /usr/share/aspcud/encodings/misc2012.lp:164:42-61: warning: atom is undefined: recommends(P,V,D,W) /usr/share/aspcud/encodings/misc2012.lp:161:63-81: warning: atom is undefined: attribute(P,V,A,X) /usr/share/aspcud/encodings/misc2012.lp:109:50-68: warning: atom is undefined: attribute(P,V,A,X) /usr/share/aspcud/encodings/misc2012.lp:109:70-88: warning: atom is undefined: attribute(P,V,B,Y) /usr/share/aspcud/encodings/misc2012.lp:30:22-41: warning: atom is undefined: recommends(P,V,D,W)
+ t=/tmp/tmp.qndJvyF9Cd
+ curl -sL clasp version 2.1.4 Reading from outaFSQ3g/gringo_out Solving... Answer: 2 'in("async%5fssl",3)' 'in("base-bigarray",1)' 'in("base-unix",1)' 'in("ocamlfind",6)' 'in(' OPTIMUM FOUND Models : 1 Enumerated: 2 Optimum : yes Optimization: 0 0 25 Time : 0.101s '(Solving:' 0.00s 1st Model: 0.00s Unsat: '0.00s)' CPU Time : 0.100s Choices : 48 Conflicts : 4 Restarts : 0 Atoms : 98988 Rules : 114901 '(1:' 114405 2: 26 3: 467 6: '3)' Bodies : 2719 Equivalences: 198280 '(Atom=Atom:' 97515 Body=Body: 574 Other: '100191)' Tight : Yes Variables : 2320 '(Eliminated:' 782 Frozen: '543)' Constraints : 5394 '(Binary:' 93.8% Ternary: 0.5% Other: '5.7%)' Lemmas : 3 '(Binary:' 0.0% Ternary: 0.0% 'Other:100.0%)' Conflict : 3 '(Average' Length: '7.7)' Loop : 0 '(Average' Length: '0.0)' Other : 0 '(Average' Length: '0.0)' Deleted : 0 Backtracks : 1 Backjumps : 3 '(Bounded:' '1)' Skippable Levels : 7 '(Skipped:' 6 Rate: '85.7%)' Max Jump Length : 4 '(Executed:' '4)' Max Bound Length : 1 Average Jump Length : 2.3 '(Executed:' '2.0)' Average Bound Length: 1.0 Average Model Length: 22.0 /usr/share/aspcud/encodings/misc2012.lp:150:57-76: warning: atom is undefined: 'recommends(P,V,D,W)' /usr/share/aspcud/encodings/misc2012.lp:148:57-75: warning: atom is undefined: 'attribute(P,V,A,X)' /usr/share/aspcud/encodings/misc2012.lp:138:57-76: warning: atom is undefined: 'recommends(P,V,D,W)' /usr/share/aspcud/encodings/misc2012.lp:164:42-61: warning: atom is undefined: 'recommends(P,V,D,W)' /usr/share/aspcud/encodings/misc2012.lp:161:63-81: warning: atom is undefined: 'attribute(P,V,A,X)' /usr/share/aspcud/encodings/misc2012.lp:109:50-68: warning: atom is undefined: 'attribute(P,V,A,X)' /usr/share/aspcud/encodings/misc2012.lp:109:70-88: warning: atom is undefined: 'attribute(P,V,B,Y)' /usr/share/aspcud/encodings/misc2012.lp:30:22-41: warning: atom is undefined: 'recommends(P,V,D,W)'
+ bash -ex /tmp/tmp.qndJvyF9Cd
+ opam install async_ssl
clasp version 2.1.4
Reading from outl22XsY/gringo_out
Solving...
Answer: 2
in("async%5fssl",3) in("base-bigarray",1) in("base-unix",1) in("ocamlfind",6) in(
OPTIMUM FOUND

Models      : 1     
  Enumerated: 2
  Optimum   : yes
Optimization: 0 0 25
Time        : 0.106s (Solving: 0.00s 1st Model: 0.00s Unsat: 0.00s)
CPU Time    : 0.100s
Choices     : 48
Conflicts   : 4
Restarts    : 0     

Atoms       : 98988 
Rules       : 114901 (1: 114405 2: 26 3: 467 6: 3)
Bodies      : 2719  
Equivalences: 198280 (Atom=Atom: 97515 Body=Body: 574 Other: 100191)
Tight       : Yes

Variables   : 2320   (Eliminated:  782 Frozen:  543)
Constraints : 5394   (Binary: 93.8% Ternary:  0.5% Other:  5.7%)
Lemmas      : 3      (Binary:  0.0% Ternary:  0.0% Other:100.0%)
  Conflict  : 3      (Average Length: 7.7) 
  Loop      : 0      (Average Length: 0.0) 
  Other     : 0      (Average Length: 0.0)
  Deleted   : 0     

Backtracks          : 1     
Backjumps           : 3      (Bounded: 1)
Skippable Levels    : 7      (Skipped: 6 Rate:  85.7%)
Max Jump Length     : 4      (Executed: 4)
Max Bound Length    : 1     
Average Jump Length : 2.3    (Executed: 2.0)
Average Bound Length: 1.0   
Average Model Length: 22.0  
/usr/share/aspcud/encodings/misc2012.lp:150:57-76: warning: atom is undefined:
  recommends(P,V,D,W)

/usr/share/aspcud/encodings/misc2012.lp:148:57-75: warning: atom is undefined:
  attribute(P,V,A,X)

/usr/share/aspcud/encodings/misc2012.lp:138:57-76: warning: atom is undefined:
  recommends(P,V,D,W)

/usr/share/aspcud/encodings/misc2012.lp:164:42-61: warning: atom is undefined:
  recommends(P,V,D,W)

/usr/share/aspcud/encodings/misc2012.lp:161:63-81: warning: atom is undefined:
  attribute(P,V,A,X)

/usr/share/aspcud/encodings/misc2012.lp:109:50-68: warning: atom is undefined:
  attribute(P,V,A,X)

/usr/share/aspcud/encodings/misc2012.lp:109:70-88: warning: atom is undefined:
  attribute(P,V,B,Y)

/usr/share/aspcud/encodings/misc2012.lp:30:22-41: warning: atom is undefined:
  recommends(P,V,D,W)

The following actions will be performed:
 - install   base-bytes.base                       [required by ctypes]
 - install   camlp4.4.02.0                         [required by async_ssl]
 - install   ounit.2.0.0                           [required by pa_ounit]
 - install   ctypes.0.3.3                          [required by async_ssl]
 - install   type_conv.111.13.00                   [required by bin_prot]
 - install   pipebang.110.01.00                    [required by async_extra]
 - install   herelib.109.35.02                     [required by async_ssl]
 - install   variantslib.109.15.03                 [required by core]
 - install   sexplib.111.25.00                     [required by async_ssl]
 - install   pa_ounit.109.53.02                    [required by async_ssl]
 - install   fieldslib.109.20.03                   [required by async_extra]
 - install   enumerate.111.08.00                   [required by core]
 - install   comparelib.109.60.00                  [required by async_unix]
 - install   bin_prot.111.03.00                    [required by async_extra]
 - install   pa_bench.109.55.02                    [required by async_ssl]
 - install   custom_printf.111.25.00               [required by core]
 - install   pa_test.111.08.00                     [required by async_unix, async_kernel]
 - install   typerep.111.17.00                     [required by core_kernel]
 - install   core_kernel.111.25.00                 [required by core]
 - install   core.111.25.00                        [required by async_extra]
 - install   async_kernel.111.25.00                [required by async]
 - install   async_unix.111.25.00                  [required by async]
 - install   async_extra.111.25.00                 [required by async]
 - install   async.111.25.00                       [required by async_ssl]
 - install   async_ssl.111.21.00
=== 25 to install ===

=-=-=-=-=-=-=-=-=-=-=-=- Synchronizing package archives -=-=-=-=-=-=-=-=-=-=-=-=
[async_extra.111.25.00] Downloading https://ocaml.janestreet.com/ocaml-core/111.25.00/individual/async_extra-111.25.00.tar.gz
[async.111.25.00] Downloading https://ocaml.janestreet.com/ocaml-core/111.25.00/individual/async-111.25.00.tar.gz
[async_kernel.111.25.00] Downloading https://ocaml.janestreet.com/ocaml-core/111.25.00/individual/async_kernel-111.25.00.tar.gz
  % Total    % Received % Xferd  Average Speed   Time    Time     Time  Current
                                 Dload  Upload   Total   Spent    Left  Speed
  0     0    0     0    0     0      0      0 --:--:-- --:--:-- --:--:--     0  % Total    % Received % Xferd  Average Speed   Time    Time     Time  Current
                                 Dload  Upload   Total   Spent    Left  Speed
  0     0    0     0    0     0      0      0 --:--:-- --:--:-- --:--:--     0  % Total    % Received % Xferd  Average Speed   Time    Time     Time  Current
                                 Dload  Upload   Total   Spent    Left  Speed
  0     0    0     0    0     0      0      0 --:--:-- --:--:-- --:--:--     0  0     0    0     0    0     0      0      0 --:--:-- --:--:-- --:--:--     0  0  0     0    0     0    0     0      0      0 --:--:-- --:--:--     0    0     0    0     0      0      0 --:--:-- --:--:-- --:--:--     0 --:--:--     0100 80713  100 80713    0     0   109k      0 --:--:-- --:--:-- --:--:--  109k
200
[async_ssl.111.21.00] Downloading https://ocaml.janestreet.com/ocaml-core/111.21.00/individual/async_ssl-111.21.00.tar.gz
100  140k  100  140k    0     0   174k      0 --:--:-- --:--:-- --:--:--  174k
200
  % Total    % Received % Xferd  Average Speed   Time    Time     Time  Current
                                 Dload  Upload   Total   Spent    Left  Speed
  0     0    0     0    0     0      0      0 --:--:-- --:--:-- --:--:--     0100  125k  100  125k    0     0   151k      0 --:--:-- --:--:-- --:--:--  151k
200
[async_unix.111.25.00] Downloading https://ocaml.janestreet.com/ocaml-core/111.25.00/individual/async_unix-111.25.00.tar.gz
[bin_prot.111.03.00] Downloading https://ocaml.janestreet.com/ocaml-core/111.03.00/individual/bin_prot-111.03.00.tar.gz
  % Total    % Received % Xferd  Average Speed   Time    Time     Time  Current
                                 Dload  Upload   Total   Spent    Left  Speed
  0     0    0     0    0     0      0      0 --:--:-- --:--:-- --:--:--     0  % Total    % Received % Xferd  Average Speed   Time    Time     Time  Current
                                 Dload  Upload   Total   Spent    Left  Speed
  0     0    0     0    0     0      0      0 --:--:-- --:--:-- --:--:--     0  0     0    0     0    0     0      0      0 --:--:-- --:--:-- --:--:--     0  0     0    0     0    0     0      0      0 --:--:-- --:--:-- --:--:--     0  0     0    0     0    0     0      0      0 --:--:-- --:--:-- --:--:--     0100 59140  100 59140    0     0  99861      0 --:--:-- --:--:-- --:--:-- 99730
200
[camlp4.4.02.0] Fetching git://github.com/ocaml/camlp4#4.02
Initialized empty Git repository in /home/opam/.opam/packages.dev/camlp4.4.02.0/.git/
100  148k  100  148k    0     0   190k      0 --:--:-- --:--:-- --:--:--  190k
200
[comparelib.109.60.00] Downloading https://ocaml.janestreet.com/ocaml-core/109.60.00/individual/comparelib-109.60.00.tar.gz
100 89105  100 89105    0     0   105k      0 --:--:-- --:--:-- --:--:--  105k
200
  % Total    % Received % Xferd  Average Speed   Time    Time     Time  Current
                                 Dload  Upload   Total   Spent    Left  Speed
  0     0    0     0    0     0      0      0 --:--:-- --:--:-- --:--:--     0[core.111.25.00] Downloading https://ocaml.janestreet.com/ocaml-core/111.25.00/individual/core-111.25.00.tar.gz
  % Total    % Received % Xferd  Average Speed   Time    Time     Time  Current
                                 Dload  Upload   Total   Spent    Left  Speed
  0     0    0     0    0     0      0      0 --:--:-- --:--:-- --:--:--     0  0 56707    0     0    0     0      0      0 --:--:-- --:--:-- --:--:--     0  0     0    0     0    0     0      0      0 --:--:-- --:--:-- --:--:--     0100 56707  100 56707    0     0  97075      0 --:--:-- --:--:-- --:--:-- 96935
200
[core_kernel.111.25.00] Downloading https://ocaml.janestreet.com/ocaml-core/111.25.00/individual/core_kernel-111.25.00.tar.gz
  % Total    % Received % Xferd  Average Speed   Time    Time     Time  Current
                                 Dload  Upload   Total   Spent    Left  Speed
  0     0    0     0    0     0      0      0 --:--:-- --:--:-- --:--:--     0 77  721k   77  560k    0     0   432k      0  0:00:01  0:00:01 --:--:--  432k100  721k  100  721k    0     0   554k      0  0:00:01  0:00:01 --:--:--  554k
200
  0     0    0     0    0     0      0      0 --:--:-- --:--:-- --:--:--     0[ctypes.0.3.3] Downloading https://github.com/ocamllabs/ocaml-ctypes/archive/0.3.3.tar.gz
  % Total    % Received % Xferd  Average Speed   Time    Time     Time  Current
                                 Dload  Upload   Total   Spent    Left  Speed
  0     0    0     0    0     0      0      0 --:--:-- --:--:-- --:--:--     0100   129    0   129    0     0    347      0 --:--:-- --:--:-- --:--:--   347
 75  426k   75  320k    0     0   254k      0  0:00:01  0:00:01 --:--:--  254k 11  128k   11 14554    0     0  16777      0  0:00:07 --:--:--  0:00:07 16777100  426k  100  426k    0     0   296k      0  0:00:01  0:00:01 --:--:--  296k
200
[custom_printf.111.25.00] Downloading https://ocaml.janestreet.com/ocaml-core/111.25.00/individual/custom_printf-111.25.00.tar.gz
  % Total    % Received % Xferd  Average Speed   Time    Time     Time  Current
                                 Dload  Upload   Total   Spent    Left  Speed
  0     0    0     0    0     0      0      0 --:--:-- --:--:-- --:--:--     0100  128k  100  128k    0     0   111k      0  0:00:01  0:00:01 --:--:--  400k
200
[enumerate.111.08.00] Downloading https://ocaml.janestreet.com/ocaml-core/111.08.00/individual/enumerate-111.08.00.tar.gz
  % Total    % Received % Xferd  Average Speed   Time    Time     Time  Current
                                 Dload  Upload   Total   Spent    Left  Speed
  0     0    0     0    0     0      0      0 --:--:-- --:--:-- --:--:--     0100 54799  100 54799    0     0  91232      0 --:--:-- --:--:-- --:--:-- 91331
200
[fieldslib.109.20.03] Downloading https://ocaml.janestreet.com/ocaml-core/109.20.00/individual/fieldslib-109.20.03.tar.gz
  % Total    % Received % Xferd  Average Speed   Time    Time     Time  Current
                                 Dload  Upload   Total   Spent    Left  Speed
  0     0    0     0    0     0      0      0 --:--:-- --:--:-- --:--:--     0100 52498  100 52498    0     0  89159      0 --:--:-- --:--:-- --:--:-- 89282
200
[herelib.109.35.02] Downloading https://ocaml.janestreet.com/ocaml-core/109.35.00/individual/herelib-109.35.02.tar.gz
  0     0    0     0    0     0      0      0 --:--:-- --:--:-- --:--:--     0  % Total    % Received % Xferd  Average Speed   Time    Time     Time  Current
                                 Dload  Upload   Total   Spent    Left  Speed
  0     0    0     0    0     0      0      0 --:--:-- --:--:-- --:--:--     0100 55847  100 55847    0     0  94756      0 --:--:-- --:--:-- --:--:-- 94655
200
[ounit.2.0.0] Downloading http://forge.ocamlcore.org/frs/download.php/1258/ounit-2.0.0.tar.gz
  % Total    % Received % Xferd  Average Speed   Time    Time     Time  Current
                                 Dload  Upload   Total   Spent    Left  Speed
  0     0    0     0    0     0      0      0 --:--:-- --:--:-- --:--:--     0100 47650  100 47650    0     0  81213      0 --:--:-- --:--:-- --:--:-- 81313
200
[pa_bench.109.55.02] Downloading https://ocaml.janestreet.com/ocaml-core/109.55.00/individual/pa_bench-109.55.02.tar.gz
  % Total    % Received % Xferd  Average Speed   Time    Time     Time  Current
                                 Dload  Upload   Total   Spent    Left  Speed
  0     0    0     0    0     0      0      0 --:--:-- --:--:-- --:--:--     0  1  101k    1  1201    0     0   3048      0  0:00:33 --:--:--  0:00:33  3048  0     0    0     0    0     0      0      0 --:--:-- --:--:-- --:--:--     0100  101k  100  101k    0     0   218k      0 --:--:-- --:--:-- --:--:--  218k
200
[pa_ounit.109.53.02] Downloading https://ocaml.janestreet.com/ocaml-core/109.53.00/individual/pa_ounit-109.53.02.tar.gz
  % Total    % Received % Xferd  Average Speed   Time    Time     Time  Current
                                 Dload  Upload   Total   Spent    Left  Speed
  0     0    0     0    0     0      0      0 --:--:-- --:--:-- --:--:--     0100 51237  100 51237    0     0  88467      0 --:--:-- --:--:-- --:--:-- 88339
200
[pa_test.111.08.00] Downloading https://ocaml.janestreet.com/ocaml-core/111.08.00/individual/pa_test-111.08.00.tar.gz
  % Total    % Received % Xferd  Average Speed   Time    Time     Time  Current
                                 Dload  Upload   Total   Spent    Left  Speed
  0     0    0     0    0     0      0      0 --:--:-- --:--:-- --:--:--     0100 54573  100 54573    0     0  91503      0 --:--:-- --:--:-- --:--:-- 91565
200
[pipebang.110.01.00] Downloading https://ocaml.janestreet.com/ocaml-core/110.01.00/individual/pipebang-110.01.00.tar.gz
  % Total    % Received % Xferd  Average Speed   Time    Time     Time  Current
                                 Dload  Upload   Total   Spent    Left  Speed
  0     0    0     0    0     0      0      0 --:--:-- --:--:-- --:--:--     0  0     0    0     0    0     0      0      0 --:--:-- --:--:-- --:--:--     0 66 49106   66 32768    0     0  56694      0 --:--:-- --:--:-- --:--:-- 56692100 49106  100 49106    0     0  84723      0 --:--:-- --:--:-- --:--:-- 84665
200
[sexplib.111.25.00] Downloading https://ocaml.janestreet.com/ocaml-core/111.25.00/individual/sexplib-111.25.00.tar.gz
  % Total    % Received % Xferd  Average Speed   Time    Time     Time  Current
                                 Dload  Upload   Total   Spent    Left  Speed
  0     0    0     0    0     0      0      0 --:--:-- --:--:-- --:--:--     0100 47043  100 47043    0     0  78000      0 --:--:-- --:--:-- --:--:-- 78014
200
[type_conv.111.13.00] Downloading https://ocaml.janestreet.com/ocaml-core/111.13.00/individual/type_conv-111.13.00.tar.gz
  % Total    % Received % Xferd  Average Speed   Time    Time     Time  Current
                                 Dload  Upload   Total   Spent    Left  Speed
  0     0    0     0    0     0      0      0 --:--:-- --:--:-- --:--:--     0100  131k  100  131k    0     0   181k      0 --:--:-- --:--:-- --:--:--  181k
200
[typerep.111.17.00] Downloading https://ocaml.janestreet.com/ocaml-core/111.17.00/individual/typerep-111.17.00.tar.gz
  % Total    % Received % Xferd  Average Speed   Time    Time     Time  Current
                                 Dload  Upload   Total   Spent    Left  Speed
  0     0    0     0    0     0      0      0 --:--:-- --:--:-- --:--:--     0  0     0    0     0    0     0      0      0 --:--:-- --:--:-- --:--:--     0100 61554  100 61554    0     0  98856      0 --:--:-- --:--:-- --:--:-- 98802
200
[variantslib.109.15.03] Downloading https://ocaml.janestreet.com/ocaml-core/109.15.00/individual/variantslib-109.15.03.tar.gz
  % Total    % Received % Xferd  Average Speed   Time    Time     Time  Current
                                 Dload  Upload   Total   Spent    Left  Speed
  0     0    0     0    0     0      0      0 --:--:-- --:--:-- --:--:--     0100  137k  100  137k    0     0   181k      0 --:--:-- --:--:-- --:--:--  181k
200
100 59923  100 59923    0     0   100k      0 --:--:-- --:--:-- --:--:--  100k100 59923  100 59923    0     0   100k      0 --:--:-- --:--:-- --:--:--  100k
200
From git://github.com/ocaml/camlp4
 * branch            4.02       -> FETCH_HEAD
 * [new branch]      4.02       -> origin/4.02
.depend
.gitignore
.ignore
.ocp-indent
.travis-ci.sh
.travis.yml
Changes
LICENSE
Makefile
README.md
_tags
build/camlp4-bootstrap-recipe.txt
build/camlp4-bootstrap.sh
build/camlp4-byte-only.sh
build/camlp4-mkCamlp4Ast.sh
build/camlp4-native-only.sh
build/camlp4-targets.sh
build/install.sh
camlp4/.ignore
camlp4/CHANGES
camlp4/Camlp4.mlpack
camlp4/Camlp4/Camlp4Ast.partial.ml
camlp4/Camlp4/Debug.ml
camlp4/Camlp4/Debug.mli
camlp4/Camlp4/ErrorHandler.ml
camlp4/Camlp4/ErrorHandler.mli
camlp4/Camlp4/OCamlInitSyntax.ml
camlp4/Camlp4/Options.ml
camlp4/Camlp4/Options.mli
camlp4/Camlp4/PreCast.ml
camlp4/Camlp4/PreCast.mli
camlp4/Camlp4/Printers.mlpack
camlp4/Camlp4/Printers/DumpCamlp4Ast.ml
camlp4/Camlp4/Printers/DumpCamlp4Ast.mli
camlp4/Camlp4/Printers/DumpOCamlAst.ml
camlp4/Camlp4/Printers/DumpOCamlAst.mli
camlp4/Camlp4/Printers/Null.ml
camlp4/Camlp4/Printers/Null.mli
camlp4/Camlp4/Printers/OCaml.ml
camlp4/Camlp4/Printers/OCaml.mli
camlp4/Camlp4/Printers/OCamlr.ml
camlp4/Camlp4/Printers/OCamlr.mli
camlp4/Camlp4/Register.ml
camlp4/Camlp4/Register.mli
camlp4/Camlp4/Sig.ml
camlp4/Camlp4/Struct.mlpack
camlp4/Camlp4/Struct/.ignore
camlp4/Camlp4/Struct/AstFilters.ml
camlp4/Camlp4/Struct/Camlp4Ast.mlast
camlp4/Camlp4/Struct/Camlp4Ast2OCamlAst.ml
camlp4/Camlp4/Struct/Camlp4Ast2OCamlAst.mli
camlp4/Camlp4/Struct/CleanAst.ml
camlp4/Camlp4/Struct/CommentFilter.ml
camlp4/Camlp4/Struct/CommentFilter.mli
camlp4/Camlp4/Struct/DynAst.ml
camlp4/Camlp4/Struct/DynLoader.ml
camlp4/Camlp4/Struct/DynLoader.mli
camlp4/Camlp4/Struct/EmptyError.ml
camlp4/Camlp4/Struct/EmptyError.mli
camlp4/Camlp4/Struct/EmptyPrinter.ml
camlp4/Camlp4/Struct/EmptyPrinter.mli
camlp4/Camlp4/Struct/FreeVars.ml
camlp4/Camlp4/Struct/FreeVars.mli
camlp4/Camlp4/Struct/Grammar.mlpack
camlp4/Camlp4/Struct/Grammar/Delete.ml
camlp4/Camlp4/Struct/Grammar/Dynamic.ml
camlp4/Camlp4/Struct/Grammar/Entry.ml
camlp4/Camlp4/Struct/Grammar/Failed.ml
camlp4/Camlp4/Struct/Grammar/Find.ml
camlp4/Camlp4/Struct/Grammar/Fold.ml
camlp4/Camlp4/Struct/Grammar/Fold.mli
camlp4/Camlp4/Struct/Grammar/Insert.ml
camlp4/Camlp4/Struct/Grammar/Parser.ml
camlp4/Camlp4/Struct/Grammar/Parser.mli
camlp4/Camlp4/Struct/Grammar/Print.ml
camlp4/Camlp4/Struct/Grammar/Print.mli
camlp4/Camlp4/Struct/Grammar/Search.ml
camlp4/Camlp4/Struct/Grammar/Static.ml
camlp4/Camlp4/Struct/Grammar/Structure.ml
camlp4/Camlp4/Struct/Grammar/Tools.ml
camlp4/Camlp4/Struct/Lexer.mll
camlp4/Camlp4/Struct/Loc.ml
camlp4/Camlp4/Struct/Loc.mli
camlp4/Camlp4/Struct/Quotation.ml
camlp4/Camlp4/Struct/Token.ml
camlp4/Camlp4/Struct/Token.mli
camlp4/Camlp4/Utils.ml
camlp4/Camlp4/Utils.mli
camlp4/Camlp4Bin.ml
camlp4/Camlp4Filters/Camlp4AstLifter.ml
camlp4/Camlp4Filters/Camlp4ExceptionTracer.ml
camlp4/Camlp4Filters/Camlp4FoldGenerator.ml
camlp4/Camlp4Filters/Camlp4LocationStripper.ml
camlp4/Camlp4Filters/Camlp4MapGenerator.ml
camlp4/Camlp4Filters/Camlp4MetaGenerator.ml
camlp4/Camlp4Filters/Camlp4Profiler.ml
camlp4/Camlp4Filters/Camlp4TrashRemover.ml
camlp4/Camlp4Parsers/Camlp4AstLoader.ml
camlp4/Camlp4Parsers/Camlp4DebugParser.ml
camlp4/Camlp4Parsers/Camlp4GrammarParser.ml
camlp4/Camlp4Parsers/Camlp4ListComprehension.ml
camlp4/Camlp4Parsers/Camlp4MacroParser.ml
camlp4/Camlp4Parsers/Camlp4OCamlOriginalQuotationExpander.ml
camlp4/Camlp4Parsers/Camlp4OCamlParser.ml
camlp4/Camlp4Parsers/Camlp4OCamlParserParser.ml
camlp4/Camlp4Parsers/Camlp4OCamlReloadedParser.ml
camlp4/Camlp4Parsers/Camlp4OCamlRevisedParser.ml
camlp4/Camlp4Parsers/Camlp4OCamlRevisedParserParser.ml
camlp4/Camlp4Parsers/Camlp4OCamlRevisedQuotationExpander.ml
camlp4/Camlp4Parsers/Camlp4QuotationCommon.ml
camlp4/Camlp4Parsers/Camlp4QuotationExpander.ml
camlp4/Camlp4Printers/Camlp4AstDumper.ml
camlp4/Camlp4Printers/Camlp4AutoPrinter.ml
camlp4/Camlp4Printers/Camlp4NullDumper.ml
camlp4/Camlp4Printers/Camlp4OCamlAstDumper.ml
camlp4/Camlp4Printers/Camlp4OCamlPrinter.ml
camlp4/Camlp4Printers/Camlp4OCamlRevisedPrinter.ml
camlp4/Camlp4Top.mlpack
camlp4/Camlp4Top/Rprint.ml
camlp4/Camlp4Top/Top.ml
camlp4/ICHANGES
camlp4/META.in
camlp4/boot/.ignore
camlp4/boot/Camlp4.ml
camlp4/boot/Camlp4.ml4
camlp4/boot/Camlp4Ast.ml
camlp4/boot/camlp4boot.ml
camlp4/boot/camlp4boot.ml4
camlp4/build/.ignore
camlp4/camlp4.odocl
camlp4/camlp4fulllib.mllib
camlp4/camlp4lib.mllib
camlp4/camlp4prof.ml
camlp4/camlp4prof.mli
camlp4/config/Camlp4_config.ml
camlp4/config/Camlp4_config.mli
camlp4/config/gen_import.ml
camlp4/examples/_tags
camlp4/examples/all.itarget
camlp4/examples/apply_operator.ml
camlp4/examples/apply_operator_test.ml
camlp4/examples/arith.ml
camlp4/examples/debug_extension.ml
camlp4/examples/ex_str.ml
camlp4/examples/ex_str_test.ml
camlp4/examples/expression_closure.ml
camlp4/examples/expression_closure_filter.ml
camlp4/examples/expression_closure_test.ml
camlp4/examples/fancy_lambda_quot.ml
camlp4/examples/fancy_lambda_quot_test.ml
camlp4/examples/free_vars_test.ml
camlp4/examples/gen_match_case.ml
camlp4/examples/gen_type_N.ml
camlp4/examples/gettext_test.ml
camlp4/examples/global_handler.ml
camlp4/examples/global_handler_test.ml
camlp4/examples/lambda_parser.ml
camlp4/examples/lambda_quot.ml
camlp4/examples/lambda_quot_expr.ml
camlp4/examples/lambda_quot_patt.ml
camlp4/examples/lambda_test.ml
camlp4/examples/macros.ml
camlp4/examples/parse_files.ml
camlp4/examples/syb_fold.ml
camlp4/examples/syb_map.ml
camlp4/examples/test.itarget
camlp4/examples/test_macros.ml
camlp4/examples/test_type_quotation.ml
camlp4/examples/type_quotation.ml
camlp4/import/.keepme
camlp4/mkcamlp4.ml
camlp4/test/fixtures/assert.ml
camlp4/test/fixtures/backquoted_irrefutable_tuple.ml
camlp4/test/fixtures/backquoted_record.ml
camlp4/test/fixtures/backquoted_tuple.ml
camlp4/test/fixtures/big-tab1.ml
camlp4/test/fixtures/big-tab2.ml
camlp4/test/fixtures/big-tab3.ml
camlp4/test/fixtures/bug-4058.ml
camlp4/test/fixtures/bug-4337.ml
camlp4/test/fixtures/bug-by-vincent-balat.ml
camlp4/test/fixtures/bug-camlp4o-benjamin-monate.ml
camlp4/test/fixtures/bug-camlp4o-constr-arity-expr.ml
camlp4/test/fixtures/bug-camlp4o-constr-arity.ml
camlp4/test/fixtures/bug_escaping_quot.ml
camlp4/test/fixtures/chars.ml
camlp4/test/fixtures/class_expr_quot.ml
camlp4/test/fixtures/comments.ml
camlp4/test/fixtures/comments.mli
camlp4/test/fixtures/comments2.ml
camlp4/test/fixtures/constant-parser.ml
camlp4/test/fixtures/curry-constr.ml
camlp4/test/fixtures/default_quotation.ml
camlp4/test/fixtures/exception-with-eqn-bug.ml
camlp4/test/fixtures/external.ml
camlp4/test/fixtures/fun.ml
camlp4/test/fixtures/functor-perf.ml
camlp4/test/fixtures/functor-perf2.gen.ml
camlp4/test/fixtures/functor-perf2.ml
camlp4/test/fixtures/functor-perf3.ml
camlp4/test/fixtures/gen_map.ml
camlp4/test/fixtures/gram-fold.ml
camlp4/test/fixtures/gram-list.ml
camlp4/test/fixtures/gram-loc-lost.ml
camlp4/test/fixtures/gram-sub-rule.ml
camlp4/test/fixtures/gram-tree.ml
camlp4/test/fixtures/gram-tree2.ml
camlp4/test/fixtures/gram-tree3.ml
camlp4/test/fixtures/gram.ml
camlp4/test/fixtures/idents
camlp4/test/fixtures/idents1
camlp4/test/fixtures/idents2
camlp4/test/fixtures/if.ml
camlp4/test/fixtures/label.ml
camlp4/test/fixtures/lambda_free.ml
camlp4/test/fixtures/loc-bug.ml
camlp4/test/fixtures/macrotest.ml
camlp4/test/fixtures/macrotest.mli
camlp4/test/fixtures/macrotest2.ml
camlp4/test/fixtures/macrotest3.ml
camlp4/test/fixtures/make_extend.ml
camlp4/test/fixtures/match.ml
camlp4/test/fixtures/match_parser.ml
camlp4/test/fixtures/meta_multi_term.ml
camlp4/test/fixtures/metalib.ml
camlp4/test/fixtures/method_private_virtual.ml
camlp4/test/fixtures/mod.ml
camlp4/test/fixtures/mod2.ml
camlp4/test/fixtures/operators.ml
camlp4/test/fixtures/operators.mli
camlp4/test/fixtures/original_syntax.ml
camlp4/test/fixtures/outside-scope.ml
camlp4/test/fixtures/parser.ml
camlp4/test/fixtures/pp_let_in.ml
camlp4/test/fixtures/pp_let_in2.ml
camlp4/test/fixtures/pp_xml.ml
camlp4/test/fixtures/pprecordtyp.ml
camlp4/test/fixtures/pr4314.ml
camlp4/test/fixtures/pr4314gram1.ml
camlp4/test/fixtures/pr4314gram2.ml
camlp4/test/fixtures/pr4314gram3.ml
camlp4/test/fixtures/pr4314gram4.ml
camlp4/test/fixtures/pr4314gram5.ml
camlp4/test/fixtures/pr4329.ml
camlp4/test/fixtures/pr4330.ml
camlp4/test/fixtures/pr4357.ml
camlp4/test/fixtures/pr4357sample.ml
camlp4/test/fixtures/pr4357sample2.ml
camlp4/test/fixtures/pr4452.ml
camlp4/test/fixtures/private_row.ml
camlp4/test/fixtures/rec.ml
camlp4/test/fixtures/seq.ml
camlp4/test/fixtures/seq2.ml
camlp4/test/fixtures/simplify.ml
camlp4/test/fixtures/simplify_r.ml
camlp4/test/fixtures/stream-parser-bug.ml
camlp4/test/fixtures/string.ml
camlp4/test/fixtures/superfluous.ml
camlp4/test/fixtures/transform-examples.ml
camlp4/test/fixtures/try.ml
camlp4/test/fixtures/tuple_as_retval.ml
camlp4/test/fixtures/type.ml
camlp4/test/fixtures/type_decl.ml
camlp4/test/fixtures/unit.ml
camlp4/test/fixtures/use.ml
camlp4/test/fixtures/where.o.ml
camlp4/test/fixtures/where.r.ml
camlp4/unmaintained/Makefile
camlp4/unmaintained/compile/.depend
camlp4/unmaintained/compile/.ignore
camlp4/unmaintained/compile/Makefile
camlp4/unmaintained/compile/comp_head.ml
camlp4/unmaintained/compile/comp_trail.ml
camlp4/unmaintained/compile/compile.ml
camlp4/unmaintained/compile/compile.sh
camlp4/unmaintained/etc/.depend
camlp4/unmaintained/etc/.ignore
camlp4/unmaintained/etc/Makefile
camlp4/unmaintained/etc/pa_fstream.ml
camlp4/unmaintained/etc/pa_ifdef.ml
camlp4/unmaintained/etc/pa_oop.ml
camlp4/unmaintained/etc/pa_ru.ml
camlp4/unmaintained/etc/parserify.ml
camlp4/unmaintained/etc/parserify.mli
camlp4/unmaintained/etc/pr_depend.ml
camlp4/unmaintained/etc/pr_extend.ml
camlp4/unmaintained/etc/pr_extfun.ml
camlp4/unmaintained/etc/pr_null.ml
camlp4/unmaintained/etc/pr_op.ml
camlp4/unmaintained/etc/pr_op_main.ml
camlp4/unmaintained/etc/pr_rp.ml
camlp4/unmaintained/etc/pr_rp_main.ml
camlp4/unmaintained/etc/q_phony.ml
camlp4/unmaintained/extfold/README
camlp4/unmaintained/extfold/pa_extfold.ml
camlp4/unmaintained/format/.depend
camlp4/unmaintained/format/Makefile
camlp4/unmaintained/format/README
camlp4/unmaintained/format/pa_format.ml
camlp4/unmaintained/lefteval/.depend
camlp4/unmaintained/lefteval/Makefile
camlp4/unmaintained/lefteval/README
camlp4/unmaintained/lefteval/pa_lefteval.ml
camlp4/unmaintained/lib/.cvsignore
camlp4/unmaintained/lib/.depend
camlp4/unmaintained/lib/Makefile
camlp4/unmaintained/lib/extfun.ml
camlp4/unmaintained/lib/extfun.mli
camlp4/unmaintained/lib/fstream.ml
camlp4/unmaintained/lib/fstream.mli
camlp4/unmaintained/ocamllex/Makefile
camlp4/unmaintained/ocamllex/README
camlp4/unmaintained/ocamllex/pa_ocamllex.ml
camlp4/unmaintained/ocpp/.depend
camlp4/unmaintained/ocpp/.ignore
camlp4/unmaintained/ocpp/Makefile
camlp4/unmaintained/ocpp/ocpp.ml
camlp4/unmaintained/odyl/.depend
camlp4/unmaintained/odyl/.ignore
camlp4/unmaintained/odyl/Makefile
camlp4/unmaintained/odyl/odyl.ml
camlp4/unmaintained/odyl/odyl_main.mli
camlp4/unmaintained/olabl/.depend
camlp4/unmaintained/olabl/Makefile
camlp4/unmaintained/olabl/README
camlp4/unmaintained/olabl/pa_olabl.ml
camlp4/unmaintained/scheme/.depend
camlp4/unmaintained/scheme/Makefile
camlp4/unmaintained/scheme/README
camlp4/unmaintained/scheme/pa_scheme.ml
camlp4/unmaintained/scheme/pa_scheme.sc
camlp4/unmaintained/scheme/pr_scheme.ml
camlp4/unmaintained/scheme/pr_schp_main.ml
camlp4/unmaintained/sml/.depend
camlp4/unmaintained/sml/Makefile
camlp4/unmaintained/sml/README
camlp4/unmaintained/sml/pa_sml.ml
camlp4/unmaintained/sml/smllib.sml
configure
myocamlbuild.ml
HEAD is now at 87c6a6b allow to specify LIBDIR, BINDIR and PKGDIR at configuration time

=-=-=-=-=-=-=-=-=-=-=-=-=-=-= Installing packages -=-=-=-=-=-=-=-=-=-=-=-=-=-=-=
Installing base-bytes.base.
Building camlp4.4.02.0:
  ./configure --bindir=/home/opam/.opam/4.02.0+trunk/bin --libdir=/home/opam/.opam/4.02.0+trunk/lib/ocaml --pkgdir=/home/opam/.opam/4.02.0+trunk/lib
  make all
  make install install-META
ocamlbuild -classic-display -no-ocamlfind `./build/camlp4-byte-only.sh`
+ echo camlp4/Camlp4.cmo camlp4/Camlp4Top.cmo camlp4/camlp4prof.byte camlp4/mkcamlp4.byte camlp4/camlp4.byte camlp4/camlp4fulllib.cma camlp4/camlp4boot.byte camlp4/camlp4boot.cma camlp4/camlp4r.byte camlp4/camlp4r.cma camlp4/camlp4rf.byte camlp4/camlp4rf.cma camlp4/camlp4o.byte camlp4/camlp4o.cma camlp4/camlp4of.byte camlp4/camlp4of.cma camlp4/camlp4oof.byte camlp4/camlp4oof.cma camlp4/camlp4orf.byte camlp4/camlp4orf.cma camlp4/Camlp4Parsers/Camlp4AstLoader.cmo camlp4/Camlp4Parsers/Camlp4DebugParser.cmo camlp4/Camlp4Parsers/Camlp4GrammarParser.cmo camlp4/Camlp4Parsers/Camlp4ListComprehension.cmo camlp4/Camlp4Parsers/Camlp4MacroParser.cmo camlp4/Camlp4Parsers/Camlp4OCamlOriginalQuotationExpander.cmo camlp4/Camlp4Parsers/Camlp4OCamlParser.cmo camlp4/Camlp4Parsers/Camlp4OCamlParserParser.cmo camlp4/Camlp4Parsers/Camlp4OCamlReloadedParser.cmo camlp4/Camlp4Parsers/Camlp4OCamlRevisedParser.cmo camlp4/Camlp4Parsers/Camlp4OCamlRevisedParserParser.cmo camlp4/Camlp4Parsers/Camlp4OCamlRevisedQuotationExpander.cmo camlp4/Camlp4Parsers/Camlp4QuotationCommon.cmo camlp4/Camlp4Parsers/Camlp4QuotationExpander.cmo camlp4/Camlp4Printers/Camlp4AstDumper.cmo camlp4/Camlp4Printers/Camlp4AutoPrinter.cmo camlp4/Camlp4Printers/Camlp4NullDumper.cmo camlp4/Camlp4Printers/Camlp4OCamlAstDumper.cmo camlp4/Camlp4Printers/Camlp4OCamlPrinter.cmo camlp4/Camlp4Printers/Camlp4OCamlRevisedPrinter.cmo camlp4/Camlp4Filters/Camlp4AstLifter.cmo camlp4/Camlp4Filters/Camlp4ExceptionTracer.cmo camlp4/Camlp4Filters/Camlp4FoldGenerator.cmo camlp4/Camlp4Filters/Camlp4LocationStripper.cmo camlp4/Camlp4Filters/Camlp4MapGenerator.cmo camlp4/Camlp4Filters/Camlp4MetaGenerator.cmo camlp4/Camlp4Filters/Camlp4Profiler.cmo camlp4/Camlp4Filters/Camlp4TrashRemover.cmo
Failure: TODO.
make: *** [byte] Error 2
Removing camlp4.4.02.0.
[ERROR] The compilation of camlp4.4.02.0 failed.
  ocamlfind remove camlp4
  rm -rf /home/opam/.opam/4.02.0+trunk/lib/ocaml/camlp4
  rm -f /home/opam/.opam/4.02.0+trunk/bin/camlp4 /home/opam/.opam/4.02.0+trunk/bin/camlp4boot /home/opam/.opam/4.02.0+trunk/bin/mkcamlp4 /home/opam/.opam/4.02.0+trunk/bin/camlp4r /home/opam/.opam/4.02.0+trunk/bin/camlp4rf /home/opam/.opam/4.02.0+trunk/bin/camlp4orf /home/opam/.opam/4.02.0+trunk/bin/camlp4o /home/opam/.opam/4.02.0+trunk/bin/camlp4of /home/opam/.opam/4.02.0+trunk/bin/camlp4oof /home/opam/.opam/4.02.0+trunk/bin/camlp4prof
ocamlfind: [WARNING] No such directory: /home/opam/.opam/4.02.0+trunk/lib/camlp4
Building ounit.2.0.0:
  make build
  make install
ocaml setup.ml -configure 
File "/home/gildor/programmation/oasis/src/oasis/OASISString.ml", line 118, characters 8-26:
Warning 3: deprecated: String.set
File "/home/gildor/programmation/oasis/src/oasis/OASISFindlib.ml", line 256, characters 6-24:
Warning 3: deprecated: Lazy.lazy_from_fun

Configuration: 
ocamlfind: ........................................... /home/opam/.opam/4.02.0+trunk/bin/ocamlfind
ocamlc: .............................................. /home/opam/.opam/4.02.0+trunk/bin/ocamlc.opt
ocamlopt: ............................................ /home/opam/.opam/4.02.0+trunk/bin/ocamlopt.opt
ocamlbuild: .......................................... /home/opam/.opam/4.02.0+trunk/bin/ocamlbuild
Package name: ........................................ ounit
Package version: ..................................... 2.0.0
os_type: ............................................. Unix
system: .............................................. linux
architecture: ........................................ amd64
ccomp_type: .......................................... cc
ocaml_version: ....................................... 4.02.0
standard_library_default: ............................ /home/opam/.opam/4.02.0+trunk/lib/ocaml
standard_library: .................................... /home/opam/.opam/4.02.0+trunk/lib/ocaml
standard_runtime: .................................... /home/opam/.opam/4.02.0+trunk/bin/ocamlrun
bytecomp_c_compiler: ................................. gcc -fno-defer-pop -Wall -D_FILE_OFFSET_BITS=64 -D_REENTRANT -fPIC
native_c_compiler: ................................... gcc -Wall -D_FILE_OFFSET_BITS=64 -D_REENTRANT
model: ............................................... default
ext_obj: ............................................. .o
ext_asm: ............................................. .s
ext_lib: ............................................. .a
ext_dll: ............................................. .so
default_executable_name: ............................. a.out
systhread_supported: ................................. true
Install architecture-independent files dir: .......... /usr/local
Install architecture-dependent files in dir: ......... $prefix
User executables: .................................... $exec_prefix/bin
System admin executables: ............................ $exec_prefix/sbin
Program executables: ................................. $exec_prefix/libexec
Read-only single-machine data: ....................... $prefix/etc
Modifiable architecture-independent data: ............ $prefix/com
Modifiable single-machine data: ...................... $prefix/var
Object code libraries: ............................... $exec_prefix/lib
Read-only arch-independent data root: ................ $prefix/share
Read-only architecture-independent data: ............. $datarootdir
Info documentation: .................................. $datarootdir/info
Locale-dependent data: ............................... $datarootdir/locale
Man documentation: ................................... $datarootdir/man
Documentation root: .................................. $datarootdir/doc/$pkg_name
HTML documentation: .................................. $docdir
DVI documentation: ................................... $docdir
PDF documentation: ................................... $docdir
PS documentation: .................................... $docdir
findlib_version: ..................................... 1.5.2
is_native: ........................................... true
suffix_program: ...................................... 
Remove a file.: ...................................... rm -f
Remove a directory.: ................................. rm -rf
Turn ocaml debug flag on: ............................ true
Turn ocaml profile flag on: .......................... false
Compiler support generation of .cmxs.: ............... true
OCamlbuild additional flags: ......................... 
Create documentations: ............................... true
Compile tests executable and library and run them: ... false
pkg_unix: ............................................ /home/opam/.opam/4.02.0+trunk/lib/ocaml
pkg_threads: ......................................... /home/opam/.opam/4.02.0+trunk/lib/ocaml
ocamldoc: ............................................ /home/opam/.opam/4.02.0+trunk/bin/ocamldoc

ocaml setup.ml -build 
File "/home/gildor/programmation/oasis/src/oasis/OASISString.ml", line 118, characters 8-26:
Warning 3: deprecated: String.set
File "/home/gildor/programmation/oasis/src/oasis/OASISFindlib.ml", line 256, characters 6-24:
Warning 3: deprecated: Lazy.lazy_from_fun
W: Cannot find source file matching module 'OUnitLoggerHTMLData' in library oUnitAdvanced
W: Cannot find source file matching module 'OUnitLoggerHTMLData' in library oUnitAdvanced
Failure: TODO.
E: Failure("Command ''/home/opam/.opam/4.02.0+trunk/bin/ocamlbuild' src/oUnitAdvanced.cma src/oUnitAdvanced.cmxa src/oUnitAdvanced.a src/oUnitAdvanced.cmxs src/oUnit.cma src/oUnit.cmxa src/oUnit.a src/oUnit.cmxs src/oUnitThreads.cma src/oUnitThreads.cmxa src/oUnitThreads.a src/oUnitThreads.cmxs -tag debug' terminated with error code 2")
make: *** [build] Error 1
[ERROR] The compilation of ounit.2.0.0 failed.
Removing ounit.2.0.0.
  ocamlfind remove oUnit
ocamlfind: [WARNING] No such directory: /home/opam/.opam/4.02.0+trunk/lib/oUnit
Building ctypes.0.3.3:
  make
  make install
ocaml src/discover/discover.ml -ocamlc "ocamlfind ocamlc"
testing for brew: .............................. unavailable
testing for pkg-config: ........................ available
testing for libffi: ............................ unavailable

The following recquired C libraries are missing: libffi.
Please install them and retry. If they are installed in a non-standard location
or need special flags, set the environment variables <LIB>_CFLAGS and <LIB>_LIBS
accordingly and retry.

For example, if libffi is installed in /opt/local, you can type:

export LIBFFI_CFLAGS=-I/opt/local/include
export LIBFFI_LIBS=-L/opt/local/lib

ocamlfind opt -c -o _build/src/configure/make_primitive_details.cmx        -I _build/src/configure  src/configure/make_primitive_details.ml
cd _build/src/configure && ocamlfind ocamlc -c -ccopt -fPIC -ccopt -Wall -ccopt -O3 -ccopt -I -ccopt /home/opam/opam-repository/src -ccopt -I -ccopt /home/opam/opam-repository/tests -o make_primitive_details_stubs.o  /home/opam/.opam/4.02.0+trunk/build/ctypes.0.3.3/src/configure/make_primitive_details_stubs.c
ocamlfind opt -I _build -linkpkg      -o _build/configure.native _build/src/configure/make_primitive_details.cmx _build/src/configure/make_primitive_details_stubs.o  
ocamlfind opt -c -o _build/src/libffi-abigen/libffi_abigen.cmx -package unix    -package unix   -I _build/src/libffi-abigen  src/libffi-abigen/libffi_abigen.ml
ocamlfind opt -I _build -linkpkg   -package unix   -o _build/libffi-abigen.native _build/src/libffi-abigen/libffi_abigen.cmx  
_build/configure.native > src/ctypes/ctypes_primitives.ml
_build/libffi-abigen.native > src/ctypes-foreign-base/libffi_abi.ml
ocamlfind ocamlc -package str -package bigarray -package bytes     -c -o _build/src/ctypes/common.cmo -I _build/src/ctypes  src/ctypes/common.ml
ocamlfind ocamlc -c -o _build/src/ctypes/ctypes_path.cmi -package str -package bigarray -package bytes   -I _build/src/ctypes  src/ctypes/ctypes_path.mli
ocamlfind ocamlc -package str -package bigarray -package bytes     -c -o _build/src/ctypes/ctypes_path.cmo -I _build/src/ctypes  src/ctypes/ctypes_path.ml
ocamlfind ocamlc -c -o _build/src/ctypes/unsigned.cmi -package str -package bigarray -package bytes   -I _build/src/ctypes  src/ctypes/unsigned.mli
ocamlfind ocamlc -package str -package bigarray -package bytes     -c -o _build/src/ctypes/unsigned.cmo -I _build/src/ctypes  src/ctypes/unsigned.ml
ocamlfind ocamlc -c -o _build/src/ctypes/signed.cmi -package str -package bigarray -package bytes   -I _build/src/ctypes  src/ctypes/signed.mli
ocamlfind ocamlc -package str -package bigarray -package bytes     -c -o _build/src/ctypes/signed.cmo -I _build/src/ctypes  src/ctypes/signed.ml
ocamlfind ocamlc -c -o _build/src/ctypes/primitives.cmi -package str -package bigarray -package bytes   -I _build/src/ctypes  src/ctypes/primitives.mli
ocamlfind ocamlc -package str -package bigarray -package bytes     -c -o _build/src/ctypes/primitives.cmo -I _build/src/ctypes  src/ctypes/primitives.ml
ocamlfind ocamlc -package str -package bigarray -package bytes     -c -o _build/src/ctypes/ctypes_primitives.cmo -I _build/src/ctypes  src/ctypes/ctypes_primitives.ml
ocamlfind ocamlc -package str -package bigarray -package bytes     -c -o _build/src/ctypes/ctypes_raw.cmo -I _build/src/ctypes  src/ctypes/ctypes_raw.ml
ocamlfind ocamlc -package str -package bigarray -package bytes     -c -o _build/src/ctypes/memory_stubs.cmo -I _build/src/ctypes  src/ctypes/memory_stubs.ml
ocamlfind ocamlc -package str -package bigarray -package bytes     -c -o _build/src/ctypes/std_view_stubs.cmo -I _build/src/ctypes  src/ctypes/std_view_stubs.ml
ocamlfind ocamlc -package str -package bigarray -package bytes     -c -o _build/src/ctypes/value_printing_stubs.cmo -I _build/src/ctypes  src/ctypes/value_printing_stubs.ml
ocamlfind ocamlc -package str -package bigarray -package bytes     -c -o _build/src/ctypes/bigarray_stubs.cmo -I _build/src/ctypes  src/ctypes/bigarray_stubs.ml
ocamlfind ocamlc -c -o _build/src/ctypes/ctypes_bigarray.cmi -package str -package bigarray -package bytes   -I _build/src/ctypes  src/ctypes/ctypes_bigarray.mli
ocamlfind ocamlc -package str -package bigarray -package bytes     -c -o _build/src/ctypes/ctypes_bigarray.cmo -I _build/src/ctypes  src/ctypes/ctypes_bigarray.ml
ocamlfind ocamlc -c -o _build/src/ctypes/static.cmi -package str -package bigarray -package bytes   -I _build/src/ctypes  src/ctypes/static.mli
ocamlfind ocamlc -package str -package bigarray -package bytes     -c -o _build/src/ctypes/static.cmo -I _build/src/ctypes  src/ctypes/static.ml
ocamlfind ocamlc -c -o _build/src/ctypes/structs.cmi -package str -package bigarray -package bytes   -I _build/src/ctypes  src/ctypes/structs.mli
ocamlfind ocamlc -package str -package bigarray -package bytes     -c -o _build/src/ctypes/structs.cmo -I _build/src/ctypes  src/ctypes/structs.ml
ocamlfind ocamlc -c -o _build/src/ctypes/structs_computed.cmi -package str -package bigarray -package bytes   -I _build/src/ctypes  src/ctypes/structs_computed.mli
ocamlfind ocamlc -package str -package bigarray -package bytes     -c -o _build/src/ctypes/structs_computed.cmo -I _build/src/ctypes  src/ctypes/structs_computed.ml
ocamlfind ocamlc -c -o _build/src/ctypes/type_printing.cmi -package str -package bigarray -package bytes   -I _build/src/ctypes  src/ctypes/type_printing.mli
ocamlfind ocamlc -package str -package bigarray -package bytes     -c -o _build/src/ctypes/type_printing.cmo -I _build/src/ctypes  src/ctypes/type_printing.ml
ocamlfind ocamlc -package str -package bigarray -package bytes     -c -o _build/src/ctypes/memory.cmo -I _build/src/ctypes  src/ctypes/memory.ml
ocamlfind ocamlc -c -o _build/src/ctypes/coerce.cmi -package str -package bigarray -package bytes   -I _build/src/ctypes  src/ctypes/coerce.mli
ocamlfind ocamlc -package str -package bigarray -package bytes     -c -o _build/src/ctypes/coerce.cmo -I _build/src/ctypes  src/ctypes/coerce.ml
ocamlfind ocamlc -package str -package bigarray -package bytes     -c -o _build/src/ctypes/std_views.cmo -I _build/src/ctypes  src/ctypes/std_views.ml
ocamlfind ocamlc -package str -package bigarray -package bytes     -c -o _build/src/ctypes/value_printing.cmo -I _build/src/ctypes  src/ctypes/value_printing.ml
ocamlfind ocamlc -c -o _build/src/ctypes/ctypes.cmi -package str -package bigarray -package bytes   -I _build/src/ctypes  src/ctypes/ctypes.mli
ocamlfind ocamlc -package str -package bigarray -package bytes     -c -o _build/src/ctypes/ctypes.cmo -I _build/src/ctypes  src/ctypes/ctypes.ml
ocamlfind ocamlc -c -o _build/src/ctypes/posixTypes.cmi -package str -package bigarray -package bytes   -I _build/src/ctypes  src/ctypes/posixTypes.mli
ocamlfind ocamlc -package str -package bigarray -package bytes     -c -o _build/src/ctypes/posixTypes.cmo -I _build/src/ctypes  src/ctypes/posixTypes.ml
ocamlfind ocamlc -a   -cclib -lctypes_stubs -dllib -lctypes_stubs -package str -package bigarray -package bytes  -o _build/ctypes.cma _build/src/ctypes/common.cmo _build/src/ctypes/ctypes_path.cmo _build/src/ctypes/unsigned.cmo _build/src/ctypes/signed.cmo _build/src/ctypes/primitives.cmo _build/src/ctypes/ctypes_primitives.cmo _build/src/ctypes/ctypes_raw.cmo _build/src/ctypes/memory_stubs.cmo _build/src/ctypes/std_view_stubs.cmo _build/src/ctypes/value_printing_stubs.cmo _build/src/ctypes/bigarray_stubs.cmo _build/src/ctypes/ctypes_bigarray.cmo _build/src/ctypes/static.cmo _build/src/ctypes/structs.cmo _build/src/ctypes/structs_computed.cmo _build/src/ctypes/type_printing.cmo _build/src/ctypes/memory.cmo _build/src/ctypes/coerce.cmo _build/src/ctypes/std_views.cmo _build/src/ctypes/value_printing.cmo _build/src/ctypes/ctypes.cmo _build/src/ctypes/posixTypes.cmo 
cd _build/src/ctypes && ocamlfind ocamlc -c -ccopt -fPIC -ccopt -Wall -ccopt -O3 -ccopt -I -ccopt /home/opam/opam-repository/src -ccopt -I -ccopt /home/opam/opam-repository/tests -o complex_stubs.o  /home/opam/.opam/4.02.0+trunk/build/ctypes.0.3.3/src/ctypes/complex_stubs.c
cd _build/src/ctypes && ocamlfind ocamlc -c -ccopt -fPIC -ccopt -Wall -ccopt -O3 -ccopt -I -ccopt /home/opam/opam-repository/src -ccopt -I -ccopt /home/opam/opam-repository/tests -o ctypes_bigarray_stubs.o  /home/opam/.opam/4.02.0+trunk/build/ctypes.0.3.3/src/ctypes/ctypes_bigarray_stubs.c
cd _build/src/ctypes && ocamlfind ocamlc -c -ccopt -fPIC -ccopt -Wall -ccopt -O3 -ccopt -I -ccopt /home/opam/opam-repository/src -ccopt -I -ccopt /home/opam/opam-repository/tests -o managed_buffer_stubs.o  /home/opam/.opam/4.02.0+trunk/build/ctypes.0.3.3/src/ctypes/managed_buffer_stubs.c
cd _build/src/ctypes && ocamlfind ocamlc -c -ccopt -fPIC -ccopt -Wall -ccopt -O3 -ccopt -I -ccopt /home/opam/opam-repository/src -ccopt -I -ccopt /home/opam/opam-repository/tests -o posix_types_stubs.o  /home/opam/.opam/4.02.0+trunk/build/ctypes.0.3.3/src/ctypes/posix_types_stubs.c
cd _build/src/ctypes && ocamlfind ocamlc -c -ccopt -fPIC -ccopt -Wall -ccopt -O3 -ccopt -I -ccopt /home/opam/opam-repository/src -ccopt -I -ccopt /home/opam/opam-repository/tests -o raw_pointer_stubs.o  /home/opam/.opam/4.02.0+trunk/build/ctypes.0.3.3/src/ctypes/raw_pointer_stubs.c
cd _build/src/ctypes && ocamlfind ocamlc -c -ccopt -fPIC -ccopt -Wall -ccopt -O3 -ccopt -I -ccopt /home/opam/opam-repository/src -ccopt -I -ccopt /home/opam/opam-repository/tests -o type_info_stubs.o  /home/opam/.opam/4.02.0+trunk/build/ctypes.0.3.3/src/ctypes/type_info_stubs.c
/home/opam/.opam/4.02.0+trunk/build/ctypes.0.3.3/src/ctypes/type_info_stubs.c: In function 'ctypes_string_of_prim':
/home/opam/.opam/4.02.0+trunk/build/ctypes.0.3.3/src/ctypes/type_info_stubs.c:130:3: warning: format '%ld' expects argument of type 'long int', but argument 4 has type 'int64' [-Wformat=]
   case Int64_t: len = snprintf(buf, sizeof buf, "%" PRId64, Int64_val(v)); break;
   ^
/home/opam/.opam/4.02.0+trunk/build/ctypes.0.3.3/src/ctypes/type_info_stubs.c:130:3: warning: format '%ld' expects argument of type 'long int', but argument 4 has type 'int64' [-Wformat=]
cd _build/src/ctypes && ocamlfind ocamlc -c -ccopt -fPIC -ccopt -Wall -ccopt -O3 -ccopt -I -ccopt /home/opam/opam-repository/src -ccopt -I -ccopt /home/opam/opam-repository/tests -o unsigned_stubs.o  /home/opam/.opam/4.02.0+trunk/build/ctypes.0.3.3/src/ctypes/unsigned_stubs.c
ocamlmklib -o _build/ctypes_stubs _build/src/ctypes/complex_stubs.o _build/src/ctypes/ctypes_bigarray_stubs.o _build/src/ctypes/managed_buffer_stubs.o _build/src/ctypes/posix_types_stubs.o _build/src/ctypes/raw_pointer_stubs.o _build/src/ctypes/type_info_stubs.o _build/src/ctypes/unsigned_stubs.o 
ocamlfind opt -c -o _build/src/ctypes/common.cmx -package str -package bigarray -package bytes    -package str -package bigarray -package bytes   -I _build/src/ctypes  src/ctypes/common.ml
ocamlfind opt -c -o _build/src/ctypes/ctypes_path.cmx -package str -package bigarray -package bytes    -package str -package bigarray -package bytes   -I _build/src/ctypes  src/ctypes/ctypes_path.ml
ocamlfind opt -c -o _build/src/ctypes/unsigned.cmx -package str -package bigarray -package bytes    -package str -package bigarray -package bytes   -I _build/src/ctypes  src/ctypes/unsigned.ml
ocamlfind opt -c -o _build/src/ctypes/signed.cmx -package str -package bigarray -package bytes    -package str -package bigarray -package bytes   -I _build/src/ctypes  src/ctypes/signed.ml
ocamlfind opt -c -o _build/src/ctypes/primitives.cmx -package str -package bigarray -package bytes    -package str -package bigarray -package bytes   -I _build/src/ctypes  src/ctypes/primitives.ml
ocamlfind opt -c -o _build/src/ctypes/ctypes_primitives.cmx -package str -package bigarray -package bytes    -package str -package bigarray -package bytes   -I _build/src/ctypes  src/ctypes/ctypes_primitives.ml
ocamlfind opt -c -o _build/src/ctypes/ctypes_raw.cmx -package str -package bigarray -package bytes    -package str -package bigarray -package bytes   -I _build/src/ctypes  src/ctypes/ctypes_raw.ml
ocamlfind opt -c -o _build/src/ctypes/memory_stubs.cmx -package str -package bigarray -package bytes    -package str -package bigarray -package bytes   -I _build/src/ctypes  src/ctypes/memory_stubs.ml
ocamlfind opt -c -o _build/src/ctypes/std_view_stubs.cmx -package str -package bigarray -package bytes    -package str -package bigarray -package bytes   -I _build/src/ctypes  src/ctypes/std_view_stubs.ml
ocamlfind opt -c -o _build/src/ctypes/value_printing_stubs.cmx -package str -package bigarray -package bytes    -package str -package bigarray -package bytes   -I _build/src/ctypes  src/ctypes/value_printing_stubs.ml
ocamlfind opt -c -o _build/src/ctypes/bigarray_stubs.cmx -package str -package bigarray -package bytes    -package str -package bigarray -package bytes   -I _build/src/ctypes  src/ctypes/bigarray_stubs.ml
ocamlfind opt -c -o _build/src/ctypes/ctypes_bigarray.cmx -package str -package bigarray -package bytes    -package str -package bigarray -package bytes   -I _build/src/ctypes  src/ctypes/ctypes_bigarray.ml
ocamlfind opt -c -o _build/src/ctypes/static.cmx -package str -package bigarray -package bytes    -package str -package bigarray -package bytes   -I _build/src/ctypes  src/ctypes/static.ml
ocamlfind opt -c -o _build/src/ctypes/structs.cmx -package str -package bigarray -package bytes    -package str -package bigarray -package bytes   -I _build/src/ctypes  src/ctypes/structs.ml
ocamlfind opt -c -o _build/src/ctypes/structs_computed.cmx -package str -package bigarray -package bytes    -package str -package bigarray -package bytes   -I _build/src/ctypes  src/ctypes/structs_computed.ml
ocamlfind opt -c -o _build/src/ctypes/type_printing.cmx -package str -package bigarray -package bytes    -package str -package bigarray -package bytes   -I _build/src/ctypes  src/ctypes/type_printing.ml
ocamlfind opt -c -o _build/src/ctypes/memory.cmx -package str -package bigarray -package bytes    -package str -package bigarray -package bytes   -I _build/src/ctypes  src/ctypes/memory.ml
ocamlfind opt -c -o _build/src/ctypes/coerce.cmx -package str -package bigarray -package bytes    -package str -package bigarray -package bytes   -I _build/src/ctypes  src/ctypes/coerce.ml
ocamlfind opt -c -o _build/src/ctypes/std_views.cmx -package str -package bigarray -package bytes    -package str -package bigarray -package bytes   -I _build/src/ctypes  src/ctypes/std_views.ml
ocamlfind opt -c -o _build/src/ctypes/value_printing.cmx -package str -package bigarray -package bytes    -package str -package bigarray -package bytes   -I _build/src/ctypes  src/ctypes/value_printing.ml
ocamlfind opt -c -o _build/src/ctypes/ctypes.cmx -package str -package bigarray -package bytes    -package str -package bigarray -package bytes   -I _build/src/ctypes  src/ctypes/ctypes.ml
ocamlfind opt -c -o _build/src/ctypes/posixTypes.cmx -package str -package bigarray -package bytes    -package str -package bigarray -package bytes   -I _build/src/ctypes  src/ctypes/posixTypes.ml
ocamlfind opt -a -linkall   -package str -package bigarray -package bytes  -cclib -lctypes_stubs -o _build/ctypes.cmxa _build/src/ctypes/common.cmx _build/src/ctypes/ctypes_path.cmx _build/src/ctypes/unsigned.cmx _build/src/ctypes/signed.cmx _build/src/ctypes/primitives.cmx _build/src/ctypes/ctypes_primitives.cmx _build/src/ctypes/ctypes_raw.cmx _build/src/ctypes/memory_stubs.cmx _build/src/ctypes/std_view_stubs.cmx _build/src/ctypes/value_printing_stubs.cmx _build/src/ctypes/bigarray_stubs.cmx _build/src/ctypes/ctypes_bigarray.cmx _build/src/ctypes/static.cmx _build/src/ctypes/structs.cmx _build/src/ctypes/structs_computed.cmx _build/src/ctypes/type_printing.cmx _build/src/ctypes/memory.cmx _build/src/ctypes/coerce.cmx _build/src/ctypes/std_views.cmx _build/src/ctypes/value_printing.cmx _build/src/ctypes/ctypes.cmx _build/src/ctypes/posixTypes.cmx 
ocamlfind opt -shared -linkall   -package str -package bigarray -package bytes  -o _build/ctypes.cmxs _build/src/ctypes/common.cmx _build/src/ctypes/ctypes_path.cmx _build/src/ctypes/unsigned.cmx _build/src/ctypes/signed.cmx _build/src/ctypes/primitives.cmx _build/src/ctypes/ctypes_primitives.cmx _build/src/ctypes/ctypes_raw.cmx _build/src/ctypes/memory_stubs.cmx _build/src/ctypes/std_view_stubs.cmx _build/src/ctypes/value_printing_stubs.cmx _build/src/ctypes/bigarray_stubs.cmx _build/src/ctypes/ctypes_bigarray.cmx _build/src/ctypes/static.cmx _build/src/ctypes/structs.cmx _build/src/ctypes/structs_computed.cmx _build/src/ctypes/type_printing.cmx _build/src/ctypes/memory.cmx _build/src/ctypes/coerce.cmx _build/src/ctypes/std_views.cmx _build/src/ctypes/value_printing.cmx _build/src/ctypes/ctypes.cmx _build/src/ctypes/posixTypes.cmx _build/src/ctypes/complex_stubs.o _build/src/ctypes/ctypes_bigarray_stubs.o _build/src/ctypes/managed_buffer_stubs.o _build/src/ctypes/posix_types_stubs.o _build/src/ctypes/raw_pointer_stubs.o _build/src/ctypes/type_info_stubs.o _build/src/ctypes/unsigned_stubs.o 
ocamlfind ocamlc -c -o _build/src/cstubs/cstubs_analysis.cmi -package str -package bytes   -I _build/src/cstubs  -I _build/src/ctypes src/cstubs/cstubs_analysis.mli
ocamlfind ocamlc -package str -package bytes     -c -o _build/src/cstubs/cstubs_analysis.cmo -I _build/src/cstubs  -I _build/src/ctypes src/cstubs/cstubs_analysis.ml
ocamlfind ocamlc -c -o _build/src/cstubs/cstubs_errors.cmi -package str -package bytes   -I _build/src/cstubs  -I _build/src/ctypes src/cstubs/cstubs_errors.mli
ocamlfind ocamlc -package str -package bytes     -c -o _build/src/cstubs/cstubs_errors.cmo -I _build/src/cstubs  -I _build/src/ctypes src/cstubs/cstubs_errors.ml
ocamlfind ocamlc -c -o _build/src/cstubs/cstubs_generate_c.cmi -package str -package bytes   -I _build/src/cstubs  -I _build/src/ctypes src/cstubs/cstubs_generate_c.mli
ocamlfind ocamlc -package str -package bytes     -c -o _build/src/cstubs/cstubs_generate_c.cmo -I _build/src/cstubs  -I _build/src/ctypes src/cstubs/cstubs_generate_c.ml
ocamlfind ocamlc -c -o _build/src/cstubs/cstubs_internals.cmi -package str -package bytes   -I _build/src/cstubs  -I _build/src/ctypes src/cstubs/cstubs_internals.mli
ocamlfind ocamlc -package str -package bytes     -c -o _build/src/cstubs/cstubs_internals.cmo -I _build/src/cstubs  -I _build/src/ctypes src/cstubs/cstubs_internals.ml
ocamlfind ocamlc -c -o _build/src/cstubs/cstubs_public_name.cmi -package str -package bytes   -I _build/src/cstubs  -I _build/src/ctypes src/cstubs/cstubs_public_name.mli
ocamlfind ocamlc -package str -package bytes     -c -o _build/src/cstubs/cstubs_public_name.cmo -I _build/src/cstubs  -I _build/src/ctypes src/cstubs/cstubs_public_name.ml
ocamlfind ocamlc -c -o _build/src/cstubs/cstubs_generate_ml.cmi -package str -package bytes   -I _build/src/cstubs  -I _build/src/ctypes src/cstubs/cstubs_generate_ml.mli
ocamlfind ocamlc -package str -package bytes     -c -o _build/src/cstubs/cstubs_generate_ml.cmo -I _build/src/cstubs  -I _build/src/ctypes src/cstubs/cstubs_generate_ml.ml
ocamlfind ocamlc -c -o _build/src/cstubs/cstubs.cmi -package str -package bytes   -I _build/src/cstubs  -I _build/src/ctypes src/cstubs/cstubs.mli
ocamlfind ocamlc -package str -package bytes     -c -o _build/src/cstubs/cstubs.cmo -I _build/src/cstubs  -I _build/src/ctypes src/cstubs/cstubs.ml
ocamlfind ocamlc -c -o _build/src/cstubs/cstubs_inverted.cmi -package str -package bytes   -I _build/src/cstubs  -I _build/src/ctypes src/cstubs/cstubs_inverted.mli
ocamlfind ocamlc -package str -package bytes     -c -o _build/src/cstubs/cstubs_inverted.cmo -I _build/src/cstubs  -I _build/src/ctypes src/cstubs/cstubs_inverted.ml
ocamlfind ocamlc -a    -package str -package bytes  -o _build/cstubs.cma _build/src/cstubs/cstubs_analysis.cmo _build/src/cstubs/cstubs_errors.cmo _build/src/cstubs/cstubs_generate_c.cmo _build/src/cstubs/cstubs_internals.cmo _build/src/cstubs/cstubs_public_name.cmo _build/src/cstubs/cstubs_generate_ml.cmo _build/src/cstubs/cstubs.cmo _build/src/cstubs/cstubs_inverted.cmo 
ocamlfind opt -c -o _build/src/cstubs/cstubs_analysis.cmx -package str -package bytes    -package str -package bytes   -I _build/src/cstubs  -I _build/src/ctypes src/cstubs/cstubs_analysis.ml
ocamlfind opt -c -o _build/src/cstubs/cstubs_errors.cmx -package str -package bytes    -package str -package bytes   -I _build/src/cstubs  -I _build/src/ctypes src/cstubs/cstubs_errors.ml
ocamlfind opt -c -o _build/src/cstubs/cstubs_generate_c.cmx -package str -package bytes    -package str -package bytes   -I _build/src/cstubs  -I _build/src/ctypes src/cstubs/cstubs_generate_c.ml
ocamlfind opt -c -o _build/src/cstubs/cstubs_internals.cmx -package str -package bytes    -package str -package bytes   -I _build/src/cstubs  -I _build/src/ctypes src/cstubs/cstubs_internals.ml
ocamlfind opt -c -o _build/src/cstubs/cstubs_public_name.cmx -package str -package bytes    -package str -package bytes   -I _build/src/cstubs  -I _build/src/ctypes src/cstubs/cstubs_public_name.ml
ocamlfind opt -c -o _build/src/cstubs/cstubs_generate_ml.cmx -package str -package bytes    -package str -package bytes   -I _build/src/cstubs  -I _build/src/ctypes src/cstubs/cstubs_generate_ml.ml
ocamlfind opt -c -o _build/src/cstubs/cstubs.cmx -package str -package bytes    -package str -package bytes   -I _build/src/cstubs  -I _build/src/ctypes src/cstubs/cstubs.ml
ocamlfind opt -c -o _build/src/cstubs/cstubs_inverted.cmx -package str -package bytes    -package str -package bytes   -I _build/src/cstubs  -I _build/src/ctypes src/cstubs/cstubs_inverted.ml
ocamlfind opt -a -linkall   -package str -package bytes   -o _build/cstubs.cmxa _build/src/cstubs/cstubs_analysis.cmx _build/src/cstubs/cstubs_errors.cmx _build/src/cstubs/cstubs_generate_c.cmx _build/src/cstubs/cstubs_internals.cmx _build/src/cstubs/cstubs_public_name.cmx _build/src/cstubs/cstubs_generate_ml.cmx _build/src/cstubs/cstubs.cmx _build/src/cstubs/cstubs_inverted.cmx 
ocamlfind opt -shared -linkall   -package str -package bytes  -o _build/cstubs.cmxs _build/src/cstubs/cstubs_analysis.cmx _build/src/cstubs/cstubs_errors.cmx _build/src/cstubs/cstubs_generate_c.cmx _build/src/cstubs/cstubs_internals.cmx _build/src/cstubs/cstubs_public_name.cmx _build/src/cstubs/cstubs_generate_ml.cmx _build/src/cstubs/cstubs.cmx _build/src/cstubs/cstubs_inverted.cmx  
ocamlfind ocamlc -c -o _build/src/ctypes-foreign-base/closure_properties.cmi    -I _build/src/ctypes-foreign-base  -I _build/src/ctypes src/ctypes-foreign-base/closure_properties.mli
ocamlfind ocamlc      -c -o _build/src/ctypes-foreign-base/closure_properties.cmo -I _build/src/ctypes-foreign-base  -I _build/src/ctypes src/ctypes-foreign-base/closure_properties.ml
ocamlfind ocamlc -c -o _build/src/ctypes-foreign-base/dl.cmi    -I _build/src/ctypes-foreign-base  -I _build/src/ctypes src/ctypes-foreign-base/dl.mli
ocamlfind ocamlc      -c -o _build/src/ctypes-foreign-base/dl.cmo -I _build/src/ctypes-foreign-base  -I _build/src/ctypes src/ctypes-foreign-base/dl.ml
ocamlfind ocamlc      -c -o _build/src/ctypes-foreign-base/ffi_stubs.cmo -I _build/src/ctypes-foreign-base  -I _build/src/ctypes src/ctypes-foreign-base/ffi_stubs.ml
ocamlfind ocamlc -c -o _build/src/ctypes-foreign-base/libffi_abi.cmi    -I _build/src/ctypes-foreign-base  -I _build/src/ctypes src/ctypes-foreign-base/libffi_abi.mli
ocamlfind ocamlc      -c -o _build/src/ctypes-foreign-base/libffi_abi.cmo -I _build/src/ctypes-foreign-base  -I _build/src/ctypes src/ctypes-foreign-base/libffi_abi.ml
ocamlfind ocamlc -c -o _build/src/ctypes-foreign-base/weakRef.cmi    -I _build/src/ctypes-foreign-base  -I _build/src/ctypes src/ctypes-foreign-base/weakRef.mli
ocamlfind ocamlc      -c -o _build/src/ctypes-foreign-base/weakRef.cmo -I _build/src/ctypes-foreign-base  -I _build/src/ctypes src/ctypes-foreign-base/weakRef.ml
ocamlfind ocamlc -c -o _build/src/ctypes-foreign-base/ffi.cmi    -I _build/src/ctypes-foreign-base  -I _build/src/ctypes src/ctypes-foreign-base/ffi.mli
ocamlfind ocamlc      -c -o _build/src/ctypes-foreign-base/ffi.cmo -I _build/src/ctypes-foreign-base  -I _build/src/ctypes src/ctypes-foreign-base/ffi.ml
ocamlfind ocamlc      -c -o _build/src/ctypes-foreign-base/foreign_basis.cmo -I _build/src/ctypes-foreign-base  -I _build/src/ctypes src/ctypes-foreign-base/foreign_basis.ml
ocamlfind ocamlc -a   -cclib -lctypes-foreign-base_stubs -dllib -lctypes-foreign-base_stubs   -o _build/ctypes-foreign-base.cma _build/src/ctypes-foreign-base/closure_properties.cmo _build/src/ctypes-foreign-base/dl.cmo _build/src/ctypes-foreign-base/ffi_stubs.cmo _build/src/ctypes-foreign-base/libffi_abi.cmo _build/src/ctypes-foreign-base/weakRef.cmo _build/src/ctypes-foreign-base/ffi.cmo _build/src/ctypes-foreign-base/foreign_basis.cmo 
cd _build/src/ctypes-foreign-base && ocamlfind ocamlc -c -ccopt -fPIC -ccopt -Wall -ccopt -O3 -ccopt -I -ccopt /home/opam/opam-repository/src -ccopt -I -ccopt /home/opam/opam-repository/tests -o dl_stubs.o  /home/opam/.opam/4.02.0+trunk/build/ctypes.0.3.3/src/ctypes-foreign-base/dl_stubs.c
cd _build/src/ctypes-foreign-base && ocamlfind ocamlc -c -ccopt -fPIC -ccopt -Wall -ccopt -O3 -ccopt -I -ccopt /home/opam/opam-repository/src -ccopt -I -ccopt /home/opam/opam-repository/tests -o ffi_call_stubs.o  /home/opam/.opam/4.02.0+trunk/build/ctypes.0.3.3/src/ctypes-foreign-base/ffi_call_stubs.c
/home/opam/.opam/4.02.0+trunk/build/ctypes.0.3.3/src/ctypes-foreign-base/ffi_call_stubs.c:21:17: fatal error: ffi.h: No such file or directory
 #include <ffi.h>
                 ^
compilation terminated.
make: *** [_build/src/ctypes-foreign-base/ffi_call_stubs.o] Error 2
[ERROR] The compilation of ctypes.0.3.3 failed.
Removing ctypes.0.3.3.
  ocamlfind remove ctypes
ocamlfind: [WARNING] No such directory: /home/opam/.opam/4.02.0+trunk/lib/ctypes


=-=-=-=-=-=-=-=-=-=-=-=-=-=-=-=-= Error report =-=-=-=-=-=-=-=-=-=-=-=-=-=-=-=-=
These actions have been completed successfully
 - install   base-bytes.base
The following failed
 - install   camlp4.4.02.0
 - install   ctypes.0.3.3
 - install   ounit.2.0.0
Due to the errors, the following have been cancelled
 - install   bin_prot.111.03.00
 - install   fieldslib.109.20.03
 - install   async_extra.111.25.00
 - install   async_ssl.111.21.00
 - install   herelib.109.35.02
 - install   core.111.25.00
 - install   type_conv.111.13.00
 - install   pa_ounit.109.53.02
 - install   typerep.111.17.00
 - install   pipebang.110.01.00
 - install   variantslib.109.15.03
 - install   async_kernel.111.25.00
 - install   core_kernel.111.25.00
 - install   comparelib.109.60.00
 - install   custom_printf.111.25.00
 - install   enumerate.111.08.00
 - install   pa_test.111.08.00
 - install   pa_bench.109.55.02
 - install   async.111.25.00
 - install   sexplib.111.25.00
 - install   async_unix.111.25.00

#==================== ERROR while installing camlp4.4.02.0 ====================#
# opam-version         1.2.0~beta4
# os                   linux
# command              make all
# path                 /home/opam/.opam/4.02.0+trunk/build/camlp4.4.02.0
# compiler             4.02.0+trunk
# exit-code            2
# env-file             /home/opam/.opam/4.02.0+trunk/build/camlp4.4.02.0/camlp4-904-d474c2.env
# stdout-file          /home/opam/.opam/4.02.0+trunk/build/camlp4.4.02.0/camlp4-904-d474c2.out
# stderr-file          /home/opam/.opam/4.02.0+trunk/build/camlp4.4.02.0/camlp4-904-d474c2.err
### stdout ###
# ocamlbuild -classic-display -no-ocamlfind `./build/camlp4-byte-only.sh`
# Failure: TODO.
### stderr ###
# + echo camlp4/Camlp4.cmo camlp4/Camlp4Top.cmo camlp4/camlp4prof.byte camlp4/mkcamlp4.byte camlp4/camlp4.byte camlp4/camlp4fulllib.cma camlp4/camlp4boot.byte camlp4/camlp4boot.cma camlp4/camlp4r.byte camlp4/camlp4r.cma camlp4/camlp4rf.byte camlp4/camlp4rf.cma camlp4/camlp4o.byte camlp4/camlp4o.cma camlp4/camlp4of.byte camlp4/camlp4of.cma camlp4/camlp4oof.byte camlp4/camlp4oof.cma camlp4/camlp4orf.b...[truncated]
# make: *** [byte] Error 2


#==================== ERROR while installing ctypes.0.3.3 =====================#
# opam-version         1.2.0~beta4
# os                   linux
# command              make
# path                 /home/opam/.opam/4.02.0+trunk/build/ctypes.0.3.3
# compiler             4.02.0+trunk
# exit-code            2
# env-file             /home/opam/.opam/4.02.0+trunk/build/ctypes.0.3.3/ctypes-1037-03b1a4.env
# stdout-file          /home/opam/.opam/4.02.0+trunk/build/ctypes.0.3.3/ctypes-1037-03b1a4.out
# stderr-file          /home/opam/.opam/4.02.0+trunk/build/ctypes.0.3.3/ctypes-1037-03b1a4.err
### stdout ###
# ...[truncated]
# ocamlfind ocamlc -c -o _build/src/ctypes-foreign-base/libffi_abi.cmi    -I _build/src/ctypes-foreign-base  -I _build/src/ctypes src/ctypes-foreign-base/libffi_abi.mli
# ocamlfind ocamlc      -c -o _build/src/ctypes-foreign-base/libffi_abi.cmo -I _build/src/ctypes-foreign-base  -I _build/src/ctypes src/ctypes-foreign-base/libffi_abi.ml
# ocamlfind ocamlc -c -o _build/src/ctypes-foreign-base/weakRef.cmi    -I _build/src/ctypes-foreign-base  -I _build/src/ctypes src/ctypes-foreign-base/weakRef.mli
# ocamlfind ocamlc      -c -o _build/src/ctypes-foreign-base/weakRef.cmo -I _build/src/ctypes-foreign-base  -I _build/src/ctypes src/ctypes-foreign-base/weakRef.ml
# ocamlfind ocamlc -c -o _build/src/ctypes-foreign-base/ffi.cmi    -I _build/src/ctypes-foreign-base  -I _build/src/ctypes src/ctypes-foreign-base/ffi.mli
# ocamlfind ocamlc      -c -o _build/src/ctypes-foreign-base/ffi.cmo -I _build/src/ctypes-foreign-base  -I _build/src/ctypes src/ctypes-foreign-base/ffi.ml
# ocamlfind ocamlc      -c -o _build/src/ctypes-foreign-base/foreign_basis.cmo -I _build/src/ctypes-foreign-base  -I _build/src/ctypes src/ctypes-foreign-base/foreign_basis.ml
# ocamlfind ocamlc -a   -cclib -lctypes-foreign-base_stubs -dllib -lctypes-foreign-base_stubs   -o _build/ctypes-foreign-base.cma _build/src/ctypes-foreign-base/closure_properties.cmo _build/src/ctypes-foreign-base/dl.cmo _build/src/ctypes-foreign-base/ffi_stubs.cmo _build/src/ctypes-foreign-base/libffi_abi.cmo _build/src/ctypes-foreign-base/weakRef.cmo _build/src/ctypes-foreign-base/ffi.cmo _build/src/ctypes-foreign-base/foreign_basis.cmo 
# cd _build/src/ctypes-foreign-base && ocamlfind ocamlc -c -ccopt -fPIC -ccopt -Wall -ccopt -O3 -ccopt -I -ccopt /home/opam/opam-repository/src -ccopt -I -ccopt /home/opam/opam-repository/tests -o dl_stubs.o  /home/opam/.opam/4.02.0+trunk/build/ctypes.0.3.3/src/ctypes-foreign-base/dl_stubs.c
# cd _build/src/ctypes-foreign-base && ocamlfind ocamlc -c -ccopt -fPIC -ccopt -Wall -ccopt -O3 -ccopt -I -ccopt /home/opam/opam-repository/src -ccopt -I -ccopt /home/opam/opam-repository/tests -o ffi_call_stubs.o  /home/opam/.opam/4.02.0+trunk/build/ctypes.0.3.3/src/ctypes-foreign-base/ffi_call_stubs.c
### stderr ###
# ...[truncated]
# /home/opam/.opam/4.02.0+trunk/build/ctypes.0.3.3/src/ctypes/type_info_stubs.c: In function 'ctypes_string_of_prim':
# /home/opam/.opam/4.02.0+trunk/build/ctypes.0.3.3/src/ctypes/type_info_stubs.c:130:3: warning: format '%ld' expects argument of type 'long int', but argument 4 has type 'int64' [-Wformat=]
#    case Int64_t: len = snprintf(buf, sizeof buf, "%" PRId64, Int64_val(v)); break;
#    ^
# /home/opam/.opam/4.02.0+trunk/build/ctypes.0.3.3/src/ctypes/type_info_stubs.c:130:3: warning: format '%ld' expects argument of type 'long int', but argument 4 has type 'int64' [-Wformat=]
# /home/opam/.opam/4.02.0+trunk/build/ctypes.0.3.3/src/ctypes-foreign-base/ffi_call_stubs.c:21:17: fatal error: ffi.h: No such file or directory
#  #include <ffi.h>
#                  ^
# compilation terminated.
# make: *** [_build/src/ctypes-foreign-base/ffi_call_stubs.o] Error 2


#===================== ERROR while installing ounit.2.0.0 =====================#
# opam-version         1.2.0~beta4
# os                   linux
# command              make build
# path                 /home/opam/.opam/4.02.0+trunk/build/ounit.2.0.0
# compiler             4.02.0+trunk
# exit-code            2
# env-file             /home/opam/.opam/4.02.0+trunk/build/ounit.2.0.0/ounit-981-48c407.env
# stdout-file          /home/opam/.opam/4.02.0+trunk/build/ounit.2.0.0/ounit-981-48c407.out
# stderr-file          /home/opam/.opam/4.02.0+trunk/build/ounit.2.0.0/ounit-981-48c407.err
### stdout ###
# ...[truncated]
# Compiler support generation of .cmxs.: ............... true
# OCamlbuild additional flags: ......................... 
# Create documentations: ............................... true
# Compile tests executable and library and run them: ... false
# pkg_unix: ............................................ /home/opam/.opam/4.02.0+trunk/lib/ocaml
# pkg_threads: ......................................... /home/opam/.opam/4.02.0+trunk/lib/ocaml
# ocamldoc: ............................................ /home/opam/.opam/4.02.0+trunk/bin/ocamldoc
# 
# ocaml setup.ml -build 
# Failure: TODO.
### stderr ###
# ...[truncated]
# File "/home/gildor/programmation/oasis/src/oasis/OASISFindlib.ml", line 256, characters 6-24:
# Warning 3: deprecated: Lazy.lazy_from_fun
# File "/home/gildor/programmation/oasis/src/oasis/OASISString.ml", line 118, characters 8-26:
# Warning 3: deprecated: String.set
# File "/home/gildor/programmation/oasis/src/oasis/OASISFindlib.ml", line 256, characters 6-24:
# Warning 3: deprecated: Lazy.lazy_from_fun
# W: Cannot find source file matching module 'OUnitLoggerHTMLData' in library oUnitAdvanced
# W: Cannot find source file matching module 'OUnitLoggerHTMLData' in library oUnitAdvanced
# E: Failure("Command ''/home/opam/.opam/4.02.0+trunk/bin/ocamlbuild' src/oUnitAdvanced.cma src/oUnitAdvanced.cmxa src/oUnitAdvanced.a src/oUnitAdvanced.cmxs src/oUnit.cma src/oUnit.cmxa src/oUnit.a src/oUnit.cmxs src/oUnitThreads.cma src/oUnitThreads.cmxa src/oUnitThreads.a src/oUnitThreads.cmxs -tag debug' terminated with error code 2")
# make: *** [build] Error 1


The former state can be restored with opam switch import "/home/opam/.opam/4.02.0+trunk/backup/state-20140719122808.export"
'opam install async_ssl' failed.
