++ opam install aws -e ubuntu
+ depext='clasp version 2.1.4
Reading from outWl77pN/gringo_out
Solving...
Answer: 3
in("aws",2) in("base-bigarray",1) in("base-unix",1) in("ocamlfind",6) in("base-th
OPTIMUM FOUND

Models      : 1     
  Enumerated: 3
  Optimum   : yes
Optimization: 0 1 25
Time        : 0.019s (Solving: 0.00s 1st Model: 0.00s Unsat: 0.00s)
CPU Time    : 0.010s
Choices     : 103
Conflicts   : 13
Restarts    : 0     

Atoms       : 17267 
Rules       : 19138  (1: 18969 2: 20 3: 146 6: 3)
Bodies      : 791   
Equivalences: 34818  (Atom=Atom: 16905 Body=Body: 234 Other: 17679)
Tight       : Yes

Variables   : 549    (Eliminated:  136 Frozen:  206)
Constraints : 1104   (Binary: 92.8% Ternary:  2.0% Other:  5.3%)
Lemmas      : 11     (Binary: 36.4% Ternary: 27.3% Other: 36.4%)
  Conflict  : 11     (Average Length: 4.0) 
  Loop      : 0      (Average Length: 0.0) 
  Other     : 0      (Average Length: 0.0)
  Deleted   : 0     

Backtracks          : 2     
Backjumps           : 11     (Bounded: 0)
Skippable Levels    : 24     (Skipped: 24 Rate: 100.0%)
Max Jump Length     : 6      (Executed: 6)
Max Bound Length    : 0     
Average Jump Length : 2.2    (Executed: 2.2)
Average Bound Length: 0.0   
Average Model Length: 28.0  
/usr/share/aspcud/encodings/misc2012.lp:150:57-76: warning: atom is undefined:
  recommends(P,V,D,W)

/usr/share/aspcud/encodings/misc2012.lp:148:57-75: warning: atom is undefined:
  attribute(P,V,A,X)

/usr/share/aspcud/encodings/misc2012.lp:138:57-76: warning: atom is undefined:
  recommends(P,V,D,W)

/usr/share/aspcud/encodings/misc2012.lp:164:42-61: warning: atom is undefined:
  recommends(P,V,D,W)

/usr/share/aspcud/encodings/misc2012.lp:161:63-81: warning: atom is undefined:
  attribute(P,V,A,X)

/usr/share/aspcud/encodings/misc2012.lp:109:50-68: warning: atom is undefined:
  attribute(P,V,A,X)

/usr/share/aspcud/encodings/misc2012.lp:109:70-88: warning: atom is undefined:
  attribute(P,V,B,Y)

/usr/share/aspcud/encodings/misc2012.lp:30:22-41: warning: atom is undefined:
  recommends(P,V,D,W)

libgdbm-dev libpcre3-dev libssl-dev zlib1g-dev'
+ echo Ubuntu depexts: clasp version 2.1.4 Reading from outWl77pN/gringo_out Solving... Answer: 3 'in("aws",2)' 'in("base-bigarray",1)' 'in("base-unix",1)' 'in("ocamlfind",6)' 'in("base-th' OPTIMUM FOUND Models : 1 Enumerated: 3 Optimum : yes Optimization: 0 1 25 Time : 0.019s '(Solving:' 0.00s 1st Model: 0.00s Unsat: '0.00s)' CPU Time : 0.010s Choices : 103 Conflicts : 13 Restarts : 0 Atoms : 17267 Rules : 19138 '(1:' 18969 2: 20 3: 146 6: '3)' Bodies : 791 Equivalences: 34818 '(Atom=Atom:' 16905 Body=Body: 234 Other: '17679)' Tight : Yes Variables : 549 '(Eliminated:' 136 Frozen: '206)' Constraints : 1104 '(Binary:' 92.8% Ternary: 2.0% Other: '5.3%)' Lemmas : 11 '(Binary:' 36.4% Ternary: 27.3% Other: '36.4%)' Conflict : 11 '(Average' Length: '4.0)' Loop : 0 '(Average' Length: '0.0)' Other : 0 '(Average' Length: '0.0)' Deleted : 0 Backtracks : 2 Backjumps : 11 '(Bounded:' '0)' Skippable Levels : 24 '(Skipped:' 24 Rate: '100.0%)' Max Jump Length : 6 '(Executed:' '6)' Max Bound Length : 0 Average Jump Length : 2.2 '(Executed:' '2.2)' Average Bound Length: 0.0 Average Model Length: 28.0 /usr/share/aspcud/encodings/misc2012.lp:150:57-76: warning: atom is undefined: 'recommends(P,V,D,W)' /usr/share/aspcud/encodings/misc2012.lp:148:57-75: warning: atom is undefined: 'attribute(P,V,A,X)' /usr/share/aspcud/encodings/misc2012.lp:138:57-76: warning: atom is undefined: 'recommends(P,V,D,W)' /usr/share/aspcud/encodings/misc2012.lp:164:42-61: warning: atom is undefined: 'recommends(P,V,D,W)' /usr/share/aspcud/encodings/misc2012.lp:161:63-81: warning: atom is undefined: 'attribute(P,V,A,X)' /usr/share/aspcud/encodings/misc2012.lp:109:50-68: warning: atom is undefined: 'attribute(P,V,A,X)' /usr/share/aspcud/encodings/misc2012.lp:109:70-88: warning: atom is undefined: 'attribute(P,V,B,Y)' /usr/share/aspcud/encodings/misc2012.lp:30:22-41: warning: atom is undefined: 'recommends(P,V,D,W)' libgdbm-dev libpcre3-dev libssl-dev zlib1g-dev
+ '[' 'clasp version 2.1.4
Reading from outWl77pN/gringo_out
Solving...
Answer: 3
in("aws",2) in("base-bigarray",1) in("base-unix",1) in("ocamlfind",6) in("base-th
OPTIMUM FOUND

Models      : 1     
  Enumerated: 3
  Optimum   : yes
Optimization: 0 1 25
Time        : 0.019s (Solving: 0.00s 1st Model: 0.00s Unsat: 0.00s)
CPU Time    : 0.010s
Choices     : 103
Conflicts   : 13
Restarts    : 0     

Atoms       : 17267 
Rules       : 19138  (1: 18969 2: 20 3: 146 6: 3)
Bodies      : 791   
Equivalences: 34818  (Atom=Atom: 16905 Body=Body: 234 Other: 17679)
Tight       : Yes

Variables   : 549    (Eliminated:  136 Frozen:  206)
Constraints : 1104   (Binary: 92.8% Ternary:  2.0% Other:  5.3%)
Lemmas      : 11     (Binary: 36.4% Ternary: 27.3% Other: 36.4%)
  Conflict  : 11     (Average Length: 4.0) 
  Loop      : 0      (Average Length: 0.0) 
  Other     : 0      (Average Length: 0.0)
  Deleted   : 0     

Backtracks          : 2     
Backjumps           : 11     (Bounded: 0)
Skippable Levels    : 24     (Skipped: 24 Rate: 100.0%)
Max Jump Length     : 6      (Executed: 6)
Max Bound Length    : 0     
Average Jump Length : 2.2    (Executed: 2.2)
Average Bound Length: 0.0   
Average Model Length: 28.0  
/usr/share/aspcud/encodings/misc2012.lp:150:57-76: warning: atom is undefined:
  recommends(P,V,D,W)

/usr/share/aspcud/encodings/misc2012.lp:148:57-75: warning: atom is undefined:
  attribute(P,V,A,X)

/usr/share/aspcud/encodings/misc2012.lp:138:57-76: warning: atom is undefined:
  recommends(P,V,D,W)

/usr/share/aspcud/encodings/misc2012.lp:164:42-61: warning: atom is undefined:
  recommends(P,V,D,W)

/usr/share/aspcud/encodings/misc2012.lp:161:63-81: warning: atom is undefined:
  attribute(P,V,A,X)

/usr/share/aspcud/encodings/misc2012.lp:109:50-68: warning: atom is undefined:
  attribute(P,V,A,X)

/usr/share/aspcud/encodings/misc2012.lp:109:70-88: warning: atom is undefined:
  attribute(P,V,B,Y)

/usr/share/aspcud/encodings/misc2012.lp:30:22-41: warning: atom is undefined:
  recommends(P,V,D,W)

libgdbm-dev libpcre3-dev libssl-dev zlib1g-dev' '!=' '' ']'
+ sudo apt-get install -qq -y build-essential m4
Ubuntu depexts: clasp version 2.1.4 Reading from outWl77pN/gringo_out Solving... Answer: 3 in("aws",2) in("base-bigarray",1) in("base-unix",1) in("ocamlfind",6) in("base-th OPTIMUM FOUND Models : 1 Enumerated: 3 Optimum : yes Optimization: 0 1 25 Time : 0.019s (Solving: 0.00s 1st Model: 0.00s Unsat: 0.00s) CPU Time : 0.010s Choices : 103 Conflicts : 13 Restarts : 0 Atoms : 17267 Rules : 19138 (1: 18969 2: 20 3: 146 6: 3) Bodies : 791 Equivalences: 34818 (Atom=Atom: 16905 Body=Body: 234 Other: 17679) Tight : Yes Variables : 549 (Eliminated: 136 Frozen: 206) Constraints : 1104 (Binary: 92.8% Ternary: 2.0% Other: 5.3%) Lemmas : 11 (Binary: 36.4% Ternary: 27.3% Other: 36.4%) Conflict : 11 (Average Length: 4.0) Loop : 0 (Average Length: 0.0) Other : 0 (Average Length: 0.0) Deleted : 0 Backtracks : 2 Backjumps : 11 (Bounded: 0) Skippable Levels : 24 (Skipped: 24 Rate: 100.0%) Max Jump Length : 6 (Executed: 6) Max Bound Length : 0 Average Jump Length : 2.2 (Executed: 2.2) Average Bound Length: 0.0 Average Model Length: 28.0 /usr/share/aspcud/encodings/misc2012.lp:150:57-76: warning: atom is undefined: recommends(P,V,D,W) /usr/share/aspcud/encodings/misc2012.lp:148:57-75: warning: atom is undefined: attribute(P,V,A,X) /usr/share/aspcud/encodings/misc2012.lp:138:57-76: warning: atom is undefined: recommends(P,V,D,W) /usr/share/aspcud/encodings/misc2012.lp:164:42-61: warning: atom is undefined: recommends(P,V,D,W) /usr/share/aspcud/encodings/misc2012.lp:161:63-81: warning: atom is undefined: attribute(P,V,A,X) /usr/share/aspcud/encodings/misc2012.lp:109:50-68: warning: atom is undefined: attribute(P,V,A,X) /usr/share/aspcud/encodings/misc2012.lp:109:70-88: warning: atom is undefined: attribute(P,V,B,Y) /usr/share/aspcud/encodings/misc2012.lp:30:22-41: warning: atom is undefined: recommends(P,V,D,W) libgdbm-dev libpcre3-dev libssl-dev zlib1g-dev
+ sudo apt-get install -qq -y clasp version 2.1.4 Reading from outWl77pN/gringo_out Solving... Answer: 3 'in("aws",2)' 'in("base-bigarray",1)' 'in("base-unix",1)' 'in("ocamlfind",6)' 'in("base-th' OPTIMUM FOUND Models : 1 Enumerated: 3 Optimum : yes Optimization: 0 1 25 Time : 0.019s '(Solving:' 0.00s 1st Model: 0.00s Unsat: '0.00s)' CPU Time : 0.010s Choices : 103 Conflicts : 13 Restarts : 0 Atoms : 17267 Rules : 19138 '(1:' 18969 2: 20 3: 146 6: '3)' Bodies : 791 Equivalences: 34818 '(Atom=Atom:' 16905 Body=Body: 234 Other: '17679)' Tight : Yes Variables : 549 '(Eliminated:' 136 Frozen: '206)' Constraints : 1104 '(Binary:' 92.8% Ternary: 2.0% Other: '5.3%)' Lemmas : 11 '(Binary:' 36.4% Ternary: 27.3% Other: '36.4%)' Conflict : 11 '(Average' Length: '4.0)' Loop : 0 '(Average' Length: '0.0)' Other : 0 '(Average' Length: '0.0)' Deleted : 0 Backtracks : 2 Backjumps : 11 '(Bounded:' '0)' Skippable Levels : 24 '(Skipped:' 24 Rate: '100.0%)' Max Jump Length : 6 '(Executed:' '6)' Max Bound Length : 0 Average Jump Length : 2.2 '(Executed:' '2.2)' Average Bound Length: 0.0 Average Model Length: 28.0 /usr/share/aspcud/encodings/misc2012.lp:150:57-76: warning: atom is undefined: 'recommends(P,V,D,W)' /usr/share/aspcud/encodings/misc2012.lp:148:57-75: warning: atom is undefined: 'attribute(P,V,A,X)' /usr/share/aspcud/encodings/misc2012.lp:138:57-76: warning: atom is undefined: 'recommends(P,V,D,W)' /usr/share/aspcud/encodings/misc2012.lp:164:42-61: warning: atom is undefined: 'recommends(P,V,D,W)' /usr/share/aspcud/encodings/misc2012.lp:161:63-81: warning: atom is undefined: 'attribute(P,V,A,X)' /usr/share/aspcud/encodings/misc2012.lp:109:50-68: warning: atom is undefined: 'attribute(P,V,A,X)' /usr/share/aspcud/encodings/misc2012.lp:109:70-88: warning: atom is undefined: 'attribute(P,V,B,Y)' /usr/share/aspcud/encodings/misc2012.lp:30:22-41: warning: atom is undefined: 'recommends(P,V,D,W)' libgdbm-dev libpcre3-dev libssl-dev zlib1g-dev
E: Unable to locate package version
E: Unable to locate package Reading
E: Unable to locate package from
E: Unable to locate package outWl77pN
E: Unable to locate package Solving...
E: Couldn't find any package by regex 'Solving...'
E: Unable to locate package Answer
E: Unable to locate package 3
E: Unable to locate package in("aws",2)
E: Unable to locate package in("base-bigarray",1)
E: Unable to locate package in("base-unix",1)
E: Unable to locate package in("ocamlfind",6)
E: Unable to locate package in("base-th
E: Unable to locate package OPTIMUM
E: Unable to locate package FOUND
E: Unable to locate package Models
E: Unable to locate package 
E: Unable to locate package 1
E: Unable to locate package Enumerated
E: Unable to locate package 3
E: Unable to locate package Optimum
E: Unable to locate package 
E: Unable to locate package yes
E: Unable to locate package Optimization
E: Unable to locate package 0
E: Unable to locate package 1
E: Unable to locate package 25
E: Unable to locate package 
E: Unable to locate package 0.019s
E: Couldn't find any package by regex '0.019s'
E: Unable to locate package (Solving
E: Unable to locate package 0.00s
E: Couldn't find any package by regex '0.00s'
E: Unable to locate package 1st
E: Unable to locate package Model
E: Unable to locate package 0.00s
E: Couldn't find any package by regex '0.00s'
E: Unable to locate package Unsat
E: Unable to locate package 0.00s)
E: Couldn't find any package by regex '0.00s)'
E: Unable to locate package 
E: Unable to locate package 0.010s
E: Couldn't find any package by regex '0.010s'
E: Unable to locate package Choices
E: Unable to locate package 
E: Unable to locate package 103
E: Unable to locate package Conflicts
E: Unable to locate package 
E: Unable to locate package 13
E: Unable to locate package Restarts
E: Unable to locate package 
E: Unable to locate package 0
E: Unable to locate package Atoms
E: Unable to locate package 
E: Unable to locate package 17267
E: Unable to locate package Rules
E: Unable to locate package 
E: Unable to locate package 19138
E: Unable to locate package (1
E: Unable to locate package 18969
E: Unable to locate package 2
E: Unable to locate package 20
E: Unable to locate package 3
E: Unable to locate package 146
E: Unable to locate package 6
E: Unable to locate package 3)
E: Unable to locate package Bodies
E: Unable to locate package 
E: Unable to locate package 791
E: Unable to locate package Equivalences
E: Unable to locate package 34818
E: Unable to locate package (Atom
E: Unable to locate package 16905
E: Unable to locate package Body
E: Unable to locate package 234
E: Unable to locate package Other
E: Unable to locate package 17679)
E: Unable to locate package Tight
E: Unable to locate package 
E: Unable to locate package Yes
E: Unable to locate package Variables
E: Unable to locate package 
E: Unable to locate package 549
E: Unable to locate package (Eliminated
E: Unable to locate package 136
E: Unable to locate package Frozen
E: Unable to locate package 206)
E: Unable to locate package Constraints
E: Unable to locate package 
E: Unable to locate package 1104
E: Unable to locate package (Binary
E: Unable to locate package 92.8%
E: Couldn't find any package by regex '92.8%'
E: Unable to locate package Ternary
E: Unable to locate package 2.0%
E: Couldn't find any package by regex '2.0%'
E: Unable to locate package Other
E: Unable to locate package 5.3%)
E: Couldn't find any package by regex '5.3%)'
E: Unable to locate package Lemmas
E: Unable to locate package 
E: Unable to locate package 11
E: Unable to locate package (Binary
E: Unable to locate package 36.4%
E: Couldn't find any package by regex '36.4%'
E: Unable to locate package Ternary
E: Unable to locate package 27.3%
E: Couldn't find any package by regex '27.3%'
E: Unable to locate package Other
E: Unable to locate package 36.4%)
E: Couldn't find any package by regex '36.4%)'
E: Unable to locate package Conflict
E: Unable to locate package 
E: Unable to locate package 11
E: Unable to locate package (Average
E: Unable to locate package Length
E: Unable to locate package 4.0)
E: Couldn't find any package by regex '4.0)'
E: Unable to locate package Loop
E: Unable to locate package 
E: Unable to locate package 0
E: Unable to locate package (Average
E: Unable to locate package Length
E: Unable to locate package 0.0)
E: Couldn't find any package by regex '0.0)'
E: Unable to locate package Other
E: Unable to locate package 
E: Unable to locate package 0
E: Unable to locate package (Average
E: Unable to locate package Length
E: Unable to locate package 0.0)
E: Couldn't find any package by regex '0.0)'
E: Unable to locate package Deleted
E: Unable to locate package 
E: Unable to locate package 0
E: Unable to locate package Backtracks
E: Unable to locate package 
E: Unable to locate package 2
E: Unable to locate package Backjumps
E: Unable to locate package 
E: Unable to locate package 11
E: Unable to locate package (Bounded
E: Unable to locate package 0)
E: Unable to locate package Skippable
E: Unable to locate package Levels
E: Unable to locate package 
E: Unable to locate package 24
E: Unable to locate package (Skipped
E: Unable to locate package 24
E: Unable to locate package Rate
E: Unable to locate package 100.0%)
E: Couldn't find any package by regex '100.0%)'
E: Unable to locate package Max
E: Unable to locate package Jump
E: Unable to locate package Length
E: Unable to locate package 
E: Unable to locate package 6
E: Unable to locate package (Executed
E: Unable to locate package 6)
E: Unable to locate package Max
E: Unable to locate package Bound
E: Unable to locate package Length
E: Unable to locate package 
E: Unable to locate package 0
E: Unable to locate package Average
E: Unable to locate package Jump
E: Unable to locate package Length
E: Unable to locate package 
E: Unable to locate package (Executed
E: Unable to locate package 2.2)
E: Couldn't find any package by regex '2.2)'
E: Unable to locate package Average
E: Unable to locate package Bound
E: Unable to locate package Length
E: Unable to locate package Average
E: Unable to locate package Model
E: Unable to locate package Length
E: Unable to locate package /usr/share/aspcud/encodings
E: Unable to locate package warning
E: Unable to locate package atom
E: Unable to locate package is
E: Unable to locate package undefined
E: Unable to locate package recommends(P,V,D,W)
E: Unable to locate package /usr/share/aspcud/encodings
E: Unable to locate package warning
E: Unable to locate package atom
E: Unable to locate package is
E: Unable to locate package undefined
E: Unable to locate package attribute(P,V,A,X)
E: Unable to locate package /usr/share/aspcud/encodings
E: Unable to locate package warning
E: Unable to locate package atom
E: Unable to locate package is
E: Unable to locate package undefined
E: Unable to locate package recommends(P,V,D,W)
E: Unable to locate package /usr/share/aspcud/encodings
E: Unable to locate package warning
E: Unable to locate package atom
E: Unable to locate package is
E: Unable to locate package undefined
E: Unable to locate package recommends(P,V,D,W)
E: Unable to locate package /usr/share/aspcud/encodings
E: Unable to locate package warning
E: Unable to locate package atom
E: Unable to locate package is
E: Unable to locate package undefined
E: Unable to locate package attribute(P,V,A,X)
E: Unable to locate package /usr/share/aspcud/encodings
E: Unable to locate package warning
E: Unable to locate package atom
E: Unable to locate package is
E: Unable to locate package undefined
E: Unable to locate package attribute(P,V,A,X)
E: Unable to locate package /usr/share/aspcud/encodings
E: Unable to locate package warning
E: Unable to locate package atom
E: Unable to locate package is
E: Unable to locate package undefined
E: Unable to locate package attribute(P,V,B,Y)
E: Unable to locate package /usr/share/aspcud/encodings
E: Unable to locate package warning
E: Unable to locate package atom
E: Unable to locate package is
E: Unable to locate package undefined
E: Unable to locate package recommends(P,V,D,W)
++ opam install aws -e source,linux
+ srcext='clasp version 2.1.4
Reading from outO1zVTr/gringo_out
Solving...
Answer: 3
in("aws",2) in("base-bigarray",1) in("base-unix",1) in("ocamlfind",6) in("base-th
OPTIMUM FOUND

Models      : 1     
  Enumerated: 3
  Optimum   : yes
Optimization: 0 1 25
Time        : 0.019s (Solving: 0.00s 1st Model: 0.00s Unsat: 0.00s)
CPU Time    : 0.020s
Choices     : 103
Conflicts   : 13
Restarts    : 0     

Atoms       : 17267 
Rules       : 19138  (1: 18969 2: 20 3: 146 6: 3)
Bodies      : 791   
Equivalences: 34818  (Atom=Atom: 16905 Body=Body: 234 Other: 17679)
Tight       : Yes

Variables   : 549    (Eliminated:  136 Frozen:  206)
Constraints : 1104   (Binary: 92.8% Ternary:  2.0% Other:  5.3%)
Lemmas      : 11     (Binary: 36.4% Ternary: 27.3% Other: 36.4%)
  Conflict  : 11     (Average Length: 4.0) 
  Loop      : 0      (Average Length: 0.0) 
  Other     : 0      (Average Length: 0.0)
  Deleted   : 0     

Backtracks          : 2     
Backjumps           : 11     (Bounded: 0)
Skippable Levels    : 24     (Skipped: 24 Rate: 100.0%)
Max Jump Length     : 6      (Executed: 6)
Max Bound Length    : 0     
Average Jump Length : 2.2    (Executed: 2.2)
Average Bound Length: 0.0   
Average Model Length: 28.0  
/usr/share/aspcud/encodings/misc2012.lp:150:57-76: warning: atom is undefined:
  recommends(P,V,D,W)

/usr/share/aspcud/encodings/misc2012.lp:148:57-75: warning: atom is undefined:
  attribute(P,V,A,X)

/usr/share/aspcud/encodings/misc2012.lp:138:57-76: warning: atom is undefined:
  recommends(P,V,D,W)

/usr/share/aspcud/encodings/misc2012.lp:164:42-61: warning: atom is undefined:
  recommends(P,V,D,W)

/usr/share/aspcud/encodings/misc2012.lp:161:63-81: warning: atom is undefined:
  attribute(P,V,A,X)

/usr/share/aspcud/encodings/misc2012.lp:109:50-68: warning: atom is undefined:
  attribute(P,V,A,X)

/usr/share/aspcud/encodings/misc2012.lp:109:70-88: warning: atom is undefined:
  attribute(P,V,B,Y)

/usr/share/aspcud/encodings/misc2012.lp:30:22-41: warning: atom is undefined:
  recommends(P,V,D,W)'
+ echo Ubuntu srcexts: clasp version 2.1.4 Reading from outO1zVTr/gringo_out Solving... Answer: 3 'in("aws",2)' 'in("base-bigarray",1)' 'in("base-unix",1)' 'in("ocamlfind",6)' 'in("base-th' OPTIMUM FOUND Models : 1 Enumerated: 3 Optimum : yes Optimization: 0 1 25 Time : 0.019s '(Solving:' 0.00s 1st Model: 0.00s Unsat: '0.00s)' CPU Time : 0.020s Choices : 103 Conflicts : 13 Restarts : 0 Atoms : 17267 Rules : 19138 '(1:' 18969 2: 20 3: 146 6: '3)' Bodies : 791 Equivalences: 34818 '(Atom=Atom:' 16905 Body=Body: 234 Other: '17679)' Tight : Yes Variables : 549 '(Eliminated:' 136 Frozen: '206)' Constraints : 1104 '(Binary:' 92.8% Ternary: 2.0% Other: '5.3%)' Lemmas : 11 '(Binary:' 36.4% Ternary: 27.3% Other: '36.4%)' Conflict : 11 '(Average' Length: '4.0)' Loop : 0 '(Average' Length: '0.0)' Other : 0 '(Average' Length: '0.0)' Deleted : 0 Backtracks : 2 Backjumps : 11 '(Bounded:' '0)' Skippable Levels : 24 '(Skipped:' 24 Rate: '100.0%)' Max Jump Length : 6 '(Executed:' '6)' Max Bound Length : 0 Average Jump Length : 2.2 '(Executed:' '2.2)' Average Bound Length: 0.0 Average Model Length: 28.0 /usr/share/aspcud/encodings/misc2012.lp:150:57-76: warning: atom is undefined: 'recommends(P,V,D,W)' /usr/share/aspcud/encodings/misc2012.lp:148:57-75: warning: atom is undefined: 'attribute(P,V,A,X)' /usr/share/aspcud/encodings/misc2012.lp:138:57-76: warning: atom is undefined: 'recommends(P,V,D,W)' /usr/share/aspcud/encodings/misc2012.lp:164:42-61: warning: atom is undefined: 'recommends(P,V,D,W)' /usr/share/aspcud/encodings/misc2012.lp:161:63-81: warning: atom is undefined: 'attribute(P,V,A,X)' /usr/share/aspcud/encodings/misc2012.lp:109:50-68: warning: atom is undefined: 'attribute(P,V,A,X)' /usr/share/aspcud/encodings/misc2012.lp:109:70-88: warning: atom is undefined: 'attribute(P,V,B,Y)' /usr/share/aspcud/encodings/misc2012.lp:30:22-41: warning: atom is undefined: 'recommends(P,V,D,W)'
+ '[' 'clasp version 2.1.4
Reading from outO1zVTr/gringo_out
Solving...
Answer: 3
in("aws",2) in("base-bigarray",1) in("base-unix",1) in("ocamlfind",6) in("base-th
OPTIMUM FOUND

Models      : 1     
  Enumerated: 3
  Optimum   : yes
Optimization: 0 1 25
Time        : 0.019s (Solving: 0.00s 1st Model: 0.00s Unsat: 0.00s)
CPU Time    : 0.020s
Choices     : 103
Conflicts   : 13
Restarts    : 0     

Atoms       : 17267 
Rules       : 19138  (1: 18969 2: 20 3: 146 6: 3)
Bodies      : 791   
Equivalences: 34818  (Atom=Atom: 16905 Body=Body: 234 Other: 17679)
Tight       : Yes

Variables   : 549    (Eliminated:  136 Frozen:  206)
Constraints : 1104   (Binary: 92.8% Ternary:  2.0% Other:  5.3%)
Lemmas      : 11     (Binary: 36.4% Ternary: 27.3% Other: 36.4%)
  Conflict  : 11     (Average Length: 4.0) 
  Loop      : 0      (Average Length: 0.0) 
  Other     : 0      (Average Length: 0.0)
  Deleted   : 0     

Backtracks          : 2     
Backjumps           : 11     (Bounded: 0)
Skippable Levels    : 24     (Skipped: 24 Rate: 100.0%)
Max Jump Length     : 6      (Executed: 6)
Max Bound Length    : 0     
Average Jump Length : 2.2    (Executed: 2.2)
Average Bound Length: 0.0   
Average Model Length: 28.0  
/usr/share/aspcud/encodings/misc2012.lp:150:57-76: warning: atom is undefined:
  recommends(P,V,D,W)

/usr/share/aspcud/encodings/misc2012.lp:148:57-75: warning: atom is undefined:
  attribute(P,V,A,X)

/usr/share/aspcud/encodings/misc2012.lp:138:57-76: warning: atom is undefined:
  recommends(P,V,D,W)

/usr/share/aspcud/encodings/misc2012.lp:164:42-61: warning: atom is undefined:
  recommends(P,V,D,W)

/usr/share/aspcud/encodings/misc2012.lp:161:63-81: warning: atom is undefined:
  attribute(P,V,A,X)

/usr/share/aspcud/encodings/misc2012.lp:109:50-68: warning: atom is undefined:
  attribute(P,V,A,X)

/usr/share/aspcud/encodings/misc2012.lp:109:70-88: warning: atom is undefined:
  attribute(P,V,B,Y)

/usr/share/aspcud/encodings/misc2012.lp:30:22-41: warning: atom is undefined:
  recommends(P,V,D,W)' '!=' '' ']'
++ mktemp
Ubuntu srcexts: clasp version 2.1.4 Reading from outO1zVTr/gringo_out Solving... Answer: 3 in("aws",2) in("base-bigarray",1) in("base-unix",1) in("ocamlfind",6) in("base-th OPTIMUM FOUND Models : 1 Enumerated: 3 Optimum : yes Optimization: 0 1 25 Time : 0.019s (Solving: 0.00s 1st Model: 0.00s Unsat: 0.00s) CPU Time : 0.020s Choices : 103 Conflicts : 13 Restarts : 0 Atoms : 17267 Rules : 19138 (1: 18969 2: 20 3: 146 6: 3) Bodies : 791 Equivalences: 34818 (Atom=Atom: 16905 Body=Body: 234 Other: 17679) Tight : Yes Variables : 549 (Eliminated: 136 Frozen: 206) Constraints : 1104 (Binary: 92.8% Ternary: 2.0% Other: 5.3%) Lemmas : 11 (Binary: 36.4% Ternary: 27.3% Other: 36.4%) Conflict : 11 (Average Length: 4.0) Loop : 0 (Average Length: 0.0) Other : 0 (Average Length: 0.0) Deleted : 0 Backtracks : 2 Backjumps : 11 (Bounded: 0) Skippable Levels : 24 (Skipped: 24 Rate: 100.0%) Max Jump Length : 6 (Executed: 6) Max Bound Length : 0 Average Jump Length : 2.2 (Executed: 2.2) Average Bound Length: 0.0 Average Model Length: 28.0 /usr/share/aspcud/encodings/misc2012.lp:150:57-76: warning: atom is undefined: recommends(P,V,D,W) /usr/share/aspcud/encodings/misc2012.lp:148:57-75: warning: atom is undefined: attribute(P,V,A,X) /usr/share/aspcud/encodings/misc2012.lp:138:57-76: warning: atom is undefined: recommends(P,V,D,W) /usr/share/aspcud/encodings/misc2012.lp:164:42-61: warning: atom is undefined: recommends(P,V,D,W) /usr/share/aspcud/encodings/misc2012.lp:161:63-81: warning: atom is undefined: attribute(P,V,A,X) /usr/share/aspcud/encodings/misc2012.lp:109:50-68: warning: atom is undefined: attribute(P,V,A,X) /usr/share/aspcud/encodings/misc2012.lp:109:70-88: warning: atom is undefined: attribute(P,V,B,Y) /usr/share/aspcud/encodings/misc2012.lp:30:22-41: warning: atom is undefined: recommends(P,V,D,W)
+ t=/tmp/tmp.uvWIUZgpTN
+ curl -sL clasp version 2.1.4 Reading from outO1zVTr/gringo_out Solving... Answer: 3 'in("aws",2)' 'in("base-bigarray",1)' 'in("base-unix",1)' 'in("ocamlfind",6)' 'in("base-th' OPTIMUM FOUND Models : 1 Enumerated: 3 Optimum : yes Optimization: 0 1 25 Time : 0.019s '(Solving:' 0.00s 1st Model: 0.00s Unsat: '0.00s)' CPU Time : 0.020s Choices : 103 Conflicts : 13 Restarts : 0 Atoms : 17267 Rules : 19138 '(1:' 18969 2: 20 3: 146 6: '3)' Bodies : 791 Equivalences: 34818 '(Atom=Atom:' 16905 Body=Body: 234 Other: '17679)' Tight : Yes Variables : 549 '(Eliminated:' 136 Frozen: '206)' Constraints : 1104 '(Binary:' 92.8% Ternary: 2.0% Other: '5.3%)' Lemmas : 11 '(Binary:' 36.4% Ternary: 27.3% Other: '36.4%)' Conflict : 11 '(Average' Length: '4.0)' Loop : 0 '(Average' Length: '0.0)' Other : 0 '(Average' Length: '0.0)' Deleted : 0 Backtracks : 2 Backjumps : 11 '(Bounded:' '0)' Skippable Levels : 24 '(Skipped:' 24 Rate: '100.0%)' Max Jump Length : 6 '(Executed:' '6)' Max Bound Length : 0 Average Jump Length : 2.2 '(Executed:' '2.2)' Average Bound Length: 0.0 Average Model Length: 28.0 /usr/share/aspcud/encodings/misc2012.lp:150:57-76: warning: atom is undefined: 'recommends(P,V,D,W)' /usr/share/aspcud/encodings/misc2012.lp:148:57-75: warning: atom is undefined: 'attribute(P,V,A,X)' /usr/share/aspcud/encodings/misc2012.lp:138:57-76: warning: atom is undefined: 'recommends(P,V,D,W)' /usr/share/aspcud/encodings/misc2012.lp:164:42-61: warning: atom is undefined: 'recommends(P,V,D,W)' /usr/share/aspcud/encodings/misc2012.lp:161:63-81: warning: atom is undefined: 'attribute(P,V,A,X)' /usr/share/aspcud/encodings/misc2012.lp:109:50-68: warning: atom is undefined: 'attribute(P,V,A,X)' /usr/share/aspcud/encodings/misc2012.lp:109:70-88: warning: atom is undefined: 'attribute(P,V,B,Y)' /usr/share/aspcud/encodings/misc2012.lp:30:22-41: warning: atom is undefined: 'recommends(P,V,D,W)'
+ bash -ex /tmp/tmp.uvWIUZgpTN
+ opam install aws
clasp version 2.1.4
Reading from outH701Yt/gringo_out
Solving...
Answer: 3
in("aws",2) in("base-bigarray",1) in("base-unix",1) in("ocamlfind",6) in("base-th
OPTIMUM FOUND

Models      : 1     
  Enumerated: 3
  Optimum   : yes
Optimization: 0 1 25
Time        : 0.021s (Solving: 0.00s 1st Model: 0.00s Unsat: 0.00s)
CPU Time    : 0.020s
Choices     : 103
Conflicts   : 13
Restarts    : 0     

Atoms       : 17267 
Rules       : 19138  (1: 18969 2: 20 3: 146 6: 3)
Bodies      : 791   
Equivalences: 34818  (Atom=Atom: 16905 Body=Body: 234 Other: 17679)
Tight       : Yes

Variables   : 549    (Eliminated:  136 Frozen:  206)
Constraints : 1104   (Binary: 92.8% Ternary:  2.0% Other:  5.3%)
Lemmas      : 11     (Binary: 36.4% Ternary: 27.3% Other: 36.4%)
  Conflict  : 11     (Average Length: 4.0) 
  Loop      : 0      (Average Length: 0.0) 
  Other     : 0      (Average Length: 0.0)
  Deleted   : 0     

Backtracks          : 2     
Backjumps           : 11     (Bounded: 0)
Skippable Levels    : 24     (Skipped: 24 Rate: 100.0%)
Max Jump Length     : 6      (Executed: 6)
Max Bound Length    : 0     
Average Jump Length : 2.2    (Executed: 2.2)
Average Bound Length: 0.0   
Average Model Length: 28.0  
/usr/share/aspcud/encodings/misc2012.lp:150:57-76: warning: atom is undefined:
  recommends(P,V,D,W)

/usr/share/aspcud/encodings/misc2012.lp:148:57-75: warning: atom is undefined:
  attribute(P,V,A,X)

/usr/share/aspcud/encodings/misc2012.lp:138:57-76: warning: atom is undefined:
  recommends(P,V,D,W)

/usr/share/aspcud/encodings/misc2012.lp:164:42-61: warning: atom is undefined:
  recommends(P,V,D,W)

/usr/share/aspcud/encodings/misc2012.lp:161:63-81: warning: atom is undefined:
  attribute(P,V,A,X)

/usr/share/aspcud/encodings/misc2012.lp:109:50-68: warning: atom is undefined:
  attribute(P,V,A,X)

/usr/share/aspcud/encodings/misc2012.lp:109:70-88: warning: atom is undefined:
  attribute(P,V,B,Y)

/usr/share/aspcud/encodings/misc2012.lp:30:22-41: warning: atom is undefined:
  recommends(P,V,D,W)

The following actions will be performed:
 - install   dbm.1.0                               [required by ocsigenserver]
 - install   react.1.1.0                           [required by ocsigenserver, lwt]
 - install   conf-libpcre.1                        [required by pcre-ocaml]
 - install   ocamlify.0.0.1                        [required by oasis]
 - install   camlp4.4.02.0                         [required by ocamlnet, lwt]
 - install   cryptokit.1.9                         [required by aws]
 - install   cppo.0.9.4                            [required by yojson]
 - install   calendar.2.03.2                       [required by aws]
 - install   ssl.0.4.7                             [required by ocsigenserver, lwt, ocamlnet]
 - install   xmlm.1.2.0                            [required by aws]
 - install   easy-format.1.0.2                     [required by yojson]
 - install   ocamlmod.0.0.7                        [required by oasis]
 - install   pcre-ocaml.7.1.1                      [required by aws]
 - install   tyxml.3.0.0                           [required by ocsigenserver]
 - install   type_conv.111.13.00                   [required by ocaml-data-notation]
 - install   lwt.2.4.5                             [required by aws]
 - install   biniou.1.0.9                          [required by yojson]
 - install   ocamlnet.3.7.4                        [required by aws]
 - install   sexplib.111.25.00                     [required by ipaddr]
 - install   ocaml-data-notation.0.0.11            [required by oasis]
 - install   yojson.1.1.8                          [required by aws]
 - install   ipaddr.2.5.0                          [required by ocsigenserver]
 - install   oasis.0.4.4                           [required by aws]
 - install   ocsigenserver.2.4.0                   [required by aws]
 - install   aws.0.0.3
=== 25 to install ===

=-=-=-=-=-=-=-=-=-=-=-=- Synchronizing package archives -=-=-=-=-=-=-=-=-=-=-=-=
[biniou.1.0.9] Downloading http://mjambon.com/releases/biniou/biniou-1.0.9.tar.gz
[aws.0.0.3] Downloading https://github.com/besport/aws/archive/0.0.3.tar.gz
[calendar.2.03.2] Downloading http://forge.ocamlcore.org/frs/download.php/915/calendar-2.03.2.tar.gz
  % Total    % Received % Xferd  Average Speed   Time    Time     Time  Current
                                 Dload  Upload   Total   Spent    Left  Speed
  0     0    0     0    0     0      0      0 --:--:-- --:--:-- --:--:--     0  % Total    % Received % Xferd  Average Speed   Time    Time     Time  Current
                                 Dload  Upload   Total   Spent    Left  Speed
  0     0    0     0    0     0      0      0 --:--:-- --:--:-- --:--:--     0  % Total    % Received % Xferd  Average Speed   Time    Time     Time  Current
                                 Dload  Upload   Total   Spent    Left  Speed
  0     0    0     0    0     0      0      0 --:--:-- --:--:-- --:--:--     0 72  263k   72  190k    0     0   592k      0 --:--:-- --:--:-- --:--:--  592k 35 23963   35  8549    0     0  26139      0 --:--:-- --:--:-- --:--:-- 26143100  263k  100  263k    0     0   744k      0 --:--:-- --:--:-- --:--:--  743k
200
  0   118    0     0    0     0      0      0 --:--:-- --:--:-- --:--:--     0100   118  100   118    0     0    305      0 --:--:-- --:--:-- --:--:--   305
[camlp4.4.02.0] Fetching git://github.com/ocaml/camlp4#4.02
Initialized empty Git repository in /home/opam/.opam/packages.dev/camlp4.4.02.0/.git/
100 23963  100 23963    0     0  55122      0 --:--:-- --:--:-- --:--:-- 55087
200
[cppo.0.9.4] Downloading http://mjambon.com/releases/cppo/cppo-0.9.4.tar.gz
  % Total    % Received % Xferd  Average Speed   Time    Time     Time  Current
                                 Dload  Upload   Total   Spent    Left  Speed
  0     0    0     0    0     0      0      0 --:--:-- --:--:-- --:--:--     0100 21419  100 21419    0     0  50397      0 --:--:-- --:--:-- --:--:-- 50516
200
[cryptokit.1.9] Downloading https://forge.ocamlcore.org/frs/download.php/1229/cryptokit-1.9.tar.gz
  % Total    % Received % Xferd  Average Speed   Time    Time     Time  Current
                                 Dload  Upload   Total   Spent    Left  Speed
  0     0    0     0    0     0      0      0 --:--:-- --:--:-- --:--:--     0  0     0    0 54755    0     0  52894      0 --:--:--  0:00:01 --:--:-- 52894
200
[dbm.1.0] Downloading https://forge.ocamlcore.org/frs/download.php/728/camldbm-1.0.tgz
  % Total    % Received % Xferd  Average Speed   Time    Time     Time  Current
                                 Dload  Upload   Total   Spent    Left  Speed
  0     0    0     0    0     0      0      0 --:--:-- --:--:-- --:--:--     0  0 14397    0     0    0     0      0      0 --:--:-- --:--:-- --:--:--     0 22  140k   22 32768    0     0   109k      0  0:00:01 --:--:--  0:00:01  109k100 14397  100 14397    0     0  67913      0 --:--:-- --:--:-- --:--:-- 67910
200
100  140k  100  140k    0     0   414k      0 --:--:-- --:--:-- --:--:--  414k
200
[easy-format.1.0.2] Downloading http://mjambon.com/releases/easy-format/easy-format-1.0.2.tar.gz
  % Total    % Received % Xferd  Average Speed   Time    Time     Time  Current
                                 Dload  Upload   Total   Spent    Left  Speed
  0     0    0     0    0     0      0      0 --:--:-- --:--:-- --:--:--     0[ipaddr.2.5.0] Downloading https://github.com/mirage/ocaml-ipaddr/archive/2.5.0.tar.gz
  % Total    % Received % Xferd  Average Speed   Time    Time     Time  Current
                                 Dload  Upload   Total   Spent    Left  Speed
  0     0    0     0    0     0      0      0 --:--:-- --:--:-- --:--:--     0100   126    0   126    0     0    348      0 --:--:-- --:--:-- --:--:--   349
100 13679  100 13679    0     0  32494      0 --:--:-- --:--:-- --:--:-- 32569
200
[lwt.2.4.5] Downloading https://github.com/ocsigen/lwt/archive/2.4.5.tar.gz
  % Total    % Received % Xferd  Average Speed   Time    Time     Time  Current
                                 Dload  Upload   Total   Spent    Left  Speed
  0     0    0     0    0     0      0      0 --:--:-- --:--:-- --:--:--     0100   118  100   118    0     0    311      0 --:--:-- --:--:-- --:--:--   312
 49 62338   49 30995    0     0  34964      0  0:00:01 --:--:--  0:00:01 34964  0     0    0     0    0     0      0      0 --:--:-- --:--:-- --:--:--     0100 62338  100 62338    0     0  64228      0 --:--:-- --:--:-- --:--:--  364k
200
[oasis.0.4.4] Downloading https://forge.ocamlcore.org/frs/download.php/1391/oasis-0.4.4.tar.gz
  % Total    % Received % Xferd  Average Speed   Time    Time     Time  Current
                                 Dload  Upload   Total   Spent    Left  Speed
  0     0    0     0    0     0      0      0 --:--:-- --:--:-- --:--:--     0100  325k  100  325k    0     0   916k      0 --:--:-- --:--:-- --:--:--  918k
200
[ocaml-data-notation.0.0.11] Downloading https://forge.ocamlcore.org/frs/download.php/1310/ocaml-data-notation-0.0.11.tar.gz
  % Total    % Received % Xferd  Average Speed   Time    Time     Time  Current
                                 Dload  Upload   Total   Spent    Left  Speed
  0     0    0     0    0     0      0      0 --:--:-- --:--:-- --:--:--     0100 63968  100 63968    0     0   320k      0 --:--:-- --:--:-- --:--:--  322k
200
[ocamlify.0.0.1] Downloading http://forge.ocamlcore.org/frs/download.php/379/ocamlify-0.0.1.tar.gz
  % Total    % Received % Xferd  Average Speed   Time    Time     Time  Current
                                 Dload  Upload   Total   Spent    Left  Speed
  0     0    0     0    0     0      0      0 --:--:-- --:--:-- --:--:--     0100  291k  100  291k    0     0   220k      0  0:00:01  0:00:01 --:--:--  343k
200
[ocamlmod.0.0.7] Downloading https://forge.ocamlcore.org/frs/download.php/1350/ocamlmod-0.0.7.tar.gz
  % Total    % Received % Xferd  Average Speed   Time    Time     Time  Current
                                 Dload  Upload   Total   Spent    Left  Speed
  0     0    0     0    0     0      0      0 --:--:-- --:--:-- --:--:--     0 27 46210   27 12783    0     0   113k      0 --:--:-- --:--:-- --:--:--  113k100 46210  100 46210    0     0   346k      0 --:--:-- --:--:-- --:--:--  344k
200
[ocamlnet.3.7.4] Downloading http://download.camlcity.org/download/ocamlnet-3.7.4.tar.gz
  % Total    % Received % Xferd  Average Speed   Time    Time     Time  Current
                                 Dload  Upload   Total   Spent    Left  Speed
  0     0    0     0    0     0      0      0 --:--:-- --:--:-- --:--:--     0100 46221  100 46221    0     0   264k      0 --:--:-- --:--:-- --:--:--  265k
200
[ocsigenserver.2.4.0] Downloading https://github.com/ocsigen/ocsigenserver/archive/2.4.0.tar.gz
  % Total    % Received % Xferd  Average Speed   Time    Time     Time  Current
                                 Dload  Upload   Total   Spent    Left  Speed
  0     0    0     0    0     0      0      0 --:--:-- --:--:-- --:--:--     0 37 3277k   37 1215k    0     0  1351k      0  0:00:02 --:--:--  0:00:02 1351k100 3277k  100 3277k    0     0  2166k      0  0:00:01  0:00:01 --:--:-- 2167k
200
[pcre-ocaml.7.1.1] Downloading https://github.com/mmottl/pcre-ocaml/releases/download/v7.1.1/pcre-ocaml-7.1.1.tar.gz
  % Total    % Received % Xferd  Average Speed   Time    Time     Time  Current
                                 Dload  Upload   Total   Spent    Left  Speed
  0     0    0     0    0     0      0      0 --:--:-- --:--:-- --:--:--     0  0     0    0     0    0     0      0      0 --:--:--  0:00:01 --:--:--     0  0     0    0     0    0     0      0      0 --:--:-- --:--:-- --:--:--     0100   349    0   349    0     0    925      0 --:--:-- --:--:-- --:--:--   925
  0     0    0     0    0     0      0      0 --:--:--  0:00:02 --:--:--     0 40 86796   40 35431    0     0  26964      0  0:00:03  0:00:01  0:00:02 26964100 86796  100 86796    0     0  57405      0  0:00:01  0:00:01 --:--:--  253k
200
[react.1.1.0] Downloading http://erratique.ch/software/react/releases/react-1.1.0.tbz
  % Total    % Received % Xferd  Average Speed   Time    Time     Time  Current
                                 Dload  Upload   Total   Spent    Left  Speed
  0     0    0     0    0     0      0      0 --:--:-- --:--:-- --:--:--     0100 62472  100 62472    0     0   606k      0 --:--:-- --:--:-- --:--:--  610k
200
[sexplib.111.25.00] Downloading https://ocaml.janestreet.com/ocaml-core/111.25.00/individual/sexplib-111.25.00.tar.gz
  % Total    % Received % Xferd  Average Speed   Time    Time     Time  Current
                                 Dload  Upload   Total   Spent    Left  Speed
  0     0    0     0    0     0      0      0 --:--:-- --:--:-- --:--:--     0  0     0    0     0    0     0      0      0 --:--:--  0:00:03 --:--:--     0  0  131k    0     0    0     0      0      0 --:--:-- --:--:-- --:--:--     0100  131k  100  131k    0     0   179k      0 --:--:-- --:--:-- --:--:--  179k
200
[ssl.0.4.7] Downloading http://downloads.sourceforge.net/project/savonet/ocaml-ssl/0.4.7/ocaml-ssl-0.4.7.tar.gz
  % Total    % Received % Xferd  Average Speed   Time    Time     Time  Current
                                 Dload  Upload   Total   Spent    Left  Speed
  0     0    0     0    0     0      0      0 --:--:-- --:--:-- --:--:--     0  0     0    0     0    0     0      0      0 --:--:--  0:00:04 --:--:--     0  0     0    0     0    0     0      0      0 --:--:-- --:--:-- --:--:--     0
  0     0    0     0    0     0      0      0 --:--:-- --:--:-- --:--:--     0100  116k  100  116k    0     0   164k      0 --:--:-- --:--:-- --:--:-- 1058k
200
[type_conv.111.13.00] Downloading https://ocaml.janestreet.com/ocaml-core/111.13.00/individual/type_conv-111.13.00.tar.gz
  % Total    % Received % Xferd  Average Speed   Time    Time     Time  Current
                                 Dload  Upload   Total   Spent    Left  Speed
  0     0    0     0    0     0      0      0 --:--:-- --:--:-- --:--:--     0  0     0    0     0    0     0      0      0 --:--:--  0:00:05 --:--:--     0100 61554  100 61554    0     0   103k      0 --:--:-- --:--:-- --:--:--  103k
200
[tyxml.3.0.0] Downloading http://ocsigen.org/download/tyxml-3.0.0.tar.gz
  % Total    % Received % Xferd  Average Speed   Time    Time     Time  Current
                                 Dload  Upload   Total   Spent    Left  Speed
  0     0    0     0    0     0      0      0 --:--:-- --:--:-- --:--:--     0 24  144k   24 36585    0     0   304k      0 --:--:-- --:--:-- --:--:--  302k100  144k  100  144k    0     0   992k      0 --:--:-- --:--:-- --:--:--  992k
200
  0     0    0     0    0     0      0      0 --:--:--  0:00:05 --:--:--     0[xmlm.1.2.0] Downloading http://erratique.ch/software/xmlm/releases/xmlm-1.2.0.tbz
  % Total    % Received % Xferd  Average Speed   Time    Time     Time  Current
                                 Dload  Upload   Total   Spent    Left  Speed
  0     0    0     0    0     0      0      0 --:--:-- --:--:-- --:--:--     0100   128    0   128    0     0     21      0 --:--:--  0:00:05 --:--:--    37
100 38181  100 38181    0     0   455k      0 --:--:-- --:--:-- --:--:--  460k
200
[yojson.1.1.8] Downloading http://mjambon.com/releases/yojson/yojson-1.1.8.tar.gz
  % Total    % Received % Xferd  Average Speed   Time    Time     Time  Current
                                 Dload  Upload   Total   Spent    Left  Speed
  0     0    0     0    0     0      0      0 --:--:-- --:--:-- --:--:--     0100 25157  100 25157    0     0  48010      0 --:--:-- --:--:-- --:--:-- 48101
200
  0     0    0  162k    0     0  24528      0 --:--:--  0:00:06 --:--:-- 24528  0     0    0 1227k    0     0   169k      0 --:--:--  0:00:07 --:--:-- 2237k
200
From git://github.com/ocaml/camlp4
 * branch            4.02       -> FETCH_HEAD
 * [new branch]      4.02       -> origin/4.02
.depend
.gitignore
.ignore
.ocp-indent
.travis-ci.sh
.travis.yml
Changes
LICENSE
Makefile
README.md
_tags
build/camlp4-bootstrap-recipe.txt
build/camlp4-bootstrap.sh
build/camlp4-byte-only.sh
build/camlp4-mkCamlp4Ast.sh
build/camlp4-native-only.sh
build/camlp4-targets.sh
build/install.sh
camlp4/.ignore
camlp4/CHANGES
camlp4/Camlp4.mlpack
camlp4/Camlp4/Camlp4Ast.partial.ml
camlp4/Camlp4/Debug.ml
camlp4/Camlp4/Debug.mli
camlp4/Camlp4/ErrorHandler.ml
camlp4/Camlp4/ErrorHandler.mli
camlp4/Camlp4/OCamlInitSyntax.ml
camlp4/Camlp4/Options.ml
camlp4/Camlp4/Options.mli
camlp4/Camlp4/PreCast.ml
camlp4/Camlp4/PreCast.mli
camlp4/Camlp4/Printers.mlpack
camlp4/Camlp4/Printers/DumpCamlp4Ast.ml
camlp4/Camlp4/Printers/DumpCamlp4Ast.mli
camlp4/Camlp4/Printers/DumpOCamlAst.ml
camlp4/Camlp4/Printers/DumpOCamlAst.mli
camlp4/Camlp4/Printers/Null.ml
camlp4/Camlp4/Printers/Null.mli
camlp4/Camlp4/Printers/OCaml.ml
camlp4/Camlp4/Printers/OCaml.mli
camlp4/Camlp4/Printers/OCamlr.ml
camlp4/Camlp4/Printers/OCamlr.mli
camlp4/Camlp4/Register.ml
camlp4/Camlp4/Register.mli
camlp4/Camlp4/Sig.ml
camlp4/Camlp4/Struct.mlpack
camlp4/Camlp4/Struct/.ignore
camlp4/Camlp4/Struct/AstFilters.ml
camlp4/Camlp4/Struct/Camlp4Ast.mlast
camlp4/Camlp4/Struct/Camlp4Ast2OCamlAst.ml
camlp4/Camlp4/Struct/Camlp4Ast2OCamlAst.mli
camlp4/Camlp4/Struct/CleanAst.ml
camlp4/Camlp4/Struct/CommentFilter.ml
camlp4/Camlp4/Struct/CommentFilter.mli
camlp4/Camlp4/Struct/DynAst.ml
camlp4/Camlp4/Struct/DynLoader.ml
camlp4/Camlp4/Struct/DynLoader.mli
camlp4/Camlp4/Struct/EmptyError.ml
camlp4/Camlp4/Struct/EmptyError.mli
camlp4/Camlp4/Struct/EmptyPrinter.ml
camlp4/Camlp4/Struct/EmptyPrinter.mli
camlp4/Camlp4/Struct/FreeVars.ml
camlp4/Camlp4/Struct/FreeVars.mli
camlp4/Camlp4/Struct/Grammar.mlpack
camlp4/Camlp4/Struct/Grammar/Delete.ml
camlp4/Camlp4/Struct/Grammar/Dynamic.ml
camlp4/Camlp4/Struct/Grammar/Entry.ml
camlp4/Camlp4/Struct/Grammar/Failed.ml
camlp4/Camlp4/Struct/Grammar/Find.ml
camlp4/Camlp4/Struct/Grammar/Fold.ml
camlp4/Camlp4/Struct/Grammar/Fold.mli
camlp4/Camlp4/Struct/Grammar/Insert.ml
camlp4/Camlp4/Struct/Grammar/Parser.ml
camlp4/Camlp4/Struct/Grammar/Parser.mli
camlp4/Camlp4/Struct/Grammar/Print.ml
camlp4/Camlp4/Struct/Grammar/Print.mli
camlp4/Camlp4/Struct/Grammar/Search.ml
camlp4/Camlp4/Struct/Grammar/Static.ml
camlp4/Camlp4/Struct/Grammar/Structure.ml
camlp4/Camlp4/Struct/Grammar/Tools.ml
camlp4/Camlp4/Struct/Lexer.mll
camlp4/Camlp4/Struct/Loc.ml
camlp4/Camlp4/Struct/Loc.mli
camlp4/Camlp4/Struct/Quotation.ml
camlp4/Camlp4/Struct/Token.ml
camlp4/Camlp4/Struct/Token.mli
camlp4/Camlp4/Utils.ml
camlp4/Camlp4/Utils.mli
camlp4/Camlp4Bin.ml
camlp4/Camlp4Filters/Camlp4AstLifter.ml
camlp4/Camlp4Filters/Camlp4ExceptionTracer.ml
camlp4/Camlp4Filters/Camlp4FoldGenerator.ml
camlp4/Camlp4Filters/Camlp4LocationStripper.ml
camlp4/Camlp4Filters/Camlp4MapGenerator.ml
camlp4/Camlp4Filters/Camlp4MetaGenerator.ml
camlp4/Camlp4Filters/Camlp4Profiler.ml
camlp4/Camlp4Filters/Camlp4TrashRemover.ml
camlp4/Camlp4Parsers/Camlp4AstLoader.ml
camlp4/Camlp4Parsers/Camlp4DebugParser.ml
camlp4/Camlp4Parsers/Camlp4GrammarParser.ml
camlp4/Camlp4Parsers/Camlp4ListComprehension.ml
camlp4/Camlp4Parsers/Camlp4MacroParser.ml
camlp4/Camlp4Parsers/Camlp4OCamlOriginalQuotationExpander.ml
camlp4/Camlp4Parsers/Camlp4OCamlParser.ml
camlp4/Camlp4Parsers/Camlp4OCamlParserParser.ml
camlp4/Camlp4Parsers/Camlp4OCamlReloadedParser.ml
camlp4/Camlp4Parsers/Camlp4OCamlRevisedParser.ml
camlp4/Camlp4Parsers/Camlp4OCamlRevisedParserParser.ml
camlp4/Camlp4Parsers/Camlp4OCamlRevisedQuotationExpander.ml
camlp4/Camlp4Parsers/Camlp4QuotationCommon.ml
camlp4/Camlp4Parsers/Camlp4QuotationExpander.ml
camlp4/Camlp4Printers/Camlp4AstDumper.ml
camlp4/Camlp4Printers/Camlp4AutoPrinter.ml
camlp4/Camlp4Printers/Camlp4NullDumper.ml
camlp4/Camlp4Printers/Camlp4OCamlAstDumper.ml
camlp4/Camlp4Printers/Camlp4OCamlPrinter.ml
camlp4/Camlp4Printers/Camlp4OCamlRevisedPrinter.ml
camlp4/Camlp4Top.mlpack
camlp4/Camlp4Top/Rprint.ml
camlp4/Camlp4Top/Top.ml
camlp4/ICHANGES
camlp4/META.in
camlp4/boot/.ignore
camlp4/boot/Camlp4.ml
camlp4/boot/Camlp4.ml4
camlp4/boot/Camlp4Ast.ml
camlp4/boot/camlp4boot.ml
camlp4/boot/camlp4boot.ml4
camlp4/build/.ignore
camlp4/camlp4.odocl
camlp4/camlp4fulllib.mllib
camlp4/camlp4lib.mllib
camlp4/camlp4prof.ml
camlp4/camlp4prof.mli
camlp4/config/Camlp4_config.ml
camlp4/config/Camlp4_config.mli
camlp4/config/gen_import.ml
camlp4/examples/_tags
camlp4/examples/all.itarget
camlp4/examples/apply_operator.ml
camlp4/examples/apply_operator_test.ml
camlp4/examples/arith.ml
camlp4/examples/debug_extension.ml
camlp4/examples/ex_str.ml
camlp4/examples/ex_str_test.ml
camlp4/examples/expression_closure.ml
camlp4/examples/expression_closure_filter.ml
camlp4/examples/expression_closure_test.ml
camlp4/examples/fancy_lambda_quot.ml
camlp4/examples/fancy_lambda_quot_test.ml
camlp4/examples/free_vars_test.ml
camlp4/examples/gen_match_case.ml
camlp4/examples/gen_type_N.ml
camlp4/examples/gettext_test.ml
camlp4/examples/global_handler.ml
camlp4/examples/global_handler_test.ml
camlp4/examples/lambda_parser.ml
camlp4/examples/lambda_quot.ml
camlp4/examples/lambda_quot_expr.ml
camlp4/examples/lambda_quot_patt.ml
camlp4/examples/lambda_test.ml
camlp4/examples/macros.ml
camlp4/examples/parse_files.ml
camlp4/examples/syb_fold.ml
camlp4/examples/syb_map.ml
camlp4/examples/test.itarget
camlp4/examples/test_macros.ml
camlp4/examples/test_type_quotation.ml
camlp4/examples/type_quotation.ml
camlp4/import/.keepme
camlp4/mkcamlp4.ml
camlp4/test/fixtures/assert.ml
camlp4/test/fixtures/backquoted_irrefutable_tuple.ml
camlp4/test/fixtures/backquoted_record.ml
camlp4/test/fixtures/backquoted_tuple.ml
camlp4/test/fixtures/big-tab1.ml
camlp4/test/fixtures/big-tab2.ml
camlp4/test/fixtures/big-tab3.ml
camlp4/test/fixtures/bug-4058.ml
camlp4/test/fixtures/bug-4337.ml
camlp4/test/fixtures/bug-by-vincent-balat.ml
camlp4/test/fixtures/bug-camlp4o-benjamin-monate.ml
camlp4/test/fixtures/bug-camlp4o-constr-arity-expr.ml
camlp4/test/fixtures/bug-camlp4o-constr-arity.ml
camlp4/test/fixtures/bug_escaping_quot.ml
camlp4/test/fixtures/chars.ml
camlp4/test/fixtures/class_expr_quot.ml
camlp4/test/fixtures/comments.ml
camlp4/test/fixtures/comments.mli
camlp4/test/fixtures/comments2.ml
camlp4/test/fixtures/constant-parser.ml
camlp4/test/fixtures/curry-constr.ml
camlp4/test/fixtures/default_quotation.ml
camlp4/test/fixtures/exception-with-eqn-bug.ml
camlp4/test/fixtures/external.ml
camlp4/test/fixtures/fun.ml
camlp4/test/fixtures/functor-perf.ml
camlp4/test/fixtures/functor-perf2.gen.ml
camlp4/test/fixtures/functor-perf2.ml
camlp4/test/fixtures/functor-perf3.ml
camlp4/test/fixtures/gen_map.ml
camlp4/test/fixtures/gram-fold.ml
camlp4/test/fixtures/gram-list.ml
camlp4/test/fixtures/gram-loc-lost.ml
camlp4/test/fixtures/gram-sub-rule.ml
camlp4/test/fixtures/gram-tree.ml
camlp4/test/fixtures/gram-tree2.ml
camlp4/test/fixtures/gram-tree3.ml
camlp4/test/fixtures/gram.ml
camlp4/test/fixtures/idents
camlp4/test/fixtures/idents1
camlp4/test/fixtures/idents2
camlp4/test/fixtures/if.ml
camlp4/test/fixtures/label.ml
camlp4/test/fixtures/lambda_free.ml
camlp4/test/fixtures/loc-bug.ml
camlp4/test/fixtures/macrotest.ml
camlp4/test/fixtures/macrotest.mli
camlp4/test/fixtures/macrotest2.ml
camlp4/test/fixtures/macrotest3.ml
camlp4/test/fixtures/make_extend.ml
camlp4/test/fixtures/match.ml
camlp4/test/fixtures/match_parser.ml
camlp4/test/fixtures/meta_multi_term.ml
camlp4/test/fixtures/metalib.ml
camlp4/test/fixtures/method_private_virtual.ml
camlp4/test/fixtures/mod.ml
camlp4/test/fixtures/mod2.ml
camlp4/test/fixtures/operators.ml
camlp4/test/fixtures/operators.mli
camlp4/test/fixtures/original_syntax.ml
camlp4/test/fixtures/outside-scope.ml
camlp4/test/fixtures/parser.ml
camlp4/test/fixtures/pp_let_in.ml
camlp4/test/fixtures/pp_let_in2.ml
camlp4/test/fixtures/pp_xml.ml
camlp4/test/fixtures/pprecordtyp.ml
camlp4/test/fixtures/pr4314.ml
camlp4/test/fixtures/pr4314gram1.ml
camlp4/test/fixtures/pr4314gram2.ml
camlp4/test/fixtures/pr4314gram3.ml
camlp4/test/fixtures/pr4314gram4.ml
camlp4/test/fixtures/pr4314gram5.ml
camlp4/test/fixtures/pr4329.ml
camlp4/test/fixtures/pr4330.ml
camlp4/test/fixtures/pr4357.ml
camlp4/test/fixtures/pr4357sample.ml
camlp4/test/fixtures/pr4357sample2.ml
camlp4/test/fixtures/pr4452.ml
camlp4/test/fixtures/private_row.ml
camlp4/test/fixtures/rec.ml
camlp4/test/fixtures/seq.ml
camlp4/test/fixtures/seq2.ml
camlp4/test/fixtures/simplify.ml
camlp4/test/fixtures/simplify_r.ml
camlp4/test/fixtures/stream-parser-bug.ml
camlp4/test/fixtures/string.ml
camlp4/test/fixtures/superfluous.ml
camlp4/test/fixtures/transform-examples.ml
camlp4/test/fixtures/try.ml
camlp4/test/fixtures/tuple_as_retval.ml
camlp4/test/fixtures/type.ml
camlp4/test/fixtures/type_decl.ml
camlp4/test/fixtures/unit.ml
camlp4/test/fixtures/use.ml
camlp4/test/fixtures/where.o.ml
camlp4/test/fixtures/where.r.ml
camlp4/unmaintained/Makefile
camlp4/unmaintained/compile/.depend
camlp4/unmaintained/compile/.ignore
camlp4/unmaintained/compile/Makefile
camlp4/unmaintained/compile/comp_head.ml
camlp4/unmaintained/compile/comp_trail.ml
camlp4/unmaintained/compile/compile.ml
camlp4/unmaintained/compile/compile.sh
camlp4/unmaintained/etc/.depend
camlp4/unmaintained/etc/.ignore
camlp4/unmaintained/etc/Makefile
camlp4/unmaintained/etc/pa_fstream.ml
camlp4/unmaintained/etc/pa_ifdef.ml
camlp4/unmaintained/etc/pa_oop.ml
camlp4/unmaintained/etc/pa_ru.ml
camlp4/unmaintained/etc/parserify.ml
camlp4/unmaintained/etc/parserify.mli
camlp4/unmaintained/etc/pr_depend.ml
camlp4/unmaintained/etc/pr_extend.ml
camlp4/unmaintained/etc/pr_extfun.ml
camlp4/unmaintained/etc/pr_null.ml
camlp4/unmaintained/etc/pr_op.ml
camlp4/unmaintained/etc/pr_op_main.ml
camlp4/unmaintained/etc/pr_rp.ml
camlp4/unmaintained/etc/pr_rp_main.ml
camlp4/unmaintained/etc/q_phony.ml
camlp4/unmaintained/extfold/README
camlp4/unmaintained/extfold/pa_extfold.ml
camlp4/unmaintained/format/.depend
camlp4/unmaintained/format/Makefile
camlp4/unmaintained/format/README
camlp4/unmaintained/format/pa_format.ml
camlp4/unmaintained/lefteval/.depend
camlp4/unmaintained/lefteval/Makefile
camlp4/unmaintained/lefteval/README
camlp4/unmaintained/lefteval/pa_lefteval.ml
camlp4/unmaintained/lib/.cvsignore
camlp4/unmaintained/lib/.depend
camlp4/unmaintained/lib/Makefile
camlp4/unmaintained/lib/extfun.ml
camlp4/unmaintained/lib/extfun.mli
camlp4/unmaintained/lib/fstream.ml
camlp4/unmaintained/lib/fstream.mli
camlp4/unmaintained/ocamllex/Makefile
camlp4/unmaintained/ocamllex/README
camlp4/unmaintained/ocamllex/pa_ocamllex.ml
camlp4/unmaintained/ocpp/.depend
camlp4/unmaintained/ocpp/.ignore
camlp4/unmaintained/ocpp/Makefile
camlp4/unmaintained/ocpp/ocpp.ml
camlp4/unmaintained/odyl/.depend
camlp4/unmaintained/odyl/.ignore
camlp4/unmaintained/odyl/Makefile
camlp4/unmaintained/odyl/odyl.ml
camlp4/unmaintained/odyl/odyl_main.mli
camlp4/unmaintained/olabl/.depend
camlp4/unmaintained/olabl/Makefile
camlp4/unmaintained/olabl/README
camlp4/unmaintained/olabl/pa_olabl.ml
camlp4/unmaintained/scheme/.depend
camlp4/unmaintained/scheme/Makefile
camlp4/unmaintained/scheme/README
camlp4/unmaintained/scheme/pa_scheme.ml
camlp4/unmaintained/scheme/pa_scheme.sc
camlp4/unmaintained/scheme/pr_scheme.ml
camlp4/unmaintained/scheme/pr_schp_main.ml
camlp4/unmaintained/sml/.depend
camlp4/unmaintained/sml/Makefile
camlp4/unmaintained/sml/README
camlp4/unmaintained/sml/pa_sml.ml
camlp4/unmaintained/sml/smllib.sml
configure
myocamlbuild.ml
HEAD is now at 87c6a6b allow to specify LIBDIR, BINDIR and PKGDIR at configuration time

=-=-=-=-=-=-=-=-=-=-=-=-=-=-= Installing packages -=-=-=-=-=-=-=-=-=-=-=-=-=-=-=
Building calendar.2.03.2:
  ./configure
  make
  make install
checking for ocamlc... ocamlc
ocaml version is 4.02.0+dev13-2014-08-18: Good!
ocaml library path is /home/opam/.opam/4.02.0+trunk/lib/ocaml
checking for ocamlopt... ocamlopt
checking ocamlopt version... ok
checking for ocamlc.opt... ocamlc.opt
checking ocamlc.opt version... ok
checking for ocamlopt.opt... ocamlopt.opt
checking ocamlc.opt version... ok
checking for ocamldep... ocamldep
checking for ocamlfind... ocamlfind
checking for ocamldoc... ocamldoc
checking for ocamlweb... ocamlweb
checking for ocamlwc... ocamlwc
checking for ocamldot... ocamldot
checking platform... linux
checking extension for object files... .o
checking extension for library files... .a
checking for /home/opam/.opam/4.02.0+trunk/lib/ocaml/dynlink.cmxa... yes
native dynlink works fine. Great.
configure: creating ./config.status
config.status: creating Makefile
echo "let version = \"2.03.2\"" > src/version.ml
echo "let date = \"`date`\"" >> src/version.ml
rm -f .depend
ocamldep -I src -I tests src/*.ml src/*.mli tests/*.ml tests/*.mli \
	  > .depend
ocamlc.opt -I src -I target -I tests -c src/period.mli
ocamlc.opt -I src -I target -I tests -c src/date_sig.mli
ocamlc.opt -I src -I target -I tests -c src/time_Zone.mli
ocamlc.opt -I src -I target -I tests -c src/time_sig.mli
ocamlc.opt -I src -I target -I tests -c src/calendar_sig.mli
ocamlc.opt -I src -I target -I tests -c src/utils.mli
ocamlc.opt -I src -I target -I tests -c src/utils.ml
ocamlc.opt -I src -I target -I tests -c src/time_Zone.ml
ocamlc.opt -I src -I target -I tests -c src/time.mli
ocamlc.opt -I src -I target -I tests -c src/time.ml
ocamlc.opt -I src -I target -I tests -c src/ftime.mli
ocamlc.opt -I src -I target -I tests -c src/ftime.ml
ocamlc.opt -I src -I target -I tests -c src/date.mli
ocamlc.opt -I src -I target -I tests -c src/date.ml
ocamlc.opt -I src -I target -I tests -c src/calendar_builder.mli
ocamlc.opt -I src -I target -I tests -c src/calendar_builder.ml
ocamlc.opt -I src -I target -I tests -c src/calendar.mli
ocamlc.opt -I src -I target -I tests -c src/calendar.ml
ocamlc.opt -I src -I target -I tests -c src/fcalendar.mli
ocamlc.opt -I src -I target -I tests -c src/fcalendar.ml
ocamlc.opt -I src -I target -I tests -c src/printer.mli
ocamlc.opt -I src -I target -I tests -c src/printer.ml
ocamlc.opt -I src -I target -I tests -c src/version.mli
ocamlc.opt -I src -I target -I tests -c src/version.ml
mkdir -p target
ocamlfind ocamlc -I src -I target -I tests -pack -o target/calendarLib.cmo \
		src/period.cmi src/date_sig.cmi src/time_sig.cmi src/calendar_sig.cmi src/utils.cmo src/time_Zone.cmo src/time.cmo src/ftime.cmo src/date.cmo src/calendar_builder.cmo src/calendar.cmo src/fcalendar.cmo src/printer.cmo src/version.cmo
ocamlfind ocamlc -I src -I target -I tests -a -o target/calendarLib.cma target/calendarLib.cmo
ocamlopt.opt -I src -I target -I tests -noassert -for-pack CalendarLib -c src/utils.ml
ocamlopt.opt -I src -I target -I tests -noassert -for-pack CalendarLib -c src/time_Zone.ml
ocamlopt.opt -I src -I target -I tests -noassert -for-pack CalendarLib -c src/time.ml
ocamlopt.opt -I src -I target -I tests -noassert -for-pack CalendarLib -c src/ftime.ml
ocamlopt.opt -I src -I target -I tests -noassert -for-pack CalendarLib -c src/date.ml
ocamlopt.opt -I src -I target -I tests -noassert -for-pack CalendarLib -c src/calendar_builder.ml
ocamlopt.opt -I src -I target -I tests -noassert -for-pack CalendarLib -c src/calendar.ml
ocamlopt.opt -I src -I target -I tests -noassert -for-pack CalendarLib -c src/fcalendar.ml
ocamlopt.opt -I src -I target -I tests -noassert -for-pack CalendarLib -c src/printer.ml
ocamlopt.opt -I src -I target -I tests -noassert -for-pack CalendarLib -c src/version.ml
mkdir -p target
ocamlfind ocamlopt -I src -I target -I tests -noassert -pack -o target/calendarLib.cmx \
		src/period.cmi src/date_sig.cmi src/time_sig.cmi src/calendar_sig.cmi src/utils.cmx src/time_Zone.cmx src/time.cmx src/ftime.cmx src/date.cmx src/calendar_builder.cmx src/calendar.cmx src/fcalendar.cmx src/printer.cmx src/version.cmx
ocamlfind ocamlopt -I src -I target -I tests -noassert -a -o target/calendarLib.cmxa target/calendarLib.cmx
ocamlfind ocamlopt -I target -shared -linkall -o target/calendarLib.cmxs target/calendarLib.cmxa
echo "description = \"calendar library\"" > META
echo "version = \"2.03.2\"" >> META
echo "archive(byte) = \"calendarLib.cma\"" >> META
echo "archive(native) = \"calendarLib.cmxa\"" >> META
echo "requires = \"unix str\"" >> META
Installed /home/opam/.opam/4.02.0+trunk/lib/calendar/calendarLib.a
Installed /home/opam/.opam/4.02.0+trunk/lib/calendar/calendarLib.o
Installed /home/opam/.opam/4.02.0+trunk/lib/calendar/version.mli
Installed /home/opam/.opam/4.02.0+trunk/lib/calendar/printer.mli
Installed /home/opam/.opam/4.02.0+trunk/lib/calendar/fcalendar.mli
Installed /home/opam/.opam/4.02.0+trunk/lib/calendar/calendar.mli
Installed /home/opam/.opam/4.02.0+trunk/lib/calendar/calendar_builder.mli
Installed /home/opam/.opam/4.02.0+trunk/lib/calendar/calendar_sig.mli
Installed /home/opam/.opam/4.02.0+trunk/lib/calendar/date.mli
Installed /home/opam/.opam/4.02.0+trunk/lib/calendar/date_sig.mli
Installed /home/opam/.opam/4.02.0+trunk/lib/calendar/ftime.mli
Installed /home/opam/.opam/4.02.0+trunk/lib/calendar/time.mli
Installed /home/opam/.opam/4.02.0+trunk/lib/calendar/time_sig.mli
Installed /home/opam/.opam/4.02.0+trunk/lib/calendar/period.mli
Installed /home/opam/.opam/4.02.0+trunk/lib/calendar/time_Zone.mli
Installed /home/opam/.opam/4.02.0+trunk/lib/calendar/utils.mli
Installed /home/opam/.opam/4.02.0+trunk/lib/calendar/calendarLib.cmxs
Installed /home/opam/.opam/4.02.0+trunk/lib/calendar/calendarLib.cmxa
Installed /home/opam/.opam/4.02.0+trunk/lib/calendar/calendarLib.cmx
Installed /home/opam/.opam/4.02.0+trunk/lib/calendar/calendarLib.cmo
Installed /home/opam/.opam/4.02.0+trunk/lib/calendar/calendarLib.cmi
Installed /home/opam/.opam/4.02.0+trunk/lib/calendar/calendarLib.cma
Installed /home/opam/.opam/4.02.0+trunk/lib/calendar/META
Installing calendar.2.03.2.
Building camlp4.4.02.0:
  ./configure --bindir=/home/opam/.opam/4.02.0+trunk/bin --libdir=/home/opam/.opam/4.02.0+trunk/lib/ocaml --pkgdir=/home/opam/.opam/4.02.0+trunk/lib
  make all
  make install install-META
ocamlbuild -classic-display -no-ocamlfind `./build/camlp4-byte-only.sh`
+ echo camlp4/Camlp4.cmo camlp4/Camlp4Top.cmo camlp4/camlp4prof.byte camlp4/mkcamlp4.byte camlp4/camlp4.byte camlp4/camlp4fulllib.cma camlp4/camlp4boot.byte camlp4/camlp4boot.cma camlp4/camlp4r.byte camlp4/camlp4r.cma camlp4/camlp4rf.byte camlp4/camlp4rf.cma camlp4/camlp4o.byte camlp4/camlp4o.cma camlp4/camlp4of.byte camlp4/camlp4of.cma camlp4/camlp4oof.byte camlp4/camlp4oof.cma camlp4/camlp4orf.byte camlp4/camlp4orf.cma camlp4/Camlp4Parsers/Camlp4AstLoader.cmo camlp4/Camlp4Parsers/Camlp4DebugParser.cmo camlp4/Camlp4Parsers/Camlp4GrammarParser.cmo camlp4/Camlp4Parsers/Camlp4ListComprehension.cmo camlp4/Camlp4Parsers/Camlp4MacroParser.cmo camlp4/Camlp4Parsers/Camlp4OCamlOriginalQuotationExpander.cmo camlp4/Camlp4Parsers/Camlp4OCamlParser.cmo camlp4/Camlp4Parsers/Camlp4OCamlParserParser.cmo camlp4/Camlp4Parsers/Camlp4OCamlReloadedParser.cmo camlp4/Camlp4Parsers/Camlp4OCamlRevisedParser.cmo camlp4/Camlp4Parsers/Camlp4OCamlRevisedParserParser.cmo camlp4/Camlp4Parsers/Camlp4OCamlRevisedQuotationExpander.cmo camlp4/Camlp4Parsers/Camlp4QuotationCommon.cmo camlp4/Camlp4Parsers/Camlp4QuotationExpander.cmo camlp4/Camlp4Printers/Camlp4AstDumper.cmo camlp4/Camlp4Printers/Camlp4AutoPrinter.cmo camlp4/Camlp4Printers/Camlp4NullDumper.cmo camlp4/Camlp4Printers/Camlp4OCamlAstDumper.cmo camlp4/Camlp4Printers/Camlp4OCamlPrinter.cmo camlp4/Camlp4Printers/Camlp4OCamlRevisedPrinter.cmo camlp4/Camlp4Filters/Camlp4AstLifter.cmo camlp4/Camlp4Filters/Camlp4ExceptionTracer.cmo camlp4/Camlp4Filters/Camlp4FoldGenerator.cmo camlp4/Camlp4Filters/Camlp4LocationStripper.cmo camlp4/Camlp4Filters/Camlp4MapGenerator.cmo camlp4/Camlp4Filters/Camlp4MetaGenerator.cmo camlp4/Camlp4Filters/Camlp4Profiler.cmo camlp4/Camlp4Filters/Camlp4TrashRemover.cmo
Failure: TODO.
make: *** [byte] Error 2
[ERROR] The compilation of camlp4.4.02.0 failed.
Removing camlp4.4.02.0.
  ocamlfind remove camlp4
  rm -rf /home/opam/.opam/4.02.0+trunk/lib/ocaml/camlp4
  rm -f /home/opam/.opam/4.02.0+trunk/bin/camlp4 /home/opam/.opam/4.02.0+trunk/bin/camlp4boot /home/opam/.opam/4.02.0+trunk/bin/mkcamlp4 /home/opam/.opam/4.02.0+trunk/bin/camlp4r /home/opam/.opam/4.02.0+trunk/bin/camlp4rf /home/opam/.opam/4.02.0+trunk/bin/camlp4orf /home/opam/.opam/4.02.0+trunk/bin/camlp4o /home/opam/.opam/4.02.0+trunk/bin/camlp4of /home/opam/.opam/4.02.0+trunk/bin/camlp4oof /home/opam/.opam/4.02.0+trunk/bin/camlp4prof
ocamlfind: [WARNING] No such directory: /home/opam/.opam/4.02.0+trunk/lib/camlp4
Building conf-libpcre.1:
  pkg-config libpcre
Removing conf-libpcre.1.
[ERROR] The compilation of conf-libpcre.1 failed.
  Nothing to do.
Copying ~/.opam/repo/default/packages/cppo/cppo.0.9.4/files/cppo.install to ~/.opam/4.02.0+trunk/build/cppo.0.9.4/
Building cppo.0.9.4:
  make
  make install-lib
echo 'let cppo_version = "0.9.4"' > cppo_version.ml
ocamlyacc cppo_parser.mly
ocamllex cppo_lexer.mll
354 states, 13186 transitions, table size 54868 bytes
3462 additional bytes used for bindings
ocamlopt -o cppo -dtypes unix.cmxa cppo_version.ml cppo_types.ml cppo_parser.mli cppo_parser.ml cppo_lexer.ml cppo_command.ml cppo_eval.ml cppo_main.ml
cd ocamlbuild_plugin && ocamlbuild -use-ocamlfind ocamlbuild_cppo.cma ocamlbuild_cppo.cmxa ocamlbuild_cppo.a ocamlbuild_cppo.cmxs
Failure: TODO.
make: *** [ocamlbuild] Error 2
[ERROR] The compilation of cppo.0.9.4 failed.
Removing cppo.0.9.4.
  ocamlfind remove cppo_ocamlbuild
ocamlfind: [WARNING] No such directory: /home/opam/.opam/4.02.0+trunk/lib/cppo_ocamlbuild
Building cryptokit.1.9:
  make
  make install
ocaml setup.ml -configure 
File "/home/gildor/programmation/oasis/src/oasis/OASISString.ml", line 118, characters 8-26:
Warning 3: deprecated: String.set
File "/home/gildor/programmation/oasis/src/oasis/OASISFindlib.ml", line 256, characters 6-24:
Warning 3: deprecated: Lazy.lazy_from_fun

Configuration: 
ocamlfind: ........................................... /home/opam/.opam/4.02.0+trunk/bin/ocamlfind
ocamlc: .............................................. /home/opam/.opam/4.02.0+trunk/bin/ocamlc.opt
ocamlopt: ............................................ /home/opam/.opam/4.02.0+trunk/bin/ocamlopt.opt
ocamlbuild: .......................................... /home/opam/.opam/4.02.0+trunk/bin/ocamlbuild
Package name: ........................................ cryptokit
Package version: ..................................... 1.9
os_type: ............................................. Unix
system: .............................................. linux
architecture: ........................................ amd64
ccomp_type: .......................................... cc
ocaml_version: ....................................... 4.02.0
standard_library_default: ............................ /home/opam/.opam/4.02.0+trunk/lib/ocaml
standard_library: .................................... /home/opam/.opam/4.02.0+trunk/lib/ocaml
standard_runtime: .................................... /home/opam/.opam/4.02.0+trunk/bin/ocamlrun
bytecomp_c_compiler: ................................. gcc -fno-defer-pop -Wall -D_FILE_OFFSET_BITS=64 -D_REENTRANT -fPIC
native_c_compiler: ................................... gcc -Wall -D_FILE_OFFSET_BITS=64 -D_REENTRANT
model: ............................................... default
ext_obj: ............................................. .o
ext_asm: ............................................. .s
ext_lib: ............................................. .a
ext_dll: ............................................. .so
default_executable_name: ............................. a.out
systhread_supported: ................................. true
Install architecture-independent files dir: .......... /usr/local
Install architecture-dependent files in dir: ......... $prefix
User executables: .................................... $exec_prefix/bin
System admin executables: ............................ $exec_prefix/sbin
Program executables: ................................. $exec_prefix/libexec
Read-only single-machine data: ....................... $prefix/etc
Modifiable architecture-independent data: ............ $prefix/com
Modifiable single-machine data: ...................... $prefix/var
Object code libraries: ............................... $exec_prefix/lib
Read-only arch-independent data root: ................ $prefix/share
Read-only architecture-independent data: ............. $datarootdir
Info documentation: .................................. $datarootdir/info
Locale-dependent data: ............................... $datarootdir/locale
Man documentation: ................................... $datarootdir/man
Documentation root: .................................. $datarootdir/doc/$pkg_name
HTML documentation: .................................. $docdir
DVI documentation: ................................... $docdir
PDF documentation: ................................... $docdir
PS documentation: .................................... $docdir
findlib_version: ..................................... 1.5.2
is_native: ........................................... true
suffix_program: ...................................... 
Remove a file.: ...................................... rm -f
Remove a directory.: ................................. rm -rf
Turn ocaml debug flag on: ............................ true
Turn ocaml profile flag on: .......................... false
Compiler support generation of .cmxs.: ............... true
OCamlbuild additional flags: ......................... 
Define include path for zlib.: ....................... 
Define library path for zlib.: ....................... 
Enable ZLib: ......................................... true
Build and run benchmark: ............................. false
Create documentations: ............................... true
Compile tests executable and library and run them: ... false
ocamldoc: ............................................ /home/opam/.opam/4.02.0+trunk/bin/ocamldoc
pkg_unix: ............................................ /home/opam/.opam/4.02.0+trunk/lib/ocaml
pkg_num: ............................................. /home/opam/.opam/4.02.0+trunk/lib/num

ocaml setup.ml -build -classic-display
File "/home/gildor/programmation/oasis/src/oasis/OASISString.ml", line 118, characters 8-26:
Warning 3: deprecated: String.set
File "/home/gildor/programmation/oasis/src/oasis/OASISFindlib.ml", line 256, characters 6-24:
Warning 3: deprecated: Lazy.lazy_from_fun
Failure: TODO.
E: Failure("Command ''/home/opam/.opam/4.02.0+trunk/bin/ocamlbuild' src/libcryptokit_stubs.a src/dllcryptokit_stubs.so src/cryptokit.cma src/cryptokit.cmxa src/cryptokit.a src/cryptokit.cmxs -tag debug -classic-display' terminated with error code 2")
make: *** [build] Error 1
Removing cryptokit.1.9.
[ERROR] The compilation of cryptokit.1.9 failed.
  ocamlfind remove cryptokit
ocamlfind: [WARNING] No such directory: /home/opam/.opam/4.02.0+trunk/lib/cryptokit
Copying ~/.opam/repo/default/packages/dbm/dbm.1.0/files/include_fix.patch to ~/.opam/4.02.0+trunk/build/dbm.1.0/
Copying ~/.opam/repo/default/packages/dbm/dbm.1.0/files/hasgotfix.patch to ~/.opam/4.02.0+trunk/build/dbm.1.0/
Applying hasgotfix.patch.
patching file configure
Applying include_fix.patch.
patching file Makefile
Building dbm.1.0:
  mkdir -p /home/opam/.opam/4.02.0+trunk/lib/dbm
  ./configure
  make all
  make test
  make install STUBLIBDIR=/home/opam/.opam/4.02.0+trunk/lib/stublibs LIBDIR=/home/opam/.opam/4.02.0+trunk/lib/dbm
  cp META /home/opam/.opam/4.02.0+trunk/lib/dbm
Configuring for OCaml version 4.02.0+dev13-2014-08-18

NDBM not found, the "camldbm" library cannot be built.
[ERROR] The compilation of dbm.1.0 failed.
Removing dbm.1.0.
  Nothing to do.
Building easy-format.1.0.2:
  make
  make install
ocamlc -c easy_format.mli
ocamlc -c -dtypes easy_format.ml
touch bytecode
ocamlc -c easy_format.mli
ocamlopt -c -dtypes easy_format.ml
ocamlopt -I . -shared -linkall -o easy_format.cmxs easy_format.cmx
touch nativecode
echo "version = \"1.0.2\"" > META; cat META.tpl >> META
INSTALL_FILES="META easy_format.cmi easy_format.mli"; \
		if test -f bytecode; then \
		  INSTALL_FILES="$INSTALL_FILES easy_format.cmo"; \
		fi; \
		if test -f nativecode; then \
		  INSTALL_FILES="$INSTALL_FILES easy_format.cmx easy_format.o easy_format.cmxs"; \
		fi; \
		ocamlfind install easy-format $INSTALL_FILES
Installed /home/opam/.opam/4.02.0+trunk/lib/easy-format/easy_format.cmxs
Installed /home/opam/.opam/4.02.0+trunk/lib/easy-format/easy_format.o
Installed /home/opam/.opam/4.02.0+trunk/lib/easy-format/easy_format.cmx
Installed /home/opam/.opam/4.02.0+trunk/lib/easy-format/easy_format.cmo
Installed /home/opam/.opam/4.02.0+trunk/lib/easy-format/easy_format.mli
Installed /home/opam/.opam/4.02.0+trunk/lib/easy-format/easy_format.cmi
Installed /home/opam/.opam/4.02.0+trunk/lib/easy-format/META
Installing easy-format.1.0.2.
Copying ~/.opam/repo/default/packages/ocamlify/ocamlify.0.0.1/files/ocamlify.install to ~/.opam/4.02.0+trunk/build/ocamlify.0.0.1/
Building ocamlify.0.0.1:
  ocaml setup.ml -configure --prefix /home/opam/.opam/4.02.0+trunk
  ocaml setup.ml -build
  ocaml setup.ml -install
I: Running command '/home/opam/.opam/4.02.0+trunk/bin/ocamlc.opt -config > /tmp/oasis-4eac43.txt'
I: Running command '/home/opam/.opam/4.02.0+trunk/bin/ocamlfind query -format %v findlib > /tmp/oasis-0fd9d7.txt'

Configuration: 

OCamlbuild additional flags: ................... 
Compile with ocaml profile flag on.: ........... false
Compile with ocaml debug flag on.: ............. true
Remove a directory.: ........................... rm -rf
Remove a file.: ................................ rm -f
suffix_program: ................................ 
is_native: ..................................... true
findlib_version: ............................... 1.5.2
PS documentation: .............................. $docdir
PDF documentation: ............................. $docdir
DVI documentation: ............................. $docdir
HTML documentation: ............................ $docdir
Documentation root: ............................ $datarootdir/doc/$pkg_name
Man documentation: ............................. $datarootdir/man
Locale-dependent data: ......................... $datarootdir/locale
Info documentation: ............................ $datarootdir/info
Read-only architecture-independent data: ....... $datarootdir
Read-only arch-independent data root: .......... $prefix/share
Object code libraries: ......................... $exec_prefix/lib
Modifiable single-machine data: ................ $prefix/var
Modifiable architecture-independent data: ...... $prefix/com
Read-only single-machine data: ................. $prefix/etc
Program executables: ........................... $exec_prefix/libexec
System admin executables: ...................... $exec_prefix/sbin
User executables: .............................. $exec_prefix/bin
Install architecture-dependent files in dir: ... $prefix
Install architecture-independent files dir: .... /home/opam/.opam/4.02.0+trunk
systhread_supported: ........................... true
default_executable_name: ....................... a.out
ext_dll: ....................................... .so
ext_lib: ....................................... .a
ext_asm: ....................................... .s
ext_obj: ....................................... .o
model: ......................................... default
native_c_compiler: ............................. gcc -Wall -D_FILE_OFFSET_BITS=64 -D_REENTRANT
bytecomp_c_compiler: ........................... gcc -fno-defer-pop -Wall -D_FILE_OFFSET_BITS=64 -D_REENTRANT -fPIC
standard_runtime: .............................. /home/opam/.opam/4.02.0+trunk/bin/ocamlrun
standard_library: .............................. /home/opam/.opam/4.02.0+trunk/lib/ocaml
standard_library_default: ...................... /home/opam/.opam/4.02.0+trunk/lib/ocaml
ocaml_version: ................................. 4.02.0+dev13-2014-08-18
ccomp_type: .................................... cc
architecture: .................................. amd64
system: ........................................ linux
os_type: ....................................... Unix
Package version: ............................... 0.0.1
Package name: .................................. ocamlify
ocamlbuild: .................................... /home/opam/.opam/4.02.0+trunk/bin/ocamlbuild
ocamlopt: ...................................... /home/opam/.opam/4.02.0+trunk/bin/ocamlopt.opt
ocamlc: ........................................ /home/opam/.opam/4.02.0+trunk/bin/ocamlc.opt
ocamlfind: ..................................... /home/opam/.opam/4.02.0+trunk/bin/ocamlfind

I: Running command '/home/opam/.opam/4.02.0+trunk/bin/ocamlbuild src/ocamlify.byte -tag debug'
Failure: TODO.
E: Command '/home/opam/.opam/4.02.0+trunk/bin/ocamlbuild src/ocamlify.byte -tag debug' terminated with error code 2
[ERROR] The compilation of ocamlify.0.0.1 failed.
Removing ocamlify.0.0.1.
  Nothing to do.
Copying ~/.opam/repo/default/packages/ocamlmod/ocamlmod.0.0.7/files/ocamlmod.install to ~/.opam/4.02.0+trunk/build/ocamlmod.0.0.7/
Building ocamlmod.0.0.7:
  ocaml setup.ml -configure --prefix /home/opam/.opam/4.02.0+trunk
  ocaml setup.ml -build
  ocaml setup.ml -install
File "setup.ml", line 255, characters 8-26:
Warning 3: deprecated: String.set
File "setup.ml", line 2094, characters 6-24:
Warning 3: deprecated: Lazy.lazy_from_fun

Configuration: 
ocamlfind: ........................................... /home/opam/.opam/4.02.0+trunk/bin/ocamlfind
ocamlc: .............................................. /home/opam/.opam/4.02.0+trunk/bin/ocamlc.opt
ocamlopt: ............................................ /home/opam/.opam/4.02.0+trunk/bin/ocamlopt.opt
ocamlbuild: .......................................... /home/opam/.opam/4.02.0+trunk/bin/ocamlbuild
Package name: ........................................ ocamlmod
Package version: ..................................... 0.0.7
os_type: ............................................. Unix
system: .............................................. linux
architecture: ........................................ amd64
ccomp_type: .......................................... cc
ocaml_version: ....................................... 4.02.0
standard_library_default: ............................ /home/opam/.opam/4.02.0+trunk/lib/ocaml
standard_library: .................................... /home/opam/.opam/4.02.0+trunk/lib/ocaml
standard_runtime: .................................... /home/opam/.opam/4.02.0+trunk/bin/ocamlrun
bytecomp_c_compiler: ................................. gcc -fno-defer-pop -Wall -D_FILE_OFFSET_BITS=64 -D_REENTRANT -fPIC
native_c_compiler: ................................... gcc -Wall -D_FILE_OFFSET_BITS=64 -D_REENTRANT
model: ............................................... default
ext_obj: ............................................. .o
ext_asm: ............................................. .s
ext_lib: ............................................. .a
ext_dll: ............................................. .so
default_executable_name: ............................. a.out
systhread_supported: ................................. true
Install architecture-independent files dir: .......... /home/opam/.opam/4.02.0+trunk
Install architecture-dependent files in dir: ......... $prefix
User executables: .................................... $exec_prefix/bin
System admin executables: ............................ $exec_prefix/sbin
Program executables: ................................. $exec_prefix/libexec
Read-only single-machine data: ....................... $prefix/etc
Modifiable architecture-independent data: ............ $prefix/com
Modifiable single-machine data: ...................... $prefix/var
Object code libraries: ............................... $exec_prefix/lib
Read-only arch-independent data root: ................ $prefix/share
Read-only architecture-independent data: ............. $datarootdir
Info documentation: .................................. $datarootdir/info
Locale-dependent data: ............................... $datarootdir/locale
Man documentation: ................................... $datarootdir/man
Documentation root: .................................. $datarootdir/doc/$pkg_name
HTML documentation: .................................. $docdir
DVI documentation: ................................... $docdir
PDF documentation: ................................... $docdir
PS documentation: .................................... $docdir
findlib_version: ..................................... 1.5.2
is_native: ........................................... true
suffix_program: ...................................... 
Remove a file.: ...................................... rm -f
Remove a directory.: ................................. rm -rf
Turn ocaml debug flag on: ............................ true
Turn ocaml profile flag on: .......................... false
Compiler support generation of .cmxs.: ............... true
OCamlbuild additional flags: ......................... 
Create documentations: ............................... true
Compile tests executable and library and run them: ... false
pkg_str: ............................................. /home/opam/.opam/4.02.0+trunk/lib/ocaml

File "setup.ml", line 255, characters 8-26:
Warning 3: deprecated: String.set
File "setup.ml", line 2094, characters 6-24:
Warning 3: deprecated: Lazy.lazy_from_fun
Failure: TODO.
E: Failure("Command ''/home/opam/.opam/4.02.0+trunk/bin/ocamlbuild' src/ocamlmod.byte -tag debug' terminated with error code 2")
[ERROR] The compilation of ocamlmod.0.0.7 failed.
Removing ocamlmod.0.0.7.
  Nothing to do.
Building react.1.1.0:
  ocaml pkg/git.ml
  ocaml pkg/build.ml native=true native-dynlink=true
File "pkg/topkg-ext.ml", line 42, characters 12-25:
Warning 3: deprecated: String.create
Failure: TODO.
[ERROR] The compilation of react.1.1.0 failed.
Removing react.1.1.0.
  Nothing to do.
Copying ~/.opam/repo/default/packages/ssl/ssl.0.4.7/files/pkgconfigure to ~/.opam/4.02.0+trunk/build/ssl.0.4.7/
Building ssl.0.4.7:
  ./configure --prefix /home/opam/.opam/4.02.0+trunk
  make
  make install
configuring ocaml-ssl 0.4.7
checking for gcc... gcc
checking whether the C compiler works... yes
checking for C compiler default output file name... a.out
checking for suffix of executables... 
checking whether we are cross compiling... no
checking for suffix of object files... o
checking whether we are using the GNU C compiler... yes
checking whether gcc accepts -g... yes
checking for gcc option to accept ISO C89... none needed
checking for pthread_create in -lpthread... yes
checking for ocamlc... /home/opam/.opam/4.02.0+trunk/bin/ocamlc
ocaml version is 4.02.0+dev13-2014-08-18
ocaml library path is /home/opam/.opam/4.02.0+trunk/lib/ocaml
checking for ocamlopt... /home/opam/.opam/4.02.0+trunk/bin/ocamlopt
checking ocamlopt version... ok
checking for ocamlc.opt... /home/opam/.opam/4.02.0+trunk/bin/ocamlc.opt
checking ocamlc.opt version... ok
checking for ocamlopt.opt... /home/opam/.opam/4.02.0+trunk/bin/ocamlopt.opt
checking ocamlc.opt version... ok
checking for ocamldep... /home/opam/.opam/4.02.0+trunk/bin/ocamldep
checking for ocamllex... /home/opam/.opam/4.02.0+trunk/bin/ocamllex
checking for ocamlyacc... /home/opam/.opam/4.02.0+trunk/bin/ocamlyacc
checking for ocamldoc... /home/opam/.opam/4.02.0+trunk/bin/ocamldoc
checking for ocamlmktop... /home/opam/.opam/4.02.0+trunk/bin/ocamlmktop
checking for gcc... (cached) gcc
checking whether we are using the GNU C compiler... (cached) yes
checking whether gcc accepts -g... (cached) yes
checking for gcc option to accept ISO C89... (cached) none needed
checking for SSL_new in -lssl... no
configure: error: Cannot find libssl.
[ERROR] The compilation of ssl.0.4.7 failed.
Removing ssl.0.4.7.
  ocamlfind remove ssl
ocamlfind: [WARNING] No such directory: /home/opam/.opam/4.02.0+trunk/lib/ssl
Building xmlm.1.2.0:
  ./pkg/pkg-git
  ./pkg/build true
Failure: TODO.
[ERROR] The compilation of xmlm.1.2.0 failed.
Removing xmlm.1.2.0.
  Nothing to do.
Copying ~/.opam/repo/default/packages/biniou/biniou.1.0.9/files/biniou.install to ~/.opam/4.02.0+trunk/build/biniou.1.0.9/
Building biniou.1.0.9:
  make
  make install
ocamlfind ocamlc -a -dtypes -g -o biniou.cma \
		-package "easy-format" bi_util.mli bi_util.ml bi_share.mli bi_share.ml bi_outbuf.mli bi_outbuf.ml bi_inbuf.mli bi_inbuf.ml bi_vint.mli bi_vint.ml bi_io.mli bi_io.ml bi_dump.ml bi_stream.mli bi_stream.ml
File "bi_util.ml", line 11, characters 10-23:
Warning 3: deprecated: String.create
File "bi_util.ml", line 13, characters 4-51:
Warning 3: deprecated: String.set
File "bi_util.ml", line 18, characters 10-23:
Warning 3: deprecated: String.create
File "bi_util.ml", line 20, characters 4-51:
Warning 3: deprecated: String.set
File "bi_util.ml", line 36, characters 10-23:
Warning 3: deprecated: String.create
File "bi_util.ml", line 41, characters 6-64:
Warning 3: deprecated: String.set
File "bi_util.ml", line 43, characters 4-54:
Warning 3: deprecated: String.set
File "bi_outbuf.ml", line 24, characters 10-23:
Warning 3: deprecated: String.create
File "bi_outbuf.ml", line 40, characters 8-21:
Warning 3: deprecated: String.create
File "bi_outbuf.ml", line 86, characters 2-18:
Warning 3: deprecated: String.set
File "bi_outbuf.ml", line 90, characters 2-18:
Warning 3: deprecated: String.set
File "bi_outbuf.ml", line 96, characters 2-19:
Warning 3: deprecated: String.unsafe_set
File "bi_outbuf.ml", line 97, characters 2-19:
Warning 3: deprecated: String.unsafe_set
File "bi_outbuf.ml", line 102, characters 2-19:
Warning 3: deprecated: String.unsafe_set
File "bi_outbuf.ml", line 103, characters 2-19:
Warning 3: deprecated: String.unsafe_set
File "bi_outbuf.ml", line 104, characters 2-19:
Warning 3: deprecated: String.unsafe_set
File "bi_outbuf.ml", line 105, characters 2-19:
Warning 3: deprecated: String.unsafe_set
File "bi_outbuf.ml", line 116, characters 13-26:
Warning 3: deprecated: String.create
File "bi_inbuf.ml", line 99, characters 8-21:
Warning 3: deprecated: String.create
File "bi_io.ml", line 86, characters 2-19:
Warning 3: deprecated: String.unsafe_set
File "bi_io.ml", line 88, characters 2-19:
Warning 3: deprecated: String.unsafe_set
File "bi_io.ml", line 90, characters 2-19:
Warning 3: deprecated: String.unsafe_set
File "bi_io.ml", line 92, characters 2-19:
Warning 3: deprecated: String.unsafe_set
File "bi_io.ml", line 216, characters 4-21:
Warning 3: deprecated: String.unsafe_set
File "bi_io.ml", line 220, characters 4-21:
Warning 3: deprecated: String.unsafe_set
File "bi_io.ml", line 231, characters 4-21:
Warning 3: deprecated: String.unsafe_set
File "bi_io.ml", line 235, characters 4-21:
Warning 3: deprecated: String.unsafe_set
File "bi_io.ml", line 562, characters 12-25:
Warning 3: deprecated: String.create
File "bi_stream.ml", line 56, characters 16-29:
Warning 3: deprecated: String.create
ocamlfind ocamlopt -a -dtypes -g \
		-o biniou.cmxa -package "easy-format" bi_util.mli bi_util.ml bi_share.mli bi_share.ml bi_outbuf.mli bi_outbuf.ml bi_inbuf.mli bi_inbuf.ml bi_vint.mli bi_vint.ml bi_io.mli bi_io.ml bi_dump.ml bi_stream.mli bi_stream.ml
File "bi_util.ml", line 11, characters 10-23:
Warning 3: deprecated: String.create
File "bi_util.ml", line 13, characters 4-51:
Warning 3: deprecated: String.set
File "bi_util.ml", line 18, characters 10-23:
Warning 3: deprecated: String.create
File "bi_util.ml", line 20, characters 4-51:
Warning 3: deprecated: String.set
File "bi_util.ml", line 36, characters 10-23:
Warning 3: deprecated: String.create
File "bi_util.ml", line 41, characters 6-64:
Warning 3: deprecated: String.set
File "bi_util.ml", line 43, characters 4-54:
Warning 3: deprecated: String.set
File "bi_outbuf.ml", line 24, characters 10-23:
Warning 3: deprecated: String.create
File "bi_outbuf.ml", line 40, characters 8-21:
Warning 3: deprecated: String.create
File "bi_outbuf.ml", line 86, characters 2-18:
Warning 3: deprecated: String.set
File "bi_outbuf.ml", line 90, characters 2-18:
Warning 3: deprecated: String.set
File "bi_outbuf.ml", line 96, characters 2-19:
Warning 3: deprecated: String.unsafe_set
File "bi_outbuf.ml", line 97, characters 2-19:
Warning 3: deprecated: String.unsafe_set
File "bi_outbuf.ml", line 102, characters 2-19:
Warning 3: deprecated: String.unsafe_set
File "bi_outbuf.ml", line 103, characters 2-19:
Warning 3: deprecated: String.unsafe_set
File "bi_outbuf.ml", line 104, characters 2-19:
Warning 3: deprecated: String.unsafe_set
File "bi_outbuf.ml", line 105, characters 2-19:
Warning 3: deprecated: String.unsafe_set
File "bi_outbuf.ml", line 116, characters 13-26:
Warning 3: deprecated: String.create
File "bi_inbuf.ml", line 99, characters 8-21:
Warning 3: deprecated: String.create
File "bi_io.ml", line 86, characters 2-19:
Warning 3: deprecated: String.unsafe_set
File "bi_io.ml", line 88, characters 2-19:
Warning 3: deprecated: String.unsafe_set
File "bi_io.ml", line 90, characters 2-19:
Warning 3: deprecated: String.unsafe_set
File "bi_io.ml", line 92, characters 2-19:
Warning 3: deprecated: String.unsafe_set
File "bi_io.ml", line 216, characters 4-21:
Warning 3: deprecated: String.unsafe_set
File "bi_io.ml", line 220, characters 4-21:
Warning 3: deprecated: String.unsafe_set
File "bi_io.ml", line 231, characters 4-21:
Warning 3: deprecated: String.unsafe_set
File "bi_io.ml", line 235, characters 4-21:
Warning 3: deprecated: String.unsafe_set
File "bi_io.ml", line 562, characters 12-25:
Warning 3: deprecated: String.create
File "bi_stream.ml", line 56, characters 16-29:
Warning 3: deprecated: String.create
ocamlopt -shared -linkall -I . -o biniou.cmxs biniou.cmxa
ocamlfind ocamlopt -o bdump -dtypes -g \
		-package easy-format -linkpkg \
		biniou.cmxa bdump.ml
ocamlfind ocamlopt -o test_biniou -dtypes -g \
		-package "easy-format unix" -linkpkg \
		biniou.cmxa test_biniou.ml
sed -e 's:@@VERSION@@:1.0.9:' META.in > META
test ! -f bdump || cp bdump /home/opam/.opam/4.02.0+trunk/bin/
test ! -f bdump.exe || cp bdump.exe /home/opam/.opam/4.02.0+trunk/bin/
ocamlfind install biniou META \
          $(ls bi_util.mli bi_share.mli bi_outbuf.mli bi_inbuf.mli bi_vint.mli bi_io.mli bi_stream.mli bi_util.cmi bi_share.cmi bi_outbuf.cmi bi_inbuf.cmi bi_vint.cmi bi_io.cmi bi_dump.cmi bi_stream.cmi bi_util.cmo bi_share.cmo bi_outbuf.cmo bi_inbuf.cmo bi_vint.cmo bi_io.cmo bi_dump.cmo bi_stream.cmo bi_util.cmx bi_share.cmx bi_outbuf.cmx bi_inbuf.cmx bi_vint.cmx bi_io.cmx bi_dump.cmx bi_stream.cmx bi_util.o bi_share.o bi_outbuf.o bi_inbuf.o bi_vint.o bi_io.o bi_dump.o bi_stream.o biniou.cma biniou.cmxa biniou.cmxs biniou.a)
Installed /home/opam/.opam/4.02.0+trunk/lib/biniou/biniou.cmxs
Installed /home/opam/.opam/4.02.0+trunk/lib/biniou/biniou.cmxa
Installed /home/opam/.opam/4.02.0+trunk/lib/biniou/biniou.cma
Installed /home/opam/.opam/4.02.0+trunk/lib/biniou/biniou.a
Installed /home/opam/.opam/4.02.0+trunk/lib/biniou/bi_vint.o
Installed /home/opam/.opam/4.02.0+trunk/lib/biniou/bi_vint.mli
Installed /home/opam/.opam/4.02.0+trunk/lib/biniou/bi_vint.cmx
Installed /home/opam/.opam/4.02.0+trunk/lib/biniou/bi_vint.cmo
Installed /home/opam/.opam/4.02.0+trunk/lib/biniou/bi_vint.cmi
Installed /home/opam/.opam/4.02.0+trunk/lib/biniou/bi_util.o
Installed /home/opam/.opam/4.02.0+trunk/lib/biniou/bi_util.mli
Installed /home/opam/.opam/4.02.0+trunk/lib/biniou/bi_util.cmx
Installed /home/opam/.opam/4.02.0+trunk/lib/biniou/bi_util.cmo
Installed /home/opam/.opam/4.02.0+trunk/lib/biniou/bi_util.cmi
Installed /home/opam/.opam/4.02.0+trunk/lib/biniou/bi_stream.o
Installed /home/opam/.opam/4.02.0+trunk/lib/biniou/bi_stream.mli
Installed /home/opam/.opam/4.02.0+trunk/lib/biniou/bi_stream.cmx
Installed /home/opam/.opam/4.02.0+trunk/lib/biniou/bi_stream.cmo
Installed /home/opam/.opam/4.02.0+trunk/lib/biniou/bi_stream.cmi
Installed /home/opam/.opam/4.02.0+trunk/lib/biniou/bi_share.o
Installed /home/opam/.opam/4.02.0+trunk/lib/biniou/bi_share.mli
Installed /home/opam/.opam/4.02.0+trunk/lib/biniou/bi_share.cmx
Installed /home/opam/.opam/4.02.0+trunk/lib/biniou/bi_share.cmo
Installed /home/opam/.opam/4.02.0+trunk/lib/biniou/bi_share.cmi
Installed /home/opam/.opam/4.02.0+trunk/lib/biniou/bi_outbuf.o
Installed /home/opam/.opam/4.02.0+trunk/lib/biniou/bi_outbuf.mli
Installed /home/opam/.opam/4.02.0+trunk/lib/biniou/bi_outbuf.cmx
Installed /home/opam/.opam/4.02.0+trunk/lib/biniou/bi_outbuf.cmo
Installed /home/opam/.opam/4.02.0+trunk/lib/biniou/bi_outbuf.cmi
Installed /home/opam/.opam/4.02.0+trunk/lib/biniou/bi_io.o
Installed /home/opam/.opam/4.02.0+trunk/lib/biniou/bi_io.mli
Installed /home/opam/.opam/4.02.0+trunk/lib/biniou/bi_io.cmx
Installed /home/opam/.opam/4.02.0+trunk/lib/biniou/bi_io.cmo
Installed /home/opam/.opam/4.02.0+trunk/lib/biniou/bi_io.cmi
Installed /home/opam/.opam/4.02.0+trunk/lib/biniou/bi_inbuf.o
Installed /home/opam/.opam/4.02.0+trunk/lib/biniou/bi_inbuf.mli
Installed /home/opam/.opam/4.02.0+trunk/lib/biniou/bi_inbuf.cmx
Installed /home/opam/.opam/4.02.0+trunk/lib/biniou/bi_inbuf.cmo
Installed /home/opam/.opam/4.02.0+trunk/lib/biniou/bi_inbuf.cmi
Installed /home/opam/.opam/4.02.0+trunk/lib/biniou/bi_dump.o
Installed /home/opam/.opam/4.02.0+trunk/lib/biniou/bi_dump.cmx
Installed /home/opam/.opam/4.02.0+trunk/lib/biniou/bi_dump.cmo
Installed /home/opam/.opam/4.02.0+trunk/lib/biniou/bi_dump.cmi
Installed /home/opam/.opam/4.02.0+trunk/lib/biniou/META
Installing biniou.1.0.9.


#==================== ERROR while installing camlp4.4.02.0 ====================#
# opam-version         1.2.0~beta4
# os                   linux
# command              make all
# path                 /home/opam/.opam/4.02.0+trunk/build/camlp4.4.02.0
# compiler             4.02.0+trunk
# exit-code            2
# env-file             /home/opam/.opam/4.02.0+trunk/build/camlp4.4.02.0/camlp4-1328-d474c2.env
# stdout-file          /home/opam/.opam/4.02.0+trunk/build/camlp4.4.02.0/camlp4-1328-d474c2.out
# stderr-file          /home/opam/.opam/4.02.0+trunk/build/camlp4.4.02.0/camlp4-1328-d474c2.err
### stdout ###
# ocamlbuild -classic-display -no-ocamlfind `./build/camlp4-byte-only.sh`
# Failure: TODO.
### stderr ###
# + echo camlp4/Camlp4.cmo camlp4/Camlp4Top.cmo camlp4/camlp4prof.byte camlp4/mkcamlp4.byte camlp4/camlp4.byte camlp4/camlp4fulllib.cma camlp4/camlp4boot.byte camlp4/camlp4boot.cma camlp4/camlp4r.byte camlp4/camlp4r.cma camlp4/camlp4rf.byte camlp4/camlp4rf.cma camlp4/camlp4o.byte camlp4/camlp4o.cma camlp4/camlp4of.byte camlp4/camlp4of.cma camlp4/camlp4oof.byte camlp4/camlp4oof.cma camlp4/camlp4orf.b...[truncated]
# make: *** [byte] Error 2


=-=-=-=-=-=-=-=-=-=-=-=-=-=-=-=-= Error report =-=-=-=-=-=-=-=-=-=-=-=-=-=-=-=-=

#=================== ERROR while installing conf-libpcre.1 ====================#
# opam-version         1.2.0~beta4
# os                   linux
# command              pkg-config libpcre
# path                 /home/opam/.opam/4.02.0+trunk/build/conf-libpcre.1
# compiler             4.02.0+trunk
# exit-code            1
# env-file             /home/opam/.opam/4.02.0+trunk/build/conf-libpcre.1/conf-libpcre-1405-8b8a2d.env
# stdout-file          /home/opam/.opam/4.02.0+trunk/build/conf-libpcre.1/conf-libpcre-1405-8b8a2d.out
# stderr-file          /home/opam/.opam/4.02.0+trunk/build/conf-libpcre.1/conf-libpcre-1405-8b8a2d.err


#===================== ERROR while installing cppo.0.9.4 ======================#
# opam-version         1.2.0~beta4
# os                   linux
# command              make
# path                 /home/opam/.opam/4.02.0+trunk/build/cppo.0.9.4
# compiler             4.02.0+trunk
# exit-code            2
# env-file             /home/opam/.opam/4.02.0+trunk/build/cppo.0.9.4/cppo-1412-6aa130.env
# stdout-file          /home/opam/.opam/4.02.0+trunk/build/cppo.0.9.4/cppo-1412-6aa130.out
# stderr-file          /home/opam/.opam/4.02.0+trunk/build/cppo.0.9.4/cppo-1412-6aa130.err
### stdout ###
# echo 'let cppo_version = "0.9.4"' > cppo_version.ml
# ocamlyacc cppo_parser.mly
# ocamllex cppo_lexer.mll
# 354 states, 13186 transitions, table size 54868 bytes
# 3462 additional bytes used for bindings
# ocamlopt -o cppo -dtypes unix.cmxa cppo_version.ml cppo_types.ml cppo_parser.mli cppo_parser.ml cppo_lexer.ml cppo_command.ml cppo_eval.ml cppo_main.ml
# cd ocamlbuild_plugin && ocamlbuild -use-ocamlfind ocamlbuild_cppo.cma ocamlbuild_cppo.cmxa ocamlbuild_cppo.a ocamlbuild_cppo.cmxs
# Failure: TODO.
### stderr ###
# make: *** [ocamlbuild] Error 2


#==================== ERROR while installing cryptokit.1.9 ====================#
# opam-version         1.2.0~beta4
# os                   linux
# command              make
# path                 /home/opam/.opam/4.02.0+trunk/build/cryptokit.1.9
# compiler             4.02.0+trunk
# exit-code            2
# env-file             /home/opam/.opam/4.02.0+trunk/build/cryptokit.1.9/cryptokit-1479-f0f09f.env
# stdout-file          /home/opam/.opam/4.02.0+trunk/build/cryptokit.1.9/cryptokit-1479-f0f09f.out
# stderr-file          /home/opam/.opam/4.02.0+trunk/build/cryptokit.1.9/cryptokit-1479-f0f09f.err
### stdout ###
# ...[truncated]
# Enable ZLib: ......................................... true
# Build and run benchmark: ............................. false
# Create documentations: ............................... true
# Compile tests executable and library and run them: ... false
# ocamldoc: ............................................ /home/opam/.opam/4.02.0+trunk/bin/ocamldoc
# pkg_unix: ............................................ /home/opam/.opam/4.02.0+trunk/lib/ocaml
# pkg_num: ............................................. /home/opam/.opam/4.02.0+trunk/lib/num
# 
# ocaml setup.ml -build -classic-display
# Failure: TODO.
### stderr ###
# ...[truncated]
# File "/home/gildor/programmation/oasis/src/oasis/OASISString.ml", line 118, characters 8-26:
# Warning 3: deprecated: String.set
# File "/home/gildor/programmation/oasis/src/oasis/OASISFindlib.ml", line 256, characters 6-24:
# Warning 3: deprecated: Lazy.lazy_from_fun
# File "/home/gildor/programmation/oasis/src/oasis/OASISString.ml", line 118, characters 8-26:
# Warning 3: deprecated: String.set
# File "/home/gildor/programmation/oasis/src/oasis/OASISFindlib.ml", line 256, characters 6-24:
# Warning 3: deprecated: Lazy.lazy_from_fun
# E: Failure("Command ''/home/opam/.opam/4.02.0+trunk/bin/ocamlbuild' src/libcryptokit_stubs.a src/dllcryptokit_stubs.so src/cryptokit.cma src/cryptokit.cmxa src/cryptokit.a src/cryptokit.cmxs -tag debug -classic-display' terminated with error code 2")
# make: *** [build] Error 1


#======================= ERROR while installing dbm.1.0 =======================#
# opam-version         1.2.0~beta4
# os                   linux
# command              ./configure
# path                 /home/opam/.opam/4.02.0+trunk/build/dbm.1.0
# compiler             4.02.0+trunk
# exit-code            2
# env-file             /home/opam/.opam/4.02.0+trunk/build/dbm.1.0/dbm-1535-000417.env
# stdout-file          /home/opam/.opam/4.02.0+trunk/build/dbm.1.0/dbm-1535-000417.out
# stderr-file          /home/opam/.opam/4.02.0+trunk/build/dbm.1.0/dbm-1535-000417.err
### stdout ###
# Configuring for OCaml version 4.02.0+dev13-2014-08-18
# 
# NDBM not found, the "camldbm" library cannot be built.


#=================== ERROR while installing ocamlify.0.0.1 ====================#
# opam-version         1.2.0~beta4
# os                   linux
# command              ocaml setup.ml -build
# path                 /home/opam/.opam/4.02.0+trunk/build/ocamlify.0.0.1
# compiler             4.02.0+trunk
# exit-code            1
# env-file             /home/opam/.opam/4.02.0+trunk/build/ocamlify.0.0.1/ocamlify-1652-736596.env
# stdout-file          /home/opam/.opam/4.02.0+trunk/build/ocamlify.0.0.1/ocamlify-1652-736596.out
# stderr-file          /home/opam/.opam/4.02.0+trunk/build/ocamlify.0.0.1/ocamlify-1652-736596.err
### stdout ###
# ...[truncated]
# system: ........................................ linux
# os_type: ....................................... Unix
# Package version: ............................... 0.0.1
# Package name: .................................. ocamlify
# ocamlbuild: .................................... /home/opam/.opam/4.02.0+trunk/bin/ocamlbuild
# ocamlopt: ...................................... /home/opam/.opam/4.02.0+trunk/bin/ocamlopt.opt
# ocamlc: ........................................ /home/opam/.opam/4.02.0+trunk/bin/ocamlc.opt
# ocamlfind: ..................................... /home/opam/.opam/4.02.0+trunk/bin/ocamlfind
# 
# Failure: TODO.
### stderr ###
# I: Running command '/home/opam/.opam/4.02.0+trunk/bin/ocamlc.opt -config > /tmp/oasis-4eac43.txt'
# I: Running command '/home/opam/.opam/4.02.0+trunk/bin/ocamlfind query -format %v findlib > /tmp/oasis-0fd9d7.txt'
# I: Running command '/home/opam/.opam/4.02.0+trunk/bin/ocamlbuild src/ocamlify.byte -tag debug'
# E: Command '/home/opam/.opam/4.02.0+trunk/bin/ocamlbuild src/ocamlify.byte -tag debug' terminated with error code 2


#=================== ERROR while installing ocamlmod.0.0.7 ====================#
# opam-version         1.2.0~beta4
# os                   linux
# command              ocaml setup.ml -build
# path                 /home/opam/.opam/4.02.0+trunk/build/ocamlmod.0.0.7
# compiler             4.02.0+trunk
# exit-code            1
# env-file             /home/opam/.opam/4.02.0+trunk/build/ocamlmod.0.0.7/ocamlmod-1694-8c0dd3.env
# stdout-file          /home/opam/.opam/4.02.0+trunk/build/ocamlmod.0.0.7/ocamlmod-1694-8c0dd3.out
# stderr-file          /home/opam/.opam/4.02.0+trunk/build/ocamlmod.0.0.7/ocamlmod-1694-8c0dd3.err
### stdout ###
# ...[truncated]
# Remove a directory.: ................................. rm -rf
# Turn ocaml debug flag on: ............................ true
# Turn ocaml profile flag on: .......................... false
# Compiler support generation of .cmxs.: ............... true
# OCamlbuild additional flags: ......................... 
# Create documentations: ............................... true
# Compile tests executable and library and run them: ... false
# pkg_str: ............................................. /home/opam/.opam/4.02.0+trunk/lib/ocaml
# 
# Failure: TODO.
### stderr ###
# File "setup.ml", line 255, characters 8-26:
# Warning 3: deprecated: String.set
# File "setup.ml", line 2094, characters 6-24:
# Warning 3: deprecated: Lazy.lazy_from_fun
# File "setup.ml", line 255, characters 8-26:
# Warning 3: deprecated: String.set
# File "setup.ml", line 2094, characters 6-24:
# Warning 3: deprecated: Lazy.lazy_from_fun
# E: Failure("Command ''/home/opam/.opam/4.02.0+trunk/bin/ocamlbuild' src/ocamlmod.byte -tag debug' terminated with error code 2")


#===================== ERROR while installing react.1.1.0 =====================#
# opam-version         1.2.0~beta4
# os                   linux
# command              ocaml pkg/build.ml native=true native-dynlink=true
# path                 /home/opam/.opam/4.02.0+trunk/build/react.1.1.0
# compiler             4.02.0+trunk
# exit-code            2
# env-file             /home/opam/.opam/4.02.0+trunk/build/react.1.1.0/react-1748-736596.env
# stdout-file          /home/opam/.opam/4.02.0+trunk/build/react.1.1.0/react-1748-736596.out
# stderr-file          /home/opam/.opam/4.02.0+trunk/build/react.1.1.0/react-1748-736596.err
### stdout ###
# Failure: TODO.
### stderr ###
# File "pkg/topkg-ext.ml", line 42, characters 12-25:
# Warning 3: deprecated: String.create


#====================== ERROR while installing ssl.0.4.7 ======================#
# opam-version         1.2.0~beta4
# os                   linux
# command              ./configure --prefix /home/opam/.opam/4.02.0+trunk
# path                 /home/opam/.opam/4.02.0+trunk/build/ssl.0.4.7
# compiler             4.02.0+trunk
# exit-code            1
# env-file             /home/opam/.opam/4.02.0+trunk/build/ssl.0.4.7/ssl-1780-487c34.env
# stdout-file          /home/opam/.opam/4.02.0+trunk/build/ssl.0.4.7/ssl-1780-487c34.out
# stderr-file          /home/opam/.opam/4.02.0+trunk/build/ssl.0.4.7/ssl-1780-487c34.err
### stdout ###
# ...[truncated]
# checking for ocamldep... /home/opam/.opam/4.02.0+trunk/bin/ocamldep
# checking for ocamllex... /home/opam/.opam/4.02.0+trunk/bin/ocamllex
# checking for ocamlyacc... /home/opam/.opam/4.02.0+trunk/bin/ocamlyacc
# checking for ocamldoc... /home/opam/.opam/4.02.0+trunk/bin/ocamldoc
# checking for ocamlmktop... /home/opam/.opam/4.02.0+trunk/bin/ocamlmktop
# checking for gcc... (cached) gcc
# checking whether we are using the GNU C compiler... (cached) yes
# checking whether gcc accepts -g... (cached) yes
# checking for gcc option to accept ISO C89... (cached) none needed
# checking for SSL_new in -lssl... no
### stderr ###
# configure: error: Cannot find libssl.


#===================== ERROR while installing xmlm.1.2.0 ======================#
# opam-version         1.2.0~beta4
# os                   linux
# command              ./pkg/build true
# path                 /home/opam/.opam/4.02.0+trunk/build/xmlm.1.2.0
# compiler             4.02.0+trunk
# exit-code            2
# env-file             /home/opam/.opam/4.02.0+trunk/build/xmlm.1.2.0/xmlm-2097-0325cb.env
# stdout-file          /home/opam/.opam/4.02.0+trunk/build/xmlm.1.2.0/xmlm-2097-0325cb.out
# stderr-file          /home/opam/.opam/4.02.0+trunk/build/xmlm.1.2.0/xmlm-2097-0325cb.err
### stdout ###
# Failure: TODO.

These actions have been completed successfully
 - install   easy-format.1.0.2
 - install   calendar.2.03.2
 - install   biniou.1.0.9
The following failed
 - install   camlp4.4.02.0
 - install   conf-libpcre.1
 - install   cppo.0.9.4
 - install   cryptokit.1.9
 - install   dbm.1.0
 - install   ocamlify.0.0.1
 - install   ocamlmod.0.0.7
 - install   react.1.1.0
 - install   ssl.0.4.7
 - install   xmlm.1.2.0
Due to the errors, the following have been cancelled
 - install   pcre-ocaml.7.1.1
 - install   type_conv.111.13.00
 - install   yojson.1.1.8
 - install   lwt.2.4.5
 - install   tyxml.3.0.0
 - install   oasis.0.4.4
 - install   ipaddr.2.5.0
 - install   ocsigenserver.2.4.0
 - install   sexplib.111.25.00
 - install   aws.0.0.3
 - install   ocaml-data-notation.0.0.11
 - install   ocamlnet.3.7.4

The former state can be restored with opam switch import "/home/opam/.opam/4.02.0+trunk/backup/state-20140719122621.export"
'opam install aws' failed.
