++ opam install batsh -e ubuntu
+ depext='clasp version 2.1.4
Reading from outWT0g60/gringo_out
Solving...
Answer: 4
in("batsh",4) in("base-bigarray",1) in("base-unix",1) in("ocamlfind",6) in("base-
OPTIMUM FOUND

Models      : 1     
  Enumerated: 4
  Optimum   : yes
Optimization: 0 2 20
Time        : 0.048s (Solving: 0.00s 1st Model: 0.00s Unsat: 0.00s)
CPU Time    : 0.040s
Choices     : 160
Conflicts   : 35
Restarts    : 0     

Atoms       : 44738 
Rules       : 50940  (1: 50649 2: 19 3: 269 6: 3)
Bodies      : 1499  
Equivalences: 89734  (Atom=Atom: 43951 Body=Body: 351 Other: 45432)
Tight       : Yes

Variables   : 1207   (Eliminated:  426 Frozen:  325)
Constraints : 3791   (Binary: 94.5% Ternary:  0.4% Other:  5.1%)
Lemmas      : 33     (Binary: 33.3% Ternary:  6.1% Other: 60.6%)
  Conflict  : 33     (Average Length: 8.3) 
  Loop      : 0      (Average Length: 0.0) 
  Other     : 0      (Average Length: 0.0)
  Deleted   : 0     

Backtracks          : 2     
Backjumps           : 33     (Bounded: 3)
Skippable Levels    : 89     (Skipped: 86 Rate:  96.6%)
Max Jump Length     : 30     (Executed: 30)
Max Bound Length    : 1     
Average Jump Length : 2.7    (Executed: 2.6)
Average Bound Length: 1.0   
Average Model Length: 20.5  
/usr/share/aspcud/encodings/misc2012.lp:150:57-76: warning: atom is undefined:
  recommends(P,V,D,W)

/usr/share/aspcud/encodings/misc2012.lp:148:57-75: warning: atom is undefined:
  attribute(P,V,A,X)

/usr/share/aspcud/encodings/misc2012.lp:138:57-76: warning: atom is undefined:
  recommends(P,V,D,W)

/usr/share/aspcud/encodings/misc2012.lp:164:42-61: warning: atom is undefined:
  recommends(P,V,D,W)

/usr/share/aspcud/encodings/misc2012.lp:161:63-81: warning: atom is undefined:
  attribute(P,V,A,X)

/usr/share/aspcud/encodings/misc2012.lp:109:50-68: warning: atom is undefined:
  attribute(P,V,A,X)

/usr/share/aspcud/encodings/misc2012.lp:109:70-88: warning: atom is undefined:
  attribute(P,V,B,Y)

/usr/share/aspcud/encodings/misc2012.lp:30:22-41: warning: atom is undefined:
  recommends(P,V,D,W)'
+ echo Ubuntu depexts: clasp version 2.1.4 Reading from outWT0g60/gringo_out Solving... Answer: 4 'in("batsh",4)' 'in("base-bigarray",1)' 'in("base-unix",1)' 'in("ocamlfind",6)' 'in("base-' OPTIMUM FOUND Models : 1 Enumerated: 4 Optimum : yes Optimization: 0 2 20 Time : 0.048s '(Solving:' 0.00s 1st Model: 0.00s Unsat: '0.00s)' CPU Time : 0.040s Choices : 160 Conflicts : 35 Restarts : 0 Atoms : 44738 Rules : 50940 '(1:' 50649 2: 19 3: 269 6: '3)' Bodies : 1499 Equivalences: 89734 '(Atom=Atom:' 43951 Body=Body: 351 Other: '45432)' Tight : Yes Variables : 1207 '(Eliminated:' 426 Frozen: '325)' Constraints : 3791 '(Binary:' 94.5% Ternary: 0.4% Other: '5.1%)' Lemmas : 33 '(Binary:' 33.3% Ternary: 6.1% Other: '60.6%)' Conflict : 33 '(Average' Length: '8.3)' Loop : 0 '(Average' Length: '0.0)' Other : 0 '(Average' Length: '0.0)' Deleted : 0 Backtracks : 2 Backjumps : 33 '(Bounded:' '3)' Skippable Levels : 89 '(Skipped:' 86 Rate: '96.6%)' Max Jump Length : 30 '(Executed:' '30)' Max Bound Length : 1 Average Jump Length : 2.7 '(Executed:' '2.6)' Average Bound Length: 1.0 Average Model Length: 20.5 /usr/share/aspcud/encodings/misc2012.lp:150:57-76: warning: atom is undefined: 'recommends(P,V,D,W)' /usr/share/aspcud/encodings/misc2012.lp:148:57-75: warning: atom is undefined: 'attribute(P,V,A,X)' /usr/share/aspcud/encodings/misc2012.lp:138:57-76: warning: atom is undefined: 'recommends(P,V,D,W)' /usr/share/aspcud/encodings/misc2012.lp:164:42-61: warning: atom is undefined: 'recommends(P,V,D,W)' /usr/share/aspcud/encodings/misc2012.lp:161:63-81: warning: atom is undefined: 'attribute(P,V,A,X)' /usr/share/aspcud/encodings/misc2012.lp:109:50-68: warning: atom is undefined: 'attribute(P,V,A,X)' /usr/share/aspcud/encodings/misc2012.lp:109:70-88: warning: atom is undefined: 'attribute(P,V,B,Y)' /usr/share/aspcud/encodings/misc2012.lp:30:22-41: warning: atom is undefined: 'recommends(P,V,D,W)'
+ '[' 'clasp version 2.1.4
Reading from outWT0g60/gringo_out
Solving...
Answer: 4
in("batsh",4) in("base-bigarray",1) in("base-unix",1) in("ocamlfind",6) in("base-
OPTIMUM FOUND

Models      : 1     
  Enumerated: 4
  Optimum   : yes
Optimization: 0 2 20
Time        : 0.048s (Solving: 0.00s 1st Model: 0.00s Unsat: 0.00s)
CPU Time    : 0.040s
Choices     : 160
Conflicts   : 35
Restarts    : 0     

Atoms       : 44738 
Rules       : 50940  (1: 50649 2: 19 3: 269 6: 3)
Bodies      : 1499  
Equivalences: 89734  (Atom=Atom: 43951 Body=Body: 351 Other: 45432)
Tight       : Yes

Variables   : 1207   (Eliminated:  426 Frozen:  325)
Constraints : 3791   (Binary: 94.5% Ternary:  0.4% Other:  5.1%)
Lemmas      : 33     (Binary: 33.3% Ternary:  6.1% Other: 60.6%)
  Conflict  : 33     (Average Length: 8.3) 
  Loop      : 0      (Average Length: 0.0) 
  Other     : 0      (Average Length: 0.0)
  Deleted   : 0     

Backtracks          : 2     
Backjumps           : 33     (Bounded: 3)
Skippable Levels    : 89     (Skipped: 86 Rate:  96.6%)
Max Jump Length     : 30     (Executed: 30)
Max Bound Length    : 1     
Average Jump Length : 2.7    (Executed: 2.6)
Average Bound Length: 1.0   
Average Model Length: 20.5  
/usr/share/aspcud/encodings/misc2012.lp:150:57-76: warning: atom is undefined:
  recommends(P,V,D,W)

/usr/share/aspcud/encodings/misc2012.lp:148:57-75: warning: atom is undefined:
  attribute(P,V,A,X)

/usr/share/aspcud/encodings/misc2012.lp:138:57-76: warning: atom is undefined:
  recommends(P,V,D,W)

/usr/share/aspcud/encodings/misc2012.lp:164:42-61: warning: atom is undefined:
  recommends(P,V,D,W)

/usr/share/aspcud/encodings/misc2012.lp:161:63-81: warning: atom is undefined:
  attribute(P,V,A,X)

/usr/share/aspcud/encodings/misc2012.lp:109:50-68: warning: atom is undefined:
  attribute(P,V,A,X)

/usr/share/aspcud/encodings/misc2012.lp:109:70-88: warning: atom is undefined:
  attribute(P,V,B,Y)

/usr/share/aspcud/encodings/misc2012.lp:30:22-41: warning: atom is undefined:
  recommends(P,V,D,W)' '!=' '' ']'
+ sudo apt-get install -qq -y build-essential m4
Ubuntu depexts: clasp version 2.1.4 Reading from outWT0g60/gringo_out Solving... Answer: 4 in("batsh",4) in("base-bigarray",1) in("base-unix",1) in("ocamlfind",6) in("base- OPTIMUM FOUND Models : 1 Enumerated: 4 Optimum : yes Optimization: 0 2 20 Time : 0.048s (Solving: 0.00s 1st Model: 0.00s Unsat: 0.00s) CPU Time : 0.040s Choices : 160 Conflicts : 35 Restarts : 0 Atoms : 44738 Rules : 50940 (1: 50649 2: 19 3: 269 6: 3) Bodies : 1499 Equivalences: 89734 (Atom=Atom: 43951 Body=Body: 351 Other: 45432) Tight : Yes Variables : 1207 (Eliminated: 426 Frozen: 325) Constraints : 3791 (Binary: 94.5% Ternary: 0.4% Other: 5.1%) Lemmas : 33 (Binary: 33.3% Ternary: 6.1% Other: 60.6%) Conflict : 33 (Average Length: 8.3) Loop : 0 (Average Length: 0.0) Other : 0 (Average Length: 0.0) Deleted : 0 Backtracks : 2 Backjumps : 33 (Bounded: 3) Skippable Levels : 89 (Skipped: 86 Rate: 96.6%) Max Jump Length : 30 (Executed: 30) Max Bound Length : 1 Average Jump Length : 2.7 (Executed: 2.6) Average Bound Length: 1.0 Average Model Length: 20.5 /usr/share/aspcud/encodings/misc2012.lp:150:57-76: warning: atom is undefined: recommends(P,V,D,W) /usr/share/aspcud/encodings/misc2012.lp:148:57-75: warning: atom is undefined: attribute(P,V,A,X) /usr/share/aspcud/encodings/misc2012.lp:138:57-76: warning: atom is undefined: recommends(P,V,D,W) /usr/share/aspcud/encodings/misc2012.lp:164:42-61: warning: atom is undefined: recommends(P,V,D,W) /usr/share/aspcud/encodings/misc2012.lp:161:63-81: warning: atom is undefined: attribute(P,V,A,X) /usr/share/aspcud/encodings/misc2012.lp:109:50-68: warning: atom is undefined: attribute(P,V,A,X) /usr/share/aspcud/encodings/misc2012.lp:109:70-88: warning: atom is undefined: attribute(P,V,B,Y) /usr/share/aspcud/encodings/misc2012.lp:30:22-41: warning: atom is undefined: recommends(P,V,D,W)
+ sudo apt-get install -qq -y clasp version 2.1.4 Reading from outWT0g60/gringo_out Solving... Answer: 4 'in("batsh",4)' 'in("base-bigarray",1)' 'in("base-unix",1)' 'in("ocamlfind",6)' 'in("base-' OPTIMUM FOUND Models : 1 Enumerated: 4 Optimum : yes Optimization: 0 2 20 Time : 0.048s '(Solving:' 0.00s 1st Model: 0.00s Unsat: '0.00s)' CPU Time : 0.040s Choices : 160 Conflicts : 35 Restarts : 0 Atoms : 44738 Rules : 50940 '(1:' 50649 2: 19 3: 269 6: '3)' Bodies : 1499 Equivalences: 89734 '(Atom=Atom:' 43951 Body=Body: 351 Other: '45432)' Tight : Yes Variables : 1207 '(Eliminated:' 426 Frozen: '325)' Constraints : 3791 '(Binary:' 94.5% Ternary: 0.4% Other: '5.1%)' Lemmas : 33 '(Binary:' 33.3% Ternary: 6.1% Other: '60.6%)' Conflict : 33 '(Average' Length: '8.3)' Loop : 0 '(Average' Length: '0.0)' Other : 0 '(Average' Length: '0.0)' Deleted : 0 Backtracks : 2 Backjumps : 33 '(Bounded:' '3)' Skippable Levels : 89 '(Skipped:' 86 Rate: '96.6%)' Max Jump Length : 30 '(Executed:' '30)' Max Bound Length : 1 Average Jump Length : 2.7 '(Executed:' '2.6)' Average Bound Length: 1.0 Average Model Length: 20.5 /usr/share/aspcud/encodings/misc2012.lp:150:57-76: warning: atom is undefined: 'recommends(P,V,D,W)' /usr/share/aspcud/encodings/misc2012.lp:148:57-75: warning: atom is undefined: 'attribute(P,V,A,X)' /usr/share/aspcud/encodings/misc2012.lp:138:57-76: warning: atom is undefined: 'recommends(P,V,D,W)' /usr/share/aspcud/encodings/misc2012.lp:164:42-61: warning: atom is undefined: 'recommends(P,V,D,W)' /usr/share/aspcud/encodings/misc2012.lp:161:63-81: warning: atom is undefined: 'attribute(P,V,A,X)' /usr/share/aspcud/encodings/misc2012.lp:109:50-68: warning: atom is undefined: 'attribute(P,V,A,X)' /usr/share/aspcud/encodings/misc2012.lp:109:70-88: warning: atom is undefined: 'attribute(P,V,B,Y)' /usr/share/aspcud/encodings/misc2012.lp:30:22-41: warning: atom is undefined: 'recommends(P,V,D,W)'
E: Unable to locate package version
E: Unable to locate package Reading
E: Unable to locate package from
E: Unable to locate package outWT0g60
E: Unable to locate package Solving...
E: Couldn't find any package by regex 'Solving...'
E: Unable to locate package Answer
E: Unable to locate package 4
E: Unable to locate package in("batsh",4)
E: Unable to locate package in("base-bigarray",1)
E: Unable to locate package in("base-unix",1)
E: Unable to locate package in("ocamlfind",6)
E: Unable to locate package in("base
E: Unable to locate package OPTIMUM
E: Unable to locate package FOUND
E: Unable to locate package Models
E: Unable to locate package 
E: Unable to locate package 1
E: Unable to locate package Enumerated
E: Unable to locate package 4
E: Unable to locate package Optimum
E: Unable to locate package 
E: Unable to locate package yes
E: Unable to locate package Optimization
E: Unable to locate package 0
E: Unable to locate package 2
E: Unable to locate package 20
E: Unable to locate package 
E: Unable to locate package 0.048s
E: Couldn't find any package by regex '0.048s'
E: Unable to locate package (Solving
E: Unable to locate package 0.00s
E: Couldn't find any package by regex '0.00s'
E: Unable to locate package 1st
E: Unable to locate package Model
E: Unable to locate package 0.00s
E: Couldn't find any package by regex '0.00s'
E: Unable to locate package Unsat
E: Unable to locate package 0.00s)
E: Couldn't find any package by regex '0.00s)'
E: Unable to locate package 
E: Unable to locate package 0.040s
E: Couldn't find any package by regex '0.040s'
E: Unable to locate package Choices
E: Unable to locate package 
E: Unable to locate package 160
E: Unable to locate package Conflicts
E: Unable to locate package 
E: Unable to locate package 35
E: Unable to locate package Restarts
E: Unable to locate package 
E: Unable to locate package 0
E: Unable to locate package Atoms
E: Unable to locate package 
E: Unable to locate package 44738
E: Unable to locate package Rules
E: Unable to locate package 
E: Unable to locate package 50940
E: Unable to locate package (1
E: Unable to locate package 50649
E: Unable to locate package 2
E: Unable to locate package 19
E: Unable to locate package 3
E: Unable to locate package 269
E: Unable to locate package 6
E: Unable to locate package 3)
E: Unable to locate package Bodies
E: Unable to locate package 
E: Unable to locate package 1499
E: Unable to locate package Equivalences
E: Unable to locate package 89734
E: Unable to locate package (Atom
E: Unable to locate package 43951
E: Unable to locate package Body
E: Unable to locate package 351
E: Unable to locate package Other
E: Unable to locate package 45432)
E: Unable to locate package Tight
E: Unable to locate package 
E: Unable to locate package Yes
E: Unable to locate package Variables
E: Unable to locate package 
E: Unable to locate package 1207
E: Unable to locate package (Eliminated
E: Unable to locate package 426
E: Unable to locate package Frozen
E: Unable to locate package 325)
E: Unable to locate package Constraints
E: Unable to locate package 
E: Unable to locate package 3791
E: Unable to locate package (Binary
E: Unable to locate package 94.5%
E: Couldn't find any package by regex '94.5%'
E: Unable to locate package Ternary
E: Unable to locate package 0.4%
E: Couldn't find any package by regex '0.4%'
E: Unable to locate package Other
E: Unable to locate package 5.1%)
E: Couldn't find any package by regex '5.1%)'
E: Unable to locate package Lemmas
E: Unable to locate package 
E: Unable to locate package 33
E: Unable to locate package (Binary
E: Unable to locate package 33.3%
E: Couldn't find any package by regex '33.3%'
E: Unable to locate package Ternary
E: Unable to locate package 6.1%
E: Couldn't find any package by regex '6.1%'
E: Unable to locate package Other
E: Unable to locate package 60.6%)
E: Couldn't find any package by regex '60.6%)'
E: Unable to locate package Conflict
E: Unable to locate package 
E: Unable to locate package 33
E: Unable to locate package (Average
E: Unable to locate package Length
E: Unable to locate package 8.3)
E: Couldn't find any package by regex '8.3)'
E: Unable to locate package Loop
E: Unable to locate package 
E: Unable to locate package 0
E: Unable to locate package (Average
E: Unable to locate package Length
E: Unable to locate package 0.0)
E: Couldn't find any package by regex '0.0)'
E: Unable to locate package Other
E: Unable to locate package 
E: Unable to locate package 0
E: Unable to locate package (Average
E: Unable to locate package Length
E: Unable to locate package 0.0)
E: Couldn't find any package by regex '0.0)'
E: Unable to locate package Deleted
E: Unable to locate package 
E: Unable to locate package 0
E: Unable to locate package Backtracks
E: Unable to locate package 
E: Unable to locate package 2
E: Unable to locate package Backjumps
E: Unable to locate package 
E: Unable to locate package 33
E: Unable to locate package (Bounded
E: Unable to locate package 3)
E: Unable to locate package Skippable
E: Unable to locate package Levels
E: Unable to locate package 
E: Unable to locate package 89
E: Unable to locate package (Skipped
E: Unable to locate package 86
E: Unable to locate package Rate
E: Unable to locate package 96.6%)
E: Couldn't find any package by regex '96.6%)'
E: Unable to locate package Max
E: Unable to locate package Jump
E: Unable to locate package Length
E: Unable to locate package 
E: Unable to locate package 30
E: Unable to locate package (Executed
E: Unable to locate package 30)
E: Unable to locate package Max
E: Unable to locate package Bound
E: Unable to locate package Length
E: Unable to locate package 
E: Unable to locate package 1
E: Unable to locate package Average
E: Unable to locate package Jump
E: Unable to locate package Length
E: Unable to locate package 
E: Unable to locate package (Executed
E: Unable to locate package 2.6)
E: Couldn't find any package by regex '2.6)'
E: Unable to locate package Average
E: Unable to locate package Bound
E: Unable to locate package Length
E: Unable to locate package Average
E: Unable to locate package Model
E: Unable to locate package Length
E: Unable to locate package /usr/share/aspcud/encodings
E: Unable to locate package warning
E: Unable to locate package atom
E: Unable to locate package is
E: Unable to locate package undefined
E: Unable to locate package recommends(P,V,D,W)
E: Unable to locate package /usr/share/aspcud/encodings
E: Unable to locate package warning
E: Unable to locate package atom
E: Unable to locate package is
E: Unable to locate package undefined
E: Unable to locate package attribute(P,V,A,X)
E: Unable to locate package /usr/share/aspcud/encodings
E: Unable to locate package warning
E: Unable to locate package atom
E: Unable to locate package is
E: Unable to locate package undefined
E: Unable to locate package recommends(P,V,D,W)
E: Unable to locate package /usr/share/aspcud/encodings
E: Unable to locate package warning
E: Unable to locate package atom
E: Unable to locate package is
E: Unable to locate package undefined
E: Unable to locate package recommends(P,V,D,W)
E: Unable to locate package /usr/share/aspcud/encodings
E: Unable to locate package warning
E: Unable to locate package atom
E: Unable to locate package is
E: Unable to locate package undefined
E: Unable to locate package attribute(P,V,A,X)
E: Unable to locate package /usr/share/aspcud/encodings
E: Unable to locate package warning
E: Unable to locate package atom
E: Unable to locate package is
E: Unable to locate package undefined
E: Unable to locate package attribute(P,V,A,X)
E: Unable to locate package /usr/share/aspcud/encodings
E: Unable to locate package warning
E: Unable to locate package atom
E: Unable to locate package is
E: Unable to locate package undefined
E: Unable to locate package attribute(P,V,B,Y)
E: Unable to locate package /usr/share/aspcud/encodings
E: Unable to locate package warning
E: Unable to locate package atom
E: Unable to locate package is
E: Unable to locate package undefined
E: Unable to locate package recommends(P,V,D,W)
++ opam install batsh -e source,linux
+ srcext='clasp version 2.1.4
Reading from outfZuBfy/gringo_out
Solving...
Answer: 4
in("batsh",4) in("base-bigarray",1) in("base-unix",1) in("ocamlfind",6) in("base-
OPTIMUM FOUND

Models      : 1     
  Enumerated: 4
  Optimum   : yes
Optimization: 0 2 20
Time        : 0.046s (Solving: 0.00s 1st Model: 0.00s Unsat: 0.00s)
CPU Time    : 0.040s
Choices     : 160
Conflicts   : 35
Restarts    : 0     

Atoms       : 44738 
Rules       : 50940  (1: 50649 2: 19 3: 269 6: 3)
Bodies      : 1499  
Equivalences: 89734  (Atom=Atom: 43951 Body=Body: 351 Other: 45432)
Tight       : Yes

Variables   : 1207   (Eliminated:  426 Frozen:  325)
Constraints : 3791   (Binary: 94.5% Ternary:  0.4% Other:  5.1%)
Lemmas      : 33     (Binary: 33.3% Ternary:  6.1% Other: 60.6%)
  Conflict  : 33     (Average Length: 8.3) 
  Loop      : 0      (Average Length: 0.0) 
  Other     : 0      (Average Length: 0.0)
  Deleted   : 0     

Backtracks          : 2     
Backjumps           : 33     (Bounded: 3)
Skippable Levels    : 89     (Skipped: 86 Rate:  96.6%)
Max Jump Length     : 30     (Executed: 30)
Max Bound Length    : 1     
Average Jump Length : 2.7    (Executed: 2.6)
Average Bound Length: 1.0   
Average Model Length: 20.5  
/usr/share/aspcud/encodings/misc2012.lp:150:57-76: warning: atom is undefined:
  recommends(P,V,D,W)

/usr/share/aspcud/encodings/misc2012.lp:148:57-75: warning: atom is undefined:
  attribute(P,V,A,X)

/usr/share/aspcud/encodings/misc2012.lp:138:57-76: warning: atom is undefined:
  recommends(P,V,D,W)

/usr/share/aspcud/encodings/misc2012.lp:164:42-61: warning: atom is undefined:
  recommends(P,V,D,W)

/usr/share/aspcud/encodings/misc2012.lp:161:63-81: warning: atom is undefined:
  attribute(P,V,A,X)

/usr/share/aspcud/encodings/misc2012.lp:109:50-68: warning: atom is undefined:
  attribute(P,V,A,X)

/usr/share/aspcud/encodings/misc2012.lp:109:70-88: warning: atom is undefined:
  attribute(P,V,B,Y)

/usr/share/aspcud/encodings/misc2012.lp:30:22-41: warning: atom is undefined:
  recommends(P,V,D,W)'
+ echo Ubuntu srcexts: clasp version 2.1.4 Reading from outfZuBfy/gringo_out Solving... Answer: 4 'in("batsh",4)' 'in("base-bigarray",1)' 'in("base-unix",1)' 'in("ocamlfind",6)' 'in("base-' OPTIMUM FOUND Models : 1 Enumerated: 4 Optimum : yes Optimization: 0 2 20 Time : 0.046s '(Solving:' 0.00s 1st Model: 0.00s Unsat: '0.00s)' CPU Time : 0.040s Choices : 160 Conflicts : 35 Restarts : 0 Atoms : 44738 Rules : 50940 '(1:' 50649 2: 19 3: 269 6: '3)' Bodies : 1499 Equivalences: 89734 '(Atom=Atom:' 43951 Body=Body: 351 Other: '45432)' Tight : Yes Variables : 1207 '(Eliminated:' 426 Frozen: '325)' Constraints : 3791 '(Binary:' 94.5% Ternary: 0.4% Other: '5.1%)' Lemmas : 33 '(Binary:' 33.3% Ternary: 6.1% Other: '60.6%)' Conflict : 33 '(Average' Length: '8.3)' Loop : 0 '(Average' Length: '0.0)' Other : 0 '(Average' Length: '0.0)' Deleted : 0 Backtracks : 2 Backjumps : 33 '(Bounded:' '3)' Skippable Levels : 89 '(Skipped:' 86 Rate: '96.6%)' Max Jump Length : 30 '(Executed:' '30)' Max Bound Length : 1 Average Jump Length : 2.7 '(Executed:' '2.6)' Average Bound Length: 1.0 Average Model Length: 20.5 /usr/share/aspcud/encodings/misc2012.lp:150:57-76: warning: atom is undefined: 'recommends(P,V,D,W)' /usr/share/aspcud/encodings/misc2012.lp:148:57-75: warning: atom is undefined: 'attribute(P,V,A,X)' /usr/share/aspcud/encodings/misc2012.lp:138:57-76: warning: atom is undefined: 'recommends(P,V,D,W)' /usr/share/aspcud/encodings/misc2012.lp:164:42-61: warning: atom is undefined: 'recommends(P,V,D,W)' /usr/share/aspcud/encodings/misc2012.lp:161:63-81: warning: atom is undefined: 'attribute(P,V,A,X)' /usr/share/aspcud/encodings/misc2012.lp:109:50-68: warning: atom is undefined: 'attribute(P,V,A,X)' /usr/share/aspcud/encodings/misc2012.lp:109:70-88: warning: atom is undefined: 'attribute(P,V,B,Y)' /usr/share/aspcud/encodings/misc2012.lp:30:22-41: warning: atom is undefined: 'recommends(P,V,D,W)'
+ '[' 'clasp version 2.1.4
Reading from outfZuBfy/gringo_out
Solving...
Answer: 4
in("batsh",4) in("base-bigarray",1) in("base-unix",1) in("ocamlfind",6) in("base-
OPTIMUM FOUND

Models      : 1     
  Enumerated: 4
  Optimum   : yes
Optimization: 0 2 20
Time        : 0.046s (Solving: 0.00s 1st Model: 0.00s Unsat: 0.00s)
CPU Time    : 0.040s
Choices     : 160
Conflicts   : 35
Restarts    : 0     

Atoms       : 44738 
Rules       : 50940  (1: 50649 2: 19 3: 269 6: 3)
Bodies      : 1499  
Equivalences: 89734  (Atom=Atom: 43951 Body=Body: 351 Other: 45432)
Tight       : Yes

Variables   : 1207   (Eliminated:  426 Frozen:  325)
Constraints : 3791   (Binary: 94.5% Ternary:  0.4% Other:  5.1%)
Lemmas      : 33     (Binary: 33.3% Ternary:  6.1% Other: 60.6%)
  Conflict  : 33     (Average Length: 8.3) 
  Loop      : 0      (Average Length: 0.0) 
  Other     : 0      (Average Length: 0.0)
  Deleted   : 0     

Backtracks          : 2     
Backjumps           : 33     (Bounded: 3)
Skippable Levels    : 89     (Skipped: 86 Rate:  96.6%)
Max Jump Length     : 30     (Executed: 30)
Max Bound Length    : 1     
Average Jump Length : 2.7    (Executed: 2.6)
Average Bound Length: 1.0   
Average Model Length: 20.5  
/usr/share/aspcud/encodings/misc2012.lp:150:57-76: warning: atom is undefined:
  recommends(P,V,D,W)

/usr/share/aspcud/encodings/misc2012.lp:148:57-75: warning: atom is undefined:
  attribute(P,V,A,X)

/usr/share/aspcud/encodings/misc2012.lp:138:57-76: warning: atom is undefined:
  recommends(P,V,D,W)

/usr/share/aspcud/encodings/misc2012.lp:164:42-61: warning: atom is undefined:
  recommends(P,V,D,W)

/usr/share/aspcud/encodings/misc2012.lp:161:63-81: warning: atom is undefined:
  attribute(P,V,A,X)

/usr/share/aspcud/encodings/misc2012.lp:109:50-68: warning: atom is undefined:
  attribute(P,V,A,X)

/usr/share/aspcud/encodings/misc2012.lp:109:70-88: warning: atom is undefined:
  attribute(P,V,B,Y)

/usr/share/aspcud/encodings/misc2012.lp:30:22-41: warning: atom is undefined:
  recommends(P,V,D,W)' '!=' '' ']'
++ mktemp
Ubuntu srcexts: clasp version 2.1.4 Reading from outfZuBfy/gringo_out Solving... Answer: 4 in("batsh",4) in("base-bigarray",1) in("base-unix",1) in("ocamlfind",6) in("base- OPTIMUM FOUND Models : 1 Enumerated: 4 Optimum : yes Optimization: 0 2 20 Time : 0.046s (Solving: 0.00s 1st Model: 0.00s Unsat: 0.00s) CPU Time : 0.040s Choices : 160 Conflicts : 35 Restarts : 0 Atoms : 44738 Rules : 50940 (1: 50649 2: 19 3: 269 6: 3) Bodies : 1499 Equivalences: 89734 (Atom=Atom: 43951 Body=Body: 351 Other: 45432) Tight : Yes Variables : 1207 (Eliminated: 426 Frozen: 325) Constraints : 3791 (Binary: 94.5% Ternary: 0.4% Other: 5.1%) Lemmas : 33 (Binary: 33.3% Ternary: 6.1% Other: 60.6%) Conflict : 33 (Average Length: 8.3) Loop : 0 (Average Length: 0.0) Other : 0 (Average Length: 0.0) Deleted : 0 Backtracks : 2 Backjumps : 33 (Bounded: 3) Skippable Levels : 89 (Skipped: 86 Rate: 96.6%) Max Jump Length : 30 (Executed: 30) Max Bound Length : 1 Average Jump Length : 2.7 (Executed: 2.6) Average Bound Length: 1.0 Average Model Length: 20.5 /usr/share/aspcud/encodings/misc2012.lp:150:57-76: warning: atom is undefined: recommends(P,V,D,W) /usr/share/aspcud/encodings/misc2012.lp:148:57-75: warning: atom is undefined: attribute(P,V,A,X) /usr/share/aspcud/encodings/misc2012.lp:138:57-76: warning: atom is undefined: recommends(P,V,D,W) /usr/share/aspcud/encodings/misc2012.lp:164:42-61: warning: atom is undefined: recommends(P,V,D,W) /usr/share/aspcud/encodings/misc2012.lp:161:63-81: warning: atom is undefined: attribute(P,V,A,X) /usr/share/aspcud/encodings/misc2012.lp:109:50-68: warning: atom is undefined: attribute(P,V,A,X) /usr/share/aspcud/encodings/misc2012.lp:109:70-88: warning: atom is undefined: attribute(P,V,B,Y) /usr/share/aspcud/encodings/misc2012.lp:30:22-41: warning: atom is undefined: recommends(P,V,D,W)
+ t=/tmp/tmp.4riwvSEZ3l
+ curl -sL clasp version 2.1.4 Reading from outfZuBfy/gringo_out Solving... Answer: 4 'in("batsh",4)' 'in("base-bigarray",1)' 'in("base-unix",1)' 'in("ocamlfind",6)' 'in("base-' OPTIMUM FOUND Models : 1 Enumerated: 4 Optimum : yes Optimization: 0 2 20 Time : 0.046s '(Solving:' 0.00s 1st Model: 0.00s Unsat: '0.00s)' CPU Time : 0.040s Choices : 160 Conflicts : 35 Restarts : 0 Atoms : 44738 Rules : 50940 '(1:' 50649 2: 19 3: 269 6: '3)' Bodies : 1499 Equivalences: 89734 '(Atom=Atom:' 43951 Body=Body: 351 Other: '45432)' Tight : Yes Variables : 1207 '(Eliminated:' 426 Frozen: '325)' Constraints : 3791 '(Binary:' 94.5% Ternary: 0.4% Other: '5.1%)' Lemmas : 33 '(Binary:' 33.3% Ternary: 6.1% Other: '60.6%)' Conflict : 33 '(Average' Length: '8.3)' Loop : 0 '(Average' Length: '0.0)' Other : 0 '(Average' Length: '0.0)' Deleted : 0 Backtracks : 2 Backjumps : 33 '(Bounded:' '3)' Skippable Levels : 89 '(Skipped:' 86 Rate: '96.6%)' Max Jump Length : 30 '(Executed:' '30)' Max Bound Length : 1 Average Jump Length : 2.7 '(Executed:' '2.6)' Average Bound Length: 1.0 Average Model Length: 20.5 /usr/share/aspcud/encodings/misc2012.lp:150:57-76: warning: atom is undefined: 'recommends(P,V,D,W)' /usr/share/aspcud/encodings/misc2012.lp:148:57-75: warning: atom is undefined: 'attribute(P,V,A,X)' /usr/share/aspcud/encodings/misc2012.lp:138:57-76: warning: atom is undefined: 'recommends(P,V,D,W)' /usr/share/aspcud/encodings/misc2012.lp:164:42-61: warning: atom is undefined: 'recommends(P,V,D,W)' /usr/share/aspcud/encodings/misc2012.lp:161:63-81: warning: atom is undefined: 'attribute(P,V,A,X)' /usr/share/aspcud/encodings/misc2012.lp:109:50-68: warning: atom is undefined: 'attribute(P,V,A,X)' /usr/share/aspcud/encodings/misc2012.lp:109:70-88: warning: atom is undefined: 'attribute(P,V,B,Y)' /usr/share/aspcud/encodings/misc2012.lp:30:22-41: warning: atom is undefined: 'recommends(P,V,D,W)'
+ bash -ex /tmp/tmp.4riwvSEZ3l
+ opam install batsh
clasp version 2.1.4
Reading from outhiUlaO/gringo_out
Solving...
Answer: 4
in("batsh",4) in("base-bigarray",1) in("base-unix",1) in("ocamlfind",6) in("base-
OPTIMUM FOUND

Models      : 1     
  Enumerated: 4
  Optimum   : yes
Optimization: 0 2 20
Time        : 0.045s (Solving: 0.00s 1st Model: 0.00s Unsat: 0.00s)
CPU Time    : 0.040s
Choices     : 160
Conflicts   : 35
Restarts    : 0     

Atoms       : 44738 
Rules       : 50940  (1: 50649 2: 19 3: 269 6: 3)
Bodies      : 1499  
Equivalences: 89734  (Atom=Atom: 43951 Body=Body: 351 Other: 45432)
Tight       : Yes

Variables   : 1207   (Eliminated:  426 Frozen:  325)
Constraints : 3791   (Binary: 94.5% Ternary:  0.4% Other:  5.1%)
Lemmas      : 33     (Binary: 33.3% Ternary:  6.1% Other: 60.6%)
  Conflict  : 33     (Average Length: 8.3) 
  Loop      : 0      (Average Length: 0.0) 
  Other     : 0      (Average Length: 0.0)
  Deleted   : 0     

Backtracks          : 2     
Backjumps           : 33     (Bounded: 3)
Skippable Levels    : 89     (Skipped: 86 Rate:  96.6%)
Max Jump Length     : 30     (Executed: 30)
Max Bound Length    : 1     
Average Jump Length : 2.7    (Executed: 2.6)
Average Bound Length: 1.0   
Average Model Length: 20.5  
/usr/share/aspcud/encodings/misc2012.lp:150:57-76: warning: atom is undefined:
  recommends(P,V,D,W)

/usr/share/aspcud/encodings/misc2012.lp:148:57-75: warning: atom is undefined:
  attribute(P,V,A,X)

/usr/share/aspcud/encodings/misc2012.lp:138:57-76: warning: atom is undefined:
  recommends(P,V,D,W)

/usr/share/aspcud/encodings/misc2012.lp:164:42-61: warning: atom is undefined:
  recommends(P,V,D,W)

/usr/share/aspcud/encodings/misc2012.lp:161:63-81: warning: atom is undefined:
  attribute(P,V,A,X)

/usr/share/aspcud/encodings/misc2012.lp:109:50-68: warning: atom is undefined:
  attribute(P,V,A,X)

/usr/share/aspcud/encodings/misc2012.lp:109:70-88: warning: atom is undefined:
  attribute(P,V,B,Y)

/usr/share/aspcud/encodings/misc2012.lp:30:22-41: warning: atom is undefined:
  recommends(P,V,D,W)

The following actions will be performed:
 - install   cmdliner.0.9.5                        [required by batsh]
 - install   camlp4.4.02.0                         [required by core_kernel]
 - install   ounit.2.0.0                           [required by batsh]
 - install   menhir.20130912                       [required by batsh]
 - install   type_conv.111.13.00                   [required by variantslib, pa_test, fieldslib, comparelib, bin_prot, enumerate, pa_bench, typerep]
 - install   pipebang.110.01.00                    [required by core_kernel]
 - install   herelib.109.35.02                     [required by core_kernel]
 - install   dlist.0.0.2                           [required by batsh]
 - install   variantslib.109.15.03                 [required by core_kernel]
 - install   sexplib.111.25.00                     [required by core_kernel]
 - install   pa_ounit.109.53.02                    [required by core_kernel]
 - install   fieldslib.109.20.03                   [required by core_kernel]
 - install   enumerate.111.08.00                   [required by core_kernel]
 - install   comparelib.109.60.00                  [required by core_kernel]
 - install   bin_prot.111.03.00                    [required by core_kernel]
 - install   pa_bench.109.55.02                    [required by core_kernel]
 - install   pa_test.111.08.00                     [required by core_kernel]
 - install   typerep.111.17.00                     [required by core_kernel]
 - install   core_kernel.111.25.00                 [required by batsh]
 - install   batsh.0.0.4
=== 20 to install ===

=-=-=-=-=-=-=-=-=-=-=-=- Synchronizing package archives -=-=-=-=-=-=-=-=-=-=-=-=
[batsh.0.0.4] Downloading https://github.com/BYVoid/Batsh/archive/v0.0.4.tar.gz
[bin_prot.111.03.00] Downloading https://ocaml.janestreet.com/ocaml-core/111.03.00/individual/bin_prot-111.03.00.tar.gz
[camlp4.4.02.0] Fetching git://github.com/ocaml/camlp4#4.02
Initialized empty Git repository in /home/opam/.opam/packages.dev/camlp4.4.02.0/.git/
  % Total    % Received % Xferd  Average Speed   Time    Time     Time  Current
                                 Dload  Upload   Total   Spent    Left  Speed
  0     0    0     0    0     0      0      0 --:--:-- --:--:-- --:--:--     0  % Total    % Received % Xferd  Average Speed   Time    Time     Time  Current
                                 Dload  Upload   Total   Spent    Left  Speed
  0     0    0     0    0     0      0      0 --:--:-- --:--:-- --:--:--     0100   120  100   120    0     0    297      0 --:--:-- --:--:-- --:--:--   298
 73 89105   73 65536    0     0  98552      0 --:--:-- --:--:-- --:--:-- 98550100 89105  100 89105    0     0   130k      0 --:--:-- --:--:-- --:--:--  130k
200
  0     0    0     0    0     0      0      0 --:--:-- --:--:-- --:--:--     0[cmdliner.0.9.5] Downloading http://erratique.ch/software/cmdliner/releases/cmdliner-0.9.5.tbz
  % Total    % Received % Xferd  Average Speed   Time    Time     Time  Current
                                 Dload  Upload   Total   Spent    Left  Speed
  0     0    0     0    0     0      0      0 --:--:-- --:--:-- --:--:--     0100 47938  100 47938    0     0   544k      0 --:--:-- --:--:-- --:--:--  550k
200
  0     0    0 64923    0     0  60818      0 --:--:--  0:00:01 --:--:--  169k
200
[comparelib.109.60.00] Downloading https://ocaml.janestreet.com/ocaml-core/109.60.00/individual/comparelib-109.60.00.tar.gz
[core_kernel.111.25.00] Downloading https://ocaml.janestreet.com/ocaml-core/111.25.00/individual/core_kernel-111.25.00.tar.gz
  % Total    % Received % Xferd  Average   % TSpeed   Time    Time     Time  Current
                                 Dload  Uotal    % Received % Xferd  Average Speepload   Totad   Time    Time   l   Spent    Left  Time  Current
     Speed
          0     0                       0     0    0    Dloa    0      0   d  Upload   Total     0 --:--:-- -- Spent    Left  Sp:--:-- --:--:-- eed
    0  0     0    0     0    0     0      0      0 --:--:-- --:--:-- --:--:--     0  0  426k    0     0    0     0      0      0 --:--:-- --:--:-- --:--:--     0  0 56707    0     0    0     0      0      0 --:--:-- --:--:-- --:--:--     0100 56707  100 56707    0     0  93918      0 --:--:-- --:--:-- --:--:-- 93885
200
[dlist.0.0.2] Downloading https://github.com/BYVoid/Dlist/archive/v0.0.2.tar.gz
  % Total    % Received % Xferd  Average Speed   Time    Time     Time  Current
                                 Dload  Upload   Total   Spent    Left  Speed
  0     0    0     0    0     0      0      0 --:--:-- --:--:-- --:--:--     0100  426k  100  426k    0     0   441k      0 --:--:-- --:--:-- --:--:--  441k
200
[enumerate.111.08.00] Downloading https://ocaml.janestreet.com/ocaml-core/111.08.00/individual/enumerate-111.08.00.tar.gz
  % Total    % Received % Xferd  Average Speed   Time    Time     Time  Current
                                 Dload  Upload   Total   Spent    Left  Speed
  0     0    0     0    0     0      0      0 --:--:-- --:--:-- --:--:--     0100   120    0   120    0     0    325      0 --:--:-- --:--:-- --:--:--   326
  0 52498    0     0    0     0      0      0 --:--:-- --:--:-- --:--:--     0  0     0    0   866    0     0   1105      0 --:--:-- --:--:-- --:--:--  1105100 52498  100 52498    0     0  90718      0 --:--:-- --:--:-- --:--:-- 90670
200
  0     0    0 43141    0     0  44378      0 --:--:-- --:--:-- --:--:--  219k
200
[fieldslib.109.20.03] Downloading https://ocaml.janestreet.com/ocaml-core/109.20.00/individual/fieldslib-109.20.03.tar.gz
  % Total    % Received % Xferd  Average Speed   Time    Time     Time  Current
                                 Dload  Upload   Total   Spent    Left  Speed
  0     0    0     0    0     0      0      0 --:--:-- --:--:-- --:--:--     0[herelib.109.35.02] Downloading https://ocaml.janestreet.com/ocaml-core/109.35.00/individual/herelib-109.35.02.tar.gz
  % Total    % Received % Xferd  Average Speed   Time    Time     Time  Current
                                 Dload  Upload   Total   Spent    Left  Speed
  0     0    0     0    0     0      0      0 --:--:-- --:--:-- --:--:--     0100 55847  100 55847    0     0  96056      0 --:--:-- --:--:-- --:--:-- 96122
200
100 47650  100 47650    0     0  82696      0 --:--:-- --:--:-- --:--:-- 82725
200
[menhir.20130912] Downloading http://cristal.inria.fr/~fpottier/menhir/menhir-20130911.tar.gz
  % Total    % Received % Xferd  Average Speed   Time    Time     Time  Current
                                 Dload  Upload   Total   Spent    Left  Speed
  0     0    0     0    0     0      0      0 --:--:-- --:--:-- --:--:--     0[ounit.2.0.0] Downloading http://forge.ocamlcore.org/frs/download.php/1258/ounit-2.0.0.tar.gz
  0     0    0     0    0     0      0      0 --:--:-- --:--:-- --:--:--     0  % Total    % Received % Xferd  Average Speed   Time    Time     Time  Current
                                 Dload  Upload   Total   Spent    Left  Speed
  0     0    0     0    0     0      0      0 --:--:-- --:--:-- --:--:--     0100  101k  100  101k    0     0   458k      0 --:--:-- --:--:-- --:--:--  459k
200
100  534k  100  534k    0     0  1923k      0 --:--:-- --:--:-- --:--:-- 1923k
200
[pa_bench.109.55.02] Downloading https://ocaml.janestreet.com/ocaml-core/109.55.00/individual/pa_bench-109.55.02.tar.gz
[pa_ounit.109.53.02] Downloading https://ocaml.janestreet.com/ocaml-core/109.53.00/individual/pa_ounit-109.53.02.tar.gz
  % Total    % Received % Xferd  Average Speed   Time    Time     Time  Current
                                 Dload  Upload   Total   Spent    Left  Speed
  0     0    0     0    0     0      0      0 --:--:-- --:--:-- --:--:--     0  % Total    % Received % Xferd  Average Speed   Time    Time     Time  Current
                                 Dload  Upload   Total   Spent    Left  Speed
  0     0    0     0    0     0      0      0 --:--:-- --:--:-- --:--:--     0100 51237  100 51237    0     0  86488      0 --:--:-- --:--:-- --:--:-- 86548
200
100 54573  100 54573    0     0  94570      0 --:--:-- --:--:-- --:--:-- 94744
200
[pa_test.111.08.00] Downloading https://ocaml.janestreet.com/ocaml-core/111.08.00/individual/pa_test-111.08.00.tar.gz
[pipebang.110.01.00] Downloading https://ocaml.janestreet.com/ocaml-core/110.01.00/individual/pipebang-110.01.00.tar.gz
  % Total    % Received % Xferd  Average Speed   Time    Time     Time  Current
                                 Dload  Upload   Total   Spent    Left  Speed
  0     0    0     0    0     0      0      0 --:--:-- --:--:-- --:--:--     0  % Total    % Received % Xferd  Average Speed   Time    Time     Time  Current
                                 Dload  Upload   Total   Spent    Left  Speed
  0     0    0     0    0     0      0      0 --:--:-- --:--:-- --:--:--     0100 47043  100 47043    0     0  78004      0 --:--:-- --:--:-- --:--:-- 78144
200
100 49106  100 49106    0     0  79843      0 --:--:-- --:--:-- --:--:-- 79977
200
[sexplib.111.25.00] Downloading https://ocaml.janestreet.com/ocaml-core/111.25.00/individual/sexplib-111.25.00.tar.gz
[type_conv.111.13.00] Downloading https://ocaml.janestreet.com/ocaml-core/111.13.00/individual/type_conv-111.13.00.tar.gz
  % Total    % Received % Xferd  Average Speed   Time    Time     Time  Current
                                 Dload  Upload   Total   Spent    Left  Speed
  0     0    0     0    0     0      0      0 --:--:-- --:--:-- --:--:--     0  % Total    % Received % Xferd  Average Speed   Time    Time     Time  Current
                                 Dload  Upload   Total   Spent    Left  Speed
  0     0    0     0    0     0      0      0 --:--:-- --:--:-- --:--:--     0  0     0    0     0     0     0     0     0      0      0 --:--:-- --:--:-0     0    0     0      0  - --:--:--       0 --:  0--:-- --:--:-- --:--:--     0100 61554  100 61554    0     0    97k      0 --:--:-- --:--:-- --:--:--   97k
200
[typerep.111.17.00] Downloading https://ocaml.janestreet.com/ocaml-core/111.17.00/individual/typerep-111.17.00.tar.gz
  % Total    % Received % Xferd  Average Speed   Time    Time     Time  Current
                                 Dload  Upload   Total   Spent    Left  Speed
  0     0    0     0    0     0      0      0 --:--:-- --:--:-- --:--:--     0100  131k  100  131k    0     0   164k      0 --:--:-- --:--:-- --:--:--  163k
200
[variantslib.109.15.03] Downloading https://ocaml.janestreet.com/ocaml-core/109.15.00/individual/variantslib-109.15.03.tar.gz
  % Total    % Received % Xferd  Average Speed   Time    Time     Time  Current
                                 Dload  Upload   Total   Spent    Left  Speed
  0     0    0     0    0     0      0      0 --:--:-- --:--:-- --:--:--     0 46  137k   46 65536    0     0   100k      0  0:00:01 --:--:--  0:00:01  100k  0 59923    0     0    0     0      0      0 --:--:-- --:--:-- --:--:--     0100  137k  100  137k    0     0   177k      0 --:--:-- --:--:-- --:--:--  177k
200
100 59923  100 59923    0     0    98k      0 --:--:-- --:--:-- --:--:--   98k
200
From git://github.com/ocaml/camlp4
 * branch            4.02       -> FETCH_HEAD
 * [new branch]      4.02       -> origin/4.02
.depend
.gitignore
.ignore
.ocp-indent
.travis-ci.sh
.travis.yml
Changes
LICENSE
Makefile
README.md
_tags
build/camlp4-bootstrap-recipe.txt
build/camlp4-bootstrap.sh
build/camlp4-byte-only.sh
build/camlp4-mkCamlp4Ast.sh
build/camlp4-native-only.sh
build/camlp4-targets.sh
build/install.sh
camlp4/.ignore
camlp4/CHANGES
camlp4/Camlp4.mlpack
camlp4/Camlp4/Camlp4Ast.partial.ml
camlp4/Camlp4/Debug.ml
camlp4/Camlp4/Debug.mli
camlp4/Camlp4/ErrorHandler.ml
camlp4/Camlp4/ErrorHandler.mli
camlp4/Camlp4/OCamlInitSyntax.ml
camlp4/Camlp4/Options.ml
camlp4/Camlp4/Options.mli
camlp4/Camlp4/PreCast.ml
camlp4/Camlp4/PreCast.mli
camlp4/Camlp4/Printers.mlpack
camlp4/Camlp4/Printers/DumpCamlp4Ast.ml
camlp4/Camlp4/Printers/DumpCamlp4Ast.mli
camlp4/Camlp4/Printers/DumpOCamlAst.ml
camlp4/Camlp4/Printers/DumpOCamlAst.mli
camlp4/Camlp4/Printers/Null.ml
camlp4/Camlp4/Printers/Null.mli
camlp4/Camlp4/Printers/OCaml.ml
camlp4/Camlp4/Printers/OCaml.mli
camlp4/Camlp4/Printers/OCamlr.ml
camlp4/Camlp4/Printers/OCamlr.mli
camlp4/Camlp4/Register.ml
camlp4/Camlp4/Register.mli
camlp4/Camlp4/Sig.ml
camlp4/Camlp4/Struct.mlpack
camlp4/Camlp4/Struct/.ignore
camlp4/Camlp4/Struct/AstFilters.ml
camlp4/Camlp4/Struct/Camlp4Ast.mlast
camlp4/Camlp4/Struct/Camlp4Ast2OCamlAst.ml
camlp4/Camlp4/Struct/Camlp4Ast2OCamlAst.mli
camlp4/Camlp4/Struct/CleanAst.ml
camlp4/Camlp4/Struct/CommentFilter.ml
camlp4/Camlp4/Struct/CommentFilter.mli
camlp4/Camlp4/Struct/DynAst.ml
camlp4/Camlp4/Struct/DynLoader.ml
camlp4/Camlp4/Struct/DynLoader.mli
camlp4/Camlp4/Struct/EmptyError.ml
camlp4/Camlp4/Struct/EmptyError.mli
camlp4/Camlp4/Struct/EmptyPrinter.ml
camlp4/Camlp4/Struct/EmptyPrinter.mli
camlp4/Camlp4/Struct/FreeVars.ml
camlp4/Camlp4/Struct/FreeVars.mli
camlp4/Camlp4/Struct/Grammar.mlpack
camlp4/Camlp4/Struct/Grammar/Delete.ml
camlp4/Camlp4/Struct/Grammar/Dynamic.ml
camlp4/Camlp4/Struct/Grammar/Entry.ml
camlp4/Camlp4/Struct/Grammar/Failed.ml
camlp4/Camlp4/Struct/Grammar/Find.ml
camlp4/Camlp4/Struct/Grammar/Fold.ml
camlp4/Camlp4/Struct/Grammar/Fold.mli
camlp4/Camlp4/Struct/Grammar/Insert.ml
camlp4/Camlp4/Struct/Grammar/Parser.ml
camlp4/Camlp4/Struct/Grammar/Parser.mli
camlp4/Camlp4/Struct/Grammar/Print.ml
camlp4/Camlp4/Struct/Grammar/Print.mli
camlp4/Camlp4/Struct/Grammar/Search.ml
camlp4/Camlp4/Struct/Grammar/Static.ml
camlp4/Camlp4/Struct/Grammar/Structure.ml
camlp4/Camlp4/Struct/Grammar/Tools.ml
camlp4/Camlp4/Struct/Lexer.mll
camlp4/Camlp4/Struct/Loc.ml
camlp4/Camlp4/Struct/Loc.mli
camlp4/Camlp4/Struct/Quotation.ml
camlp4/Camlp4/Struct/Token.ml
camlp4/Camlp4/Struct/Token.mli
camlp4/Camlp4/Utils.ml
camlp4/Camlp4/Utils.mli
camlp4/Camlp4Bin.ml
camlp4/Camlp4Filters/Camlp4AstLifter.ml
camlp4/Camlp4Filters/Camlp4ExceptionTracer.ml
camlp4/Camlp4Filters/Camlp4FoldGenerator.ml
camlp4/Camlp4Filters/Camlp4LocationStripper.ml
camlp4/Camlp4Filters/Camlp4MapGenerator.ml
camlp4/Camlp4Filters/Camlp4MetaGenerator.ml
camlp4/Camlp4Filters/Camlp4Profiler.ml
camlp4/Camlp4Filters/Camlp4TrashRemover.ml
camlp4/Camlp4Parsers/Camlp4AstLoader.ml
camlp4/Camlp4Parsers/Camlp4DebugParser.ml
camlp4/Camlp4Parsers/Camlp4GrammarParser.ml
camlp4/Camlp4Parsers/Camlp4ListComprehension.ml
camlp4/Camlp4Parsers/Camlp4MacroParser.ml
camlp4/Camlp4Parsers/Camlp4OCamlOriginalQuotationExpander.ml
camlp4/Camlp4Parsers/Camlp4OCamlParser.ml
camlp4/Camlp4Parsers/Camlp4OCamlParserParser.ml
camlp4/Camlp4Parsers/Camlp4OCamlReloadedParser.ml
camlp4/Camlp4Parsers/Camlp4OCamlRevisedParser.ml
camlp4/Camlp4Parsers/Camlp4OCamlRevisedParserParser.ml
camlp4/Camlp4Parsers/Camlp4OCamlRevisedQuotationExpander.ml
camlp4/Camlp4Parsers/Camlp4QuotationCommon.ml
camlp4/Camlp4Parsers/Camlp4QuotationExpander.ml
camlp4/Camlp4Printers/Camlp4AstDumper.ml
camlp4/Camlp4Printers/Camlp4AutoPrinter.ml
camlp4/Camlp4Printers/Camlp4NullDumper.ml
camlp4/Camlp4Printers/Camlp4OCamlAstDumper.ml
camlp4/Camlp4Printers/Camlp4OCamlPrinter.ml
camlp4/Camlp4Printers/Camlp4OCamlRevisedPrinter.ml
camlp4/Camlp4Top.mlpack
camlp4/Camlp4Top/Rprint.ml
camlp4/Camlp4Top/Top.ml
camlp4/ICHANGES
camlp4/META.in
camlp4/boot/.ignore
camlp4/boot/Camlp4.ml
camlp4/boot/Camlp4.ml4
camlp4/boot/Camlp4Ast.ml
camlp4/boot/camlp4boot.ml
camlp4/boot/camlp4boot.ml4
camlp4/build/.ignore
camlp4/camlp4.odocl
camlp4/camlp4fulllib.mllib
camlp4/camlp4lib.mllib
camlp4/camlp4prof.ml
camlp4/camlp4prof.mli
camlp4/config/Camlp4_config.ml
camlp4/config/Camlp4_config.mli
camlp4/config/gen_import.ml
camlp4/examples/_tags
camlp4/examples/all.itarget
camlp4/examples/apply_operator.ml
camlp4/examples/apply_operator_test.ml
camlp4/examples/arith.ml
camlp4/examples/debug_extension.ml
camlp4/examples/ex_str.ml
camlp4/examples/ex_str_test.ml
camlp4/examples/expression_closure.ml
camlp4/examples/expression_closure_filter.ml
camlp4/examples/expression_closure_test.ml
camlp4/examples/fancy_lambda_quot.ml
camlp4/examples/fancy_lambda_quot_test.ml
camlp4/examples/free_vars_test.ml
camlp4/examples/gen_match_case.ml
camlp4/examples/gen_type_N.ml
camlp4/examples/gettext_test.ml
camlp4/examples/global_handler.ml
camlp4/examples/global_handler_test.ml
camlp4/examples/lambda_parser.ml
camlp4/examples/lambda_quot.ml
camlp4/examples/lambda_quot_expr.ml
camlp4/examples/lambda_quot_patt.ml
camlp4/examples/lambda_test.ml
camlp4/examples/macros.ml
camlp4/examples/parse_files.ml
camlp4/examples/syb_fold.ml
camlp4/examples/syb_map.ml
camlp4/examples/test.itarget
camlp4/examples/test_macros.ml
camlp4/examples/test_type_quotation.ml
camlp4/examples/type_quotation.ml
camlp4/import/.keepme
camlp4/mkcamlp4.ml
camlp4/test/fixtures/assert.ml
camlp4/test/fixtures/backquoted_irrefutable_tuple.ml
camlp4/test/fixtures/backquoted_record.ml
camlp4/test/fixtures/backquoted_tuple.ml
camlp4/test/fixtures/big-tab1.ml
camlp4/test/fixtures/big-tab2.ml
camlp4/test/fixtures/big-tab3.ml
camlp4/test/fixtures/bug-4058.ml
camlp4/test/fixtures/bug-4337.ml
camlp4/test/fixtures/bug-by-vincent-balat.ml
camlp4/test/fixtures/bug-camlp4o-benjamin-monate.ml
camlp4/test/fixtures/bug-camlp4o-constr-arity-expr.ml
camlp4/test/fixtures/bug-camlp4o-constr-arity.ml
camlp4/test/fixtures/bug_escaping_quot.ml
camlp4/test/fixtures/chars.ml
camlp4/test/fixtures/class_expr_quot.ml
camlp4/test/fixtures/comments.ml
camlp4/test/fixtures/comments.mli
camlp4/test/fixtures/comments2.ml
camlp4/test/fixtures/constant-parser.ml
camlp4/test/fixtures/curry-constr.ml
camlp4/test/fixtures/default_quotation.ml
camlp4/test/fixtures/exception-with-eqn-bug.ml
camlp4/test/fixtures/external.ml
camlp4/test/fixtures/fun.ml
camlp4/test/fixtures/functor-perf.ml
camlp4/test/fixtures/functor-perf2.gen.ml
camlp4/test/fixtures/functor-perf2.ml
camlp4/test/fixtures/functor-perf3.ml
camlp4/test/fixtures/gen_map.ml
camlp4/test/fixtures/gram-fold.ml
camlp4/test/fixtures/gram-list.ml
camlp4/test/fixtures/gram-loc-lost.ml
camlp4/test/fixtures/gram-sub-rule.ml
camlp4/test/fixtures/gram-tree.ml
camlp4/test/fixtures/gram-tree2.ml
camlp4/test/fixtures/gram-tree3.ml
camlp4/test/fixtures/gram.ml
camlp4/test/fixtures/idents
camlp4/test/fixtures/idents1
camlp4/test/fixtures/idents2
camlp4/test/fixtures/if.ml
camlp4/test/fixtures/label.ml
camlp4/test/fixtures/lambda_free.ml
camlp4/test/fixtures/loc-bug.ml
camlp4/test/fixtures/macrotest.ml
camlp4/test/fixtures/macrotest.mli
camlp4/test/fixtures/macrotest2.ml
camlp4/test/fixtures/macrotest3.ml
camlp4/test/fixtures/make_extend.ml
camlp4/test/fixtures/match.ml
camlp4/test/fixtures/match_parser.ml
camlp4/test/fixtures/meta_multi_term.ml
camlp4/test/fixtures/metalib.ml
camlp4/test/fixtures/method_private_virtual.ml
camlp4/test/fixtures/mod.ml
camlp4/test/fixtures/mod2.ml
camlp4/test/fixtures/operators.ml
camlp4/test/fixtures/operators.mli
camlp4/test/fixtures/original_syntax.ml
camlp4/test/fixtures/outside-scope.ml
camlp4/test/fixtures/parser.ml
camlp4/test/fixtures/pp_let_in.ml
camlp4/test/fixtures/pp_let_in2.ml
camlp4/test/fixtures/pp_xml.ml
camlp4/test/fixtures/pprecordtyp.ml
camlp4/test/fixtures/pr4314.ml
camlp4/test/fixtures/pr4314gram1.ml
camlp4/test/fixtures/pr4314gram2.ml
camlp4/test/fixtures/pr4314gram3.ml
camlp4/test/fixtures/pr4314gram4.ml
camlp4/test/fixtures/pr4314gram5.ml
camlp4/test/fixtures/pr4329.ml
camlp4/test/fixtures/pr4330.ml
camlp4/test/fixtures/pr4357.ml
camlp4/test/fixtures/pr4357sample.ml
camlp4/test/fixtures/pr4357sample2.ml
camlp4/test/fixtures/pr4452.ml
camlp4/test/fixtures/private_row.ml
camlp4/test/fixtures/rec.ml
camlp4/test/fixtures/seq.ml
camlp4/test/fixtures/seq2.ml
camlp4/test/fixtures/simplify.ml
camlp4/test/fixtures/simplify_r.ml
camlp4/test/fixtures/stream-parser-bug.ml
camlp4/test/fixtures/string.ml
camlp4/test/fixtures/superfluous.ml
camlp4/test/fixtures/transform-examples.ml
camlp4/test/fixtures/try.ml
camlp4/test/fixtures/tuple_as_retval.ml
camlp4/test/fixtures/type.ml
camlp4/test/fixtures/type_decl.ml
camlp4/test/fixtures/unit.ml
camlp4/test/fixtures/use.ml
camlp4/test/fixtures/where.o.ml
camlp4/test/fixtures/where.r.ml
camlp4/unmaintained/Makefile
camlp4/unmaintained/compile/.depend
camlp4/unmaintained/compile/.ignore
camlp4/unmaintained/compile/Makefile
camlp4/unmaintained/compile/comp_head.ml
camlp4/unmaintained/compile/comp_trail.ml
camlp4/unmaintained/compile/compile.ml
camlp4/unmaintained/compile/compile.sh
camlp4/unmaintained/etc/.depend
camlp4/unmaintained/etc/.ignore
camlp4/unmaintained/etc/Makefile
camlp4/unmaintained/etc/pa_fstream.ml
camlp4/unmaintained/etc/pa_ifdef.ml
camlp4/unmaintained/etc/pa_oop.ml
camlp4/unmaintained/etc/pa_ru.ml
camlp4/unmaintained/etc/parserify.ml
camlp4/unmaintained/etc/parserify.mli
camlp4/unmaintained/etc/pr_depend.ml
camlp4/unmaintained/etc/pr_extend.ml
camlp4/unmaintained/etc/pr_extfun.ml
camlp4/unmaintained/etc/pr_null.ml
camlp4/unmaintained/etc/pr_op.ml
camlp4/unmaintained/etc/pr_op_main.ml
camlp4/unmaintained/etc/pr_rp.ml
camlp4/unmaintained/etc/pr_rp_main.ml
camlp4/unmaintained/etc/q_phony.ml
camlp4/unmaintained/extfold/README
camlp4/unmaintained/extfold/pa_extfold.ml
camlp4/unmaintained/format/.depend
camlp4/unmaintained/format/Makefile
camlp4/unmaintained/format/README
camlp4/unmaintained/format/pa_format.ml
camlp4/unmaintained/lefteval/.depend
camlp4/unmaintained/lefteval/Makefile
camlp4/unmaintained/lefteval/README
camlp4/unmaintained/lefteval/pa_lefteval.ml
camlp4/unmaintained/lib/.cvsignore
camlp4/unmaintained/lib/.depend
camlp4/unmaintained/lib/Makefile
camlp4/unmaintained/lib/extfun.ml
camlp4/unmaintained/lib/extfun.mli
camlp4/unmaintained/lib/fstream.ml
camlp4/unmaintained/lib/fstream.mli
camlp4/unmaintained/ocamllex/Makefile
camlp4/unmaintained/ocamllex/README
camlp4/unmaintained/ocamllex/pa_ocamllex.ml
camlp4/unmaintained/ocpp/.depend
camlp4/unmaintained/ocpp/.ignore
camlp4/unmaintained/ocpp/Makefile
camlp4/unmaintained/ocpp/ocpp.ml
camlp4/unmaintained/odyl/.depend
camlp4/unmaintained/odyl/.ignore
camlp4/unmaintained/odyl/Makefile
camlp4/unmaintained/odyl/odyl.ml
camlp4/unmaintained/odyl/odyl_main.mli
camlp4/unmaintained/olabl/.depend
camlp4/unmaintained/olabl/Makefile
camlp4/unmaintained/olabl/README
camlp4/unmaintained/olabl/pa_olabl.ml
camlp4/unmaintained/scheme/.depend
camlp4/unmaintained/scheme/Makefile
camlp4/unmaintained/scheme/README
camlp4/unmaintained/scheme/pa_scheme.ml
camlp4/unmaintained/scheme/pa_scheme.sc
camlp4/unmaintained/scheme/pr_scheme.ml
camlp4/unmaintained/scheme/pr_schp_main.ml
camlp4/unmaintained/sml/.depend
camlp4/unmaintained/sml/Makefile
camlp4/unmaintained/sml/README
camlp4/unmaintained/sml/pa_sml.ml
camlp4/unmaintained/sml/smllib.sml
configure
myocamlbuild.ml
HEAD is now at 87c6a6b allow to specify LIBDIR, BINDIR and PKGDIR at configuration time

=-=-=-=-=-=-=-=-=-=-=-=-=-=-= Installing packages -=-=-=-=-=-=-=-=-=-=-=-=-=-=-=
Building camlp4.4.02.0:
  ./configure --bindir=/home/opam/.opam/4.02.0+trunk/bin --libdir=/home/opam/.opam/4.02.0+trunk/lib/ocaml --pkgdir=/home/opam/.opam/4.02.0+trunk/lib
  make all
  make install install-META
ocamlbuild -classic-display -no-ocamlfind `./build/camlp4-byte-only.sh`
+ echo camlp4/Camlp4.cmo camlp4/Camlp4Top.cmo camlp4/camlp4prof.byte camlp4/mkcamlp4.byte camlp4/camlp4.byte camlp4/camlp4fulllib.cma camlp4/camlp4boot.byte camlp4/camlp4boot.cma camlp4/camlp4r.byte camlp4/camlp4r.cma camlp4/camlp4rf.byte camlp4/camlp4rf.cma camlp4/camlp4o.byte camlp4/camlp4o.cma camlp4/camlp4of.byte camlp4/camlp4of.cma camlp4/camlp4oof.byte camlp4/camlp4oof.cma camlp4/camlp4orf.byte camlp4/camlp4orf.cma camlp4/Camlp4Parsers/Camlp4AstLoader.cmo camlp4/Camlp4Parsers/Camlp4DebugParser.cmo camlp4/Camlp4Parsers/Camlp4GrammarParser.cmo camlp4/Camlp4Parsers/Camlp4ListComprehension.cmo camlp4/Camlp4Parsers/Camlp4MacroParser.cmo camlp4/Camlp4Parsers/Camlp4OCamlOriginalQuotationExpander.cmo camlp4/Camlp4Parsers/Camlp4OCamlParser.cmo camlp4/Camlp4Parsers/Camlp4OCamlParserParser.cmo camlp4/Camlp4Parsers/Camlp4OCamlReloadedParser.cmo camlp4/Camlp4Parsers/Camlp4OCamlRevisedParser.cmo camlp4/Camlp4Parsers/Camlp4OCamlRevisedParserParser.cmo camlp4/Camlp4Parsers/Camlp4OCamlRevisedQuotationExpander.cmo camlp4/Camlp4Parsers/Camlp4QuotationCommon.cmo camlp4/Camlp4Parsers/Camlp4QuotationExpander.cmo camlp4/Camlp4Printers/Camlp4AstDumper.cmo camlp4/Camlp4Printers/Camlp4AutoPrinter.cmo camlp4/Camlp4Printers/Camlp4NullDumper.cmo camlp4/Camlp4Printers/Camlp4OCamlAstDumper.cmo camlp4/Camlp4Printers/Camlp4OCamlPrinter.cmo camlp4/Camlp4Printers/Camlp4OCamlRevisedPrinter.cmo camlp4/Camlp4Filters/Camlp4AstLifter.cmo camlp4/Camlp4Filters/Camlp4ExceptionTracer.cmo camlp4/Camlp4Filters/Camlp4FoldGenerator.cmo camlp4/Camlp4Filters/Camlp4LocationStripper.cmo camlp4/Camlp4Filters/Camlp4MapGenerator.cmo camlp4/Camlp4Filters/Camlp4MetaGenerator.cmo camlp4/Camlp4Filters/Camlp4Profiler.cmo camlp4/Camlp4Filters/Camlp4TrashRemover.cmo
Failure: TODO.
make: *** [byte] Error 2
Removing camlp4.4.02.0.
[ERROR] The compilation of camlp4.4.02.0 failed.
  ocamlfind remove camlp4
  rm -rf /home/opam/.opam/4.02.0+trunk/lib/ocaml/camlp4
  rm -f /home/opam/.opam/4.02.0+trunk/bin/camlp4 /home/opam/.opam/4.02.0+trunk/bin/camlp4boot /home/opam/.opam/4.02.0+trunk/bin/mkcamlp4 /home/opam/.opam/4.02.0+trunk/bin/camlp4r /home/opam/.opam/4.02.0+trunk/bin/camlp4rf /home/opam/.opam/4.02.0+trunk/bin/camlp4orf /home/opam/.opam/4.02.0+trunk/bin/camlp4o /home/opam/.opam/4.02.0+trunk/bin/camlp4of /home/opam/.opam/4.02.0+trunk/bin/camlp4oof /home/opam/.opam/4.02.0+trunk/bin/camlp4prof
ocamlfind: [WARNING] No such directory: /home/opam/.opam/4.02.0+trunk/lib/camlp4
Building cmdliner.0.9.5:
  ocaml pkg/git.ml
  ocaml pkg/build.ml native=true native-dynlink=true
File "pkg/topkg-ext.ml", line 42, characters 12-25:
Warning 3: deprecated: String.create
Failure: TODO.
[ERROR] The compilation of cmdliner.0.9.5 failed.
Removing cmdliner.0.9.5.
  Nothing to do.
Copying ~/.opam/repo/default/packages/menhir/menhir.20130912/files/menhir.install to ~/.opam/4.02.0+trunk/build/menhir.20130912/
Building menhir.20130912:
  make install PREFIX=/home/opam/.opam/4.02.0+trunk docdir=/home/opam/.opam/4.02.0+trunk/doc/menhir libdir=/home/opam/.opam/4.02.0+trunk/lib/menhir mandir=/home/opam/.opam/4.02.0+trunk/man/man1
rm -f src/installation.ml
echo "let libdir = \"/home/opam/.opam/4.02.0+trunk/lib/menhir\"" > src/installation.ml
if ocamlfind ocamlc -v >/dev/null 2>&1 ; then \
	  echo "let ocamlfind = true" >> src/installation.ml ; \
	else \
	  echo "let ocamlfind = false" >> src/installation.ml ; \
	fi
make -C src library bootstrap
make[1]: Entering directory `/home/opam/.opam/4.02.0+trunk/build/menhir.20130912/src'
ocamlbuild -classic-display -use-ocamlfind -j 0 menhirLib.cmo menhirLib.cmx
Failure: TODO.
make[1]: *** [library] Error 2
make[1]: Leaving directory `/home/opam/.opam/4.02.0+trunk/build/menhir.20130912/src'
make: *** [all] Error 2
[ERROR] The compilation of menhir.20130912 failed.
Removing menhir.20130912.
  ocamlfind remove menhirLib
ocamlfind: [WARNING] No such directory: /home/opam/.opam/4.02.0+trunk/lib/menhirLib
Building ounit.2.0.0:
  make build
  make install
ocaml setup.ml -configure 
File "/home/gildor/programmation/oasis/src/oasis/OASISString.ml", line 118, characters 8-26:
Warning 3: deprecated: String.set
File "/home/gildor/programmation/oasis/src/oasis/OASISFindlib.ml", line 256, characters 6-24:
Warning 3: deprecated: Lazy.lazy_from_fun

Configuration: 
ocamlfind: ........................................... /home/opam/.opam/4.02.0+trunk/bin/ocamlfind
ocamlc: .............................................. /home/opam/.opam/4.02.0+trunk/bin/ocamlc.opt
ocamlopt: ............................................ /home/opam/.opam/4.02.0+trunk/bin/ocamlopt.opt
ocamlbuild: .......................................... /home/opam/.opam/4.02.0+trunk/bin/ocamlbuild
Package name: ........................................ ounit
Package version: ..................................... 2.0.0
os_type: ............................................. Unix
system: .............................................. linux
architecture: ........................................ amd64
ccomp_type: .......................................... cc
ocaml_version: ....................................... 4.02.0
standard_library_default: ............................ /home/opam/.opam/4.02.0+trunk/lib/ocaml
standard_library: .................................... /home/opam/.opam/4.02.0+trunk/lib/ocaml
standard_runtime: .................................... /home/opam/.opam/4.02.0+trunk/bin/ocamlrun
bytecomp_c_compiler: ................................. gcc -fno-defer-pop -Wall -D_FILE_OFFSET_BITS=64 -D_REENTRANT -fPIC
native_c_compiler: ................................... gcc -Wall -D_FILE_OFFSET_BITS=64 -D_REENTRANT
model: ............................................... default
ext_obj: ............................................. .o
ext_asm: ............................................. .s
ext_lib: ............................................. .a
ext_dll: ............................................. .so
default_executable_name: ............................. a.out
systhread_supported: ................................. true
Install architecture-independent files dir: .......... /usr/local
Install architecture-dependent files in dir: ......... $prefix
User executables: .................................... $exec_prefix/bin
System admin executables: ............................ $exec_prefix/sbin
Program executables: ................................. $exec_prefix/libexec
Read-only single-machine data: ....................... $prefix/etc
Modifiable architecture-independent data: ............ $prefix/com
Modifiable single-machine data: ...................... $prefix/var
Object code libraries: ............................... $exec_prefix/lib
Read-only arch-independent data root: ................ $prefix/share
Read-only architecture-independent data: ............. $datarootdir
Info documentation: .................................. $datarootdir/info
Locale-dependent data: ............................... $datarootdir/locale
Man documentation: ................................... $datarootdir/man
Documentation root: .................................. $datarootdir/doc/$pkg_name
HTML documentation: .................................. $docdir
DVI documentation: ................................... $docdir
PDF documentation: ................................... $docdir
PS documentation: .................................... $docdir
findlib_version: ..................................... 1.5.2
is_native: ........................................... true
suffix_program: ...................................... 
Remove a file.: ...................................... rm -f
Remove a directory.: ................................. rm -rf
Turn ocaml debug flag on: ............................ true
Turn ocaml profile flag on: .......................... false
Compiler support generation of .cmxs.: ............... true
OCamlbuild additional flags: ......................... 
Create documentations: ............................... true
Compile tests executable and library and run them: ... false
pkg_unix: ............................................ /home/opam/.opam/4.02.0+trunk/lib/ocaml
pkg_threads: ......................................... /home/opam/.opam/4.02.0+trunk/lib/ocaml
ocamldoc: ............................................ /home/opam/.opam/4.02.0+trunk/bin/ocamldoc

ocaml setup.ml -build 
File "/home/gildor/programmation/oasis/src/oasis/OASISString.ml", line 118, characters 8-26:
Warning 3: deprecated: String.set
File "/home/gildor/programmation/oasis/src/oasis/OASISFindlib.ml", line 256, characters 6-24:
Warning 3: deprecated: Lazy.lazy_from_fun
W: Cannot find source file matching module 'OUnitLoggerHTMLData' in library oUnitAdvanced
W: Cannot find source file matching module 'OUnitLoggerHTMLData' in library oUnitAdvanced
Failure: TODO.
E: Failure("Command ''/home/opam/.opam/4.02.0+trunk/bin/ocamlbuild' src/oUnitAdvanced.cma src/oUnitAdvanced.cmxa src/oUnitAdvanced.a src/oUnitAdvanced.cmxs src/oUnit.cma src/oUnit.cmxa src/oUnit.a src/oUnit.cmxs src/oUnitThreads.cma src/oUnitThreads.cmxa src/oUnitThreads.a src/oUnitThreads.cmxs -tag debug' terminated with error code 2")
make: *** [build] Error 1
[ERROR] The compilation of ounit.2.0.0 failed.
Removing ounit.2.0.0.
  ocamlfind remove oUnit
ocamlfind: [WARNING] No such directory: /home/opam/.opam/4.02.0+trunk/lib/oUnit


#==================== ERROR while installing camlp4.4.02.0 ====================#
# opam-version         1.2.0~beta4
# os                   linux
# command              make all
# path                 /home/opam/.opam/4.02.0+trunk/build/camlp4.4.02.0
# compiler             4.02.0+trunk
# exit-code            2
# env-file             /home/opam/.opam/4.02.0+trunk/build/camlp4.4.02.0/camlp4-814-60459a.env
# stdout-file          /home/opam/.opam/4.02.0+trunk/build/camlp4.4.02.0/camlp4-814-60459a.out
# stderr-file          /home/opam/.opam/4.02.0+trunk/build/camlp4.4.02.0/camlp4-814-60459a.err
### stdout ###
# ocamlbuild -classic-display -no-ocamlfind `./build/camlp4-byte-only.sh`
# Failure: TODO.
### stderr ###
# + echo camlp4/Camlp4.cmo camlp4/Camlp4Top.cmo camlp4/camlp4prof.byte camlp4/mkcamlp4.byte camlp4/camlp4.byte camlp4/camlp4fulllib.cma camlp4/camlp4boot.byte camlp4/camlp4boot.cma camlp4/camlp4r.byte camlp4/camlp4r.cma camlp4/camlp4rf.byte camlp4/camlp4rf.cma camlp4/camlp4o.byte camlp4/camlp4o.cma camlp4/camlp4of.byte camlp4/camlp4of.cma camlp4/camlp4oof.byte camlp4/camlp4oof.cma camlp4/camlp4orf.b...[truncated]
# make: *** [byte] Error 2


#=================== ERROR while installing cmdliner.0.9.5 ====================#
# opam-version         1.2.0~beta4
# os                   linux
# command              ocaml pkg/build.ml native=true native-dynlink=true
# path                 /home/opam/.opam/4.02.0+trunk/build/cmdliner.0.9.5
# compiler             4.02.0+trunk
# exit-code            2
# env-file             /home/opam/.opam/4.02.0+trunk/build/cmdliner.0.9.5/cmdliner-891-548b09.env
# stdout-file          /home/opam/.opam/4.02.0+trunk/build/cmdliner.0.9.5/cmdliner-891-548b09.out
# stderr-file          /home/opam/.opam/4.02.0+trunk/build/cmdliner.0.9.5/cmdliner-891-548b09.err
### stdout ###
# Failure: TODO.
### stderr ###
# File "pkg/topkg-ext.ml", line 42, characters 12-25:
# Warning 3: deprecated: String.create


#=================== ERROR while installing menhir.20130912 ===================#
# opam-version         1.2.0~beta4
# os                   linux
# command              make install PREFIX=/home/opam/.opam/4.02.0+trunk docdir=/home/opam/.opam/4.02.0+trunk/doc/menhir libdir=/home/opam/.opam/4.02.0+trunk/lib/menhir mandir=/home/opam/.opam/4.02.0+trunk/man/man1
# path                 /home/opam/.opam/4.02.0+trunk/build/menhir.20130912
# compiler             4.02.0+trunk
# exit-code            2
# env-file             /home/opam/.opam/4.02.0+trunk/build/menhir.20130912/menhir-923-dc6e87.env
# stdout-file          /home/opam/.opam/4.02.0+trunk/build/menhir.20130912/menhir-923-dc6e87.out
# stderr-file          /home/opam/.opam/4.02.0+trunk/build/menhir.20130912/menhir-923-dc6e87.err
### stdout ###
# ...[truncated]
# if ocamlfind ocamlc -v >/dev/null 2>&1 ; then \
# 	  echo "let ocamlfind = true" >> src/installation.ml ; \
# 	else \
# 	  echo "let ocamlfind = false" >> src/installation.ml ; \
# 	fi
# make -C src library bootstrap
# make[1]: Entering directory `/home/opam/.opam/4.02.0+trunk/build/menhir.20130912/src'
# ocamlbuild -classic-display -use-ocamlfind -j 0 menhirLib.cmo menhirLib.cmx
# Failure: TODO.
# make[1]: Leaving directory `/home/opam/.opam/4.02.0+trunk/build/menhir.20130912/src'
### stderr ###
# make[1]: *** [library] Error 2
# make: *** [all] Error 2


#===================== ERROR while installing ounit.2.0.0 =====================#
# opam-version         1.2.0~beta4
# os                   linux
# command              make build
# path                 /home/opam/.opam/4.02.0+trunk/build/ounit.2.0.0
# compiler             4.02.0+trunk
# exit-code            2
# env-file             /home/opam/.opam/4.02.0+trunk/build/ounit.2.0.0/ounit-969-d474c2.env
# stdout-file          /home/opam/.opam/4.02.0+trunk/build/ounit.2.0.0/ounit-969-d474c2.out
# stderr-file          /home/opam/.opam/4.02.0+trunk/build/ounit.2.0.0/ounit-969-d474c2.err
### stdout ###
# ...[truncated]
# Compiler support generation of .cmxs.: ............... true
# OCamlbuild additional flags: ......................... 
# Create documentations: ............................... true
# Compile tests executable and library and run them: ... false
# pkg_unix: ............................................ /home/opam/.opam/4.02.0+trunk/lib/ocaml
# pkg_threads: ......................................... /home/opam/.opam/4.02.0+trunk/lib/ocaml
# ocamldoc: ............................................ /home/opam/.opam/4.02.0+trunk/bin/ocamldoc
# 
# ocaml setup.ml -build 
# Failure: TODO.
### stderr ###
# ...[truncated]
# File "/home/gildor/programmation/oasis/src/oasis/OASISFindlib.ml", line 256, characters 6-24:
# Warning 3: deprecated: Lazy.lazy_from_fun
# File "/home/gildor/programmation/oasis/src/oasis/OASISString.ml", line 118, characters 8-26:
# Warning 3: deprecated: String.set
# File "/home/gildor/programmation/oasis/src/oasis/OASISFindlib.ml", line 256, characters 6-24:
# Warning 3: deprecated: Lazy.lazy_from_fun
# W: Cannot find source file matching module 'OUnitLoggerHTMLData' in library oUnitAdvanced
# W: Cannot find source file matching module 'OUnitLoggerHTMLData' in library oUnitAdvanced
# E: Failure("Command ''/home/opam/.opam/4.02.0+trunk/bin/ocamlbuild' src/oUnitAdvanced.cma src/oUnitAdvanced.cmxa src/oUnitAdvanced.a src/oUnitAdvanced.cmxs src/oUnit.cma src/oUnit.cmxa src/oUnit.a src/oUnit.cmxs src/oUnitThreads.cma src/oUnitThreads.cmxa src/oUnitThreads.a src/oUnitThreads.cmxs -tag debug' terminated with error code 2")
# make: *** [build] Error 1


=-=-=-=-=-=-=-=-=-=-=-=-=-=-=-=-= Error report =-=-=-=-=-=-=-=-=-=-=-=-=-=-=-=-=
The following failed
 - install   camlp4.4.02.0
 - install   cmdliner.0.9.5
 - install   menhir.20130912
 - install   ounit.2.0.0
Due to the errors, the following have been cancelled
 - install   bin_prot.111.03.00
 - install   fieldslib.109.20.03
 - install   herelib.109.35.02
 - install   type_conv.111.13.00
 - install   pa_ounit.109.53.02
 - install   batsh.0.0.4
 - install   typerep.111.17.00
 - install   pipebang.110.01.00
 - install   variantslib.109.15.03
 - install   core_kernel.111.25.00
 - install   comparelib.109.60.00
 - install   dlist.0.0.2
 - install   enumerate.111.08.00
 - install   pa_test.111.08.00
 - install   pa_bench.109.55.02
 - install   sexplib.111.25.00
'opam install batsh' failed.
