++ opam install bt -e ubuntu
+ depext='clasp version 2.1.4
Reading from outsfP32Y/gringo_out
Solving...
Answer: 3
in("bt",2) in("base-bigarray",1) in("base-unix",1) in("ocamlfind",6) in("base-thr
OPTIMUM FOUND

Models      : 1     
  Enumerated: 3
  Optimum   : yes
Optimization: 0 0 19
Time        : 0.012s (Solving: 0.00s 1st Model: 0.00s Unsat: 0.00s)
CPU Time    : 0.010s
Choices     : 49
Conflicts   : 4
Restarts    : 0     

Atoms       : 13527 
Rules       : 14996  (1: 14874 2: 11 3: 108 6: 3)
Bodies      : 566   
Equivalences: 27262  (Atom=Atom: 13269 Body=Body: 177 Other: 13816)
Tight       : Yes

Variables   : 380    (Eliminated:   97 Frozen:  141)
Constraints : 776    (Binary: 94.6% Ternary:  1.2% Other:  4.3%)
Lemmas      : 4      (Binary: 50.0% Ternary:  0.0% Other: 50.0%)
  Conflict  : 4      (Average Length: 2.8) 
  Loop      : 0      (Average Length: 0.0) 
  Other     : 0      (Average Length: 0.0)
  Deleted   : 0     

Backtracks          : 0     
Backjumps           : 4      (Bounded: 1)
Skippable Levels    : 5      (Skipped: 4 Rate:  80.0%)
Max Jump Length     : 2      (Executed: 2)
Max Bound Length    : 1     
Average Jump Length : 1.2    (Executed: 1.0)
Average Bound Length: 1.0   
Average Model Length: 16.0  
/usr/share/aspcud/encodings/misc2012.lp:150:57-76: warning: atom is undefined:
  recommends(P,V,D,W)

/usr/share/aspcud/encodings/misc2012.lp:148:57-75: warning: atom is undefined:
  attribute(P,V,A,X)

/usr/share/aspcud/encodings/misc2012.lp:138:57-76: warning: atom is undefined:
  recommends(P,V,D,W)

/usr/share/aspcud/encodings/misc2012.lp:164:42-61: warning: atom is undefined:
  recommends(P,V,D,W)

/usr/share/aspcud/encodings/misc2012.lp:161:63-81: warning: atom is undefined:
  attribute(P,V,A,X)

/usr/share/aspcud/encodings/misc2012.lp:109:50-68: warning: atom is undefined:
  attribute(P,V,A,X)

/usr/share/aspcud/encodings/misc2012.lp:109:70-88: warning: atom is undefined:
  attribute(P,V,B,Y)

/usr/share/aspcud/encodings/misc2012.lp:30:22-41: warning: atom is undefined:
  recommends(P,V,D,W)

libgmp-dev libssl-dev time zlib1g-dev'
+ echo Ubuntu depexts: clasp version 2.1.4 Reading from outsfP32Y/gringo_out Solving... Answer: 3 'in("bt",2)' 'in("base-bigarray",1)' 'in("base-unix",1)' 'in("ocamlfind",6)' 'in("base-thr' OPTIMUM FOUND Models : 1 Enumerated: 3 Optimum : yes Optimization: 0 0 19 Time : 0.012s '(Solving:' 0.00s 1st Model: 0.00s Unsat: '0.00s)' CPU Time : 0.010s Choices : 49 Conflicts : 4 Restarts : 0 Atoms : 13527 Rules : 14996 '(1:' 14874 2: 11 3: 108 6: '3)' Bodies : 566 Equivalences: 27262 '(Atom=Atom:' 13269 Body=Body: 177 Other: '13816)' Tight : Yes Variables : 380 '(Eliminated:' 97 Frozen: '141)' Constraints : 776 '(Binary:' 94.6% Ternary: 1.2% Other: '4.3%)' Lemmas : 4 '(Binary:' 50.0% Ternary: 0.0% Other: '50.0%)' Conflict : 4 '(Average' Length: '2.8)' Loop : 0 '(Average' Length: '0.0)' Other : 0 '(Average' Length: '0.0)' Deleted : 0 Backtracks : 0 Backjumps : 4 '(Bounded:' '1)' Skippable Levels : 5 '(Skipped:' 4 Rate: '80.0%)' Max Jump Length : 2 '(Executed:' '2)' Max Bound Length : 1 Average Jump Length : 1.2 '(Executed:' '1.0)' Average Bound Length: 1.0 Average Model Length: 16.0 /usr/share/aspcud/encodings/misc2012.lp:150:57-76: warning: atom is undefined: 'recommends(P,V,D,W)' /usr/share/aspcud/encodings/misc2012.lp:148:57-75: warning: atom is undefined: 'attribute(P,V,A,X)' /usr/share/aspcud/encodings/misc2012.lp:138:57-76: warning: atom is undefined: 'recommends(P,V,D,W)' /usr/share/aspcud/encodings/misc2012.lp:164:42-61: warning: atom is undefined: 'recommends(P,V,D,W)' /usr/share/aspcud/encodings/misc2012.lp:161:63-81: warning: atom is undefined: 'attribute(P,V,A,X)' /usr/share/aspcud/encodings/misc2012.lp:109:50-68: warning: atom is undefined: 'attribute(P,V,A,X)' /usr/share/aspcud/encodings/misc2012.lp:109:70-88: warning: atom is undefined: 'attribute(P,V,B,Y)' /usr/share/aspcud/encodings/misc2012.lp:30:22-41: warning: atom is undefined: 'recommends(P,V,D,W)' libgmp-dev libssl-dev time zlib1g-dev
+ '[' 'clasp version 2.1.4
Reading from outsfP32Y/gringo_out
Solving...
Answer: 3
in("bt",2) in("base-bigarray",1) in("base-unix",1) in("ocamlfind",6) in("base-thr
OPTIMUM FOUND

Models      : 1     
  Enumerated: 3
  Optimum   : yes
Optimization: 0 0 19
Time        : 0.012s (Solving: 0.00s 1st Model: 0.00s Unsat: 0.00s)
CPU Time    : 0.010s
Choices     : 49
Conflicts   : 4
Restarts    : 0     

Atoms       : 13527 
Rules       : 14996  (1: 14874 2: 11 3: 108 6: 3)
Bodies      : 566   
Equivalences: 27262  (Atom=Atom: 13269 Body=Body: 177 Other: 13816)
Tight       : Yes

Variables   : 380    (Eliminated:   97 Frozen:  141)
Constraints : 776    (Binary: 94.6% Ternary:  1.2% Other:  4.3%)
Lemmas      : 4      (Binary: 50.0% Ternary:  0.0% Other: 50.0%)
  Conflict  : 4      (Average Length: 2.8) 
  Loop      : 0      (Average Length: 0.0) 
  Other     : 0      (Average Length: 0.0)
  Deleted   : 0     

Backtracks          : 0     
Backjumps           : 4      (Bounded: 1)
Skippable Levels    : 5      (Skipped: 4 Rate:  80.0%)
Max Jump Length     : 2      (Executed: 2)
Max Bound Length    : 1     
Average Jump Length : 1.2    (Executed: 1.0)
Average Bound Length: 1.0   
Average Model Length: 16.0  
/usr/share/aspcud/encodings/misc2012.lp:150:57-76: warning: atom is undefined:
  recommends(P,V,D,W)

/usr/share/aspcud/encodings/misc2012.lp:148:57-75: warning: atom is undefined:
  attribute(P,V,A,X)

/usr/share/aspcud/encodings/misc2012.lp:138:57-76: warning: atom is undefined:
  recommends(P,V,D,W)

/usr/share/aspcud/encodings/misc2012.lp:164:42-61: warning: atom is undefined:
  recommends(P,V,D,W)

/usr/share/aspcud/encodings/misc2012.lp:161:63-81: warning: atom is undefined:
  attribute(P,V,A,X)

/usr/share/aspcud/encodings/misc2012.lp:109:50-68: warning: atom is undefined:
  attribute(P,V,A,X)

/usr/share/aspcud/encodings/misc2012.lp:109:70-88: warning: atom is undefined:
  attribute(P,V,B,Y)

/usr/share/aspcud/encodings/misc2012.lp:30:22-41: warning: atom is undefined:
  recommends(P,V,D,W)

libgmp-dev libssl-dev time zlib1g-dev' '!=' '' ']'
+ sudo apt-get install -qq -y build-essential m4
Ubuntu depexts: clasp version 2.1.4 Reading from outsfP32Y/gringo_out Solving... Answer: 3 in("bt",2) in("base-bigarray",1) in("base-unix",1) in("ocamlfind",6) in("base-thr OPTIMUM FOUND Models : 1 Enumerated: 3 Optimum : yes Optimization: 0 0 19 Time : 0.012s (Solving: 0.00s 1st Model: 0.00s Unsat: 0.00s) CPU Time : 0.010s Choices : 49 Conflicts : 4 Restarts : 0 Atoms : 13527 Rules : 14996 (1: 14874 2: 11 3: 108 6: 3) Bodies : 566 Equivalences: 27262 (Atom=Atom: 13269 Body=Body: 177 Other: 13816) Tight : Yes Variables : 380 (Eliminated: 97 Frozen: 141) Constraints : 776 (Binary: 94.6% Ternary: 1.2% Other: 4.3%) Lemmas : 4 (Binary: 50.0% Ternary: 0.0% Other: 50.0%) Conflict : 4 (Average Length: 2.8) Loop : 0 (Average Length: 0.0) Other : 0 (Average Length: 0.0) Deleted : 0 Backtracks : 0 Backjumps : 4 (Bounded: 1) Skippable Levels : 5 (Skipped: 4 Rate: 80.0%) Max Jump Length : 2 (Executed: 2) Max Bound Length : 1 Average Jump Length : 1.2 (Executed: 1.0) Average Bound Length: 1.0 Average Model Length: 16.0 /usr/share/aspcud/encodings/misc2012.lp:150:57-76: warning: atom is undefined: recommends(P,V,D,W) /usr/share/aspcud/encodings/misc2012.lp:148:57-75: warning: atom is undefined: attribute(P,V,A,X) /usr/share/aspcud/encodings/misc2012.lp:138:57-76: warning: atom is undefined: recommends(P,V,D,W) /usr/share/aspcud/encodings/misc2012.lp:164:42-61: warning: atom is undefined: recommends(P,V,D,W) /usr/share/aspcud/encodings/misc2012.lp:161:63-81: warning: atom is undefined: attribute(P,V,A,X) /usr/share/aspcud/encodings/misc2012.lp:109:50-68: warning: atom is undefined: attribute(P,V,A,X) /usr/share/aspcud/encodings/misc2012.lp:109:70-88: warning: atom is undefined: attribute(P,V,B,Y) /usr/share/aspcud/encodings/misc2012.lp:30:22-41: warning: atom is undefined: recommends(P,V,D,W) libgmp-dev libssl-dev time zlib1g-dev
+ sudo apt-get install -qq -y clasp version 2.1.4 Reading from outsfP32Y/gringo_out Solving... Answer: 3 'in("bt",2)' 'in("base-bigarray",1)' 'in("base-unix",1)' 'in("ocamlfind",6)' 'in("base-thr' OPTIMUM FOUND Models : 1 Enumerated: 3 Optimum : yes Optimization: 0 0 19 Time : 0.012s '(Solving:' 0.00s 1st Model: 0.00s Unsat: '0.00s)' CPU Time : 0.010s Choices : 49 Conflicts : 4 Restarts : 0 Atoms : 13527 Rules : 14996 '(1:' 14874 2: 11 3: 108 6: '3)' Bodies : 566 Equivalences: 27262 '(Atom=Atom:' 13269 Body=Body: 177 Other: '13816)' Tight : Yes Variables : 380 '(Eliminated:' 97 Frozen: '141)' Constraints : 776 '(Binary:' 94.6% Ternary: 1.2% Other: '4.3%)' Lemmas : 4 '(Binary:' 50.0% Ternary: 0.0% Other: '50.0%)' Conflict : 4 '(Average' Length: '2.8)' Loop : 0 '(Average' Length: '0.0)' Other : 0 '(Average' Length: '0.0)' Deleted : 0 Backtracks : 0 Backjumps : 4 '(Bounded:' '1)' Skippable Levels : 5 '(Skipped:' 4 Rate: '80.0%)' Max Jump Length : 2 '(Executed:' '2)' Max Bound Length : 1 Average Jump Length : 1.2 '(Executed:' '1.0)' Average Bound Length: 1.0 Average Model Length: 16.0 /usr/share/aspcud/encodings/misc2012.lp:150:57-76: warning: atom is undefined: 'recommends(P,V,D,W)' /usr/share/aspcud/encodings/misc2012.lp:148:57-75: warning: atom is undefined: 'attribute(P,V,A,X)' /usr/share/aspcud/encodings/misc2012.lp:138:57-76: warning: atom is undefined: 'recommends(P,V,D,W)' /usr/share/aspcud/encodings/misc2012.lp:164:42-61: warning: atom is undefined: 'recommends(P,V,D,W)' /usr/share/aspcud/encodings/misc2012.lp:161:63-81: warning: atom is undefined: 'attribute(P,V,A,X)' /usr/share/aspcud/encodings/misc2012.lp:109:50-68: warning: atom is undefined: 'attribute(P,V,A,X)' /usr/share/aspcud/encodings/misc2012.lp:109:70-88: warning: atom is undefined: 'attribute(P,V,B,Y)' /usr/share/aspcud/encodings/misc2012.lp:30:22-41: warning: atom is undefined: 'recommends(P,V,D,W)' libgmp-dev libssl-dev time zlib1g-dev
E: Unable to locate package version
E: Unable to locate package Reading
E: Unable to locate package from
E: Unable to locate package outsfP32Y
E: Unable to locate package Solving...
E: Couldn't find any package by regex 'Solving...'
E: Unable to locate package Answer
E: Unable to locate package 3
E: Unable to locate package in("bt",2)
E: Unable to locate package in("base-bigarray",1)
E: Unable to locate package in("base-unix",1)
E: Unable to locate package in("ocamlfind",6)
E: Unable to locate package in("base-thr
E: Unable to locate package OPTIMUM
E: Unable to locate package FOUND
E: Unable to locate package Models
E: Unable to locate package 
E: Unable to locate package 1
E: Unable to locate package Enumerated
E: Unable to locate package 3
E: Unable to locate package Optimum
E: Unable to locate package 
E: Unable to locate package yes
E: Unable to locate package Optimization
E: Unable to locate package 0
E: Unable to locate package 0
E: Unable to locate package 19
E: Unable to locate package 
E: Unable to locate package 0.012s
E: Couldn't find any package by regex '0.012s'
E: Unable to locate package (Solving
E: Unable to locate package 0.00s
E: Couldn't find any package by regex '0.00s'
E: Unable to locate package 1st
E: Unable to locate package Model
E: Unable to locate package 0.00s
E: Couldn't find any package by regex '0.00s'
E: Unable to locate package Unsat
E: Unable to locate package 0.00s)
E: Couldn't find any package by regex '0.00s)'
E: Unable to locate package 
E: Unable to locate package 0.010s
E: Couldn't find any package by regex '0.010s'
E: Unable to locate package Choices
E: Unable to locate package 
E: Unable to locate package 49
E: Unable to locate package Conflicts
E: Unable to locate package 
E: Unable to locate package 4
E: Unable to locate package Restarts
E: Unable to locate package 
E: Unable to locate package 0
E: Unable to locate package Atoms
E: Unable to locate package 
E: Unable to locate package 13527
E: Unable to locate package Rules
E: Unable to locate package 
E: Unable to locate package 14996
E: Unable to locate package (1
E: Unable to locate package 14874
E: Unable to locate package 2
E: Unable to locate package 11
E: Unable to locate package 3
E: Unable to locate package 108
E: Unable to locate package 6
E: Unable to locate package 3)
E: Unable to locate package Bodies
E: Unable to locate package 
E: Unable to locate package 566
E: Unable to locate package Equivalences
E: Unable to locate package 27262
E: Unable to locate package (Atom
E: Unable to locate package 13269
E: Unable to locate package Body
E: Unable to locate package 177
E: Unable to locate package Other
E: Unable to locate package 13816)
E: Unable to locate package Tight
E: Unable to locate package 
E: Unable to locate package Yes
E: Unable to locate package Variables
E: Unable to locate package 
E: Unable to locate package 380
E: Unable to locate package (Eliminated
E: Unable to locate package 97
E: Unable to locate package Frozen
E: Unable to locate package 141)
E: Unable to locate package Constraints
E: Unable to locate package 
E: Unable to locate package 776
E: Unable to locate package (Binary
E: Unable to locate package 94.6%
E: Couldn't find any package by regex '94.6%'
E: Unable to locate package Ternary
E: Unable to locate package 1.2%
E: Couldn't find any package by regex '1.2%'
E: Unable to locate package Other
E: Unable to locate package 4.3%)
E: Couldn't find any package by regex '4.3%)'
E: Unable to locate package Lemmas
E: Unable to locate package 
E: Unable to locate package 4
E: Unable to locate package (Binary
E: Unable to locate package 50.0%
E: Couldn't find any package by regex '50.0%'
E: Unable to locate package Ternary
E: Unable to locate package 0.0%
E: Couldn't find any package by regex '0.0%'
E: Unable to locate package Other
E: Unable to locate package 50.0%)
E: Couldn't find any package by regex '50.0%)'
E: Unable to locate package Conflict
E: Unable to locate package 
E: Unable to locate package 4
E: Unable to locate package (Average
E: Unable to locate package Length
E: Unable to locate package 2.8)
E: Couldn't find any package by regex '2.8)'
E: Unable to locate package Loop
E: Unable to locate package 
E: Unable to locate package 0
E: Unable to locate package (Average
E: Unable to locate package Length
E: Unable to locate package 0.0)
E: Couldn't find any package by regex '0.0)'
E: Unable to locate package Other
E: Unable to locate package 
E: Unable to locate package 0
E: Unable to locate package (Average
E: Unable to locate package Length
E: Unable to locate package 0.0)
E: Couldn't find any package by regex '0.0)'
E: Unable to locate package Deleted
E: Unable to locate package 
E: Unable to locate package 0
E: Unable to locate package Backtracks
E: Unable to locate package 
E: Unable to locate package 0
E: Unable to locate package Backjumps
E: Unable to locate package 
E: Unable to locate package 4
E: Unable to locate package (Bounded
E: Unable to locate package 1)
E: Unable to locate package Skippable
E: Unable to locate package Levels
E: Unable to locate package 
E: Unable to locate package 5
E: Unable to locate package (Skipped
E: Unable to locate package 4
E: Unable to locate package Rate
E: Unable to locate package 80.0%)
E: Couldn't find any package by regex '80.0%)'
E: Unable to locate package Max
E: Unable to locate package Jump
E: Unable to locate package Length
E: Unable to locate package 
E: Unable to locate package 2
E: Unable to locate package (Executed
E: Unable to locate package 2)
E: Unable to locate package Max
E: Unable to locate package Bound
E: Unable to locate package Length
E: Unable to locate package 
E: Unable to locate package 1
E: Unable to locate package Average
E: Unable to locate package Jump
E: Unable to locate package Length
E: Unable to locate package 
E: Unable to locate package (Executed
E: Unable to locate package 1.0)
E: Couldn't find any package by regex '1.0)'
E: Unable to locate package Average
E: Unable to locate package Bound
E: Unable to locate package Length
E: Unable to locate package Average
E: Unable to locate package Model
E: Unable to locate package Length
E: Unable to locate package /usr/share/aspcud/encodings
E: Unable to locate package warning
E: Unable to locate package atom
E: Unable to locate package is
E: Unable to locate package undefined
E: Unable to locate package recommends(P,V,D,W)
E: Unable to locate package /usr/share/aspcud/encodings
E: Unable to locate package warning
E: Unable to locate package atom
E: Unable to locate package is
E: Unable to locate package undefined
E: Unable to locate package attribute(P,V,A,X)
E: Unable to locate package /usr/share/aspcud/encodings
E: Unable to locate package warning
E: Unable to locate package atom
E: Unable to locate package is
E: Unable to locate package undefined
E: Unable to locate package recommends(P,V,D,W)
E: Unable to locate package /usr/share/aspcud/encodings
E: Unable to locate package warning
E: Unable to locate package atom
E: Unable to locate package is
E: Unable to locate package undefined
E: Unable to locate package recommends(P,V,D,W)
E: Unable to locate package /usr/share/aspcud/encodings
E: Unable to locate package warning
E: Unable to locate package atom
E: Unable to locate package is
E: Unable to locate package undefined
E: Unable to locate package attribute(P,V,A,X)
E: Unable to locate package /usr/share/aspcud/encodings
E: Unable to locate package warning
E: Unable to locate package atom
E: Unable to locate package is
E: Unable to locate package undefined
E: Unable to locate package attribute(P,V,A,X)
E: Unable to locate package /usr/share/aspcud/encodings
E: Unable to locate package warning
E: Unable to locate package atom
E: Unable to locate package is
E: Unable to locate package undefined
E: Unable to locate package attribute(P,V,B,Y)
E: Unable to locate package /usr/share/aspcud/encodings
E: Unable to locate package warning
E: Unable to locate package atom
E: Unable to locate package is
E: Unable to locate package undefined
E: Unable to locate package recommends(P,V,D,W)
++ opam install bt -e source,linux
+ srcext='clasp version 2.1.4
Reading from outRwM7a8/gringo_out
Solving...
Answer: 3
in("bt",2) in("base-bigarray",1) in("base-unix",1) in("ocamlfind",6) in("base-thr
OPTIMUM FOUND

Models      : 1     
  Enumerated: 3
  Optimum   : yes
Optimization: 0 0 19
Time        : 0.011s (Solving: 0.00s 1st Model: 0.00s Unsat: 0.00s)
CPU Time    : 0.010s
Choices     : 49
Conflicts   : 4
Restarts    : 0     

Atoms       : 13527 
Rules       : 14996  (1: 14874 2: 11 3: 108 6: 3)
Bodies      : 566   
Equivalences: 27262  (Atom=Atom: 13269 Body=Body: 177 Other: 13816)
Tight       : Yes

Variables   : 380    (Eliminated:   97 Frozen:  141)
Constraints : 776    (Binary: 94.6% Ternary:  1.2% Other:  4.3%)
Lemmas      : 4      (Binary: 50.0% Ternary:  0.0% Other: 50.0%)
  Conflict  : 4      (Average Length: 2.8) 
  Loop      : 0      (Average Length: 0.0) 
  Other     : 0      (Average Length: 0.0)
  Deleted   : 0     

Backtracks          : 0     
Backjumps           : 4      (Bounded: 1)
Skippable Levels    : 5      (Skipped: 4 Rate:  80.0%)
Max Jump Length     : 2      (Executed: 2)
Max Bound Length    : 1     
Average Jump Length : 1.2    (Executed: 1.0)
Average Bound Length: 1.0   
Average Model Length: 16.0  
/usr/share/aspcud/encodings/misc2012.lp:150:57-76: warning: atom is undefined:
  recommends(P,V,D,W)

/usr/share/aspcud/encodings/misc2012.lp:148:57-75: warning: atom is undefined:
  attribute(P,V,A,X)

/usr/share/aspcud/encodings/misc2012.lp:138:57-76: warning: atom is undefined:
  recommends(P,V,D,W)

/usr/share/aspcud/encodings/misc2012.lp:164:42-61: warning: atom is undefined:
  recommends(P,V,D,W)

/usr/share/aspcud/encodings/misc2012.lp:161:63-81: warning: atom is undefined:
  attribute(P,V,A,X)

/usr/share/aspcud/encodings/misc2012.lp:109:50-68: warning: atom is undefined:
  attribute(P,V,A,X)

/usr/share/aspcud/encodings/misc2012.lp:109:70-88: warning: atom is undefined:
  attribute(P,V,B,Y)

/usr/share/aspcud/encodings/misc2012.lp:30:22-41: warning: atom is undefined:
  recommends(P,V,D,W)'
+ echo Ubuntu srcexts: clasp version 2.1.4 Reading from outRwM7a8/gringo_out Solving... Answer: 3 'in("bt",2)' 'in("base-bigarray",1)' 'in("base-unix",1)' 'in("ocamlfind",6)' 'in("base-thr' OPTIMUM FOUND Models : 1 Enumerated: 3 Optimum : yes Optimization: 0 0 19 Time : 0.011s '(Solving:' 0.00s 1st Model: 0.00s Unsat: '0.00s)' CPU Time : 0.010s Choices : 49 Conflicts : 4 Restarts : 0 Atoms : 13527 Rules : 14996 '(1:' 14874 2: 11 3: 108 6: '3)' Bodies : 566 Equivalences: 27262 '(Atom=Atom:' 13269 Body=Body: 177 Other: '13816)' Tight : Yes Variables : 380 '(Eliminated:' 97 Frozen: '141)' Constraints : 776 '(Binary:' 94.6% Ternary: 1.2% Other: '4.3%)' Lemmas : 4 '(Binary:' 50.0% Ternary: 0.0% Other: '50.0%)' Conflict : 4 '(Average' Length: '2.8)' Loop : 0 '(Average' Length: '0.0)' Other : 0 '(Average' Length: '0.0)' Deleted : 0 Backtracks : 0 Backjumps : 4 '(Bounded:' '1)' Skippable Levels : 5 '(Skipped:' 4 Rate: '80.0%)' Max Jump Length : 2 '(Executed:' '2)' Max Bound Length : 1 Average Jump Length : 1.2 '(Executed:' '1.0)' Average Bound Length: 1.0 Average Model Length: 16.0 /usr/share/aspcud/encodings/misc2012.lp:150:57-76: warning: atom is undefined: 'recommends(P,V,D,W)' /usr/share/aspcud/encodings/misc2012.lp:148:57-75: warning: atom is undefined: 'attribute(P,V,A,X)' /usr/share/aspcud/encodings/misc2012.lp:138:57-76: warning: atom is undefined: 'recommends(P,V,D,W)' /usr/share/aspcud/encodings/misc2012.lp:164:42-61: warning: atom is undefined: 'recommends(P,V,D,W)' /usr/share/aspcud/encodings/misc2012.lp:161:63-81: warning: atom is undefined: 'attribute(P,V,A,X)' /usr/share/aspcud/encodings/misc2012.lp:109:50-68: warning: atom is undefined: 'attribute(P,V,A,X)' /usr/share/aspcud/encodings/misc2012.lp:109:70-88: warning: atom is undefined: 'attribute(P,V,B,Y)' /usr/share/aspcud/encodings/misc2012.lp:30:22-41: warning: atom is undefined: 'recommends(P,V,D,W)'
+ '[' 'clasp version 2.1.4
Reading from outRwM7a8/gringo_out
Solving...
Answer: 3
in("bt",2) in("base-bigarray",1) in("base-unix",1) in("ocamlfind",6) in("base-thr
OPTIMUM FOUND

Models      : 1     
  Enumerated: 3
  Optimum   : yes
Optimization: 0 0 19
Time        : 0.011s (Solving: 0.00s 1st Model: 0.00s Unsat: 0.00s)
CPU Time    : 0.010s
Choices     : 49
Conflicts   : 4
Restarts    : 0     

Atoms       : 13527 
Rules       : 14996  (1: 14874 2: 11 3: 108 6: 3)
Bodies      : 566   
Equivalences: 27262  (Atom=Atom: 13269 Body=Body: 177 Other: 13816)
Tight       : Yes

Variables   : 380    (Eliminated:   97 Frozen:  141)
Constraints : 776    (Binary: 94.6% Ternary:  1.2% Other:  4.3%)
Lemmas      : 4      (Binary: 50.0% Ternary:  0.0% Other: 50.0%)
  Conflict  : 4      (Average Length: 2.8) 
  Loop      : 0      (Average Length: 0.0) 
  Other     : 0      (Average Length: 0.0)
  Deleted   : 0     

Backtracks          : 0     
Backjumps           : 4      (Bounded: 1)
Skippable Levels    : 5      (Skipped: 4 Rate:  80.0%)
Max Jump Length     : 2      (Executed: 2)
Max Bound Length    : 1     
Average Jump Length : 1.2    (Executed: 1.0)
Average Bound Length: 1.0   
Average Model Length: 16.0  
/usr/share/aspcud/encodings/misc2012.lp:150:57-76: warning: atom is undefined:
  recommends(P,V,D,W)

/usr/share/aspcud/encodings/misc2012.lp:148:57-75: warning: atom is undefined:
  attribute(P,V,A,X)

/usr/share/aspcud/encodings/misc2012.lp:138:57-76: warning: atom is undefined:
  recommends(P,V,D,W)

/usr/share/aspcud/encodings/misc2012.lp:164:42-61: warning: atom is undefined:
  recommends(P,V,D,W)

/usr/share/aspcud/encodings/misc2012.lp:161:63-81: warning: atom is undefined:
  attribute(P,V,A,X)

/usr/share/aspcud/encodings/misc2012.lp:109:50-68: warning: atom is undefined:
  attribute(P,V,A,X)

/usr/share/aspcud/encodings/misc2012.lp:109:70-88: warning: atom is undefined:
  attribute(P,V,B,Y)

/usr/share/aspcud/encodings/misc2012.lp:30:22-41: warning: atom is undefined:
  recommends(P,V,D,W)' '!=' '' ']'
++ mktemp
Ubuntu srcexts: clasp version 2.1.4 Reading from outRwM7a8/gringo_out Solving... Answer: 3 in("bt",2) in("base-bigarray",1) in("base-unix",1) in("ocamlfind",6) in("base-thr OPTIMUM FOUND Models : 1 Enumerated: 3 Optimum : yes Optimization: 0 0 19 Time : 0.011s (Solving: 0.00s 1st Model: 0.00s Unsat: 0.00s) CPU Time : 0.010s Choices : 49 Conflicts : 4 Restarts : 0 Atoms : 13527 Rules : 14996 (1: 14874 2: 11 3: 108 6: 3) Bodies : 566 Equivalences: 27262 (Atom=Atom: 13269 Body=Body: 177 Other: 13816) Tight : Yes Variables : 380 (Eliminated: 97 Frozen: 141) Constraints : 776 (Binary: 94.6% Ternary: 1.2% Other: 4.3%) Lemmas : 4 (Binary: 50.0% Ternary: 0.0% Other: 50.0%) Conflict : 4 (Average Length: 2.8) Loop : 0 (Average Length: 0.0) Other : 0 (Average Length: 0.0) Deleted : 0 Backtracks : 0 Backjumps : 4 (Bounded: 1) Skippable Levels : 5 (Skipped: 4 Rate: 80.0%) Max Jump Length : 2 (Executed: 2) Max Bound Length : 1 Average Jump Length : 1.2 (Executed: 1.0) Average Bound Length: 1.0 Average Model Length: 16.0 /usr/share/aspcud/encodings/misc2012.lp:150:57-76: warning: atom is undefined: recommends(P,V,D,W) /usr/share/aspcud/encodings/misc2012.lp:148:57-75: warning: atom is undefined: attribute(P,V,A,X) /usr/share/aspcud/encodings/misc2012.lp:138:57-76: warning: atom is undefined: recommends(P,V,D,W) /usr/share/aspcud/encodings/misc2012.lp:164:42-61: warning: atom is undefined: recommends(P,V,D,W) /usr/share/aspcud/encodings/misc2012.lp:161:63-81: warning: atom is undefined: attribute(P,V,A,X) /usr/share/aspcud/encodings/misc2012.lp:109:50-68: warning: atom is undefined: attribute(P,V,A,X) /usr/share/aspcud/encodings/misc2012.lp:109:70-88: warning: atom is undefined: attribute(P,V,B,Y) /usr/share/aspcud/encodings/misc2012.lp:30:22-41: warning: atom is undefined: recommends(P,V,D,W)
+ t=/tmp/tmp.62PohjsTsc
+ curl -sL clasp version 2.1.4 Reading from outRwM7a8/gringo_out Solving... Answer: 3 'in("bt",2)' 'in("base-bigarray",1)' 'in("base-unix",1)' 'in("ocamlfind",6)' 'in("base-thr' OPTIMUM FOUND Models : 1 Enumerated: 3 Optimum : yes Optimization: 0 0 19 Time : 0.011s '(Solving:' 0.00s 1st Model: 0.00s Unsat: '0.00s)' CPU Time : 0.010s Choices : 49 Conflicts : 4 Restarts : 0 Atoms : 13527 Rules : 14996 '(1:' 14874 2: 11 3: 108 6: '3)' Bodies : 566 Equivalences: 27262 '(Atom=Atom:' 13269 Body=Body: 177 Other: '13816)' Tight : Yes Variables : 380 '(Eliminated:' 97 Frozen: '141)' Constraints : 776 '(Binary:' 94.6% Ternary: 1.2% Other: '4.3%)' Lemmas : 4 '(Binary:' 50.0% Ternary: 0.0% Other: '50.0%)' Conflict : 4 '(Average' Length: '2.8)' Loop : 0 '(Average' Length: '0.0)' Other : 0 '(Average' Length: '0.0)' Deleted : 0 Backtracks : 0 Backjumps : 4 '(Bounded:' '1)' Skippable Levels : 5 '(Skipped:' 4 Rate: '80.0%)' Max Jump Length : 2 '(Executed:' '2)' Max Bound Length : 1 Average Jump Length : 1.2 '(Executed:' '1.0)' Average Bound Length: 1.0 Average Model Length: 16.0 /usr/share/aspcud/encodings/misc2012.lp:150:57-76: warning: atom is undefined: 'recommends(P,V,D,W)' /usr/share/aspcud/encodings/misc2012.lp:148:57-75: warning: atom is undefined: 'attribute(P,V,A,X)' /usr/share/aspcud/encodings/misc2012.lp:138:57-76: warning: atom is undefined: 'recommends(P,V,D,W)' /usr/share/aspcud/encodings/misc2012.lp:164:42-61: warning: atom is undefined: 'recommends(P,V,D,W)' /usr/share/aspcud/encodings/misc2012.lp:161:63-81: warning: atom is undefined: 'attribute(P,V,A,X)' /usr/share/aspcud/encodings/misc2012.lp:109:50-68: warning: atom is undefined: 'attribute(P,V,A,X)' /usr/share/aspcud/encodings/misc2012.lp:109:70-88: warning: atom is undefined: 'attribute(P,V,B,Y)' /usr/share/aspcud/encodings/misc2012.lp:30:22-41: warning: atom is undefined: 'recommends(P,V,D,W)'
+ bash -ex /tmp/tmp.62PohjsTsc
+ opam install bt
clasp version 2.1.4
Reading from outg9iB2w/gringo_out
Solving...
Answer: 3
in("bt",2) in("base-bigarray",1) in("base-unix",1) in("ocamlfind",6) in("base-thr
OPTIMUM FOUND

Models      : 1     
  Enumerated: 3
  Optimum   : yes
Optimization: 0 0 19
Time        : 0.013s (Solving: 0.00s 1st Model: 0.00s Unsat: 0.00s)
CPU Time    : 0.010s
Choices     : 49
Conflicts   : 4
Restarts    : 0     

Atoms       : 13527 
Rules       : 14996  (1: 14874 2: 11 3: 108 6: 3)
Bodies      : 566   
Equivalences: 27262  (Atom=Atom: 13269 Body=Body: 177 Other: 13816)
Tight       : Yes

Variables   : 380    (Eliminated:   97 Frozen:  141)
Constraints : 776    (Binary: 94.6% Ternary:  1.2% Other:  4.3%)
Lemmas      : 4      (Binary: 50.0% Ternary:  0.0% Other: 50.0%)
  Conflict  : 4      (Average Length: 2.8) 
  Loop      : 0      (Average Length: 0.0) 
  Other     : 0      (Average Length: 0.0)
  Deleted   : 0     

Backtracks          : 0     
Backjumps           : 4      (Bounded: 1)
Skippable Levels    : 5      (Skipped: 4 Rate:  80.0%)
Max Jump Length     : 2      (Executed: 2)
Max Bound Length    : 1     
Average Jump Length : 1.2    (Executed: 1.0)
Average Bound Length: 1.0   
Average Model Length: 16.0  
/usr/share/aspcud/encodings/misc2012.lp:150:57-76: warning: atom is undefined:
  recommends(P,V,D,W)

/usr/share/aspcud/encodings/misc2012.lp:148:57-75: warning: atom is undefined:
  attribute(P,V,A,X)

/usr/share/aspcud/encodings/misc2012.lp:138:57-76: warning: atom is undefined:
  recommends(P,V,D,W)

/usr/share/aspcud/encodings/misc2012.lp:164:42-61: warning: atom is undefined:
  recommends(P,V,D,W)

/usr/share/aspcud/encodings/misc2012.lp:161:63-81: warning: atom is undefined:
  attribute(P,V,A,X)

/usr/share/aspcud/encodings/misc2012.lp:109:50-68: warning: atom is undefined:
  attribute(P,V,A,X)

/usr/share/aspcud/encodings/misc2012.lp:109:70-88: warning: atom is undefined:
  attribute(P,V,B,Y)

/usr/share/aspcud/encodings/misc2012.lp:30:22-41: warning: atom is undefined:
  recommends(P,V,D,W)

The following actions will be performed:
 - install   cryptokit-sha512.1.6.3                [required by bt]
 - install   conf-gmp.1                            [required by zarith]
 - install   qcheck.0.2                            [required by bt]
 - install   re.1.2.2                              [required by cohttp]
 - install   cmdliner.0.9.5                        [required by bt]
 - install   camlp4.4.02.0                         [required by bitstring]
 - install   stringext.1.0.0                       [required by cohttp]
 - install   ounit.2.0.0                           [required by cohttp]
 - install   ssl.0.4.7                             [required by bt]
 - install   zarith.1.2                            [required by bt]
 - install   type_conv.111.13.00                   [required by uri, fieldslib]
 - install   bitstring.2.0.4                       [required by bt]
 - install   lwt.2.4.5                             [required by bt]
 - install   sexplib.111.25.00                     [required by cohttp]
 - install   fieldslib.109.20.03                   [required by cohttp]
 - install   uri.1.7.2                             [required by bt]
 - install   conduit.0.5.1                         [required by cohttp]
 - install   cohttp.0.11.2                         [required by bt]
 - install   bt.0.2
=== 19 to install ===

=-=-=-=-=-=-=-=-=-=-=-=- Synchronizing package archives -=-=-=-=-=-=-=-=-=-=-=-=
[camlp4.4.02.0] Fetching git://github.com/ocaml/camlp4#4.02
[bt.0.2] Downloading https://github.com/nojb/ocaml-bt/archive/v0.2.tar.gz
[bitstring.2.0.4] Downloading http://bitstring.googlecode.com/files/ocaml-bitstring-2.0.4.tar.gz
Initialized empty Git repository in /home/opam/.opam/packages.dev/camlp4.4.02.0/.git/
  % Total    % Received % Xferd  Average Speed   Time    Time     Time  Current
                                 Dload  Upload   Total   Spent    Left  Speed
  0     0    0     0    0     0      0      0 --:--:-- --:--:-- --:--:--     0  % Total    % Received % Xferd  Average Speed   Time    Time     Time  Current
                                 Dload  Upload   Total   Spent    Left  Speed
  0     0    0     0    0     0      0      0 --:--:-- --:--:-- --:--:--     0  0  159k    0  1005    0     0  17991      0  0:00:09 --:--:--  0:00:09 17946  0     0    0     0    0     0      0      0 --:--:-- --:--:-- --:--:--     0100  159k  100  159k    0     0  1418k      0 --:--:-- --:--:-- --:--:-- 1411k
200
[cmdliner.0.9.5] Downloading http://erratique.ch/software/cmdliner/releases/cmdliner-0.9.5.tbz
  % Total    % Received % Xferd  Average Speed   Time    Time     Time  Current
                                 Dload  Upload   Total   Spent    Left  Speed
  0     0    0     0    0     0      0      0 --:--:-- --:--:-- --:--:--     0100   119    0   119    0     0    326      0 --:--:-- --:--:-- --:--:--   326
 33 47938   33 15928    0     0  18183      0  0:00:02 --:--:--  0:00:02 18182  0     0    0 56685    0     0  53195      0 --:--:--  0:00:01 --:--:-- 53195  0     0    0 86342    0     0  80825      0 --:--:--  0:00:01 --:--:-- 14.1M
200
100 47938  100 47938    0     0  53483      0 --:--:-- --:--:-- --:--:-- 53442
200
[cohttp.0.11.2] Downloading https://github.com/mirage/ocaml-cohttp/archive/v0.11.2.tar.gz
[conduit.0.5.1] Downloading https://github.com/mirage/ocaml-conduit/archive/v0.5.1.tar.gz
  % Total    % Received % Xferd  Average Speed   Time    Time     Time  Current
                                 Dload  Upload   Total   Spent    Left  Speed
  0     0    0     0    0     0      0      0 --:--:-- --:--:-- --:--:--     0  % Total    % Received % Xferd  Average Speed   Time    Time     Time  Current
                                 Dload  Upload   Total   Spent    Left  Speed
  0     0    0     0    0     0      0      0 --:--:-- --:--:-- --:--:--     0100   128    0   128    0     0    339      0 --:--:-- --:--:-- --:--:--   339
100   128    0   128    0     0    318      0 --:--:-- --:--:-- --:--:--   319
100  6712  100  6712    0     0   8669      0 --:--:-- --:--:-- --:--:--  8669
200
[cryptokit-sha512.1.6.3] Downloading https://github.com/vbmithr/cryptokit-sha512/tarball/1.6.3
  % Total    % Received % Xferd  Average Speed   Time    Time     Time  Current
                                 Dload  Upload   Total   Spent    Left  Speed
  0     0    0     0    0     0      0      0 --:--:-- --:--:-- --:--:--     0 23  129k   23 30993    0     0  33233      0  0:00:03 --:--:--  0:00:03 33233  0     0    0     0    0     0      0      0 --:--:-- --:--:-- --:--:--     0100  129k  100  129k    0     0   117k      0  0:00:01  0:00:01 --:--:--  577k
200
[fieldslib.109.20.03] Downloading https://ocaml.janestreet.com/ocaml-core/109.20.00/individual/fieldslib-109.20.03.tar.gz
  % Total    % Received % Xferd  Average Speed   Time    Time     Time  Current
                                 Dload  Upload   Total   Spent    Left  Speed
  0     0    0     0    0     0      0      0 --:--:-- --:--:-- --:--:--     0100   138    0   138    0     0    345      0 --:--:-- --:--:-- --:--:--   345
100 55847  100 55847    0     0  95641      0 --:--:-- --:--:-- --:--:-- 95792
200
[lwt.2.4.5] Downloading https://github.com/ocsigen/lwt/archive/2.4.5.tar.gz
  % Total    % Received % Xferd  Average Speed   Time    Time     Time  Current
                                 Dload  Upload   Total   Spent    Left  Speed
  0     0    0     0    0     0      0      0 --:--:-- --:--:-- --:--:--     0  0     0    0 56520    0     0  53475      0 --:--:--  0:00:01 --:--:-- 53475  0     0    0     0    0     0      0      0 --:--:-- --:--:-- --:--:--     0  0     0    0  133k    0     0   116k      0 --:--:--  0:00:01 --:--:--  859k
200
[ounit.2.0.0] Downloading http://forge.ocamlcore.org/frs/download.php/1258/ounit-2.0.0.tar.gz
  % Total    % Received % Xferd  Average Speed   Time    Time     Time  Current
                                 Dload  Upload   Total   Spent    Left  Speed
  0     0    0     0    0     0      0      0 --:--:-- --:--:-- --:--:--     0100   118    0   118    0     0    322      0 --:--:-- --:--:-- --:--:--   322
100  101k  100  101k    0     0   478k      0 --:--:-- --:--:-- --:--:--  481k
200
[qcheck.0.2] Downloading http://cedeela.fr/~simon/software/releases/qcheck-0.2.tar.gz
  % Total    % Received % Xferd  Average Speed   Time    Time     Time  Current
                                 Dload  Upload   Total   Spent    Left  Speed
  0     0    0     0    0     0      0      0 --:--:-- --:--:-- --:--:--     0100 56080  100 56080    0     0   536k      0 --:--:-- --:--:-- --:--:--  542k
200
[re.1.2.2] Downloading https://github.com/ocaml/ocaml-re/archive/ocaml-re-1.2.2.tar.gz
  % Total    % Received % Xferd  Average Speed   Time    Time     Time  Current
                                 Dload  Upload   Total   Spent    Left  Speed
  0     0    0     0    0     0      0      0 --:--:-- --:--:-- --:--:--     0 47  291k   47  139k    0     0   131k      0  0:00:02  0:00:01  0:00:01  131k  0     0    0     0    0     0      0      0 --:--:-- --:--:-- --:--:--     0100   130    0   130  100  2  0     0    341      0 91k  100  291k    0     0   23--:--:-9k      0- --:--:  0:00:0-- --:-1  0:00:0-:--   31 --:--:41
--  947k
200
[sexplib.111.25.00] Downloading https://ocaml.janestreet.com/ocaml-core/111.25.00/individual/sexplib-111.25.00.tar.gz
  % Total    % Received % Xferd  Average Speed   Time    Time     Time  Current
                                 Dload  Upload   Total   Spent    Left  Speed
  0     0    0     0    0     0      0      0 --:--:-- --:--:-- --:--:--     0100 89639  100 89639    0     0  88282      0  0:00:01  0:00:01 --:--:-- 88282
200
[ssl.0.4.7] Downloading http://downloads.sourceforge.net/project/savonet/ocaml-ssl/0.4.7/ocaml-ssl-0.4.7.tar.gz
  % Total    % Received % Xferd  Average Speed   Time    Time     Time  Current
                                 Dload  Upload   Total   Spent    Left  Speed
  0     0    0     0    0     0      0      0 --:--:-- --:--:-- --:--:--     0  0     0    0     0    0     0      0      0 --:--:-- --:--:-- --:--:--     0 73  131k   73 98304    0     0   125k      0  0:00:01 --:--:--  0:00:01  125k100  131k  100  131k    0     0   171k      0 --:--:-- --:--:-- --:--:--  171k
200
[stringext.1.0.0] Downloading https://github.com/rgrinberg/stringext/archive/v1.0.0.tar.gz
  % Total    % Received % Xferd  Average Speed   Time    Time     Time  Current
                                 Dload  Upload   Total   Spent    Left  Speed
  0     0    0     0    0     0      0      0 --:--:-- --:--:-- --:--:--     0  0     0    0     0    0     0      0      0 --:--:-- --:--:-- --:--:--     0
100  116k  100  116k    0     0   244k      0 --:--:-- --:--:-- --:--:--  244k
200
[type_conv.111.13.00] Downloading https://ocaml.janestreet.com/ocaml-core/111.13.00/individual/type_conv-111.13.00.tar.gz
  % Total    % Received % Xferd  Average Speed   Time    Time     Time  Current
                                 Dload  Upload   Total   Spent    Left  Speed
  0     0    0     0    0     0      0      0 --:--:-- --:--:-- --:--:--     0100   127    0   127    0     0    325      0 --:--:-- --:--:-- --:--:--   325
 69 44676   69 30998    0     0  33845      0  0:00:01 --:--:--  0:00:01 33845 53 61554   53 32768    0     0  56639      0  0:00:01 --:--:--  0:00:01 56594100 44676  100 44676    0     0  48716      0 --:--:-- --:--:-- --:--:-- 13.0M
200
100 61554  100 61554    0     0   103k      0 --:--:-- --:--:-- --:--:--  103k
200
[uri.1.7.2] Downloading https://github.com/mirage/ocaml-uri/archive/v1.7.2.tar.gz
[zarith.1.2] Downloading http://forge.ocamlcore.org/frs/download.php/1187/zarith-1.2.tgz
  % Total    % Received % Xferd  Average Speed   Time    Time     Time  Current
                                 Dload  Upload   Total   Spent    Left  Speed
  0     0    0     0    0     0      0      0 --:--:-- --:--:-- --:--:--     0  % Total    % Received % Xferd  Average Speed   Time    Time     Time  Current
                                 Dload  Upload   Total   Spent    Left  Speed
  0     0    0     0    0     0      0      0 --:--:-- --:--:-- --:--:--     0100 70822  100 70822    0     0   444k      0 --:--:-- --:--:-- --:--:--  446k
200
100   124    0   124    0     0    349      0 --:--:-- --:--:-- --:--:--   350
 12  246k   12 30997    0     0  33488      0  0:00:07 --:--:--  0:00:07 33488100  246k  100  246k    0     0   190k      0  0:00:01  0:00:01 --:--:--  586k
200
From git://github.com/ocaml/camlp4
 * branch            4.02       -> FETCH_HEAD
 * [new branch]      4.02       -> origin/4.02
.depend
.gitignore
.ignore
.ocp-indent
.travis-ci.sh
.travis.yml
Changes
LICENSE
Makefile
README.md
_tags
build/camlp4-bootstrap-recipe.txt
build/camlp4-bootstrap.sh
build/camlp4-byte-only.sh
build/camlp4-mkCamlp4Ast.sh
build/camlp4-native-only.sh
build/camlp4-targets.sh
build/install.sh
camlp4/.ignore
camlp4/CHANGES
camlp4/Camlp4.mlpack
camlp4/Camlp4/Camlp4Ast.partial.ml
camlp4/Camlp4/Debug.ml
camlp4/Camlp4/Debug.mli
camlp4/Camlp4/ErrorHandler.ml
camlp4/Camlp4/ErrorHandler.mli
camlp4/Camlp4/OCamlInitSyntax.ml
camlp4/Camlp4/Options.ml
camlp4/Camlp4/Options.mli
camlp4/Camlp4/PreCast.ml
camlp4/Camlp4/PreCast.mli
camlp4/Camlp4/Printers.mlpack
camlp4/Camlp4/Printers/DumpCamlp4Ast.ml
camlp4/Camlp4/Printers/DumpCamlp4Ast.mli
camlp4/Camlp4/Printers/DumpOCamlAst.ml
camlp4/Camlp4/Printers/DumpOCamlAst.mli
camlp4/Camlp4/Printers/Null.ml
camlp4/Camlp4/Printers/Null.mli
camlp4/Camlp4/Printers/OCaml.ml
camlp4/Camlp4/Printers/OCaml.mli
camlp4/Camlp4/Printers/OCamlr.ml
camlp4/Camlp4/Printers/OCamlr.mli
camlp4/Camlp4/Register.ml
camlp4/Camlp4/Register.mli
camlp4/Camlp4/Sig.ml
camlp4/Camlp4/Struct.mlpack
camlp4/Camlp4/Struct/.ignore
camlp4/Camlp4/Struct/AstFilters.ml
camlp4/Camlp4/Struct/Camlp4Ast.mlast
camlp4/Camlp4/Struct/Camlp4Ast2OCamlAst.ml
camlp4/Camlp4/Struct/Camlp4Ast2OCamlAst.mli
camlp4/Camlp4/Struct/CleanAst.ml
camlp4/Camlp4/Struct/CommentFilter.ml
camlp4/Camlp4/Struct/CommentFilter.mli
camlp4/Camlp4/Struct/DynAst.ml
camlp4/Camlp4/Struct/DynLoader.ml
camlp4/Camlp4/Struct/DynLoader.mli
camlp4/Camlp4/Struct/EmptyError.ml
camlp4/Camlp4/Struct/EmptyError.mli
camlp4/Camlp4/Struct/EmptyPrinter.ml
camlp4/Camlp4/Struct/EmptyPrinter.mli
camlp4/Camlp4/Struct/FreeVars.ml
camlp4/Camlp4/Struct/FreeVars.mli
camlp4/Camlp4/Struct/Grammar.mlpack
camlp4/Camlp4/Struct/Grammar/Delete.ml
camlp4/Camlp4/Struct/Grammar/Dynamic.ml
camlp4/Camlp4/Struct/Grammar/Entry.ml
camlp4/Camlp4/Struct/Grammar/Failed.ml
camlp4/Camlp4/Struct/Grammar/Find.ml
camlp4/Camlp4/Struct/Grammar/Fold.ml
camlp4/Camlp4/Struct/Grammar/Fold.mli
camlp4/Camlp4/Struct/Grammar/Insert.ml
camlp4/Camlp4/Struct/Grammar/Parser.ml
camlp4/Camlp4/Struct/Grammar/Parser.mli
camlp4/Camlp4/Struct/Grammar/Print.ml
camlp4/Camlp4/Struct/Grammar/Print.mli
camlp4/Camlp4/Struct/Grammar/Search.ml
camlp4/Camlp4/Struct/Grammar/Static.ml
camlp4/Camlp4/Struct/Grammar/Structure.ml
camlp4/Camlp4/Struct/Grammar/Tools.ml
camlp4/Camlp4/Struct/Lexer.mll
camlp4/Camlp4/Struct/Loc.ml
camlp4/Camlp4/Struct/Loc.mli
camlp4/Camlp4/Struct/Quotation.ml
camlp4/Camlp4/Struct/Token.ml
camlp4/Camlp4/Struct/Token.mli
camlp4/Camlp4/Utils.ml
camlp4/Camlp4/Utils.mli
camlp4/Camlp4Bin.ml
camlp4/Camlp4Filters/Camlp4AstLifter.ml
camlp4/Camlp4Filters/Camlp4ExceptionTracer.ml
camlp4/Camlp4Filters/Camlp4FoldGenerator.ml
camlp4/Camlp4Filters/Camlp4LocationStripper.ml
camlp4/Camlp4Filters/Camlp4MapGenerator.ml
camlp4/Camlp4Filters/Camlp4MetaGenerator.ml
camlp4/Camlp4Filters/Camlp4Profiler.ml
camlp4/Camlp4Filters/Camlp4TrashRemover.ml
camlp4/Camlp4Parsers/Camlp4AstLoader.ml
camlp4/Camlp4Parsers/Camlp4DebugParser.ml
camlp4/Camlp4Parsers/Camlp4GrammarParser.ml
camlp4/Camlp4Parsers/Camlp4ListComprehension.ml
camlp4/Camlp4Parsers/Camlp4MacroParser.ml
camlp4/Camlp4Parsers/Camlp4OCamlOriginalQuotationExpander.ml
camlp4/Camlp4Parsers/Camlp4OCamlParser.ml
camlp4/Camlp4Parsers/Camlp4OCamlParserParser.ml
camlp4/Camlp4Parsers/Camlp4OCamlReloadedParser.ml
camlp4/Camlp4Parsers/Camlp4OCamlRevisedParser.ml
camlp4/Camlp4Parsers/Camlp4OCamlRevisedParserParser.ml
camlp4/Camlp4Parsers/Camlp4OCamlRevisedQuotationExpander.ml
camlp4/Camlp4Parsers/Camlp4QuotationCommon.ml
camlp4/Camlp4Parsers/Camlp4QuotationExpander.ml
camlp4/Camlp4Printers/Camlp4AstDumper.ml
camlp4/Camlp4Printers/Camlp4AutoPrinter.ml
camlp4/Camlp4Printers/Camlp4NullDumper.ml
camlp4/Camlp4Printers/Camlp4OCamlAstDumper.ml
camlp4/Camlp4Printers/Camlp4OCamlPrinter.ml
camlp4/Camlp4Printers/Camlp4OCamlRevisedPrinter.ml
camlp4/Camlp4Top.mlpack
camlp4/Camlp4Top/Rprint.ml
camlp4/Camlp4Top/Top.ml
camlp4/ICHANGES
camlp4/META.in
camlp4/boot/.ignore
camlp4/boot/Camlp4.ml
camlp4/boot/Camlp4.ml4
camlp4/boot/Camlp4Ast.ml
camlp4/boot/camlp4boot.ml
camlp4/boot/camlp4boot.ml4
camlp4/build/.ignore
camlp4/camlp4.odocl
camlp4/camlp4fulllib.mllib
camlp4/camlp4lib.mllib
camlp4/camlp4prof.ml
camlp4/camlp4prof.mli
camlp4/config/Camlp4_config.ml
camlp4/config/Camlp4_config.mli
camlp4/config/gen_import.ml
camlp4/examples/_tags
camlp4/examples/all.itarget
camlp4/examples/apply_operator.ml
camlp4/examples/apply_operator_test.ml
camlp4/examples/arith.ml
camlp4/examples/debug_extension.ml
camlp4/examples/ex_str.ml
camlp4/examples/ex_str_test.ml
camlp4/examples/expression_closure.ml
camlp4/examples/expression_closure_filter.ml
camlp4/examples/expression_closure_test.ml
camlp4/examples/fancy_lambda_quot.ml
camlp4/examples/fancy_lambda_quot_test.ml
camlp4/examples/free_vars_test.ml
camlp4/examples/gen_match_case.ml
camlp4/examples/gen_type_N.ml
camlp4/examples/gettext_test.ml
camlp4/examples/global_handler.ml
camlp4/examples/global_handler_test.ml
camlp4/examples/lambda_parser.ml
camlp4/examples/lambda_quot.ml
camlp4/examples/lambda_quot_expr.ml
camlp4/examples/lambda_quot_patt.ml
camlp4/examples/lambda_test.ml
camlp4/examples/macros.ml
camlp4/examples/parse_files.ml
camlp4/examples/syb_fold.ml
camlp4/examples/syb_map.ml
camlp4/examples/test.itarget
camlp4/examples/test_macros.ml
camlp4/examples/test_type_quotation.ml
camlp4/examples/type_quotation.ml
camlp4/import/.keepme
camlp4/mkcamlp4.ml
camlp4/test/fixtures/assert.ml
camlp4/test/fixtures/backquoted_irrefutable_tuple.ml
camlp4/test/fixtures/backquoted_record.ml
camlp4/test/fixtures/backquoted_tuple.ml
camlp4/test/fixtures/big-tab1.ml
camlp4/test/fixtures/big-tab2.ml
camlp4/test/fixtures/big-tab3.ml
camlp4/test/fixtures/bug-4058.ml
camlp4/test/fixtures/bug-4337.ml
camlp4/test/fixtures/bug-by-vincent-balat.ml
camlp4/test/fixtures/bug-camlp4o-benjamin-monate.ml
camlp4/test/fixtures/bug-camlp4o-constr-arity-expr.ml
camlp4/test/fixtures/bug-camlp4o-constr-arity.ml
camlp4/test/fixtures/bug_escaping_quot.ml
camlp4/test/fixtures/chars.ml
camlp4/test/fixtures/class_expr_quot.ml
camlp4/test/fixtures/comments.ml
camlp4/test/fixtures/comments.mli
camlp4/test/fixtures/comments2.ml
camlp4/test/fixtures/constant-parser.ml
camlp4/test/fixtures/curry-constr.ml
camlp4/test/fixtures/default_quotation.ml
camlp4/test/fixtures/exception-with-eqn-bug.ml
camlp4/test/fixtures/external.ml
camlp4/test/fixtures/fun.ml
camlp4/test/fixtures/functor-perf.ml
camlp4/test/fixtures/functor-perf2.gen.ml
camlp4/test/fixtures/functor-perf2.ml
camlp4/test/fixtures/functor-perf3.ml
camlp4/test/fixtures/gen_map.ml
camlp4/test/fixtures/gram-fold.ml
camlp4/test/fixtures/gram-list.ml
camlp4/test/fixtures/gram-loc-lost.ml
camlp4/test/fixtures/gram-sub-rule.ml
camlp4/test/fixtures/gram-tree.ml
camlp4/test/fixtures/gram-tree2.ml
camlp4/test/fixtures/gram-tree3.ml
camlp4/test/fixtures/gram.ml
camlp4/test/fixtures/idents
camlp4/test/fixtures/idents1
camlp4/test/fixtures/idents2
camlp4/test/fixtures/if.ml
camlp4/test/fixtures/label.ml
camlp4/test/fixtures/lambda_free.ml
camlp4/test/fixtures/loc-bug.ml
camlp4/test/fixtures/macrotest.ml
camlp4/test/fixtures/macrotest.mli
camlp4/test/fixtures/macrotest2.ml
camlp4/test/fixtures/macrotest3.ml
camlp4/test/fixtures/make_extend.ml
camlp4/test/fixtures/match.ml
camlp4/test/fixtures/match_parser.ml
camlp4/test/fixtures/meta_multi_term.ml
camlp4/test/fixtures/metalib.ml
camlp4/test/fixtures/method_private_virtual.ml
camlp4/test/fixtures/mod.ml
camlp4/test/fixtures/mod2.ml
camlp4/test/fixtures/operators.ml
camlp4/test/fixtures/operators.mli
camlp4/test/fixtures/original_syntax.ml
camlp4/test/fixtures/outside-scope.ml
camlp4/test/fixtures/parser.ml
camlp4/test/fixtures/pp_let_in.ml
camlp4/test/fixtures/pp_let_in2.ml
camlp4/test/fixtures/pp_xml.ml
camlp4/test/fixtures/pprecordtyp.ml
camlp4/test/fixtures/pr4314.ml
camlp4/test/fixtures/pr4314gram1.ml
camlp4/test/fixtures/pr4314gram2.ml
camlp4/test/fixtures/pr4314gram3.ml
camlp4/test/fixtures/pr4314gram4.ml
camlp4/test/fixtures/pr4314gram5.ml
camlp4/test/fixtures/pr4329.ml
camlp4/test/fixtures/pr4330.ml
camlp4/test/fixtures/pr4357.ml
camlp4/test/fixtures/pr4357sample.ml
camlp4/test/fixtures/pr4357sample2.ml
camlp4/test/fixtures/pr4452.ml
camlp4/test/fixtures/private_row.ml
camlp4/test/fixtures/rec.ml
camlp4/test/fixtures/seq.ml
camlp4/test/fixtures/seq2.ml
camlp4/test/fixtures/simplify.ml
camlp4/test/fixtures/simplify_r.ml
camlp4/test/fixtures/stream-parser-bug.ml
camlp4/test/fixtures/string.ml
camlp4/test/fixtures/superfluous.ml
camlp4/test/fixtures/transform-examples.ml
camlp4/test/fixtures/try.ml
camlp4/test/fixtures/tuple_as_retval.ml
camlp4/test/fixtures/type.ml
camlp4/test/fixtures/type_decl.ml
camlp4/test/fixtures/unit.ml
camlp4/test/fixtures/use.ml
camlp4/test/fixtures/where.o.ml
camlp4/test/fixtures/where.r.ml
camlp4/unmaintained/Makefile
camlp4/unmaintained/compile/.depend
camlp4/unmaintained/compile/.ignore
camlp4/unmaintained/compile/Makefile
camlp4/unmaintained/compile/comp_head.ml
camlp4/unmaintained/compile/comp_trail.ml
camlp4/unmaintained/compile/compile.ml
camlp4/unmaintained/compile/compile.sh
camlp4/unmaintained/etc/.depend
camlp4/unmaintained/etc/.ignore
camlp4/unmaintained/etc/Makefile
camlp4/unmaintained/etc/pa_fstream.ml
camlp4/unmaintained/etc/pa_ifdef.ml
camlp4/unmaintained/etc/pa_oop.ml
camlp4/unmaintained/etc/pa_ru.ml
camlp4/unmaintained/etc/parserify.ml
camlp4/unmaintained/etc/parserify.mli
camlp4/unmaintained/etc/pr_depend.ml
camlp4/unmaintained/etc/pr_extend.ml
camlp4/unmaintained/etc/pr_extfun.ml
camlp4/unmaintained/etc/pr_null.ml
camlp4/unmaintained/etc/pr_op.ml
camlp4/unmaintained/etc/pr_op_main.ml
camlp4/unmaintained/etc/pr_rp.ml
camlp4/unmaintained/etc/pr_rp_main.ml
camlp4/unmaintained/etc/q_phony.ml
camlp4/unmaintained/extfold/README
camlp4/unmaintained/extfold/pa_extfold.ml
camlp4/unmaintained/format/.depend
camlp4/unmaintained/format/Makefile
camlp4/unmaintained/format/README
camlp4/unmaintained/format/pa_format.ml
camlp4/unmaintained/lefteval/.depend
camlp4/unmaintained/lefteval/Makefile
camlp4/unmaintained/lefteval/README
camlp4/unmaintained/lefteval/pa_lefteval.ml
camlp4/unmaintained/lib/.cvsignore
camlp4/unmaintained/lib/.depend
camlp4/unmaintained/lib/Makefile
camlp4/unmaintained/lib/extfun.ml
camlp4/unmaintained/lib/extfun.mli
camlp4/unmaintained/lib/fstream.ml
camlp4/unmaintained/lib/fstream.mli
camlp4/unmaintained/ocamllex/Makefile
camlp4/unmaintained/ocamllex/README
camlp4/unmaintained/ocamllex/pa_ocamllex.ml
camlp4/unmaintained/ocpp/.depend
camlp4/unmaintained/ocpp/.ignore
camlp4/unmaintained/ocpp/Makefile
camlp4/unmaintained/ocpp/ocpp.ml
camlp4/unmaintained/odyl/.depend
camlp4/unmaintained/odyl/.ignore
camlp4/unmaintained/odyl/Makefile
camlp4/unmaintained/odyl/odyl.ml
camlp4/unmaintained/odyl/odyl_main.mli
camlp4/unmaintained/olabl/.depend
camlp4/unmaintained/olabl/Makefile
camlp4/unmaintained/olabl/README
camlp4/unmaintained/olabl/pa_olabl.ml
camlp4/unmaintained/scheme/.depend
camlp4/unmaintained/scheme/Makefile
camlp4/unmaintained/scheme/README
camlp4/unmaintained/scheme/pa_scheme.ml
camlp4/unmaintained/scheme/pa_scheme.sc
camlp4/unmaintained/scheme/pr_scheme.ml
camlp4/unmaintained/scheme/pr_schp_main.ml
camlp4/unmaintained/sml/.depend
camlp4/unmaintained/sml/Makefile
camlp4/unmaintained/sml/README
camlp4/unmaintained/sml/pa_sml.ml
camlp4/unmaintained/sml/smllib.sml
configure
myocamlbuild.ml
HEAD is now at 87c6a6b allow to specify LIBDIR, BINDIR and PKGDIR at configuration time

=-=-=-=-=-=-=-=-=-=-=-=-=-=-= Installing packages -=-=-=-=-=-=-=-=-=-=-=-=-=-=-=
Building camlp4.4.02.0:
  ./configure --bindir=/home/opam/.opam/4.02.0+trunk/bin --libdir=/home/opam/.opam/4.02.0+trunk/lib/ocaml --pkgdir=/home/opam/.opam/4.02.0+trunk/lib
  make all
  make install install-META
ocamlbuild -classic-display -no-ocamlfind `./build/camlp4-byte-only.sh`
+ echo camlp4/Camlp4.cmo camlp4/Camlp4Top.cmo camlp4/camlp4prof.byte camlp4/mkcamlp4.byte camlp4/camlp4.byte camlp4/camlp4fulllib.cma camlp4/camlp4boot.byte camlp4/camlp4boot.cma camlp4/camlp4r.byte camlp4/camlp4r.cma camlp4/camlp4rf.byte camlp4/camlp4rf.cma camlp4/camlp4o.byte camlp4/camlp4o.cma camlp4/camlp4of.byte camlp4/camlp4of.cma camlp4/camlp4oof.byte camlp4/camlp4oof.cma camlp4/camlp4orf.byte camlp4/camlp4orf.cma camlp4/Camlp4Parsers/Camlp4AstLoader.cmo camlp4/Camlp4Parsers/Camlp4DebugParser.cmo camlp4/Camlp4Parsers/Camlp4GrammarParser.cmo camlp4/Camlp4Parsers/Camlp4ListComprehension.cmo camlp4/Camlp4Parsers/Camlp4MacroParser.cmo camlp4/Camlp4Parsers/Camlp4OCamlOriginalQuotationExpander.cmo camlp4/Camlp4Parsers/Camlp4OCamlParser.cmo camlp4/Camlp4Parsers/Camlp4OCamlParserParser.cmo camlp4/Camlp4Parsers/Camlp4OCamlReloadedParser.cmo camlp4/Camlp4Parsers/Camlp4OCamlRevisedParser.cmo camlp4/Camlp4Parsers/Camlp4OCamlRevisedParserParser.cmo camlp4/Camlp4Parsers/Camlp4OCamlRevisedQuotationExpander.cmo camlp4/Camlp4Parsers/Camlp4QuotationCommon.cmo camlp4/Camlp4Parsers/Camlp4QuotationExpander.cmo camlp4/Camlp4Printers/Camlp4AstDumper.cmo camlp4/Camlp4Printers/Camlp4AutoPrinter.cmo camlp4/Camlp4Printers/Camlp4NullDumper.cmo camlp4/Camlp4Printers/Camlp4OCamlAstDumper.cmo camlp4/Camlp4Printers/Camlp4OCamlPrinter.cmo camlp4/Camlp4Printers/Camlp4OCamlRevisedPrinter.cmo camlp4/Camlp4Filters/Camlp4AstLifter.cmo camlp4/Camlp4Filters/Camlp4ExceptionTracer.cmo camlp4/Camlp4Filters/Camlp4FoldGenerator.cmo camlp4/Camlp4Filters/Camlp4LocationStripper.cmo camlp4/Camlp4Filters/Camlp4MapGenerator.cmo camlp4/Camlp4Filters/Camlp4MetaGenerator.cmo camlp4/Camlp4Filters/Camlp4Profiler.cmo camlp4/Camlp4Filters/Camlp4TrashRemover.cmo
Failure: TODO.
make: *** [byte] Error 2
[ERROR] The compilation of camlp4.4.02.0 failed.
Removing camlp4.4.02.0.
  ocamlfind remove camlp4
  rm -rf /home/opam/.opam/4.02.0+trunk/lib/ocaml/camlp4
  rm -f /home/opam/.opam/4.02.0+trunk/bin/camlp4 /home/opam/.opam/4.02.0+trunk/bin/camlp4boot /home/opam/.opam/4.02.0+trunk/bin/mkcamlp4 /home/opam/.opam/4.02.0+trunk/bin/camlp4r /home/opam/.opam/4.02.0+trunk/bin/camlp4rf /home/opam/.opam/4.02.0+trunk/bin/camlp4orf /home/opam/.opam/4.02.0+trunk/bin/camlp4o /home/opam/.opam/4.02.0+trunk/bin/camlp4of /home/opam/.opam/4.02.0+trunk/bin/camlp4oof /home/opam/.opam/4.02.0+trunk/bin/camlp4prof
ocamlfind: [WARNING] No such directory: /home/opam/.opam/4.02.0+trunk/lib/camlp4
Building cmdliner.0.9.5:
  ocaml pkg/git.ml
  ocaml pkg/build.ml native=true native-dynlink=true
File "pkg/topkg-ext.ml", line 42, characters 12-25:
Warning 3: deprecated: String.create
Failure: TODO.
Removing cmdliner.0.9.5.
[ERROR] The compilation of cmdliner.0.9.5 failed.
  Nothing to do.
Copying ~/.opam/repo/default/packages/conf-gmp/conf-gmp.1/files/test.c to ~/.opam/4.02.0+trunk/build/conf-gmp.1/
Building conf-gmp.1:
  cc -c test.c
test.c:1:17: fatal error: gmp.h: No such file or directory
 #include <gmp.h>
                 ^
compilation terminated.
[ERROR] The compilation of conf-gmp.1 failed.
Removing conf-gmp.1.
  Nothing to do.
Building cryptokit-sha512.1.6.3:
  make
  make install
ocaml setup.ml -configure 
File "/home/vb/.opam/system/build/oasis.0.3.0/src/oasis/OASISString.ml", line 118, characters 8-26:
Warning 3: deprecated: String.set
File "/home/vb/.opam/system/build/oasis.0.3.0/src/oasis/OASISLibrary.ml", line 402, characters 6-24:
Warning 3: deprecated: Lazy.lazy_from_fun

Configuration: 
ocamlfind: ..................................... /home/opam/.opam/4.02.0+trunk/bin/ocamlfind
ocamlc: ........................................ /home/opam/.opam/4.02.0+trunk/bin/ocamlc.opt
ocamlopt: ...................................... /home/opam/.opam/4.02.0+trunk/bin/ocamlopt.opt
ocamlbuild: .................................... /home/opam/.opam/4.02.0+trunk/bin/ocamlbuild
Package name: .................................. cryptokit
Package version: ............................... 1.6
os_type: ....................................... Unix
system: ........................................ linux
architecture: .................................. amd64
ccomp_type: .................................... cc
ocaml_version: ................................. 4.02.0
standard_library_default: ...................... /home/opam/.opam/4.02.0+trunk/lib/ocaml
standard_library: .............................. /home/opam/.opam/4.02.0+trunk/lib/ocaml
standard_runtime: .............................. /home/opam/.opam/4.02.0+trunk/bin/ocamlrun
bytecomp_c_compiler: ........................... gcc -fno-defer-pop -Wall -D_FILE_OFFSET_BITS=64 -D_REENTRANT -fPIC
native_c_compiler: ............................. gcc -Wall -D_FILE_OFFSET_BITS=64 -D_REENTRANT
model: ......................................... default
ext_obj: ....................................... .o
ext_asm: ....................................... .s
ext_lib: ....................................... .a
ext_dll: ....................................... .so
default_executable_name: ....................... a.out
systhread_supported: ........................... true
Install architecture-independent files dir: .... /usr/local
Install architecture-dependent files in dir: ... $prefix
User executables: .............................. $exec_prefix/bin
System admin executables: ...................... $exec_prefix/sbin
Program executables: ........................... $exec_prefix/libexec
Read-only single-machine data: ................. $prefix/etc
Modifiable architecture-independent data: ...... $prefix/com
Modifiable single-machine data: ................ $prefix/var
Object code libraries: ......................... $exec_prefix/lib
Read-only arch-independent data root: .......... $prefix/share
Read-only architecture-independent data: ....... $datarootdir
Info documentation: ............................ $datarootdir/info
Locale-dependent data: ......................... $datarootdir/locale
Man documentation: ............................. $datarootdir/man
Documentation root: ............................ $datarootdir/doc/$pkg_name
HTML documentation: ............................ $docdir
DVI documentation: ............................. $docdir
PDF documentation: ............................. $docdir
PS documentation: .............................. $docdir
findlib_version: ............................... 1.5.2
is_native: ..................................... true
suffix_program: ................................ 
Remove a file.: ................................ rm -f
Remove a directory.: ........................... rm -rf
Turn ocaml debug flag on: ...................... true
Turn ocaml profile flag on: .................... false
Compiler support generation of .cmxs.: ......... true
OCamlbuild additional flags: ................... 
Enable ZLib: ................................... true
Build and run benchmark: ....................... false
ocamldoc: ...................................... /home/opam/.opam/4.02.0+trunk/bin/ocamldoc
pkg_unix: ...................................... /home/opam/.opam/4.02.0+trunk/lib/ocaml
pkg_num: ....................................... /home/opam/.opam/4.02.0+trunk/lib/num

ocaml setup.ml -build -classic-display
File "/home/vb/.opam/system/build/oasis.0.3.0/src/oasis/OASISString.ml", line 118, characters 8-26:
Warning 3: deprecated: String.set
File "/home/vb/.opam/system/build/oasis.0.3.0/src/oasis/OASISLibrary.ml", line 402, characters 6-24:
Warning 3: deprecated: Lazy.lazy_from_fun
Failure: TODO.
E: Failure("Command ''/home/opam/.opam/4.02.0+trunk/bin/ocamlbuild' src/libcryptokit_stubs.a src/dllcryptokit_stubs.so src/cryptokit.cma src/cryptokit.cmxa src/cryptokit.a src/cryptokit.cmxs test/test.byte -tag debug -classic-display' terminated with error code 2")
make: *** [build] Error 1
Removing cryptokit-sha512.1.6.3.
[ERROR] The compilation of cryptokit-sha512.1.6.3 failed.
  ocamlfind remove cryptokit
ocamlfind: [WARNING] No such directory: /home/opam/.opam/4.02.0+trunk/lib/cryptokit
Building ounit.2.0.0:
  make build
  make install
ocaml setup.ml -configure 
File "/home/gildor/programmation/oasis/src/oasis/OASISString.ml", line 118, characters 8-26:
Warning 3: deprecated: String.set
File "/home/gildor/programmation/oasis/src/oasis/OASISFindlib.ml", line 256, characters 6-24:
Warning 3: deprecated: Lazy.lazy_from_fun

Configuration: 
ocamlfind: ........................................... /home/opam/.opam/4.02.0+trunk/bin/ocamlfind
ocamlc: .............................................. /home/opam/.opam/4.02.0+trunk/bin/ocamlc.opt
ocamlopt: ............................................ /home/opam/.opam/4.02.0+trunk/bin/ocamlopt.opt
ocamlbuild: .......................................... /home/opam/.opam/4.02.0+trunk/bin/ocamlbuild
Package name: ........................................ ounit
Package version: ..................................... 2.0.0
os_type: ............................................. Unix
system: .............................................. linux
architecture: ........................................ amd64
ccomp_type: .......................................... cc
ocaml_version: ....................................... 4.02.0
standard_library_default: ............................ /home/opam/.opam/4.02.0+trunk/lib/ocaml
standard_library: .................................... /home/opam/.opam/4.02.0+trunk/lib/ocaml
standard_runtime: .................................... /home/opam/.opam/4.02.0+trunk/bin/ocamlrun
bytecomp_c_compiler: ................................. gcc -fno-defer-pop -Wall -D_FILE_OFFSET_BITS=64 -D_REENTRANT -fPIC
native_c_compiler: ................................... gcc -Wall -D_FILE_OFFSET_BITS=64 -D_REENTRANT
model: ............................................... default
ext_obj: ............................................. .o
ext_asm: ............................................. .s
ext_lib: ............................................. .a
ext_dll: ............................................. .so
default_executable_name: ............................. a.out
systhread_supported: ................................. true
Install architecture-independent files dir: .......... /usr/local
Install architecture-dependent files in dir: ......... $prefix
User executables: .................................... $exec_prefix/bin
System admin executables: ............................ $exec_prefix/sbin
Program executables: ................................. $exec_prefix/libexec
Read-only single-machine data: ....................... $prefix/etc
Modifiable architecture-independent data: ............ $prefix/com
Modifiable single-machine data: ...................... $prefix/var
Object code libraries: ............................... $exec_prefix/lib
Read-only arch-independent data root: ................ $prefix/share
Read-only architecture-independent data: ............. $datarootdir
Info documentation: .................................. $datarootdir/info
Locale-dependent data: ............................... $datarootdir/locale
Man documentation: ................................... $datarootdir/man
Documentation root: .................................. $datarootdir/doc/$pkg_name
HTML documentation: .................................. $docdir
DVI documentation: ................................... $docdir
PDF documentation: ................................... $docdir
PS documentation: .................................... $docdir
findlib_version: ..................................... 1.5.2
is_native: ........................................... true
suffix_program: ...................................... 
Remove a file.: ...................................... rm -f
Remove a directory.: ................................. rm -rf
Turn ocaml debug flag on: ............................ true
Turn ocaml profile flag on: .......................... false
Compiler support generation of .cmxs.: ............... true
OCamlbuild additional flags: ......................... 
Create documentations: ............................... true
Compile tests executable and library and run them: ... false
pkg_unix: ............................................ /home/opam/.opam/4.02.0+trunk/lib/ocaml
pkg_threads: ......................................... /home/opam/.opam/4.02.0+trunk/lib/ocaml
ocamldoc: ............................................ /home/opam/.opam/4.02.0+trunk/bin/ocamldoc

ocaml setup.ml -build 
File "/home/gildor/programmation/oasis/src/oasis/OASISString.ml", line 118, characters 8-26:
Warning 3: deprecated: String.set
File "/home/gildor/programmation/oasis/src/oasis/OASISFindlib.ml", line 256, characters 6-24:
Warning 3: deprecated: Lazy.lazy_from_fun
W: Cannot find source file matching module 'OUnitLoggerHTMLData' in library oUnitAdvanced
W: Cannot find source file matching module 'OUnitLoggerHTMLData' in library oUnitAdvanced
Failure: TODO.
E: Failure("Command ''/home/opam/.opam/4.02.0+trunk/bin/ocamlbuild' src/oUnitAdvanced.cma src/oUnitAdvanced.cmxa src/oUnitAdvanced.a src/oUnitAdvanced.cmxs src/oUnit.cma src/oUnit.cmxa src/oUnit.a src/oUnit.cmxs src/oUnitThreads.cma src/oUnitThreads.cmxa src/oUnitThreads.a src/oUnitThreads.cmxs -tag debug' terminated with error code 2")
make: *** [build] Error 1
[ERROR] The compilation of ounit.2.0.0 failed.
Removing ounit.2.0.0.
  ocamlfind remove oUnit
ocamlfind: [WARNING] No such directory: /home/opam/.opam/4.02.0+trunk/lib/oUnit
Building qcheck.0.2:
  ocaml setup.ml -configure --prefix /home/opam/.opam/4.02.0+trunk
  make all install_file
  make install
File "setup.ml", line 213, characters 8-26:
Warning 3: deprecated: String.set
File "setup.ml", line 1793, characters 6-24:
Warning 3: deprecated: Lazy.lazy_from_fun

Configuration: 
ocamlfind: ........................................... /home/opam/.opam/4.02.0+trunk/bin/ocamlfind
ocamlc: .............................................. /home/opam/.opam/4.02.0+trunk/bin/ocamlc.opt
ocamlopt: ............................................ /home/opam/.opam/4.02.0+trunk/bin/ocamlopt.opt
ocamlbuild: .......................................... /home/opam/.opam/4.02.0+trunk/bin/ocamlbuild
Package name: ........................................ qcheck
Package version: ..................................... 0.2
os_type: ............................................. Unix
system: .............................................. linux
architecture: ........................................ amd64
ccomp_type: .......................................... cc
ocaml_version: ....................................... 4.02.0
standard_library_default: ............................ /home/opam/.opam/4.02.0+trunk/lib/ocaml
standard_library: .................................... /home/opam/.opam/4.02.0+trunk/lib/ocaml
standard_runtime: .................................... /home/opam/.opam/4.02.0+trunk/bin/ocamlrun
bytecomp_c_compiler: ................................. gcc -fno-defer-pop -Wall -D_FILE_OFFSET_BITS=64 -D_REENTRANT -fPIC
native_c_compiler: ................................... gcc -Wall -D_FILE_OFFSET_BITS=64 -D_REENTRANT
model: ............................................... default
ext_obj: ............................................. .o
ext_asm: ............................................. .s
ext_lib: ............................................. .a
ext_dll: ............................................. .so
default_executable_name: ............................. a.out
systhread_supported: ................................. true
Install architecture-independent files dir: .......... /home/opam/.opam/4.02.0+trunk
Install architecture-dependent files in dir: ......... $prefix
User executables: .................................... $exec_prefix/bin
System admin executables: ............................ $exec_prefix/sbin
Program executables: ................................. $exec_prefix/libexec
Read-only single-machine data: ....................... $prefix/etc
Modifiable architecture-independent data: ............ $prefix/com
Modifiable single-machine data: ...................... $prefix/var
Object code libraries: ............................... $exec_prefix/lib
Read-only arch-independent data root: ................ $prefix/share
Read-only architecture-independent data: ............. $datarootdir
Info documentation: .................................. $datarootdir/info
Locale-dependent data: ............................... $datarootdir/locale
Man documentation: ................................... $datarootdir/man
Documentation root: .................................. $datarootdir/doc/$pkg_name
HTML documentation: .................................. $docdir
DVI documentation: ................................... $docdir
PDF documentation: ................................... $docdir
PS documentation: .................................... $docdir
findlib_version: ..................................... 1.5.2
is_native: ........................................... true
suffix_program: ...................................... 
Remove a file.: ...................................... rm -f
Remove a directory.: ................................. rm -rf
Turn ocaml debug flag on: ............................ true
Turn ocaml profile flag on: .......................... false
Compiler support generation of .cmxs.: ............... true
OCamlbuild additional flags: ......................... 
Create documentations: ............................... true
Compile tests executable and library and run them: ... false
pkg_unix: ............................................ /home/opam/.opam/4.02.0+trunk/lib/ocaml
ocamldoc: ............................................ /home/opam/.opam/4.02.0+trunk/bin/ocamldoc

ocaml setup.ml -all 
File "setup.ml", line 213, characters 8-26:
Warning 3: deprecated: String.set
File "setup.ml", line 1793, characters 6-24:
Warning 3: deprecated: Lazy.lazy_from_fun

Configuration: 
ocamlfind: ........................................... /home/opam/.opam/4.02.0+trunk/bin/ocamlfind
ocamlc: .............................................. /home/opam/.opam/4.02.0+trunk/bin/ocamlc.opt
ocamlopt: ............................................ /home/opam/.opam/4.02.0+trunk/bin/ocamlopt.opt
ocamlbuild: .......................................... /home/opam/.opam/4.02.0+trunk/bin/ocamlbuild
Package name: ........................................ qcheck
Package version: ..................................... 0.2
os_type: ............................................. Unix
system: .............................................. linux
architecture: ........................................ amd64
ccomp_type: .......................................... cc
ocaml_version: ....................................... 4.02.0
standard_library_default: ............................ /home/opam/.opam/4.02.0+trunk/lib/ocaml
standard_library: .................................... /home/opam/.opam/4.02.0+trunk/lib/ocaml
standard_runtime: .................................... /home/opam/.opam/4.02.0+trunk/bin/ocamlrun
bytecomp_c_compiler: ................................. gcc -fno-defer-pop -Wall -D_FILE_OFFSET_BITS=64 -D_REENTRANT -fPIC
native_c_compiler: ................................... gcc -Wall -D_FILE_OFFSET_BITS=64 -D_REENTRANT
model: ............................................... default
ext_obj: ............................................. .o
ext_asm: ............................................. .s
ext_lib: ............................................. .a
ext_dll: ............................................. .so
default_executable_name: ............................. a.out
systhread_supported: ................................. true
Install architecture-independent files dir: .......... /home/opam/.opam/4.02.0+trunk
Install architecture-dependent files in dir: ......... $prefix
User executables: .................................... $exec_prefix/bin
System admin executables: ............................ $exec_prefix/sbin
Program executables: ................................. $exec_prefix/libexec
Read-only single-machine data: ....................... $prefix/etc
Modifiable architecture-independent data: ............ $prefix/com
Modifiable single-machine data: ...................... $prefix/var
Object code libraries: ............................... $exec_prefix/lib
Read-only arch-independent data root: ................ $prefix/share
Read-only architecture-independent data: ............. $datarootdir
Info documentation: .................................. $datarootdir/info
Locale-dependent data: ............................... $datarootdir/locale
Man documentation: ................................... $datarootdir/man
Documentation root: .................................. $datarootdir/doc/$pkg_name
HTML documentation: .................................. $docdir
DVI documentation: ................................... $docdir
PDF documentation: ................................... $docdir
PS documentation: .................................... $docdir
findlib_version: ..................................... 1.5.2
is_native: ........................................... true
suffix_program: ...................................... 
Remove a file.: ...................................... rm -f
Remove a directory.: ................................. rm -rf
Turn ocaml debug flag on: ............................ true
Turn ocaml profile flag on: .......................... false
Compiler support generation of .cmxs.: ............... true
OCamlbuild additional flags: ......................... 
Create documentations: ............................... true
Compile tests executable and library and run them: ... false
pkg_unix: ............................................ /home/opam/.opam/4.02.0+trunk/lib/ocaml
ocamldoc: ............................................ /home/opam/.opam/4.02.0+trunk/bin/ocamldoc

Failure: TODO.
E: Failure("Command ''/home/opam/.opam/4.02.0+trunk/bin/ocamlbuild' qcheck.cma qcheck.cmxa qcheck.a qcheck.cmxs -tag debug' terminated with error code 2")
make: *** [all] Error 1
Removing qcheck.0.2.
[ERROR] The compilation of qcheck.0.2 failed.
  ocamlfind remove qcheck
ocamlfind: [WARNING] No such directory: /home/opam/.opam/4.02.0+trunk/lib/qcheck
Building re.1.2.2:
  ocaml setup.ml -configure --prefix /home/opam/.opam/4.02.0+trunk
  ocaml setup.ml -build
  ocaml setup.ml -install
File "setup.ml", line 247, characters 8-26:
Warning 3: deprecated: String.set
File "setup.ml", line 2502, characters 6-24:
Warning 3: deprecated: Lazy.lazy_from_fun

Configuration: 
ocamlfind: ........................................... /home/opam/.opam/4.02.0+trunk/bin/ocamlfind
ocamlc: .............................................. /home/opam/.opam/4.02.0+trunk/bin/ocamlc.opt
ocamlopt: ............................................ /home/opam/.opam/4.02.0+trunk/bin/ocamlopt.opt
ocamlbuild: .......................................... /home/opam/.opam/4.02.0+trunk/bin/ocamlbuild
Package name: ........................................ re
Package version: ..................................... 1.2.1
os_type: ............................................. Unix
system: .............................................. linux
architecture: ........................................ amd64
ccomp_type: .......................................... cc
ocaml_version: ....................................... 4.02.0
standard_library_default: ............................ /home/opam/.opam/4.02.0+trunk/lib/ocaml
standard_library: .................................... /home/opam/.opam/4.02.0+trunk/lib/ocaml
standard_runtime: .................................... /home/opam/.opam/4.02.0+trunk/bin/ocamlrun
bytecomp_c_compiler: ................................. gcc -fno-defer-pop -Wall -D_FILE_OFFSET_BITS=64 -D_REENTRANT -fPIC
native_c_compiler: ................................... gcc -Wall -D_FILE_OFFSET_BITS=64 -D_REENTRANT
model: ............................................... default
ext_obj: ............................................. .o
ext_asm: ............................................. .s
ext_lib: ............................................. .a
ext_dll: ............................................. .so
default_executable_name: ............................. a.out
systhread_supported: ................................. true
Install architecture-independent files dir: .......... /home/opam/.opam/4.02.0+trunk
Install architecture-dependent files in dir: ......... $prefix
User executables: .................................... $exec_prefix/bin
System admin executables: ............................ $exec_prefix/sbin
Program executables: ................................. $exec_prefix/libexec
Read-only single-machine data: ....................... $prefix/etc
Modifiable architecture-independent data: ............ $prefix/com
Modifiable single-machine data: ...................... $prefix/var
Object code libraries: ............................... $exec_prefix/lib
Read-only arch-independent data root: ................ $prefix/share
Read-only architecture-independent data: ............. $datarootdir
Info documentation: .................................. $datarootdir/info
Locale-dependent data: ............................... $datarootdir/locale
Man documentation: ................................... $datarootdir/man
Documentation root: .................................. $datarootdir/doc/$pkg_name
HTML documentation: .................................. $docdir
DVI documentation: ................................... $docdir
PDF documentation: ................................... $docdir
PS documentation: .................................... $docdir
findlib_version: ..................................... 1.5.2
is_native: ........................................... true
suffix_program: ...................................... 
Remove a file.: ...................................... rm -f
Remove a directory.: ................................. rm -rf
Turn ocaml debug flag on: ............................ true
Turn ocaml profile flag on: .......................... false
Compiler support generation of .cmxs.: ............... true
OCamlbuild additional flags: ......................... 
Create documentations: ............................... true
Compile tests executable and library and run them: ... false
ocamldoc: ............................................ /home/opam/.opam/4.02.0+trunk/bin/ocamldoc

File "setup.ml", line 247, characters 8-26:
Warning 3: deprecated: String.set
File "setup.ml", line 2502, characters 6-24:
Warning 3: deprecated: Lazy.lazy_from_fun
Failure: TODO.
E: Failure("Command ''/home/opam/.opam/4.02.0+trunk/bin/ocamlbuild' lib/re.cma lib/re.cmxa lib/re.a lib/re.cmxs lib/re_emacs.cma lib/re_emacs.cmxa lib/re_emacs.a lib/re_emacs.cmxs lib/re_str.cma lib/re_str.cmxa lib/re_str.a lib/re_str.cmxs lib/re_posix.cma lib/re_posix.cmxa lib/re_posix.a lib/re_posix.cmxs lib/re_glob.cma lib/re_glob.cmxa lib/re_glob.a lib/re_glob.cmxs lib/re_perl.cma lib/re_perl.cmxa lib/re_perl.a lib/re_perl.cmxs lib/re_pcre.cma lib/re_pcre.cmxa lib/re_pcre.a lib/re_pcre.cmxs -tag debug' terminated with error code 2")
[ERROR] The compilation of re.1.2.2 failed.
Removing re.1.2.2.
  ocamlfind remove re
ocamlfind: [WARNING] No such directory: /home/opam/.opam/4.02.0+trunk/lib/re
Copying ~/.opam/repo/default/packages/ssl/ssl.0.4.7/files/pkgconfigure to ~/.opam/4.02.0+trunk/build/ssl.0.4.7/
Building ssl.0.4.7:
  ./configure --prefix /home/opam/.opam/4.02.0+trunk
  make
  make install
configuring ocaml-ssl 0.4.7
checking for gcc... gcc
checking whether the C compiler works... yes
checking for C compiler default output file name... a.out
checking for suffix of executables... 
checking whether we are cross compiling... no
checking for suffix of object files... o
checking whether we are using the GNU C compiler... yes
checking whether gcc accepts -g... yes
checking for gcc option to accept ISO C89... none needed
checking for pthread_create in -lpthread... yes
checking for ocamlc... /home/opam/.opam/4.02.0+trunk/bin/ocamlc
ocaml version is 4.02.0+dev13-2014-08-18
ocaml library path is /home/opam/.opam/4.02.0+trunk/lib/ocaml
checking for ocamlopt... /home/opam/.opam/4.02.0+trunk/bin/ocamlopt
checking ocamlopt version... ok
checking for ocamlc.opt... /home/opam/.opam/4.02.0+trunk/bin/ocamlc.opt
checking ocamlc.opt version... ok
checking for ocamlopt.opt... /home/opam/.opam/4.02.0+trunk/bin/ocamlopt.opt
checking ocamlc.opt version... ok
checking for ocamldep... /home/opam/.opam/4.02.0+trunk/bin/ocamldep
checking for ocamllex... /home/opam/.opam/4.02.0+trunk/bin/ocamllex
checking for ocamlyacc... /home/opam/.opam/4.02.0+trunk/bin/ocamlyacc
checking for ocamldoc... /home/opam/.opam/4.02.0+trunk/bin/ocamldoc
checking for ocamlmktop... /home/opam/.opam/4.02.0+trunk/bin/ocamlmktop
checking for gcc... (cached) gcc
checking whether we are using the GNU C compiler... (cached) yes
checking whether gcc accepts -g... (cached) yes
checking for gcc option to accept ISO C89... (cached) none needed
checking for SSL_new in -lssl... no
configure: error: Cannot find libssl.
[ERROR] The compilation of ssl.0.4.7 failed.
Removing ssl.0.4.7.
  ocamlfind remove ssl
ocamlfind: [WARNING] No such directory: /home/opam/.opam/4.02.0+trunk/lib/ssl
Building stringext.1.0.0:
  ocaml setup.ml -configure
  ocaml setup.ml -build
  ocaml setup.ml -install
File "setup.ml", line 247, characters 8-26:
Warning 3: deprecated: String.set
File "setup.ml", line 2502, characters 6-24:
Warning 3: deprecated: Lazy.lazy_from_fun

Configuration: 
ocamlfind: ........................................... /home/opam/.opam/4.02.0+trunk/bin/ocamlfind
ocamlc: .............................................. /home/opam/.opam/4.02.0+trunk/bin/ocamlc.opt
ocamlopt: ............................................ /home/opam/.opam/4.02.0+trunk/bin/ocamlopt.opt
ocamlbuild: .......................................... /home/opam/.opam/4.02.0+trunk/bin/ocamlbuild
Package name: ........................................ Stringext
Package version: ..................................... 1.0.0
os_type: ............................................. Unix
system: .............................................. linux
architecture: ........................................ amd64
ccomp_type: .......................................... cc
ocaml_version: ....................................... 4.02.0
standard_library_default: ............................ /home/opam/.opam/4.02.0+trunk/lib/ocaml
standard_library: .................................... /home/opam/.opam/4.02.0+trunk/lib/ocaml
standard_runtime: .................................... /home/opam/.opam/4.02.0+trunk/bin/ocamlrun
bytecomp_c_compiler: ................................. gcc -fno-defer-pop -Wall -D_FILE_OFFSET_BITS=64 -D_REENTRANT -fPIC
native_c_compiler: ................................... gcc -Wall -D_FILE_OFFSET_BITS=64 -D_REENTRANT
model: ............................................... default
ext_obj: ............................................. .o
ext_asm: ............................................. .s
ext_lib: ............................................. .a
ext_dll: ............................................. .so
default_executable_name: ............................. a.out
systhread_supported: ................................. true
Install architecture-independent files dir: .......... /usr/local
Install architecture-dependent files in dir: ......... $prefix
User executables: .................................... $exec_prefix/bin
System admin executables: ............................ $exec_prefix/sbin
Program executables: ................................. $exec_prefix/libexec
Read-only single-machine data: ....................... $prefix/etc
Modifiable architecture-independent data: ............ $prefix/com
Modifiable single-machine data: ...................... $prefix/var
Object code libraries: ............................... $exec_prefix/lib
Read-only arch-independent data root: ................ $prefix/share
Read-only architecture-independent data: ............. $datarootdir
Info documentation: .................................. $datarootdir/info
Locale-dependent data: ............................... $datarootdir/locale
Man documentation: ................................... $datarootdir/man
Documentation root: .................................. $datarootdir/doc/$pkg_name
HTML documentation: .................................. $docdir
DVI documentation: ................................... $docdir
PDF documentation: ................................... $docdir
PS documentation: .................................... $docdir
findlib_version: ..................................... 1.5.2
is_native: ........................................... true
suffix_program: ...................................... 
Remove a file.: ...................................... rm -f
Remove a directory.: ................................. rm -rf
Turn ocaml debug flag on: ............................ true
Turn ocaml profile flag on: .......................... false
Compiler support generation of .cmxs.: ............... true
OCamlbuild additional flags: ......................... 
Create documentations: ............................... true
Compile tests executable and library and run them: ... false

File "setup.ml", line 247, characters 8-26:
Warning 3: deprecated: String.set
File "setup.ml", line 2502, characters 6-24:
Warning 3: deprecated: Lazy.lazy_from_fun
Failure: TODO.
E: Failure("Command ''/home/opam/.opam/4.02.0+trunk/bin/ocamlbuild' lib/stringext.cma lib/stringext.cmxa lib/stringext.a lib/stringext.cmxs -tag debug' terminated with error code 2")
[ERROR] The compilation of stringext.1.0.0 failed.
Removing stringext.1.0.0.
  ocamlfind remove stringext
ocamlfind: [WARNING] No such directory: /home/opam/.opam/4.02.0+trunk/lib/stringext


#==================== ERROR while installing camlp4.4.02.0 ====================#
# opam-version         1.2.0~beta4
# os                   linux
# command              make all
# path                 /home/opam/.opam/4.02.0+trunk/build/camlp4.4.02.0
# compiler             4.02.0+trunk
# exit-code            2
# env-file             /home/opam/.opam/4.02.0+trunk/build/camlp4.4.02.0/camlp4-772-2dea01.env
# stdout-file          /home/opam/.opam/4.02.0+trunk/build/camlp4.4.02.0/camlp4-772-2dea01.out
# stderr-file          /home/opam/.opam/4.02.0+trunk/build/camlp4.4.02.0/camlp4-772-2dea01.err
### stdout ###
# ocamlbuild -classic-display -no-ocamlfind `./build/camlp4-byte-only.sh`
# Failure: TODO.
### stderr ###
# + echo camlp4/Camlp4.cmo camlp4/Camlp4Top.cmo camlp4/camlp4prof.byte camlp4/mkcamlp4.byte camlp4/camlp4.byte camlp4/camlp4fulllib.cma camlp4/camlp4boot.byte camlp4/camlp4boot.cma camlp4/camlp4r.byte camlp4/camlp4r.cma camlp4/camlp4rf.byte camlp4/camlp4rf.cma camlp4/camlp4o.byte camlp4/camlp4o.cma camlp4/camlp4of.byte camlp4/camlp4of.cma camlp4/camlp4oof.byte camlp4/camlp4oof.cma camlp4/camlp4orf.b...[truncated]
# make: *** [byte] Error 2


#=================== ERROR while installing cmdliner.0.9.5 ====================#
# opam-version         1.2.0~beta4
# os                   linux
# command              ocaml pkg/build.ml native=true native-dynlink=true
# path                 /home/opam/.opam/4.02.0+trunk/build/cmdliner.0.9.5
# compiler             4.02.0+trunk
# exit-code            2
# env-file             /home/opam/.opam/4.02.0+trunk/build/cmdliner.0.9.5/cmdliner-849-ad6566.env
# stdout-file          /home/opam/.opam/4.02.0+trunk/build/cmdliner.0.9.5/cmdliner-849-ad6566.out
# stderr-file          /home/opam/.opam/4.02.0+trunk/build/cmdliner.0.9.5/cmdliner-849-ad6566.err
### stdout ###
# Failure: TODO.
### stderr ###
# File "pkg/topkg-ext.ml", line 42, characters 12-25:
# Warning 3: deprecated: String.create


#===================== ERROR while installing conf-gmp.1 ======================#
# opam-version         1.2.0~beta4
# os                   linux
# command              cc -c test.c
# path                 /home/opam/.opam/4.02.0+trunk/build/conf-gmp.1
# compiler             4.02.0+trunk
# exit-code            1
# env-file             /home/opam/.opam/4.02.0+trunk/build/conf-gmp.1/conf-gmp-881-b76d46.env
# stdout-file          /home/opam/.opam/4.02.0+trunk/build/conf-gmp.1/conf-gmp-881-b76d46.out
# stderr-file          /home/opam/.opam/4.02.0+trunk/build/conf-gmp.1/conf-gmp-881-b76d46.err
### stderr ###
# test.c:1:17: fatal error: gmp.h: No such file or directory
#  #include <gmp.h>
#                  ^
# compilation terminated.


#=============== ERROR while installing cryptokit-sha512.1.6.3 ================#
# opam-version         1.2.0~beta4
# os                   linux
# command              make
# path                 /home/opam/.opam/4.02.0+trunk/build/cryptokit-sha512.1.6.3
# compiler             4.02.0+trunk
# exit-code            2
# env-file             /home/opam/.opam/4.02.0+trunk/build/cryptokit-sha512.1.6.3/cryptokit-sha512-898-8b8a2d.env
# stdout-file          /home/opam/.opam/4.02.0+trunk/build/cryptokit-sha512.1.6.3/cryptokit-sha512-898-8b8a2d.out
# stderr-file          /home/opam/.opam/4.02.0+trunk/build/cryptokit-sha512.1.6.3/cryptokit-sha512-898-8b8a2d.err
### stdout ###
# ...[truncated]
# Compiler support generation of .cmxs.: ......... true
# OCamlbuild additional flags: ................... 
# Enable ZLib: ................................... true
# Build and run benchmark: ....................... false
# ocamldoc: ...................................... /home/opam/.opam/4.02.0+trunk/bin/ocamldoc
# pkg_unix: ...................................... /home/opam/.opam/4.02.0+trunk/lib/ocaml
# pkg_num: ....................................... /home/opam/.opam/4.02.0+trunk/lib/num
# 
# ocaml setup.ml -build -classic-display
# Failure: TODO.
### stderr ###
# ...[truncated]
# File "/home/vb/.opam/system/build/oasis.0.3.0/src/oasis/OASISString.ml", line 118, characters 8-26:
# Warning 3: deprecated: String.set
# File "/home/vb/.opam/system/build/oasis.0.3.0/src/oasis/OASISLibrary.ml", line 402, characters 6-24:
# Warning 3: deprecated: Lazy.lazy_from_fun
# File "/home/vb/.opam/system/build/oasis.0.3.0/src/oasis/OASISString.ml", line 118, characters 8-26:
# Warning 3: deprecated: String.set
# File "/home/vb/.opam/system/build/oasis.0.3.0/src/oasis/OASISLibrary.ml", line 402, characters 6-24:
# Warning 3: deprecated: Lazy.lazy_from_fun
# E: Failure("Command ''/home/opam/.opam/4.02.0+trunk/bin/ocamlbuild' src/libcryptokit_stubs.a src/dllcryptokit_stubs.so src/cryptokit.cma src/cryptokit.cmxa src/cryptokit.a src/cryptokit.cmxs test/test.byte -tag debug -classic-display' terminated with error code 2")
# make: *** [build] Error 1


#===================== ERROR while installing ounit.2.0.0 =====================#
# opam-version         1.2.0~beta4
# os                   linux
# command              make build
# path                 /home/opam/.opam/4.02.0+trunk/build/ounit.2.0.0
# compiler             4.02.0+trunk
# exit-code            2
# env-file             /home/opam/.opam/4.02.0+trunk/build/ounit.2.0.0/ounit-952-d474c2.env
# stdout-file          /home/opam/.opam/4.02.0+trunk/build/ounit.2.0.0/ounit-952-d474c2.out
# stderr-file          /home/opam/.opam/4.02.0+trunk/build/ounit.2.0.0/ounit-952-d474c2.err
### stdout ###
# ...[truncated]
# Compiler support generation of .cmxs.: ............... true
# OCamlbuild additional flags: ......................... 
# Create documentations: ............................... true
# Compile tests executable and library and run them: ... false
# pkg_unix: ............................................ /home/opam/.opam/4.02.0+trunk/lib/ocaml
# pkg_threads: ......................................... /home/opam/.opam/4.02.0+trunk/lib/ocaml
# ocamldoc: ............................................ /home/opam/.opam/4.02.0+trunk/bin/ocamldoc
# 
# ocaml setup.ml -build 
# Failure: TODO.
### stderr ###
# ...[truncated]
# File "/home/gildor/programmation/oasis/src/oasis/OASISFindlib.ml", line 256, characters 6-24:
# Warning 3: deprecated: Lazy.lazy_from_fun
# File "/home/gildor/programmation/oasis/src/oasis/OASISString.ml", line 118, characters 8-26:
# Warning 3: deprecated: String.set
# File "/home/gildor/programmation/oasis/src/oasis/OASISFindlib.ml", line 256, characters 6-24:
# Warning 3: deprecated: Lazy.lazy_from_fun
# W: Cannot find source file matching module 'OUnitLoggerHTMLData' in library oUnitAdvanced
# W: Cannot find source file matching module 'OUnitLoggerHTMLData' in library oUnitAdvanced
# E: Failure("Command ''/home/opam/.opam/4.02.0+trunk/bin/ocamlbuild' src/oUnitAdvanced.cma src/oUnitAdvanced.cmxa src/oUnitAdvanced.a src/oUnitAdvanced.cmxs src/oUnit.cma src/oUnit.cmxa src/oUnit.a src/oUnit.cmxs src/oUnitThreads.cma src/oUnitThreads.cmxa src/oUnitThreads.a src/oUnitThreads.cmxs -tag debug' terminated with error code 2")
# make: *** [build] Error 1


#===================== ERROR while installing qcheck.0.2 ======================#
# opam-version         1.2.0~beta4
# os                   linux
# command              make all install_file
# path                 /home/opam/.opam/4.02.0+trunk/build/qcheck.0.2
# compiler             4.02.0+trunk
# exit-code            2
# env-file             /home/opam/.opam/4.02.0+trunk/build/qcheck.0.2/qcheck-1008-dc6e87.env
# stdout-file          /home/opam/.opam/4.02.0+trunk/build/qcheck.0.2/qcheck-1008-dc6e87.out
# stderr-file          /home/opam/.opam/4.02.0+trunk/build/qcheck.0.2/qcheck-1008-dc6e87.err
### stdout ###
# ...[truncated]
# Turn ocaml debug flag on: ............................ true
# Turn ocaml profile flag on: .......................... false
# Compiler support generation of .cmxs.: ............... true
# OCamlbuild additional flags: ......................... 
# Create documentations: ............................... true
# Compile tests executable and library and run them: ... false
# pkg_unix: ............................................ /home/opam/.opam/4.02.0+trunk/lib/ocaml
# ocamldoc: ............................................ /home/opam/.opam/4.02.0+trunk/bin/ocamldoc
# 
# Failure: TODO.
### stderr ###
# ...[truncated]
# File "setup.ml", line 213, characters 8-26:
# Warning 3: deprecated: String.set
# File "setup.ml", line 1793, characters 6-24:
# Warning 3: deprecated: Lazy.lazy_from_fun
# File "setup.ml", line 213, characters 8-26:
# Warning 3: deprecated: String.set
# File "setup.ml", line 1793, characters 6-24:
# Warning 3: deprecated: Lazy.lazy_from_fun
# E: Failure("Command ''/home/opam/.opam/4.02.0+trunk/bin/ocamlbuild' qcheck.cma qcheck.cmxa qcheck.a qcheck.cmxs -tag debug' terminated with error code 2")
# make: *** [all] Error 1


#====================== ERROR while installing re.1.2.2 =======================#
# opam-version         1.2.0~beta4
# os                   linux
# command              ocaml setup.ml -build
# path                 /home/opam/.opam/4.02.0+trunk/build/re.1.2.2
# compiler             4.02.0+trunk
# exit-code            1
# env-file             /home/opam/.opam/4.02.0+trunk/build/re.1.2.2/re-1065-d4902a.env
# stdout-file          /home/opam/.opam/4.02.0+trunk/build/re.1.2.2/re-1065-d4902a.out
# stderr-file          /home/opam/.opam/4.02.0+trunk/build/re.1.2.2/re-1065-d4902a.err
### stdout ###
# ...[truncated]
# Remove a directory.: ................................. rm -rf
# Turn ocaml debug flag on: ............................ true
# Turn ocaml profile flag on: .......................... false
# Compiler support generation of .cmxs.: ............... true
# OCamlbuild additional flags: ......................... 
# Create documentations: ............................... true
# Compile tests executable and library and run them: ... false
# ocamldoc: ............................................ /home/opam/.opam/4.02.0+trunk/bin/ocamldoc
# 
# Failure: TODO.
### stderr ###
# File "setup.ml", line 247, characters 8-26:
# Warning 3: deprecated: String.set
# File "setup.ml", line 2502, characters 6-24:
# Warning 3: deprecated: Lazy.lazy_from_fun
# File "setup.ml", line 247, characters 8-26:
# Warning 3: deprecated: String.set
# File "setup.ml", line 2502, characters 6-24:
# Warning 3: deprecated: Lazy.lazy_from_fun
# E: Failure("Command ''/home/opam/.opam/4.02.0+trunk/bin/ocamlbuild' lib/re.cma lib/re.cmxa lib/re.a lib/re.cmxs lib/re_emacs.cma lib/re_emacs.cmxa lib/re_emacs.a lib/re_emacs.cmxs lib/re_str.cma lib/re_str.cmxa lib/re_str.a lib/re_str.cmxs lib/re_posix.cma lib/re_posix.cmxa lib/re_posix.a lib/re_posix.cmxs lib/re_glob.cma lib/re_glob.cmxa lib/re_glob.a lib/re_glob.cmxs lib/re_perl.cma lib/re_perl....[truncated]


#====================== ERROR while installing ssl.0.4.7 ======================#
# opam-version         1.2.0~beta4
# os                   linux
# command              ./configure --prefix /home/opam/.opam/4.02.0+trunk
# path                 /home/opam/.opam/4.02.0+trunk/build/ssl.0.4.7
# compiler             4.02.0+trunk
# exit-code            1
# env-file             /home/opam/.opam/4.02.0+trunk/build/ssl.0.4.7/ssl-1117-03b1a4.env
# stdout-file          /home/opam/.opam/4.02.0+trunk/build/ssl.0.4.7/ssl-1117-03b1a4.out
# stderr-file          /home/opam/.opam/4.02.0+trunk/build/ssl.0.4.7/ssl-1117-03b1a4.err
### stdout ###
# ...[truncated]
# checking for ocamldep... /home/opam/.opam/4.02.0+trunk/bin/ocamldep
# checking for ocamllex... /home/opam/.opam/4.02.0+trunk/bin/ocamllex
# checking for ocamlyacc... /home/opam/.opam/4.02.0+trunk/bin/ocamlyacc
# checking for ocamldoc... /home/opam/.opam/4.02.0+trunk/bin/ocamldoc
# checking for ocamlmktop... /home/opam/.opam/4.02.0+trunk/bin/ocamlmktop
# checking for gcc... (cached) gcc
# checking whether we are using the GNU C compiler... (cached) yes
# checking whether gcc accepts -g... (cached) yes
# checking for gcc option to accept ISO C89... (cached) none needed
# checking for SSL_new in -lssl... no
### stderr ###
# configure: error: Cannot find libssl.


#=================== ERROR while installing stringext.1.0.0 ===================#
# opam-version         1.2.0~beta4
# os                   linux
# command              ocaml setup.ml -build
# path                 /home/opam/.opam/4.02.0+trunk/build/stringext.1.0.0
# compiler             4.02.0+trunk
# exit-code            1
# env-file             /home/opam/.opam/4.02.0+trunk/build/stringext.1.0.0/stringext-1434-48c407.env
# stdout-file          /home/opam/.opam/4.02.0+trunk/build/stringext.1.0.0/stringext-1434-48c407.out
# stderr-file          /home/opam/.opam/4.02.0+trunk/build/stringext.1.0.0/stringext-1434-48c407.err
### stdout ###
# ...[truncated]
# Remove a file.: ...................................... rm -f
# Remove a directory.: ................................. rm -rf
# Turn ocaml debug flag on: ............................ true
# Turn ocaml profile flag on: .......................... false
# Compiler support generation of .cmxs.: ............... true
# OCamlbuild additional flags: ......................... 
# Create documentations: ............................... true
# Compile tests executable and library and run them: ... false
# 
# Failure: TODO.
### stderr ###
# File "setup.ml", line 247, characters 8-26:
# Warning 3: deprecated: String.set
# File "setup.ml", line 2502, characters 6-24:
# Warning 3: deprecated: Lazy.lazy_from_fun
# File "setup.ml", line 247, characters 8-26:
# Warning 3: deprecated: String.set
# File "setup.ml", line 2502, characters 6-24:
# Warning 3: deprecated: Lazy.lazy_from_fun
# E: Failure("Command ''/home/opam/.opam/4.02.0+trunk/bin/ocamlbuild' lib/stringext.cma lib/stringext.cmxa lib/stringext.a lib/stringext.cmxs -tag debug' terminated with error code 2")


=-=-=-=-=-=-=-=-=-=-=-=-=-=-=-=-= Error report =-=-=-=-=-=-=-=-=-=-=-=-=-=-=-=-=
The following failed
 - install   camlp4.4.02.0
 - install   cmdliner.0.9.5
 - install   conf-gmp.1
 - install   cryptokit-sha512.1.6.3
 - install   ounit.2.0.0
 - install   qcheck.0.2
 - install   re.1.2.2
 - install   ssl.0.4.7
 - install   stringext.1.0.0
Due to the errors, the following have been cancelled
 - install   fieldslib.109.20.03
 - install   uri.1.7.2
 - install   type_conv.111.13.00
 - install   lwt.2.4.5
 - install   bt.0.2
 - install   conduit.0.5.1
 - install   cohttp.0.11.2
 - install   sexplib.111.25.00
 - install   zarith.1.2
 - install   bitstring.2.0.4
'opam install bt' failed.
