++ opam install bytes -e ubuntu
[ERROR] No package named bytes found.
'opam install bytes -e ubuntu' failed.
+ depext=
+ echo Ubuntu depexts:
Ubuntu depexts:
+ '[' '' '!=' '' ']'
++ opam install bytes -e source,linux
[ERROR] No package named bytes found.
'opam install bytes -e source,linux' failed.
+ srcext=
+ echo Ubuntu srcexts:
Ubuntu srcexts:
+ '[' '' '!=' '' ']'
+ opam install bytes
[ERROR] No package named bytes found.
'opam install bytes' failed.
