++ opam install cryptodbm -e ubuntu
+ depext='clasp version 2.1.4
Reading from outurNEpP/gringo_out
Solving...
Answer: 1
in("cryptodbm",1) in("base-bigarray",1) in("base-unix",1) in("ocamlfind",6) in("b
OPTIMUM FOUND

Models      : 1     
  Optimum   : yes
Optimization: 0 0 6
Time        : 0.001s (Solving: 0.00s 1st Model: 0.00s Unsat: 0.00s)
CPU Time    : 0.000s
Choices     : 7
Conflicts   : 0
Restarts    : 0     

Atoms       : 1861  
Rules       : 1934   (1: 1910 2: 2 3: 19 6: 3)
Bodies      : 97    
Equivalences: 3775   (Atom=Atom: 1822 Body=Body: 41 Other: 1912)
Tight       : Yes

Variables   : 53     (Eliminated:    9 Frozen:   25)
Constraints : 36     (Binary: 83.3% Ternary:  2.8% Other: 13.9%)
Lemmas      : 0      (Binary:  0.0% Ternary:  0.0% Other:  0.0%)
  Conflict  : 0      (Average Length: 0.0) 
  Loop      : 0      (Average Length: 0.0) 
  Other     : 0      (Average Length: 0.0)
  Deleted   : 0     

Backtracks          : 0     
Backjumps           : 0      (Bounded: 0)
Skippable Levels    : 0      (Skipped: 0 Rate:   0.0%)
Max Jump Length     : 0      (Executed: 0)
Max Bound Length    : 0     
Average Jump Length : 0.0    (Executed: 0.0)
Average Bound Length: 0.0   
Average Model Length: 8.0   
/usr/share/aspcud/encodings/misc2012.lp:150:57-76: warning: atom is undefined:
  recommends(P,V,D,W)

/usr/share/aspcud/encodings/misc2012.lp:148:57-75: warning: atom is undefined:
  attribute(P,V,A,X)

/usr/share/aspcud/encodings/misc2012.lp:138:57-76: warning: atom is undefined:
  recommends(P,V,D,W)

/usr/share/aspcud/encodings/misc2012.lp:164:42-61: warning: atom is undefined:
  recommends(P,V,D,W)

/usr/share/aspcud/encodings/misc2012.lp:161:63-81: warning: atom is undefined:
  attribute(P,V,A,X)

/usr/share/aspcud/encodings/misc2012.lp:109:50-68: warning: atom is undefined:
  attribute(P,V,A,X)

/usr/share/aspcud/encodings/misc2012.lp:109:70-88: warning: atom is undefined:
  attribute(P,V,B,Y)

/usr/share/aspcud/encodings/misc2012.lp:30:22-41: warning: atom is undefined:
  recommends(P,V,D,W)

libgdbm-dev zlib1g-dev'
Ubuntu depexts: clasp version 2.1.4 Reading from outurNEpP/gringo_out Solving... Answer: 1 in("cryptodbm",1) in("base-bigarray",1) in("base-unix",1) in("ocamlfind",6) in("b OPTIMUM FOUND Models : 1 Optimum : yes Optimization: 0 0 6 Time : 0.001s (Solving: 0.00s 1st Model: 0.00s Unsat: 0.00s) CPU Time : 0.000s Choices : 7 Conflicts : 0 Restarts : 0 Atoms : 1861 Rules : 1934 (1: 1910 2: 2 3: 19 6: 3) Bodies : 97 Equivalences: 3775 (Atom=Atom: 1822 Body=Body: 41 Other: 1912) Tight : Yes Variables : 53 (Eliminated: 9 Frozen: 25) Constraints : 36 (Binary: 83.3% Ternary: 2.8% Other: 13.9%) Lemmas : 0 (Binary: 0.0% Ternary: 0.0% Other: 0.0%) Conflict : 0 (Average Length: 0.0) Loop : 0 (Average Length: 0.0) Other : 0 (Average Length: 0.0) Deleted : 0 Backtracks : 0 Backjumps : 0 (Bounded: 0) Skippable Levels : 0 (Skipped: 0 Rate: 0.0%) Max Jump Length : 0 (Executed: 0) Max Bound Length : 0 Average Jump Length : 0.0 (Executed: 0.0) Average Bound Length: 0.0 Average Model Length: 8.0 /usr/share/aspcud/encodings/misc2012.lp:150:57-76: warning: atom is undefined: recommends(P,V,D,W) /usr/share/aspcud/encodings/misc2012.lp:148:57-75: warning: atom is undefined: attribute(P,V,A,X) /usr/share/aspcud/encodings/misc2012.lp:138:57-76: warning: atom is undefined: recommends(P,V,D,W) /usr/share/aspcud/encodings/misc2012.lp:164:42-61: warning: atom is undefined: recommends(P,V,D,W) /usr/share/aspcud/encodings/misc2012.lp:161:63-81: warning: atom is undefined: attribute(P,V,A,X) /usr/share/aspcud/encodings/misc2012.lp:109:50-68: warning: atom is undefined: attribute(P,V,A,X) /usr/share/aspcud/encodings/misc2012.lp:109:70-88: warning: atom is undefined: attribute(P,V,B,Y) /usr/share/aspcud/encodings/misc2012.lp:30:22-41: warning: atom is undefined: recommends(P,V,D,W) libgdbm-dev zlib1g-dev
+ echo Ubuntu depexts: clasp version 2.1.4 Reading from outurNEpP/gringo_out Solving... Answer: 1 'in("cryptodbm",1)' 'in("base-bigarray",1)' 'in("base-unix",1)' 'in("ocamlfind",6)' 'in("b' OPTIMUM FOUND Models : 1 Optimum : yes Optimization: 0 0 6 Time : 0.001s '(Solving:' 0.00s 1st Model: 0.00s Unsat: '0.00s)' CPU Time : 0.000s Choices : 7 Conflicts : 0 Restarts : 0 Atoms : 1861 Rules : 1934 '(1:' 1910 2: 2 3: 19 6: '3)' Bodies : 97 Equivalences: 3775 '(Atom=Atom:' 1822 Body=Body: 41 Other: '1912)' Tight : Yes Variables : 53 '(Eliminated:' 9 Frozen: '25)' Constraints : 36 '(Binary:' 83.3% Ternary: 2.8% Other: '13.9%)' Lemmas : 0 '(Binary:' 0.0% Ternary: 0.0% Other: '0.0%)' Conflict : 0 '(Average' Length: '0.0)' Loop : 0 '(Average' Length: '0.0)' Other : 0 '(Average' Length: '0.0)' Deleted : 0 Backtracks : 0 Backjumps : 0 '(Bounded:' '0)' Skippable Levels : 0 '(Skipped:' 0 Rate: '0.0%)' Max Jump Length : 0 '(Executed:' '0)' Max Bound Length : 0 Average Jump Length : 0.0 '(Executed:' '0.0)' Average Bound Length: 0.0 Average Model Length: 8.0 /usr/share/aspcud/encodings/misc2012.lp:150:57-76: warning: atom is undefined: 'recommends(P,V,D,W)' /usr/share/aspcud/encodings/misc2012.lp:148:57-75: warning: atom is undefined: 'attribute(P,V,A,X)' /usr/share/aspcud/encodings/misc2012.lp:138:57-76: warning: atom is undefined: 'recommends(P,V,D,W)' /usr/share/aspcud/encodings/misc2012.lp:164:42-61: warning: atom is undefined: 'recommends(P,V,D,W)' /usr/share/aspcud/encodings/misc2012.lp:161:63-81: warning: atom is undefined: 'attribute(P,V,A,X)' /usr/share/aspcud/encodings/misc2012.lp:109:50-68: warning: atom is undefined: 'attribute(P,V,A,X)' /usr/share/aspcud/encodings/misc2012.lp:109:70-88: warning: atom is undefined: 'attribute(P,V,B,Y)' /usr/share/aspcud/encodings/misc2012.lp:30:22-41: warning: atom is undefined: 'recommends(P,V,D,W)' libgdbm-dev zlib1g-dev
+ '[' 'clasp version 2.1.4
Reading from outurNEpP/gringo_out
Solving...
Answer: 1
in("cryptodbm",1) in("base-bigarray",1) in("base-unix",1) in("ocamlfind",6) in("b
OPTIMUM FOUND

Models      : 1     
  Optimum   : yes
Optimization: 0 0 6
Time        : 0.001s (Solving: 0.00s 1st Model: 0.00s Unsat: 0.00s)
CPU Time    : 0.000s
Choices     : 7
Conflicts   : 0
Restarts    : 0     

Atoms       : 1861  
Rules       : 1934   (1: 1910 2: 2 3: 19 6: 3)
Bodies      : 97    
Equivalences: 3775   (Atom=Atom: 1822 Body=Body: 41 Other: 1912)
Tight       : Yes

Variables   : 53     (Eliminated:    9 Frozen:   25)
Constraints : 36     (Binary: 83.3% Ternary:  2.8% Other: 13.9%)
Lemmas      : 0      (Binary:  0.0% Ternary:  0.0% Other:  0.0%)
  Conflict  : 0      (Average Length: 0.0) 
  Loop      : 0      (Average Length: 0.0) 
  Other     : 0      (Average Length: 0.0)
  Deleted   : 0     

Backtracks          : 0     
Backjumps           : 0      (Bounded: 0)
Skippable Levels    : 0      (Skipped: 0 Rate:   0.0%)
Max Jump Length     : 0      (Executed: 0)
Max Bound Length    : 0     
Average Jump Length : 0.0    (Executed: 0.0)
Average Bound Length: 0.0   
Average Model Length: 8.0   
/usr/share/aspcud/encodings/misc2012.lp:150:57-76: warning: atom is undefined:
  recommends(P,V,D,W)

/usr/share/aspcud/encodings/misc2012.lp:148:57-75: warning: atom is undefined:
  attribute(P,V,A,X)

/usr/share/aspcud/encodings/misc2012.lp:138:57-76: warning: atom is undefined:
  recommends(P,V,D,W)

/usr/share/aspcud/encodings/misc2012.lp:164:42-61: warning: atom is undefined:
  recommends(P,V,D,W)

/usr/share/aspcud/encodings/misc2012.lp:161:63-81: warning: atom is undefined:
  attribute(P,V,A,X)

/usr/share/aspcud/encodings/misc2012.lp:109:50-68: warning: atom is undefined:
  attribute(P,V,A,X)

/usr/share/aspcud/encodings/misc2012.lp:109:70-88: warning: atom is undefined:
  attribute(P,V,B,Y)

/usr/share/aspcud/encodings/misc2012.lp:30:22-41: warning: atom is undefined:
  recommends(P,V,D,W)

libgdbm-dev zlib1g-dev' '!=' '' ']'
+ sudo apt-get install -qq -y build-essential m4
+ sudo apt-get install -qq -y clasp version 2.1.4 Reading from outurNEpP/gringo_out Solving... Answer: 1 'in("cryptodbm",1)' 'in("base-bigarray",1)' 'in("base-unix",1)' 'in("ocamlfind",6)' 'in("b' OPTIMUM FOUND Models : 1 Optimum : yes Optimization: 0 0 6 Time : 0.001s '(Solving:' 0.00s 1st Model: 0.00s Unsat: '0.00s)' CPU Time : 0.000s Choices : 7 Conflicts : 0 Restarts : 0 Atoms : 1861 Rules : 1934 '(1:' 1910 2: 2 3: 19 6: '3)' Bodies : 97 Equivalences: 3775 '(Atom=Atom:' 1822 Body=Body: 41 Other: '1912)' Tight : Yes Variables : 53 '(Eliminated:' 9 Frozen: '25)' Constraints : 36 '(Binary:' 83.3% Ternary: 2.8% Other: '13.9%)' Lemmas : 0 '(Binary:' 0.0% Ternary: 0.0% Other: '0.0%)' Conflict : 0 '(Average' Length: '0.0)' Loop : 0 '(Average' Length: '0.0)' Other : 0 '(Average' Length: '0.0)' Deleted : 0 Backtracks : 0 Backjumps : 0 '(Bounded:' '0)' Skippable Levels : 0 '(Skipped:' 0 Rate: '0.0%)' Max Jump Length : 0 '(Executed:' '0)' Max Bound Length : 0 Average Jump Length : 0.0 '(Executed:' '0.0)' Average Bound Length: 0.0 Average Model Length: 8.0 /usr/share/aspcud/encodings/misc2012.lp:150:57-76: warning: atom is undefined: 'recommends(P,V,D,W)' /usr/share/aspcud/encodings/misc2012.lp:148:57-75: warning: atom is undefined: 'attribute(P,V,A,X)' /usr/share/aspcud/encodings/misc2012.lp:138:57-76: warning: atom is undefined: 'recommends(P,V,D,W)' /usr/share/aspcud/encodings/misc2012.lp:164:42-61: warning: atom is undefined: 'recommends(P,V,D,W)' /usr/share/aspcud/encodings/misc2012.lp:161:63-81: warning: atom is undefined: 'attribute(P,V,A,X)' /usr/share/aspcud/encodings/misc2012.lp:109:50-68: warning: atom is undefined: 'attribute(P,V,A,X)' /usr/share/aspcud/encodings/misc2012.lp:109:70-88: warning: atom is undefined: 'attribute(P,V,B,Y)' /usr/share/aspcud/encodings/misc2012.lp:30:22-41: warning: atom is undefined: 'recommends(P,V,D,W)' libgdbm-dev zlib1g-dev
E: Unable to locate package version
E: Unable to locate package Reading
E: Unable to locate package from
E: Unable to locate package outurNEpP
E: Unable to locate package Solving...
E: Couldn't find any package by regex 'Solving...'
E: Unable to locate package Answer
E: Unable to locate package 1
E: Unable to locate package in("cryptodbm",1)
E: Unable to locate package in("base-bigarray",1)
E: Unable to locate package in("base-unix",1)
E: Unable to locate package in("ocamlfind",6)
E: Unable to locate package in("b
E: Unable to locate package OPTIMUM
E: Unable to locate package FOUND
E: Unable to locate package Models
E: Unable to locate package 
E: Unable to locate package 1
E: Unable to locate package Optimum
E: Unable to locate package 
E: Unable to locate package yes
E: Unable to locate package Optimization
E: Unable to locate package 0
E: Unable to locate package 0
E: Unable to locate package 6
E: Unable to locate package 
E: Unable to locate package 0.001s
E: Couldn't find any package by regex '0.001s'
E: Unable to locate package (Solving
E: Unable to locate package 0.00s
E: Couldn't find any package by regex '0.00s'
E: Unable to locate package 1st
E: Unable to locate package Model
E: Unable to locate package 0.00s
E: Couldn't find any package by regex '0.00s'
E: Unable to locate package Unsat
E: Unable to locate package 0.00s)
E: Couldn't find any package by regex '0.00s)'
E: Unable to locate package 
E: Unable to locate package 0.000s
E: Couldn't find any package by regex '0.000s'
E: Unable to locate package Choices
E: Unable to locate package 
E: Unable to locate package 7
E: Unable to locate package Conflicts
E: Unable to locate package 
E: Unable to locate package 0
E: Unable to locate package Restarts
E: Unable to locate package 
E: Unable to locate package 0
E: Unable to locate package Atoms
E: Unable to locate package 
E: Unable to locate package 1861
E: Unable to locate package Rules
E: Unable to locate package 
E: Unable to locate package 1934
E: Unable to locate package (1
E: Unable to locate package 1910
E: Unable to locate package 2
E: Unable to locate package 2
E: Unable to locate package 3
E: Unable to locate package 19
E: Unable to locate package 6
E: Unable to locate package 3)
E: Unable to locate package Bodies
E: Unable to locate package 
E: Unable to locate package 97
E: Unable to locate package Equivalences
E: Unable to locate package 3775
E: Unable to locate package (Atom
E: Unable to locate package 1822
E: Unable to locate package Body
E: Unable to locate package 41
E: Unable to locate package Other
E: Unable to locate package 1912)
E: Unable to locate package Tight
E: Unable to locate package 
E: Unable to locate package Yes
E: Unable to locate package Variables
E: Unable to locate package 
E: Unable to locate package 53
E: Unable to locate package (Eliminated
E: Unable to locate package 9
E: Unable to locate package Frozen
E: Unable to locate package 25)
E: Unable to locate package Constraints
E: Unable to locate package 
E: Unable to locate package 36
E: Unable to locate package (Binary
E: Unable to locate package 83.3%
E: Couldn't find any package by regex '83.3%'
E: Unable to locate package Ternary
E: Unable to locate package 2.8%
E: Couldn't find any package by regex '2.8%'
E: Unable to locate package Other
E: Unable to locate package 13.9%)
E: Couldn't find any package by regex '13.9%)'
E: Unable to locate package Lemmas
E: Unable to locate package 
E: Unable to locate package 0
E: Unable to locate package (Binary
E: Unable to locate package 0.0%
E: Couldn't find any package by regex '0.0%'
E: Unable to locate package Ternary
E: Unable to locate package 0.0%
E: Couldn't find any package by regex '0.0%'
E: Unable to locate package Other
E: Unable to locate package 0.0%)
E: Couldn't find any package by regex '0.0%)'
E: Unable to locate package Conflict
E: Unable to locate package 
E: Unable to locate package 0
E: Unable to locate package (Average
E: Unable to locate package Length
E: Unable to locate package 0.0)
E: Couldn't find any package by regex '0.0)'
E: Unable to locate package Loop
E: Unable to locate package 
E: Unable to locate package 0
E: Unable to locate package (Average
E: Unable to locate package Length
E: Unable to locate package 0.0)
E: Couldn't find any package by regex '0.0)'
E: Unable to locate package Other
E: Unable to locate package 
E: Unable to locate package 0
E: Unable to locate package (Average
E: Unable to locate package Length
E: Unable to locate package 0.0)
E: Couldn't find any package by regex '0.0)'
E: Unable to locate package Deleted
E: Unable to locate package 
E: Unable to locate package 0
E: Unable to locate package Backtracks
E: Unable to locate package 
E: Unable to locate package 0
E: Unable to locate package Backjumps
E: Unable to locate package 
E: Unable to locate package 0
E: Unable to locate package (Bounded
E: Unable to locate package 0)
E: Unable to locate package Skippable
E: Unable to locate package Levels
E: Unable to locate package 
E: Unable to locate package 0
E: Unable to locate package (Skipped
E: Unable to locate package 0
E: Unable to locate package Rate
E: Unable to locate package 0.0%)
E: Couldn't find any package by regex '0.0%)'
E: Unable to locate package Max
E: Unable to locate package Jump
E: Unable to locate package Length
E: Unable to locate package 
E: Unable to locate package 0
E: Unable to locate package (Executed
E: Unable to locate package 0)
E: Unable to locate package Max
E: Unable to locate package Bound
E: Unable to locate package Length
E: Unable to locate package 
E: Unable to locate package 0
E: Unable to locate package Average
E: Unable to locate package Jump
E: Unable to locate package Length
E: Unable to locate package 
E: Unable to locate package (Executed
E: Unable to locate package 0.0)
E: Couldn't find any package by regex '0.0)'
E: Unable to locate package Average
E: Unable to locate package Bound
E: Unable to locate package Length
E: Unable to locate package Average
E: Unable to locate package Model
E: Unable to locate package Length
E: Unable to locate package /usr/share/aspcud/encodings
E: Unable to locate package warning
E: Unable to locate package atom
E: Unable to locate package is
E: Unable to locate package undefined
E: Unable to locate package recommends(P,V,D,W)
E: Unable to locate package /usr/share/aspcud/encodings
E: Unable to locate package warning
E: Unable to locate package atom
E: Unable to locate package is
E: Unable to locate package undefined
E: Unable to locate package attribute(P,V,A,X)
E: Unable to locate package /usr/share/aspcud/encodings
E: Unable to locate package warning
E: Unable to locate package atom
E: Unable to locate package is
E: Unable to locate package undefined
E: Unable to locate package recommends(P,V,D,W)
E: Unable to locate package /usr/share/aspcud/encodings
E: Unable to locate package warning
E: Unable to locate package atom
E: Unable to locate package is
E: Unable to locate package undefined
E: Unable to locate package recommends(P,V,D,W)
E: Unable to locate package /usr/share/aspcud/encodings
E: Unable to locate package warning
E: Unable to locate package atom
E: Unable to locate package is
E: Unable to locate package undefined
E: Unable to locate package attribute(P,V,A,X)
E: Unable to locate package /usr/share/aspcud/encodings
E: Unable to locate package warning
E: Unable to locate package atom
E: Unable to locate package is
E: Unable to locate package undefined
E: Unable to locate package attribute(P,V,A,X)
E: Unable to locate package /usr/share/aspcud/encodings
E: Unable to locate package warning
E: Unable to locate package atom
E: Unable to locate package is
E: Unable to locate package undefined
E: Unable to locate package attribute(P,V,B,Y)
E: Unable to locate package /usr/share/aspcud/encodings
E: Unable to locate package warning
E: Unable to locate package atom
E: Unable to locate package is
E: Unable to locate package undefined
E: Unable to locate package recommends(P,V,D,W)
++ opam install cryptodbm -e source,linux
+ srcext='clasp version 2.1.4
Reading from outNYhwQi/gringo_out
Solving...
Answer: 1
in("cryptodbm",1) in("base-bigarray",1) in("base-unix",1) in("ocamlfind",6) in("b
OPTIMUM FOUND

Models      : 1     
  Optimum   : yes
Optimization: 0 0 6
Time        : 0.004s (Solving: 0.00s 1st Model: 0.00s Unsat: 0.00s)
CPU Time    : 0.000s
Choices     : 7
Conflicts   : 0
Restarts    : 0     

Atoms       : 1861  
Rules       : 1934   (1: 1910 2: 2 3: 19 6: 3)
Bodies      : 97    
Equivalences: 3775   (Atom=Atom: 1822 Body=Body: 41 Other: 1912)
Tight       : Yes

Variables   : 53     (Eliminated:    9 Frozen:   25)
Constraints : 36     (Binary: 83.3% Ternary:  2.8% Other: 13.9%)
Lemmas      : 0      (Binary:  0.0% Ternary:  0.0% Other:  0.0%)
  Conflict  : 0      (Average Length: 0.0) 
  Loop      : 0      (Average Length: 0.0) 
  Other     : 0      (Average Length: 0.0)
  Deleted   : 0     

Backtracks          : 0     
Backjumps           : 0      (Bounded: 0)
Skippable Levels    : 0      (Skipped: 0 Rate:   0.0%)
Max Jump Length     : 0      (Executed: 0)
Max Bound Length    : 0     
Average Jump Length : 0.0    (Executed: 0.0)
Average Bound Length: 0.0   
Average Model Length: 8.0   
/usr/share/aspcud/encodings/misc2012.lp:150:57-76: warning: atom is undefined:
  recommends(P,V,D,W)

/usr/share/aspcud/encodings/misc2012.lp:148:57-75: warning: atom is undefined:
  attribute(P,V,A,X)

/usr/share/aspcud/encodings/misc2012.lp:138:57-76: warning: atom is undefined:
  recommends(P,V,D,W)

/usr/share/aspcud/encodings/misc2012.lp:164:42-61: warning: atom is undefined:
  recommends(P,V,D,W)

/usr/share/aspcud/encodings/misc2012.lp:161:63-81: warning: atom is undefined:
  attribute(P,V,A,X)

/usr/share/aspcud/encodings/misc2012.lp:109:50-68: warning: atom is undefined:
  attribute(P,V,A,X)

/usr/share/aspcud/encodings/misc2012.lp:109:70-88: warning: atom is undefined:
  attribute(P,V,B,Y)

/usr/share/aspcud/encodings/misc2012.lp:30:22-41: warning: atom is undefined:
  recommends(P,V,D,W)'
+ echo Ubuntu srcexts: clasp version 2.1.4 Reading from outNYhwQi/gringo_out Solving... Answer: 1 'in("cryptodbm",1)' 'in("base-bigarray",1)' 'in("base-unix",1)' 'in("ocamlfind",6)' 'in("b' OPTIMUM FOUND Models : 1 Optimum : yes Optimization: 0 0 6 Time : 0.004s '(Solving:' 0.00s 1st Model: 0.00s Unsat: '0.00s)' CPU Time : 0.000s Choices : 7 Conflicts : 0 Restarts : 0 Atoms : 1861 Rules : 1934 '(1:' 1910 2: 2 3: 19 6: '3)' Bodies : 97 Equivalences: 3775 '(Atom=Atom:' 1822 Body=Body: 41 Other: '1912)' Tight : Yes Variables : 53 '(Eliminated:' 9 Frozen: '25)' Constraints : 36 '(Binary:' 83.3% Ternary: 2.8% Other: '13.9%)' Lemmas : 0 '(Binary:' 0.0% Ternary: 0.0% Other: '0.0%)' Conflict : 0 '(Average' Length: '0.0)' Loop : 0 '(Average' Length: '0.0)' Other : 0 '(Average' Length: '0.0)' Deleted : 0 Backtracks : 0 Backjumps : 0 '(Bounded:' '0)' Skippable Levels : 0 '(Skipped:' 0 Rate: '0.0%)' Max Jump Length : 0 '(Executed:' '0)' Max Bound Length : 0 Average Jump Length : 0.0 '(Executed:' '0.0)' Average Bound Length: 0.0 Average Model Length: 8.0 /usr/share/aspcud/encodings/misc2012.lp:150:57-76: warning: atom is undefined: 'recommends(P,V,D,W)' /usr/share/aspcud/encodings/misc2012.lp:148:57-75: warning: atom is undefined: 'attribute(P,V,A,X)' /usr/share/aspcud/encodings/misc2012.lp:138:57-76: warning: atom is undefined: 'recommends(P,V,D,W)' /usr/share/aspcud/encodings/misc2012.lp:164:42-61: warning: atom is undefined: 'recommends(P,V,D,W)' /usr/share/aspcud/encodings/misc2012.lp:161:63-81: warning: atom is undefined: 'attribute(P,V,A,X)' /usr/share/aspcud/encodings/misc2012.lp:109:50-68: warning: atom is undefined: 'attribute(P,V,A,X)' /usr/share/aspcud/encodings/misc2012.lp:109:70-88: warning: atom is undefined: 'attribute(P,V,B,Y)' /usr/share/aspcud/encodings/misc2012.lp:30:22-41: warning: atom is undefined: 'recommends(P,V,D,W)'
+ '[' 'clasp version 2.1.4
Reading from outNYhwQi/gringo_out
Solving...
Answer: 1
in("cryptodbm",1) in("base-bigarray",1) in("base-unix",1) in("ocamlfind",6) in("b
OPTIMUM FOUND

Models      : 1     
  Optimum   : yes
Optimization: 0 0 6
Time        : 0.004s (Solving: 0.00s 1st Model: 0.00s Unsat: 0.00s)
CPU Time    : 0.000s
Choices     : 7
Conflicts   : 0
Restarts    : 0     

Atoms       : 1861  
Rules       : 1934   (1: 1910 2: 2 3: 19 6: 3)
Bodies      : 97    
Equivalences: 3775   (Atom=Atom: 1822 Body=Body: 41 Other: 1912)
Tight       : Yes

Variables   : 53     (Eliminated:    9 Frozen:   25)
Constraints : 36     (Binary: 83.3% Ternary:  2.8% Other: 13.9%)
Lemmas      : 0      (Binary:  0.0% Ternary:  0.0% Other:  0.0%)
  Conflict  : 0      (Average Length: 0.0) 
  Loop      : 0      (Average Length: 0.0) 
  Other     : 0      (Average Length: 0.0)
  Deleted   : 0     

Backtracks          : 0     
Backjumps           : 0      (Bounded: 0)
Skippable Levels    : 0      (Skipped: 0 Rate:   0.0%)
Max Jump Length     : 0      (Executed: 0)
Max Bound Length    : 0     
Average Jump Length : 0.0    (Executed: 0.0)
Average Bound Length: 0.0   
Average Model Length: 8.0   
/usr/share/aspcud/encodings/misc2012.lp:150:57-76: warning: atom is undefined:
  recommends(P,V,D,W)

/usr/share/aspcud/encodings/misc2012.lp:148:57-75: warning: atom is undefined:
  attribute(P,V,A,X)

/usr/share/aspcud/encodings/misc2012.lp:138:57-76: warning: atom is undefined:
  recommends(P,V,D,W)

/usr/share/aspcud/encodings/misc2012.lp:164:42-61: warning: atom is undefined:
  recommends(P,V,D,W)

/usr/share/aspcud/encodings/misc2012.lp:161:63-81: warning: atom is undefined:
  attribute(P,V,A,X)

/usr/share/aspcud/encodings/misc2012.lp:109:50-68: warning: atom is undefined:
  attribute(P,V,A,X)

/usr/share/aspcud/encodings/misc2012.lp:109:70-88: warning: atom is undefined:
  attribute(P,V,B,Y)

/usr/share/aspcud/encodings/misc2012.lp:30:22-41: warning: atom is undefined:
  recommends(P,V,D,W)' '!=' '' ']'
++ mktemp
Ubuntu srcexts: clasp version 2.1.4 Reading from outNYhwQi/gringo_out Solving... Answer: 1 in("cryptodbm",1) in("base-bigarray",1) in("base-unix",1) in("ocamlfind",6) in("b OPTIMUM FOUND Models : 1 Optimum : yes Optimization: 0 0 6 Time : 0.004s (Solving: 0.00s 1st Model: 0.00s Unsat: 0.00s) CPU Time : 0.000s Choices : 7 Conflicts : 0 Restarts : 0 Atoms : 1861 Rules : 1934 (1: 1910 2: 2 3: 19 6: 3) Bodies : 97 Equivalences: 3775 (Atom=Atom: 1822 Body=Body: 41 Other: 1912) Tight : Yes Variables : 53 (Eliminated: 9 Frozen: 25) Constraints : 36 (Binary: 83.3% Ternary: 2.8% Other: 13.9%) Lemmas : 0 (Binary: 0.0% Ternary: 0.0% Other: 0.0%) Conflict : 0 (Average Length: 0.0) Loop : 0 (Average Length: 0.0) Other : 0 (Average Length: 0.0) Deleted : 0 Backtracks : 0 Backjumps : 0 (Bounded: 0) Skippable Levels : 0 (Skipped: 0 Rate: 0.0%) Max Jump Length : 0 (Executed: 0) Max Bound Length : 0 Average Jump Length : 0.0 (Executed: 0.0) Average Bound Length: 0.0 Average Model Length: 8.0 /usr/share/aspcud/encodings/misc2012.lp:150:57-76: warning: atom is undefined: recommends(P,V,D,W) /usr/share/aspcud/encodings/misc2012.lp:148:57-75: warning: atom is undefined: attribute(P,V,A,X) /usr/share/aspcud/encodings/misc2012.lp:138:57-76: warning: atom is undefined: recommends(P,V,D,W) /usr/share/aspcud/encodings/misc2012.lp:164:42-61: warning: atom is undefined: recommends(P,V,D,W) /usr/share/aspcud/encodings/misc2012.lp:161:63-81: warning: atom is undefined: attribute(P,V,A,X) /usr/share/aspcud/encodings/misc2012.lp:109:50-68: warning: atom is undefined: attribute(P,V,A,X) /usr/share/aspcud/encodings/misc2012.lp:109:70-88: warning: atom is undefined: attribute(P,V,B,Y) /usr/share/aspcud/encodings/misc2012.lp:30:22-41: warning: atom is undefined: recommends(P,V,D,W)
+ t=/tmp/tmp.sICbWCKyLy
+ curl -sL clasp version 2.1.4 Reading from outNYhwQi/gringo_out Solving... Answer: 1 'in("cryptodbm",1)' 'in("base-bigarray",1)' 'in("base-unix",1)' 'in("ocamlfind",6)' 'in("b' OPTIMUM FOUND Models : 1 Optimum : yes Optimization: 0 0 6 Time : 0.004s '(Solving:' 0.00s 1st Model: 0.00s Unsat: '0.00s)' CPU Time : 0.000s Choices : 7 Conflicts : 0 Restarts : 0 Atoms : 1861 Rules : 1934 '(1:' 1910 2: 2 3: 19 6: '3)' Bodies : 97 Equivalences: 3775 '(Atom=Atom:' 1822 Body=Body: 41 Other: '1912)' Tight : Yes Variables : 53 '(Eliminated:' 9 Frozen: '25)' Constraints : 36 '(Binary:' 83.3% Ternary: 2.8% Other: '13.9%)' Lemmas : 0 '(Binary:' 0.0% Ternary: 0.0% Other: '0.0%)' Conflict : 0 '(Average' Length: '0.0)' Loop : 0 '(Average' Length: '0.0)' Other : 0 '(Average' Length: '0.0)' Deleted : 0 Backtracks : 0 Backjumps : 0 '(Bounded:' '0)' Skippable Levels : 0 '(Skipped:' 0 Rate: '0.0%)' Max Jump Length : 0 '(Executed:' '0)' Max Bound Length : 0 Average Jump Length : 0.0 '(Executed:' '0.0)' Average Bound Length: 0.0 Average Model Length: 8.0 /usr/share/aspcud/encodings/misc2012.lp:150:57-76: warning: atom is undefined: 'recommends(P,V,D,W)' /usr/share/aspcud/encodings/misc2012.lp:148:57-75: warning: atom is undefined: 'attribute(P,V,A,X)' /usr/share/aspcud/encodings/misc2012.lp:138:57-76: warning: atom is undefined: 'recommends(P,V,D,W)' /usr/share/aspcud/encodings/misc2012.lp:164:42-61: warning: atom is undefined: 'recommends(P,V,D,W)' /usr/share/aspcud/encodings/misc2012.lp:161:63-81: warning: atom is undefined: 'attribute(P,V,A,X)' /usr/share/aspcud/encodings/misc2012.lp:109:50-68: warning: atom is undefined: 'attribute(P,V,A,X)' /usr/share/aspcud/encodings/misc2012.lp:109:70-88: warning: atom is undefined: 'attribute(P,V,B,Y)' /usr/share/aspcud/encodings/misc2012.lp:30:22-41: warning: atom is undefined: 'recommends(P,V,D,W)'
+ bash -ex /tmp/tmp.sICbWCKyLy
+ opam install cryptodbm
clasp version 2.1.4
Reading from outnmNHTB/gringo_out
Solving...
Answer: 1
in("cryptodbm",1) in("base-bigarray",1) in("base-unix",1) in("ocamlfind",6) in("b
OPTIMUM FOUND

Models      : 1     
  Optimum   : yes
Optimization: 0 0 6
Time        : 0.006s (Solving: 0.00s 1st Model: 0.00s Unsat: 0.00s)
CPU Time    : 0.000s
Choices     : 7
Conflicts   : 0
Restarts    : 0     

Atoms       : 1861  
Rules       : 1934   (1: 1910 2: 2 3: 19 6: 3)
Bodies      : 97    
Equivalences: 3775   (Atom=Atom: 1822 Body=Body: 41 Other: 1912)
Tight       : Yes

Variables   : 53     (Eliminated:    9 Frozen:   25)
Constraints : 36     (Binary: 83.3% Ternary:  2.8% Other: 13.9%)
Lemmas      : 0      (Binary:  0.0% Ternary:  0.0% Other:  0.0%)
  Conflict  : 0      (Average Length: 0.0) 
  Loop      : 0      (Average Length: 0.0) 
  Other     : 0      (Average Length: 0.0)
  Deleted   : 0     

Backtracks          : 0     
Backjumps           : 0      (Bounded: 0)
Skippable Levels    : 0      (Skipped: 0 Rate:   0.0%)
Max Jump Length     : 0      (Executed: 0)
Max Bound Length    : 0     
Average Jump Length : 0.0    (Executed: 0.0)
Average Bound Length: 0.0   
Average Model Length: 8.0   
/usr/share/aspcud/encodings/misc2012.lp:150:57-76: warning: atom is undefined:
  recommends(P,V,D,W)

/usr/share/aspcud/encodings/misc2012.lp:148:57-75: warning: atom is undefined:
  attribute(P,V,A,X)

/usr/share/aspcud/encodings/misc2012.lp:138:57-76: warning: atom is undefined:
  recommends(P,V,D,W)

/usr/share/aspcud/encodings/misc2012.lp:164:42-61: warning: atom is undefined:
  recommends(P,V,D,W)

/usr/share/aspcud/encodings/misc2012.lp:161:63-81: warning: atom is undefined:
  attribute(P,V,A,X)

/usr/share/aspcud/encodings/misc2012.lp:109:50-68: warning: atom is undefined:
  attribute(P,V,A,X)

/usr/share/aspcud/encodings/misc2012.lp:109:70-88: warning: atom is undefined:
  attribute(P,V,B,Y)

/usr/share/aspcud/encodings/misc2012.lp:30:22-41: warning: atom is undefined:
  recommends(P,V,D,W)

The following actions will be performed:
 - install   dbm.1.0                               [required by cryptodbm]
 - install   ounit.2.0.0                           [required by fileutils]
 - install   cryptokit-sha512.1.6.3                [required by cryptodbm]
 - install   exenum.0.6                            [required by cryptodbm]
 - install   fileutils.0.4.4                       [required by cryptodbm]
 - install   cryptodbm.0.8
=== 6 to install ===

=-=-=-=-=-=-=-=-=-=-=-=- Synchronizing package archives -=-=-=-=-=-=-=-=-=-=-=-=
[cryptokit-sha512.1.6.3] Downloading https://github.com/vbmithr/cryptokit-sha512/tarball/1.6.3
[cryptodbm.0.8] Downloading http://forge.ocamlcore.org/frs/download.php/1349/cryptodbm-source-0.8.tgz
[dbm.1.0] Downloading https://forge.ocamlcore.org/frs/download.php/728/camldbm-1.0.tgz
  % Total    % Received % Xferd  Average Speed   Time    Time     Time  Current
                                 Dload  Upload   Total   Spent    Left  Speed
  0     0    0     0    0     0      0      0 --:--:-- --:--:-- --:--:--     0  % Total    % Received % Xferd  Average Speed   Time    Time     Time  Current
                                 Dload  Upload   Total   Spent    Left  Speed
  0     0    0     0    0     0      0      0 --:--:-- --:--:-- --:--:--     0  % Total    % Received % Xferd  Average Speed   Time    Time     Time  Current
                                 Dload  Upload   Total   Spent    Left  Speed
  0     0    0     0    0     0      0      0 --:--:-- --:--:-- --:--:--     0  0     0    0     0    0     0      0      0 --:--:-- --:--:-- --:--:--     0  1 87827    1  1196    0     0   6722      0  0:00:13 --:--:--  0:00:13  6719  0 14397    0     0    0     0      0      0 --:--:-- --:--:-- --:--:--     0100 14397  100 14397    0     0  74430      0 --:--:-- --:--:-- --:--:-- 74211
200
100 87827  100 87827    0     0   371k      0 --:--:-- --:--:-- --:--:--  371k
200
[exenum.0.6] Downloading http://forge.ocamlcore.org/frs/download.php/1291/exenum-source-0.6.tgz
  % Total    % Received % Xferd  Average Speed   Time    Time     Time  Current
                                 Dload  Upload   Total   Spent    Left  Speed
  0     0    0     0    0     0      0      0 --:--:-- --:--:-- --:--:--     0[fileutils.0.4.4] Downloading http://forge.ocamlcore.org/frs/download.php/892/ocaml-fileutils-0.4.4.tar.gz
  % Total    % Received % Xferd  Average Speed   Time    Time     Time  Current
                                 Dload  Upload   Total   Spent    Left  Speed
  0     0    0     0    0     0      0      0 --:--:-- --:--:-- --:--:--     0100   138    0   138    0     0    389      0 --:--:-- --:--:-- --:--:--   389
100 82221  100 82221    0     0   329k      0 --:--:-- --:--:-- --:--:--  330k
200
100 60761  100 60761    0     0   183k      0 --:--:-- --:--:-- --:--:--  183k
200
[ounit.2.0.0] Downloading http://forge.ocamlcore.org/frs/download.php/1258/ounit-2.0.0.tar.gz
  % Total    % Received % Xferd  Average Speed   Time    Time     Time  Current
                                 Dload  Upload   Total   Spent    Left  Speed
  0     0    0     0    0     0      0      0 --:--:-- --:--:-- --:--:--     0100  101k  100  101k    0     0   585k      0 --:--:-- --:--:-- --:--:--  587k
200
100  133k  100  133k    0     0   116k      0  0:00:01  0:00:01 --:--:--  116k
200

=-=-=-=-=-=-=-=-=-=-=-=-=-=-= Installing packages -=-=-=-=-=-=-=-=-=-=-=-=-=-=-=
Building cryptokit-sha512.1.6.3:
  make
  make install
ocaml setup.ml -configure 
File "/home/vb/.opam/system/build/oasis.0.3.0/src/oasis/OASISString.ml", line 118, characters 8-26:
Warning 3: deprecated: String.set
File "/home/vb/.opam/system/build/oasis.0.3.0/src/oasis/OASISLibrary.ml", line 402, characters 6-24:
Warning 3: deprecated: Lazy.lazy_from_fun

Configuration: 
ocamlfind: ..................................... /home/opam/.opam/4.02.0+trunk/bin/ocamlfind
ocamlc: ........................................ /home/opam/.opam/4.02.0+trunk/bin/ocamlc.opt
ocamlopt: ...................................... /home/opam/.opam/4.02.0+trunk/bin/ocamlopt.opt
ocamlbuild: .................................... /home/opam/.opam/4.02.0+trunk/bin/ocamlbuild
Package name: .................................. cryptokit
Package version: ............................... 1.6
os_type: ....................................... Unix
system: ........................................ linux
architecture: .................................. amd64
ccomp_type: .................................... cc
ocaml_version: ................................. 4.02.0
standard_library_default: ...................... /home/opam/.opam/4.02.0+trunk/lib/ocaml
standard_library: .............................. /home/opam/.opam/4.02.0+trunk/lib/ocaml
standard_runtime: .............................. /home/opam/.opam/4.02.0+trunk/bin/ocamlrun
bytecomp_c_compiler: ........................... gcc -fno-defer-pop -Wall -D_FILE_OFFSET_BITS=64 -D_REENTRANT -fPIC
native_c_compiler: ............................. gcc -Wall -D_FILE_OFFSET_BITS=64 -D_REENTRANT
model: ......................................... default
ext_obj: ....................................... .o
ext_asm: ....................................... .s
ext_lib: ....................................... .a
ext_dll: ....................................... .so
default_executable_name: ....................... a.out
systhread_supported: ........................... true
Install architecture-independent files dir: .... /usr/local
Install architecture-dependent files in dir: ... $prefix
User executables: .............................. $exec_prefix/bin
System admin executables: ...................... $exec_prefix/sbin
Program executables: ........................... $exec_prefix/libexec
Read-only single-machine data: ................. $prefix/etc
Modifiable architecture-independent data: ...... $prefix/com
Modifiable single-machine data: ................ $prefix/var
Object code libraries: ......................... $exec_prefix/lib
Read-only arch-independent data root: .......... $prefix/share
Read-only architecture-independent data: ....... $datarootdir
Info documentation: ............................ $datarootdir/info
Locale-dependent data: ......................... $datarootdir/locale
Man documentation: ............................. $datarootdir/man
Documentation root: ............................ $datarootdir/doc/$pkg_name
HTML documentation: ............................ $docdir
DVI documentation: ............................. $docdir
PDF documentation: ............................. $docdir
PS documentation: .............................. $docdir
findlib_version: ............................... 1.5.2
is_native: ..................................... true
suffix_program: ................................ 
Remove a file.: ................................ rm -f
Remove a directory.: ........................... rm -rf
Turn ocaml debug flag on: ...................... true
Turn ocaml profile flag on: .................... false
Compiler support generation of .cmxs.: ......... true
OCamlbuild additional flags: ................... 
Enable ZLib: ................................... true
Build and run benchmark: ....................... false
ocamldoc: ...................................... /home/opam/.opam/4.02.0+trunk/bin/ocamldoc
pkg_unix: ...................................... /home/opam/.opam/4.02.0+trunk/lib/ocaml
pkg_num: ....................................... /home/opam/.opam/4.02.0+trunk/lib/num

ocaml setup.ml -build -classic-display
File "/home/vb/.opam/system/build/oasis.0.3.0/src/oasis/OASISString.ml", line 118, characters 8-26:
Warning 3: deprecated: String.set
File "/home/vb/.opam/system/build/oasis.0.3.0/src/oasis/OASISLibrary.ml", line 402, characters 6-24:
Warning 3: deprecated: Lazy.lazy_from_fun
Failure: TODO.
E: Failure("Command ''/home/opam/.opam/4.02.0+trunk/bin/ocamlbuild' src/libcryptokit_stubs.a src/dllcryptokit_stubs.so src/cryptokit.cma src/cryptokit.cmxa src/cryptokit.a src/cryptokit.cmxs test/test.byte -tag debug -classic-display' terminated with error code 2")
make: *** [build] Error 1
[ERROR] The compilation of cryptokit-sha512.1.6.3 failed.
Removing cryptokit-sha512.1.6.3.
  ocamlfind remove cryptokit
ocamlfind: [WARNING] No such directory: /home/opam/.opam/4.02.0+trunk/lib/cryptokit
Copying ~/.opam/repo/default/packages/dbm/dbm.1.0/files/include_fix.patch to ~/.opam/4.02.0+trunk/build/dbm.1.0/
Copying ~/.opam/repo/default/packages/dbm/dbm.1.0/files/hasgotfix.patch to ~/.opam/4.02.0+trunk/build/dbm.1.0/
Applying hasgotfix.patch.
patching file configure
Applying include_fix.patch.
patching file Makefile
Building dbm.1.0:
  mkdir -p /home/opam/.opam/4.02.0+trunk/lib/dbm
  ./configure
  make all
  make test
  make install STUBLIBDIR=/home/opam/.opam/4.02.0+trunk/lib/stublibs LIBDIR=/home/opam/.opam/4.02.0+trunk/lib/dbm
  cp META /home/opam/.opam/4.02.0+trunk/lib/dbm
Configuring for OCaml version 4.02.0+dev13-2014-08-18

NDBM not found, the "camldbm" library cannot be built.
[ERROR] The compilation of dbm.1.0 failed.
Removing dbm.1.0.
  Nothing to do.
Building exenum.0.6:
  ocaml setup.ml -configure --prefix /home/opam/.opam/4.02.0+trunk
  ocaml setup.ml -build
  ocaml setup.ml -install
File "setup.ml", line 213, characters 8-26:
Warning 3: deprecated: String.set
File "setup.ml", line 1793, characters 6-24:
Warning 3: deprecated: Lazy.lazy_from_fun

Configuration: 
ocamlfind: ........................................... /home/opam/.opam/4.02.0+trunk/bin/ocamlfind
ocamlc: .............................................. /home/opam/.opam/4.02.0+trunk/bin/ocamlc.opt
ocamlopt: ............................................ /home/opam/.opam/4.02.0+trunk/bin/ocamlopt.opt
ocamlbuild: .......................................... /home/opam/.opam/4.02.0+trunk/bin/ocamlbuild
Package name: ........................................ exenum
Package version: ..................................... 0.6
os_type: ............................................. Unix
system: .............................................. linux
architecture: ........................................ amd64
ccomp_type: .......................................... cc
ocaml_version: ....................................... 4.02.0
standard_library_default: ............................ /home/opam/.opam/4.02.0+trunk/lib/ocaml
standard_library: .................................... /home/opam/.opam/4.02.0+trunk/lib/ocaml
standard_runtime: .................................... /home/opam/.opam/4.02.0+trunk/bin/ocamlrun
bytecomp_c_compiler: ................................. gcc -fno-defer-pop -Wall -D_FILE_OFFSET_BITS=64 -D_REENTRANT -fPIC
native_c_compiler: ................................... gcc -Wall -D_FILE_OFFSET_BITS=64 -D_REENTRANT
model: ............................................... default
ext_obj: ............................................. .o
ext_asm: ............................................. .s
ext_lib: ............................................. .a
ext_dll: ............................................. .so
default_executable_name: ............................. a.out
systhread_supported: ................................. true
Install architecture-independent files dir: .......... /home/opam/.opam/4.02.0+trunk
Install architecture-dependent files in dir: ......... $prefix
User executables: .................................... $exec_prefix/bin
System admin executables: ............................ $exec_prefix/sbin
Program executables: ................................. $exec_prefix/libexec
Read-only single-machine data: ....................... $prefix/etc
Modifiable architecture-independent data: ............ $prefix/com
Modifiable single-machine data: ...................... $prefix/var
Object code libraries: ............................... $exec_prefix/lib
Read-only arch-independent data root: ................ $prefix/share
Read-only architecture-independent data: ............. $datarootdir
Info documentation: .................................. $datarootdir/info
Locale-dependent data: ............................... $datarootdir/locale
Man documentation: ................................... $datarootdir/man
Documentation root: .................................. $datarootdir/doc/$pkg_name
HTML documentation: .................................. $docdir
DVI documentation: ................................... $docdir
PDF documentation: ................................... $docdir
PS documentation: .................................... $docdir
findlib_version: ..................................... 1.5.2
is_native: ........................................... true
suffix_program: ...................................... 
Remove a file.: ...................................... rm -f
Remove a directory.: ................................. rm -rf
Turn ocaml debug flag on: ............................ true
Turn ocaml profile flag on: .......................... false
Compiler support generation of .cmxs.: ............... true
OCamlbuild additional flags: ......................... 
Create documentations: ............................... true
Compile tests executable and library and run them: ... false
ocamldoc: ............................................ /home/opam/.opam/4.02.0+trunk/bin/ocamldoc
pkg_num: ............................................. /home/opam/.opam/4.02.0+trunk/lib/num

File "setup.ml", line 213, characters 8-26:
Warning 3: deprecated: String.set
File "setup.ml", line 1793, characters 6-24:
Warning 3: deprecated: Lazy.lazy_from_fun
Failure: TODO.
E: Failure("Command ''/home/opam/.opam/4.02.0+trunk/bin/ocamlbuild' src/exenum_internals.cma src/exenum_internals.cmxa src/exenum_internals.a src/exenum_internals.cmxs src/exenum.cma src/exenum.cmxa src/exenum.a src/exenum.cmxs test/test_enum.native test/test_serious.native example/lambda.native -tag debug' terminated with error code 2")
[ERROR] The compilation of exenum.0.6 failed.
Removing exenum.0.6.
  ocamlfind remove exenum
ocamlfind: [WARNING] No such directory: /home/opam/.opam/4.02.0+trunk/lib/exenum
Building ounit.2.0.0:
  make build
  make install
ocaml setup.ml -configure 
File "/home/gildor/programmation/oasis/src/oasis/OASISString.ml", line 118, characters 8-26:
Warning 3: deprecated: String.set
File "/home/gildor/programmation/oasis/src/oasis/OASISFindlib.ml", line 256, characters 6-24:
Warning 3: deprecated: Lazy.lazy_from_fun

Configuration: 
ocamlfind: ........................................... /home/opam/.opam/4.02.0+trunk/bin/ocamlfind
ocamlc: .............................................. /home/opam/.opam/4.02.0+trunk/bin/ocamlc.opt
ocamlopt: ............................................ /home/opam/.opam/4.02.0+trunk/bin/ocamlopt.opt
ocamlbuild: .......................................... /home/opam/.opam/4.02.0+trunk/bin/ocamlbuild
Package name: ........................................ ounit
Package version: ..................................... 2.0.0
os_type: ............................................. Unix
system: .............................................. linux
architecture: ........................................ amd64
ccomp_type: .......................................... cc
ocaml_version: ....................................... 4.02.0
standard_library_default: ............................ /home/opam/.opam/4.02.0+trunk/lib/ocaml
standard_library: .................................... /home/opam/.opam/4.02.0+trunk/lib/ocaml
standard_runtime: .................................... /home/opam/.opam/4.02.0+trunk/bin/ocamlrun
bytecomp_c_compiler: ................................. gcc -fno-defer-pop -Wall -D_FILE_OFFSET_BITS=64 -D_REENTRANT -fPIC
native_c_compiler: ................................... gcc -Wall -D_FILE_OFFSET_BITS=64 -D_REENTRANT
model: ............................................... default
ext_obj: ............................................. .o
ext_asm: ............................................. .s
ext_lib: ............................................. .a
ext_dll: ............................................. .so
default_executable_name: ............................. a.out
systhread_supported: ................................. true
Install architecture-independent files dir: .......... /usr/local
Install architecture-dependent files in dir: ......... $prefix
User executables: .................................... $exec_prefix/bin
System admin executables: ............................ $exec_prefix/sbin
Program executables: ................................. $exec_prefix/libexec
Read-only single-machine data: ....................... $prefix/etc
Modifiable architecture-independent data: ............ $prefix/com
Modifiable single-machine data: ...................... $prefix/var
Object code libraries: ............................... $exec_prefix/lib
Read-only arch-independent data root: ................ $prefix/share
Read-only architecture-independent data: ............. $datarootdir
Info documentation: .................................. $datarootdir/info
Locale-dependent data: ............................... $datarootdir/locale
Man documentation: ................................... $datarootdir/man
Documentation root: .................................. $datarootdir/doc/$pkg_name
HTML documentation: .................................. $docdir
DVI documentation: ................................... $docdir
PDF documentation: ................................... $docdir
PS documentation: .................................... $docdir
findlib_version: ..................................... 1.5.2
is_native: ........................................... true
suffix_program: ...................................... 
Remove a file.: ...................................... rm -f
Remove a directory.: ................................. rm -rf
Turn ocaml debug flag on: ............................ true
Turn ocaml profile flag on: .......................... false
Compiler support generation of .cmxs.: ............... true
OCamlbuild additional flags: ......................... 
Create documentations: ............................... true
Compile tests executable and library and run them: ... false
pkg_unix: ............................................ /home/opam/.opam/4.02.0+trunk/lib/ocaml
pkg_threads: ......................................... /home/opam/.opam/4.02.0+trunk/lib/ocaml
ocamldoc: ............................................ /home/opam/.opam/4.02.0+trunk/bin/ocamldoc

ocaml setup.ml -build 
File "/home/gildor/programmation/oasis/src/oasis/OASISString.ml", line 118, characters 8-26:
Warning 3: deprecated: String.set
File "/home/gildor/programmation/oasis/src/oasis/OASISFindlib.ml", line 256, characters 6-24:
Warning 3: deprecated: Lazy.lazy_from_fun
W: Cannot find source file matching module 'OUnitLoggerHTMLData' in library oUnitAdvanced
W: Cannot find source file matching module 'OUnitLoggerHTMLData' in library oUnitAdvanced
Failure: TODO.
E: Failure("Command ''/home/opam/.opam/4.02.0+trunk/bin/ocamlbuild' src/oUnitAdvanced.cma src/oUnitAdvanced.cmxa src/oUnitAdvanced.a src/oUnitAdvanced.cmxs src/oUnit.cma src/oUnit.cmxa src/oUnit.a src/oUnit.cmxs src/oUnitThreads.cma src/oUnitThreads.cmxa src/oUnitThreads.a src/oUnitThreads.cmxs -tag debug' terminated with error code 2")
make: *** [build] Error 1
[ERROR] The compilation of ounit.2.0.0 failed.
Removing ounit.2.0.0.
  ocamlfind remove oUnit
ocamlfind: [WARNING] No such directory: /home/opam/.opam/4.02.0+trunk/lib/oUnit


=-=-=-=-=-=-=-=-=-=-=-=-=-=-=-=-= Error report =-=-=-=-=-=-=-=-=-=-=-=-=-=-=-=-=
The following failed
 - install   cryptokit-sha512.1.6.3
 - install   dbm.1.0
 - install   exenum.0.6
 - install   ounit.2.0.0
Due to the errors, the following have been cancelled
 - install   cryptodbm.0.8
 - install   fileutils.0.4.4

#=============== ERROR while installing cryptokit-sha512.1.6.3 ================#
# opam-version         1.2.0~beta4
# os                   linux
# command              make
# path                 /home/opam/.opam/4.02.0+trunk/build/cryptokit-sha512.1.6.3
# compiler             4.02.0+trunk
# exit-code            2
# env-file             /home/opam/.opam/4.02.0+trunk/build/cryptokit-sha512.1.6.3/cryptokit-sha512-463-d8a4ae.env
# stdout-file          /home/opam/.opam/4.02.0+trunk/build/cryptokit-sha512.1.6.3/cryptokit-sha512-463-d8a4ae.out
# stderr-file          /home/opam/.opam/4.02.0+trunk/build/cryptokit-sha512.1.6.3/cryptokit-sha512-463-d8a4ae.err
### stdout ###
# ...[truncated]
# Compiler support generation of .cmxs.: ......... true
# OCamlbuild additional flags: ................... 
# Enable ZLib: ................................... true
# Build and run benchmark: ....................... false
# ocamldoc: ...................................... /home/opam/.opam/4.02.0+trunk/bin/ocamldoc
# pkg_unix: ...................................... /home/opam/.opam/4.02.0+trunk/lib/ocaml
# pkg_num: ....................................... /home/opam/.opam/4.02.0+trunk/lib/num
# 
# ocaml setup.ml -build -classic-display
# Failure: TODO.
### stderr ###
# ...[truncated]
# File "/home/vb/.opam/system/build/oasis.0.3.0/src/oasis/OASISString.ml", line 118, characters 8-26:
# Warning 3: deprecated: String.set
# File "/home/vb/.opam/system/build/oasis.0.3.0/src/oasis/OASISLibrary.ml", line 402, characters 6-24:
# Warning 3: deprecated: Lazy.lazy_from_fun
# File "/home/vb/.opam/system/build/oasis.0.3.0/src/oasis/OASISString.ml", line 118, characters 8-26:
# Warning 3: deprecated: String.set
# File "/home/vb/.opam/system/build/oasis.0.3.0/src/oasis/OASISLibrary.ml", line 402, characters 6-24:
# Warning 3: deprecated: Lazy.lazy_from_fun
# E: Failure("Command ''/home/opam/.opam/4.02.0+trunk/bin/ocamlbuild' src/libcryptokit_stubs.a src/dllcryptokit_stubs.so src/cryptokit.cma src/cryptokit.cmxa src/cryptokit.a src/cryptokit.cmxs test/test.byte -tag debug -classic-display' terminated with error code 2")
# make: *** [build] Error 1


#======================= ERROR while installing dbm.1.0 =======================#
# opam-version         1.2.0~beta4
# os                   linux
# command              ./configure
# path                 /home/opam/.opam/4.02.0+trunk/build/dbm.1.0
# compiler             4.02.0+trunk
# exit-code            2
# env-file             /home/opam/.opam/4.02.0+trunk/build/dbm.1.0/dbm-517-d474c2.env
# stdout-file          /home/opam/.opam/4.02.0+trunk/build/dbm.1.0/dbm-517-d474c2.out
# stderr-file          /home/opam/.opam/4.02.0+trunk/build/dbm.1.0/dbm-517-d474c2.err
### stdout ###
# Configuring for OCaml version 4.02.0+dev13-2014-08-18
# 
# NDBM not found, the "camldbm" library cannot be built.


#===================== ERROR while installing exenum.0.6 ======================#
# opam-version         1.2.0~beta4
# os                   linux
# command              ocaml setup.ml -build
# path                 /home/opam/.opam/4.02.0+trunk/build/exenum.0.6
# compiler             4.02.0+trunk
# exit-code            1
# env-file             /home/opam/.opam/4.02.0+trunk/build/exenum.0.6/exenum-581-a00279.env
# stdout-file          /home/opam/.opam/4.02.0+trunk/build/exenum.0.6/exenum-581-a00279.out
# stderr-file          /home/opam/.opam/4.02.0+trunk/build/exenum.0.6/exenum-581-a00279.err
### stdout ###
# ...[truncated]
# Turn ocaml debug flag on: ............................ true
# Turn ocaml profile flag on: .......................... false
# Compiler support generation of .cmxs.: ............... true
# OCamlbuild additional flags: ......................... 
# Create documentations: ............................... true
# Compile tests executable and library and run them: ... false
# ocamldoc: ............................................ /home/opam/.opam/4.02.0+trunk/bin/ocamldoc
# pkg_num: ............................................. /home/opam/.opam/4.02.0+trunk/lib/num
# 
# Failure: TODO.
### stderr ###
# File "setup.ml", line 213, characters 8-26:
# Warning 3: deprecated: String.set
# File "setup.ml", line 1793, characters 6-24:
# Warning 3: deprecated: Lazy.lazy_from_fun
# File "setup.ml", line 213, characters 8-26:
# Warning 3: deprecated: String.set
# File "setup.ml", line 1793, characters 6-24:
# Warning 3: deprecated: Lazy.lazy_from_fun
# E: Failure("Command ''/home/opam/.opam/4.02.0+trunk/bin/ocamlbuild' src/exenum_internals.cma src/exenum_internals.cmxa src/exenum_internals.a src/exenum_internals.cmxs src/exenum.cma src/exenum.cmxa src/exenum.a src/exenum.cmxs test/test_enum.native test/test_serious.native example/lambda.native -tag debug' terminated with error code 2")


#===================== ERROR while installing ounit.2.0.0 =====================#
# opam-version         1.2.0~beta4
# os                   linux
# command              make build
# path                 /home/opam/.opam/4.02.0+trunk/build/ounit.2.0.0
# compiler             4.02.0+trunk
# exit-code            2
# env-file             /home/opam/.opam/4.02.0+trunk/build/ounit.2.0.0/ounit-651-d0f245.env
# stdout-file          /home/opam/.opam/4.02.0+trunk/build/ounit.2.0.0/ounit-651-d0f245.out
# stderr-file          /home/opam/.opam/4.02.0+trunk/build/ounit.2.0.0/ounit-651-d0f245.err
### stdout ###
# ...[truncated]
# Compiler support generation of .cmxs.: ............... true
# OCamlbuild additional flags: ......................... 
# Create documentations: ............................... true
# Compile tests executable and library and run them: ... false
# pkg_unix: ............................................ /home/opam/.opam/4.02.0+trunk/lib/ocaml
# pkg_threads: ......................................... /home/opam/.opam/4.02.0+trunk/lib/ocaml
# ocamldoc: ............................................ /home/opam/.opam/4.02.0+trunk/bin/ocamldoc
# 
# ocaml setup.ml -build 
# Failure: TODO.
### stderr ###
# ...[truncated]
# File "/home/gildor/programmation/oasis/src/oasis/OASISFindlib.ml", line 256, characters 6-24:
# Warning 3: deprecated: Lazy.lazy_from_fun
# File "/home/gildor/programmation/oasis/src/oasis/OASISString.ml", line 118, characters 8-26:
# Warning 3: deprecated: String.set
# File "/home/gildor/programmation/oasis/src/oasis/OASISFindlib.ml", line 256, characters 6-24:
# Warning 3: deprecated: Lazy.lazy_from_fun
# W: Cannot find source file matching module 'OUnitLoggerHTMLData' in library oUnitAdvanced
# W: Cannot find source file matching module 'OUnitLoggerHTMLData' in library oUnitAdvanced
# E: Failure("Command ''/home/opam/.opam/4.02.0+trunk/bin/ocamlbuild' src/oUnitAdvanced.cma src/oUnitAdvanced.cmxa src/oUnitAdvanced.a src/oUnitAdvanced.cmxs src/oUnit.cma src/oUnit.cmxa src/oUnit.a src/oUnit.cmxs src/oUnitThreads.cma src/oUnitThreads.cmxa src/oUnitThreads.a src/oUnitThreads.cmxs -tag debug' terminated with error code 2")
# make: *** [build] Error 1

'opam install cryptodbm' failed.
