++ opam install github -e ubuntu
+ depext='clasp version 2.1.4
Reading from out7fN2cu/gringo_out
Solving...
Answer: 10
in("github",20) in("base-bigarray",1) in("base-unix",1) in("ocamlfind",6) in("bas
OPTIMUM FOUND

Models      : 1     
  Enumerated: 10
  Optimum   : yes
Optimization: 0 0 25
Time        : 0.035s (Solving: 0.00s 1st Model: 0.00s Unsat: 0.00s)
CPU Time    : 0.030s
Choices     : 239
Conflicts   : 51
Restarts    : 0     

Atoms       : 30224 
Rules       : 33862  (1: 33626 2: 22 3: 211 6: 3)
Bodies      : 1147  
Equivalences: 60784  (Atom=Atom: 29649 Body=Body: 318 Other: 30817)
Tight       : Yes

Variables   : 847    (Eliminated:  275 Frozen:  275)
Constraints : 2170   (Binary: 91.8% Ternary:  0.9% Other:  7.3%)
Lemmas      : 51     (Binary: 23.5% Ternary: 11.8% Other: 64.7%)
  Conflict  : 51     (Average Length: 8.2) 
  Loop      : 0      (Average Length: 0.0) 
  Other     : 0      (Average Length: 0.0)
  Deleted   : 0     

Backtracks          : 0     
Backjumps           : 51     (Bounded: 0)
Skippable Levels    : 142    (Skipped: 142 Rate: 100.0%)
Max Jump Length     : 31     (Executed: 31)
Max Bound Length    : 0     
Average Jump Length : 2.8    (Executed: 2.8)
Average Bound Length: 0.0   
Average Model Length: 15.8  
/usr/share/aspcud/encodings/misc2012.lp:150:57-76: warning: atom is undefined:
  recommends(P,V,D,W)

/usr/share/aspcud/encodings/misc2012.lp:148:57-75: warning: atom is undefined:
  attribute(P,V,A,X)

/usr/share/aspcud/encodings/misc2012.lp:138:57-76: warning: atom is undefined:
  recommends(P,V,D,W)

/usr/share/aspcud/encodings/misc2012.lp:164:42-61: warning: atom is undefined:
  recommends(P,V,D,W)

/usr/share/aspcud/encodings/misc2012.lp:161:63-81: warning: atom is undefined:
  attribute(P,V,A,X)

/usr/share/aspcud/encodings/misc2012.lp:109:50-68: warning: atom is undefined:
  attribute(P,V,A,X)

/usr/share/aspcud/encodings/misc2012.lp:109:70-88: warning: atom is undefined:
  attribute(P,V,B,Y)

/usr/share/aspcud/encodings/misc2012.lp:30:22-41: warning: atom is undefined:
  recommends(P,V,D,W)

libssl-dev'
+ echo Ubuntu depexts: clasp version 2.1.4 Reading from out7fN2cu/gringo_out Solving... Answer: 10 'in("github",20)' 'in("base-bigarray",1)' 'in("base-unix",1)' 'in("ocamlfind",6)' 'in("bas' OPTIMUM FOUND Models : 1 Enumerated: 10 Optimum : yes Optimization: 0 0 25 Time : 0.035s '(Solving:' 0.00s 1st Model: 0.00s Unsat: '0.00s)' CPU Time : 0.030s Choices : 239 Conflicts : 51 Restarts : 0 Atoms : 30224 Rules : 33862 '(1:' 33626 2: 22 3: 211 6: '3)' Bodies : 1147 Equivalences: 60784 '(Atom=Atom:' 29649 Body=Body: 318 Other: '30817)' Tight : Yes Variables : 847 '(Eliminated:' 275 Frozen: '275)' Constraints : 2170 '(Binary:' 91.8% Ternary: 0.9% Other: '7.3%)' Lemmas : 51 '(Binary:' 23.5% Ternary: 11.8% Other: '64.7%)' Conflict : 51 '(Average' Length: '8.2)' Loop : 0 '(Average' Length: '0.0)' Other : 0 '(Average' Length: '0.0)' Deleted : 0 Backtracks : 0 Backjumps : 51 '(Bounded:' '0)' Skippable Levels : 142 '(Skipped:' 142 Rate: '100.0%)' Max Jump Length : 31 '(Executed:' '31)' Max Bound Length : 0 Average Jump Length : 2.8 '(Executed:' '2.8)' Average Bound Length: 0.0 Average Model Length: 15.8 /usr/share/aspcud/encodings/misc2012.lp:150:57-76: warning: atom is undefined: 'recommends(P,V,D,W)' /usr/share/aspcud/encodings/misc2012.lp:148:57-75: warning: atom is undefined: 'attribute(P,V,A,X)' /usr/share/aspcud/encodings/misc2012.lp:138:57-76: warning: atom is undefined: 'recommends(P,V,D,W)' /usr/share/aspcud/encodings/misc2012.lp:164:42-61: warning: atom is undefined: 'recommends(P,V,D,W)' /usr/share/aspcud/encodings/misc2012.lp:161:63-81: warning: atom is undefined: 'attribute(P,V,A,X)' /usr/share/aspcud/encodings/misc2012.lp:109:50-68: warning: atom is undefined: 'attribute(P,V,A,X)' /usr/share/aspcud/encodings/misc2012.lp:109:70-88: warning: atom is undefined: 'attribute(P,V,B,Y)' /usr/share/aspcud/encodings/misc2012.lp:30:22-41: warning: atom is undefined: 'recommends(P,V,D,W)' libssl-dev
+ '[' 'clasp version 2.1.4
Reading from out7fN2cu/gringo_out
Solving...
Answer: 10
in("github",20) in("base-bigarray",1) in("base-unix",1) in("ocamlfind",6) in("bas
OPTIMUM FOUND

Models      : 1     
  Enumerated: 10
  Optimum   : yes
Optimization: 0 0 25
Time        : 0.035s (Solving: 0.00s 1st Model: 0.00s Unsat: 0.00s)
CPU Time    : 0.030s
Choices     : 239
Conflicts   : 51
Restarts    : 0     

Atoms       : 30224 
Rules       : 33862  (1: 33626 2: 22 3: 211 6: 3)
Bodies      : 1147  
Equivalences: 60784  (Atom=Atom: 29649 Body=Body: 318 Other: 30817)
Tight       : Yes

Variables   : 847    (Eliminated:  275 Frozen:  275)
Constraints : 2170   (Binary: 91.8% Ternary:  0.9% Other:  7.3%)
Lemmas      : 51     (Binary: 23.5% Ternary: 11.8% Other: 64.7%)
  Conflict  : 51     (Average Length: 8.2) 
  Loop      : 0      (Average Length: 0.0) 
  Other     : 0      (Average Length: 0.0)
  Deleted   : 0     

Backtracks          : 0     
Backjumps           : 51     (Bounded: 0)
Skippable Levels    : 142    (Skipped: 142 Rate: 100.0%)
Max Jump Length     : 31     (Executed: 31)
Max Bound Length    : 0     
Average Jump Length : 2.8    (Executed: 2.8)
Average Bound Length: 0.0   
Average Model Length: 15.8  
/usr/share/aspcud/encodings/misc2012.lp:150:57-76: warning: atom is undefined:
  recommends(P,V,D,W)

/usr/share/aspcud/encodings/misc2012.lp:148:57-75: warning: atom is undefined:
  attribute(P,V,A,X)

/usr/share/aspcud/encodings/misc2012.lp:138:57-76: warning: atom is undefined:
  recommends(P,V,D,W)

/usr/share/aspcud/encodings/misc2012.lp:164:42-61: warning: atom is undefined:
  recommends(P,V,D,W)

/usr/share/aspcud/encodings/misc2012.lp:161:63-81: warning: atom is undefined:
  attribute(P,V,A,X)

/usr/share/aspcud/encodings/misc2012.lp:109:50-68: warning: atom is undefined:
  attribute(P,V,A,X)

/usr/share/aspcud/encodings/misc2012.lp:109:70-88: warning: atom is undefined:
  attribute(P,V,B,Y)

/usr/share/aspcud/encodings/misc2012.lp:30:22-41: warning: atom is undefined:
  recommends(P,V,D,W)

libssl-dev' '!=' '' ']'
+ sudo apt-get install -qq -y build-essential m4
Ubuntu depexts: clasp version 2.1.4 Reading from out7fN2cu/gringo_out Solving... Answer: 10 in("github",20) in("base-bigarray",1) in("base-unix",1) in("ocamlfind",6) in("bas OPTIMUM FOUND Models : 1 Enumerated: 10 Optimum : yes Optimization: 0 0 25 Time : 0.035s (Solving: 0.00s 1st Model: 0.00s Unsat: 0.00s) CPU Time : 0.030s Choices : 239 Conflicts : 51 Restarts : 0 Atoms : 30224 Rules : 33862 (1: 33626 2: 22 3: 211 6: 3) Bodies : 1147 Equivalences: 60784 (Atom=Atom: 29649 Body=Body: 318 Other: 30817) Tight : Yes Variables : 847 (Eliminated: 275 Frozen: 275) Constraints : 2170 (Binary: 91.8% Ternary: 0.9% Other: 7.3%) Lemmas : 51 (Binary: 23.5% Ternary: 11.8% Other: 64.7%) Conflict : 51 (Average Length: 8.2) Loop : 0 (Average Length: 0.0) Other : 0 (Average Length: 0.0) Deleted : 0 Backtracks : 0 Backjumps : 51 (Bounded: 0) Skippable Levels : 142 (Skipped: 142 Rate: 100.0%) Max Jump Length : 31 (Executed: 31) Max Bound Length : 0 Average Jump Length : 2.8 (Executed: 2.8) Average Bound Length: 0.0 Average Model Length: 15.8 /usr/share/aspcud/encodings/misc2012.lp:150:57-76: warning: atom is undefined: recommends(P,V,D,W) /usr/share/aspcud/encodings/misc2012.lp:148:57-75: warning: atom is undefined: attribute(P,V,A,X) /usr/share/aspcud/encodings/misc2012.lp:138:57-76: warning: atom is undefined: recommends(P,V,D,W) /usr/share/aspcud/encodings/misc2012.lp:164:42-61: warning: atom is undefined: recommends(P,V,D,W) /usr/share/aspcud/encodings/misc2012.lp:161:63-81: warning: atom is undefined: attribute(P,V,A,X) /usr/share/aspcud/encodings/misc2012.lp:109:50-68: warning: atom is undefined: attribute(P,V,A,X) /usr/share/aspcud/encodings/misc2012.lp:109:70-88: warning: atom is undefined: attribute(P,V,B,Y) /usr/share/aspcud/encodings/misc2012.lp:30:22-41: warning: atom is undefined: recommends(P,V,D,W) libssl-dev
+ sudo apt-get install -qq -y clasp version 2.1.4 Reading from out7fN2cu/gringo_out Solving... Answer: 10 'in("github",20)' 'in("base-bigarray",1)' 'in("base-unix",1)' 'in("ocamlfind",6)' 'in("bas' OPTIMUM FOUND Models : 1 Enumerated: 10 Optimum : yes Optimization: 0 0 25 Time : 0.035s '(Solving:' 0.00s 1st Model: 0.00s Unsat: '0.00s)' CPU Time : 0.030s Choices : 239 Conflicts : 51 Restarts : 0 Atoms : 30224 Rules : 33862 '(1:' 33626 2: 22 3: 211 6: '3)' Bodies : 1147 Equivalences: 60784 '(Atom=Atom:' 29649 Body=Body: 318 Other: '30817)' Tight : Yes Variables : 847 '(Eliminated:' 275 Frozen: '275)' Constraints : 2170 '(Binary:' 91.8% Ternary: 0.9% Other: '7.3%)' Lemmas : 51 '(Binary:' 23.5% Ternary: 11.8% Other: '64.7%)' Conflict : 51 '(Average' Length: '8.2)' Loop : 0 '(Average' Length: '0.0)' Other : 0 '(Average' Length: '0.0)' Deleted : 0 Backtracks : 0 Backjumps : 51 '(Bounded:' '0)' Skippable Levels : 142 '(Skipped:' 142 Rate: '100.0%)' Max Jump Length : 31 '(Executed:' '31)' Max Bound Length : 0 Average Jump Length : 2.8 '(Executed:' '2.8)' Average Bound Length: 0.0 Average Model Length: 15.8 /usr/share/aspcud/encodings/misc2012.lp:150:57-76: warning: atom is undefined: 'recommends(P,V,D,W)' /usr/share/aspcud/encodings/misc2012.lp:148:57-75: warning: atom is undefined: 'attribute(P,V,A,X)' /usr/share/aspcud/encodings/misc2012.lp:138:57-76: warning: atom is undefined: 'recommends(P,V,D,W)' /usr/share/aspcud/encodings/misc2012.lp:164:42-61: warning: atom is undefined: 'recommends(P,V,D,W)' /usr/share/aspcud/encodings/misc2012.lp:161:63-81: warning: atom is undefined: 'attribute(P,V,A,X)' /usr/share/aspcud/encodings/misc2012.lp:109:50-68: warning: atom is undefined: 'attribute(P,V,A,X)' /usr/share/aspcud/encodings/misc2012.lp:109:70-88: warning: atom is undefined: 'attribute(P,V,B,Y)' /usr/share/aspcud/encodings/misc2012.lp:30:22-41: warning: atom is undefined: 'recommends(P,V,D,W)' libssl-dev
E: Unable to locate package version
E: Unable to locate package Reading
E: Unable to locate package from
E: Unable to locate package out7fN2cu
E: Unable to locate package Solving...
E: Couldn't find any package by regex 'Solving...'
E: Unable to locate package Answer
E: Unable to locate package 10
E: Unable to locate package in("github",20)
E: Unable to locate package in("base-bigarray",1)
E: Unable to locate package in("base-unix",1)
E: Unable to locate package in("ocamlfind",6)
E: Unable to locate package in("bas
E: Unable to locate package OPTIMUM
E: Unable to locate package FOUND
E: Unable to locate package Models
E: Unable to locate package 
E: Unable to locate package 1
E: Unable to locate package Enumerated
E: Unable to locate package 10
E: Unable to locate package Optimum
E: Unable to locate package 
E: Unable to locate package yes
E: Unable to locate package Optimization
E: Unable to locate package 0
E: Unable to locate package 0
E: Unable to locate package 25
E: Unable to locate package 
E: Unable to locate package 0.035s
E: Couldn't find any package by regex '0.035s'
E: Unable to locate package (Solving
E: Unable to locate package 0.00s
E: Couldn't find any package by regex '0.00s'
E: Unable to locate package 1st
E: Unable to locate package Model
E: Unable to locate package 0.00s
E: Couldn't find any package by regex '0.00s'
E: Unable to locate package Unsat
E: Unable to locate package 0.00s)
E: Couldn't find any package by regex '0.00s)'
E: Unable to locate package 
E: Unable to locate package 0.030s
E: Couldn't find any package by regex '0.030s'
E: Unable to locate package Choices
E: Unable to locate package 
E: Unable to locate package 239
E: Unable to locate package Conflicts
E: Unable to locate package 
E: Unable to locate package 51
E: Unable to locate package Restarts
E: Unable to locate package 
E: Unable to locate package 0
E: Unable to locate package Atoms
E: Unable to locate package 
E: Unable to locate package 30224
E: Unable to locate package Rules
E: Unable to locate package 
E: Unable to locate package 33862
E: Unable to locate package (1
E: Unable to locate package 33626
E: Unable to locate package 2
E: Unable to locate package 22
E: Unable to locate package 3
E: Unable to locate package 211
E: Unable to locate package 6
E: Unable to locate package 3)
E: Unable to locate package Bodies
E: Unable to locate package 
E: Unable to locate package 1147
E: Unable to locate package Equivalences
E: Unable to locate package 60784
E: Unable to locate package (Atom
E: Unable to locate package 29649
E: Unable to locate package Body
E: Unable to locate package 318
E: Unable to locate package Other
E: Unable to locate package 30817)
E: Unable to locate package Tight
E: Unable to locate package 
E: Unable to locate package Yes
E: Unable to locate package Variables
E: Unable to locate package 
E: Unable to locate package 847
E: Unable to locate package (Eliminated
E: Unable to locate package 275
E: Unable to locate package Frozen
E: Unable to locate package 275)
E: Unable to locate package Constraints
E: Unable to locate package 
E: Unable to locate package 2170
E: Unable to locate package (Binary
E: Unable to locate package 91.8%
E: Couldn't find any package by regex '91.8%'
E: Unable to locate package Ternary
E: Unable to locate package 0.9%
E: Couldn't find any package by regex '0.9%'
E: Unable to locate package Other
E: Unable to locate package 7.3%)
E: Couldn't find any package by regex '7.3%)'
E: Unable to locate package Lemmas
E: Unable to locate package 
E: Unable to locate package 51
E: Unable to locate package (Binary
E: Unable to locate package 23.5%
E: Couldn't find any package by regex '23.5%'
E: Unable to locate package Ternary
E: Unable to locate package 11.8%
E: Couldn't find any package by regex '11.8%'
E: Unable to locate package Other
E: Unable to locate package 64.7%)
E: Couldn't find any package by regex '64.7%)'
E: Unable to locate package Conflict
E: Unable to locate package 
E: Unable to locate package 51
E: Unable to locate package (Average
E: Unable to locate package Length
E: Unable to locate package 8.2)
E: Couldn't find any package by regex '8.2)'
E: Unable to locate package Loop
E: Unable to locate package 
E: Unable to locate package 0
E: Unable to locate package (Average
E: Unable to locate package Length
E: Unable to locate package 0.0)
E: Couldn't find any package by regex '0.0)'
E: Unable to locate package Other
E: Unable to locate package 
E: Unable to locate package 0
E: Unable to locate package (Average
E: Unable to locate package Length
E: Unable to locate package 0.0)
E: Couldn't find any package by regex '0.0)'
E: Unable to locate package Deleted
E: Unable to locate package 
E: Unable to locate package 0
E: Unable to locate package Backtracks
E: Unable to locate package 
E: Unable to locate package 0
E: Unable to locate package Backjumps
E: Unable to locate package 
E: Unable to locate package 51
E: Unable to locate package (Bounded
E: Unable to locate package 0)
E: Unable to locate package Skippable
E: Unable to locate package Levels
E: Unable to locate package 
E: Unable to locate package 142
E: Unable to locate package (Skipped
E: Unable to locate package 142
E: Unable to locate package Rate
E: Unable to locate package 100.0%)
E: Couldn't find any package by regex '100.0%)'
E: Unable to locate package Max
E: Unable to locate package Jump
E: Unable to locate package Length
E: Unable to locate package 
E: Unable to locate package 31
E: Unable to locate package (Executed
E: Unable to locate package 31)
E: Unable to locate package Max
E: Unable to locate package Bound
E: Unable to locate package Length
E: Unable to locate package 
E: Unable to locate package 0
E: Unable to locate package Average
E: Unable to locate package Jump
E: Unable to locate package Length
E: Unable to locate package 
E: Unable to locate package (Executed
E: Unable to locate package 2.8)
E: Couldn't find any package by regex '2.8)'
E: Unable to locate package Average
E: Unable to locate package Bound
E: Unable to locate package Length
E: Unable to locate package Average
E: Unable to locate package Model
E: Unable to locate package Length
E: Unable to locate package 15.8
E: Couldn't find any package by regex '15.8'
E: Unable to locate package /usr/share/aspcud/encodings
E: Unable to locate package warning
E: Unable to locate package atom
E: Unable to locate package is
E: Unable to locate package undefined
E: Unable to locate package recommends(P,V,D,W)
E: Unable to locate package /usr/share/aspcud/encodings
E: Unable to locate package warning
E: Unable to locate package atom
E: Unable to locate package is
E: Unable to locate package undefined
E: Unable to locate package attribute(P,V,A,X)
E: Unable to locate package /usr/share/aspcud/encodings
E: Unable to locate package warning
E: Unable to locate package atom
E: Unable to locate package is
E: Unable to locate package undefined
E: Unable to locate package recommends(P,V,D,W)
E: Unable to locate package /usr/share/aspcud/encodings
E: Unable to locate package warning
E: Unable to locate package atom
E: Unable to locate package is
E: Unable to locate package undefined
E: Unable to locate package recommends(P,V,D,W)
E: Unable to locate package /usr/share/aspcud/encodings
E: Unable to locate package warning
E: Unable to locate package atom
E: Unable to locate package is
E: Unable to locate package undefined
E: Unable to locate package attribute(P,V,A,X)
E: Unable to locate package /usr/share/aspcud/encodings
E: Unable to locate package warning
E: Unable to locate package atom
E: Unable to locate package is
E: Unable to locate package undefined
E: Unable to locate package attribute(P,V,A,X)
E: Unable to locate package /usr/share/aspcud/encodings
E: Unable to locate package warning
E: Unable to locate package atom
E: Unable to locate package is
E: Unable to locate package undefined
E: Unable to locate package attribute(P,V,B,Y)
E: Unable to locate package /usr/share/aspcud/encodings
E: Unable to locate package warning
E: Unable to locate package atom
E: Unable to locate package is
E: Unable to locate package undefined
E: Unable to locate package recommends(P,V,D,W)
++ opam install github -e source,linux
+ srcext='clasp version 2.1.4
Reading from outS9G0jr/gringo_out
Solving...
Answer: 10
in("github",20) in("base-bigarray",1) in("base-unix",1) in("ocamlfind",6) in("bas
OPTIMUM FOUND

Models      : 1     
  Enumerated: 10
  Optimum   : yes
Optimization: 0 0 25
Time        : 0.035s (Solving: 0.00s 1st Model: 0.00s Unsat: 0.00s)
CPU Time    : 0.030s
Choices     : 239
Conflicts   : 51
Restarts    : 0     

Atoms       : 30224 
Rules       : 33862  (1: 33626 2: 22 3: 211 6: 3)
Bodies      : 1147  
Equivalences: 60784  (Atom=Atom: 29649 Body=Body: 318 Other: 30817)
Tight       : Yes

Variables   : 847    (Eliminated:  275 Frozen:  275)
Constraints : 2170   (Binary: 91.8% Ternary:  0.9% Other:  7.3%)
Lemmas      : 51     (Binary: 23.5% Ternary: 11.8% Other: 64.7%)
  Conflict  : 51     (Average Length: 8.2) 
  Loop      : 0      (Average Length: 0.0) 
  Other     : 0      (Average Length: 0.0)
  Deleted   : 0     

Backtracks          : 0     
Backjumps           : 51     (Bounded: 0)
Skippable Levels    : 142    (Skipped: 142 Rate: 100.0%)
Max Jump Length     : 31     (Executed: 31)
Max Bound Length    : 0     
Average Jump Length : 2.8    (Executed: 2.8)
Average Bound Length: 0.0   
Average Model Length: 15.8  
/usr/share/aspcud/encodings/misc2012.lp:150:57-76: warning: atom is undefined:
  recommends(P,V,D,W)

/usr/share/aspcud/encodings/misc2012.lp:148:57-75: warning: atom is undefined:
  attribute(P,V,A,X)

/usr/share/aspcud/encodings/misc2012.lp:138:57-76: warning: atom is undefined:
  recommends(P,V,D,W)

/usr/share/aspcud/encodings/misc2012.lp:164:42-61: warning: atom is undefined:
  recommends(P,V,D,W)

/usr/share/aspcud/encodings/misc2012.lp:161:63-81: warning: atom is undefined:
  attribute(P,V,A,X)

/usr/share/aspcud/encodings/misc2012.lp:109:50-68: warning: atom is undefined:
  attribute(P,V,A,X)

/usr/share/aspcud/encodings/misc2012.lp:109:70-88: warning: atom is undefined:
  attribute(P,V,B,Y)

/usr/share/aspcud/encodings/misc2012.lp:30:22-41: warning: atom is undefined:
  recommends(P,V,D,W)'
+ echo Ubuntu srcexts: clasp version 2.1.4 Reading from outS9G0jr/gringo_out Solving... Answer: 10 'in("github",20)' 'in("base-bigarray",1)' 'in("base-unix",1)' 'in("ocamlfind",6)' 'in("bas' OPTIMUM FOUND Models : 1 Enumerated: 10 Optimum : yes Optimization: 0 0 25 Time : 0.035s '(Solving:' 0.00s 1st Model: 0.00s Unsat: '0.00s)' CPU Time : 0.030s Choices : 239 Conflicts : 51 Restarts : 0 Atoms : 30224 Rules : 33862 '(1:' 33626 2: 22 3: 211 6: '3)' Bodies : 1147 Equivalences: 60784 '(Atom=Atom:' 29649 Body=Body: 318 Other: '30817)' Tight : Yes Variables : 847 '(Eliminated:' 275 Frozen: '275)' Constraints : 2170 '(Binary:' 91.8% Ternary: 0.9% Other: '7.3%)' Lemmas : 51 '(Binary:' 23.5% Ternary: 11.8% Other: '64.7%)' Conflict : 51 '(Average' Length: '8.2)' Loop : 0 '(Average' Length: '0.0)' Other : 0 '(Average' Length: '0.0)' Deleted : 0 Backtracks : 0 Backjumps : 51 '(Bounded:' '0)' Skippable Levels : 142 '(Skipped:' 142 Rate: '100.0%)' Max Jump Length : 31 '(Executed:' '31)' Max Bound Length : 0 Average Jump Length : 2.8 '(Executed:' '2.8)' Average Bound Length: 0.0 Average Model Length: 15.8 /usr/share/aspcud/encodings/misc2012.lp:150:57-76: warning: atom is undefined: 'recommends(P,V,D,W)' /usr/share/aspcud/encodings/misc2012.lp:148:57-75: warning: atom is undefined: 'attribute(P,V,A,X)' /usr/share/aspcud/encodings/misc2012.lp:138:57-76: warning: atom is undefined: 'recommends(P,V,D,W)' /usr/share/aspcud/encodings/misc2012.lp:164:42-61: warning: atom is undefined: 'recommends(P,V,D,W)' /usr/share/aspcud/encodings/misc2012.lp:161:63-81: warning: atom is undefined: 'attribute(P,V,A,X)' /usr/share/aspcud/encodings/misc2012.lp:109:50-68: warning: atom is undefined: 'attribute(P,V,A,X)' /usr/share/aspcud/encodings/misc2012.lp:109:70-88: warning: atom is undefined: 'attribute(P,V,B,Y)' /usr/share/aspcud/encodings/misc2012.lp:30:22-41: warning: atom is undefined: 'recommends(P,V,D,W)'
+ '[' 'clasp version 2.1.4
Reading from outS9G0jr/gringo_out
Solving...
Answer: 10
in("github",20) in("base-bigarray",1) in("base-unix",1) in("ocamlfind",6) in("bas
OPTIMUM FOUND

Models      : 1     
  Enumerated: 10
  Optimum   : yes
Optimization: 0 0 25
Time        : 0.035s (Solving: 0.00s 1st Model: 0.00s Unsat: 0.00s)
CPU Time    : 0.030s
Choices     : 239
Conflicts   : 51
Restarts    : 0     

Atoms       : 30224 
Rules       : 33862  (1: 33626 2: 22 3: 211 6: 3)
Bodies      : 1147  
Equivalences: 60784  (Atom=Atom: 29649 Body=Body: 318 Other: 30817)
Tight       : Yes

Variables   : 847    (Eliminated:  275 Frozen:  275)
Constraints : 2170   (Binary: 91.8% Ternary:  0.9% Other:  7.3%)
Lemmas      : 51     (Binary: 23.5% Ternary: 11.8% Other: 64.7%)
  Conflict  : 51     (Average Length: 8.2) 
  Loop      : 0      (Average Length: 0.0) 
  Other     : 0      (Average Length: 0.0)
  Deleted   : 0     

Backtracks          : 0     
Backjumps           : 51     (Bounded: 0)
Skippable Levels    : 142    (Skipped: 142 Rate: 100.0%)
Max Jump Length     : 31     (Executed: 31)
Max Bound Length    : 0     
Average Jump Length : 2.8    (Executed: 2.8)
Average Bound Length: 0.0   
Average Model Length: 15.8  
/usr/share/aspcud/encodings/misc2012.lp:150:57-76: warning: atom is undefined:
  recommends(P,V,D,W)

/usr/share/aspcud/encodings/misc2012.lp:148:57-75: warning: atom is undefined:
  attribute(P,V,A,X)

/usr/share/aspcud/encodings/misc2012.lp:138:57-76: warning: atom is undefined:
  recommends(P,V,D,W)

/usr/share/aspcud/encodings/misc2012.lp:164:42-61: warning: atom is undefined:
  recommends(P,V,D,W)

/usr/share/aspcud/encodings/misc2012.lp:161:63-81: warning: atom is undefined:
  attribute(P,V,A,X)

/usr/share/aspcud/encodings/misc2012.lp:109:50-68: warning: atom is undefined:
  attribute(P,V,A,X)

/usr/share/aspcud/encodings/misc2012.lp:109:70-88: warning: atom is undefined:
  attribute(P,V,B,Y)

/usr/share/aspcud/encodings/misc2012.lp:30:22-41: warning: atom is undefined:
  recommends(P,V,D,W)' '!=' '' ']'
++ mktemp
Ubuntu srcexts: clasp version 2.1.4 Reading from outS9G0jr/gringo_out Solving... Answer: 10 in("github",20) in("base-bigarray",1) in("base-unix",1) in("ocamlfind",6) in("bas OPTIMUM FOUND Models : 1 Enumerated: 10 Optimum : yes Optimization: 0 0 25 Time : 0.035s (Solving: 0.00s 1st Model: 0.00s Unsat: 0.00s) CPU Time : 0.030s Choices : 239 Conflicts : 51 Restarts : 0 Atoms : 30224 Rules : 33862 (1: 33626 2: 22 3: 211 6: 3) Bodies : 1147 Equivalences: 60784 (Atom=Atom: 29649 Body=Body: 318 Other: 30817) Tight : Yes Variables : 847 (Eliminated: 275 Frozen: 275) Constraints : 2170 (Binary: 91.8% Ternary: 0.9% Other: 7.3%) Lemmas : 51 (Binary: 23.5% Ternary: 11.8% Other: 64.7%) Conflict : 51 (Average Length: 8.2) Loop : 0 (Average Length: 0.0) Other : 0 (Average Length: 0.0) Deleted : 0 Backtracks : 0 Backjumps : 51 (Bounded: 0) Skippable Levels : 142 (Skipped: 142 Rate: 100.0%) Max Jump Length : 31 (Executed: 31) Max Bound Length : 0 Average Jump Length : 2.8 (Executed: 2.8) Average Bound Length: 0.0 Average Model Length: 15.8 /usr/share/aspcud/encodings/misc2012.lp:150:57-76: warning: atom is undefined: recommends(P,V,D,W) /usr/share/aspcud/encodings/misc2012.lp:148:57-75: warning: atom is undefined: attribute(P,V,A,X) /usr/share/aspcud/encodings/misc2012.lp:138:57-76: warning: atom is undefined: recommends(P,V,D,W) /usr/share/aspcud/encodings/misc2012.lp:164:42-61: warning: atom is undefined: recommends(P,V,D,W) /usr/share/aspcud/encodings/misc2012.lp:161:63-81: warning: atom is undefined: attribute(P,V,A,X) /usr/share/aspcud/encodings/misc2012.lp:109:50-68: warning: atom is undefined: attribute(P,V,A,X) /usr/share/aspcud/encodings/misc2012.lp:109:70-88: warning: atom is undefined: attribute(P,V,B,Y) /usr/share/aspcud/encodings/misc2012.lp:30:22-41: warning: atom is undefined: recommends(P,V,D,W)
+ t=/tmp/tmp.mSRGsh6Oqi
+ curl -sL clasp version 2.1.4 Reading from outS9G0jr/gringo_out Solving... Answer: 10 'in("github",20)' 'in("base-bigarray",1)' 'in("base-unix",1)' 'in("ocamlfind",6)' 'in("bas' OPTIMUM FOUND Models : 1 Enumerated: 10 Optimum : yes Optimization: 0 0 25 Time : 0.035s '(Solving:' 0.00s 1st Model: 0.00s Unsat: '0.00s)' CPU Time : 0.030s Choices : 239 Conflicts : 51 Restarts : 0 Atoms : 30224 Rules : 33862 '(1:' 33626 2: 22 3: 211 6: '3)' Bodies : 1147 Equivalences: 60784 '(Atom=Atom:' 29649 Body=Body: 318 Other: '30817)' Tight : Yes Variables : 847 '(Eliminated:' 275 Frozen: '275)' Constraints : 2170 '(Binary:' 91.8% Ternary: 0.9% Other: '7.3%)' Lemmas : 51 '(Binary:' 23.5% Ternary: 11.8% Other: '64.7%)' Conflict : 51 '(Average' Length: '8.2)' Loop : 0 '(Average' Length: '0.0)' Other : 0 '(Average' Length: '0.0)' Deleted : 0 Backtracks : 0 Backjumps : 51 '(Bounded:' '0)' Skippable Levels : 142 '(Skipped:' 142 Rate: '100.0%)' Max Jump Length : 31 '(Executed:' '31)' Max Bound Length : 0 Average Jump Length : 2.8 '(Executed:' '2.8)' Average Bound Length: 0.0 Average Model Length: 15.8 /usr/share/aspcud/encodings/misc2012.lp:150:57-76: warning: atom is undefined: 'recommends(P,V,D,W)' /usr/share/aspcud/encodings/misc2012.lp:148:57-75: warning: atom is undefined: 'attribute(P,V,A,X)' /usr/share/aspcud/encodings/misc2012.lp:138:57-76: warning: atom is undefined: 'recommends(P,V,D,W)' /usr/share/aspcud/encodings/misc2012.lp:164:42-61: warning: atom is undefined: 'recommends(P,V,D,W)' /usr/share/aspcud/encodings/misc2012.lp:161:63-81: warning: atom is undefined: 'attribute(P,V,A,X)' /usr/share/aspcud/encodings/misc2012.lp:109:50-68: warning: atom is undefined: 'attribute(P,V,A,X)' /usr/share/aspcud/encodings/misc2012.lp:109:70-88: warning: atom is undefined: 'attribute(P,V,B,Y)' /usr/share/aspcud/encodings/misc2012.lp:30:22-41: warning: atom is undefined: 'recommends(P,V,D,W)'
+ bash -ex /tmp/tmp.mSRGsh6Oqi
+ opam install github
clasp version 2.1.4
Reading from outZZBjCp/gringo_out
Solving...
Answer: 10
in("github",20) in("base-bigarray",1) in("base-unix",1) in("ocamlfind",6) in("bas
OPTIMUM FOUND

Models      : 1     
  Enumerated: 10
  Optimum   : yes
Optimization: 0 0 25
Time        : 0.041s (Solving: 0.00s 1st Model: 0.00s Unsat: 0.00s)
CPU Time    : 0.030s
Choices     : 239
Conflicts   : 51
Restarts    : 0     

Atoms       : 30224 
Rules       : 33862  (1: 33626 2: 22 3: 211 6: 3)
Bodies      : 1147  
Equivalences: 60784  (Atom=Atom: 29649 Body=Body: 318 Other: 30817)
Tight       : Yes

Variables   : 847    (Eliminated:  275 Frozen:  275)
Constraints : 2170   (Binary: 91.8% Ternary:  0.9% Other:  7.3%)
Lemmas      : 51     (Binary: 23.5% Ternary: 11.8% Other: 64.7%)
  Conflict  : 51     (Average Length: 8.2) 
  Loop      : 0      (Average Length: 0.0) 
  Other     : 0      (Average Length: 0.0)
  Deleted   : 0     

Backtracks          : 0     
Backjumps           : 51     (Bounded: 0)
Skippable Levels    : 142    (Skipped: 142 Rate: 100.0%)
Max Jump Length     : 31     (Executed: 31)
Max Bound Length    : 0     
Average Jump Length : 2.8    (Executed: 2.8)
Average Bound Length: 0.0   
Average Model Length: 15.8  
/usr/share/aspcud/encodings/misc2012.lp:150:57-76: warning: atom is undefined:
  recommends(P,V,D,W)

/usr/share/aspcud/encodings/misc2012.lp:148:57-75: warning: atom is undefined:
  attribute(P,V,A,X)

/usr/share/aspcud/encodings/misc2012.lp:138:57-76: warning: atom is undefined:
  recommends(P,V,D,W)

/usr/share/aspcud/encodings/misc2012.lp:164:42-61: warning: atom is undefined:
  recommends(P,V,D,W)

/usr/share/aspcud/encodings/misc2012.lp:161:63-81: warning: atom is undefined:
  attribute(P,V,A,X)

/usr/share/aspcud/encodings/misc2012.lp:109:50-68: warning: atom is undefined:
  attribute(P,V,A,X)

/usr/share/aspcud/encodings/misc2012.lp:109:70-88: warning: atom is undefined:
  attribute(P,V,B,Y)

/usr/share/aspcud/encodings/misc2012.lp:30:22-41: warning: atom is undefined:
  recommends(P,V,D,W)

The following actions will be performed:
 - install   react.1.1.0                           [required by lambda-term]
 - install   re.1.2.2                              [required by cohttp]
 - install   cmdliner.0.9.5                        [required by github]
 - install   camlp4.4.02.0                         [required by fieldslib]
 - install   stringext.1.0.0                       [required by github]
 - install   cppo.0.9.4                            [required by yojson]
 - install   ounit.2.0.0                           [required by cohttp]
 - install   ssl.0.4.7                             [required by github]
 - install   easy-format.1.0.2                     [required by yojson, atd, biniou]
 - install   menhir.20130912                       [required by atd]
 - install   type_conv.111.13.00                   [required by uri, fieldslib]
 - install   camomile.0.8.5                        [required by zed]
 - install   lwt.2.4.5                             [required by github]
 - install   biniou.1.0.9                          [required by atdgen]
 - install   atd.1.1.2                             [required by atdgen]
 - install   sexplib.111.25.00                     [required by cohttp]
 - install   fieldslib.109.20.03                   [required by cohttp]
 - install   zed.1.3                               [required by lambda-term]
 - install   yojson.1.1.8                          [required by github]
 - install   uri.1.7.2                             [required by github]
 - install   conduit.0.5.1                         [required by cohttp]
 - install   lambda-term.1.6                       [required by github]
 - install   atdgen.1.3.1                          [required by github]
 - install   cohttp.0.11.2                         [required by github]
 - install   github.0.8.6
=== 25 to install ===

=-=-=-=-=-=-=-=-=-=-=-=- Synchronizing package archives -=-=-=-=-=-=-=-=-=-=-=-=
[atd.1.1.2] Downloading http://mjambon.com/releases/atd/atd-1.1.2.tar.gz
[atdgen.1.3.1] Downloading http://mjambon.com/releases/atdgen/atdgen-1.3.1.tar.gz
[biniou.1.0.9] Downloading http://mjambon.com/releases/biniou/biniou-1.0.9.tar.gz
  % Total    % Received % Xferd  Average Speed   Time    Time     Time  Current
                                 Dload  Upload   Total   Spent    Left  Speed
  0     0    0     0    0     0      0      0 --:--:-- --:--:-- --:--:--     0  % Total    % Received % Xferd  Average Speed   Time    Time     Time  Current
                                 Dload  Upload   Total   Spent    Left  Speed
  0     0    0     0    0     0      0      0 --:--:-- --:--:-- --:--:--     0  % Total    % Received % Xferd  Average Speed   Time    Time     Time  Current
                                 Dload  Upload   Total   Spent    Left  Speed
  0     0    0     0    0     0      0      0 --:--:-- --:--:-- --:--:--     0100 23963  100 23963    0     0  57061      0 --:--:-- --:--:-- --:--:-- 57190
200
[camlp4.4.02.0] Fetching git://github.com/ocaml/camlp4#4.02
Initialized empty Git repository in /home/opam/.opam/packages.dev/camlp4.4.02.0/.git/
100 41082  100 41082    0     0  65298      0 --:--:-- --:--:-- --:--:-- 65417
200
[camomile.0.8.5] Downloading https://github.com/yoriyuki/Camomile/releases/download/rel-0.8.5/camomile-0.8.5.tar.bz2
  % Total    % Received % Xferd  Average Speed   Time    Time     Time  Current
                                 Dload  Upload   Total   Spent    Left  Speed
  0     0    0     0    0     0      0      0 --:--:-- --:--:-- --:--:--     0  0     0    0     0    0     0      0      0 --:--:-- --:--:-- --:--:--     0 96 73763   96 70813    0     0  72207      0  0:00:01 --:--:--  0:00:01 72184100 73763  100 73763    0     0  75187      0 --:--:-- --:--:-- --:--:-- 75191
200
[cmdliner.0.9.5] Downloading http://erratique.ch/software/cmdliner/releases/cmdliner-0.9.5.tbz
100   348    0   348    0     0    957      0 --:--:-- --:--:-- --:--:--   956
  % Total    % Received % Xferd  Average Speed   Time    Time     Time  Current
                                 Dload  Upload   Total   Spent    Left  Speed
  0     0    0     0    0     0      0      0 --:--:-- --:--:-- --:--:--     0100 47938  100 47938    0     0   380k      0 --:--:-- --:--:-- --:--:--  383k
200
[cohttp.0.11.2] Downloading https://github.com/mirage/ocaml-cohttp/archive/v0.11.2.tar.gz
  % Total    % Received % Xferd  Average Speed   Time    Time     Time  Current
                                 Dload  Upload   Total   Spent    Left  Speed
  0     0    0     0    0     0      0      0 --:--:-- --:--:-- --:--:--     0100   128    0   128    0     0    348      0 --:--:-- --:--:-- --:--:--   348
  2 2545k    2 53432    0     0  40887      0  0:01:03  0:00:01  0:01:02 40887  0  129k    0   853    0     0   1111      0  0:01:59 --:--:--  0:01:59  1111100  129k  100  129k    0     0   112k      0  0:00:01  0:00:01 --:--:--  339k
200
[conduit.0.5.1] Downloading https://github.com/mirage/ocaml-conduit/archive/v0.5.1.tar.gz
  % Total    % Received % Xferd  Average Speed   Time    Time     Time  Current
                                 Dload  Upload   Total   Spent    Left  Speed
  0     0    0     0    0     0      0      0 --:--:-- --:--:-- --:--:--     0100   128    0   128    0     0    317      0 --:--:-- --:--:-- --:--:--   317
 41 2545k   41 1065k    0     0   472k      0  0:00:05  0:00:02  0:00:03 1068k  0     0    0     0    0     0      0      0 --:--:-- --:--:-- --:--:--     0100  6712  100  6712    0     0   8770      0 --:--:-- --:--:-- --:--:-- 24676
200
[cppo.0.9.4] Downloading http://mjambon.com/releases/cppo/cppo-0.9.4.tar.gz
  % Total    % Received % Xferd  Average Speed   Time    Time     Time  Current
                                 Dload  Upload   Total   Spent    Left  Speed
  0     0    0     0    0     0      0      0 --:--:-- --:--:-- --:--:--     0100 2545k  100 2545k    0     0   897k      0  0:00:02  0:00:02 --:--:-- 1632k
200
[easy-format.1.0.2] Downloading http://mjambon.com/releases/easy-format/easy-format-1.0.2.tar.gz
  % Total    % Received % Xferd  Average Speed   Time    Time     Time  Current
                                 Dload  Upload   Total   Spent    Left  Speed
  0     0    0     0    0     0      0      0 --:--:-- --:--:-- --:--:--     0100 21419  100 21419    0     0  50962      0 --:--:-- --:--:-- --:--:-- 50997
200
[fieldslib.109.20.03] Downloading https://ocaml.janestreet.com/ocaml-core/109.20.00/individual/fieldslib-109.20.03.tar.gz
  % Total    % Received % Xferd  Average Speed   Time    Time     Time  Current
                                 Dload  Upload   Total   Spent    Left  Speed
  0     0    0     0    0     0      0      0 --:--:-- --:--:-- --:--:--     0  0     0    0     0    0     0      0      0 --:--:-- --:--:-- --:--:--     0 94 13679   94 12893    0     0  30637      0 --:--:-- --:--:-- --:--:-- 30624100 13679  100 13679    0     0  32481      0 --:--:-- --:--:-- --:--:-- 32491
200
[github.0.8.6] Downloading https://github.com/avsm/ocaml-github/archive/v0.8.6.tar.gz
  % Total    % Received % Xferd  Average Speed   Time    Time     Time  Current
                                 Dload  Upload   Total   Spent    Left  Speed
  0     0    0     0    0     0      0      0 --:--:-- --:--:-- --:--:--     0100 55847  100 55847    0     0  95390      0 --:--:-- --:--:-- --:--:-- 95302
200
[lambda-term.1.6] Downloading https://github.com/diml/lambda-term/archive/1.6.tar.gz
  % Total    % Received % Xferd  Average Speed   Time    Time     Time  Current
                                 Dload  Upload   Total   Spent    Left  Speed
  0     0    0     0    0     0      0      0 --:--:-- --:--:-- --:--:--     0100   125    0   125    0     0    338      0 --:--:-- --:--:-- --:--:--   339
100   121    0   121    0     0    336      0 --:--:-- --:--:-- --:--:--   337
  0     0    0 14129    0     0  16897      0 --:--:-- --:--:-- --:--:-- 16897  0     0    0     0    0     0      0      0 --:--:-- --:--:-- --:--:--     0  0     0    0 72487    0     0  71880      0 --:--:--  0:00:01 --:--:--  331k
200
[lwt.2.4.5] Downloading https://github.com/ocsigen/lwt/archive/2.4.5.tar.gz
  % Total    % Received % Xferd  Average Speed   Time    Time     Time  Current
                                 Dload  Upload   Total   Spent    Left  Speed
  0     0    0     0    0     0      0      0 --:--:-- --:--:-- --:--:--     0100   118    0   118    0     0    319      0 --:--:-- --:--:-- --:--:--   320
  0     0    0  144k    0     0   130k      0 --:--:--  0:00:01 --:--:--  254k
200
[menhir.20130912] Downloading http://cristal.inria.fr/~fpottier/menhir/menhir-20130911.tar.gz
  % Total    % Received % Xferd  Average Speed   Time    Time     Time  Current
                                 Dload  Upload   Total   Spent    Left  Speed
  0     0    0     0    0     0      0      0 --:--:-- --:--:-- --:--:--     0100  534k  100  534k    0     0  2027k      0 --:--:-- --:--:-- --:--:-- 2033k
200
  0  291k    0   863    0     0   1126      0  0:04:25 --:--:--  0:04:25  1126[ounit.2.0.0] Downloading http://forge.ocamlcore.org/frs/download.php/1258/ounit-2.0.0.tar.gz
  % Total    % Received % Xferd  Average Speed   Time    Time     Time  Current
                                 Dload  Upload   Total   Spent    Left  Speed
  0     0    0     0    0     0      0      0 --:--:-- --:--:-- --:--:--     0100  101k  100  101k    0     0   633k      0 --:--:-- --:--:-- --:--:--  635k
200
[re.1.2.2] Downloading https://github.com/ocaml/ocaml-re/archive/ocaml-re-1.2.2.tar.gz
  % Total    % Received % Xferd  Average Speed   Time    Time     Time  Current
                                 Dload  Upload   Total   Spent    Left  Speed
  0     0    0     0    0     0      0      0 --:--:-- --:--:-- --:--:--     0100  291k  100  291k    0     0   217k      0  0:00:01  0:00:01 --:--:--  508k
200
[react.1.1.0] Downloading http://erratique.ch/software/react/releases/react-1.1.0.tbz
100   130    0   130    0     0    365      0 --:--:-- --:--:-- --:--:--   366
  % Total    % Received % Xferd  Average Speed   Time    Time     Time  Current
                                 Dload  Upload   Total   Spent    Left  Speed
  0     0    0     0    0     0      0      0 --:--:-- --:--:-- --:--:--     0100 62472  100 62472    0     0   644k      0 --:--:-- --:--:-- --:--:--  649k
200
[sexplib.111.25.00] Downloading https://ocaml.janestreet.com/ocaml-core/111.25.00/individual/sexplib-111.25.00.tar.gz
  % Total    % Received % Xferd  Average Speed   Time    Time     Time  Current
                                 Dload  Upload   Total   Spent    Left  Speed
  0     0    0     0    0     0      0      0 --:--:-- --:--:-- --:--:--     0  0 89639    0   850    0     0   1185      0  0:01:15 --:--:--  0:01:15  1185  0     0    0     0    0     0      0      0 --:--:-- --:--:-- --:--:--     0100 89639  100 89639    0     0  91900      0 --:--:-- --:--:-- --:--:--  336k
200
[ssl.0.4.7] Downloading http://downloads.sourceforge.net/project/savonet/ocaml-ssl/0.4.7/ocaml-ssl-0.4.7.tar.gz
  % Total    % Received % Xferd  Average Speed   Time    Time     Time  Current
                                 Dload  Upload   Total   Spent    Left  Speed
  0     0    0     0    0     0      0      0 --:--:-- --:--:-- --:--:--     0100  131k  100  131k    0     0   173k      0 --:--:-- --:--:-- --:--:--  173k
200
[stringext.1.0.0] Downloading https://github.com/rgrinberg/stringext/archive/v1.0.0.tar.gz
  0     0    0     0    0     0      0      0 --:--:-- --:--:-- --:--:--     0
  % Total    % Received % Xferd  Average Speed   Time    Time     Time  Current
                                 Dload  Upload   Total   Spent    Left  Speed
  0     0    0     0    0     0      0      0 --:--:-- --:--:-- --:--:--     0100  116k  100  116k    0     0   224k      0 --:--:-- --:--:-- --:--:--  224k
200
[type_conv.111.13.00] Downloading https://ocaml.janestreet.com/ocaml-core/111.13.00/individual/type_conv-111.13.00.tar.gz
  % Total    % Received % Xferd  Average Speed   Time    Time     Time  Current
                                 Dload  Upload   Total   Spent    Left  Speed
  0     0    0     0    0     0      0      0 --:--:-- --:--:-- --:--:--     0  0     0    0     0    0     0      0      0 --:--:-- --:--:-- --:--:--     0  0     0    0     0    0     0      0      0 --:--:-- --:--:-- --:--:--     0100   127    0   127    0     0    306      0 --:--:-- --:--:-- --:--:--   306
100 61554  100 61554    0     0   102k      0 --:--:-- --:--:-- --:--:--  102k
200
[uri.1.7.2] Downloading https://github.com/mirage/ocaml-uri/archive/v1.7.2.tar.gz
100 44676  100 44676    0     0  47270      0 --:--:-- --:--:-- --:--:-- 47270
200
  % Total    % Received % Xferd  Average Speed   Time    Time     Time  Current
                                 Dload  Upload   Total   Spent    Left  Speed
  0     0    0     0    0     0      0      0 --:--:-- --:--:-- --:--:--     0[yojson.1.1.8] Downloading http://mjambon.com/releases/yojson/yojson-1.1.8.tar.gz
  % Total    % Received % Xferd  Average Speed   Time    Time     Time  Current
                                 Dload  Upload   Total   Spent    Left  Speed
  0     0    0     0    0     0      0      0 --:--:-- --:--:-- --:--:--     0100   124    0   124    0     0    353      0 --:--:-- --:--:-- --:--:--   354
 22 25157   22  5653    0     0  17817      0  0:00:01 --:--:--  0:00:01 17776  0     0    0     0    0     0      0      0 --:--:-- --:--:-- --:--:--     0100 25157  100 25157    0     0  47921      0 --:--:-- --:--:-- --:--:-- 47918
200
[zed.1.3] Downloading https://github.com/diml/zed/archive/1.3.tar.gz
  % Total    % Received % Xferd  Average Speed   Time    Time     Time  Current
                                 Dload  Upload   Total   Spent    Left  Speed
  0     0    0     0    0     0      0      0 --:--:-- --:--:-- --:--:--     0100   113    0   113    0     0    312      0 --:--:-- --:--:-- --:--:--   313
100  246k  100  246k    0     0   208k      0  0:00:01  0:00:01 --:--:--  333k
200
  0     0    0   870    0     0   1113      0 --:--:-- --:--:-- --:--:--  1113  0     0    0 71713    0     0  67371      0 --:--:--  0:00:01 --:--:--  244k
200
From git://github.com/ocaml/camlp4
 * branch            4.02       -> FETCH_HEAD
 * [new branch]      4.02       -> origin/4.02
.depend
.gitignore
.ignore
.ocp-indent
.travis-ci.sh
.travis.yml
Changes
LICENSE
Makefile
README.md
_tags
build/camlp4-bootstrap-recipe.txt
build/camlp4-bootstrap.sh
build/camlp4-byte-only.sh
build/camlp4-mkCamlp4Ast.sh
build/camlp4-native-only.sh
build/camlp4-targets.sh
build/install.sh
camlp4/.ignore
camlp4/CHANGES
camlp4/Camlp4.mlpack
camlp4/Camlp4/Camlp4Ast.partial.ml
camlp4/Camlp4/Debug.ml
camlp4/Camlp4/Debug.mli
camlp4/Camlp4/ErrorHandler.ml
camlp4/Camlp4/ErrorHandler.mli
camlp4/Camlp4/OCamlInitSyntax.ml
camlp4/Camlp4/Options.ml
camlp4/Camlp4/Options.mli
camlp4/Camlp4/PreCast.ml
camlp4/Camlp4/PreCast.mli
camlp4/Camlp4/Printers.mlpack
camlp4/Camlp4/Printers/DumpCamlp4Ast.ml
camlp4/Camlp4/Printers/DumpCamlp4Ast.mli
camlp4/Camlp4/Printers/DumpOCamlAst.ml
camlp4/Camlp4/Printers/DumpOCamlAst.mli
camlp4/Camlp4/Printers/Null.ml
camlp4/Camlp4/Printers/Null.mli
camlp4/Camlp4/Printers/OCaml.ml
camlp4/Camlp4/Printers/OCaml.mli
camlp4/Camlp4/Printers/OCamlr.ml
camlp4/Camlp4/Printers/OCamlr.mli
camlp4/Camlp4/Register.ml
camlp4/Camlp4/Register.mli
camlp4/Camlp4/Sig.ml
camlp4/Camlp4/Struct.mlpack
camlp4/Camlp4/Struct/.ignore
camlp4/Camlp4/Struct/AstFilters.ml
camlp4/Camlp4/Struct/Camlp4Ast.mlast
camlp4/Camlp4/Struct/Camlp4Ast2OCamlAst.ml
camlp4/Camlp4/Struct/Camlp4Ast2OCamlAst.mli
camlp4/Camlp4/Struct/CleanAst.ml
camlp4/Camlp4/Struct/CommentFilter.ml
camlp4/Camlp4/Struct/CommentFilter.mli
camlp4/Camlp4/Struct/DynAst.ml
camlp4/Camlp4/Struct/DynLoader.ml
camlp4/Camlp4/Struct/DynLoader.mli
camlp4/Camlp4/Struct/EmptyError.ml
camlp4/Camlp4/Struct/EmptyError.mli
camlp4/Camlp4/Struct/EmptyPrinter.ml
camlp4/Camlp4/Struct/EmptyPrinter.mli
camlp4/Camlp4/Struct/FreeVars.ml
camlp4/Camlp4/Struct/FreeVars.mli
camlp4/Camlp4/Struct/Grammar.mlpack
camlp4/Camlp4/Struct/Grammar/Delete.ml
camlp4/Camlp4/Struct/Grammar/Dynamic.ml
camlp4/Camlp4/Struct/Grammar/Entry.ml
camlp4/Camlp4/Struct/Grammar/Failed.ml
camlp4/Camlp4/Struct/Grammar/Find.ml
camlp4/Camlp4/Struct/Grammar/Fold.ml
camlp4/Camlp4/Struct/Grammar/Fold.mli
camlp4/Camlp4/Struct/Grammar/Insert.ml
camlp4/Camlp4/Struct/Grammar/Parser.ml
camlp4/Camlp4/Struct/Grammar/Parser.mli
camlp4/Camlp4/Struct/Grammar/Print.ml
camlp4/Camlp4/Struct/Grammar/Print.mli
camlp4/Camlp4/Struct/Grammar/Search.ml
camlp4/Camlp4/Struct/Grammar/Static.ml
camlp4/Camlp4/Struct/Grammar/Structure.ml
camlp4/Camlp4/Struct/Grammar/Tools.ml
camlp4/Camlp4/Struct/Lexer.mll
camlp4/Camlp4/Struct/Loc.ml
camlp4/Camlp4/Struct/Loc.mli
camlp4/Camlp4/Struct/Quotation.ml
camlp4/Camlp4/Struct/Token.ml
camlp4/Camlp4/Struct/Token.mli
camlp4/Camlp4/Utils.ml
camlp4/Camlp4/Utils.mli
camlp4/Camlp4Bin.ml
camlp4/Camlp4Filters/Camlp4AstLifter.ml
camlp4/Camlp4Filters/Camlp4ExceptionTracer.ml
camlp4/Camlp4Filters/Camlp4FoldGenerator.ml
camlp4/Camlp4Filters/Camlp4LocationStripper.ml
camlp4/Camlp4Filters/Camlp4MapGenerator.ml
camlp4/Camlp4Filters/Camlp4MetaGenerator.ml
camlp4/Camlp4Filters/Camlp4Profiler.ml
camlp4/Camlp4Filters/Camlp4TrashRemover.ml
camlp4/Camlp4Parsers/Camlp4AstLoader.ml
camlp4/Camlp4Parsers/Camlp4DebugParser.ml
camlp4/Camlp4Parsers/Camlp4GrammarParser.ml
camlp4/Camlp4Parsers/Camlp4ListComprehension.ml
camlp4/Camlp4Parsers/Camlp4MacroParser.ml
camlp4/Camlp4Parsers/Camlp4OCamlOriginalQuotationExpander.ml
camlp4/Camlp4Parsers/Camlp4OCamlParser.ml
camlp4/Camlp4Parsers/Camlp4OCamlParserParser.ml
camlp4/Camlp4Parsers/Camlp4OCamlReloadedParser.ml
camlp4/Camlp4Parsers/Camlp4OCamlRevisedParser.ml
camlp4/Camlp4Parsers/Camlp4OCamlRevisedParserParser.ml
camlp4/Camlp4Parsers/Camlp4OCamlRevisedQuotationExpander.ml
camlp4/Camlp4Parsers/Camlp4QuotationCommon.ml
camlp4/Camlp4Parsers/Camlp4QuotationExpander.ml
camlp4/Camlp4Printers/Camlp4AstDumper.ml
camlp4/Camlp4Printers/Camlp4AutoPrinter.ml
camlp4/Camlp4Printers/Camlp4NullDumper.ml
camlp4/Camlp4Printers/Camlp4OCamlAstDumper.ml
camlp4/Camlp4Printers/Camlp4OCamlPrinter.ml
camlp4/Camlp4Printers/Camlp4OCamlRevisedPrinter.ml
camlp4/Camlp4Top.mlpack
camlp4/Camlp4Top/Rprint.ml
camlp4/Camlp4Top/Top.ml
camlp4/ICHANGES
camlp4/META.in
camlp4/boot/.ignore
camlp4/boot/Camlp4.ml
camlp4/boot/Camlp4.ml4
camlp4/boot/Camlp4Ast.ml
camlp4/boot/camlp4boot.ml
camlp4/boot/camlp4boot.ml4
camlp4/build/.ignore
camlp4/camlp4.odocl
camlp4/camlp4fulllib.mllib
camlp4/camlp4lib.mllib
camlp4/camlp4prof.ml
camlp4/camlp4prof.mli
camlp4/config/Camlp4_config.ml
camlp4/config/Camlp4_config.mli
camlp4/config/gen_import.ml
camlp4/examples/_tags
camlp4/examples/all.itarget
camlp4/examples/apply_operator.ml
camlp4/examples/apply_operator_test.ml
camlp4/examples/arith.ml
camlp4/examples/debug_extension.ml
camlp4/examples/ex_str.ml
camlp4/examples/ex_str_test.ml
camlp4/examples/expression_closure.ml
camlp4/examples/expression_closure_filter.ml
camlp4/examples/expression_closure_test.ml
camlp4/examples/fancy_lambda_quot.ml
camlp4/examples/fancy_lambda_quot_test.ml
camlp4/examples/free_vars_test.ml
camlp4/examples/gen_match_case.ml
camlp4/examples/gen_type_N.ml
camlp4/examples/gettext_test.ml
camlp4/examples/global_handler.ml
camlp4/examples/global_handler_test.ml
camlp4/examples/lambda_parser.ml
camlp4/examples/lambda_quot.ml
camlp4/examples/lambda_quot_expr.ml
camlp4/examples/lambda_quot_patt.ml
camlp4/examples/lambda_test.ml
camlp4/examples/macros.ml
camlp4/examples/parse_files.ml
camlp4/examples/syb_fold.ml
camlp4/examples/syb_map.ml
camlp4/examples/test.itarget
camlp4/examples/test_macros.ml
camlp4/examples/test_type_quotation.ml
camlp4/examples/type_quotation.ml
camlp4/import/.keepme
camlp4/mkcamlp4.ml
camlp4/test/fixtures/assert.ml
camlp4/test/fixtures/backquoted_irrefutable_tuple.ml
camlp4/test/fixtures/backquoted_record.ml
camlp4/test/fixtures/backquoted_tuple.ml
camlp4/test/fixtures/big-tab1.ml
camlp4/test/fixtures/big-tab2.ml
camlp4/test/fixtures/big-tab3.ml
camlp4/test/fixtures/bug-4058.ml
camlp4/test/fixtures/bug-4337.ml
camlp4/test/fixtures/bug-by-vincent-balat.ml
camlp4/test/fixtures/bug-camlp4o-benjamin-monate.ml
camlp4/test/fixtures/bug-camlp4o-constr-arity-expr.ml
camlp4/test/fixtures/bug-camlp4o-constr-arity.ml
camlp4/test/fixtures/bug_escaping_quot.ml
camlp4/test/fixtures/chars.ml
camlp4/test/fixtures/class_expr_quot.ml
camlp4/test/fixtures/comments.ml
camlp4/test/fixtures/comments.mli
camlp4/test/fixtures/comments2.ml
camlp4/test/fixtures/constant-parser.ml
camlp4/test/fixtures/curry-constr.ml
camlp4/test/fixtures/default_quotation.ml
camlp4/test/fixtures/exception-with-eqn-bug.ml
camlp4/test/fixtures/external.ml
camlp4/test/fixtures/fun.ml
camlp4/test/fixtures/functor-perf.ml
camlp4/test/fixtures/functor-perf2.gen.ml
camlp4/test/fixtures/functor-perf2.ml
camlp4/test/fixtures/functor-perf3.ml
camlp4/test/fixtures/gen_map.ml
camlp4/test/fixtures/gram-fold.ml
camlp4/test/fixtures/gram-list.ml
camlp4/test/fixtures/gram-loc-lost.ml
camlp4/test/fixtures/gram-sub-rule.ml
camlp4/test/fixtures/gram-tree.ml
camlp4/test/fixtures/gram-tree2.ml
camlp4/test/fixtures/gram-tree3.ml
camlp4/test/fixtures/gram.ml
camlp4/test/fixtures/idents
camlp4/test/fixtures/idents1
camlp4/test/fixtures/idents2
camlp4/test/fixtures/if.ml
camlp4/test/fixtures/label.ml
camlp4/test/fixtures/lambda_free.ml
camlp4/test/fixtures/loc-bug.ml
camlp4/test/fixtures/macrotest.ml
camlp4/test/fixtures/macrotest.mli
camlp4/test/fixtures/macrotest2.ml
camlp4/test/fixtures/macrotest3.ml
camlp4/test/fixtures/make_extend.ml
camlp4/test/fixtures/match.ml
camlp4/test/fixtures/match_parser.ml
camlp4/test/fixtures/meta_multi_term.ml
camlp4/test/fixtures/metalib.ml
camlp4/test/fixtures/method_private_virtual.ml
camlp4/test/fixtures/mod.ml
camlp4/test/fixtures/mod2.ml
camlp4/test/fixtures/operators.ml
camlp4/test/fixtures/operators.mli
camlp4/test/fixtures/original_syntax.ml
camlp4/test/fixtures/outside-scope.ml
camlp4/test/fixtures/parser.ml
camlp4/test/fixtures/pp_let_in.ml
camlp4/test/fixtures/pp_let_in2.ml
camlp4/test/fixtures/pp_xml.ml
camlp4/test/fixtures/pprecordtyp.ml
camlp4/test/fixtures/pr4314.ml
camlp4/test/fixtures/pr4314gram1.ml
camlp4/test/fixtures/pr4314gram2.ml
camlp4/test/fixtures/pr4314gram3.ml
camlp4/test/fixtures/pr4314gram4.ml
camlp4/test/fixtures/pr4314gram5.ml
camlp4/test/fixtures/pr4329.ml
camlp4/test/fixtures/pr4330.ml
camlp4/test/fixtures/pr4357.ml
camlp4/test/fixtures/pr4357sample.ml
camlp4/test/fixtures/pr4357sample2.ml
camlp4/test/fixtures/pr4452.ml
camlp4/test/fixtures/private_row.ml
camlp4/test/fixtures/rec.ml
camlp4/test/fixtures/seq.ml
camlp4/test/fixtures/seq2.ml
camlp4/test/fixtures/simplify.ml
camlp4/test/fixtures/simplify_r.ml
camlp4/test/fixtures/stream-parser-bug.ml
camlp4/test/fixtures/string.ml
camlp4/test/fixtures/superfluous.ml
camlp4/test/fixtures/transform-examples.ml
camlp4/test/fixtures/try.ml
camlp4/test/fixtures/tuple_as_retval.ml
camlp4/test/fixtures/type.ml
camlp4/test/fixtures/type_decl.ml
camlp4/test/fixtures/unit.ml
camlp4/test/fixtures/use.ml
camlp4/test/fixtures/where.o.ml
camlp4/test/fixtures/where.r.ml
camlp4/unmaintained/Makefile
camlp4/unmaintained/compile/.depend
camlp4/unmaintained/compile/.ignore
camlp4/unmaintained/compile/Makefile
camlp4/unmaintained/compile/comp_head.ml
camlp4/unmaintained/compile/comp_trail.ml
camlp4/unmaintained/compile/compile.ml
camlp4/unmaintained/compile/compile.sh
camlp4/unmaintained/etc/.depend
camlp4/unmaintained/etc/.ignore
camlp4/unmaintained/etc/Makefile
camlp4/unmaintained/etc/pa_fstream.ml
camlp4/unmaintained/etc/pa_ifdef.ml
camlp4/unmaintained/etc/pa_oop.ml
camlp4/unmaintained/etc/pa_ru.ml
camlp4/unmaintained/etc/parserify.ml
camlp4/unmaintained/etc/parserify.mli
camlp4/unmaintained/etc/pr_depend.ml
camlp4/unmaintained/etc/pr_extend.ml
camlp4/unmaintained/etc/pr_extfun.ml
camlp4/unmaintained/etc/pr_null.ml
camlp4/unmaintained/etc/pr_op.ml
camlp4/unmaintained/etc/pr_op_main.ml
camlp4/unmaintained/etc/pr_rp.ml
camlp4/unmaintained/etc/pr_rp_main.ml
camlp4/unmaintained/etc/q_phony.ml
camlp4/unmaintained/extfold/README
camlp4/unmaintained/extfold/pa_extfold.ml
camlp4/unmaintained/format/.depend
camlp4/unmaintained/format/Makefile
camlp4/unmaintained/format/README
camlp4/unmaintained/format/pa_format.ml
camlp4/unmaintained/lefteval/.depend
camlp4/unmaintained/lefteval/Makefile
camlp4/unmaintained/lefteval/README
camlp4/unmaintained/lefteval/pa_lefteval.ml
camlp4/unmaintained/lib/.cvsignore
camlp4/unmaintained/lib/.depend
camlp4/unmaintained/lib/Makefile
camlp4/unmaintained/lib/extfun.ml
camlp4/unmaintained/lib/extfun.mli
camlp4/unmaintained/lib/fstream.ml
camlp4/unmaintained/lib/fstream.mli
camlp4/unmaintained/ocamllex/Makefile
camlp4/unmaintained/ocamllex/README
camlp4/unmaintained/ocamllex/pa_ocamllex.ml
camlp4/unmaintained/ocpp/.depend
camlp4/unmaintained/ocpp/.ignore
camlp4/unmaintained/ocpp/Makefile
camlp4/unmaintained/ocpp/ocpp.ml
camlp4/unmaintained/odyl/.depend
camlp4/unmaintained/odyl/.ignore
camlp4/unmaintained/odyl/Makefile
camlp4/unmaintained/odyl/odyl.ml
camlp4/unmaintained/odyl/odyl_main.mli
camlp4/unmaintained/olabl/.depend
camlp4/unmaintained/olabl/Makefile
camlp4/unmaintained/olabl/README
camlp4/unmaintained/olabl/pa_olabl.ml
camlp4/unmaintained/scheme/.depend
camlp4/unmaintained/scheme/Makefile
camlp4/unmaintained/scheme/README
camlp4/unmaintained/scheme/pa_scheme.ml
camlp4/unmaintained/scheme/pa_scheme.sc
camlp4/unmaintained/scheme/pr_scheme.ml
camlp4/unmaintained/scheme/pr_schp_main.ml
camlp4/unmaintained/sml/.depend
camlp4/unmaintained/sml/Makefile
camlp4/unmaintained/sml/README
camlp4/unmaintained/sml/pa_sml.ml
camlp4/unmaintained/sml/smllib.sml
configure
myocamlbuild.ml
HEAD is now at 87c6a6b allow to specify LIBDIR, BINDIR and PKGDIR at configuration time

=-=-=-=-=-=-=-=-=-=-=-=-=-=-= Installing packages -=-=-=-=-=-=-=-=-=-=-=-=-=-=-=
Building camlp4.4.02.0:
  ./configure --bindir=/home/opam/.opam/4.02.0+trunk/bin --libdir=/home/opam/.opam/4.02.0+trunk/lib/ocaml --pkgdir=/home/opam/.opam/4.02.0+trunk/lib
  make all
  make install install-META
ocamlbuild -classic-display -no-ocamlfind `./build/camlp4-byte-only.sh`
+ echo camlp4/Camlp4.cmo camlp4/Camlp4Top.cmo camlp4/camlp4prof.byte camlp4/mkcamlp4.byte camlp4/camlp4.byte camlp4/camlp4fulllib.cma camlp4/camlp4boot.byte camlp4/camlp4boot.cma camlp4/camlp4r.byte camlp4/camlp4r.cma camlp4/camlp4rf.byte camlp4/camlp4rf.cma camlp4/camlp4o.byte camlp4/camlp4o.cma camlp4/camlp4of.byte camlp4/camlp4of.cma camlp4/camlp4oof.byte camlp4/camlp4oof.cma camlp4/camlp4orf.byte camlp4/camlp4orf.cma camlp4/Camlp4Parsers/Camlp4AstLoader.cmo camlp4/Camlp4Parsers/Camlp4DebugParser.cmo camlp4/Camlp4Parsers/Camlp4GrammarParser.cmo camlp4/Camlp4Parsers/Camlp4ListComprehension.cmo camlp4/Camlp4Parsers/Camlp4MacroParser.cmo camlp4/Camlp4Parsers/Camlp4OCamlOriginalQuotationExpander.cmo camlp4/Camlp4Parsers/Camlp4OCamlParser.cmo camlp4/Camlp4Parsers/Camlp4OCamlParserParser.cmo camlp4/Camlp4Parsers/Camlp4OCamlReloadedParser.cmo camlp4/Camlp4Parsers/Camlp4OCamlRevisedParser.cmo camlp4/Camlp4Parsers/Camlp4OCamlRevisedParserParser.cmo camlp4/Camlp4Parsers/Camlp4OCamlRevisedQuotationExpander.cmo camlp4/Camlp4Parsers/Camlp4QuotationCommon.cmo camlp4/Camlp4Parsers/Camlp4QuotationExpander.cmo camlp4/Camlp4Printers/Camlp4AstDumper.cmo camlp4/Camlp4Printers/Camlp4AutoPrinter.cmo camlp4/Camlp4Printers/Camlp4NullDumper.cmo camlp4/Camlp4Printers/Camlp4OCamlAstDumper.cmo camlp4/Camlp4Printers/Camlp4OCamlPrinter.cmo camlp4/Camlp4Printers/Camlp4OCamlRevisedPrinter.cmo camlp4/Camlp4Filters/Camlp4AstLifter.cmo camlp4/Camlp4Filters/Camlp4ExceptionTracer.cmo camlp4/Camlp4Filters/Camlp4FoldGenerator.cmo camlp4/Camlp4Filters/Camlp4LocationStripper.cmo camlp4/Camlp4Filters/Camlp4MapGenerator.cmo camlp4/Camlp4Filters/Camlp4MetaGenerator.cmo camlp4/Camlp4Filters/Camlp4Profiler.cmo camlp4/Camlp4Filters/Camlp4TrashRemover.cmo
Failure: TODO.
make: *** [byte] Error 2
Removing camlp4.4.02.0.
[ERROR] The compilation of camlp4.4.02.0 failed.
  ocamlfind remove camlp4
  rm -rf /home/opam/.opam/4.02.0+trunk/lib/ocaml/camlp4
  rm -f /home/opam/.opam/4.02.0+trunk/bin/camlp4 /home/opam/.opam/4.02.0+trunk/bin/camlp4boot /home/opam/.opam/4.02.0+trunk/bin/mkcamlp4 /home/opam/.opam/4.02.0+trunk/bin/camlp4r /home/opam/.opam/4.02.0+trunk/bin/camlp4rf /home/opam/.opam/4.02.0+trunk/bin/camlp4orf /home/opam/.opam/4.02.0+trunk/bin/camlp4o /home/opam/.opam/4.02.0+trunk/bin/camlp4of /home/opam/.opam/4.02.0+trunk/bin/camlp4oof /home/opam/.opam/4.02.0+trunk/bin/camlp4prof
ocamlfind: [WARNING] No such directory: /home/opam/.opam/4.02.0+trunk/lib/camlp4
Building cmdliner.0.9.5:
  ocaml pkg/git.ml
  ocaml pkg/build.ml native=true native-dynlink=true
File "pkg/topkg-ext.ml", line 42, characters 12-25:
Warning 3: deprecated: String.create
Failure: TODO.
[ERROR] The compilation of cmdliner.0.9.5 failed.
Removing cmdliner.0.9.5.
  Nothing to do.
Copying ~/.opam/repo/default/packages/cppo/cppo.0.9.4/files/cppo.install to ~/.opam/4.02.0+trunk/build/cppo.0.9.4/
Building cppo.0.9.4:
  make
  make install-lib
echo 'let cppo_version = "0.9.4"' > cppo_version.ml
ocamlyacc cppo_parser.mly
ocamllex cppo_lexer.mll
354 states, 13186 transitions, table size 54868 bytes
3462 additional bytes used for bindings
ocamlopt -o cppo -dtypes unix.cmxa cppo_version.ml cppo_types.ml cppo_parser.mli cppo_parser.ml cppo_lexer.ml cppo_command.ml cppo_eval.ml cppo_main.ml
cd ocamlbuild_plugin && ocamlbuild -use-ocamlfind ocamlbuild_cppo.cma ocamlbuild_cppo.cmxa ocamlbuild_cppo.a ocamlbuild_cppo.cmxs
Failure: TODO.
make: *** [ocamlbuild] Error 2
[ERROR] The compilation of cppo.0.9.4 failed.
Removing cppo.0.9.4.
  ocamlfind remove cppo_ocamlbuild
ocamlfind: [WARNING] No such directory: /home/opam/.opam/4.02.0+trunk/lib/cppo_ocamlbuild
Building easy-format.1.0.2:
  make
  make install
ocamlc -c easy_format.mli
ocamlc -c -dtypes easy_format.ml
touch bytecode
ocamlc -c easy_format.mli
ocamlopt -c -dtypes easy_format.ml
ocamlopt -I . -shared -linkall -o easy_format.cmxs easy_format.cmx
touch nativecode
echo "version = \"1.0.2\"" > META; cat META.tpl >> META
INSTALL_FILES="META easy_format.cmi easy_format.mli"; \
		if test -f bytecode; then \
		  INSTALL_FILES="$INSTALL_FILES easy_format.cmo"; \
		fi; \
		if test -f nativecode; then \
		  INSTALL_FILES="$INSTALL_FILES easy_format.cmx easy_format.o easy_format.cmxs"; \
		fi; \
		ocamlfind install easy-format $INSTALL_FILES
Installed /home/opam/.opam/4.02.0+trunk/lib/easy-format/easy_format.cmxs
Installed /home/opam/.opam/4.02.0+trunk/lib/easy-format/easy_format.o
Installed /home/opam/.opam/4.02.0+trunk/lib/easy-format/easy_format.cmx
Installed /home/opam/.opam/4.02.0+trunk/lib/easy-format/easy_format.cmo
Installed /home/opam/.opam/4.02.0+trunk/lib/easy-format/easy_format.mli
Installed /home/opam/.opam/4.02.0+trunk/lib/easy-format/easy_format.cmi
Installed /home/opam/.opam/4.02.0+trunk/lib/easy-format/META
Installing easy-format.1.0.2.
Copying ~/.opam/repo/default/packages/menhir/menhir.20130912/files/menhir.install to ~/.opam/4.02.0+trunk/build/menhir.20130912/
Building menhir.20130912:
  make install PREFIX=/home/opam/.opam/4.02.0+trunk docdir=/home/opam/.opam/4.02.0+trunk/doc/menhir libdir=/home/opam/.opam/4.02.0+trunk/lib/menhir mandir=/home/opam/.opam/4.02.0+trunk/man/man1
rm -f src/installation.ml
echo "let libdir = \"/home/opam/.opam/4.02.0+trunk/lib/menhir\"" > src/installation.ml
if ocamlfind ocamlc -v >/dev/null 2>&1 ; then \
	  echo "let ocamlfind = true" >> src/installation.ml ; \
	else \
	  echo "let ocamlfind = false" >> src/installation.ml ; \
	fi
make -C src library bootstrap
make[1]: Entering directory `/home/opam/.opam/4.02.0+trunk/build/menhir.20130912/src'
ocamlbuild -classic-display -use-ocamlfind -j 0 menhirLib.cmo menhirLib.cmx
Failure: TODO.
make[1]: *** [library] Error 2
make[1]: Leaving directory `/home/opam/.opam/4.02.0+trunk/build/menhir.20130912/src'
make: *** [all] Error 2
[ERROR] The compilation of menhir.20130912 failed.
Removing menhir.20130912.
  ocamlfind remove menhirLib
ocamlfind: [WARNING] No such directory: /home/opam/.opam/4.02.0+trunk/lib/menhirLib
Building ounit.2.0.0:
  make build
  make install
ocaml setup.ml -configure 
File "/home/gildor/programmation/oasis/src/oasis/OASISString.ml", line 118, characters 8-26:
Warning 3: deprecated: String.set
File "/home/gildor/programmation/oasis/src/oasis/OASISFindlib.ml", line 256, characters 6-24:
Warning 3: deprecated: Lazy.lazy_from_fun

Configuration: 
ocamlfind: ........................................... /home/opam/.opam/4.02.0+trunk/bin/ocamlfind
ocamlc: .............................................. /home/opam/.opam/4.02.0+trunk/bin/ocamlc.opt
ocamlopt: ............................................ /home/opam/.opam/4.02.0+trunk/bin/ocamlopt.opt
ocamlbuild: .......................................... /home/opam/.opam/4.02.0+trunk/bin/ocamlbuild
Package name: ........................................ ounit
Package version: ..................................... 2.0.0
os_type: ............................................. Unix
system: .............................................. linux
architecture: ........................................ amd64
ccomp_type: .......................................... cc
ocaml_version: ....................................... 4.02.0
standard_library_default: ............................ /home/opam/.opam/4.02.0+trunk/lib/ocaml
standard_library: .................................... /home/opam/.opam/4.02.0+trunk/lib/ocaml
standard_runtime: .................................... /home/opam/.opam/4.02.0+trunk/bin/ocamlrun
bytecomp_c_compiler: ................................. gcc -fno-defer-pop -Wall -D_FILE_OFFSET_BITS=64 -D_REENTRANT -fPIC
native_c_compiler: ................................... gcc -Wall -D_FILE_OFFSET_BITS=64 -D_REENTRANT
model: ............................................... default
ext_obj: ............................................. .o
ext_asm: ............................................. .s
ext_lib: ............................................. .a
ext_dll: ............................................. .so
default_executable_name: ............................. a.out
systhread_supported: ................................. true
Install architecture-independent files dir: .......... /usr/local
Install architecture-dependent files in dir: ......... $prefix
User executables: .................................... $exec_prefix/bin
System admin executables: ............................ $exec_prefix/sbin
Program executables: ................................. $exec_prefix/libexec
Read-only single-machine data: ....................... $prefix/etc
Modifiable architecture-independent data: ............ $prefix/com
Modifiable single-machine data: ...................... $prefix/var
Object code libraries: ............................... $exec_prefix/lib
Read-only arch-independent data root: ................ $prefix/share
Read-only architecture-independent data: ............. $datarootdir
Info documentation: .................................. $datarootdir/info
Locale-dependent data: ............................... $datarootdir/locale
Man documentation: ................................... $datarootdir/man
Documentation root: .................................. $datarootdir/doc/$pkg_name
HTML documentation: .................................. $docdir
DVI documentation: ................................... $docdir
PDF documentation: ................................... $docdir
PS documentation: .................................... $docdir
findlib_version: ..................................... 1.5.2
is_native: ........................................... true
suffix_program: ...................................... 
Remove a file.: ...................................... rm -f
Remove a directory.: ................................. rm -rf
Turn ocaml debug flag on: ............................ true
Turn ocaml profile flag on: .......................... false
Compiler support generation of .cmxs.: ............... true
OCamlbuild additional flags: ......................... 
Create documentations: ............................... true
Compile tests executable and library and run them: ... false
pkg_unix: ............................................ /home/opam/.opam/4.02.0+trunk/lib/ocaml
pkg_threads: ......................................... /home/opam/.opam/4.02.0+trunk/lib/ocaml
ocamldoc: ............................................ /home/opam/.opam/4.02.0+trunk/bin/ocamldoc

ocaml setup.ml -build 
File "/home/gildor/programmation/oasis/src/oasis/OASISString.ml", line 118, characters 8-26:
Warning 3: deprecated: String.set
File "/home/gildor/programmation/oasis/src/oasis/OASISFindlib.ml", line 256, characters 6-24:
Warning 3: deprecated: Lazy.lazy_from_fun
W: Cannot find source file matching module 'OUnitLoggerHTMLData' in library oUnitAdvanced
W: Cannot find source file matching module 'OUnitLoggerHTMLData' in library oUnitAdvanced
Failure: TODO.
E: Failure("Command ''/home/opam/.opam/4.02.0+trunk/bin/ocamlbuild' src/oUnitAdvanced.cma src/oUnitAdvanced.cmxa src/oUnitAdvanced.a src/oUnitAdvanced.cmxs src/oUnit.cma src/oUnit.cmxa src/oUnit.a src/oUnit.cmxs src/oUnitThreads.cma src/oUnitThreads.cmxa src/oUnitThreads.a src/oUnitThreads.cmxs -tag debug' terminated with error code 2")
make: *** [build] Error 1
[ERROR] The compilation of ounit.2.0.0 failed.
Removing ounit.2.0.0.
  ocamlfind remove oUnit
ocamlfind: [WARNING] No such directory: /home/opam/.opam/4.02.0+trunk/lib/oUnit
Building re.1.2.2:
  ocaml setup.ml -configure --prefix /home/opam/.opam/4.02.0+trunk
  ocaml setup.ml -build
  ocaml setup.ml -install
File "setup.ml", line 247, characters 8-26:
Warning 3: deprecated: String.set
File "setup.ml", line 2502, characters 6-24:
Warning 3: deprecated: Lazy.lazy_from_fun

Configuration: 
ocamlfind: ........................................... /home/opam/.opam/4.02.0+trunk/bin/ocamlfind
ocamlc: .............................................. /home/opam/.opam/4.02.0+trunk/bin/ocamlc.opt
ocamlopt: ............................................ /home/opam/.opam/4.02.0+trunk/bin/ocamlopt.opt
ocamlbuild: .......................................... /home/opam/.opam/4.02.0+trunk/bin/ocamlbuild
Package name: ........................................ re
Package version: ..................................... 1.2.1
os_type: ............................................. Unix
system: .............................................. linux
architecture: ........................................ amd64
ccomp_type: .......................................... cc
ocaml_version: ....................................... 4.02.0
standard_library_default: ............................ /home/opam/.opam/4.02.0+trunk/lib/ocaml
standard_library: .................................... /home/opam/.opam/4.02.0+trunk/lib/ocaml
standard_runtime: .................................... /home/opam/.opam/4.02.0+trunk/bin/ocamlrun
bytecomp_c_compiler: ................................. gcc -fno-defer-pop -Wall -D_FILE_OFFSET_BITS=64 -D_REENTRANT -fPIC
native_c_compiler: ................................... gcc -Wall -D_FILE_OFFSET_BITS=64 -D_REENTRANT
model: ............................................... default
ext_obj: ............................................. .o
ext_asm: ............................................. .s
ext_lib: ............................................. .a
ext_dll: ............................................. .so
default_executable_name: ............................. a.out
systhread_supported: ................................. true
Install architecture-independent files dir: .......... /home/opam/.opam/4.02.0+trunk
Install architecture-dependent files in dir: ......... $prefix
User executables: .................................... $exec_prefix/bin
System admin executables: ............................ $exec_prefix/sbin
Program executables: ................................. $exec_prefix/libexec
Read-only single-machine data: ....................... $prefix/etc
Modifiable architecture-independent data: ............ $prefix/com
Modifiable single-machine data: ...................... $prefix/var
Object code libraries: ............................... $exec_prefix/lib
Read-only arch-independent data root: ................ $prefix/share
Read-only architecture-independent data: ............. $datarootdir
Info documentation: .................................. $datarootdir/info
Locale-dependent data: ............................... $datarootdir/locale
Man documentation: ................................... $datarootdir/man
Documentation root: .................................. $datarootdir/doc/$pkg_name
HTML documentation: .................................. $docdir
DVI documentation: ................................... $docdir
PDF documentation: ................................... $docdir
PS documentation: .................................... $docdir
findlib_version: ..................................... 1.5.2
is_native: ........................................... true
suffix_program: ...................................... 
Remove a file.: ...................................... rm -f
Remove a directory.: ................................. rm -rf
Turn ocaml debug flag on: ............................ true
Turn ocaml profile flag on: .......................... false
Compiler support generation of .cmxs.: ............... true
OCamlbuild additional flags: ......................... 
Create documentations: ............................... true
Compile tests executable and library and run them: ... false
ocamldoc: ............................................ /home/opam/.opam/4.02.0+trunk/bin/ocamldoc

File "setup.ml", line 247, characters 8-26:
Warning 3: deprecated: String.set
File "setup.ml", line 2502, characters 6-24:
Warning 3: deprecated: Lazy.lazy_from_fun
Failure: TODO.
E: Failure("Command ''/home/opam/.opam/4.02.0+trunk/bin/ocamlbuild' lib/re.cma lib/re.cmxa lib/re.a lib/re.cmxs lib/re_emacs.cma lib/re_emacs.cmxa lib/re_emacs.a lib/re_emacs.cmxs lib/re_str.cma lib/re_str.cmxa lib/re_str.a lib/re_str.cmxs lib/re_posix.cma lib/re_posix.cmxa lib/re_posix.a lib/re_posix.cmxs lib/re_glob.cma lib/re_glob.cmxa lib/re_glob.a lib/re_glob.cmxs lib/re_perl.cma lib/re_perl.cmxa lib/re_perl.a lib/re_perl.cmxs lib/re_pcre.cma lib/re_pcre.cmxa lib/re_pcre.a lib/re_pcre.cmxs -tag debug' terminated with error code 2")
Removing re.1.2.2.
  ocamlfind remove re
ocamlfind: [WARNING] No such directory: /home/opam/.opam/4.02.0+trunk/lib/re
[ERROR] The compilation of re.1.2.2 failed.
Building react.1.1.0:
  ocaml pkg/git.ml
  ocaml pkg/build.ml native=true native-dynlink=true
File "pkg/topkg-ext.ml", line 42, characters 12-25:
Warning 3: deprecated: String.create
Failure: TODO.
[ERROR] The compilation of react.1.1.0 failed.
Removing react.1.1.0.
  Nothing to do.
Copying ~/.opam/repo/default/packages/ssl/ssl.0.4.7/files/pkgconfigure to ~/.opam/4.02.0+trunk/build/ssl.0.4.7/
Building ssl.0.4.7:
  ./configure --prefix /home/opam/.opam/4.02.0+trunk
  make
  make install
configuring ocaml-ssl 0.4.7
checking for gcc... gcc
checking whether the C compiler works... yes
checking for C compiler default output file name... a.out
checking for suffix of executables... 
checking whether we are cross compiling... no
checking for suffix of object files... o
checking whether we are using the GNU C compiler... yes
checking whether gcc accepts -g... yes
checking for gcc option to accept ISO C89... none needed
checking for pthread_create in -lpthread... yes
checking for ocamlc... /home/opam/.opam/4.02.0+trunk/bin/ocamlc
ocaml version is 4.02.0+dev13-2014-08-18
ocaml library path is /home/opam/.opam/4.02.0+trunk/lib/ocaml
checking for ocamlopt... /home/opam/.opam/4.02.0+trunk/bin/ocamlopt
checking ocamlopt version... ok
checking for ocamlc.opt... /home/opam/.opam/4.02.0+trunk/bin/ocamlc.opt
checking ocamlc.opt version... ok
checking for ocamlopt.opt... /home/opam/.opam/4.02.0+trunk/bin/ocamlopt.opt
checking ocamlc.opt version... ok
checking for ocamldep... /home/opam/.opam/4.02.0+trunk/bin/ocamldep
checking for ocamllex... /home/opam/.opam/4.02.0+trunk/bin/ocamllex
checking for ocamlyacc... /home/opam/.opam/4.02.0+trunk/bin/ocamlyacc
checking for ocamldoc... /home/opam/.opam/4.02.0+trunk/bin/ocamldoc
checking for ocamlmktop... /home/opam/.opam/4.02.0+trunk/bin/ocamlmktop
checking for gcc... (cached) gcc
checking whether we are using the GNU C compiler... (cached) yes
checking whether gcc accepts -g... (cached) yes
checking for gcc option to accept ISO C89... (cached) none needed
checking for SSL_new in -lssl... no
configure: error: Cannot find libssl.
[ERROR] The compilation of ssl.0.4.7 failed.
Removing ssl.0.4.7.
  ocamlfind remove ssl
ocamlfind: [WARNING] No such directory: /home/opam/.opam/4.02.0+trunk/lib/ssl
Building stringext.1.0.0:
  ocaml setup.ml -configure
  ocaml setup.ml -build
  ocaml setup.ml -install
File "setup.ml", line 247, characters 8-26:
Warning 3: deprecated: String.set
File "setup.ml", line 2502, characters 6-24:
Warning 3: deprecated: Lazy.lazy_from_fun

Configuration: 
ocamlfind: ........................................... /home/opam/.opam/4.02.0+trunk/bin/ocamlfind
ocamlc: .............................................. /home/opam/.opam/4.02.0+trunk/bin/ocamlc.opt
ocamlopt: ............................................ /home/opam/.opam/4.02.0+trunk/bin/ocamlopt.opt
ocamlbuild: .......................................... /home/opam/.opam/4.02.0+trunk/bin/ocamlbuild
Package name: ........................................ Stringext
Package version: ..................................... 1.0.0
os_type: ............................................. Unix
system: .............................................. linux
architecture: ........................................ amd64
ccomp_type: .......................................... cc
ocaml_version: ....................................... 4.02.0
standard_library_default: ............................ /home/opam/.opam/4.02.0+trunk/lib/ocaml
standard_library: .................................... /home/opam/.opam/4.02.0+trunk/lib/ocaml
standard_runtime: .................................... /home/opam/.opam/4.02.0+trunk/bin/ocamlrun
bytecomp_c_compiler: ................................. gcc -fno-defer-pop -Wall -D_FILE_OFFSET_BITS=64 -D_REENTRANT -fPIC
native_c_compiler: ................................... gcc -Wall -D_FILE_OFFSET_BITS=64 -D_REENTRANT
model: ............................................... default
ext_obj: ............................................. .o
ext_asm: ............................................. .s
ext_lib: ............................................. .a
ext_dll: ............................................. .so
default_executable_name: ............................. a.out
systhread_supported: ................................. true
Install architecture-independent files dir: .......... /usr/local
Install architecture-dependent files in dir: ......... $prefix
User executables: .................................... $exec_prefix/bin
System admin executables: ............................ $exec_prefix/sbin
Program executables: ................................. $exec_prefix/libexec
Read-only single-machine data: ....................... $prefix/etc
Modifiable architecture-independent data: ............ $prefix/com
Modifiable single-machine data: ...................... $prefix/var
Object code libraries: ............................... $exec_prefix/lib
Read-only arch-independent data root: ................ $prefix/share
Read-only architecture-independent data: ............. $datarootdir
Info documentation: .................................. $datarootdir/info
Locale-dependent data: ............................... $datarootdir/locale
Man documentation: ................................... $datarootdir/man
Documentation root: .................................. $datarootdir/doc/$pkg_name
HTML documentation: .................................. $docdir
DVI documentation: ................................... $docdir
PDF documentation: ................................... $docdir
PS documentation: .................................... $docdir
findlib_version: ..................................... 1.5.2
is_native: ........................................... true
suffix_program: ...................................... 
Remove a file.: ...................................... rm -f
Remove a directory.: ................................. rm -rf
Turn ocaml debug flag on: ............................ true
Turn ocaml profile flag on: .......................... false
Compiler support generation of .cmxs.: ............... true
OCamlbuild additional flags: ......................... 
Create documentations: ............................... true
Compile tests executable and library and run them: ... false

File "setup.ml", line 247, characters 8-26:
Warning 3: deprecated: String.set
File "setup.ml", line 2502, characters 6-24:
Warning 3: deprecated: Lazy.lazy_from_fun
Failure: TODO.
E: Failure("Command ''/home/opam/.opam/4.02.0+trunk/bin/ocamlbuild' lib/stringext.cma lib/stringext.cmxa lib/stringext.a lib/stringext.cmxs -tag debug' terminated with error code 2")
[ERROR] The compilation of stringext.1.0.0 failed.
Removing stringext.1.0.0.
  ocamlfind remove stringext
ocamlfind: [WARNING] No such directory: /home/opam/.opam/4.02.0+trunk/lib/stringext
Copying ~/.opam/repo/default/packages/biniou/biniou.1.0.9/files/biniou.install to ~/.opam/4.02.0+trunk/build/biniou.1.0.9/
Building biniou.1.0.9:
  make
  make install
ocamlfind ocamlc -a -dtypes -g -o biniou.cma \
		-package "easy-format" bi_util.mli bi_util.ml bi_share.mli bi_share.ml bi_outbuf.mli bi_outbuf.ml bi_inbuf.mli bi_inbuf.ml bi_vint.mli bi_vint.ml bi_io.mli bi_io.ml bi_dump.ml bi_stream.mli bi_stream.ml
File "bi_util.ml", line 11, characters 10-23:
Warning 3: deprecated: String.create
File "bi_util.ml", line 13, characters 4-51:
Warning 3: deprecated: String.set
File "bi_util.ml", line 18, characters 10-23:
Warning 3: deprecated: String.create
File "bi_util.ml", line 20, characters 4-51:
Warning 3: deprecated: String.set
File "bi_util.ml", line 36, characters 10-23:
Warning 3: deprecated: String.create
File "bi_util.ml", line 41, characters 6-64:
Warning 3: deprecated: String.set
File "bi_util.ml", line 43, characters 4-54:
Warning 3: deprecated: String.set
File "bi_outbuf.ml", line 24, characters 10-23:
Warning 3: deprecated: String.create
File "bi_outbuf.ml", line 40, characters 8-21:
Warning 3: deprecated: String.create
File "bi_outbuf.ml", line 86, characters 2-18:
Warning 3: deprecated: String.set
File "bi_outbuf.ml", line 90, characters 2-18:
Warning 3: deprecated: String.set
File "bi_outbuf.ml", line 96, characters 2-19:
Warning 3: deprecated: String.unsafe_set
File "bi_outbuf.ml", line 97, characters 2-19:
Warning 3: deprecated: String.unsafe_set
File "bi_outbuf.ml", line 102, characters 2-19:
Warning 3: deprecated: String.unsafe_set
File "bi_outbuf.ml", line 103, characters 2-19:
Warning 3: deprecated: String.unsafe_set
File "bi_outbuf.ml", line 104, characters 2-19:
Warning 3: deprecated: String.unsafe_set
File "bi_outbuf.ml", line 105, characters 2-19:
Warning 3: deprecated: String.unsafe_set
File "bi_outbuf.ml", line 116, characters 13-26:
Warning 3: deprecated: String.create
File "bi_inbuf.ml", line 99, characters 8-21:
Warning 3: deprecated: String.create
File "bi_io.ml", line 86, characters 2-19:
Warning 3: deprecated: String.unsafe_set
File "bi_io.ml", line 88, characters 2-19:
Warning 3: deprecated: String.unsafe_set
File "bi_io.ml", line 90, characters 2-19:
Warning 3: deprecated: String.unsafe_set
File "bi_io.ml", line 92, characters 2-19:
Warning 3: deprecated: String.unsafe_set
File "bi_io.ml", line 216, characters 4-21:
Warning 3: deprecated: String.unsafe_set
File "bi_io.ml", line 220, characters 4-21:
Warning 3: deprecated: String.unsafe_set
File "bi_io.ml", line 231, characters 4-21:
Warning 3: deprecated: String.unsafe_set
File "bi_io.ml", line 235, characters 4-21:
Warning 3: deprecated: String.unsafe_set
File "bi_io.ml", line 562, characters 12-25:
Warning 3: deprecated: String.create
File "bi_stream.ml", line 56, characters 16-29:
Warning 3: deprecated: String.create
ocamlfind ocamlopt -a -dtypes -g \
		-o biniou.cmxa -package "easy-format" bi_util.mli bi_util.ml bi_share.mli bi_share.ml bi_outbuf.mli bi_outbuf.ml bi_inbuf.mli bi_inbuf.ml bi_vint.mli bi_vint.ml bi_io.mli bi_io.ml bi_dump.ml bi_stream.mli bi_stream.ml
File "bi_util.ml", line 11, characters 10-23:
Warning 3: deprecated: String.create
File "bi_util.ml", line 13, characters 4-51:
Warning 3: deprecated: String.set
File "bi_util.ml", line 18, characters 10-23:
Warning 3: deprecated: String.create
File "bi_util.ml", line 20, characters 4-51:
Warning 3: deprecated: String.set
File "bi_util.ml", line 36, characters 10-23:
Warning 3: deprecated: String.create
File "bi_util.ml", line 41, characters 6-64:
Warning 3: deprecated: String.set
File "bi_util.ml", line 43, characters 4-54:
Warning 3: deprecated: String.set
File "bi_outbuf.ml", line 24, characters 10-23:
Warning 3: deprecated: String.create
File "bi_outbuf.ml", line 40, characters 8-21:
Warning 3: deprecated: String.create
File "bi_outbuf.ml", line 86, characters 2-18:
Warning 3: deprecated: String.set
File "bi_outbuf.ml", line 90, characters 2-18:
Warning 3: deprecated: String.set
File "bi_outbuf.ml", line 96, characters 2-19:
Warning 3: deprecated: String.unsafe_set
File "bi_outbuf.ml", line 97, characters 2-19:
Warning 3: deprecated: String.unsafe_set
File "bi_outbuf.ml", line 102, characters 2-19:
Warning 3: deprecated: String.unsafe_set
File "bi_outbuf.ml", line 103, characters 2-19:
Warning 3: deprecated: String.unsafe_set
File "bi_outbuf.ml", line 104, characters 2-19:
Warning 3: deprecated: String.unsafe_set
File "bi_outbuf.ml", line 105, characters 2-19:
Warning 3: deprecated: String.unsafe_set
File "bi_outbuf.ml", line 116, characters 13-26:
Warning 3: deprecated: String.create
File "bi_inbuf.ml", line 99, characters 8-21:
Warning 3: deprecated: String.create
File "bi_io.ml", line 86, characters 2-19:
Warning 3: deprecated: String.unsafe_set
File "bi_io.ml", line 88, characters 2-19:
Warning 3: deprecated: String.unsafe_set
File "bi_io.ml", line 90, characters 2-19:
Warning 3: deprecated: String.unsafe_set
File "bi_io.ml", line 92, characters 2-19:
Warning 3: deprecated: String.unsafe_set
File "bi_io.ml", line 216, characters 4-21:
Warning 3: deprecated: String.unsafe_set
File "bi_io.ml", line 220, characters 4-21:
Warning 3: deprecated: String.unsafe_set
File "bi_io.ml", line 231, characters 4-21:
Warning 3: deprecated: String.unsafe_set
File "bi_io.ml", line 235, characters 4-21:
Warning 3: deprecated: String.unsafe_set
File "bi_io.ml", line 562, characters 12-25:
Warning 3: deprecated: String.create
File "bi_stream.ml", line 56, characters 16-29:
Warning 3: deprecated: String.create
ocamlopt -shared -linkall -I . -o biniou.cmxs biniou.cmxa
ocamlfind ocamlopt -o bdump -dtypes -g \
		-package easy-format -linkpkg \
		biniou.cmxa bdump.ml
ocamlfind ocamlopt -o test_biniou -dtypes -g \
		-package "easy-format unix" -linkpkg \
		biniou.cmxa test_biniou.ml
sed -e 's:@@VERSION@@:1.0.9:' META.in > META
test ! -f bdump || cp bdump /home/opam/.opam/4.02.0+trunk/bin/
test ! -f bdump.exe || cp bdump.exe /home/opam/.opam/4.02.0+trunk/bin/
ocamlfind install biniou META \
          $(ls bi_util.mli bi_share.mli bi_outbuf.mli bi_inbuf.mli bi_vint.mli bi_io.mli bi_stream.mli bi_util.cmi bi_share.cmi bi_outbuf.cmi bi_inbuf.cmi bi_vint.cmi bi_io.cmi bi_dump.cmi bi_stream.cmi bi_util.cmo bi_share.cmo bi_outbuf.cmo bi_inbuf.cmo bi_vint.cmo bi_io.cmo bi_dump.cmo bi_stream.cmo bi_util.cmx bi_share.cmx bi_outbuf.cmx bi_inbuf.cmx bi_vint.cmx bi_io.cmx bi_dump.cmx bi_stream.cmx bi_util.o bi_share.o bi_outbuf.o bi_inbuf.o bi_vint.o bi_io.o bi_dump.o bi_stream.o biniou.cma biniou.cmxa biniou.cmxs biniou.a)
Installed /home/opam/.opam/4.02.0+trunk/lib/biniou/biniou.cmxs
Installed /home/opam/.opam/4.02.0+trunk/lib/biniou/biniou.cmxa
Installed /home/opam/.opam/4.02.0+trunk/lib/biniou/biniou.cma
Installed /home/opam/.opam/4.02.0+trunk/lib/biniou/biniou.a
Installed /home/opam/.opam/4.02.0+trunk/lib/biniou/bi_vint.o
Installed /home/opam/.opam/4.02.0+trunk/lib/biniou/bi_vint.mli
Installed /home/opam/.opam/4.02.0+trunk/lib/biniou/bi_vint.cmx
Installed /home/opam/.opam/4.02.0+trunk/lib/biniou/bi_vint.cmo
Installed /home/opam/.opam/4.02.0+trunk/lib/biniou/bi_vint.cmi
Installed /home/opam/.opam/4.02.0+trunk/lib/biniou/bi_util.o
Installed /home/opam/.opam/4.02.0+trunk/lib/biniou/bi_util.mli
Installed /home/opam/.opam/4.02.0+trunk/lib/biniou/bi_util.cmx
Installed /home/opam/.opam/4.02.0+trunk/lib/biniou/bi_util.cmo
Installed /home/opam/.opam/4.02.0+trunk/lib/biniou/bi_util.cmi
Installed /home/opam/.opam/4.02.0+trunk/lib/biniou/bi_stream.o
Installed /home/opam/.opam/4.02.0+trunk/lib/biniou/bi_stream.mli
Installed /home/opam/.opam/4.02.0+trunk/lib/biniou/bi_stream.cmx
Installed /home/opam/.opam/4.02.0+trunk/lib/biniou/bi_stream.cmo
Installed /home/opam/.opam/4.02.0+trunk/lib/biniou/bi_stream.cmi
Installed /home/opam/.opam/4.02.0+trunk/lib/biniou/bi_share.o
Installed /home/opam/.opam/4.02.0+trunk/lib/biniou/bi_share.mli
Installed /home/opam/.opam/4.02.0+trunk/lib/biniou/bi_share.cmx
Installed /home/opam/.opam/4.02.0+trunk/lib/biniou/bi_share.cmo
Installed /home/opam/.opam/4.02.0+trunk/lib/biniou/bi_share.cmi
Installed /home/opam/.opam/4.02.0+trunk/lib/biniou/bi_outbuf.o
Installed /home/opam/.opam/4.02.0+trunk/lib/biniou/bi_outbuf.mli
Installed /home/opam/.opam/4.02.0+trunk/lib/biniou/bi_outbuf.cmx
Installed /home/opam/.opam/4.02.0+trunk/lib/biniou/bi_outbuf.cmo
Installed /home/opam/.opam/4.02.0+trunk/lib/biniou/bi_outbuf.cmi
Installed /home/opam/.opam/4.02.0+trunk/lib/biniou/bi_io.o
Installed /home/opam/.opam/4.02.0+trunk/lib/biniou/bi_io.mli
Installed /home/opam/.opam/4.02.0+trunk/lib/biniou/bi_io.cmx
Installed /home/opam/.opam/4.02.0+trunk/lib/biniou/bi_io.cmo
Installed /home/opam/.opam/4.02.0+trunk/lib/biniou/bi_io.cmi
Installed /home/opam/.opam/4.02.0+trunk/lib/biniou/bi_inbuf.o
Installed /home/opam/.opam/4.02.0+trunk/lib/biniou/bi_inbuf.mli
Installed /home/opam/.opam/4.02.0+trunk/lib/biniou/bi_inbuf.cmx
Installed /home/opam/.opam/4.02.0+trunk/lib/biniou/bi_inbuf.cmo
Installed /home/opam/.opam/4.02.0+trunk/lib/biniou/bi_inbuf.cmi
Installed /home/opam/.opam/4.02.0+trunk/lib/biniou/bi_dump.o
Installed /home/opam/.opam/4.02.0+trunk/lib/biniou/bi_dump.cmx
Installed /home/opam/.opam/4.02.0+trunk/lib/biniou/bi_dump.cmo
Installed /home/opam/.opam/4.02.0+trunk/lib/biniou/bi_dump.cmi
Installed /home/opam/.opam/4.02.0+trunk/lib/biniou/META
Installing biniou.1.0.9.


#==================== ERROR while installing camlp4.4.02.0 ====================#
# opam-version         1.2.0~beta4
# os                   linux
# command              make all
# path                 /home/opam/.opam/4.02.0+trunk/build/camlp4.4.02.0
# compiler             4.02.0+trunk
# exit-code            2
# env-file             /home/opam/.opam/4.02.0+trunk/build/camlp4.4.02.0/camlp4-936-8b8a2d.env
# stdout-file          /home/opam/.opam/4.02.0+trunk/build/camlp4.4.02.0/camlp4-936-8b8a2d.out
# stderr-file          /home/opam/.opam/4.02.0+trunk/build/camlp4.4.02.0/camlp4-936-8b8a2d.err
### stdout ###
# ocamlbuild -classic-display -no-ocamlfind `./build/camlp4-byte-only.sh`
# Failure: TODO.
### stderr ###
# + echo camlp4/Camlp4.cmo camlp4/Camlp4Top.cmo camlp4/camlp4prof.byte camlp4/mkcamlp4.byte camlp4/camlp4.byte camlp4/camlp4fulllib.cma camlp4/camlp4boot.byte camlp4/camlp4boot.cma camlp4/camlp4r.byte camlp4/camlp4r.cma camlp4/camlp4rf.byte camlp4/camlp4rf.cma camlp4/camlp4o.byte camlp4/camlp4o.cma camlp4/camlp4of.byte camlp4/camlp4of.cma camlp4/camlp4oof.byte camlp4/camlp4oof.cma camlp4/camlp4orf.b...[truncated]
# make: *** [byte] Error 2


#=================== ERROR while installing cmdliner.0.9.5 ====================#
# opam-version         1.2.0~beta4
# os                   linux
# command              ocaml pkg/build.ml native=true native-dynlink=true
# path                 /home/opam/.opam/4.02.0+trunk/build/cmdliner.0.9.5
# compiler             4.02.0+trunk
# exit-code            2
# env-file             /home/opam/.opam/4.02.0+trunk/build/cmdliner.0.9.5/cmdliner-1013-ebe0e0.env
# stdout-file          /home/opam/.opam/4.02.0+trunk/build/cmdliner.0.9.5/cmdliner-1013-ebe0e0.out
# stderr-file          /home/opam/.opam/4.02.0+trunk/build/cmdliner.0.9.5/cmdliner-1013-ebe0e0.err
### stdout ###
# Failure: TODO.
### stderr ###
# File "pkg/topkg-ext.ml", line 42, characters 12-25:
# Warning 3: deprecated: String.create


#===================== ERROR while installing cppo.0.9.4 ======================#
# opam-version         1.2.0~beta4
# os                   linux
# command              make
# path                 /home/opam/.opam/4.02.0+trunk/build/cppo.0.9.4
# compiler             4.02.0+trunk
# exit-code            2
# env-file             /home/opam/.opam/4.02.0+trunk/build/cppo.0.9.4/cppo-1045-f0f09f.env
# stdout-file          /home/opam/.opam/4.02.0+trunk/build/cppo.0.9.4/cppo-1045-f0f09f.out
# stderr-file          /home/opam/.opam/4.02.0+trunk/build/cppo.0.9.4/cppo-1045-f0f09f.err
### stdout ###
# echo 'let cppo_version = "0.9.4"' > cppo_version.ml
# ocamlyacc cppo_parser.mly
# ocamllex cppo_lexer.mll
# 354 states, 13186 transitions, table size 54868 bytes
# 3462 additional bytes used for bindings
# ocamlopt -o cppo -dtypes unix.cmxa cppo_version.ml cppo_types.ml cppo_parser.mli cppo_parser.ml cppo_lexer.ml cppo_command.ml cppo_eval.ml cppo_main.ml
# cd ocamlbuild_plugin && ocamlbuild -use-ocamlfind ocamlbuild_cppo.cma ocamlbuild_cppo.cmxa ocamlbuild_cppo.a ocamlbuild_cppo.cmxs
# Failure: TODO.
### stderr ###
# make: *** [ocamlbuild] Error 2


#=================== ERROR while installing menhir.20130912 ===================#
# opam-version         1.2.0~beta4
# os                   linux
# command              make install PREFIX=/home/opam/.opam/4.02.0+trunk docdir=/home/opam/.opam/4.02.0+trunk/doc/menhir libdir=/home/opam/.opam/4.02.0+trunk/lib/menhir mandir=/home/opam/.opam/4.02.0+trunk/man/man1
# path                 /home/opam/.opam/4.02.0+trunk/build/menhir.20130912
# compiler             4.02.0+trunk
# exit-code            2
# env-file             /home/opam/.opam/4.02.0+trunk/build/menhir.20130912/menhir-1165-0c525f.env
# stdout-file          /home/opam/.opam/4.02.0+trunk/build/menhir.20130912/menhir-1165-0c525f.out
# stderr-file          /home/opam/.opam/4.02.0+trunk/build/menhir.20130912/menhir-1165-0c525f.err
### stdout ###
# ...[truncated]
# if ocamlfind ocamlc -v >/dev/null 2>&1 ; then \
# 	  echo "let ocamlfind = true" >> src/installation.ml ; \
# 	else \
# 	  echo "let ocamlfind = false" >> src/installation.ml ; \
# 	fi
# make -C src library bootstrap
# make[1]: Entering directory `/home/opam/.opam/4.02.0+trunk/build/menhir.20130912/src'
# ocamlbuild -classic-display -use-ocamlfind -j 0 menhirLib.cmo menhirLib.cmx
# Failure: TODO.
# make[1]: Leaving directory `/home/opam/.opam/4.02.0+trunk/build/menhir.20130912/src'
### stderr ###
# make[1]: *** [library] Error 2
# make: *** [all] Error 2


#===================== ERROR while installing ounit.2.0.0 =====================#
# opam-version         1.2.0~beta4
# os                   linux
# command              make build
# path                 /home/opam/.opam/4.02.0+trunk/build/ounit.2.0.0
# compiler             4.02.0+trunk
# exit-code            2
# env-file             /home/opam/.opam/4.02.0+trunk/build/ounit.2.0.0/ounit-1211-6aa130.env
# stdout-file          /home/opam/.opam/4.02.0+trunk/build/ounit.2.0.0/ounit-1211-6aa130.out
# stderr-file          /home/opam/.opam/4.02.0+trunk/build/ounit.2.0.0/ounit-1211-6aa130.err
### stdout ###
# ...[truncated]
# Compiler support generation of .cmxs.: ............... true
# OCamlbuild additional flags: ......................... 
# Create documentations: ............................... true
# Compile tests executable and library and run them: ... false
# pkg_unix: ............................................ /home/opam/.opam/4.02.0+trunk/lib/ocaml
# pkg_threads: ......................................... /home/opam/.opam/4.02.0+trunk/lib/ocaml
# ocamldoc: ............................................ /home/opam/.opam/4.02.0+trunk/bin/ocamldoc
# 
# ocaml setup.ml -build 
# Failure: TODO.
### stderr ###
# ...[truncated]
# File "/home/gildor/programmation/oasis/src/oasis/OASISFindlib.ml", line 256, characters 6-24:
# Warning 3: deprecated: Lazy.lazy_from_fun
# File "/home/gildor/programmation/oasis/src/oasis/OASISString.ml", line 118, characters 8-26:
# Warning 3: deprecated: String.set
# File "/home/gildor/programmation/oasis/src/oasis/OASISFindlib.ml", line 256, characters 6-24:
# Warning 3: deprecated: Lazy.lazy_from_fun
# W: Cannot find source file matching module 'OUnitLoggerHTMLData' in library oUnitAdvanced
# W: Cannot find source file matching module 'OUnitLoggerHTMLData' in library oUnitAdvanced
# E: Failure("Command ''/home/opam/.opam/4.02.0+trunk/bin/ocamlbuild' src/oUnitAdvanced.cma src/oUnitAdvanced.cmxa src/oUnitAdvanced.a src/oUnitAdvanced.cmxs src/oUnit.cma src/oUnit.cmxa src/oUnit.a src/oUnit.cmxs src/oUnitThreads.cma src/oUnitThreads.cmxa src/oUnitThreads.a src/oUnitThreads.cmxs -tag debug' terminated with error code 2")
# make: *** [build] Error 1


#====================== ERROR while installing re.1.2.2 =======================#
# opam-version         1.2.0~beta4
# os                   linux
# command              ocaml setup.ml -build
# path                 /home/opam/.opam/4.02.0+trunk/build/re.1.2.2
# compiler             4.02.0+trunk
# exit-code            1
# env-file             /home/opam/.opam/4.02.0+trunk/build/re.1.2.2/re-1267-0c525f.env
# stdout-file          /home/opam/.opam/4.02.0+trunk/build/re.1.2.2/re-1267-0c525f.out
# stderr-file          /home/opam/.opam/4.02.0+trunk/build/re.1.2.2/re-1267-0c525f.err
### stdout ###
# ...[truncated]
# Remove a directory.: ................................. rm -rf
# Turn ocaml debug flag on: ............................ true
# Turn ocaml profile flag on: .......................... false
# Compiler support generation of .cmxs.: ............... true
# OCamlbuild additional flags: ......................... 
# Create documentations: ............................... true
# Compile tests executable and library and run them: ... false
# ocamldoc: ............................................ /home/opam/.opam/4.02.0+trunk/bin/ocamldoc
# 
# Failure: TODO.
### stderr ###
# File "setup.ml", line 247, characters 8-26:
# Warning 3: deprecated: String.set
# File "setup.ml", line 2502, characters 6-24:
# Warning 3: deprecated: Lazy.lazy_from_fun
# File "setup.ml", line 247, characters 8-26:
# Warning 3: deprecated: String.set
# File "setup.ml", line 2502, characters 6-24:
# Warning 3: deprecated: Lazy.lazy_from_fun
# E: Failure("Command ''/home/opam/.opam/4.02.0+trunk/bin/ocamlbuild' lib/re.cma lib/re.cmxa lib/re.a lib/re.cmxs lib/re_emacs.cma lib/re_emacs.cmxa lib/re_emacs.a lib/re_emacs.cmxs lib/re_str.cma lib/re_str.cmxa lib/re_str.a lib/re_str.cmxs lib/re_posix.cma lib/re_posix.cmxa lib/re_posix.a lib/re_posix.cmxs lib/re_glob.cma lib/re_glob.cmxa lib/re_glob.a lib/re_glob.cmxs lib/re_perl.cma lib/re_perl....[truncated]


#===================== ERROR while installing react.1.1.0 =====================#
# opam-version         1.2.0~beta4
# os                   linux
# command              ocaml pkg/build.ml native=true native-dynlink=true
# path                 /home/opam/.opam/4.02.0+trunk/build/react.1.1.0
# compiler             4.02.0+trunk
# exit-code            2
# env-file             /home/opam/.opam/4.02.0+trunk/build/react.1.1.0/react-1319-b1a82b.env
# stdout-file          /home/opam/.opam/4.02.0+trunk/build/react.1.1.0/react-1319-b1a82b.out
# stderr-file          /home/opam/.opam/4.02.0+trunk/build/react.1.1.0/react-1319-b1a82b.err
### stdout ###
# Failure: TODO.
### stderr ###
# File "pkg/topkg-ext.ml", line 42, characters 12-25:
# Warning 3: deprecated: String.create


#====================== ERROR while installing ssl.0.4.7 ======================#
# opam-version         1.2.0~beta4
# os                   linux
# command              ./configure --prefix /home/opam/.opam/4.02.0+trunk
# path                 /home/opam/.opam/4.02.0+trunk/build/ssl.0.4.7
# compiler             4.02.0+trunk
# exit-code            1
# env-file             /home/opam/.opam/4.02.0+trunk/build/ssl.0.4.7/ssl-1351-8c0dd3.env
# stdout-file          /home/opam/.opam/4.02.0+trunk/build/ssl.0.4.7/ssl-1351-8c0dd3.out
# stderr-file          /home/opam/.opam/4.02.0+trunk/build/ssl.0.4.7/ssl-1351-8c0dd3.err
### stdout ###
# ...[truncated]
# checking for ocamldep... /home/opam/.opam/4.02.0+trunk/bin/ocamldep
# checking for ocamllex... /home/opam/.opam/4.02.0+trunk/bin/ocamllex
# checking for ocamlyacc... /home/opam/.opam/4.02.0+trunk/bin/ocamlyacc
# checking for ocamldoc... /home/opam/.opam/4.02.0+trunk/bin/ocamldoc
# checking for ocamlmktop... /home/opam/.opam/4.02.0+trunk/bin/ocamlmktop
# checking for gcc... (cached) gcc
# checking whether we are using the GNU C compiler... (cached) yes
# checking whether gcc accepts -g... (cached) yes
# checking for gcc option to accept ISO C89... (cached) none needed
# checking for SSL_new in -lssl... no
### stderr ###
# configure: error: Cannot find libssl.


#=================== ERROR while installing stringext.1.0.0 ===================#
# opam-version         1.2.0~beta4
# os                   linux
# command              ocaml setup.ml -build
# path                 /home/opam/.opam/4.02.0+trunk/build/stringext.1.0.0
# compiler             4.02.0+trunk
# exit-code            1
# env-file             /home/opam/.opam/4.02.0+trunk/build/stringext.1.0.0/stringext-1668-736596.env
# stdout-file          /home/opam/.opam/4.02.0+trunk/build/stringext.1.0.0/stringext-1668-736596.out
# stderr-file          /home/opam/.opam/4.02.0+trunk/build/stringext.1.0.0/stringext-1668-736596.err
### stdout ###
# ...[truncated]
# Remove a file.: ...................................... rm -f
# Remove a directory.: ................................. rm -rf
# Turn ocaml debug flag on: ............................ true
# Turn ocaml profile flag on: .......................... false
# Compiler support generation of .cmxs.: ............... true
# OCamlbuild additional flags: ......................... 
# Create documentations: ............................... true
# Compile tests executable and library and run them: ... false
# 
# Failure: TODO.
### stderr ###
# File "setup.ml", line 247, characters 8-26:
# Warning 3: deprecated: String.set
# File "setup.ml", line 2502, characters 6-24:
# Warning 3: deprecated: Lazy.lazy_from_fun
# File "setup.ml", line 247, characters 8-26:
# Warning 3: deprecated: String.set
# File "setup.ml", line 2502, characters 6-24:
# Warning 3: deprecated: Lazy.lazy_from_fun
# E: Failure("Command ''/home/opam/.opam/4.02.0+trunk/bin/ocamlbuild' lib/stringext.cma lib/stringext.cmxa lib/stringext.a lib/stringext.cmxs -tag debug' terminated with error code 2")


=-=-=-=-=-=-=-=-=-=-=-=-=-=-=-=-= Error report =-=-=-=-=-=-=-=-=-=-=-=-=-=-=-=-=
These actions have been completed successfully
 - install   easy-format.1.0.2
 - install   biniou.1.0.9
The following failed
 - install   camlp4.4.02.0
 - install   cmdliner.0.9.5
 - install   cppo.0.9.4
 - install   menhir.20130912
 - install   ounit.2.0.0
 - install   re.1.2.2
 - install   react.1.1.0
 - install   ssl.0.4.7
 - install   stringext.1.0.0
Due to the errors, the following have been cancelled
 - install   atd.1.1.2
 - install   fieldslib.109.20.03
 - install   uri.1.7.2
 - install   lambda-term.1.6
 - install   type_conv.111.13.00
 - install   yojson.1.1.8
 - install   lwt.2.4.5
 - install   zed.1.3
 - install   conduit.0.5.1
 - install   cohttp.0.11.2
 - install   camomile.0.8.5
 - install   sexplib.111.25.00
 - install   github.0.8.6
 - install   atdgen.1.3.1

The former state can be restored with opam switch import "/home/opam/.opam/4.02.0+trunk/backup/state-20140719130535.export"
'opam install github' failed.
