++ opam install google-drive-ocamlfuse -e ubuntu
+ depext='clasp version 2.1.4
Reading from out9NUorU/gringo_out
Solving...
Answer: 4
in("google-drive-ocamlfuse",17) in("base-bigarray",1) in("base-unix",1) in("ocaml
OPTIMUM FOUND

Models      : 1     
  Enumerated: 4
  Optimum   : yes
Optimization: 0 0 15
Time        : 0.007s (Solving: 0.00s 1st Model: 0.00s Unsat: 0.00s)
CPU Time    : 0.000s
Choices     : 83
Conflicts   : 5
Restarts    : 0     

Atoms       : 7208  
Rules       : 7774   (1: 7691 2: 10 3: 70 6: 3)
Bodies      : 379   
Equivalences: 14578  (Atom=Atom: 7042 Body=Body: 129 Other: 7407)
Tight       : Yes

Variables   : 238    (Eliminated:   55 Frozen:   99)
Constraints : 363    (Binary: 90.4% Ternary:  2.5% Other:  7.2%)
Lemmas      : 4      (Binary: 25.0% Ternary:  0.0% Other: 75.0%)
  Conflict  : 4      (Average Length: 3.0) 
  Loop      : 0      (Average Length: 0.0) 
  Other     : 0      (Average Length: 0.0)
  Deleted   : 0     

Backtracks          : 1     
Backjumps           : 4      (Bounded: 1)
Skippable Levels    : 21     (Skipped: 20 Rate:  95.2%)
Max Jump Length     : 17     (Executed: 17)
Max Bound Length    : 1     
Average Jump Length : 5.2    (Executed: 5.0)
Average Bound Length: 1.0   
Average Model Length: 17.2  
/usr/share/aspcud/encodings/misc2012.lp:150:57-76: warning: atom is undefined:
  recommends(P,V,D,W)

/usr/share/aspcud/encodings/misc2012.lp:148:57-75: warning: atom is undefined:
  attribute(P,V,A,X)

/usr/share/aspcud/encodings/misc2012.lp:138:57-76: warning: atom is undefined:
  recommends(P,V,D,W)

/usr/share/aspcud/encodings/misc2012.lp:164:42-61: warning: atom is undefined:
  recommends(P,V,D,W)

/usr/share/aspcud/encodings/misc2012.lp:161:63-81: warning: atom is undefined:
  attribute(P,V,A,X)

/usr/share/aspcud/encodings/misc2012.lp:109:50-68: warning: atom is undefined:
  attribute(P,V,A,X)

/usr/share/aspcud/encodings/misc2012.lp:109:70-88: warning: atom is undefined:
  attribute(P,V,B,Y)

/usr/share/aspcud/encodings/misc2012.lp:30:22-41: warning: atom is undefined:
  recommends(P,V,D,W)

libcurl4-gnutls-dev libfuse-dev libsqlite3-dev zlib1g-dev'
+ echo Ubuntu depexts: clasp version 2.1.4 Reading from out9NUorU/gringo_out Solving... Answer: 4 'in("google-drive-ocamlfuse",17)' 'in("base-bigarray",1)' 'in("base-unix",1)' 'in("ocaml' OPTIMUM FOUND Models : 1 Enumerated: 4 Optimum : yes Optimization: 0 0 15 Time : 0.007s '(Solving:' 0.00s 1st Model: 0.00s Unsat: '0.00s)' CPU Time : 0.000s Choices : 83 Conflicts : 5 Restarts : 0 Atoms : 7208 Rules : 7774 '(1:' 7691 2: 10 3: 70 6: '3)' Bodies : 379 Equivalences: 14578 '(Atom=Atom:' 7042 Body=Body: 129 Other: '7407)' Tight : Yes Variables : 238 '(Eliminated:' 55 Frozen: '99)' Constraints : 363 '(Binary:' 90.4% Ternary: 2.5% Other: '7.2%)' Lemmas : 4 '(Binary:' 25.0% Ternary: 0.0% Other: '75.0%)' Conflict : 4 '(Average' Length: '3.0)' Loop : 0 '(Average' Length: '0.0)' Other : 0 '(Average' Length: '0.0)' Deleted : 0 Backtracks : 1 Backjumps : 4 '(Bounded:' '1)' Skippable Levels : 21 '(Skipped:' 20 Rate: '95.2%)' Max Jump Length : 17 '(Executed:' '17)' Max Bound Length : 1 Average Jump Length : 5.2 '(Executed:' '5.0)' Average Bound Length: 1.0 Average Model Length: 17.2 /usr/share/aspcud/encodings/misc2012.lp:150:57-76: warning: atom is undefined: 'recommends(P,V,D,W)' /usr/share/aspcud/encodings/misc2012.lp:148:57-75: warning: atom is undefined: 'attribute(P,V,A,X)' /usr/share/aspcud/encodings/misc2012.lp:138:57-76: warning: atom is undefined: 'recommends(P,V,D,W)' /usr/share/aspcud/encodings/misc2012.lp:164:42-61: warning: atom is undefined: 'recommends(P,V,D,W)' /usr/share/aspcud/encodings/misc2012.lp:161:63-81: warning: atom is undefined: 'attribute(P,V,A,X)' /usr/share/aspcud/encodings/misc2012.lp:109:50-68: warning: atom is undefined: 'attribute(P,V,A,X)' /usr/share/aspcud/encodings/misc2012.lp:109:70-88: warning: atom is undefined: 'attribute(P,V,B,Y)' /usr/share/aspcud/encodings/misc2012.lp:30:22-41: warning: atom is undefined: 'recommends(P,V,D,W)' libcurl4-gnutls-dev libfuse-dev libsqlite3-dev zlib1g-dev
+ '[' 'clasp version 2.1.4
Reading from out9NUorU/gringo_out
Solving...
Answer: 4
in("google-drive-ocamlfuse",17) in("base-bigarray",1) in("base-unix",1) in("ocaml
OPTIMUM FOUND

Models      : 1     
  Enumerated: 4
  Optimum   : yes
Optimization: 0 0 15
Time        : 0.007s (Solving: 0.00s 1st Model: 0.00s Unsat: 0.00s)
CPU Time    : 0.000s
Choices     : 83
Conflicts   : 5
Restarts    : 0     

Atoms       : 7208  
Rules       : 7774   (1: 7691 2: 10 3: 70 6: 3)
Bodies      : 379   
Equivalences: 14578  (Atom=Atom: 7042 Body=Body: 129 Other: 7407)
Tight       : Yes

Variables   : 238    (Eliminated:   55 Frozen:   99)
Constraints : 363    (Binary: 90.4% Ternary:  2.5% Other:  7.2%)
Lemmas      : 4      (Binary: 25.0% Ternary:  0.0% Other: 75.0%)
  Conflict  : 4      (Average Length: 3.0) 
  Loop      : 0      (Average Length: 0.0) 
  Other     : 0      (Average Length: 0.0)
  Deleted   : 0     

Backtracks          : 1     
Backjumps           : 4      (Bounded: 1)
Skippable Levels    : 21     (Skipped: 20 Rate:  95.2%)
Max Jump Length     : 17     (Executed: 17)
Max Bound Length    : 1     
Average Jump Length : 5.2    (Executed: 5.0)
Average Bound Length: 1.0   
Average Model Length: 17.2  
/usr/share/aspcud/encodings/misc2012.lp:150:57-76: warning: atom is undefined:
  recommends(P,V,D,W)

/usr/share/aspcud/encodings/misc2012.lp:148:57-75: warning: atom is undefined:
  attribute(P,V,A,X)

/usr/share/aspcud/encodings/misc2012.lp:138:57-76: warning: atom is undefined:
  recommends(P,V,D,W)

/usr/share/aspcud/encodings/misc2012.lp:164:42-61: warning: atom is undefined:
  recommends(P,V,D,W)

/usr/share/aspcud/encodings/misc2012.lp:161:63-81: warning: atom is undefined:
  attribute(P,V,A,X)

/usr/share/aspcud/encodings/misc2012.lp:109:50-68: warning: atom is undefined:
  attribute(P,V,A,X)

/usr/share/aspcud/encodings/misc2012.lp:109:70-88: warning: atom is undefined:
  attribute(P,V,B,Y)

/usr/share/aspcud/encodings/misc2012.lp:30:22-41: warning: atom is undefined:
  recommends(P,V,D,W)

libcurl4-gnutls-dev libfuse-dev libsqlite3-dev zlib1g-dev' '!=' '' ']'
+ sudo apt-get install -qq -y build-essential m4
Ubuntu depexts: clasp version 2.1.4 Reading from out9NUorU/gringo_out Solving... Answer: 4 in("google-drive-ocamlfuse",17) in("base-bigarray",1) in("base-unix",1) in("ocaml OPTIMUM FOUND Models : 1 Enumerated: 4 Optimum : yes Optimization: 0 0 15 Time : 0.007s (Solving: 0.00s 1st Model: 0.00s Unsat: 0.00s) CPU Time : 0.000s Choices : 83 Conflicts : 5 Restarts : 0 Atoms : 7208 Rules : 7774 (1: 7691 2: 10 3: 70 6: 3) Bodies : 379 Equivalences: 14578 (Atom=Atom: 7042 Body=Body: 129 Other: 7407) Tight : Yes Variables : 238 (Eliminated: 55 Frozen: 99) Constraints : 363 (Binary: 90.4% Ternary: 2.5% Other: 7.2%) Lemmas : 4 (Binary: 25.0% Ternary: 0.0% Other: 75.0%) Conflict : 4 (Average Length: 3.0) Loop : 0 (Average Length: 0.0) Other : 0 (Average Length: 0.0) Deleted : 0 Backtracks : 1 Backjumps : 4 (Bounded: 1) Skippable Levels : 21 (Skipped: 20 Rate: 95.2%) Max Jump Length : 17 (Executed: 17) Max Bound Length : 1 Average Jump Length : 5.2 (Executed: 5.0) Average Bound Length: 1.0 Average Model Length: 17.2 /usr/share/aspcud/encodings/misc2012.lp:150:57-76: warning: atom is undefined: recommends(P,V,D,W) /usr/share/aspcud/encodings/misc2012.lp:148:57-75: warning: atom is undefined: attribute(P,V,A,X) /usr/share/aspcud/encodings/misc2012.lp:138:57-76: warning: atom is undefined: recommends(P,V,D,W) /usr/share/aspcud/encodings/misc2012.lp:164:42-61: warning: atom is undefined: recommends(P,V,D,W) /usr/share/aspcud/encodings/misc2012.lp:161:63-81: warning: atom is undefined: attribute(P,V,A,X) /usr/share/aspcud/encodings/misc2012.lp:109:50-68: warning: atom is undefined: attribute(P,V,A,X) /usr/share/aspcud/encodings/misc2012.lp:109:70-88: warning: atom is undefined: attribute(P,V,B,Y) /usr/share/aspcud/encodings/misc2012.lp:30:22-41: warning: atom is undefined: recommends(P,V,D,W) libcurl4-gnutls-dev libfuse-dev libsqlite3-dev zlib1g-dev
+ sudo apt-get install -qq -y clasp version 2.1.4 Reading from out9NUorU/gringo_out Solving... Answer: 4 'in("google-drive-ocamlfuse",17)' 'in("base-bigarray",1)' 'in("base-unix",1)' 'in("ocaml' OPTIMUM FOUND Models : 1 Enumerated: 4 Optimum : yes Optimization: 0 0 15 Time : 0.007s '(Solving:' 0.00s 1st Model: 0.00s Unsat: '0.00s)' CPU Time : 0.000s Choices : 83 Conflicts : 5 Restarts : 0 Atoms : 7208 Rules : 7774 '(1:' 7691 2: 10 3: 70 6: '3)' Bodies : 379 Equivalences: 14578 '(Atom=Atom:' 7042 Body=Body: 129 Other: '7407)' Tight : Yes Variables : 238 '(Eliminated:' 55 Frozen: '99)' Constraints : 363 '(Binary:' 90.4% Ternary: 2.5% Other: '7.2%)' Lemmas : 4 '(Binary:' 25.0% Ternary: 0.0% Other: '75.0%)' Conflict : 4 '(Average' Length: '3.0)' Loop : 0 '(Average' Length: '0.0)' Other : 0 '(Average' Length: '0.0)' Deleted : 0 Backtracks : 1 Backjumps : 4 '(Bounded:' '1)' Skippable Levels : 21 '(Skipped:' 20 Rate: '95.2%)' Max Jump Length : 17 '(Executed:' '17)' Max Bound Length : 1 Average Jump Length : 5.2 '(Executed:' '5.0)' Average Bound Length: 1.0 Average Model Length: 17.2 /usr/share/aspcud/encodings/misc2012.lp:150:57-76: warning: atom is undefined: 'recommends(P,V,D,W)' /usr/share/aspcud/encodings/misc2012.lp:148:57-75: warning: atom is undefined: 'attribute(P,V,A,X)' /usr/share/aspcud/encodings/misc2012.lp:138:57-76: warning: atom is undefined: 'recommends(P,V,D,W)' /usr/share/aspcud/encodings/misc2012.lp:164:42-61: warning: atom is undefined: 'recommends(P,V,D,W)' /usr/share/aspcud/encodings/misc2012.lp:161:63-81: warning: atom is undefined: 'attribute(P,V,A,X)' /usr/share/aspcud/encodings/misc2012.lp:109:50-68: warning: atom is undefined: 'attribute(P,V,A,X)' /usr/share/aspcud/encodings/misc2012.lp:109:70-88: warning: atom is undefined: 'attribute(P,V,B,Y)' /usr/share/aspcud/encodings/misc2012.lp:30:22-41: warning: atom is undefined: 'recommends(P,V,D,W)' libcurl4-gnutls-dev libfuse-dev libsqlite3-dev zlib1g-dev
E: Unable to locate package version
E: Unable to locate package Reading
E: Unable to locate package from
E: Unable to locate package out9NUorU
E: Unable to locate package Solving...
E: Couldn't find any package by regex 'Solving...'
E: Unable to locate package Answer
E: Unable to locate package 4
E: Unable to locate package in("google-drive-ocamlfuse",17)
E: Unable to locate package in("base-bigarray",1)
E: Unable to locate package in("base-unix",1)
E: Unable to locate package in("ocaml
E: Unable to locate package OPTIMUM
E: Unable to locate package FOUND
E: Unable to locate package Models
E: Unable to locate package 
E: Unable to locate package 1
E: Unable to locate package Enumerated
E: Unable to locate package 4
E: Unable to locate package Optimum
E: Unable to locate package 
E: Unable to locate package yes
E: Unable to locate package Optimization
E: Unable to locate package 0
E: Unable to locate package 0
E: Unable to locate package 15
E: Unable to locate package 
E: Unable to locate package 0.007s
E: Couldn't find any package by regex '0.007s'
E: Unable to locate package (Solving
E: Unable to locate package 0.00s
E: Couldn't find any package by regex '0.00s'
E: Unable to locate package 1st
E: Unable to locate package Model
E: Unable to locate package 0.00s
E: Couldn't find any package by regex '0.00s'
E: Unable to locate package Unsat
E: Unable to locate package 0.00s)
E: Couldn't find any package by regex '0.00s)'
E: Unable to locate package 
E: Unable to locate package 0.000s
E: Couldn't find any package by regex '0.000s'
E: Unable to locate package Choices
E: Unable to locate package 
E: Unable to locate package 83
E: Unable to locate package Conflicts
E: Unable to locate package 
E: Unable to locate package 5
E: Unable to locate package Restarts
E: Unable to locate package 
E: Unable to locate package 0
E: Unable to locate package Atoms
E: Unable to locate package 
E: Unable to locate package 7208
E: Unable to locate package Rules
E: Unable to locate package 
E: Unable to locate package 7774
E: Unable to locate package (1
E: Unable to locate package 7691
E: Unable to locate package 2
E: Unable to locate package 10
E: Unable to locate package 3
E: Unable to locate package 70
E: Unable to locate package 6
E: Unable to locate package 3)
E: Unable to locate package Bodies
E: Unable to locate package 
E: Unable to locate package 379
E: Unable to locate package Equivalences
E: Unable to locate package 14578
E: Unable to locate package (Atom
E: Unable to locate package 7042
E: Unable to locate package Body
E: Unable to locate package 129
E: Unable to locate package Other
E: Unable to locate package 7407)
E: Unable to locate package Tight
E: Unable to locate package 
E: Unable to locate package Yes
E: Unable to locate package Variables
E: Unable to locate package 
E: Unable to locate package 238
E: Unable to locate package (Eliminated
E: Unable to locate package 55
E: Unable to locate package Frozen
E: Unable to locate package 99)
E: Unable to locate package Constraints
E: Unable to locate package 
E: Unable to locate package 363
E: Unable to locate package (Binary
E: Unable to locate package 90.4%
E: Couldn't find any package by regex '90.4%'
E: Unable to locate package Ternary
E: Unable to locate package 2.5%
E: Couldn't find any package by regex '2.5%'
E: Unable to locate package Other
E: Unable to locate package 7.2%)
E: Couldn't find any package by regex '7.2%)'
E: Unable to locate package Lemmas
E: Unable to locate package 
E: Unable to locate package 4
E: Unable to locate package (Binary
E: Unable to locate package 25.0%
E: Couldn't find any package by regex '25.0%'
E: Unable to locate package Ternary
E: Unable to locate package 0.0%
E: Couldn't find any package by regex '0.0%'
E: Unable to locate package Other
E: Unable to locate package 75.0%)
E: Couldn't find any package by regex '75.0%)'
E: Unable to locate package Conflict
E: Unable to locate package 
E: Unable to locate package 4
E: Unable to locate package (Average
E: Unable to locate package Length
E: Unable to locate package 3.0)
E: Couldn't find any package by regex '3.0)'
E: Unable to locate package Loop
E: Unable to locate package 
E: Unable to locate package 0
E: Unable to locate package (Average
E: Unable to locate package Length
E: Unable to locate package 0.0)
E: Couldn't find any package by regex '0.0)'
E: Unable to locate package Other
E: Unable to locate package 
E: Unable to locate package 0
E: Unable to locate package (Average
E: Unable to locate package Length
E: Unable to locate package 0.0)
E: Couldn't find any package by regex '0.0)'
E: Unable to locate package Deleted
E: Unable to locate package 
E: Unable to locate package 0
E: Unable to locate package Backtracks
E: Unable to locate package 
E: Unable to locate package 1
E: Unable to locate package Backjumps
E: Unable to locate package 
E: Unable to locate package 4
E: Unable to locate package (Bounded
E: Unable to locate package 1)
E: Unable to locate package Skippable
E: Unable to locate package Levels
E: Unable to locate package 
E: Unable to locate package 21
E: Unable to locate package (Skipped
E: Unable to locate package 20
E: Unable to locate package Rate
E: Unable to locate package 95.2%)
E: Couldn't find any package by regex '95.2%)'
E: Unable to locate package Max
E: Unable to locate package Jump
E: Unable to locate package Length
E: Unable to locate package 
E: Unable to locate package 17
E: Unable to locate package (Executed
E: Unable to locate package 17)
E: Unable to locate package Max
E: Unable to locate package Bound
E: Unable to locate package Length
E: Unable to locate package 
E: Unable to locate package 1
E: Unable to locate package Average
E: Unable to locate package Jump
E: Unable to locate package Length
E: Unable to locate package 
E: Unable to locate package (Executed
E: Unable to locate package 5.0)
E: Couldn't find any package by regex '5.0)'
E: Unable to locate package Average
E: Unable to locate package Bound
E: Unable to locate package Length
E: Unable to locate package Average
E: Unable to locate package Model
E: Unable to locate package Length
E: Unable to locate package 17.2
E: Couldn't find any package by regex '17.2'
E: Unable to locate package /usr/share/aspcud/encodings
E: Unable to locate package warning
E: Unable to locate package atom
E: Unable to locate package is
E: Unable to locate package undefined
E: Unable to locate package recommends(P,V,D,W)
E: Unable to locate package /usr/share/aspcud/encodings
E: Unable to locate package warning
E: Unable to locate package atom
E: Unable to locate package is
E: Unable to locate package undefined
E: Unable to locate package attribute(P,V,A,X)
E: Unable to locate package /usr/share/aspcud/encodings
E: Unable to locate package warning
E: Unable to locate package atom
E: Unable to locate package is
E: Unable to locate package undefined
E: Unable to locate package recommends(P,V,D,W)
E: Unable to locate package /usr/share/aspcud/encodings
E: Unable to locate package warning
E: Unable to locate package atom
E: Unable to locate package is
E: Unable to locate package undefined
E: Unable to locate package recommends(P,V,D,W)
E: Unable to locate package /usr/share/aspcud/encodings
E: Unable to locate package warning
E: Unable to locate package atom
E: Unable to locate package is
E: Unable to locate package undefined
E: Unable to locate package attribute(P,V,A,X)
E: Unable to locate package /usr/share/aspcud/encodings
E: Unable to locate package warning
E: Unable to locate package atom
E: Unable to locate package is
E: Unable to locate package undefined
E: Unable to locate package attribute(P,V,A,X)
E: Unable to locate package /usr/share/aspcud/encodings
E: Unable to locate package warning
E: Unable to locate package atom
E: Unable to locate package is
E: Unable to locate package undefined
E: Unable to locate package attribute(P,V,B,Y)
E: Unable to locate package /usr/share/aspcud/encodings
E: Unable to locate package warning
E: Unable to locate package atom
E: Unable to locate package is
E: Unable to locate package undefined
E: Unable to locate package recommends(P,V,D,W)
++ opam install google-drive-ocamlfuse -e source,linux
+ srcext='clasp version 2.1.4
Reading from outxqaQV6/gringo_out
Solving...
Answer: 4
in("google-drive-ocamlfuse",17) in("base-bigarray",1) in("base-unix",1) in("ocaml
OPTIMUM FOUND

Models      : 1     
  Enumerated: 4
  Optimum   : yes
Optimization: 0 0 15
Time        : 0.008s (Solving: 0.00s 1st Model: 0.00s Unsat: 0.00s)
CPU Time    : 0.010s
Choices     : 83
Conflicts   : 5
Restarts    : 0     

Atoms       : 7208  
Rules       : 7774   (1: 7691 2: 10 3: 70 6: 3)
Bodies      : 379   
Equivalences: 14578  (Atom=Atom: 7042 Body=Body: 129 Other: 7407)
Tight       : Yes

Variables   : 238    (Eliminated:   55 Frozen:   99)
Constraints : 363    (Binary: 90.4% Ternary:  2.5% Other:  7.2%)
Lemmas      : 4      (Binary: 25.0% Ternary:  0.0% Other: 75.0%)
  Conflict  : 4      (Average Length: 3.0) 
  Loop      : 0      (Average Length: 0.0) 
  Other     : 0      (Average Length: 0.0)
  Deleted   : 0     

Backtracks          : 1     
Backjumps           : 4      (Bounded: 1)
Skippable Levels    : 21     (Skipped: 20 Rate:  95.2%)
Max Jump Length     : 17     (Executed: 17)
Max Bound Length    : 1     
Average Jump Length : 5.2    (Executed: 5.0)
Average Bound Length: 1.0   
Average Model Length: 17.2  
/usr/share/aspcud/encodings/misc2012.lp:150:57-76: warning: atom is undefined:
  recommends(P,V,D,W)

/usr/share/aspcud/encodings/misc2012.lp:148:57-75: warning: atom is undefined:
  attribute(P,V,A,X)

/usr/share/aspcud/encodings/misc2012.lp:138:57-76: warning: atom is undefined:
  recommends(P,V,D,W)

/usr/share/aspcud/encodings/misc2012.lp:164:42-61: warning: atom is undefined:
  recommends(P,V,D,W)

/usr/share/aspcud/encodings/misc2012.lp:161:63-81: warning: atom is undefined:
  attribute(P,V,A,X)

/usr/share/aspcud/encodings/misc2012.lp:109:50-68: warning: atom is undefined:
  attribute(P,V,A,X)

/usr/share/aspcud/encodings/misc2012.lp:109:70-88: warning: atom is undefined:
  attribute(P,V,B,Y)

/usr/share/aspcud/encodings/misc2012.lp:30:22-41: warning: atom is undefined:
  recommends(P,V,D,W)'
+ echo Ubuntu srcexts: clasp version 2.1.4 Reading from outxqaQV6/gringo_out Solving... Answer: 4 'in("google-drive-ocamlfuse",17)' 'in("base-bigarray",1)' 'in("base-unix",1)' 'in("ocaml' OPTIMUM FOUND Models : 1 Enumerated: 4 Optimum : yes Optimization: 0 0 15 Time : 0.008s '(Solving:' 0.00s 1st Model: 0.00s Unsat: '0.00s)' CPU Time : 0.010s Choices : 83 Conflicts : 5 Restarts : 0 Atoms : 7208 Rules : 7774 '(1:' 7691 2: 10 3: 70 6: '3)' Bodies : 379 Equivalences: 14578 '(Atom=Atom:' 7042 Body=Body: 129 Other: '7407)' Tight : Yes Variables : 238 '(Eliminated:' 55 Frozen: '99)' Constraints : 363 '(Binary:' 90.4% Ternary: 2.5% Other: '7.2%)' Lemmas : 4 '(Binary:' 25.0% Ternary: 0.0% Other: '75.0%)' Conflict : 4 '(Average' Length: '3.0)' Loop : 0 '(Average' Length: '0.0)' Other : 0 '(Average' Length: '0.0)' Deleted : 0 Backtracks : 1 Backjumps : 4 '(Bounded:' '1)' Skippable Levels : 21 '(Skipped:' 20 Rate: '95.2%)' Max Jump Length : 17 '(Executed:' '17)' Max Bound Length : 1 Average Jump Length : 5.2 '(Executed:' '5.0)' Average Bound Length: 1.0 Average Model Length: 17.2 /usr/share/aspcud/encodings/misc2012.lp:150:57-76: warning: atom is undefined: 'recommends(P,V,D,W)' /usr/share/aspcud/encodings/misc2012.lp:148:57-75: warning: atom is undefined: 'attribute(P,V,A,X)' /usr/share/aspcud/encodings/misc2012.lp:138:57-76: warning: atom is undefined: 'recommends(P,V,D,W)' /usr/share/aspcud/encodings/misc2012.lp:164:42-61: warning: atom is undefined: 'recommends(P,V,D,W)' /usr/share/aspcud/encodings/misc2012.lp:161:63-81: warning: atom is undefined: 'attribute(P,V,A,X)' /usr/share/aspcud/encodings/misc2012.lp:109:50-68: warning: atom is undefined: 'attribute(P,V,A,X)' /usr/share/aspcud/encodings/misc2012.lp:109:70-88: warning: atom is undefined: 'attribute(P,V,B,Y)' /usr/share/aspcud/encodings/misc2012.lp:30:22-41: warning: atom is undefined: 'recommends(P,V,D,W)'
+ '[' 'clasp version 2.1.4
Reading from outxqaQV6/gringo_out
Solving...
Answer: 4
in("google-drive-ocamlfuse",17) in("base-bigarray",1) in("base-unix",1) in("ocaml
OPTIMUM FOUND

Models      : 1     
  Enumerated: 4
  Optimum   : yes
Optimization: 0 0 15
Time        : 0.008s (Solving: 0.00s 1st Model: 0.00s Unsat: 0.00s)
CPU Time    : 0.010s
Choices     : 83
Conflicts   : 5
Restarts    : 0     

Atoms       : 7208  
Rules       : 7774   (1: 7691 2: 10 3: 70 6: 3)
Bodies      : 379   
Equivalences: 14578  (Atom=Atom: 7042 Body=Body: 129 Other: 7407)
Tight       : Yes

Variables   : 238    (Eliminated:   55 Frozen:   99)
Constraints : 363    (Binary: 90.4% Ternary:  2.5% Other:  7.2%)
Lemmas      : 4      (Binary: 25.0% Ternary:  0.0% Other: 75.0%)
  Conflict  : 4      (Average Length: 3.0) 
  Loop      : 0      (Average Length: 0.0) 
  Other     : 0      (Average Length: 0.0)
  Deleted   : 0     

Backtracks          : 1     
Backjumps           : 4      (Bounded: 1)
Skippable Levels    : 21     (Skipped: 20 Rate:  95.2%)
Max Jump Length     : 17     (Executed: 17)
Max Bound Length    : 1     
Average Jump Length : 5.2    (Executed: 5.0)
Average Bound Length: 1.0   
Average Model Length: 17.2  
/usr/share/aspcud/encodings/misc2012.lp:150:57-76: warning: atom is undefined:
  recommends(P,V,D,W)

/usr/share/aspcud/encodings/misc2012.lp:148:57-75: warning: atom is undefined:
  attribute(P,V,A,X)

/usr/share/aspcud/encodings/misc2012.lp:138:57-76: warning: atom is undefined:
  recommends(P,V,D,W)

/usr/share/aspcud/encodings/misc2012.lp:164:42-61: warning: atom is undefined:
  recommends(P,V,D,W)

/usr/share/aspcud/encodings/misc2012.lp:161:63-81: warning: atom is undefined:
  attribute(P,V,A,X)

/usr/share/aspcud/encodings/misc2012.lp:109:50-68: warning: atom is undefined:
  attribute(P,V,A,X)

/usr/share/aspcud/encodings/misc2012.lp:109:70-88: warning: atom is undefined:
  attribute(P,V,B,Y)

/usr/share/aspcud/encodings/misc2012.lp:30:22-41: warning: atom is undefined:
  recommends(P,V,D,W)' '!=' '' ']'
Ubuntu srcexts: clasp version 2.1.4 Reading from outxqaQV6/gringo_out Solving... Answer: 4 in("google-drive-ocamlfuse",17) in("base-bigarray",1) in("base-unix",1) in("ocaml OPTIMUM FOUND Models : 1 Enumerated: 4 Optimum : yes Optimization: 0 0 15 Time : 0.008s (Solving: 0.00s 1st Model: 0.00s Unsat: 0.00s) CPU Time : 0.010s Choices : 83 Conflicts : 5 Restarts : 0 Atoms : 7208 Rules : 7774 (1: 7691 2: 10 3: 70 6: 3) Bodies : 379 Equivalences: 14578 (Atom=Atom: 7042 Body=Body: 129 Other: 7407) Tight : Yes Variables : 238 (Eliminated: 55 Frozen: 99) Constraints : 363 (Binary: 90.4% Ternary: 2.5% Other: 7.2%) Lemmas : 4 (Binary: 25.0% Ternary: 0.0% Other: 75.0%) Conflict : 4 (Average Length: 3.0) Loop : 0 (Average Length: 0.0) Other : 0 (Average Length: 0.0) Deleted : 0 Backtracks : 1 Backjumps : 4 (Bounded: 1) Skippable Levels : 21 (Skipped: 20 Rate: 95.2%) Max Jump Length : 17 (Executed: 17) Max Bound Length : 1 Average Jump Length : 5.2 (Executed: 5.0) Average Bound Length: 1.0 Average Model Length: 17.2 /usr/share/aspcud/encodings/misc2012.lp:150:57-76: warning: atom is undefined: recommends(P,V,D,W) /usr/share/aspcud/encodings/misc2012.lp:148:57-75: warning: atom is undefined: attribute(P,V,A,X) /usr/share/aspcud/encodings/misc2012.lp:138:57-76: warning: atom is undefined: recommends(P,V,D,W) /usr/share/aspcud/encodings/misc2012.lp:164:42-61: warning: atom is undefined: recommends(P,V,D,W) /usr/share/aspcud/encodings/misc2012.lp:161:63-81: warning: atom is undefined: attribute(P,V,A,X) /usr/share/aspcud/encodings/misc2012.lp:109:50-68: warning: atom is undefined: attribute(P,V,A,X) /usr/share/aspcud/encodings/misc2012.lp:109:70-88: warning: atom is undefined: attribute(P,V,B,Y) /usr/share/aspcud/encodings/misc2012.lp:30:22-41: warning: atom is undefined: recommends(P,V,D,W)
++ mktemp
+ t=/tmp/tmp.HBVQMeo346
+ curl -sL clasp version 2.1.4 Reading from outxqaQV6/gringo_out Solving... Answer: 4 'in("google-drive-ocamlfuse",17)' 'in("base-bigarray",1)' 'in("base-unix",1)' 'in("ocaml' OPTIMUM FOUND Models : 1 Enumerated: 4 Optimum : yes Optimization: 0 0 15 Time : 0.008s '(Solving:' 0.00s 1st Model: 0.00s Unsat: '0.00s)' CPU Time : 0.010s Choices : 83 Conflicts : 5 Restarts : 0 Atoms : 7208 Rules : 7774 '(1:' 7691 2: 10 3: 70 6: '3)' Bodies : 379 Equivalences: 14578 '(Atom=Atom:' 7042 Body=Body: 129 Other: '7407)' Tight : Yes Variables : 238 '(Eliminated:' 55 Frozen: '99)' Constraints : 363 '(Binary:' 90.4% Ternary: 2.5% Other: '7.2%)' Lemmas : 4 '(Binary:' 25.0% Ternary: 0.0% Other: '75.0%)' Conflict : 4 '(Average' Length: '3.0)' Loop : 0 '(Average' Length: '0.0)' Other : 0 '(Average' Length: '0.0)' Deleted : 0 Backtracks : 1 Backjumps : 4 '(Bounded:' '1)' Skippable Levels : 21 '(Skipped:' 20 Rate: '95.2%)' Max Jump Length : 17 '(Executed:' '17)' Max Bound Length : 1 Average Jump Length : 5.2 '(Executed:' '5.0)' Average Bound Length: 1.0 Average Model Length: 17.2 /usr/share/aspcud/encodings/misc2012.lp:150:57-76: warning: atom is undefined: 'recommends(P,V,D,W)' /usr/share/aspcud/encodings/misc2012.lp:148:57-75: warning: atom is undefined: 'attribute(P,V,A,X)' /usr/share/aspcud/encodings/misc2012.lp:138:57-76: warning: atom is undefined: 'recommends(P,V,D,W)' /usr/share/aspcud/encodings/misc2012.lp:164:42-61: warning: atom is undefined: 'recommends(P,V,D,W)' /usr/share/aspcud/encodings/misc2012.lp:161:63-81: warning: atom is undefined: 'attribute(P,V,A,X)' /usr/share/aspcud/encodings/misc2012.lp:109:50-68: warning: atom is undefined: 'attribute(P,V,A,X)' /usr/share/aspcud/encodings/misc2012.lp:109:70-88: warning: atom is undefined: 'attribute(P,V,B,Y)' /usr/share/aspcud/encodings/misc2012.lp:30:22-41: warning: atom is undefined: 'recommends(P,V,D,W)'
+ bash -ex /tmp/tmp.HBVQMeo346
+ opam install google-drive-ocamlfuse
clasp version 2.1.4
Reading from outRGsLF5/gringo_out
Solving...
Answer: 4
in("google-drive-ocamlfuse",17) in("base-bigarray",1) in("base-unix",1) in("ocaml
OPTIMUM FOUND

Models      : 1     
  Enumerated: 4
  Optimum   : yes
Optimization: 0 0 15
Time        : 0.006s (Solving: 0.00s 1st Model: 0.00s Unsat: 0.00s)
CPU Time    : 0.000s
Choices     : 83
Conflicts   : 5
Restarts    : 0     

Atoms       : 7208  
Rules       : 7774   (1: 7691 2: 10 3: 70 6: 3)
Bodies      : 379   
Equivalences: 14578  (Atom=Atom: 7042 Body=Body: 129 Other: 7407)
Tight       : Yes

Variables   : 238    (Eliminated:   55 Frozen:   99)
Constraints : 363    (Binary: 90.4% Ternary:  2.5% Other:  7.2%)
Lemmas      : 4      (Binary: 25.0% Ternary:  0.0% Other: 75.0%)
  Conflict  : 4      (Average Length: 3.0) 
  Loop      : 0      (Average Length: 0.0) 
  Other     : 0      (Average Length: 0.0)
  Deleted   : 0     

Backtracks          : 1     
Backjumps           : 4      (Bounded: 1)
Skippable Levels    : 21     (Skipped: 20 Rate:  95.2%)
Max Jump Length     : 17     (Executed: 17)
Max Bound Length    : 1     
Average Jump Length : 5.2    (Executed: 5.0)
Average Bound Length: 1.0   
Average Model Length: 17.2  
/usr/share/aspcud/encodings/misc2012.lp:150:57-76: warning: atom is undefined:
  recommends(P,V,D,W)

/usr/share/aspcud/encodings/misc2012.lp:148:57-75: warning: atom is undefined:
  attribute(P,V,A,X)

/usr/share/aspcud/encodings/misc2012.lp:138:57-76: warning: atom is undefined:
  recommends(P,V,D,W)

/usr/share/aspcud/encodings/misc2012.lp:164:42-61: warning: atom is undefined:
  recommends(P,V,D,W)

/usr/share/aspcud/encodings/misc2012.lp:161:63-81: warning: atom is undefined:
  attribute(P,V,A,X)

/usr/share/aspcud/encodings/misc2012.lp:109:50-68: warning: atom is undefined:
  attribute(P,V,A,X)

/usr/share/aspcud/encodings/misc2012.lp:109:70-88: warning: atom is undefined:
  attribute(P,V,B,Y)

/usr/share/aspcud/encodings/misc2012.lp:30:22-41: warning: atom is undefined:
  recommends(P,V,D,W)

The following actions will be performed:
 - install   cppo.0.9.4                            [required by yojson]
 - install   ocurl.0.7.1                           [required by gapi-ocaml]
 - install   camlidl.1.05                          [required by google-drive-ocamlfuse]
 - install   xmlm.1.2.0                            [required by gapi-ocaml]
 - install   easy-format.1.0.2                     [required by yojson]
 - install   cryptokit-sha512.1.6.3                [required by gapi-ocaml]
 - install   sqlite3-ocaml.2.0.6                   [required by google-drive-ocamlfuse]
 - install   extlib-compat.1.6.1                   [required by gapi-ocaml]
 - install   camlp4.4.02.0                         [required by ocamlnet]
 - install   ocamlfuse.2.7.1-cvs2                  [required by google-drive-ocamlfuse]
 - install   biniou.1.0.9                          [required by yojson]
 - install   ocamlnet.3.7.4                        [required by gapi-ocaml]
 - install   yojson.1.1.8                          [required by gapi-ocaml]
 - install   gapi-ocaml.0.2.1                      [required by google-drive-ocamlfuse]
 - install   google-drive-ocamlfuse.0.5.3
=== 15 to install ===

=-=-=-=-=-=-=-=-=-=-=-=- Synchronizing package archives -=-=-=-=-=-=-=-=-=-=-=-=
[biniou.1.0.9] Downloading http://mjambon.com/releases/biniou/biniou-1.0.9.tar.gz
[camlidl.1.05] Downloading http://caml.inria.fr/pub/old_caml_site/distrib/bazar-ocaml/camlidl-1.05.tar.gz
[camlp4.4.02.0] Fetching git://github.com/ocaml/camlp4#4.02
Initialized empty Git repository in /home/opam/.opam/packages.dev/camlp4.4.02.0/.git/
  % Total    % Received % Xferd  Average Speed   Time    Time     Time  Current
                                 Dload  Upload   Total   Spent    Left  Speed
  0     0    0     0    0     0      0      0 --:--:-- --:--:-- --:--:--     0  % Total    % Received % Xferd  Average Speed   Time    Time     Time  Current
                                 Dload  Upload   Total   Spent    Left  Speed
  0     0    0     0    0     0      0      0 --:--:-- --:--:-- --:--:--     0  0     0    0     0    0     0      0      0 --:--:-- --:--:-- --:--:--     0  0     0    0     0    0     0      0      0 --:--:-- --:--:-- --:--:--     0100   98k  100   98k    0     0   472k      0 --:--:-- --:--:-- --:--:--  472k
200
[cppo.0.9.4] Downloading http://mjambon.com/releases/cppo/cppo-0.9.4.tar.gz
  % Total    % Received % Xferd  Average Speed   Time    Time     Time  Current
                                 Dload  Upload   Total   Spent    Left  Speed
  0     0    0     0    0     0      0      0 --:--:-- --:--:-- --:--:--     0100 23963  100 23963    0     0  45723      0 --:--:-- --:--:-- --:--:-- 45730
200
[cryptokit-sha512.1.6.3] Downloading https://github.com/vbmithr/cryptokit-sha512/tarball/1.6.3
  % Total    % Received % Xferd  Average Speed   Time    Time     Time  Current
                                 Dload  Upload   Total   Spent    Left  Speed
  0     0    0     0    0     0      0      0 --:--:-- --:--:-- --:--:--     0100 21419  100 21419    0     0  50852      0 --:--:-- --:--:-- --:--:-- 50876
200
[easy-format.1.0.2] Downloading http://mjambon.com/releases/easy-format/easy-format-1.0.2.tar.gz
  % Total    % Received % Xferd  Average Speed   Time    Time     Time  Current
                                 Dload  Upload   Total   Spent    Left  Speed
  0     0    0     0    0     0      0      0 --:--:-- --:--:-- --:--:--     0100   138    0   138    0     0    374      0 --:--:-- --:--:-- --:--:--   375
  0     0    0     0    0     0      0      0 --:--:-- --:--:-- --:--:--     0  0     0    0     0    0     0      0      0 --:--:-- --:--:-- --:--:--     0  0     0    0  133k    0     0   123k      0 --:--:--  0:00:01 --:--:--  249k
200
[extlib-compat.1.6.1] Downloading http://ocaml-extlib.googlecode.com/files/extlib-1.6.1.tar.gz
  % Total    % Received % Xferd  Average Speed   Time    Time     Time  Current
                                 Dload  Upload   Total   Spent    Left  Speed
  0     0    0     0    0     0      0      0 --:--:-- --:--:-- --:--:--     0100 72780  100 72780    0     0   793k      0 --:--:-- --:--:-- --:--:--  798k
200
[gapi-ocaml.0.2.1] Downloading https://forge.ocamlcore.org/frs/download.php/1274/gapi-ocaml-0.2.1.tar.gz
  % Total    % Received % Xferd  Average Speed   Time    Time     Time  Current
                                 Dload  Upload   Total   Spent    Left  Speed
  0     0    0     0    0     0      0      0 --:--:-- --:--:-- --:--:--     0  0  400k    0     0    0     0      0      0 --:--:-- --:--:-- --:--:--     0  0     0    0     0    0     0      0      0 --:--:--  0:00:01 --:--:--     0100  400k  100  400k    0     0   982k      0 --:--:-- --:--:-- --:--:--  982k
200
[google-drive-ocamlfuse.0.5.3] Downloading https://forge.ocamlcore.org/frs/download.php/1368/google-drive-ocamlfuse-0.5.3.tar.gz
  % Total    % Received % Xferd  Average Speed   Time    Time     Time  Current
                                 Dload  Upload   Total   Spent    Left  Speed
  0     0    0     0    0     0      0      0 --:--:-- --:--:-- --:--:--     0100 86475  100 86475    0     0   277k      0 --:--:-- --:--:-- --:--:--  277k
200
[ocamlfuse.2.7.1-cvs2] Downloading https://forge.ocamlcore.org/frs/download.php/1369/ocamlfuse-2.7.1_cvs2.tar.gz
  % Total    % Received % Xferd  Average Speed   Time    Time     Time  Current
                                 Dload  Upload   Total   Spent    Left  Speed
  0     0    0     0    0     0      0      0 --:--:-- --:--:-- --:--:--     0  0 67384    0     0    0     0      0      0 --:--:-- --:--:-- --:--:--     0100 67384  100 67384    0     0   218k      0 --:--:-- --:--:-- --:--:--  218k
200
[ocamlnet.3.7.4] Downloading http://download.camlcity.org/download/ocamlnet-3.7.4.tar.gz
  % Total    % Received % Xferd  Average Speed   Time    Time     Time  Current
                                 Dload  Upload   Total   Spent    Left  Speed
  0     0    0     0    0     0      0      0 --:--:-- --:--:-- --:--:--     0  0     0    0     0    0     0      0      0 --:--:--  0:00:02 --:--:--     0 27 3277k   27  906k    0     0  1027k      0  0:00:03 --:--:--  0:00:03 1026k  0     0    0     0    0     0      0      0 --:--:--  0:00:03 --:--:--     0 67 3277k   67 2218k    0     0  1179k      0  0:00:02  0:00:01  0:00:01 1179k  0     0    0     0    0     0      0      0 --:--:--  0:00:04 --:--:--     0100 3277k  100 3277k    0     0  1311k      0  0:00:02  0:00:02 --:--:-- 1311k
200
[ocurl.0.7.1] Downloading https://forge.ocamlcore.org/frs/download.php/1400/ocurl-0.7.1.tar.gz
  % Total    % Received % Xferd  Average Speed   Time    Time     Time  Current
                                 Dload  Upload   Total   Spent    Left  Speed
  0     0    0     0    0     0      0      0 --:--:-- --:--:-- --:--:--     0100  105k  100  105k    0     0   405k      0 --:--:-- --:--:-- --:--:--  406k
200
[sqlite3-ocaml.2.0.6] Downloading https://github.com/mmottl/sqlite3-ocaml/releases/download/v2.0.6/sqlite3-ocaml-2.0.6.tar.gz
  % Total    % Received % Xferd  Average Speed   Time    Time     Time  Current
                                 Dload  Upload   Total   Spent    Left  Speed
  0     0    0     0    0     0      0      0 --:--:-- --:--:-- --:--:--     0  0     0    0     0    0     0      0      0 --:--:--  0:00:05 --:--:--     0100   358    0   358    0     0    816      0 --:--:-- --:--:-- --:--:--   817
100 13679  100 13679    0     0   2305      0  0:00:05  0:00:05 --:--:--  3094
200
[xmlm.1.2.0] Downloading http://erratique.ch/software/xmlm/releases/xmlm-1.2.0.tbz
  % Total    % Received % Xferd  Average Speed   Time    Time     Time  Current
                                 Dload  Upload   Total   Spent    Left  Speed
  0     0    0     0    0     0      0      0 --:--:-- --:--:-- --:--:--     0100 38181  100 38181    0     0   282k      0 --:--:-- --:--:-- --:--:--  284k
200
[yojson.1.1.8] Downloading http://mjambon.com/releases/yojson/yojson-1.1.8.tar.gz
  % Total    % Received % Xferd  Average Speed   Time    Time     Time  Current
                                 Dload  Upload   Total   Spent    Left  Speed
  0     0    0     0    0     0      0      0 --:--:-- --:--:-- --:--:--     0  0     0    0     0    0     0      0      0 --:--:-- --:--:-- --:--:--     0  0 64424    0     0    0     0      0      0 --:--:--  0:00:01 --:--:--     0100 25157  100 25157    0     0  47243      0 --:--:-- --:--:-- --:--:-- 47198
200
100 64424  100 64424    0     0  45742      0  0:00:01  0:00:01 --:--:--  249k
200
From git://github.com/ocaml/camlp4
 * branch            4.02       -> FETCH_HEAD
 * [new branch]      4.02       -> origin/4.02
.depend
.gitignore
.ignore
.ocp-indent
.travis-ci.sh
.travis.yml
Changes
LICENSE
Makefile
README.md
_tags
build/camlp4-bootstrap-recipe.txt
build/camlp4-bootstrap.sh
build/camlp4-byte-only.sh
build/camlp4-mkCamlp4Ast.sh
build/camlp4-native-only.sh
build/camlp4-targets.sh
build/install.sh
camlp4/.ignore
camlp4/CHANGES
camlp4/Camlp4.mlpack
camlp4/Camlp4/Camlp4Ast.partial.ml
camlp4/Camlp4/Debug.ml
camlp4/Camlp4/Debug.mli
camlp4/Camlp4/ErrorHandler.ml
camlp4/Camlp4/ErrorHandler.mli
camlp4/Camlp4/OCamlInitSyntax.ml
camlp4/Camlp4/Options.ml
camlp4/Camlp4/Options.mli
camlp4/Camlp4/PreCast.ml
camlp4/Camlp4/PreCast.mli
camlp4/Camlp4/Printers.mlpack
camlp4/Camlp4/Printers/DumpCamlp4Ast.ml
camlp4/Camlp4/Printers/DumpCamlp4Ast.mli
camlp4/Camlp4/Printers/DumpOCamlAst.ml
camlp4/Camlp4/Printers/DumpOCamlAst.mli
camlp4/Camlp4/Printers/Null.ml
camlp4/Camlp4/Printers/Null.mli
camlp4/Camlp4/Printers/OCaml.ml
camlp4/Camlp4/Printers/OCaml.mli
camlp4/Camlp4/Printers/OCamlr.ml
camlp4/Camlp4/Printers/OCamlr.mli
camlp4/Camlp4/Register.ml
camlp4/Camlp4/Register.mli
camlp4/Camlp4/Sig.ml
camlp4/Camlp4/Struct.mlpack
camlp4/Camlp4/Struct/.ignore
camlp4/Camlp4/Struct/AstFilters.ml
camlp4/Camlp4/Struct/Camlp4Ast.mlast
camlp4/Camlp4/Struct/Camlp4Ast2OCamlAst.ml
camlp4/Camlp4/Struct/Camlp4Ast2OCamlAst.mli
camlp4/Camlp4/Struct/CleanAst.ml
camlp4/Camlp4/Struct/CommentFilter.ml
camlp4/Camlp4/Struct/CommentFilter.mli
camlp4/Camlp4/Struct/DynAst.ml
camlp4/Camlp4/Struct/DynLoader.ml
camlp4/Camlp4/Struct/DynLoader.mli
camlp4/Camlp4/Struct/EmptyError.ml
camlp4/Camlp4/Struct/EmptyError.mli
camlp4/Camlp4/Struct/EmptyPrinter.ml
camlp4/Camlp4/Struct/EmptyPrinter.mli
camlp4/Camlp4/Struct/FreeVars.ml
camlp4/Camlp4/Struct/FreeVars.mli
camlp4/Camlp4/Struct/Grammar.mlpack
camlp4/Camlp4/Struct/Grammar/Delete.ml
camlp4/Camlp4/Struct/Grammar/Dynamic.ml
camlp4/Camlp4/Struct/Grammar/Entry.ml
camlp4/Camlp4/Struct/Grammar/Failed.ml
camlp4/Camlp4/Struct/Grammar/Find.ml
camlp4/Camlp4/Struct/Grammar/Fold.ml
camlp4/Camlp4/Struct/Grammar/Fold.mli
camlp4/Camlp4/Struct/Grammar/Insert.ml
camlp4/Camlp4/Struct/Grammar/Parser.ml
camlp4/Camlp4/Struct/Grammar/Parser.mli
camlp4/Camlp4/Struct/Grammar/Print.ml
camlp4/Camlp4/Struct/Grammar/Print.mli
camlp4/Camlp4/Struct/Grammar/Search.ml
camlp4/Camlp4/Struct/Grammar/Static.ml
camlp4/Camlp4/Struct/Grammar/Structure.ml
camlp4/Camlp4/Struct/Grammar/Tools.ml
camlp4/Camlp4/Struct/Lexer.mll
camlp4/Camlp4/Struct/Loc.ml
camlp4/Camlp4/Struct/Loc.mli
camlp4/Camlp4/Struct/Quotation.ml
camlp4/Camlp4/Struct/Token.ml
camlp4/Camlp4/Struct/Token.mli
camlp4/Camlp4/Utils.ml
camlp4/Camlp4/Utils.mli
camlp4/Camlp4Bin.ml
camlp4/Camlp4Filters/Camlp4AstLifter.ml
camlp4/Camlp4Filters/Camlp4ExceptionTracer.ml
camlp4/Camlp4Filters/Camlp4FoldGenerator.ml
camlp4/Camlp4Filters/Camlp4LocationStripper.ml
camlp4/Camlp4Filters/Camlp4MapGenerator.ml
camlp4/Camlp4Filters/Camlp4MetaGenerator.ml
camlp4/Camlp4Filters/Camlp4Profiler.ml
camlp4/Camlp4Filters/Camlp4TrashRemover.ml
camlp4/Camlp4Parsers/Camlp4AstLoader.ml
camlp4/Camlp4Parsers/Camlp4DebugParser.ml
camlp4/Camlp4Parsers/Camlp4GrammarParser.ml
camlp4/Camlp4Parsers/Camlp4ListComprehension.ml
camlp4/Camlp4Parsers/Camlp4MacroParser.ml
camlp4/Camlp4Parsers/Camlp4OCamlOriginalQuotationExpander.ml
camlp4/Camlp4Parsers/Camlp4OCamlParser.ml
camlp4/Camlp4Parsers/Camlp4OCamlParserParser.ml
camlp4/Camlp4Parsers/Camlp4OCamlReloadedParser.ml
camlp4/Camlp4Parsers/Camlp4OCamlRevisedParser.ml
camlp4/Camlp4Parsers/Camlp4OCamlRevisedParserParser.ml
camlp4/Camlp4Parsers/Camlp4OCamlRevisedQuotationExpander.ml
camlp4/Camlp4Parsers/Camlp4QuotationCommon.ml
camlp4/Camlp4Parsers/Camlp4QuotationExpander.ml
camlp4/Camlp4Printers/Camlp4AstDumper.ml
camlp4/Camlp4Printers/Camlp4AutoPrinter.ml
camlp4/Camlp4Printers/Camlp4NullDumper.ml
camlp4/Camlp4Printers/Camlp4OCamlAstDumper.ml
camlp4/Camlp4Printers/Camlp4OCamlPrinter.ml
camlp4/Camlp4Printers/Camlp4OCamlRevisedPrinter.ml
camlp4/Camlp4Top.mlpack
camlp4/Camlp4Top/Rprint.ml
camlp4/Camlp4Top/Top.ml
camlp4/ICHANGES
camlp4/META.in
camlp4/boot/.ignore
camlp4/boot/Camlp4.ml
camlp4/boot/Camlp4.ml4
camlp4/boot/Camlp4Ast.ml
camlp4/boot/camlp4boot.ml
camlp4/boot/camlp4boot.ml4
camlp4/build/.ignore
camlp4/camlp4.odocl
camlp4/camlp4fulllib.mllib
camlp4/camlp4lib.mllib
camlp4/camlp4prof.ml
camlp4/camlp4prof.mli
camlp4/config/Camlp4_config.ml
camlp4/config/Camlp4_config.mli
camlp4/config/gen_import.ml
camlp4/examples/_tags
camlp4/examples/all.itarget
camlp4/examples/apply_operator.ml
camlp4/examples/apply_operator_test.ml
camlp4/examples/arith.ml
camlp4/examples/debug_extension.ml
camlp4/examples/ex_str.ml
camlp4/examples/ex_str_test.ml
camlp4/examples/expression_closure.ml
camlp4/examples/expression_closure_filter.ml
camlp4/examples/expression_closure_test.ml
camlp4/examples/fancy_lambda_quot.ml
camlp4/examples/fancy_lambda_quot_test.ml
camlp4/examples/free_vars_test.ml
camlp4/examples/gen_match_case.ml
camlp4/examples/gen_type_N.ml
camlp4/examples/gettext_test.ml
camlp4/examples/global_handler.ml
camlp4/examples/global_handler_test.ml
camlp4/examples/lambda_parser.ml
camlp4/examples/lambda_quot.ml
camlp4/examples/lambda_quot_expr.ml
camlp4/examples/lambda_quot_patt.ml
camlp4/examples/lambda_test.ml
camlp4/examples/macros.ml
camlp4/examples/parse_files.ml
camlp4/examples/syb_fold.ml
camlp4/examples/syb_map.ml
camlp4/examples/test.itarget
camlp4/examples/test_macros.ml
camlp4/examples/test_type_quotation.ml
camlp4/examples/type_quotation.ml
camlp4/import/.keepme
camlp4/mkcamlp4.ml
camlp4/test/fixtures/assert.ml
camlp4/test/fixtures/backquoted_irrefutable_tuple.ml
camlp4/test/fixtures/backquoted_record.ml
camlp4/test/fixtures/backquoted_tuple.ml
camlp4/test/fixtures/big-tab1.ml
camlp4/test/fixtures/big-tab2.ml
camlp4/test/fixtures/big-tab3.ml
camlp4/test/fixtures/bug-4058.ml
camlp4/test/fixtures/bug-4337.ml
camlp4/test/fixtures/bug-by-vincent-balat.ml
camlp4/test/fixtures/bug-camlp4o-benjamin-monate.ml
camlp4/test/fixtures/bug-camlp4o-constr-arity-expr.ml
camlp4/test/fixtures/bug-camlp4o-constr-arity.ml
camlp4/test/fixtures/bug_escaping_quot.ml
camlp4/test/fixtures/chars.ml
camlp4/test/fixtures/class_expr_quot.ml
camlp4/test/fixtures/comments.ml
camlp4/test/fixtures/comments.mli
camlp4/test/fixtures/comments2.ml
camlp4/test/fixtures/constant-parser.ml
camlp4/test/fixtures/curry-constr.ml
camlp4/test/fixtures/default_quotation.ml
camlp4/test/fixtures/exception-with-eqn-bug.ml
camlp4/test/fixtures/external.ml
camlp4/test/fixtures/fun.ml
camlp4/test/fixtures/functor-perf.ml
camlp4/test/fixtures/functor-perf2.gen.ml
camlp4/test/fixtures/functor-perf2.ml
camlp4/test/fixtures/functor-perf3.ml
camlp4/test/fixtures/gen_map.ml
camlp4/test/fixtures/gram-fold.ml
camlp4/test/fixtures/gram-list.ml
camlp4/test/fixtures/gram-loc-lost.ml
camlp4/test/fixtures/gram-sub-rule.ml
camlp4/test/fixtures/gram-tree.ml
camlp4/test/fixtures/gram-tree2.ml
camlp4/test/fixtures/gram-tree3.ml
camlp4/test/fixtures/gram.ml
camlp4/test/fixtures/idents
camlp4/test/fixtures/idents1
camlp4/test/fixtures/idents2
camlp4/test/fixtures/if.ml
camlp4/test/fixtures/label.ml
camlp4/test/fixtures/lambda_free.ml
camlp4/test/fixtures/loc-bug.ml
camlp4/test/fixtures/macrotest.ml
camlp4/test/fixtures/macrotest.mli
camlp4/test/fixtures/macrotest2.ml
camlp4/test/fixtures/macrotest3.ml
camlp4/test/fixtures/make_extend.ml
camlp4/test/fixtures/match.ml
camlp4/test/fixtures/match_parser.ml
camlp4/test/fixtures/meta_multi_term.ml
camlp4/test/fixtures/metalib.ml
camlp4/test/fixtures/method_private_virtual.ml
camlp4/test/fixtures/mod.ml
camlp4/test/fixtures/mod2.ml
camlp4/test/fixtures/operators.ml
camlp4/test/fixtures/operators.mli
camlp4/test/fixtures/original_syntax.ml
camlp4/test/fixtures/outside-scope.ml
camlp4/test/fixtures/parser.ml
camlp4/test/fixtures/pp_let_in.ml
camlp4/test/fixtures/pp_let_in2.ml
camlp4/test/fixtures/pp_xml.ml
camlp4/test/fixtures/pprecordtyp.ml
camlp4/test/fixtures/pr4314.ml
camlp4/test/fixtures/pr4314gram1.ml
camlp4/test/fixtures/pr4314gram2.ml
camlp4/test/fixtures/pr4314gram3.ml
camlp4/test/fixtures/pr4314gram4.ml
camlp4/test/fixtures/pr4314gram5.ml
camlp4/test/fixtures/pr4329.ml
camlp4/test/fixtures/pr4330.ml
camlp4/test/fixtures/pr4357.ml
camlp4/test/fixtures/pr4357sample.ml
camlp4/test/fixtures/pr4357sample2.ml
camlp4/test/fixtures/pr4452.ml
camlp4/test/fixtures/private_row.ml
camlp4/test/fixtures/rec.ml
camlp4/test/fixtures/seq.ml
camlp4/test/fixtures/seq2.ml
camlp4/test/fixtures/simplify.ml
camlp4/test/fixtures/simplify_r.ml
camlp4/test/fixtures/stream-parser-bug.ml
camlp4/test/fixtures/string.ml
camlp4/test/fixtures/superfluous.ml
camlp4/test/fixtures/transform-examples.ml
camlp4/test/fixtures/try.ml
camlp4/test/fixtures/tuple_as_retval.ml
camlp4/test/fixtures/type.ml
camlp4/test/fixtures/type_decl.ml
camlp4/test/fixtures/unit.ml
camlp4/test/fixtures/use.ml
camlp4/test/fixtures/where.o.ml
camlp4/test/fixtures/where.r.ml
camlp4/unmaintained/Makefile
camlp4/unmaintained/compile/.depend
camlp4/unmaintained/compile/.ignore
camlp4/unmaintained/compile/Makefile
camlp4/unmaintained/compile/comp_head.ml
camlp4/unmaintained/compile/comp_trail.ml
camlp4/unmaintained/compile/compile.ml
camlp4/unmaintained/compile/compile.sh
camlp4/unmaintained/etc/.depend
camlp4/unmaintained/etc/.ignore
camlp4/unmaintained/etc/Makefile
camlp4/unmaintained/etc/pa_fstream.ml
camlp4/unmaintained/etc/pa_ifdef.ml
camlp4/unmaintained/etc/pa_oop.ml
camlp4/unmaintained/etc/pa_ru.ml
camlp4/unmaintained/etc/parserify.ml
camlp4/unmaintained/etc/parserify.mli
camlp4/unmaintained/etc/pr_depend.ml
camlp4/unmaintained/etc/pr_extend.ml
camlp4/unmaintained/etc/pr_extfun.ml
camlp4/unmaintained/etc/pr_null.ml
camlp4/unmaintained/etc/pr_op.ml
camlp4/unmaintained/etc/pr_op_main.ml
camlp4/unmaintained/etc/pr_rp.ml
camlp4/unmaintained/etc/pr_rp_main.ml
camlp4/unmaintained/etc/q_phony.ml
camlp4/unmaintained/extfold/README
camlp4/unmaintained/extfold/pa_extfold.ml
camlp4/unmaintained/format/.depend
camlp4/unmaintained/format/Makefile
camlp4/unmaintained/format/README
camlp4/unmaintained/format/pa_format.ml
camlp4/unmaintained/lefteval/.depend
camlp4/unmaintained/lefteval/Makefile
camlp4/unmaintained/lefteval/README
camlp4/unmaintained/lefteval/pa_lefteval.ml
camlp4/unmaintained/lib/.cvsignore
camlp4/unmaintained/lib/.depend
camlp4/unmaintained/lib/Makefile
camlp4/unmaintained/lib/extfun.ml
camlp4/unmaintained/lib/extfun.mli
camlp4/unmaintained/lib/fstream.ml
camlp4/unmaintained/lib/fstream.mli
camlp4/unmaintained/ocamllex/Makefile
camlp4/unmaintained/ocamllex/README
camlp4/unmaintained/ocamllex/pa_ocamllex.ml
camlp4/unmaintained/ocpp/.depend
camlp4/unmaintained/ocpp/.ignore
camlp4/unmaintained/ocpp/Makefile
camlp4/unmaintained/ocpp/ocpp.ml
camlp4/unmaintained/odyl/.depend
camlp4/unmaintained/odyl/.ignore
camlp4/unmaintained/odyl/Makefile
camlp4/unmaintained/odyl/odyl.ml
camlp4/unmaintained/odyl/odyl_main.mli
camlp4/unmaintained/olabl/.depend
camlp4/unmaintained/olabl/Makefile
camlp4/unmaintained/olabl/README
camlp4/unmaintained/olabl/pa_olabl.ml
camlp4/unmaintained/scheme/.depend
camlp4/unmaintained/scheme/Makefile
camlp4/unmaintained/scheme/README
camlp4/unmaintained/scheme/pa_scheme.ml
camlp4/unmaintained/scheme/pa_scheme.sc
camlp4/unmaintained/scheme/pr_scheme.ml
camlp4/unmaintained/scheme/pr_schp_main.ml
camlp4/unmaintained/sml/.depend
camlp4/unmaintained/sml/Makefile
camlp4/unmaintained/sml/README
camlp4/unmaintained/sml/pa_sml.ml
camlp4/unmaintained/sml/smllib.sml
configure
myocamlbuild.ml
HEAD is now at 87c6a6b allow to specify LIBDIR, BINDIR and PKGDIR at configuration time

=-=-=-=-=-=-=-=-=-=-=-=-=-=-= Installing packages -=-=-=-=-=-=-=-=-=-=-=-=-=-=-=
Copying ~/.opam/repo/default/packages/camlidl/camlidl.1.05/files/cpp-location.diff to ~/.opam/4.02.0+trunk/build/camlidl.1.05/
Copying ~/.opam/repo/default/packages/camlidl/camlidl.1.05/files/camlidl.install to ~/.opam/4.02.0+trunk/build/camlidl.1.05/
Copying ~/.opam/repo/default/packages/camlidl/camlidl.1.05/files/META to ~/.opam/4.02.0+trunk/build/camlidl.1.05/
Applying cpp-location.diff.
patching file config/Makefile.unix
Building camlidl.1.05:
  mv config/Makefile.unix config/Makefile
  mkdir -p /home/opam/.opam/4.02.0+trunk/bin /home/opam/.opam/4.02.0+trunk/lib/camlidl /home/opam/.opam/4.02.0+trunk/lib/camlidl/caml
  make all
  make install BINDIR=/home/opam/.opam/4.02.0+trunk/bin OCAMLLIB=/home/opam/.opam/4.02.0+trunk/lib/camlidl
cd compiler; make all
make[1]: Entering directory `/home/opam/.opam/4.02.0+trunk/build/camlidl.1.05/compiler'
rm -f config.ml
sed -e 's|%%CPP%%|cpp|' \
          config.mlp > config.ml
chmod -w config.ml
ocamlc -g -c config.mli
ocamlc -g -c config.ml
ocamlc -g -c utils.mli
ocamlc -g -c utils.ml
File "utils.ml", line 51, characters 15-28:
Warning 3: deprecated: String.create
ocamlc -g -c clflags.ml
ocamlc -g -c idltypes.mli
ocamlc -g -c prefix.mli
ocamlc -g -c prefix.ml
ocamlc -g -c lexpr.mli
ocamlc -g -c lexpr.ml
File "lexpr.ml", line 268, characters 10-16:
Warning 26: unused variable trail'.
ocamlc -g -c cvttyp.mli
ocamlc -g -c cvttyp.ml
ocamlc -g -c variables.mli
ocamlc -g -c variables.ml
ocamlc -g -c array.mli
ocamlc -g -c array.ml
ocamlc -g -c struct.mli
ocamlc -g -c struct.ml
ocamlc -g -c enum.mli
ocamlc -g -c enum.ml
ocamlc -g -c union.mli
ocamlc -g -c union.ml
ocamlc -g -c cvtval.mli
ocamlc -g -c cvtval.ml
ocamlc -g -c structdecl.mli
ocamlc -g -c structdecl.ml
ocamlc -g -c enumdecl.mli
ocamlc -g -c enumdecl.ml
ocamlc -g -c uniondecl.mli
ocamlc -g -c uniondecl.ml
ocamlc -g -c typedef.mli
ocamlc -g -c typedef.ml
ocamlc -g -c funct.mli
ocamlc -g -c funct.ml
ocamlc -g -c constdecl.mli
ocamlc -g -c constdecl.ml
File "constdecl.ml", line 36, characters 4-24:
Warning 26: unused variable ty.
ocamlc -g -c intf.mli
ocamlc -g -c intf.ml
File "intf.ml", line 312, characters 12-16:
Warning 26: unused variable outs.
File "intf.ml", line 312, characters 7-10:
Warning 26: unused variable ins.
ocamlc -g -c file.mli
ocamlc -g -c file.ml
ocamlc -g -c predef.mli
ocamlc -g -c predef.ml
ocamllex linenum.mll
16 states, 331 transitions, table size 1420 bytes
ocamlc -g -c linenum.mli
ocamlc -g -c linenum.ml
ocamlc -g -c parse_aux.mli
ocamlc -g -c parse_aux.ml
File "parse_aux.ml", line 167, characters 23-54:
Warning 23: all the fields are explicitly listed in this record:
the 'with' clause is useless.
File "parse_aux.ml", line 169, characters 42-74:
Warning 23: all the fields are explicitly listed in this record:
the 'with' clause is useless.
File "parse_aux.ml", line 171, characters 22-47:
Warning 23: all the fields are explicitly listed in this record:
the 'with' clause is useless.
ocamlyacc -v parser_midl.mly
12 shift/reduce conflicts.
ocamlc -g -c parser_midl.mli
ocamlc -g -c parser_midl.ml
ocamllex lexer_midl.mll
129 states, 1747 transitions, table size 7762 bytes
ocamlc -g -c lexer_midl.mli
ocamlc -g -c lexer_midl.ml
ocamlc -g -c parse.mli
ocamlc -g -c parse.ml
ocamlc -g -c fixlabels.mli
ocamlc -g -c fixlabels.ml
ocamlc -g -c normalize.mli
ocamlc -g -c normalize.ml
ocamlc -g -c main.ml
ocamlc -g -o camlidl config.cmo utils.cmo clflags.cmo prefix.cmo lexpr.cmo cvttyp.cmo variables.cmo array.cmo struct.cmo enum.cmo union.cmo cvtval.cmo structdecl.cmo enumdecl.cmo uniondecl.cmo typedef.cmo funct.cmo constdecl.cmo intf.cmo file.cmo predef.cmo linenum.cmo parse_aux.cmo parser_midl.cmo lexer_midl.cmo parse.cmo fixlabels.cmo normalize.cmo main.cmo
File "array.cmo", line 1:
Warning 31: files array.cmo and /home/opam/.opam/4.02.0+trunk/lib/ocaml/stdlib.cma(Array) both define a module named Array
make[1]: Leaving directory `/home/opam/.opam/4.02.0+trunk/build/camlidl.1.05/compiler'
cd runtime; make all
make[1]: Entering directory `/home/opam/.opam/4.02.0+trunk/build/camlidl.1.05/runtime'
ocamlc -g -ccopt "-Wall -g" idlalloc.c
ocamlc -g -ccopt "-Wall -g" comintf.c
ocamlc -g -ccopt "-Wall -g" comerror.c
comerror.c: In function 'camlidl_error':
comerror.c:52:8: warning: unused variable 'msg' [-Wunused-variable]
   char msg[1024];
        ^
comerror.c: In function 'camlidl_uncaught_exception':
comerror.c:171:3: warning: implicit declaration of function 'caml_format_exception' [-Wimplicit-function-declaration]
   char * msg = format_caml_exception(exn_bucket);
   ^
In file included from /home/opam/.opam/4.02.0+trunk/lib/ocaml/caml/mlvalues.h:18:0,
                 from comerror.c:20:
/home/opam/.opam/4.02.0+trunk/lib/ocaml/caml/compatibility.h:249:31: warning: initialization makes pointer from integer without a cast [enabled by default]
 #define format_caml_exception caml_format_exception /*SP*/
                               ^
comerror.c:171:16: note: in expansion of macro 'format_caml_exception'
   char * msg = format_caml_exception(exn_bucket);
                ^
rm -f libcamlidl.a
ar rc libcamlidl.a idlalloc.o comintf.o comerror.o
ranlib libcamlidl.a
make[1]: Leaving directory `/home/opam/.opam/4.02.0+trunk/build/camlidl.1.05/runtime'
cd lib; make all
make[1]: Entering directory `/home/opam/.opam/4.02.0+trunk/build/camlidl.1.05/lib'
ocamlc -g -c com.mli
ocamlc -g -c com.ml
ocamlc -g -a -o com.cma com.cmo
ocamlopt -c com.ml
ocamlopt -a -o com.cmxa com.cmx
make[1]: Leaving directory `/home/opam/.opam/4.02.0+trunk/build/camlidl.1.05/lib'
cd tools; make all
make[1]: Entering directory `/home/opam/.opam/4.02.0+trunk/build/camlidl.1.05/tools'
make[1]: Nothing to be done for `all'.
make[1]: Leaving directory `/home/opam/.opam/4.02.0+trunk/build/camlidl.1.05/tools'
cd compiler; make install
make[1]: Entering directory `/home/opam/.opam/4.02.0+trunk/build/camlidl.1.05/compiler'
cp camlidl /home/opam/.opam/4.02.0+trunk/bin
make[1]: Leaving directory `/home/opam/.opam/4.02.0+trunk/build/camlidl.1.05/compiler'
cd runtime; make install
make[1]: Entering directory `/home/opam/.opam/4.02.0+trunk/build/camlidl.1.05/runtime'
cp camlidlruntime.h /home/opam/.opam/4.02.0+trunk/lib/camlidl/caml/camlidlruntime.h
cp libcamlidl.a /home/opam/.opam/4.02.0+trunk/lib/camlidl/libcamlidl.a
cd /home/opam/.opam/4.02.0+trunk/lib/camlidl; ranlib libcamlidl.a
make[1]: Leaving directory `/home/opam/.opam/4.02.0+trunk/build/camlidl.1.05/runtime'
cd lib; make install
make[1]: Entering directory `/home/opam/.opam/4.02.0+trunk/build/camlidl.1.05/lib'
cp com.cmi com.cma com.cmxa com.a /home/opam/.opam/4.02.0+trunk/lib/camlidl
cd /home/opam/.opam/4.02.0+trunk/lib/camlidl; ranlib com.a
make[1]: Leaving directory `/home/opam/.opam/4.02.0+trunk/build/camlidl.1.05/lib'
cd tools; make install
make[1]: Entering directory `/home/opam/.opam/4.02.0+trunk/build/camlidl.1.05/tools'
make[1]: Nothing to be done for `install'.
make[1]: Leaving directory `/home/opam/.opam/4.02.0+trunk/build/camlidl.1.05/tools'
Installing camlidl.1.05.
Building camlp4.4.02.0:
  ./configure --bindir=/home/opam/.opam/4.02.0+trunk/bin --libdir=/home/opam/.opam/4.02.0+trunk/lib/ocaml --pkgdir=/home/opam/.opam/4.02.0+trunk/lib
  make all
  make install install-META
ocamlbuild -classic-display -no-ocamlfind `./build/camlp4-byte-only.sh`
+ echo camlp4/Camlp4.cmo camlp4/Camlp4Top.cmo camlp4/camlp4prof.byte camlp4/mkcamlp4.byte camlp4/camlp4.byte camlp4/camlp4fulllib.cma camlp4/camlp4boot.byte camlp4/camlp4boot.cma camlp4/camlp4r.byte camlp4/camlp4r.cma camlp4/camlp4rf.byte camlp4/camlp4rf.cma camlp4/camlp4o.byte camlp4/camlp4o.cma camlp4/camlp4of.byte camlp4/camlp4of.cma camlp4/camlp4oof.byte camlp4/camlp4oof.cma camlp4/camlp4orf.byte camlp4/camlp4orf.cma camlp4/Camlp4Parsers/Camlp4AstLoader.cmo camlp4/Camlp4Parsers/Camlp4DebugParser.cmo camlp4/Camlp4Parsers/Camlp4GrammarParser.cmo camlp4/Camlp4Parsers/Camlp4ListComprehension.cmo camlp4/Camlp4Parsers/Camlp4MacroParser.cmo camlp4/Camlp4Parsers/Camlp4OCamlOriginalQuotationExpander.cmo camlp4/Camlp4Parsers/Camlp4OCamlParser.cmo camlp4/Camlp4Parsers/Camlp4OCamlParserParser.cmo camlp4/Camlp4Parsers/Camlp4OCamlReloadedParser.cmo camlp4/Camlp4Parsers/Camlp4OCamlRevisedParser.cmo camlp4/Camlp4Parsers/Camlp4OCamlRevisedParserParser.cmo camlp4/Camlp4Parsers/Camlp4OCamlRevisedQuotationExpander.cmo camlp4/Camlp4Parsers/Camlp4QuotationCommon.cmo camlp4/Camlp4Parsers/Camlp4QuotationExpander.cmo camlp4/Camlp4Printers/Camlp4AstDumper.cmo camlp4/Camlp4Printers/Camlp4AutoPrinter.cmo camlp4/Camlp4Printers/Camlp4NullDumper.cmo camlp4/Camlp4Printers/Camlp4OCamlAstDumper.cmo camlp4/Camlp4Printers/Camlp4OCamlPrinter.cmo camlp4/Camlp4Printers/Camlp4OCamlRevisedPrinter.cmo camlp4/Camlp4Filters/Camlp4AstLifter.cmo camlp4/Camlp4Filters/Camlp4ExceptionTracer.cmo camlp4/Camlp4Filters/Camlp4FoldGenerator.cmo camlp4/Camlp4Filters/Camlp4LocationStripper.cmo camlp4/Camlp4Filters/Camlp4MapGenerator.cmo camlp4/Camlp4Filters/Camlp4MetaGenerator.cmo camlp4/Camlp4Filters/Camlp4Profiler.cmo camlp4/Camlp4Filters/Camlp4TrashRemover.cmo
Failure: TODO.
make: *** [byte] Error 2
[ERROR] The compilation of camlp4.4.02.0 failed.
Removing camlp4.4.02.0.
  ocamlfind remove camlp4
  rm -rf /home/opam/.opam/4.02.0+trunk/lib/ocaml/camlp4
  rm -f /home/opam/.opam/4.02.0+trunk/bin/camlp4 /home/opam/.opam/4.02.0+trunk/bin/camlp4boot /home/opam/.opam/4.02.0+trunk/bin/mkcamlp4 /home/opam/.opam/4.02.0+trunk/bin/camlp4r /home/opam/.opam/4.02.0+trunk/bin/camlp4rf /home/opam/.opam/4.02.0+trunk/bin/camlp4orf /home/opam/.opam/4.02.0+trunk/bin/camlp4o /home/opam/.opam/4.02.0+trunk/bin/camlp4of /home/opam/.opam/4.02.0+trunk/bin/camlp4oof /home/opam/.opam/4.02.0+trunk/bin/camlp4prof
ocamlfind: [WARNING] No such directory: /home/opam/.opam/4.02.0+trunk/lib/camlp4
Copying ~/.opam/repo/default/packages/cppo/cppo.0.9.4/files/cppo.install to ~/.opam/4.02.0+trunk/build/cppo.0.9.4/
Building cppo.0.9.4:
  make
  make install-lib
echo 'let cppo_version = "0.9.4"' > cppo_version.ml
ocamlyacc cppo_parser.mly
ocamllex cppo_lexer.mll
354 states, 13186 transitions, table size 54868 bytes
3462 additional bytes used for bindings
ocamlopt -o cppo -dtypes unix.cmxa cppo_version.ml cppo_types.ml cppo_parser.mli cppo_parser.ml cppo_lexer.ml cppo_command.ml cppo_eval.ml cppo_main.ml
cd ocamlbuild_plugin && ocamlbuild -use-ocamlfind ocamlbuild_cppo.cma ocamlbuild_cppo.cmxa ocamlbuild_cppo.a ocamlbuild_cppo.cmxs
Failure: TODO.
make: *** [ocamlbuild] Error 2
[ERROR] The compilation of cppo.0.9.4 failed.
Removing cppo.0.9.4.
  ocamlfind remove cppo_ocamlbuild
ocamlfind: [WARNING] No such directory: /home/opam/.opam/4.02.0+trunk/lib/cppo_ocamlbuild
Building cryptokit-sha512.1.6.3:
  make
  make install
ocaml setup.ml -configure 
File "/home/vb/.opam/system/build/oasis.0.3.0/src/oasis/OASISString.ml", line 118, characters 8-26:
Warning 3: deprecated: String.set
File "/home/vb/.opam/system/build/oasis.0.3.0/src/oasis/OASISLibrary.ml", line 402, characters 6-24:
Warning 3: deprecated: Lazy.lazy_from_fun

Configuration: 
ocamlfind: ..................................... /home/opam/.opam/4.02.0+trunk/bin/ocamlfind
ocamlc: ........................................ /home/opam/.opam/4.02.0+trunk/bin/ocamlc.opt
ocamlopt: ...................................... /home/opam/.opam/4.02.0+trunk/bin/ocamlopt.opt
ocamlbuild: .................................... /home/opam/.opam/4.02.0+trunk/bin/ocamlbuild
Package name: .................................. cryptokit
Package version: ............................... 1.6
os_type: ....................................... Unix
system: ........................................ linux
architecture: .................................. amd64
ccomp_type: .................................... cc
ocaml_version: ................................. 4.02.0
standard_library_default: ...................... /home/opam/.opam/4.02.0+trunk/lib/ocaml
standard_library: .............................. /home/opam/.opam/4.02.0+trunk/lib/ocaml
standard_runtime: .............................. /home/opam/.opam/4.02.0+trunk/bin/ocamlrun
bytecomp_c_compiler: ........................... gcc -fno-defer-pop -Wall -D_FILE_OFFSET_BITS=64 -D_REENTRANT -fPIC
native_c_compiler: ............................. gcc -Wall -D_FILE_OFFSET_BITS=64 -D_REENTRANT
model: ......................................... default
ext_obj: ....................................... .o
ext_asm: ....................................... .s
ext_lib: ....................................... .a
ext_dll: ....................................... .so
default_executable_name: ....................... a.out
systhread_supported: ........................... true
Install architecture-independent files dir: .... /usr/local
Install architecture-dependent files in dir: ... $prefix
User executables: .............................. $exec_prefix/bin
System admin executables: ...................... $exec_prefix/sbin
Program executables: ........................... $exec_prefix/libexec
Read-only single-machine data: ................. $prefix/etc
Modifiable architecture-independent data: ...... $prefix/com
Modifiable single-machine data: ................ $prefix/var
Object code libraries: ......................... $exec_prefix/lib
Read-only arch-independent data root: .......... $prefix/share
Read-only architecture-independent data: ....... $datarootdir
Info documentation: ............................ $datarootdir/info
Locale-dependent data: ......................... $datarootdir/locale
Man documentation: ............................. $datarootdir/man
Documentation root: ............................ $datarootdir/doc/$pkg_name
HTML documentation: ............................ $docdir
DVI documentation: ............................. $docdir
PDF documentation: ............................. $docdir
PS documentation: .............................. $docdir
findlib_version: ............................... 1.5.2
is_native: ..................................... true
suffix_program: ................................ 
Remove a file.: ................................ rm -f
Remove a directory.: ........................... rm -rf
Turn ocaml debug flag on: ...................... true
Turn ocaml profile flag on: .................... false
Compiler support generation of .cmxs.: ......... true
OCamlbuild additional flags: ................... 
Enable ZLib: ................................... true
Build and run benchmark: ....................... false
ocamldoc: ...................................... /home/opam/.opam/4.02.0+trunk/bin/ocamldoc
pkg_unix: ...................................... /home/opam/.opam/4.02.0+trunk/lib/ocaml
pkg_num: ....................................... /home/opam/.opam/4.02.0+trunk/lib/num

ocaml setup.ml -build -classic-display
File "/home/vb/.opam/system/build/oasis.0.3.0/src/oasis/OASISString.ml", line 118, characters 8-26:
Warning 3: deprecated: String.set
File "/home/vb/.opam/system/build/oasis.0.3.0/src/oasis/OASISLibrary.ml", line 402, characters 6-24:
Warning 3: deprecated: Lazy.lazy_from_fun
Failure: TODO.
E: Failure("Command ''/home/opam/.opam/4.02.0+trunk/bin/ocamlbuild' src/libcryptokit_stubs.a src/dllcryptokit_stubs.so src/cryptokit.cma src/cryptokit.cmxa src/cryptokit.a src/cryptokit.cmxs test/test.byte -tag debug -classic-display' terminated with error code 2")
make: *** [build] Error 1
[ERROR] The compilation of cryptokit-sha512.1.6.3 failed.
Removing cryptokit-sha512.1.6.3.
  ocamlfind remove cryptokit
ocamlfind: [WARNING] No such directory: /home/opam/.opam/4.02.0+trunk/lib/cryptokit
Building easy-format.1.0.2:
  make
  make install
ocamlc -c easy_format.mli
ocamlc -c -dtypes easy_format.ml
touch bytecode
ocamlc -c easy_format.mli
ocamlopt -c -dtypes easy_format.ml
ocamlopt -I . -shared -linkall -o easy_format.cmxs easy_format.cmx
touch nativecode
echo "version = \"1.0.2\"" > META; cat META.tpl >> META
INSTALL_FILES="META easy_format.cmi easy_format.mli"; \
		if test -f bytecode; then \
		  INSTALL_FILES="$INSTALL_FILES easy_format.cmo"; \
		fi; \
		if test -f nativecode; then \
		  INSTALL_FILES="$INSTALL_FILES easy_format.cmx easy_format.o easy_format.cmxs"; \
		fi; \
		ocamlfind install easy-format $INSTALL_FILES
Installed /home/opam/.opam/4.02.0+trunk/lib/easy-format/easy_format.cmxs
Installed /home/opam/.opam/4.02.0+trunk/lib/easy-format/easy_format.o
Installed /home/opam/.opam/4.02.0+trunk/lib/easy-format/easy_format.cmx
Installed /home/opam/.opam/4.02.0+trunk/lib/easy-format/easy_format.cmo
Installed /home/opam/.opam/4.02.0+trunk/lib/easy-format/easy_format.mli
Installed /home/opam/.opam/4.02.0+trunk/lib/easy-format/easy_format.cmi
Installed /home/opam/.opam/4.02.0+trunk/lib/easy-format/META
Installing easy-format.1.0.2.
Building extlib-compat.1.6.1:
  make build install
ocamlc -g -c enum.mli enum.ml
ocamlc -g -c bitSet.mli bitSet.ml
File "bitSet.ml", line 23, characters 40-53:
Warning 3: deprecated: String.create
File "bitSet.ml", line 28, characters 64-75:
Warning 3: deprecated: String.fill
ocamlc -g -c dynArray.mli dynArray.ml
ocamlc -g -c extArray.mli extArray.ml
camlp4of pr_o.cmo -D OCAML4 -impl extHashtbl.mlpp -o extHashtbl.ml
make: camlp4of: Command not found
make: *** [extHashtbl.ml] Error 127
Removing extlib-compat.1.6.1.
[ERROR] The compilation of extlib-compat.1.6.1 failed.
  ocamlfind remove extlib
ocamlfind: [WARNING] No such directory: /home/opam/.opam/4.02.0+trunk/lib/extlib
Building ocurl.0.7.1:
  ./configure
  make
  make install
checking for gcc... gcc
checking whether the C compiler works... yes
checking for C compiler default output file name... a.out
checking for suffix of executables... 
checking whether we are cross compiling... no
checking for suffix of object files... o
checking whether we are using the GNU C compiler... yes
checking whether gcc accepts -g... yes
checking for gcc option to accept ISO C89... none needed
checking for libcurl cflags... Package libcurl was not found in the pkg-config search path.
Perhaps you should add the directory containing `libcurl.pc'
to the PKG_CONFIG_PATH environment variable
No package 'libcurl' found
./configure: line 2825: curl-config: command not found
configure: error: libcurl was not found
[ERROR] The compilation of ocurl.0.7.1 failed.
Removing ocurl.0.7.1.
  ocamlfind remove curl
ocamlfind: [WARNING] No such directory: /home/opam/.opam/4.02.0+trunk/lib/curl
Building sqlite3-ocaml.2.0.6:
  ocaml setup.ml -configure
  ocaml setup.ml -build
  ocaml setup.ml -install
File "setup.ml", line 247, characters 8-26:
Warning 3: deprecated: String.set
File "setup.ml", line 2502, characters 6-24:
Warning 3: deprecated: Lazy.lazy_from_fun

Configuration: 
ocamlfind: ........................................... /home/opam/.opam/4.02.0+trunk/bin/ocamlfind
ocamlc: .............................................. /home/opam/.opam/4.02.0+trunk/bin/ocamlc.opt
ocamlopt: ............................................ /home/opam/.opam/4.02.0+trunk/bin/ocamlopt.opt
ocamlbuild: .......................................... /home/opam/.opam/4.02.0+trunk/bin/ocamlbuild
Package name: ........................................ sqlite3-ocaml
Package version: ..................................... 2.0.6
os_type: ............................................. Unix
system: .............................................. linux
architecture: ........................................ amd64
ccomp_type: .......................................... cc
ocaml_version: ....................................... 4.02.0
standard_library_default: ............................ /home/opam/.opam/4.02.0+trunk/lib/ocaml
standard_library: .................................... /home/opam/.opam/4.02.0+trunk/lib/ocaml
standard_runtime: .................................... /home/opam/.opam/4.02.0+trunk/bin/ocamlrun
bytecomp_c_compiler: ................................. gcc -fno-defer-pop -Wall -D_FILE_OFFSET_BITS=64 -D_REENTRANT -fPIC
native_c_compiler: ................................... gcc -Wall -D_FILE_OFFSET_BITS=64 -D_REENTRANT
model: ............................................... default
ext_obj: ............................................. .o
ext_asm: ............................................. .s
ext_lib: ............................................. .a
ext_dll: ............................................. .so
default_executable_name: ............................. a.out
systhread_supported: ................................. true
Install architecture-independent files dir: .......... /usr/local
Install architecture-dependent files in dir: ......... $prefix
User executables: .................................... $exec_prefix/bin
System admin executables: ............................ $exec_prefix/sbin
Program executables: ................................. $exec_prefix/libexec
Read-only single-machine data: ....................... $prefix/etc
Modifiable architecture-independent data: ............ $prefix/com
Modifiable single-machine data: ...................... $prefix/var
Object code libraries: ............................... $exec_prefix/lib
Read-only arch-independent data root: ................ $prefix/share
Read-only architecture-independent data: ............. $datarootdir
Info documentation: .................................. $datarootdir/info
Locale-dependent data: ............................... $datarootdir/locale
Man documentation: ................................... $datarootdir/man
Documentation root: .................................. $datarootdir/doc/$pkg_name
HTML documentation: .................................. $docdir
DVI documentation: ................................... $docdir
PDF documentation: ................................... $docdir
PS documentation: .................................... $docdir
findlib_version: ..................................... 1.5.2
is_native: ........................................... true
suffix_program: ...................................... 
Remove a file.: ...................................... rm -f
Remove a directory.: ................................. rm -rf
Turn ocaml debug flag on: ............................ true
Turn ocaml profile flag on: .......................... false
Compiler support generation of .cmxs.: ............... true
OCamlbuild additional flags: ......................... 
Strict compile-time checks: .......................... true
Create documentations: ............................... true
Compile tests executable and library and run them: ... false
ocamldoc: ............................................ /home/opam/.opam/4.02.0+trunk/bin/ocamldoc

File "setup.ml", line 247, characters 8-26:
Warning 3: deprecated: String.set
File "setup.ml", line 2502, characters 6-24:
Warning 3: deprecated: Lazy.lazy_from_fun
Failure: TODO.
E: Failure("Command ''/home/opam/.opam/4.02.0+trunk/bin/ocamlbuild' lib/libsqlite3_stubs.a lib/dllsqlite3_stubs.so lib/sqlite3.cma lib/sqlite3.cmxa lib/sqlite3.a lib/sqlite3.cmxs -tag debug' terminated with error code 2")
[ERROR] The compilation of sqlite3-ocaml.2.0.6 failed.
Removing sqlite3-ocaml.2.0.6.
  ocamlfind remove sqlite3
ocamlfind: [WARNING] No such directory: /home/opam/.opam/4.02.0+trunk/lib/sqlite3
Building xmlm.1.2.0:
  ./pkg/pkg-git
  ./pkg/build true
Failure: TODO.
[ERROR] The compilation of xmlm.1.2.0 failed.
Removing xmlm.1.2.0.
  Nothing to do.
Copying ~/.opam/repo/default/packages/biniou/biniou.1.0.9/files/biniou.install to ~/.opam/4.02.0+trunk/build/biniou.1.0.9/
Building biniou.1.0.9:
  make
  make install
ocamlfind ocamlc -a -dtypes -g -o biniou.cma \
		-package "easy-format" bi_util.mli bi_util.ml bi_share.mli bi_share.ml bi_outbuf.mli bi_outbuf.ml bi_inbuf.mli bi_inbuf.ml bi_vint.mli bi_vint.ml bi_io.mli bi_io.ml bi_dump.ml bi_stream.mli bi_stream.ml
File "bi_util.ml", line 11, characters 10-23:
Warning 3: deprecated: String.create
File "bi_util.ml", line 13, characters 4-51:
Warning 3: deprecated: String.set
File "bi_util.ml", line 18, characters 10-23:
Warning 3: deprecated: String.create
File "bi_util.ml", line 20, characters 4-51:
Warning 3: deprecated: String.set
File "bi_util.ml", line 36, characters 10-23:
Warning 3: deprecated: String.create
File "bi_util.ml", line 41, characters 6-64:
Warning 3: deprecated: String.set
File "bi_util.ml", line 43, characters 4-54:
Warning 3: deprecated: String.set
File "bi_outbuf.ml", line 24, characters 10-23:
Warning 3: deprecated: String.create
File "bi_outbuf.ml", line 40, characters 8-21:
Warning 3: deprecated: String.create
File "bi_outbuf.ml", line 86, characters 2-18:
Warning 3: deprecated: String.set
File "bi_outbuf.ml", line 90, characters 2-18:
Warning 3: deprecated: String.set
File "bi_outbuf.ml", line 96, characters 2-19:
Warning 3: deprecated: String.unsafe_set
File "bi_outbuf.ml", line 97, characters 2-19:
Warning 3: deprecated: String.unsafe_set
File "bi_outbuf.ml", line 102, characters 2-19:
Warning 3: deprecated: String.unsafe_set
File "bi_outbuf.ml", line 103, characters 2-19:
Warning 3: deprecated: String.unsafe_set
File "bi_outbuf.ml", line 104, characters 2-19:
Warning 3: deprecated: String.unsafe_set
File "bi_outbuf.ml", line 105, characters 2-19:
Warning 3: deprecated: String.unsafe_set
File "bi_outbuf.ml", line 116, characters 13-26:
Warning 3: deprecated: String.create
File "bi_inbuf.ml", line 99, characters 8-21:
Warning 3: deprecated: String.create
File "bi_io.ml", line 86, characters 2-19:
Warning 3: deprecated: String.unsafe_set
File "bi_io.ml", line 88, characters 2-19:
Warning 3: deprecated: String.unsafe_set
File "bi_io.ml", line 90, characters 2-19:
Warning 3: deprecated: String.unsafe_set
File "bi_io.ml", line 92, characters 2-19:
Warning 3: deprecated: String.unsafe_set
File "bi_io.ml", line 216, characters 4-21:
Warning 3: deprecated: String.unsafe_set
File "bi_io.ml", line 220, characters 4-21:
Warning 3: deprecated: String.unsafe_set
File "bi_io.ml", line 231, characters 4-21:
Warning 3: deprecated: String.unsafe_set
File "bi_io.ml", line 235, characters 4-21:
Warning 3: deprecated: String.unsafe_set
File "bi_io.ml", line 562, characters 12-25:
Warning 3: deprecated: String.create
File "bi_stream.ml", line 56, characters 16-29:
Warning 3: deprecated: String.create
ocamlfind ocamlopt -a -dtypes -g \
		-o biniou.cmxa -package "easy-format" bi_util.mli bi_util.ml bi_share.mli bi_share.ml bi_outbuf.mli bi_outbuf.ml bi_inbuf.mli bi_inbuf.ml bi_vint.mli bi_vint.ml bi_io.mli bi_io.ml bi_dump.ml bi_stream.mli bi_stream.ml
File "bi_util.ml", line 11, characters 10-23:
Warning 3: deprecated: String.create
File "bi_util.ml", line 13, characters 4-51:
Warning 3: deprecated: String.set
File "bi_util.ml", line 18, characters 10-23:
Warning 3: deprecated: String.create
File "bi_util.ml", line 20, characters 4-51:
Warning 3: deprecated: String.set
File "bi_util.ml", line 36, characters 10-23:
Warning 3: deprecated: String.create
File "bi_util.ml", line 41, characters 6-64:
Warning 3: deprecated: String.set
File "bi_util.ml", line 43, characters 4-54:
Warning 3: deprecated: String.set
File "bi_outbuf.ml", line 24, characters 10-23:
Warning 3: deprecated: String.create
File "bi_outbuf.ml", line 40, characters 8-21:
Warning 3: deprecated: String.create
File "bi_outbuf.ml", line 86, characters 2-18:
Warning 3: deprecated: String.set
File "bi_outbuf.ml", line 90, characters 2-18:
Warning 3: deprecated: String.set
File "bi_outbuf.ml", line 96, characters 2-19:
Warning 3: deprecated: String.unsafe_set
File "bi_outbuf.ml", line 97, characters 2-19:
Warning 3: deprecated: String.unsafe_set
File "bi_outbuf.ml", line 102, characters 2-19:
Warning 3: deprecated: String.unsafe_set
File "bi_outbuf.ml", line 103, characters 2-19:
Warning 3: deprecated: String.unsafe_set
File "bi_outbuf.ml", line 104, characters 2-19:
Warning 3: deprecated: String.unsafe_set
File "bi_outbuf.ml", line 105, characters 2-19:
Warning 3: deprecated: String.unsafe_set
File "bi_outbuf.ml", line 116, characters 13-26:
Warning 3: deprecated: String.create
File "bi_inbuf.ml", line 99, characters 8-21:
Warning 3: deprecated: String.create
File "bi_io.ml", line 86, characters 2-19:
Warning 3: deprecated: String.unsafe_set
File "bi_io.ml", line 88, characters 2-19:
Warning 3: deprecated: String.unsafe_set
File "bi_io.ml", line 90, characters 2-19:
Warning 3: deprecated: String.unsafe_set
File "bi_io.ml", line 92, characters 2-19:
Warning 3: deprecated: String.unsafe_set
File "bi_io.ml", line 216, characters 4-21:
Warning 3: deprecated: String.unsafe_set
File "bi_io.ml", line 220, characters 4-21:
Warning 3: deprecated: String.unsafe_set
File "bi_io.ml", line 231, characters 4-21:
Warning 3: deprecated: String.unsafe_set
File "bi_io.ml", line 235, characters 4-21:
Warning 3: deprecated: String.unsafe_set
File "bi_io.ml", line 562, characters 12-25:
Warning 3: deprecated: String.create
File "bi_stream.ml", line 56, characters 16-29:
Warning 3: deprecated: String.create
ocamlopt -shared -linkall -I . -o biniou.cmxs biniou.cmxa
ocamlfind ocamlopt -o bdump -dtypes -g \
		-package easy-format -linkpkg \
		biniou.cmxa bdump.ml
ocamlfind ocamlopt -o test_biniou -dtypes -g \
		-package "easy-format unix" -linkpkg \
		biniou.cmxa test_biniou.ml
sed -e 's:@@VERSION@@:1.0.9:' META.in > META
test ! -f bdump || cp bdump /home/opam/.opam/4.02.0+trunk/bin/
test ! -f bdump.exe || cp bdump.exe /home/opam/.opam/4.02.0+trunk/bin/
ocamlfind install biniou META \
          $(ls bi_util.mli bi_share.mli bi_outbuf.mli bi_inbuf.mli bi_vint.mli bi_io.mli bi_stream.mli bi_util.cmi bi_share.cmi bi_outbuf.cmi bi_inbuf.cmi bi_vint.cmi bi_io.cmi bi_dump.cmi bi_stream.cmi bi_util.cmo bi_share.cmo bi_outbuf.cmo bi_inbuf.cmo bi_vint.cmo bi_io.cmo bi_dump.cmo bi_stream.cmo bi_util.cmx bi_share.cmx bi_outbuf.cmx bi_inbuf.cmx bi_vint.cmx bi_io.cmx bi_dump.cmx bi_stream.cmx bi_util.o bi_share.o bi_outbuf.o bi_inbuf.o bi_vint.o bi_io.o bi_dump.o bi_stream.o biniou.cma biniou.cmxa biniou.cmxs biniou.a)
Installed /home/opam/.opam/4.02.0+trunk/lib/biniou/biniou.cmxs
Installed /home/opam/.opam/4.02.0+trunk/lib/biniou/biniou.cmxa
Installed /home/opam/.opam/4.02.0+trunk/lib/biniou/biniou.cma
Installed /home/opam/.opam/4.02.0+trunk/lib/biniou/biniou.a
Installed /home/opam/.opam/4.02.0+trunk/lib/biniou/bi_vint.o
Installed /home/opam/.opam/4.02.0+trunk/lib/biniou/bi_vint.mli
Installed /home/opam/.opam/4.02.0+trunk/lib/biniou/bi_vint.cmx
Installed /home/opam/.opam/4.02.0+trunk/lib/biniou/bi_vint.cmo
Installed /home/opam/.opam/4.02.0+trunk/lib/biniou/bi_vint.cmi
Installed /home/opam/.opam/4.02.0+trunk/lib/biniou/bi_util.o
Installed /home/opam/.opam/4.02.0+trunk/lib/biniou/bi_util.mli
Installed /home/opam/.opam/4.02.0+trunk/lib/biniou/bi_util.cmx
Installed /home/opam/.opam/4.02.0+trunk/lib/biniou/bi_util.cmo
Installed /home/opam/.opam/4.02.0+trunk/lib/biniou/bi_util.cmi
Installed /home/opam/.opam/4.02.0+trunk/lib/biniou/bi_stream.o
Installed /home/opam/.opam/4.02.0+trunk/lib/biniou/bi_stream.mli
Installed /home/opam/.opam/4.02.0+trunk/lib/biniou/bi_stream.cmx
Installed /home/opam/.opam/4.02.0+trunk/lib/biniou/bi_stream.cmo
Installed /home/opam/.opam/4.02.0+trunk/lib/biniou/bi_stream.cmi
Installed /home/opam/.opam/4.02.0+trunk/lib/biniou/bi_share.o
Installed /home/opam/.opam/4.02.0+trunk/lib/biniou/bi_share.mli
Installed /home/opam/.opam/4.02.0+trunk/lib/biniou/bi_share.cmx
Installed /home/opam/.opam/4.02.0+trunk/lib/biniou/bi_share.cmo
Installed /home/opam/.opam/4.02.0+trunk/lib/biniou/bi_share.cmi
Installed /home/opam/.opam/4.02.0+trunk/lib/biniou/bi_outbuf.o
Installed /home/opam/.opam/4.02.0+trunk/lib/biniou/bi_outbuf.mli
Installed /home/opam/.opam/4.02.0+trunk/lib/biniou/bi_outbuf.cmx
Installed /home/opam/.opam/4.02.0+trunk/lib/biniou/bi_outbuf.cmo
Installed /home/opam/.opam/4.02.0+trunk/lib/biniou/bi_outbuf.cmi
Installed /home/opam/.opam/4.02.0+trunk/lib/biniou/bi_io.o
Installed /home/opam/.opam/4.02.0+trunk/lib/biniou/bi_io.mli
Installed /home/opam/.opam/4.02.0+trunk/lib/biniou/bi_io.cmx
Installed /home/opam/.opam/4.02.0+trunk/lib/biniou/bi_io.cmo
Installed /home/opam/.opam/4.02.0+trunk/lib/biniou/bi_io.cmi
Installed /home/opam/.opam/4.02.0+trunk/lib/biniou/bi_inbuf.o
Installed /home/opam/.opam/4.02.0+trunk/lib/biniou/bi_inbuf.mli
Installed /home/opam/.opam/4.02.0+trunk/lib/biniou/bi_inbuf.cmx
Installed /home/opam/.opam/4.02.0+trunk/lib/biniou/bi_inbuf.cmo
Installed /home/opam/.opam/4.02.0+trunk/lib/biniou/bi_inbuf.cmi
Installed /home/opam/.opam/4.02.0+trunk/lib/biniou/bi_dump.o
Installed /home/opam/.opam/4.02.0+trunk/lib/biniou/bi_dump.cmx
Installed /home/opam/.opam/4.02.0+trunk/lib/biniou/bi_dump.cmo
Installed /home/opam/.opam/4.02.0+trunk/lib/biniou/bi_dump.cmi
Installed /home/opam/.opam/4.02.0+trunk/lib/biniou/META
Installing biniou.1.0.9.
Building ocamlfuse.2.7.1-cvs2:
  make -C lib INCDIRS=/home/opam/.opam/4.02.0+trunk/lib/camlidl
  make -C lib install
make: Entering directory `/home/opam/.opam/4.02.0+trunk/build/ocamlfuse.2.7.1-cvs2/lib'
camlidl -header  \
				 Fuse_bindings.idl
make[1]: Entering directory `/home/opam/.opam/4.02.0+trunk/build/ocamlfuse.2.7.1-cvs2/lib'
making ._ncdi/Fuse_bindings.di from Fuse_bindings.mli
making ._d/Fuse_bindings.d from Fuse_bindings.ml
making ._d/Fuse.d from Fuse.ml
making ._d/Fuse_lib.d from Fuse_lib.ml
making ._d/Unix_util.d from Unix_util.ml
making ._d/Result.d from Result.ml
make[1]: Leaving directory `/home/opam/.opam/4.02.0+trunk/build/ocamlfuse.2.7.1-cvs2/lib'
make[1]: Entering directory `/home/opam/.opam/4.02.0+trunk/build/ocamlfuse.2.7.1-cvs2/lib'
ocamlc -c -cc "cc" -ccopt "-fPIC -D_FILE_OFFSET_BITS=64 -I. -pthread \
				-DPIC -DNATIVE_CODE   \
				  -I/home/opam/.opam/4.02.0+trunk/lib/camlidl  -o Fuse_bindings_stubs.o " Fuse_bindings_stubs.c 
In file included from Fuse_bindings_stubs.c:17:0:
Fuse_bindings.h:16:18: fatal error: fuse.h: No such file or directory
 #include <fuse.h>
                  ^
compilation terminated.
make[1]: *** [Fuse_bindings_stubs.o] Error 2
make[1]: Leaving directory `/home/opam/.opam/4.02.0+trunk/build/ocamlfuse.2.7.1-cvs2/lib'
make: *** [native-code-library] Error 2
make: Leaving directory `/home/opam/.opam/4.02.0+trunk/build/ocamlfuse.2.7.1-cvs2/lib'
[ERROR] The compilation of ocamlfuse.2.7.1-cvs2 failed.
Removing ocamlfuse.2.7.1-cvs2.
  ocamlfind remove Fuse
ocamlfind: [WARNING] No such directory: /home/opam/.opam/4.02.0+trunk/lib/Fuse


#==================== ERROR while installing camlp4.4.02.0 ====================#
# opam-version         1.2.0~beta4
# os                   linux
# command              make all
# path                 /home/opam/.opam/4.02.0+trunk/build/camlp4.4.02.0
# compiler             4.02.0+trunk
# exit-code            2
# env-file             /home/opam/.opam/4.02.0+trunk/build/camlp4.4.02.0/camlp4-906-335865.env
# stdout-file          /home/opam/.opam/4.02.0+trunk/build/camlp4.4.02.0/camlp4-906-335865.out
# stderr-file          /home/opam/.opam/4.02.0+trunk/build/camlp4.4.02.0/camlp4-906-335865.err
### stdout ###
# ocamlbuild -classic-display -no-ocamlfind `./build/camlp4-byte-only.sh`
# Failure: TODO.
### stderr ###
# + echo camlp4/Camlp4.cmo camlp4/Camlp4Top.cmo camlp4/camlp4prof.byte camlp4/mkcamlp4.byte camlp4/camlp4.byte camlp4/camlp4fulllib.cma camlp4/camlp4boot.byte camlp4/camlp4boot.cma camlp4/camlp4r.byte camlp4/camlp4r.cma camlp4/camlp4rf.byte camlp4/camlp4rf.cma camlp4/camlp4o.byte camlp4/camlp4o.cma camlp4/camlp4of.byte camlp4/camlp4of.cma camlp4/camlp4oof.byte camlp4/camlp4oof.cma camlp4/camlp4orf.b...[truncated]
# make: *** [byte] Error 2


#===================== ERROR while installing cppo.0.9.4 ======================#
# opam-version         1.2.0~beta4
# os                   linux
# command              make
# path                 /home/opam/.opam/4.02.0+trunk/build/cppo.0.9.4
# compiler             4.02.0+trunk
# exit-code            2
# env-file             /home/opam/.opam/4.02.0+trunk/build/cppo.0.9.4/cppo-983-548b09.env
# stdout-file          /home/opam/.opam/4.02.0+trunk/build/cppo.0.9.4/cppo-983-548b09.out
# stderr-file          /home/opam/.opam/4.02.0+trunk/build/cppo.0.9.4/cppo-983-548b09.err
### stdout ###
# echo 'let cppo_version = "0.9.4"' > cppo_version.ml
# ocamlyacc cppo_parser.mly
# ocamllex cppo_lexer.mll
# 354 states, 13186 transitions, table size 54868 bytes
# 3462 additional bytes used for bindings
# ocamlopt -o cppo -dtypes unix.cmxa cppo_version.ml cppo_types.ml cppo_parser.mli cppo_parser.ml cppo_lexer.ml cppo_command.ml cppo_eval.ml cppo_main.ml
# cd ocamlbuild_plugin && ocamlbuild -use-ocamlfind ocamlbuild_cppo.cma ocamlbuild_cppo.cmxa ocamlbuild_cppo.a ocamlbuild_cppo.cmxs
# Failure: TODO.
### stderr ###
# make: *** [ocamlbuild] Error 2


#=============== ERROR while installing cryptokit-sha512.1.6.3 ================#
# opam-version         1.2.0~beta4
# os                   linux
# command              make
# path                 /home/opam/.opam/4.02.0+trunk/build/cryptokit-sha512.1.6.3
# compiler             4.02.0+trunk
# exit-code            2
# env-file             /home/opam/.opam/4.02.0+trunk/build/cryptokit-sha512.1.6.3/cryptokit-sha512-1050-ad6566.env
# stdout-file          /home/opam/.opam/4.02.0+trunk/build/cryptokit-sha512.1.6.3/cryptokit-sha512-1050-ad6566.out
# stderr-file          /home/opam/.opam/4.02.0+trunk/build/cryptokit-sha512.1.6.3/cryptokit-sha512-1050-ad6566.err
### stdout ###
# ...[truncated]
# Compiler support generation of .cmxs.: ......... true
# OCamlbuild additional flags: ................... 
# Enable ZLib: ................................... true
# Build and run benchmark: ....................... false
# ocamldoc: ...................................... /home/opam/.opam/4.02.0+trunk/bin/ocamldoc
# pkg_unix: ...................................... /home/opam/.opam/4.02.0+trunk/lib/ocaml
# pkg_num: ....................................... /home/opam/.opam/4.02.0+trunk/lib/num
# 
# ocaml setup.ml -build -classic-display
# Failure: TODO.
### stderr ###
# ...[truncated]
# File "/home/vb/.opam/system/build/oasis.0.3.0/src/oasis/OASISString.ml", line 118, characters 8-26:
# Warning 3: deprecated: String.set
# File "/home/vb/.opam/system/build/oasis.0.3.0/src/oasis/OASISLibrary.ml", line 402, characters 6-24:
# Warning 3: deprecated: Lazy.lazy_from_fun
# File "/home/vb/.opam/system/build/oasis.0.3.0/src/oasis/OASISString.ml", line 118, characters 8-26:
# Warning 3: deprecated: String.set
# File "/home/vb/.opam/system/build/oasis.0.3.0/src/oasis/OASISLibrary.ml", line 402, characters 6-24:
# Warning 3: deprecated: Lazy.lazy_from_fun
# E: Failure("Command ''/home/opam/.opam/4.02.0+trunk/bin/ocamlbuild' src/libcryptokit_stubs.a src/dllcryptokit_stubs.so src/cryptokit.cma src/cryptokit.cmxa src/cryptokit.a src/cryptokit.cmxs test/test.byte -tag debug -classic-display' terminated with error code 2")
# make: *** [build] Error 1


#================= ERROR while installing extlib-compat.1.6.1 =================#
# opam-version         1.2.0~beta4
# os                   linux
# command              make build install
# path                 /home/opam/.opam/4.02.0+trunk/build/extlib-compat.1.6.1
# compiler             4.02.0+trunk
# exit-code            2
# env-file             /home/opam/.opam/4.02.0+trunk/build/extlib-compat.1.6.1/extlib-compat-1157-8b8a2d.env
# stdout-file          /home/opam/.opam/4.02.0+trunk/build/extlib-compat.1.6.1/extlib-compat-1157-8b8a2d.out
# stderr-file          /home/opam/.opam/4.02.0+trunk/build/extlib-compat.1.6.1/extlib-compat-1157-8b8a2d.err
### stdout ###
# ocamlc -g -c enum.mli enum.ml
# ocamlc -g -c bitSet.mli bitSet.ml
# ocamlc -g -c dynArray.mli dynArray.ml
# ocamlc -g -c extArray.mli extArray.ml
# camlp4of pr_o.cmo -D OCAML4 -impl extHashtbl.mlpp -o extHashtbl.ml
### stderr ###
# File "bitSet.ml", line 23, characters 40-53:
# Warning 3: deprecated: String.create
# File "bitSet.ml", line 28, characters 64-75:
# Warning 3: deprecated: String.fill
# make: camlp4of: Command not found
# make: *** [extHashtbl.ml] Error 127


#================ ERROR while installing ocamlfuse.2.7.1-cvs2 =================#
# opam-version         1.2.0~beta4
# os                   linux
# command              make -C lib INCDIRS=/home/opam/.opam/4.02.0+trunk/lib/camlidl
# path                 /home/opam/.opam/4.02.0+trunk/build/ocamlfuse.2.7.1-cvs2
# compiler             4.02.0+trunk
# exit-code            2
# env-file             /home/opam/.opam/4.02.0+trunk/build/ocamlfuse.2.7.1-cvs2/ocamlfuse-1724-f0f09f.env
# stdout-file          /home/opam/.opam/4.02.0+trunk/build/ocamlfuse.2.7.1-cvs2/ocamlfuse-1724-f0f09f.out
# stderr-file          /home/opam/.opam/4.02.0+trunk/build/ocamlfuse.2.7.1-cvs2/ocamlfuse-1724-f0f09f.err
### stdout ###
# ...[truncated]
# making ._d/Fuse_lib.d from Fuse_lib.ml
# making ._d/Unix_util.d from Unix_util.ml
# making ._d/Result.d from Result.ml
# make[1]: Leaving directory `/home/opam/.opam/4.02.0+trunk/build/ocamlfuse.2.7.1-cvs2/lib'
# make[1]: Entering directory `/home/opam/.opam/4.02.0+trunk/build/ocamlfuse.2.7.1-cvs2/lib'
# ocamlc -c -cc "cc" -ccopt "-fPIC -D_FILE_OFFSET_BITS=64 -I. -pthread \
# 				-DPIC -DNATIVE_CODE   \
# 				  -I/home/opam/.opam/4.02.0+trunk/lib/camlidl  -o Fuse_bindings_stubs.o " Fuse_bindings_stubs.c 
# make[1]: Leaving directory `/home/opam/.opam/4.02.0+trunk/build/ocamlfuse.2.7.1-cvs2/lib'
# make: Leaving directory `/home/opam/.opam/4.02.0+trunk/build/ocamlfuse.2.7.1-cvs2/lib'
### stderr ###
# In file included from Fuse_bindings_stubs.c:17:0:
# Fuse_bindings.h:16:18: fatal error: fuse.h: No such file or directory
#  #include <fuse.h>
#                   ^
# compilation terminated.
# make[1]: *** [Fuse_bindings_stubs.o] Error 2
# make: *** [native-code-library] Error 2


#===================== ERROR while installing ocurl.0.7.1 =====================#
# opam-version         1.2.0~beta4
# os                   linux
# command              ./configure
# path                 /home/opam/.opam/4.02.0+trunk/build/ocurl.0.7.1
# compiler             4.02.0+trunk
# exit-code            1
# env-file             /home/opam/.opam/4.02.0+trunk/build/ocurl.0.7.1/ocurl-1191-d474c2.env
# stdout-file          /home/opam/.opam/4.02.0+trunk/build/ocurl.0.7.1/ocurl-1191-d474c2.out
# stderr-file          /home/opam/.opam/4.02.0+trunk/build/ocurl.0.7.1/ocurl-1191-d474c2.err
### stdout ###
# ...[truncated]
# checking for gcc... gcc
# checking whether the C compiler works... yes
# checking for C compiler default output file name... a.out
# checking for suffix of executables... 
# checking whether we are cross compiling... no
# checking for suffix of object files... o
# checking whether we are using the GNU C compiler... yes
# checking whether gcc accepts -g... yes
# checking for gcc option to accept ISO C89... none needed
# checking for libcurl cflags... 
### stderr ###
# Package libcurl was not found in the pkg-config search path.
# Perhaps you should add the directory containing `libcurl.pc'
# to the PKG_CONFIG_PATH environment variable
# No package 'libcurl' found
# ./configure: line 2825: curl-config: command not found
# configure: error: libcurl was not found


#================= ERROR while installing sqlite3-ocaml.2.0.6 =================#
# opam-version         1.2.0~beta4
# os                   linux
# command              ocaml setup.ml -build
# path                 /home/opam/.opam/4.02.0+trunk/build/sqlite3-ocaml.2.0.6
# compiler             4.02.0+trunk
# exit-code            1
# env-file             /home/opam/.opam/4.02.0+trunk/build/sqlite3-ocaml.2.0.6/sqlite3-ocaml-1440-dc6e87.env
# stdout-file          /home/opam/.opam/4.02.0+trunk/build/sqlite3-ocaml.2.0.6/sqlite3-ocaml-1440-dc6e87.out
# stderr-file          /home/opam/.opam/4.02.0+trunk/build/sqlite3-ocaml.2.0.6/sqlite3-ocaml-1440-dc6e87.err
### stdout ###
# ...[truncated]
# Turn ocaml debug flag on: ............................ true
# Turn ocaml profile flag on: .......................... false
# Compiler support generation of .cmxs.: ............... true
# OCamlbuild additional flags: ......................... 
# Strict compile-time checks: .......................... true
# Create documentations: ............................... true
# Compile tests executable and library and run them: ... false
# ocamldoc: ............................................ /home/opam/.opam/4.02.0+trunk/bin/ocamldoc
# 
# Failure: TODO.
### stderr ###
# File "setup.ml", line 247, characters 8-26:
# Warning 3: deprecated: String.set
# File "setup.ml", line 2502, characters 6-24:
# Warning 3: deprecated: Lazy.lazy_from_fun
# File "setup.ml", line 247, characters 8-26:
# Warning 3: deprecated: String.set
# File "setup.ml", line 2502, characters 6-24:
# Warning 3: deprecated: Lazy.lazy_from_fun
# E: Failure("Command ''/home/opam/.opam/4.02.0+trunk/bin/ocamlbuild' lib/libsqlite3_stubs.a lib/dllsqlite3_stubs.so lib/sqlite3.cma lib/sqlite3.cmxa lib/sqlite3.a lib/sqlite3.cmxs -tag debug' terminated with error code 2")


#===================== ERROR while installing xmlm.1.2.0 ======================#
# opam-version         1.2.0~beta4
# os                   linux
# command              ./pkg/build true
# path                 /home/opam/.opam/4.02.0+trunk/build/xmlm.1.2.0
# compiler             4.02.0+trunk
# exit-code            2
# env-file             /home/opam/.opam/4.02.0+trunk/build/xmlm.1.2.0/xmlm-1496-d4902a.env
# stdout-file          /home/opam/.opam/4.02.0+trunk/build/xmlm.1.2.0/xmlm-1496-d4902a.out
# stderr-file          /home/opam/.opam/4.02.0+trunk/build/xmlm.1.2.0/xmlm-1496-d4902a.err
### stdout ###
# Failure: TODO.


=-=-=-=-=-=-=-=-=-=-=-=-=-=-=-=-= Error report =-=-=-=-=-=-=-=-=-=-=-=-=-=-=-=-=
These actions have been completed successfully
 - install   easy-format.1.0.2
 - install   camlidl.1.05
 - install   biniou.1.0.9
The following failed
 - install   camlp4.4.02.0
 - install   cppo.0.9.4
 - install   cryptokit-sha512.1.6.3
 - install   extlib-compat.1.6.1
 - install   ocamlfuse.2.7.1-cvs2
 - install   ocurl.0.7.1
 - install   sqlite3-ocaml.2.0.6
 - install   xmlm.1.2.0
Due to the errors, the following have been cancelled
 - install   yojson.1.1.8
 - install   google-drive-ocamlfuse.0.5.3
 - install   ocamlnet.3.7.4
 - install   gapi-ocaml.0.2.1

The former state can be restored with opam switch import "/home/opam/.opam/4.02.0+trunk/backup/state-20140719130858.export"
'opam install google-drive-ocamlfuse' failed.
