++ opam install irmin -e ubuntu
+ depext='clasp version 2.1.4
Reading from outL8XoNT/gringo_out
Solving...
Answer: 7
in("irmin",5) in("base-bigarray",1) in("base-unix",1) in("ocamlfind",6) in("base-
OPTIMUM FOUND

Models      : 1     
  Enumerated: 7
  Optimum   : yes
Optimization: 0 0 39
Time        : 0.040s (Solving: 0.00s 1st Model: 0.00s Unsat: 0.00s)
CPU Time    : 0.030s
Choices     : 147
Conflicts   : 9
Restarts    : 0     

Atoms       : 42542 
Rules       : 47658  (1: 47311 2: 29 3: 315 6: 3)
Bodies      : 1661  
Equivalences: 85568  (Atom=Atom: 41729 Body=Body: 458 Other: 43381)
Tight       : Yes

Variables   : 1220   (Eliminated:  363 Frozen:  402)
Constraints : 2930   (Binary: 95.0% Ternary:  0.7% Other:  4.3%)
Lemmas      : 8      (Binary:  0.0% Ternary: 12.5% Other: 87.5%)
  Conflict  : 8      (Average Length: 6.2) 
  Loop      : 0      (Average Length: 0.0) 
  Other     : 0      (Average Length: 0.0)
  Deleted   : 0     

Backtracks          : 1     
Backjumps           : 8      (Bounded: 0)
Skippable Levels    : 19     (Skipped: 19 Rate: 100.0%)
Max Jump Length     : 6      (Executed: 6)
Max Bound Length    : 0     
Average Jump Length : 2.4    (Executed: 2.4)
Average Bound Length: 0.0   
Average Model Length: 22.7  
/usr/share/aspcud/encodings/misc2012.lp:150:57-76: warning: atom is undefined:
  recommends(P,V,D,W)

/usr/share/aspcud/encodings/misc2012.lp:148:57-75: warning: atom is undefined:
  attribute(P,V,A,X)

/usr/share/aspcud/encodings/misc2012.lp:138:57-76: warning: atom is undefined:
  recommends(P,V,D,W)

/usr/share/aspcud/encodings/misc2012.lp:164:42-61: warning: atom is undefined:
  recommends(P,V,D,W)

/usr/share/aspcud/encodings/misc2012.lp:161:63-81: warning: atom is undefined:
  attribute(P,V,A,X)

/usr/share/aspcud/encodings/misc2012.lp:109:50-68: warning: atom is undefined:
  attribute(P,V,A,X)

/usr/share/aspcud/encodings/misc2012.lp:109:70-88: warning: atom is undefined:
  attribute(P,V,B,Y)

/usr/share/aspcud/encodings/misc2012.lp:30:22-41: warning: atom is undefined:
  recommends(P,V,D,W)

libssl-dev zlib1g-dev'
+ echo Ubuntu depexts: clasp version 2.1.4 Reading from outL8XoNT/gringo_out Solving... Answer: 7 'in("irmin",5)' 'in("base-bigarray",1)' 'in("base-unix",1)' 'in("ocamlfind",6)' 'in("base-' OPTIMUM FOUND Models : 1 Enumerated: 7 Optimum : yes Optimization: 0 0 39 Time : 0.040s '(Solving:' 0.00s 1st Model: 0.00s Unsat: '0.00s)' CPU Time : 0.030s Choices : 147 Conflicts : 9 Restarts : 0 Atoms : 42542 Rules : 47658 '(1:' 47311 2: 29 3: 315 6: '3)' Bodies : 1661 Equivalences: 85568 '(Atom=Atom:' 41729 Body=Body: 458 Other: '43381)' Tight : Yes Variables : 1220 '(Eliminated:' 363 Frozen: '402)' Constraints : 2930 '(Binary:' 95.0% Ternary: 0.7% Other: '4.3%)' Lemmas : 8 '(Binary:' 0.0% Ternary: 12.5% Other: '87.5%)' Conflict : 8 '(Average' Length: '6.2)' Loop : 0 '(Average' Length: '0.0)' Other : 0 '(Average' Length: '0.0)' Deleted : 0 Backtracks : 1 Backjumps : 8 '(Bounded:' '0)' Skippable Levels : 19 '(Skipped:' 19 Rate: '100.0%)' Max Jump Length : 6 '(Executed:' '6)' Max Bound Length : 0 Average Jump Length : 2.4 '(Executed:' '2.4)' Average Bound Length: 0.0 Average Model Length: 22.7 /usr/share/aspcud/encodings/misc2012.lp:150:57-76: warning: atom is undefined: 'recommends(P,V,D,W)' /usr/share/aspcud/encodings/misc2012.lp:148:57-75: warning: atom is undefined: 'attribute(P,V,A,X)' /usr/share/aspcud/encodings/misc2012.lp:138:57-76: warning: atom is undefined: 'recommends(P,V,D,W)' /usr/share/aspcud/encodings/misc2012.lp:164:42-61: warning: atom is undefined: 'recommends(P,V,D,W)' /usr/share/aspcud/encodings/misc2012.lp:161:63-81: warning: atom is undefined: 'attribute(P,V,A,X)' /usr/share/aspcud/encodings/misc2012.lp:109:50-68: warning: atom is undefined: 'attribute(P,V,A,X)' /usr/share/aspcud/encodings/misc2012.lp:109:70-88: warning: atom is undefined: 'attribute(P,V,B,Y)' /usr/share/aspcud/encodings/misc2012.lp:30:22-41: warning: atom is undefined: 'recommends(P,V,D,W)' libssl-dev zlib1g-dev
+ '[' 'clasp version 2.1.4
Reading from outL8XoNT/gringo_out
Solving...
Answer: 7
in("irmin",5) in("base-bigarray",1) in("base-unix",1) in("ocamlfind",6) in("base-
OPTIMUM FOUND

Models      : 1     
  Enumerated: 7
  Optimum   : yes
Optimization: 0 0 39
Time        : 0.040s (Solving: 0.00s 1st Model: 0.00s Unsat: 0.00s)
CPU Time    : 0.030s
Choices     : 147
Conflicts   : 9
Restarts    : 0     

Atoms       : 42542 
Rules       : 47658  (1: 47311 2: 29 3: 315 6: 3)
Bodies      : 1661  
Equivalences: 85568  (Atom=Atom: 41729 Body=Body: 458 Other: 43381)
Tight       : Yes

Variables   : 1220   (Eliminated:  363 Frozen:  402)
Constraints : 2930   (Binary: 95.0% Ternary:  0.7% Other:  4.3%)
Lemmas      : 8      (Binary:  0.0% Ternary: 12.5% Other: 87.5%)
  Conflict  : 8      (Average Length: 6.2) 
  Loop      : 0      (Average Length: 0.0) 
  Other     : 0      (Average Length: 0.0)
  Deleted   : 0     

Backtracks          : 1     
Backjumps           : 8      (Bounded: 0)
Skippable Levels    : 19     (Skipped: 19 Rate: 100.0%)
Max Jump Length     : 6      (Executed: 6)
Max Bound Length    : 0     
Average Jump Length : 2.4    (Executed: 2.4)
Average Bound Length: 0.0   
Average Model Length: 22.7  
/usr/share/aspcud/encodings/misc2012.lp:150:57-76: warning: atom is undefined:
  recommends(P,V,D,W)

/usr/share/aspcud/encodings/misc2012.lp:148:57-75: warning: atom is undefined:
  attribute(P,V,A,X)

/usr/share/aspcud/encodings/misc2012.lp:138:57-76: warning: atom is undefined:
  recommends(P,V,D,W)

/usr/share/aspcud/encodings/misc2012.lp:164:42-61: warning: atom is undefined:
  recommends(P,V,D,W)

/usr/share/aspcud/encodings/misc2012.lp:161:63-81: warning: atom is undefined:
  attribute(P,V,A,X)

/usr/share/aspcud/encodings/misc2012.lp:109:50-68: warning: atom is undefined:
  attribute(P,V,A,X)

/usr/share/aspcud/encodings/misc2012.lp:109:70-88: warning: atom is undefined:
  attribute(P,V,B,Y)

/usr/share/aspcud/encodings/misc2012.lp:30:22-41: warning: atom is undefined:
  recommends(P,V,D,W)

libssl-dev zlib1g-dev' '!=' '' ']'
+ sudo apt-get install -qq -y build-essential m4
Ubuntu depexts: clasp version 2.1.4 Reading from outL8XoNT/gringo_out Solving... Answer: 7 in("irmin",5) in("base-bigarray",1) in("base-unix",1) in("ocamlfind",6) in("base- OPTIMUM FOUND Models : 1 Enumerated: 7 Optimum : yes Optimization: 0 0 39 Time : 0.040s (Solving: 0.00s 1st Model: 0.00s Unsat: 0.00s) CPU Time : 0.030s Choices : 147 Conflicts : 9 Restarts : 0 Atoms : 42542 Rules : 47658 (1: 47311 2: 29 3: 315 6: 3) Bodies : 1661 Equivalences: 85568 (Atom=Atom: 41729 Body=Body: 458 Other: 43381) Tight : Yes Variables : 1220 (Eliminated: 363 Frozen: 402) Constraints : 2930 (Binary: 95.0% Ternary: 0.7% Other: 4.3%) Lemmas : 8 (Binary: 0.0% Ternary: 12.5% Other: 87.5%) Conflict : 8 (Average Length: 6.2) Loop : 0 (Average Length: 0.0) Other : 0 (Average Length: 0.0) Deleted : 0 Backtracks : 1 Backjumps : 8 (Bounded: 0) Skippable Levels : 19 (Skipped: 19 Rate: 100.0%) Max Jump Length : 6 (Executed: 6) Max Bound Length : 0 Average Jump Length : 2.4 (Executed: 2.4) Average Bound Length: 0.0 Average Model Length: 22.7 /usr/share/aspcud/encodings/misc2012.lp:150:57-76: warning: atom is undefined: recommends(P,V,D,W) /usr/share/aspcud/encodings/misc2012.lp:148:57-75: warning: atom is undefined: attribute(P,V,A,X) /usr/share/aspcud/encodings/misc2012.lp:138:57-76: warning: atom is undefined: recommends(P,V,D,W) /usr/share/aspcud/encodings/misc2012.lp:164:42-61: warning: atom is undefined: recommends(P,V,D,W) /usr/share/aspcud/encodings/misc2012.lp:161:63-81: warning: atom is undefined: attribute(P,V,A,X) /usr/share/aspcud/encodings/misc2012.lp:109:50-68: warning: atom is undefined: attribute(P,V,A,X) /usr/share/aspcud/encodings/misc2012.lp:109:70-88: warning: atom is undefined: attribute(P,V,B,Y) /usr/share/aspcud/encodings/misc2012.lp:30:22-41: warning: atom is undefined: recommends(P,V,D,W) libssl-dev zlib1g-dev
+ sudo apt-get install -qq -y clasp version 2.1.4 Reading from outL8XoNT/gringo_out Solving... Answer: 7 'in("irmin",5)' 'in("base-bigarray",1)' 'in("base-unix",1)' 'in("ocamlfind",6)' 'in("base-' OPTIMUM FOUND Models : 1 Enumerated: 7 Optimum : yes Optimization: 0 0 39 Time : 0.040s '(Solving:' 0.00s 1st Model: 0.00s Unsat: '0.00s)' CPU Time : 0.030s Choices : 147 Conflicts : 9 Restarts : 0 Atoms : 42542 Rules : 47658 '(1:' 47311 2: 29 3: 315 6: '3)' Bodies : 1661 Equivalences: 85568 '(Atom=Atom:' 41729 Body=Body: 458 Other: '43381)' Tight : Yes Variables : 1220 '(Eliminated:' 363 Frozen: '402)' Constraints : 2930 '(Binary:' 95.0% Ternary: 0.7% Other: '4.3%)' Lemmas : 8 '(Binary:' 0.0% Ternary: 12.5% Other: '87.5%)' Conflict : 8 '(Average' Length: '6.2)' Loop : 0 '(Average' Length: '0.0)' Other : 0 '(Average' Length: '0.0)' Deleted : 0 Backtracks : 1 Backjumps : 8 '(Bounded:' '0)' Skippable Levels : 19 '(Skipped:' 19 Rate: '100.0%)' Max Jump Length : 6 '(Executed:' '6)' Max Bound Length : 0 Average Jump Length : 2.4 '(Executed:' '2.4)' Average Bound Length: 0.0 Average Model Length: 22.7 /usr/share/aspcud/encodings/misc2012.lp:150:57-76: warning: atom is undefined: 'recommends(P,V,D,W)' /usr/share/aspcud/encodings/misc2012.lp:148:57-75: warning: atom is undefined: 'attribute(P,V,A,X)' /usr/share/aspcud/encodings/misc2012.lp:138:57-76: warning: atom is undefined: 'recommends(P,V,D,W)' /usr/share/aspcud/encodings/misc2012.lp:164:42-61: warning: atom is undefined: 'recommends(P,V,D,W)' /usr/share/aspcud/encodings/misc2012.lp:161:63-81: warning: atom is undefined: 'attribute(P,V,A,X)' /usr/share/aspcud/encodings/misc2012.lp:109:50-68: warning: atom is undefined: 'attribute(P,V,A,X)' /usr/share/aspcud/encodings/misc2012.lp:109:70-88: warning: atom is undefined: 'attribute(P,V,B,Y)' /usr/share/aspcud/encodings/misc2012.lp:30:22-41: warning: atom is undefined: 'recommends(P,V,D,W)' libssl-dev zlib1g-dev
E: Unable to locate package version
E: Unable to locate package Reading
E: Unable to locate package from
E: Unable to locate package outL8XoNT
E: Unable to locate package Solving...
E: Couldn't find any package by regex 'Solving...'
E: Unable to locate package Answer
E: Unable to locate package 7
E: Unable to locate package in("irmin",5)
E: Unable to locate package in("base-bigarray",1)
E: Unable to locate package in("base-unix",1)
E: Unable to locate package in("ocamlfind",6)
E: Unable to locate package in("base
E: Unable to locate package OPTIMUM
E: Unable to locate package FOUND
E: Unable to locate package Models
E: Unable to locate package 
E: Unable to locate package 1
E: Unable to locate package Enumerated
E: Unable to locate package 7
E: Unable to locate package Optimum
E: Unable to locate package 
E: Unable to locate package yes
E: Unable to locate package Optimization
E: Unable to locate package 0
E: Unable to locate package 0
E: Unable to locate package 39
E: Unable to locate package 
E: Unable to locate package 0.040s
E: Couldn't find any package by regex '0.040s'
E: Unable to locate package (Solving
E: Unable to locate package 0.00s
E: Couldn't find any package by regex '0.00s'
E: Unable to locate package 1st
E: Unable to locate package Model
E: Unable to locate package 0.00s
E: Couldn't find any package by regex '0.00s'
E: Unable to locate package Unsat
E: Unable to locate package 0.00s)
E: Couldn't find any package by regex '0.00s)'
E: Unable to locate package 
E: Unable to locate package 0.030s
E: Couldn't find any package by regex '0.030s'
E: Unable to locate package Choices
E: Unable to locate package 
E: Unable to locate package 147
E: Unable to locate package Conflicts
E: Unable to locate package 
E: Unable to locate package 9
E: Unable to locate package Restarts
E: Unable to locate package 
E: Unable to locate package 0
E: Unable to locate package Atoms
E: Unable to locate package 
E: Unable to locate package 42542
E: Unable to locate package Rules
E: Unable to locate package 
E: Unable to locate package 47658
E: Unable to locate package (1
E: Unable to locate package 47311
E: Unable to locate package 2
E: Unable to locate package 29
E: Unable to locate package 3
E: Unable to locate package 315
E: Unable to locate package 6
E: Unable to locate package 3)
E: Unable to locate package Bodies
E: Unable to locate package 
E: Unable to locate package 1661
E: Unable to locate package Equivalences
E: Unable to locate package 85568
E: Unable to locate package (Atom
E: Unable to locate package 41729
E: Unable to locate package Body
E: Unable to locate package 458
E: Unable to locate package Other
E: Unable to locate package 43381)
E: Unable to locate package Tight
E: Unable to locate package 
E: Unable to locate package Yes
E: Unable to locate package Variables
E: Unable to locate package 
E: Unable to locate package 1220
E: Unable to locate package (Eliminated
E: Unable to locate package 363
E: Unable to locate package Frozen
E: Unable to locate package 402)
E: Unable to locate package Constraints
E: Unable to locate package 
E: Unable to locate package 2930
E: Unable to locate package (Binary
E: Unable to locate package 95.0%
E: Couldn't find any package by regex '95.0%'
E: Unable to locate package Ternary
E: Unable to locate package 0.7%
E: Couldn't find any package by regex '0.7%'
E: Unable to locate package Other
E: Unable to locate package 4.3%)
E: Couldn't find any package by regex '4.3%)'
E: Unable to locate package Lemmas
E: Unable to locate package 
E: Unable to locate package 8
E: Unable to locate package (Binary
E: Unable to locate package 0.0%
E: Couldn't find any package by regex '0.0%'
E: Unable to locate package Ternary
E: Unable to locate package 12.5%
E: Couldn't find any package by regex '12.5%'
E: Unable to locate package Other
E: Unable to locate package 87.5%)
E: Couldn't find any package by regex '87.5%)'
E: Unable to locate package Conflict
E: Unable to locate package 
E: Unable to locate package 8
E: Unable to locate package (Average
E: Unable to locate package Length
E: Unable to locate package 6.2)
E: Couldn't find any package by regex '6.2)'
E: Unable to locate package Loop
E: Unable to locate package 
E: Unable to locate package 0
E: Unable to locate package (Average
E: Unable to locate package Length
E: Unable to locate package 0.0)
E: Couldn't find any package by regex '0.0)'
E: Unable to locate package Other
E: Unable to locate package 
E: Unable to locate package 0
E: Unable to locate package (Average
E: Unable to locate package Length
E: Unable to locate package 0.0)
E: Couldn't find any package by regex '0.0)'
E: Unable to locate package Deleted
E: Unable to locate package 
E: Unable to locate package 0
E: Unable to locate package Backtracks
E: Unable to locate package 
E: Unable to locate package 1
E: Unable to locate package Backjumps
E: Unable to locate package 
E: Unable to locate package 8
E: Unable to locate package (Bounded
E: Unable to locate package 0)
E: Unable to locate package Skippable
E: Unable to locate package Levels
E: Unable to locate package 
E: Unable to locate package 19
E: Unable to locate package (Skipped
E: Unable to locate package 19
E: Unable to locate package Rate
E: Unable to locate package 100.0%)
E: Couldn't find any package by regex '100.0%)'
E: Unable to locate package Max
E: Unable to locate package Jump
E: Unable to locate package Length
E: Unable to locate package 
E: Unable to locate package 6
E: Unable to locate package (Executed
E: Unable to locate package 6)
E: Unable to locate package Max
E: Unable to locate package Bound
E: Unable to locate package Length
E: Unable to locate package 
E: Unable to locate package 0
E: Unable to locate package Average
E: Unable to locate package Jump
E: Unable to locate package Length
E: Unable to locate package 
E: Unable to locate package (Executed
E: Unable to locate package 2.4)
E: Couldn't find any package by regex '2.4)'
E: Unable to locate package Average
E: Unable to locate package Bound
E: Unable to locate package Length
E: Unable to locate package Average
E: Unable to locate package Model
E: Unable to locate package Length
E: Unable to locate package /usr/share/aspcud/encodings
E: Unable to locate package warning
E: Unable to locate package atom
E: Unable to locate package is
E: Unable to locate package undefined
E: Unable to locate package recommends(P,V,D,W)
E: Unable to locate package /usr/share/aspcud/encodings
E: Unable to locate package warning
E: Unable to locate package atom
E: Unable to locate package is
E: Unable to locate package undefined
E: Unable to locate package attribute(P,V,A,X)
E: Unable to locate package /usr/share/aspcud/encodings
E: Unable to locate package warning
E: Unable to locate package atom
E: Unable to locate package is
E: Unable to locate package undefined
E: Unable to locate package recommends(P,V,D,W)
E: Unable to locate package /usr/share/aspcud/encodings
E: Unable to locate package warning
E: Unable to locate package atom
E: Unable to locate package is
E: Unable to locate package undefined
E: Unable to locate package recommends(P,V,D,W)
E: Unable to locate package /usr/share/aspcud/encodings
E: Unable to locate package warning
E: Unable to locate package atom
E: Unable to locate package is
E: Unable to locate package undefined
E: Unable to locate package attribute(P,V,A,X)
E: Unable to locate package /usr/share/aspcud/encodings
E: Unable to locate package warning
E: Unable to locate package atom
E: Unable to locate package is
E: Unable to locate package undefined
E: Unable to locate package attribute(P,V,A,X)
E: Unable to locate package /usr/share/aspcud/encodings
E: Unable to locate package warning
E: Unable to locate package atom
E: Unable to locate package is
E: Unable to locate package undefined
E: Unable to locate package attribute(P,V,B,Y)
E: Unable to locate package /usr/share/aspcud/encodings
E: Unable to locate package warning
E: Unable to locate package atom
E: Unable to locate package is
E: Unable to locate package undefined
E: Unable to locate package recommends(P,V,D,W)
++ opam install irmin -e source,linux
+ srcext='clasp version 2.1.4
Reading from out4RsmLZ/gringo_out
Solving...
Answer: 7
in("irmin",5) in("base-bigarray",1) in("base-unix",1) in("ocamlfind",6) in("base-
OPTIMUM FOUND

Models      : 1     
  Enumerated: 7
  Optimum   : yes
Optimization: 0 0 39
Time        : 0.043s (Solving: 0.00s 1st Model: 0.00s Unsat: 0.00s)
CPU Time    : 0.040s
Choices     : 147
Conflicts   : 9
Restarts    : 0     

Atoms       : 42542 
Rules       : 47658  (1: 47311 2: 29 3: 315 6: 3)
Bodies      : 1661  
Equivalences: 85568  (Atom=Atom: 41729 Body=Body: 458 Other: 43381)
Tight       : Yes

Variables   : 1220   (Eliminated:  363 Frozen:  402)
Constraints : 2930   (Binary: 95.0% Ternary:  0.7% Other:  4.3%)
Lemmas      : 8      (Binary:  0.0% Ternary: 12.5% Other: 87.5%)
  Conflict  : 8      (Average Length: 6.2) 
  Loop      : 0      (Average Length: 0.0) 
  Other     : 0      (Average Length: 0.0)
  Deleted   : 0     

Backtracks          : 1     
Backjumps           : 8      (Bounded: 0)
Skippable Levels    : 19     (Skipped: 19 Rate: 100.0%)
Max Jump Length     : 6      (Executed: 6)
Max Bound Length    : 0     
Average Jump Length : 2.4    (Executed: 2.4)
Average Bound Length: 0.0   
Average Model Length: 22.7  
/usr/share/aspcud/encodings/misc2012.lp:150:57-76: warning: atom is undefined:
  recommends(P,V,D,W)

/usr/share/aspcud/encodings/misc2012.lp:148:57-75: warning: atom is undefined:
  attribute(P,V,A,X)

/usr/share/aspcud/encodings/misc2012.lp:138:57-76: warning: atom is undefined:
  recommends(P,V,D,W)

/usr/share/aspcud/encodings/misc2012.lp:164:42-61: warning: atom is undefined:
  recommends(P,V,D,W)

/usr/share/aspcud/encodings/misc2012.lp:161:63-81: warning: atom is undefined:
  attribute(P,V,A,X)

/usr/share/aspcud/encodings/misc2012.lp:109:50-68: warning: atom is undefined:
  attribute(P,V,A,X)

/usr/share/aspcud/encodings/misc2012.lp:109:70-88: warning: atom is undefined:
  attribute(P,V,B,Y)

/usr/share/aspcud/encodings/misc2012.lp:30:22-41: warning: atom is undefined:
  recommends(P,V,D,W)'
+ echo Ubuntu srcexts: clasp version 2.1.4 Reading from out4RsmLZ/gringo_out Solving... Answer: 7 'in("irmin",5)' 'in("base-bigarray",1)' 'in("base-unix",1)' 'in("ocamlfind",6)' 'in("base-' OPTIMUM FOUND Models : 1 Enumerated: 7 Optimum : yes Optimization: 0 0 39 Time : 0.043s '(Solving:' 0.00s 1st Model: 0.00s Unsat: '0.00s)' CPU Time : 0.040s Choices : 147 Conflicts : 9 Restarts : 0 Atoms : 42542 Rules : 47658 '(1:' 47311 2: 29 3: 315 6: '3)' Bodies : 1661 Equivalences: 85568 '(Atom=Atom:' 41729 Body=Body: 458 Other: '43381)' Tight : Yes Variables : 1220 '(Eliminated:' 363 Frozen: '402)' Constraints : 2930 '(Binary:' 95.0% Ternary: 0.7% Other: '4.3%)' Lemmas : 8 '(Binary:' 0.0% Ternary: 12.5% Other: '87.5%)' Conflict : 8 '(Average' Length: '6.2)' Loop : 0 '(Average' Length: '0.0)' Other : 0 '(Average' Length: '0.0)' Deleted : 0 Backtracks : 1 Backjumps : 8 '(Bounded:' '0)' Skippable Levels : 19 '(Skipped:' 19 Rate: '100.0%)' Max Jump Length : 6 '(Executed:' '6)' Max Bound Length : 0 Average Jump Length : 2.4 '(Executed:' '2.4)' Average Bound Length: 0.0 Average Model Length: 22.7 /usr/share/aspcud/encodings/misc2012.lp:150:57-76: warning: atom is undefined: 'recommends(P,V,D,W)' /usr/share/aspcud/encodings/misc2012.lp:148:57-75: warning: atom is undefined: 'attribute(P,V,A,X)' /usr/share/aspcud/encodings/misc2012.lp:138:57-76: warning: atom is undefined: 'recommends(P,V,D,W)' /usr/share/aspcud/encodings/misc2012.lp:164:42-61: warning: atom is undefined: 'recommends(P,V,D,W)' /usr/share/aspcud/encodings/misc2012.lp:161:63-81: warning: atom is undefined: 'attribute(P,V,A,X)' /usr/share/aspcud/encodings/misc2012.lp:109:50-68: warning: atom is undefined: 'attribute(P,V,A,X)' /usr/share/aspcud/encodings/misc2012.lp:109:70-88: warning: atom is undefined: 'attribute(P,V,B,Y)' /usr/share/aspcud/encodings/misc2012.lp:30:22-41: warning: atom is undefined: 'recommends(P,V,D,W)'
+ '[' 'clasp version 2.1.4
Reading from out4RsmLZ/gringo_out
Solving...
Answer: 7
in("irmin",5) in("base-bigarray",1) in("base-unix",1) in("ocamlfind",6) in("base-
OPTIMUM FOUND

Models      : 1     
  Enumerated: 7
  Optimum   : yes
Optimization: 0 0 39
Time        : 0.043s (Solving: 0.00s 1st Model: 0.00s Unsat: 0.00s)
CPU Time    : 0.040s
Choices     : 147
Conflicts   : 9
Restarts    : 0     

Atoms       : 42542 
Rules       : 47658  (1: 47311 2: 29 3: 315 6: 3)
Bodies      : 1661  
Equivalences: 85568  (Atom=Atom: 41729 Body=Body: 458 Other: 43381)
Tight       : Yes

Variables   : 1220   (Eliminated:  363 Frozen:  402)
Constraints : 2930   (Binary: 95.0% Ternary:  0.7% Other:  4.3%)
Lemmas      : 8      (Binary:  0.0% Ternary: 12.5% Other: 87.5%)
  Conflict  : 8      (Average Length: 6.2) 
  Loop      : 0      (Average Length: 0.0) 
  Other     : 0      (Average Length: 0.0)
  Deleted   : 0     

Backtracks          : 1     
Backjumps           : 8      (Bounded: 0)
Skippable Levels    : 19     (Skipped: 19 Rate: 100.0%)
Max Jump Length     : 6      (Executed: 6)
Max Bound Length    : 0     
Average Jump Length : 2.4    (Executed: 2.4)
Average Bound Length: 0.0   
Average Model Length: 22.7  
/usr/share/aspcud/encodings/misc2012.lp:150:57-76: warning: atom is undefined:
  recommends(P,V,D,W)

/usr/share/aspcud/encodings/misc2012.lp:148:57-75: warning: atom is undefined:
  attribute(P,V,A,X)

/usr/share/aspcud/encodings/misc2012.lp:138:57-76: warning: atom is undefined:
  recommends(P,V,D,W)

/usr/share/aspcud/encodings/misc2012.lp:164:42-61: warning: atom is undefined:
  recommends(P,V,D,W)

/usr/share/aspcud/encodings/misc2012.lp:161:63-81: warning: atom is undefined:
  attribute(P,V,A,X)

/usr/share/aspcud/encodings/misc2012.lp:109:50-68: warning: atom is undefined:
  attribute(P,V,A,X)

/usr/share/aspcud/encodings/misc2012.lp:109:70-88: warning: atom is undefined:
  attribute(P,V,B,Y)

/usr/share/aspcud/encodings/misc2012.lp:30:22-41: warning: atom is undefined:
  recommends(P,V,D,W)' '!=' '' ']'
Ubuntu srcexts: clasp version 2.1.4 Reading from out4RsmLZ/gringo_out Solving... Answer: 7 in("irmin",5) in("base-bigarray",1) in("base-unix",1) in("ocamlfind",6) in("base- OPTIMUM FOUND Models : 1 Enumerated: 7 Optimum : yes Optimization: 0 0 39 Time : 0.043s (Solving: 0.00s 1st Model: 0.00s Unsat: 0.00s) CPU Time : 0.040s Choices : 147 Conflicts : 9 Restarts : 0 Atoms : 42542 Rules : 47658 (1: 47311 2: 29 3: 315 6: 3) Bodies : 1661 Equivalences: 85568 (Atom=Atom: 41729 Body=Body: 458 Other: 43381) Tight : Yes Variables : 1220 (Eliminated: 363 Frozen: 402) Constraints : 2930 (Binary: 95.0% Ternary: 0.7% Other: 4.3%) Lemmas : 8 (Binary: 0.0% Ternary: 12.5% Other: 87.5%) Conflict : 8 (Average Length: 6.2) Loop : 0 (Average Length: 0.0) Other : 0 (Average Length: 0.0) Deleted : 0 Backtracks : 1 Backjumps : 8 (Bounded: 0) Skippable Levels : 19 (Skipped: 19 Rate: 100.0%) Max Jump Length : 6 (Executed: 6) Max Bound Length : 0 Average Jump Length : 2.4 (Executed: 2.4) Average Bound Length: 0.0 Average Model Length: 22.7 /usr/share/aspcud/encodings/misc2012.lp:150:57-76: warning: atom is undefined: recommends(P,V,D,W) /usr/share/aspcud/encodings/misc2012.lp:148:57-75: warning: atom is undefined: attribute(P,V,A,X) /usr/share/aspcud/encodings/misc2012.lp:138:57-76: warning: atom is undefined: recommends(P,V,D,W) /usr/share/aspcud/encodings/misc2012.lp:164:42-61: warning: atom is undefined: recommends(P,V,D,W) /usr/share/aspcud/encodings/misc2012.lp:161:63-81: warning: atom is undefined: attribute(P,V,A,X) /usr/share/aspcud/encodings/misc2012.lp:109:50-68: warning: atom is undefined: attribute(P,V,A,X) /usr/share/aspcud/encodings/misc2012.lp:109:70-88: warning: atom is undefined: attribute(P,V,B,Y) /usr/share/aspcud/encodings/misc2012.lp:30:22-41: warning: atom is undefined: recommends(P,V,D,W)
++ mktemp
+ t=/tmp/tmp.mLFZUILOpF
+ curl -sL clasp version 2.1.4 Reading from out4RsmLZ/gringo_out Solving... Answer: 7 'in("irmin",5)' 'in("base-bigarray",1)' 'in("base-unix",1)' 'in("ocamlfind",6)' 'in("base-' OPTIMUM FOUND Models : 1 Enumerated: 7 Optimum : yes Optimization: 0 0 39 Time : 0.043s '(Solving:' 0.00s 1st Model: 0.00s Unsat: '0.00s)' CPU Time : 0.040s Choices : 147 Conflicts : 9 Restarts : 0 Atoms : 42542 Rules : 47658 '(1:' 47311 2: 29 3: 315 6: '3)' Bodies : 1661 Equivalences: 85568 '(Atom=Atom:' 41729 Body=Body: 458 Other: '43381)' Tight : Yes Variables : 1220 '(Eliminated:' 363 Frozen: '402)' Constraints : 2930 '(Binary:' 95.0% Ternary: 0.7% Other: '4.3%)' Lemmas : 8 '(Binary:' 0.0% Ternary: 12.5% Other: '87.5%)' Conflict : 8 '(Average' Length: '6.2)' Loop : 0 '(Average' Length: '0.0)' Other : 0 '(Average' Length: '0.0)' Deleted : 0 Backtracks : 1 Backjumps : 8 '(Bounded:' '0)' Skippable Levels : 19 '(Skipped:' 19 Rate: '100.0%)' Max Jump Length : 6 '(Executed:' '6)' Max Bound Length : 0 Average Jump Length : 2.4 '(Executed:' '2.4)' Average Bound Length: 0.0 Average Model Length: 22.7 /usr/share/aspcud/encodings/misc2012.lp:150:57-76: warning: atom is undefined: 'recommends(P,V,D,W)' /usr/share/aspcud/encodings/misc2012.lp:148:57-75: warning: atom is undefined: 'attribute(P,V,A,X)' /usr/share/aspcud/encodings/misc2012.lp:138:57-76: warning: atom is undefined: 'recommends(P,V,D,W)' /usr/share/aspcud/encodings/misc2012.lp:164:42-61: warning: atom is undefined: 'recommends(P,V,D,W)' /usr/share/aspcud/encodings/misc2012.lp:161:63-81: warning: atom is undefined: 'attribute(P,V,A,X)' /usr/share/aspcud/encodings/misc2012.lp:109:50-68: warning: atom is undefined: 'attribute(P,V,A,X)' /usr/share/aspcud/encodings/misc2012.lp:109:70-88: warning: atom is undefined: 'attribute(P,V,B,Y)' /usr/share/aspcud/encodings/misc2012.lp:30:22-41: warning: atom is undefined: 'recommends(P,V,D,W)'
+ bash -ex /tmp/tmp.mLFZUILOpF
+ opam install irmin
clasp version 2.1.4
Reading from outgVk5kZ/gringo_out
Solving...
Answer: 7
in("irmin",5) in("base-bigarray",1) in("base-unix",1) in("ocamlfind",6) in("base-
OPTIMUM FOUND

Models      : 1     
  Enumerated: 7
  Optimum   : yes
Optimization: 0 0 39
Time        : 0.044s (Solving: 0.00s 1st Model: 0.00s Unsat: 0.00s)
CPU Time    : 0.040s
Choices     : 147
Conflicts   : 9
Restarts    : 0     

Atoms       : 42542 
Rules       : 47658  (1: 47311 2: 29 3: 315 6: 3)
Bodies      : 1661  
Equivalences: 85568  (Atom=Atom: 41729 Body=Body: 458 Other: 43381)
Tight       : Yes

Variables   : 1220   (Eliminated:  363 Frozen:  402)
Constraints : 2930   (Binary: 95.0% Ternary:  0.7% Other:  4.3%)
Lemmas      : 8      (Binary:  0.0% Ternary: 12.5% Other: 87.5%)
  Conflict  : 8      (Average Length: 6.2) 
  Loop      : 0      (Average Length: 0.0) 
  Other     : 0      (Average Length: 0.0)
  Deleted   : 0     

Backtracks          : 1     
Backjumps           : 8      (Bounded: 0)
Skippable Levels    : 19     (Skipped: 19 Rate: 100.0%)
Max Jump Length     : 6      (Executed: 6)
Max Bound Length    : 0     
Average Jump Length : 2.4    (Executed: 2.4)
Average Bound Length: 0.0   
Average Model Length: 22.7  
/usr/share/aspcud/encodings/misc2012.lp:150:57-76: warning: atom is undefined:
  recommends(P,V,D,W)

/usr/share/aspcud/encodings/misc2012.lp:148:57-75: warning: atom is undefined:
  attribute(P,V,A,X)

/usr/share/aspcud/encodings/misc2012.lp:138:57-76: warning: atom is undefined:
  recommends(P,V,D,W)

/usr/share/aspcud/encodings/misc2012.lp:164:42-61: warning: atom is undefined:
  recommends(P,V,D,W)

/usr/share/aspcud/encodings/misc2012.lp:161:63-81: warning: atom is undefined:
  attribute(P,V,A,X)

/usr/share/aspcud/encodings/misc2012.lp:109:50-68: warning: atom is undefined:
  attribute(P,V,A,X)

/usr/share/aspcud/encodings/misc2012.lp:109:70-88: warning: atom is undefined:
  attribute(P,V,B,Y)

/usr/share/aspcud/encodings/misc2012.lp:30:22-41: warning: atom is undefined:
  recommends(P,V,D,W)

The following actions will be performed:
 - install   re.1.2.2                              [required by irmin]
 - install   sha.1.9                               [required by irmin]
 - install   cmdliner.0.9.5                        [required by irmin]
 - install   ounit.2.0.0                           [required by cohttp]
 - install   ssl.0.4.7                             [required by irmin]
 - install   base-bytes.base                       [required by ocplib-endian]
 - install   camlp4.4.02.0                         [required by core_kernel]
 - install   stringext.1.0.0                       [required by cohttp]
 - install   camlzip.1.05                          [required by git]
 - install   ocamlgraph.1.8.5                      [required by irmin]
 - install   dolog.0.5                             [required by irmin]
 - install   uutf.0.9.3                            [required by jsonm]
 - install   crunch.1.3.0                          [required by irmin]
 - install   type_conv.111.13.00                   [required by variantslib, pa_test, enumerate, bin_prot, fieldslib, uri, comparelib, pa_bench, typerep]
 - install   pipebang.110.01.00                    [required by core_kernel]
 - install   optcomp.1.6                           [required by ocplib-endian]
 - install   lwt.2.4.5                             [required by irmin]
 - install   herelib.109.35.02                     [required by core_kernel]
 - install   jsonm.0.9.1                           [required by ezjsonm]
 - install   variantslib.109.15.03                 [required by core_kernel]
 - install   sexplib.111.25.00                     [required by core_kernel, cohttp]
 - install   pa_ounit.109.53.02                    [required by core_kernel]
 - install   fieldslib.109.20.03                   [required by core_kernel, cohttp]
 - install   enumerate.111.08.00                   [required by core_kernel]
 - install   comparelib.109.60.00                  [required by core_kernel]
 - install   bin_prot.111.03.00                    [required by core_kernel]
 - install   ocplib-endian.0.7                     [required by cstruct]
 - install   ezjsonm.0.2.0                         [required by irmin]
 - install   uri.1.7.2                             [required by irmin]
 - install   conduit.0.5.1                         [required by git, cohttp]
 - install   pa_bench.109.55.02                    [required by core_kernel]
 - install   pa_test.111.08.00                     [required by core_kernel]
 - install   typerep.111.17.00                     [required by core_kernel]
 - install   cstruct.1.4.0                         [required by mstruct]
 - install   cohttp.0.11.2                         [required by irmin]
 - install   core_kernel.111.25.00                 [required by irmin]
 - install   mstruct.1.3.0                         [required by irmin]
 - install   git.1.2.0                             [required by irmin]
 - install   irmin.0.8.3
=== 39 to install ===

=-=-=-=-=-=-=-=-=-=-=-=- Synchronizing package archives -=-=-=-=-=-=-=-=-=-=-=-=
[bin_prot.111.03.00] Downloading https://ocaml.janestreet.com/ocaml-core/111.03.00/individual/bin_prot-111.03.00.tar.gz
[camlp4.4.02.0] Fetching git://github.com/ocaml/camlp4#4.02
[camlzip.1.05] Downloading http://forge.ocamlcore.org/frs/download.php/1037/camlzip-1.05.tar.gz
Initialized empty Git repository in /home/opam/.opam/packages.dev/camlp4.4.02.0/.git/
  % Total    % Received % Xferd  Average Speed   Time    Time     Time  Current
                                 Dload  Upload   Total   Spent    Left  Speed
  0     0    0     0    0     0      0      0 --:--:-- --:--:-- --:--:--     0  % Total    % Received % Xferd  Average Speed   Time    Time     Time  Current
                                 Dload  Upload   Total   Spent    Left  Speed
  0     0    0     0    0     0      0      0 --:--:-- --:--:-- --:--:--     0100 25817  100 25817    0     0   202k      0 --:--:-- --:--:-- --:--:--  203k
200
[cmdliner.0.9.5] Downloading http://erratique.ch/software/cmdliner/releases/cmdliner-0.9.5.tbz
  % Total    % Received % Xferd  Average Speed   Time    Time     Time  Current
                                 Dload  Upload   Total   Spent    Left  Speed
  0     0    0     0    0     0      0      0 --:--:-- --:--:-- --:--:--     0100 47938  100 47938    0     0   392k      0 --:--:-- --:--:-- --:--:--  393k
200
[cohttp.0.11.2] Downloading https://github.com/mirage/ocaml-cohttp/archive/v0.11.2.tar.gz
  0 89105    0     0    0     0      0      0 --:--:-- --:--:-- --:--:--     0  % Total    % Received % Xferd  Average Speed   Time    Time     Time  Current
                                 Dload  Upload   Total   Spent    Left  Speed
  0     0    0     0    0     0      0      0 --:--:-- --:--:-- --:--:--     0100 89105  100 89105    0     0   129k      0 --:--:-- --:--:-- --:--:--  129k
200
[comparelib.109.60.00] Downloading https://ocaml.janestreet.com/ocaml-core/109.60.00/individual/comparelib-109.60.00.tar.gz
  % Total    % Received % Xferd  Average Speed   Time    Time     Time  Current
                                 Dload  Upload   Total   Spent    Left  Speed
  0     0    0     0    0     0      0      0 --:--:-- --:--:-- --:--:--     0100   128    0   128    0     0    355      0 --:--:-- --:--:-- --:--:--   355
100 56707  100 56707    0     0  97757      0 --:--:-- --:--:-- --:--:-- 97939
200
 22  129k   22 30114    0     0  31270      0  0:00:04 --:--:--  0:00:04 31270[conduit.0.5.1] Downloading https://github.com/mirage/ocaml-conduit/archive/v0.5.1.tar.gz
  % Total    % Received % Xferd  Average Speed   Time    Time     Time  Current
                                 Dload  Upload   Total   Spent    Left  Speed
  0     0    0     0    0     0      0      0 --:--:-- --:--:-- --:--:--     0100  129k  100  129k    0     0   111k      0  0:00:01  0:00:01 --:--:--  503k
200
[core_kernel.111.25.00] Downloading https://ocaml.janestreet.com/ocaml-core/111.25.00/individual/core_kernel-111.25.00.tar.gz
  % Total    % Received % Xferd  Average Speed   Time    Time     Time  Current
                                 Dload  Upload   Total   Spent    Left  Speed
  0     0    0     0    0     0      0      0 --:--:-- --:--:-- --:--:--     0100   128    0   128    0     0    364      0 --:--:-- --:--:-- --:--:--   365
100  6712  100  6712    0     0   8969      0 --:--:-- --:--:-- --:--:--  8969
200
[crunch.1.3.0] Downloading https://github.com/mirage/ocaml-crunch/archive/v1.3.0.tar.gz
  % Total    % Received % Xferd  Average Speed   Time    Time     Time  Current
                                 Dload  Upload   Total   Spent    Left  Speed
  0     0    0     0    0     0      0      0 --:--:-- --:--:-- --:--:--     0 22  426k   22 98304    0     0   142k      0  0:00:02 --:--:--  0:00:02  142k  0     0    0     0    0     0      0      0 --:--:-- --:--:-- --:--:--     0100  426k  100  426k    0     0   448k      0 --:--:-- --:--:-- --:--:--  448k
200
100   127    0   127    0     0    317      0 --:--:-- --:--:-- --:--:--   317
[cstruct.1.4.0] Downloading https://github.com/mirage/ocaml-cstruct/archive/v1.4.0.tar.gz
  % Total    % Received % Xferd  Average Speed   Time    Time     Time  Current
                                 Dload  Upload   Total   Spent    Left  Speed
  0     0    0     0    0     0      0      0 --:--:-- --:--:-- --:--:--     0100   128    0   128    0     0    360      0 --:--:-- --:--:-- --:--:--   361
  0     0    0 44689    0     0  46230      0 --:--:-- --:--:-- --:--:-- 46230
200
[dolog.0.5] Downloading https://github.com/UnixJunkie/dolog/archive/v0.5.tar.gz
  % Total    % Received % Xferd  Average Speed   Time    Time     Time  Current
                                 Dload  Upload   Total   Spent    Left  Speed
  0     0    0     0    0     0      0      0 --:--:-- --:--:-- --:--:--     0  0     0    0     0    0     0      0      0 --:--:-- --:--:-- --:--:--     0  0  235k    0   853    0     0   1169      0  0:03:26 --:--:--  0:03:26  1169100   122    0   122    0     0    308      0 --:--:-- --:--:-- --:--:--   308
100  235k  100  235k    0     0   201k      0  0:00:01  0:00:01 --:--:--  533k
200
[enumerate.111.08.00] Downloading https://ocaml.janestreet.com/ocaml-core/111.08.00/individual/enumerate-111.08.00.tar.gz
  % Total    % Received % Xferd  Average Speed   Time    Time     Time  Current
                                 Dload  Upload   Total   Spent    Left  Speed
  0     0    0     0    0     0      0      0 --:--:-- --:--:-- --:--:--     0100 44398  100 44398    0     0  46858      0 --:--:-- --:--:-- --:--:-- 46858
200
[ezjsonm.0.2.0] Downloading https://github.com/samoht/ezjsonm/archive/0.2.0.tar.gz
  % Total    % Received % Xferd  Average Speed   Time    Time     Time  Current
                                 Dload  Upload   Total   Spent    Left  Speed
  0     0    0     0    0     0      0      0 --:--:-- --:--:-- --:--:--     0  0 52498    0     0    0     0      0      0 --:--:-- --:--:-- --:--:--     0  0     0    0     0    0     0      0      0 --:--:-- --:--:-- --:--:--     0100 52498  100 52498    0     0  90387      0 --:--:-- --:--:-- --:--:-- 90358
200
[fieldslib.109.20.03] Downloading https://ocaml.janestreet.com/ocaml-core/109.20.00/individual/fieldslib-109.20.03.tar.gz
  % Total    % Received % Xferd  Average Speed   Time    Time     Time  Current
                                 Dload  Upload   Total   Spent    Left  Speed
  0     0    0     0    0     0      0      0 --:--:-- --:--:-- --:--:--     0100   121    0   121    0     0    310      0 --:--:-- --:--:-- --:--:--   310
100 55847  100 55847    0     0  92955      0 --:--:-- --:--:-- --:--:-- 93078
200
[git.1.2.0] Downloading https://github.com/mirage/ocaml-git/archive/1.2.0.tar.gz
100 42574  100 42574    0     0  43820      0 --:--:-- --:--:-- --:--:-- 43820
200
  % Total    % Received % Xferd  Average Speed   Time    Time     Time  Current
                                 Dload  Upload   Total   Spent    Left  Speed
  0     0    0     0    0     0      0      0 --:--:-- --:--:-- --:--:--     0[herelib.109.35.02] Downloading https://ocaml.janestreet.com/ocaml-core/109.35.00/individual/herelib-109.35.02.tar.gz
  % Total    % Received % Xferd  Average Speed   Time    Time     Time  Current
                                 Dload  Upload   Total   Spent    Left  Speed
  0     0    0     0    0     0      0      0 --:--:-- --:--:-- --:--:--     0  0     0    0     0    0     0      0      0 --:--:-- --:--:-- --:--:--     0100   123  100   123    0     0    334      0 --:--:-- --:--:-- --:--:--   334
100 47650  100 47650    0     0  79001      0 --:--:-- --:--:-- --:--:-- 79021
200
[irmin.0.8.3] Downloading https://github.com/mirage/irmin/archive/0.8.3.tar.gz
  % Total    % Received % Xferd  Average Speed   Time    Time     Time  Current
                                 Dload  Upload   Total   Spent    Left  Speed
  0     0    0     0    0     0      0      0 --:--:-- --:--:-- --:--:--     0  0     0    0     0    0     0      0      0 --:--:-- --:--:-- --:--:--     0 43  223k   43   97k    0     0  93362      0  0:00:02  0:00:01  0:00:01 93362100   119    0   119    0     0    325      0 --:--:-- --:--:-- --:--:--   325
100  223k  100  223k    0     0   191k      0  0:00:01  0:00:01 --:--:-- 1297k
200
[jsonm.0.9.1] Downloading http://erratique.ch/software/jsonm/releases/jsonm-0.9.1.tbz
  % Total    % Received % Xferd  Average Speed   Time    Time     Time  Current
                                 Dload  Upload   Total   Spent    Left  Speed
  0     0    0     0    0     0      0      0 --:--:-- --:--:-- --:--:--     0100 64843  100 64843    0     0   677k      0 --:--:-- --:--:-- --:--:--  680k
200
[lwt.2.4.5] Downloading https://github.com/ocsigen/lwt/archive/2.4.5.tar.gz
  % Total    % Received % Xferd  Average Speed   Time    Time     Time  Current
                                 Dload  Upload   Total   Spent    Left  Speed
  0     0    0     0    0     0      0      0 --:--:-- --:--:-- --:--:--     0100   118    0   118    0     0    318      0 --:--:-- --:--:-- --:--:--   318
  0     0    0  186k    0     0   157k      0 --:--:--  0:00:01 --:--:--  157k
200
[mstruct.1.3.0] Downloading https://github.com/samoht/ocaml-mstruct/archive/1.3.0.tar.gz
  % Total    % Received % Xferd  Average Speed   Time    Time     Time  Current
                                 Dload  Upload   Total   Spent    Left  Speed
  0     0    0     0    0     0      0      0 --:--:-- --:--:-- --:--:--     0  0     0    0     0    0     0      0      0 --:--:-- --:--:-- --:--:--     0100   127    0   127    0     0    313      0 --:--:-- --:--:-- --:--:--   314
100  291k  100  291k    0     0   215k      0  0:00:01  0:00:01 --:--:--  425k
200
[ocamlgraph.1.8.5] Downloading http://ocamlgraph.lri.fr/download/ocamlgraph-1.8.5.tar.gz
  % Total    % Received % Xferd  Average Speed   Time    Time     Time  Current
                                 Dload  Upload   Total   Spent    Left  Speed
  0     0    0     0    0     0      0      0 --:--:-- --:--:-- --:--:--     0100 44334  100 44334    0     0  46836      0 --:--:-- --:--:-- --:--:-- 46836
200
 20  263k   20 54762    0     0   364k      0 --:--:-- --:--:-- --:--:--  363k[ocplib-endian.0.7] Downloading https://github.com/OCamlPro/ocplib-endian/archive/0.7.tar.gz
  % Total    % Received % Xferd  Average Speed   Time    Time     Time  Current
                                 Dload  Upload   Total   Spent    Left  Speed
  0     0    0     0    0     0      0      0 --:--:-- --:--:-- --:--:--     0100  263k  100  263k    0     0  1321k      0 --:--:-- --:--:-- --:--:-- 1322k
200
[optcomp.1.6] Downloading https://github.com/diml/optcomp/archive/1.6.tar.gz
  % Total    % Received % Xferd  Average Speed   Time    Time     Time  Current
                                 Dload  Upload   Total   Spent    Left  Speed
  0     0    0     0    0     0      0      0 --:--:-- --:--:-- --:--:--     0100   127  100   127    0     0    316      0 --:--:-- --:--:-- --:--:--   317
100   117    0   117    0     0    322      0 --:--:-- --:--:-- --:--:--   323
100 56248  100 56248    0     0  59650      0 --:--:-- --:--:-- --:--:-- 59650
200
[ounit.2.0.0] Downloading http://forge.ocamlcore.org/frs/download.php/1258/ounit-2.0.0.tar.gz
 55 56370   55 31002    0     0  33256      0  0:00:01 --:--:--  0:00:01 33256100 56370  100 56370    0     0  60335      0 --:--:-- --:--:-- --:--:-- 12.0M
200
  % Total    % Received % Xferd  Average Speed   Time    Time     Time  Current
                                 Dload  Upload   Total   Spent    Left  Speed
  0     0    0     0    0     0      0      0 --:--:-- --:--:-- --:--:--     0[pa_bench.109.55.02] Downloading https://ocaml.janestreet.com/ocaml-core/109.55.00/individual/pa_bench-109.55.02.tar.gz
  % Total    % Received % Xferd  Average Speed   Time    Time     Time  Current
                                 Dload  Upload   Total   Spent    Left  Speed
  0     0    0     0    0     0      0      0 --:--:-- --:--:-- --:--:--     0100  101k  100  101k    0     0   660k      0 --:--:-- --:--:-- --:--:--  664k
200
[pa_ounit.109.53.02] Downloading https://ocaml.janestreet.com/ocaml-core/109.53.00/individual/pa_ounit-109.53.02.tar.gz
  % Total    % Received % Xferd  Average Speed   Time    Time     Time  Current
                                 Dload  Upload   Total   Spent    Left  Speed
  0     0    0     0    0     0      0      0 --:--:-- --:--:-- --:--:--     0100 51237  100 51237    0     0  88880      0 --:--:-- --:--:-- --:--:-- 88953
200
[pa_test.111.08.00] Downloading https://ocaml.janestreet.com/ocaml-core/111.08.00/individual/pa_test-111.08.00.tar.gz
  % Total    % Received % Xferd  Average Speed   Time    Time     Time  Current
                                 Dload  Upload   Total   Spent    Left  Speed
  0     0    0     0    0     0      0      0 --:--:-- --:--:-- --:--:--     0100 54573  100 54573    0     0  94357      0 --:--:-- --:--:-- --:--:-- 94416
200
[pipebang.110.01.00] Downloading https://ocaml.janestreet.com/ocaml-core/110.01.00/individual/pipebang-110.01.00.tar.gz
  % Total    % Received % Xferd  Average Speed   Time    Time     Time  Current
                                 Dload  Upload   Total   Spent    Left  Speed
  0     0    0     0    0     0      0      0 --:--:-- --:--:-- --:--:--     0  0     0    0     0    0     0      0      0 --:--:-- --:--:-- --:--:--     0100 49106  100 49106    0     0  83934      0 --:--:-- --:--:-- --:--:-- 83941
200
[re.1.2.2] Downloading https://github.com/ocaml/ocaml-re/archive/ocaml-re-1.2.2.tar.gz
  % Total    % Received % Xferd  Average Speed   Time    Time     Time  Current
                                 Dload  Upload   Total   Spent    Left  Speed
  0     0    0     0    0     0      0      0 --:--:-- --:--:-- --:--:--     0100 47043  100 47043    0     0  81029      0 --:--:-- --:--:-- --:--:-- 81248
200
[sexplib.111.25.00] Downloading https://ocaml.janestreet.com/ocaml-core/111.25.00/individual/sexplib-111.25.00.tar.gz
  % Total    % Received % Xferd  Average Speed   Time    Time     Time  Current
                                 Dload  Upload   Total   Spent    Left  Speed
  0     0    0     0    0     0      0      0 --:--:-- --:--:-- --:--:--     0100   130    0   130    0     0    353      0 --:--:-- --:--:-- --:--:--   354
  0     0    0     0    0     0      0      0 --:--:-- --:--:-- --:--:--     0  0  131k    0     0    0     0      0      0 --:--:-- --:--:-- --:--:--     0100  131k  100  131k    0     0   172k      0 --:--:-- --:--:-- --:--:--  172k
200
[sha.1.9] Downloading https://github.com/vincenthz/ocaml-sha/archive/ocaml-sha-v1.9.tar.gz
100 89639  100 89639    0     0  90475      0 --:--:-- --:--:-- --:--:--  198k
200
  % Total    % Received % Xferd  Average Speed   Time    Time     Time  Current
                                 Dload  Upload   Total   Spent    Left  Speed
  0     0    0     0    0     0      0      0 --:--:-- --:--:-- --:--:--     0[ssl.0.4.7] Downloading http://downloads.sourceforge.net/project/savonet/ocaml-ssl/0.4.7/ocaml-ssl-0.4.7.tar.gz
  % Total    % Received % Xferd  Average Speed   Time    Time     Time  Current
                                 Dload  Upload   Total   Spent    Left  Speed
  0     0    0     0    0     0      0      0 --:--:-- --:--:-- --:--:--     0100   135    0   135    0     0    386      0 --:--:-- --:--:-- --:--:--   386
  0     0    0     0    0     0      0      0 --:--:-- --:--:-- --:--:--     0
  0     0    0     0    0     0      0      0 --:--:-- --:--:-- --:--:--     0  0     0    0     0    0     0      0      0 --:--:-- --:--:-- --:--:--     0100  116k  100  116k    0     0   211k      0 --:--:-- --:--:-- --:--:--  825k
200
[stringext.1.0.0] Downloading https://github.com/rgrinberg/stringext/archive/v1.0.0.tar.gz
  % Total    % Received % Xferd  Average Speed   Time    Time     Time  Current
                                 Dload  Upload   Total   Spent    Left  Speed
  0     0    0     0    0     0      0      0 --:--:-- --:--:-- --:--:--     0100 12872  100 12872    0     0  18236      0 --:--:-- --:--:-- --:--:-- 71910
200
[type_conv.111.13.00] Downloading https://ocaml.janestreet.com/ocaml-core/111.13.00/individual/type_conv-111.13.00.tar.gz
  % Total    % Received % Xferd  Average Speed   Time    Time     Time  Current
                                 Dload  Upload   Total   Spent    Left  Speed
  0     0    0     0    0     0      0      0 --:--:-- --:--:-- --:--:--     0100   127  100   127    0     0    352      0 --:--:-- --:--:-- --:--:--   352
100 61554  100 61554    0     0   102k      0 --:--:-- --:--:-- --:--:--  102k
200
 32 44676   32 14558    0     0  18011      0  0:00:02 --:--:--  0:00:02 18011100 44676  100 44676    0     0  49918      0 --:--:-- --:--:-- --:--:--  342k
200
[typerep.111.17.00] Downloading https://ocaml.janestreet.com/ocaml-core/111.17.00/individual/typerep-111.17.00.tar.gz
[uri.1.7.2] Downloading https://github.com/mirage/ocaml-uri/archive/v1.7.2.tar.gz
  % Total    % Received % Xferd  Average Speed   Time    Time     Time  Current
                                 Dload  Upload   Total   Spent    Left  Speed
  0     0    0     0    0     0      0      0 --:--:-- --:--:-- --:--:--     0  % Total    % Received % Xferd  Average Speed   Time    Time     Time  Current
                                 Dload  Upload   Total   Spent    Left  Speed
  0     0    0     0    0     0      0      0 --:--:-- --:--:-- --:--:--     0100   124  100   124    0     0    310      0 --:--:-- --:--:-- --:--:--   311
  0  137k    0     0    0     0      0      0 --:--:-- --:--:-- --:--:--     0  0     0    0     0    0     0      0      0 --:--:-- --:--:-- --:--:--     0100  137k  100  137k    0     0   180k      0 --:--:-- --:--:-- --:--:--  180k
200
[uutf.0.9.3] Downloading http://erratique.ch/software/uutf/releases/uutf-0.9.3.tbz
  % Total    % Received % Xferd  Average Speed   Time    Time     Time  Current
                                 Dload  Upload   Total   Spent    Left  Speed
  0     0    0     0    0     0      0      0 --:--:-- --:--:-- --:--:--     0100 31734  100 31734    0     0   310k      0 --:--:-- --:--:-- --:--:--  313k
200
[variantslib.109.15.03] Downloading https://ocaml.janestreet.com/ocaml-core/109.15.00/individual/variantslib-109.15.03.tar.gz
  % Total    % Received % Xferd  Average Speed   Time    Time     Time  Current
                                 Dload  Upload   Total   Spent    Left  Speed
  0     0    0     0    0     0      0      0 --:--:-- --:--:-- --:--:--     0100  246k  100  246k    0     0   192k      0  0:00:01  0:00:01 --:--:--  314k
200
  0 59923    0     0    0     0      0      0 --:--:-- --:--:-- --:--:--     0100 59923  100 59923    0     0   100k      0 --:--:-- --:--:-- --:--:--  100k
200
From git://github.com/ocaml/camlp4
 * branch            4.02       -> FETCH_HEAD
 * [new branch]      4.02       -> origin/4.02
.depend
.gitignore
.ignore
.ocp-indent
.travis-ci.sh
.travis.yml
Changes
LICENSE
Makefile
README.md
_tags
build/camlp4-bootstrap-recipe.txt
build/camlp4-bootstrap.sh
build/camlp4-byte-only.sh
build/camlp4-mkCamlp4Ast.sh
build/camlp4-native-only.sh
build/camlp4-targets.sh
build/install.sh
camlp4/.ignore
camlp4/CHANGES
camlp4/Camlp4.mlpack
camlp4/Camlp4/Camlp4Ast.partial.ml
camlp4/Camlp4/Debug.ml
camlp4/Camlp4/Debug.mli
camlp4/Camlp4/ErrorHandler.ml
camlp4/Camlp4/ErrorHandler.mli
camlp4/Camlp4/OCamlInitSyntax.ml
camlp4/Camlp4/Options.ml
camlp4/Camlp4/Options.mli
camlp4/Camlp4/PreCast.ml
camlp4/Camlp4/PreCast.mli
camlp4/Camlp4/Printers.mlpack
camlp4/Camlp4/Printers/DumpCamlp4Ast.ml
camlp4/Camlp4/Printers/DumpCamlp4Ast.mli
camlp4/Camlp4/Printers/DumpOCamlAst.ml
camlp4/Camlp4/Printers/DumpOCamlAst.mli
camlp4/Camlp4/Printers/Null.ml
camlp4/Camlp4/Printers/Null.mli
camlp4/Camlp4/Printers/OCaml.ml
camlp4/Camlp4/Printers/OCaml.mli
camlp4/Camlp4/Printers/OCamlr.ml
camlp4/Camlp4/Printers/OCamlr.mli
camlp4/Camlp4/Register.ml
camlp4/Camlp4/Register.mli
camlp4/Camlp4/Sig.ml
camlp4/Camlp4/Struct.mlpack
camlp4/Camlp4/Struct/.ignore
camlp4/Camlp4/Struct/AstFilters.ml
camlp4/Camlp4/Struct/Camlp4Ast.mlast
camlp4/Camlp4/Struct/Camlp4Ast2OCamlAst.ml
camlp4/Camlp4/Struct/Camlp4Ast2OCamlAst.mli
camlp4/Camlp4/Struct/CleanAst.ml
camlp4/Camlp4/Struct/CommentFilter.ml
camlp4/Camlp4/Struct/CommentFilter.mli
camlp4/Camlp4/Struct/DynAst.ml
camlp4/Camlp4/Struct/DynLoader.ml
camlp4/Camlp4/Struct/DynLoader.mli
camlp4/Camlp4/Struct/EmptyError.ml
camlp4/Camlp4/Struct/EmptyError.mli
camlp4/Camlp4/Struct/EmptyPrinter.ml
camlp4/Camlp4/Struct/EmptyPrinter.mli
camlp4/Camlp4/Struct/FreeVars.ml
camlp4/Camlp4/Struct/FreeVars.mli
camlp4/Camlp4/Struct/Grammar.mlpack
camlp4/Camlp4/Struct/Grammar/Delete.ml
camlp4/Camlp4/Struct/Grammar/Dynamic.ml
camlp4/Camlp4/Struct/Grammar/Entry.ml
camlp4/Camlp4/Struct/Grammar/Failed.ml
camlp4/Camlp4/Struct/Grammar/Find.ml
camlp4/Camlp4/Struct/Grammar/Fold.ml
camlp4/Camlp4/Struct/Grammar/Fold.mli
camlp4/Camlp4/Struct/Grammar/Insert.ml
camlp4/Camlp4/Struct/Grammar/Parser.ml
camlp4/Camlp4/Struct/Grammar/Parser.mli
camlp4/Camlp4/Struct/Grammar/Print.ml
camlp4/Camlp4/Struct/Grammar/Print.mli
camlp4/Camlp4/Struct/Grammar/Search.ml
camlp4/Camlp4/Struct/Grammar/Static.ml
camlp4/Camlp4/Struct/Grammar/Structure.ml
camlp4/Camlp4/Struct/Grammar/Tools.ml
camlp4/Camlp4/Struct/Lexer.mll
camlp4/Camlp4/Struct/Loc.ml
camlp4/Camlp4/Struct/Loc.mli
camlp4/Camlp4/Struct/Quotation.ml
camlp4/Camlp4/Struct/Token.ml
camlp4/Camlp4/Struct/Token.mli
camlp4/Camlp4/Utils.ml
camlp4/Camlp4/Utils.mli
camlp4/Camlp4Bin.ml
camlp4/Camlp4Filters/Camlp4AstLifter.ml
camlp4/Camlp4Filters/Camlp4ExceptionTracer.ml
camlp4/Camlp4Filters/Camlp4FoldGenerator.ml
camlp4/Camlp4Filters/Camlp4LocationStripper.ml
camlp4/Camlp4Filters/Camlp4MapGenerator.ml
camlp4/Camlp4Filters/Camlp4MetaGenerator.ml
camlp4/Camlp4Filters/Camlp4Profiler.ml
camlp4/Camlp4Filters/Camlp4TrashRemover.ml
camlp4/Camlp4Parsers/Camlp4AstLoader.ml
camlp4/Camlp4Parsers/Camlp4DebugParser.ml
camlp4/Camlp4Parsers/Camlp4GrammarParser.ml
camlp4/Camlp4Parsers/Camlp4ListComprehension.ml
camlp4/Camlp4Parsers/Camlp4MacroParser.ml
camlp4/Camlp4Parsers/Camlp4OCamlOriginalQuotationExpander.ml
camlp4/Camlp4Parsers/Camlp4OCamlParser.ml
camlp4/Camlp4Parsers/Camlp4OCamlParserParser.ml
camlp4/Camlp4Parsers/Camlp4OCamlReloadedParser.ml
camlp4/Camlp4Parsers/Camlp4OCamlRevisedParser.ml
camlp4/Camlp4Parsers/Camlp4OCamlRevisedParserParser.ml
camlp4/Camlp4Parsers/Camlp4OCamlRevisedQuotationExpander.ml
camlp4/Camlp4Parsers/Camlp4QuotationCommon.ml
camlp4/Camlp4Parsers/Camlp4QuotationExpander.ml
camlp4/Camlp4Printers/Camlp4AstDumper.ml
camlp4/Camlp4Printers/Camlp4AutoPrinter.ml
camlp4/Camlp4Printers/Camlp4NullDumper.ml
camlp4/Camlp4Printers/Camlp4OCamlAstDumper.ml
camlp4/Camlp4Printers/Camlp4OCamlPrinter.ml
camlp4/Camlp4Printers/Camlp4OCamlRevisedPrinter.ml
camlp4/Camlp4Top.mlpack
camlp4/Camlp4Top/Rprint.ml
camlp4/Camlp4Top/Top.ml
camlp4/ICHANGES
camlp4/META.in
camlp4/boot/.ignore
camlp4/boot/Camlp4.ml
camlp4/boot/Camlp4.ml4
camlp4/boot/Camlp4Ast.ml
camlp4/boot/camlp4boot.ml
camlp4/boot/camlp4boot.ml4
camlp4/build/.ignore
camlp4/camlp4.odocl
camlp4/camlp4fulllib.mllib
camlp4/camlp4lib.mllib
camlp4/camlp4prof.ml
camlp4/camlp4prof.mli
camlp4/config/Camlp4_config.ml
camlp4/config/Camlp4_config.mli
camlp4/config/gen_import.ml
camlp4/examples/_tags
camlp4/examples/all.itarget
camlp4/examples/apply_operator.ml
camlp4/examples/apply_operator_test.ml
camlp4/examples/arith.ml
camlp4/examples/debug_extension.ml
camlp4/examples/ex_str.ml
camlp4/examples/ex_str_test.ml
camlp4/examples/expression_closure.ml
camlp4/examples/expression_closure_filter.ml
camlp4/examples/expression_closure_test.ml
camlp4/examples/fancy_lambda_quot.ml
camlp4/examples/fancy_lambda_quot_test.ml
camlp4/examples/free_vars_test.ml
camlp4/examples/gen_match_case.ml
camlp4/examples/gen_type_N.ml
camlp4/examples/gettext_test.ml
camlp4/examples/global_handler.ml
camlp4/examples/global_handler_test.ml
camlp4/examples/lambda_parser.ml
camlp4/examples/lambda_quot.ml
camlp4/examples/lambda_quot_expr.ml
camlp4/examples/lambda_quot_patt.ml
camlp4/examples/lambda_test.ml
camlp4/examples/macros.ml
camlp4/examples/parse_files.ml
camlp4/examples/syb_fold.ml
camlp4/examples/syb_map.ml
camlp4/examples/test.itarget
camlp4/examples/test_macros.ml
camlp4/examples/test_type_quotation.ml
camlp4/examples/type_quotation.ml
camlp4/import/.keepme
camlp4/mkcamlp4.ml
camlp4/test/fixtures/assert.ml
camlp4/test/fixtures/backquoted_irrefutable_tuple.ml
camlp4/test/fixtures/backquoted_record.ml
camlp4/test/fixtures/backquoted_tuple.ml
camlp4/test/fixtures/big-tab1.ml
camlp4/test/fixtures/big-tab2.ml
camlp4/test/fixtures/big-tab3.ml
camlp4/test/fixtures/bug-4058.ml
camlp4/test/fixtures/bug-4337.ml
camlp4/test/fixtures/bug-by-vincent-balat.ml
camlp4/test/fixtures/bug-camlp4o-benjamin-monate.ml
camlp4/test/fixtures/bug-camlp4o-constr-arity-expr.ml
camlp4/test/fixtures/bug-camlp4o-constr-arity.ml
camlp4/test/fixtures/bug_escaping_quot.ml
camlp4/test/fixtures/chars.ml
camlp4/test/fixtures/class_expr_quot.ml
camlp4/test/fixtures/comments.ml
camlp4/test/fixtures/comments.mli
camlp4/test/fixtures/comments2.ml
camlp4/test/fixtures/constant-parser.ml
camlp4/test/fixtures/curry-constr.ml
camlp4/test/fixtures/default_quotation.ml
camlp4/test/fixtures/exception-with-eqn-bug.ml
camlp4/test/fixtures/external.ml
camlp4/test/fixtures/fun.ml
camlp4/test/fixtures/functor-perf.ml
camlp4/test/fixtures/functor-perf2.gen.ml
camlp4/test/fixtures/functor-perf2.ml
camlp4/test/fixtures/functor-perf3.ml
camlp4/test/fixtures/gen_map.ml
camlp4/test/fixtures/gram-fold.ml
camlp4/test/fixtures/gram-list.ml
camlp4/test/fixtures/gram-loc-lost.ml
camlp4/test/fixtures/gram-sub-rule.ml
camlp4/test/fixtures/gram-tree.ml
camlp4/test/fixtures/gram-tree2.ml
camlp4/test/fixtures/gram-tree3.ml
camlp4/test/fixtures/gram.ml
camlp4/test/fixtures/idents
camlp4/test/fixtures/idents1
camlp4/test/fixtures/idents2
camlp4/test/fixtures/if.ml
camlp4/test/fixtures/label.ml
camlp4/test/fixtures/lambda_free.ml
camlp4/test/fixtures/loc-bug.ml
camlp4/test/fixtures/macrotest.ml
camlp4/test/fixtures/macrotest.mli
camlp4/test/fixtures/macrotest2.ml
camlp4/test/fixtures/macrotest3.ml
camlp4/test/fixtures/make_extend.ml
camlp4/test/fixtures/match.ml
camlp4/test/fixtures/match_parser.ml
camlp4/test/fixtures/meta_multi_term.ml
camlp4/test/fixtures/metalib.ml
camlp4/test/fixtures/method_private_virtual.ml
camlp4/test/fixtures/mod.ml
camlp4/test/fixtures/mod2.ml
camlp4/test/fixtures/operators.ml
camlp4/test/fixtures/operators.mli
camlp4/test/fixtures/original_syntax.ml
camlp4/test/fixtures/outside-scope.ml
camlp4/test/fixtures/parser.ml
camlp4/test/fixtures/pp_let_in.ml
camlp4/test/fixtures/pp_let_in2.ml
camlp4/test/fixtures/pp_xml.ml
camlp4/test/fixtures/pprecordtyp.ml
camlp4/test/fixtures/pr4314.ml
camlp4/test/fixtures/pr4314gram1.ml
camlp4/test/fixtures/pr4314gram2.ml
camlp4/test/fixtures/pr4314gram3.ml
camlp4/test/fixtures/pr4314gram4.ml
camlp4/test/fixtures/pr4314gram5.ml
camlp4/test/fixtures/pr4329.ml
camlp4/test/fixtures/pr4330.ml
camlp4/test/fixtures/pr4357.ml
camlp4/test/fixtures/pr4357sample.ml
camlp4/test/fixtures/pr4357sample2.ml
camlp4/test/fixtures/pr4452.ml
camlp4/test/fixtures/private_row.ml
camlp4/test/fixtures/rec.ml
camlp4/test/fixtures/seq.ml
camlp4/test/fixtures/seq2.ml
camlp4/test/fixtures/simplify.ml
camlp4/test/fixtures/simplify_r.ml
camlp4/test/fixtures/stream-parser-bug.ml
camlp4/test/fixtures/string.ml
camlp4/test/fixtures/superfluous.ml
camlp4/test/fixtures/transform-examples.ml
camlp4/test/fixtures/try.ml
camlp4/test/fixtures/tuple_as_retval.ml
camlp4/test/fixtures/type.ml
camlp4/test/fixtures/type_decl.ml
camlp4/test/fixtures/unit.ml
camlp4/test/fixtures/use.ml
camlp4/test/fixtures/where.o.ml
camlp4/test/fixtures/where.r.ml
camlp4/unmaintained/Makefile
camlp4/unmaintained/compile/.depend
camlp4/unmaintained/compile/.ignore
camlp4/unmaintained/compile/Makefile
camlp4/unmaintained/compile/comp_head.ml
camlp4/unmaintained/compile/comp_trail.ml
camlp4/unmaintained/compile/compile.ml
camlp4/unmaintained/compile/compile.sh
camlp4/unmaintained/etc/.depend
camlp4/unmaintained/etc/.ignore
camlp4/unmaintained/etc/Makefile
camlp4/unmaintained/etc/pa_fstream.ml
camlp4/unmaintained/etc/pa_ifdef.ml
camlp4/unmaintained/etc/pa_oop.ml
camlp4/unmaintained/etc/pa_ru.ml
camlp4/unmaintained/etc/parserify.ml
camlp4/unmaintained/etc/parserify.mli
camlp4/unmaintained/etc/pr_depend.ml
camlp4/unmaintained/etc/pr_extend.ml
camlp4/unmaintained/etc/pr_extfun.ml
camlp4/unmaintained/etc/pr_null.ml
camlp4/unmaintained/etc/pr_op.ml
camlp4/unmaintained/etc/pr_op_main.ml
camlp4/unmaintained/etc/pr_rp.ml
camlp4/unmaintained/etc/pr_rp_main.ml
camlp4/unmaintained/etc/q_phony.ml
camlp4/unmaintained/extfold/README
camlp4/unmaintained/extfold/pa_extfold.ml
camlp4/unmaintained/format/.depend
camlp4/unmaintained/format/Makefile
camlp4/unmaintained/format/README
camlp4/unmaintained/format/pa_format.ml
camlp4/unmaintained/lefteval/.depend
camlp4/unmaintained/lefteval/Makefile
camlp4/unmaintained/lefteval/README
camlp4/unmaintained/lefteval/pa_lefteval.ml
camlp4/unmaintained/lib/.cvsignore
camlp4/unmaintained/lib/.depend
camlp4/unmaintained/lib/Makefile
camlp4/unmaintained/lib/extfun.ml
camlp4/unmaintained/lib/extfun.mli
camlp4/unmaintained/lib/fstream.ml
camlp4/unmaintained/lib/fstream.mli
camlp4/unmaintained/ocamllex/Makefile
camlp4/unmaintained/ocamllex/README
camlp4/unmaintained/ocamllex/pa_ocamllex.ml
camlp4/unmaintained/ocpp/.depend
camlp4/unmaintained/ocpp/.ignore
camlp4/unmaintained/ocpp/Makefile
camlp4/unmaintained/ocpp/ocpp.ml
camlp4/unmaintained/odyl/.depend
camlp4/unmaintained/odyl/.ignore
camlp4/unmaintained/odyl/Makefile
camlp4/unmaintained/odyl/odyl.ml
camlp4/unmaintained/odyl/odyl_main.mli
camlp4/unmaintained/olabl/.depend
camlp4/unmaintained/olabl/Makefile
camlp4/unmaintained/olabl/README
camlp4/unmaintained/olabl/pa_olabl.ml
camlp4/unmaintained/scheme/.depend
camlp4/unmaintained/scheme/Makefile
camlp4/unmaintained/scheme/README
camlp4/unmaintained/scheme/pa_scheme.ml
camlp4/unmaintained/scheme/pa_scheme.sc
camlp4/unmaintained/scheme/pr_scheme.ml
camlp4/unmaintained/scheme/pr_schp_main.ml
camlp4/unmaintained/sml/.depend
camlp4/unmaintained/sml/Makefile
camlp4/unmaintained/sml/README
camlp4/unmaintained/sml/pa_sml.ml
camlp4/unmaintained/sml/smllib.sml
configure
myocamlbuild.ml
HEAD is now at 87c6a6b allow to specify LIBDIR, BINDIR and PKGDIR at configuration time

=-=-=-=-=-=-=-=-=-=-=-=-=-=-= Installing packages -=-=-=-=-=-=-=-=-=-=-=-=-=-=-=
Installing base-bytes.base.
Building camlp4.4.02.0:
  ./configure --bindir=/home/opam/.opam/4.02.0+trunk/bin --libdir=/home/opam/.opam/4.02.0+trunk/lib/ocaml --pkgdir=/home/opam/.opam/4.02.0+trunk/lib
  make all
  make install install-META
ocamlbuild -classic-display -no-ocamlfind `./build/camlp4-byte-only.sh`
+ echo camlp4/Camlp4.cmo camlp4/Camlp4Top.cmo camlp4/camlp4prof.byte camlp4/mkcamlp4.byte camlp4/camlp4.byte camlp4/camlp4fulllib.cma camlp4/camlp4boot.byte camlp4/camlp4boot.cma camlp4/camlp4r.byte camlp4/camlp4r.cma camlp4/camlp4rf.byte camlp4/camlp4rf.cma camlp4/camlp4o.byte camlp4/camlp4o.cma camlp4/camlp4of.byte camlp4/camlp4of.cma camlp4/camlp4oof.byte camlp4/camlp4oof.cma camlp4/camlp4orf.byte camlp4/camlp4orf.cma camlp4/Camlp4Parsers/Camlp4AstLoader.cmo camlp4/Camlp4Parsers/Camlp4DebugParser.cmo camlp4/Camlp4Parsers/Camlp4GrammarParser.cmo camlp4/Camlp4Parsers/Camlp4ListComprehension.cmo camlp4/Camlp4Parsers/Camlp4MacroParser.cmo camlp4/Camlp4Parsers/Camlp4OCamlOriginalQuotationExpander.cmo camlp4/Camlp4Parsers/Camlp4OCamlParser.cmo camlp4/Camlp4Parsers/Camlp4OCamlParserParser.cmo camlp4/Camlp4Parsers/Camlp4OCamlReloadedParser.cmo camlp4/Camlp4Parsers/Camlp4OCamlRevisedParser.cmo camlp4/Camlp4Parsers/Camlp4OCamlRevisedParserParser.cmo camlp4/Camlp4Parsers/Camlp4OCamlRevisedQuotationExpander.cmo camlp4/Camlp4Parsers/Camlp4QuotationCommon.cmo camlp4/Camlp4Parsers/Camlp4QuotationExpander.cmo camlp4/Camlp4Printers/Camlp4AstDumper.cmo camlp4/Camlp4Printers/Camlp4AutoPrinter.cmo camlp4/Camlp4Printers/Camlp4NullDumper.cmo camlp4/Camlp4Printers/Camlp4OCamlAstDumper.cmo camlp4/Camlp4Printers/Camlp4OCamlPrinter.cmo camlp4/Camlp4Printers/Camlp4OCamlRevisedPrinter.cmo camlp4/Camlp4Filters/Camlp4AstLifter.cmo camlp4/Camlp4Filters/Camlp4ExceptionTracer.cmo camlp4/Camlp4Filters/Camlp4FoldGenerator.cmo camlp4/Camlp4Filters/Camlp4LocationStripper.cmo camlp4/Camlp4Filters/Camlp4MapGenerator.cmo camlp4/Camlp4Filters/Camlp4MetaGenerator.cmo camlp4/Camlp4Filters/Camlp4Profiler.cmo camlp4/Camlp4Filters/Camlp4TrashRemover.cmo
Failure: TODO.
make: *** [byte] Error 2
Removing camlp4.4.02.0.
[ERROR] The compilation of camlp4.4.02.0 failed.
  ocamlfind remove camlp4
  rm -rf /home/opam/.opam/4.02.0+trunk/lib/ocaml/camlp4
  rm -f /home/opam/.opam/4.02.0+trunk/bin/camlp4 /home/opam/.opam/4.02.0+trunk/bin/camlp4boot /home/opam/.opam/4.02.0+trunk/bin/mkcamlp4 /home/opam/.opam/4.02.0+trunk/bin/camlp4r /home/opam/.opam/4.02.0+trunk/bin/camlp4rf /home/opam/.opam/4.02.0+trunk/bin/camlp4orf /home/opam/.opam/4.02.0+trunk/bin/camlp4o /home/opam/.opam/4.02.0+trunk/bin/camlp4of /home/opam/.opam/4.02.0+trunk/bin/camlp4oof /home/opam/.opam/4.02.0+trunk/bin/camlp4prof
ocamlfind: [WARNING] No such directory: /home/opam/.opam/4.02.0+trunk/lib/camlp4
Copying ~/.opam/repo/default/packages/camlzip/camlzip.1.05/files/fix-install.patch to ~/.opam/4.02.0+trunk/build/camlzip.1.05/
Applying fix-install.patch.
patching file META
patching file Makefile
Building camlzip.1.05:
  make all
  make allopt
  make install-findlib
ocamlc -g -c -ccopt -g -ccopt -I/usr/local/include zlibstubs.c
zlibstubs.c:18:18: fatal error: zlib.h: No such file or directory
 #include <zlib.h>
                  ^
compilation terminated.
make: *** [zlibstubs.o] Error 2
[ERROR] The compilation of camlzip.1.05 failed.
Removing camlzip.1.05.
  ocamlfind remove zip
  ocamlfind remove camlzip
ocamlfind: [WARNING] No such directory: /home/opam/.opam/4.02.0+trunk/lib/zip
ocamlfind: [WARNING] No such directory: /home/opam/.opam/4.02.0+trunk/lib/camlzip
Building cmdliner.0.9.5:
  ocaml pkg/git.ml
  ocaml pkg/build.ml native=true native-dynlink=true
File "pkg/topkg-ext.ml", line 42, characters 12-25:
Warning 3: deprecated: String.create
Failure: TODO.
[ERROR] The compilation of cmdliner.0.9.5 failed.
Removing cmdliner.0.9.5.
  Nothing to do.
Building dolog.0.5:
  ocaml setup.ml -configure --prefix /home/opam/.opam/4.02.0+trunk
  ocaml setup.ml -build
  ocaml setup.ml -install
File "setup.ml", line 234, characters 8-26:
Warning 3: deprecated: String.set
File "setup.ml", line 2387, characters 6-24:
Warning 3: deprecated: Lazy.lazy_from_fun

Configuration: 
ocamlfind: ........................................... /home/opam/.opam/4.02.0+trunk/bin/ocamlfind
ocamlc: .............................................. /home/opam/.opam/4.02.0+trunk/bin/ocamlc.opt
ocamlopt: ............................................ /home/opam/.opam/4.02.0+trunk/bin/ocamlopt.opt
ocamlbuild: .......................................... /home/opam/.opam/4.02.0+trunk/bin/ocamlbuild
Package name: ........................................ dolog
Package version: ..................................... 0.3
os_type: ............................................. Unix
system: .............................................. linux
architecture: ........................................ amd64
ccomp_type: .......................................... cc
ocaml_version: ....................................... 4.02.0
standard_library_default: ............................ /home/opam/.opam/4.02.0+trunk/lib/ocaml
standard_library: .................................... /home/opam/.opam/4.02.0+trunk/lib/ocaml
standard_runtime: .................................... /home/opam/.opam/4.02.0+trunk/bin/ocamlrun
bytecomp_c_compiler: ................................. gcc -fno-defer-pop -Wall -D_FILE_OFFSET_BITS=64 -D_REENTRANT -fPIC
native_c_compiler: ................................... gcc -Wall -D_FILE_OFFSET_BITS=64 -D_REENTRANT
model: ............................................... default
ext_obj: ............................................. .o
ext_asm: ............................................. .s
ext_lib: ............................................. .a
ext_dll: ............................................. .so
default_executable_name: ............................. a.out
systhread_supported: ................................. true
Install architecture-independent files dir: .......... /home/opam/.opam/4.02.0+trunk
Install architecture-dependent files in dir: ......... $prefix
User executables: .................................... $exec_prefix/bin
System admin executables: ............................ $exec_prefix/sbin
Program executables: ................................. $exec_prefix/libexec
Read-only single-machine data: ....................... $prefix/etc
Modifiable architecture-independent data: ............ $prefix/com
Modifiable single-machine data: ...................... $prefix/var
Object code libraries: ............................... $exec_prefix/lib
Read-only arch-independent data root: ................ $prefix/share
Read-only architecture-independent data: ............. $datarootdir
Info documentation: .................................. $datarootdir/info
Locale-dependent data: ............................... $datarootdir/locale
Man documentation: ................................... $datarootdir/man
Documentation root: .................................. $datarootdir/doc/$pkg_name
HTML documentation: .................................. $docdir
DVI documentation: ................................... $docdir
PDF documentation: ................................... $docdir
PS documentation: .................................... $docdir
findlib_version: ..................................... 1.5.2
is_native: ........................................... true
suffix_program: ...................................... 
Remove a file.: ...................................... rm -f
Remove a directory.: ................................. rm -rf
Turn ocaml debug flag on: ............................ true
Turn ocaml profile flag on: .......................... false
Compiler support generation of .cmxs.: ............... true
OCamlbuild additional flags: ......................... 
Create documentations: ............................... true
Compile tests executable and library and run them: ... false
pkg_unix: ............................................ /home/opam/.opam/4.02.0+trunk/lib/ocaml

File "setup.ml", line 234, characters 8-26:
Warning 3: deprecated: String.set
File "setup.ml", line 2387, characters 6-24:
Warning 3: deprecated: Lazy.lazy_from_fun
Failure: TODO.
E: Failure("Command ''/home/opam/.opam/4.02.0+trunk/bin/ocamlbuild' lib/dolog.cma lib/dolog.cmxa lib/dolog.a lib/dolog.cmxs lib_test/example.byte lib_test/test.byte -tag debug' terminated with error code 2")
Removing dolog.0.5.
[ERROR] The compilation of dolog.0.5 failed.
  ocamlfind remove dolog
ocamlfind: [WARNING] No such directory: /home/opam/.opam/4.02.0+trunk/lib/dolog
Copying ~/.opam/repo/default/packages/ocamlgraph/ocamlgraph.1.8.5/files/ocamlgraph.install to ~/.opam/4.02.0+trunk/build/ocamlgraph.1.8.5/
Building ocamlgraph.1.8.5:
  ./configure
  make
  make install-findlib
checking for ocamlc... ocamlc
ocaml version is 4.02.0+dev13-2014-08-18
ocaml library path is /home/opam/.opam/4.02.0+trunk/lib/ocaml
checking for ocamlopt... ocamlopt
checking ocamlopt version... ok
checking for ocamlc.opt... ocamlc.opt
checking ocamlc.opt version... ok
checking for ocamlopt.opt... ocamlopt.opt
checking ocamlc.opt version... ok
checking for ocamldep... ocamldep
checking for ocamllex... ocamllex
checking for ocamllex.opt... ocamllex.opt
checking for ocamlyacc... ocamlyacc
checking for ocamldoc... ocamldoc
checking for ocamldoc.opt... ocamldoc.opt
checking for ocamlweb... true
checking for ocamlfind... ocamlfind
OCamlfind detected and enabled
ocamlfind: Package `lablgtk2' not found
checking for /home/opam/.opam/4.02.0+trunk/lib/ocaml/lablgtk2/lablgtk.cmxa... no
checking Win32 platform... no
configure: WARNING: lablgnomecanvas not found: the graph editor and view_graph will not be compiled
configure: creating ./config.status
config.status: creating Makefile
sed -e s/VERSION/1.8.5/ -e s/CMA/graph.cma/ -e s/CMXA/graph.cmxa/ \
		META.in > META
ocamllex.opt src/gml.mll
26 states, 827 transitions, table size 3464 bytes
2623 additional bytes used for bindings
rm -f src/version.ml
echo "let version = \""1.8.5"\"" > src/version.ml
echo "let date = \""`date`"\"" >> src/version.ml
rm -f .depend
ocamldep -slash -I src -I lib -I editor -I view_graph -I dgraph\
		lib/*.ml lib/*.mli \
		src/*.ml src/*.mli \
		editor/*.mli editor/*.ml \
		view_graph/*.mli view_graph/*.ml \
		dgraph/*.mli dgraph/*.ml > .depend
ocamlc.opt -c -I src -I lib -g -dtypes src/sig.mli
ocamlc.opt -c -I src -I lib -g -dtypes src/sig_pack.mli
ocamlc.opt -c -I src -I lib -g -dtypes src/dot_ast.mli
ocamlc.opt -c -I src -I lib -g -dtypes lib/unionfind.mli
ocamlc.opt -c -I src -I lib -g -dtypes lib/unionfind.ml
ocamlc.opt -c -I src -I lib -g -dtypes lib/heap.mli
ocamlc.opt -c -I src -I lib -g -dtypes lib/heap.ml
File "lib/heap.ml", line 54, characters 13-25:
Warning 3: deprecated: Array.create
File "lib/heap.ml", line 61, characters 16-28:
Warning 3: deprecated: Array.create
ocamlc.opt -c -I src -I lib -g -dtypes lib/bitv.mli
ocamlc.opt -c -I src -I lib -g -dtypes lib/bitv.ml
File "lib/bitv.ml", line 51, characters 15-27:
Warning 3: deprecated: Array.create
File "lib/bitv.ml", line 68, characters 25-37:
Warning 3: deprecated: Array.create
File "lib/bitv.ml", line 71, characters 12-24:
Warning 3: deprecated: Array.create
File "lib/bitv.ml", line 368, characters 10-22:
Warning 3: deprecated: Array.create
File "lib/bitv.ml", line 380, characters 10-22:
Warning 3: deprecated: Array.create
File "lib/bitv.ml", line 392, characters 10-22:
Warning 3: deprecated: Array.create
File "lib/bitv.ml", line 401, characters 10-22:
Warning 3: deprecated: Array.create
File "lib/bitv.ml", line 464, characters 27-39:
Warning 3: deprecated: String.set
ocamlc.opt -c -I src -I lib -g -dtypes src/version.ml
ocamlc.opt -c -I src -I lib -g -dtypes src/util.mli
ocamlc.opt -c -I src -I lib -g -dtypes src/util.ml
ocamlc.opt -c -I src -I lib -g -dtypes src/blocks.ml
ocamlc.opt -c -I src -I lib -g -dtypes src/persistent.mli
ocamlc.opt -c -I src -I lib -g -dtypes src/persistent.ml
ocamlc.opt -c -I src -I lib -g -dtypes src/imperative.mli
ocamlc.opt -c -I src -I lib -g -dtypes src/imperative.ml
ocamlc.opt -c -I src -I lib -g -dtypes src/delaunay.mli
ocamlc.opt -c -I src -I lib -g -dtypes src/delaunay.ml
File "src/delaunay.ml", line 260, characters 19-31:
Warning 3: deprecated: Array.create
ocamlc.opt -c -I src -I lib -g -dtypes src/builder.mli
ocamlc.opt -c -I src -I lib -g -dtypes src/builder.ml
ocamlc.opt -c -I src -I lib -g -dtypes src/classic.mli
ocamlc.opt -c -I src -I lib -g -dtypes src/classic.ml
ocamlc.opt -c -I src -I lib -g -dtypes src/rand.mli
ocamlc.opt -c -I src -I lib -g -dtypes src/rand.ml
ocamlc.opt -c -I src -I lib -g -dtypes src/oper.mli
ocamlc.opt -c -I src -I lib -g -dtypes src/oper.ml
ocamlc.opt -c -I src -I lib -g -dtypes src/components.mli
ocamlc.opt -c -I src -I lib -g -dtypes src/components.ml
ocamlc.opt -c -I src -I lib -g -dtypes src/path.mli
ocamlc.opt -c -I src -I lib -g -dtypes src/path.ml
ocamlc.opt -c -I src -I lib -g -dtypes src/nonnegative.mli
ocamlc.opt -c -I src -I lib -g -dtypes src/nonnegative.ml
ocamlc.opt -c -I src -I lib -g -dtypes src/traverse.mli
ocamlc.opt -c -I src -I lib -g -dtypes src/traverse.ml
ocamlc.opt -c -I src -I lib -g -dtypes src/coloring.mli
ocamlc.opt -c -I src -I lib -g -dtypes src/coloring.ml
ocamlc.opt -c -I src -I lib -g -dtypes src/topological.mli
ocamlc.opt -c -I src -I lib -g -dtypes src/topological.ml
ocamlc.opt -c -I src -I lib -g -dtypes src/kruskal.mli
ocamlc.opt -c -I src -I lib -g -dtypes src/kruskal.ml
ocamlc.opt -c -I src -I lib -g -dtypes src/flow.mli
ocamlc.opt -c -I src -I lib -g -dtypes src/flow.ml
ocamlc.opt -c -I src -I lib -g -dtypes src/prim.mli
ocamlc.opt -c -I src -I lib -g -dtypes src/prim.ml
ocamlc.opt -c -I src -I lib -g -dtypes src/dominator.mli
ocamlc.opt -c -I src -I lib -g -dtypes src/dominator.ml
ocamlc.opt -c -I src -I lib -g -dtypes src/graphviz.mli
ocamlc.opt -c -I src -I lib -g -dtypes src/graphviz.ml
ocamlc.opt -c -I src -I lib -g -dtypes src/gml.mli
ocamlc.opt -c -I src -I lib -g -dtypes src/gml.ml
ocamlc.opt -c -I src -I lib -g -dtypes src/dot_parser.mli
ocamlc.opt -c -I src -I lib -g -dtypes src/dot_parser.ml
ocamlc.opt -c -I src -I lib -g -dtypes src/dot_lexer.ml
ocamlc.opt -c -I src -I lib -g -dtypes src/dot.mli
ocamlc.opt -c -I src -I lib -g -dtypes src/dot.ml
ocamlc.opt -c -I src -I lib -g -dtypes src/pack.mli
ocamlc.opt -c -I src -I lib -g -dtypes src/pack.ml
ocamlc.opt -c -I src -I lib -g -dtypes src/gmap.mli
ocamlc.opt -c -I src -I lib -g -dtypes src/gmap.ml
ocamlc.opt -c -I src -I lib -g -dtypes src/minsep.mli
ocamlc.opt -c -I src -I lib -g -dtypes src/minsep.ml
ocamlc.opt -c -I src -I lib -g -dtypes src/cliquetree.mli
ocamlc.opt -c -I src -I lib -g -dtypes src/cliquetree.ml
ocamlc.opt -c -I src -I lib -g -dtypes src/mcs_m.mli
ocamlc.opt -c -I src -I lib -g -dtypes src/mcs_m.ml
ocamlc.opt -c -I src -I lib -g -dtypes src/md.mli
ocamlc.opt -c -I src -I lib -g -dtypes src/md.ml
ocamlc.opt -c -I src -I lib -g -dtypes src/strat.mli
ocamlc.opt -c -I src -I lib -g -dtypes src/strat.ml
ocamlc.opt -c -I src -I lib -g -dtypes src/fixpoint.mli
ocamlc.opt -c -I src -I lib -g -dtypes src/fixpoint.ml
ocamlc.opt -c -I src -I lib -g -dtypes src/leaderlist.mli
ocamlc.opt -c -I src -I lib -g -dtypes src/leaderlist.ml
ocamlc.opt -c -I src -I lib -g -dtypes src/contraction.mli
ocamlc.opt -c -I src -I lib -g -dtypes src/contraction.ml
ocamlc.opt -c -I src -I lib -g -dtypes src/graphml.mli
ocamlc.opt -c -I src -I lib -g -dtypes src/graphml.ml
ocamlc.opt -c -I src -I lib -g -dtypes src/merge.mli
ocamlc.opt -c -I src -I lib -g -dtypes src/merge.ml
ocamlc.opt -I src -I lib -pack -g -o graph.cmo src/sig.cmi src/sig_pack.cmi src/dot_ast.cmi lib/unionfind.cmo lib/heap.cmo lib/bitv.cmo src/version.cmo src/util.cmo src/blocks.cmo src/persistent.cmo src/imperative.cmo src/delaunay.cmo src/builder.cmo src/classic.cmo src/rand.cmo src/oper.cmo src/components.cmo src/path.cmo src/nonnegative.cmo src/traverse.cmo src/coloring.cmo src/topological.cmo src/kruskal.cmo src/flow.cmo src/prim.cmo src/dominator.cmo src/graphviz.cmo src/gml.cmo src/dot_parser.cmo src/dot_lexer.cmo src/dot.cmo src/pack.cmo src/gmap.cmo src/minsep.cmo src/cliquetree.cmo src/mcs_m.cmo src/md.cmo src/strat.cmo src/fixpoint.cmo src/leaderlist.cmo src/contraction.cmo src/graphml.cmo src/merge.cmo
ocamlc.opt -I src -I lib -a -g -o graph.cma graph.cmo
ocamlopt.opt -c -I src -I lib -for-pack Graph lib/unionfind.ml
ocamlopt.opt -c -I src -I lib -for-pack Graph lib/heap.ml
File "lib/heap.ml", line 54, characters 13-25:
Warning 3: deprecated: Array.create
File "lib/heap.ml", line 61, characters 16-28:
Warning 3: deprecated: Array.create
ocamlopt.opt -c -I src -I lib -for-pack Graph lib/bitv.ml
File "lib/bitv.ml", line 51, characters 15-27:
Warning 3: deprecated: Array.create
File "lib/bitv.ml", line 68, characters 25-37:
Warning 3: deprecated: Array.create
File "lib/bitv.ml", line 71, characters 12-24:
Warning 3: deprecated: Array.create
File "lib/bitv.ml", line 368, characters 10-22:
Warning 3: deprecated: Array.create
File "lib/bitv.ml", line 380, characters 10-22:
Warning 3: deprecated: Array.create
File "lib/bitv.ml", line 392, characters 10-22:
Warning 3: deprecated: Array.create
File "lib/bitv.ml", line 401, characters 10-22:
Warning 3: deprecated: Array.create
File "lib/bitv.ml", line 464, characters 27-39:
Warning 3: deprecated: String.set
ocamlopt.opt -c -I src -I lib -for-pack Graph src/version.ml
ocamlopt.opt -c -I src -I lib -for-pack Graph src/util.ml
ocamlopt.opt -c -I src -I lib -for-pack Graph src/blocks.ml
ocamlopt.opt -c -I src -I lib -for-pack Graph src/persistent.ml
ocamlopt.opt -c -I src -I lib -for-pack Graph src/imperative.ml
ocamlopt.opt -c -I src -I lib -for-pack Graph src/delaunay.ml
File "src/delaunay.ml", line 260, characters 19-31:
Warning 3: deprecated: Array.create
ocamlopt.opt -c -I src -I lib -for-pack Graph src/builder.ml
ocamlopt.opt -c -I src -I lib -for-pack Graph src/classic.ml
ocamlopt.opt -c -I src -I lib -for-pack Graph src/rand.ml
ocamlopt.opt -c -I src -I lib -for-pack Graph src/oper.ml
ocamlopt.opt -c -I src -I lib -for-pack Graph src/components.ml
ocamlopt.opt -c -I src -I lib -for-pack Graph src/path.ml
ocamlopt.opt -c -I src -I lib -for-pack Graph src/nonnegative.ml
ocamlopt.opt -c -I src -I lib -for-pack Graph src/traverse.ml
ocamlopt.opt -c -I src -I lib -for-pack Graph src/coloring.ml
ocamlopt.opt -c -I src -I lib -for-pack Graph src/topological.ml
ocamlopt.opt -c -I src -I lib -for-pack Graph src/kruskal.ml
ocamlopt.opt -c -I src -I lib -for-pack Graph src/flow.ml
ocamlopt.opt -c -I src -I lib -for-pack Graph src/prim.ml
ocamlopt.opt -c -I src -I lib -for-pack Graph src/dominator.ml
ocamlopt.opt -c -I src -I lib -for-pack Graph src/graphviz.ml
ocamlopt.opt -c -I src -I lib -for-pack Graph src/gml.ml
ocamlopt.opt -c -I src -I lib -for-pack Graph src/dot_parser.ml
ocamlopt.opt -c -I src -I lib -for-pack Graph src/dot_lexer.ml
ocamlopt.opt -c -I src -I lib -for-pack Graph src/dot.ml
ocamlopt.opt -c -I src -I lib -for-pack Graph src/pack.ml
ocamlopt.opt -c -I src -I lib -for-pack Graph src/gmap.ml
ocamlopt.opt -c -I src -I lib -for-pack Graph src/minsep.ml
ocamlopt.opt -c -I src -I lib -for-pack Graph src/cliquetree.ml
ocamlopt.opt -c -I src -I lib -for-pack Graph src/mcs_m.ml
ocamlopt.opt -c -I src -I lib -for-pack Graph src/md.ml
ocamlopt.opt -c -I src -I lib -for-pack Graph src/strat.ml
ocamlopt.opt -c -I src -I lib -for-pack Graph src/fixpoint.ml
ocamlopt.opt -c -I src -I lib -for-pack Graph src/leaderlist.ml
ocamlopt.opt -c -I src -I lib -for-pack Graph src/contraction.ml
ocamlopt.opt -c -I src -I lib -for-pack Graph src/graphml.ml
ocamlopt.opt -c -I src -I lib -for-pack Graph src/merge.ml
ocamlopt.opt -I src -I lib -pack -o graph.cmx src/sig.cmi src/sig_pack.cmi src/dot_ast.cmi lib/unionfind.cmx lib/heap.cmx lib/bitv.cmx src/version.cmx src/util.cmx src/blocks.cmx src/persistent.cmx src/imperative.cmx src/delaunay.cmx src/builder.cmx src/classic.cmx src/rand.cmx src/oper.cmx src/components.cmx src/path.cmx src/nonnegative.cmx src/traverse.cmx src/coloring.cmx src/topological.cmx src/kruskal.cmx src/flow.cmx src/prim.cmx src/dominator.cmx src/graphviz.cmx src/gml.cmx src/dot_parser.cmx src/dot_lexer.cmx src/dot.cmx src/pack.cmx src/gmap.cmx src/minsep.cmx src/cliquetree.cmx src/mcs_m.cmx src/md.cmx src/strat.cmx src/fixpoint.cmx src/leaderlist.cmx src/contraction.cmx src/graphml.cmx src/merge.cmx
ocamlopt.opt -I src -I lib -a -o graph.cmxa graph.cmx
ocamlopt.opt -I src -I lib -shared -o graph.cmxs graph.cmx
ocamlfind install ocamlgraph META \
		src/*.mli view_graph/*.mli dgraph/*.mli \
		graph.a graph.cmx graph.cmo graph.cmi graph.cma graph.cmxa
Installed /home/opam/.opam/4.02.0+trunk/lib/ocamlgraph/graph.cmxa
Installed /home/opam/.opam/4.02.0+trunk/lib/ocamlgraph/graph.cma
Installed /home/opam/.opam/4.02.0+trunk/lib/ocamlgraph/graph.cmi
Installed /home/opam/.opam/4.02.0+trunk/lib/ocamlgraph/graph.cmo
Installed /home/opam/.opam/4.02.0+trunk/lib/ocamlgraph/graph.cmx
Installed /home/opam/.opam/4.02.0+trunk/lib/ocamlgraph/graph.a
Installed /home/opam/.opam/4.02.0+trunk/lib/ocamlgraph/xDotDraw.mli
Installed /home/opam/.opam/4.02.0+trunk/lib/ocamlgraph/xDot.mli
Installed /home/opam/.opam/4.02.0+trunk/lib/ocamlgraph/dGraphViewItem.mli
Installed /home/opam/.opam/4.02.0+trunk/lib/ocamlgraph/dGraphView.mli
Installed /home/opam/.opam/4.02.0+trunk/lib/ocamlgraph/dGraphTreeModel.mli
Installed /home/opam/.opam/4.02.0+trunk/lib/ocamlgraph/dGraphTreeLayout.mli
Installed /home/opam/.opam/4.02.0+trunk/lib/ocamlgraph/dGraphSubTree.mli
Installed /home/opam/.opam/4.02.0+trunk/lib/ocamlgraph/dGraphRandModel.mli
Installed /home/opam/.opam/4.02.0+trunk/lib/ocamlgraph/dGraphModel.mli
Installed /home/opam/.opam/4.02.0+trunk/lib/ocamlgraph/dGraphContainer.mli
Installed /home/opam/.opam/4.02.0+trunk/lib/ocamlgraph/viewGraph_utils.mli
Installed /home/opam/.opam/4.02.0+trunk/lib/ocamlgraph/viewGraph_select.mli
Installed /home/opam/.opam/4.02.0+trunk/lib/ocamlgraph/viewGraph_core.mli
Installed /home/opam/.opam/4.02.0+trunk/lib/ocamlgraph/util.mli
Installed /home/opam/.opam/4.02.0+trunk/lib/ocamlgraph/traverse.mli
Installed /home/opam/.opam/4.02.0+trunk/lib/ocamlgraph/topological.mli
Installed /home/opam/.opam/4.02.0+trunk/lib/ocamlgraph/strat.mli
Installed /home/opam/.opam/4.02.0+trunk/lib/ocamlgraph/sig_pack.mli
Installed /home/opam/.opam/4.02.0+trunk/lib/ocamlgraph/sig.mli
Installed /home/opam/.opam/4.02.0+trunk/lib/ocamlgraph/rand.mli
Installed /home/opam/.opam/4.02.0+trunk/lib/ocamlgraph/prim.mli
Installed /home/opam/.opam/4.02.0+trunk/lib/ocamlgraph/persistent.mli
Installed /home/opam/.opam/4.02.0+trunk/lib/ocamlgraph/path.mli
Installed /home/opam/.opam/4.02.0+trunk/lib/ocamlgraph/pack.mli
Installed /home/opam/.opam/4.02.0+trunk/lib/ocamlgraph/oper.mli
Installed /home/opam/.opam/4.02.0+trunk/lib/ocamlgraph/nonnegative.mli
Installed /home/opam/.opam/4.02.0+trunk/lib/ocamlgraph/minsep.mli
Installed /home/opam/.opam/4.02.0+trunk/lib/ocamlgraph/merge.mli
Installed /home/opam/.opam/4.02.0+trunk/lib/ocamlgraph/md.mli
Installed /home/opam/.opam/4.02.0+trunk/lib/ocamlgraph/mcs_m.mli
Installed /home/opam/.opam/4.02.0+trunk/lib/ocamlgraph/leaderlist.mli
Installed /home/opam/.opam/4.02.0+trunk/lib/ocamlgraph/kruskal.mli
Installed /home/opam/.opam/4.02.0+trunk/lib/ocamlgraph/imperative.mli
Installed /home/opam/.opam/4.02.0+trunk/lib/ocamlgraph/graphviz.mli
Installed /home/opam/.opam/4.02.0+trunk/lib/ocamlgraph/graphml.mli
Installed /home/opam/.opam/4.02.0+trunk/lib/ocamlgraph/gml.mli
Installed /home/opam/.opam/4.02.0+trunk/lib/ocamlgraph/gmap.mli
Installed /home/opam/.opam/4.02.0+trunk/lib/ocamlgraph/flow.mli
Installed /home/opam/.opam/4.02.0+trunk/lib/ocamlgraph/fixpoint.mli
Installed /home/opam/.opam/4.02.0+trunk/lib/ocamlgraph/dot_parser.mli
Installed /home/opam/.opam/4.02.0+trunk/lib/ocamlgraph/dot_ast.mli
Installed /home/opam/.opam/4.02.0+trunk/lib/ocamlgraph/dot.mli
Installed /home/opam/.opam/4.02.0+trunk/lib/ocamlgraph/dominator.mli
Installed /home/opam/.opam/4.02.0+trunk/lib/ocamlgraph/delaunay.mli
Installed /home/opam/.opam/4.02.0+trunk/lib/ocamlgraph/contraction.mli
Installed /home/opam/.opam/4.02.0+trunk/lib/ocamlgraph/components.mli
Installed /home/opam/.opam/4.02.0+trunk/lib/ocamlgraph/coloring.mli
Installed /home/opam/.opam/4.02.0+trunk/lib/ocamlgraph/cliquetree.mli
Installed /home/opam/.opam/4.02.0+trunk/lib/ocamlgraph/classic.mli
Installed /home/opam/.opam/4.02.0+trunk/lib/ocamlgraph/builder.mli
Installed /home/opam/.opam/4.02.0+trunk/lib/ocamlgraph/META
Installing ocamlgraph.1.8.5.
Building ounit.2.0.0:
  make build
  make install
ocaml setup.ml -configure 
File "/home/gildor/programmation/oasis/src/oasis/OASISString.ml", line 118, characters 8-26:
Warning 3: deprecated: String.set
File "/home/gildor/programmation/oasis/src/oasis/OASISFindlib.ml", line 256, characters 6-24:
Warning 3: deprecated: Lazy.lazy_from_fun

Configuration: 
ocamlfind: ........................................... /home/opam/.opam/4.02.0+trunk/bin/ocamlfind
ocamlc: .............................................. /home/opam/.opam/4.02.0+trunk/bin/ocamlc.opt
ocamlopt: ............................................ /home/opam/.opam/4.02.0+trunk/bin/ocamlopt.opt
ocamlbuild: .......................................... /home/opam/.opam/4.02.0+trunk/bin/ocamlbuild
Package name: ........................................ ounit
Package version: ..................................... 2.0.0
os_type: ............................................. Unix
system: .............................................. linux
architecture: ........................................ amd64
ccomp_type: .......................................... cc
ocaml_version: ....................................... 4.02.0
standard_library_default: ............................ /home/opam/.opam/4.02.0+trunk/lib/ocaml
standard_library: .................................... /home/opam/.opam/4.02.0+trunk/lib/ocaml
standard_runtime: .................................... /home/opam/.opam/4.02.0+trunk/bin/ocamlrun
bytecomp_c_compiler: ................................. gcc -fno-defer-pop -Wall -D_FILE_OFFSET_BITS=64 -D_REENTRANT -fPIC
native_c_compiler: ................................... gcc -Wall -D_FILE_OFFSET_BITS=64 -D_REENTRANT
model: ............................................... default
ext_obj: ............................................. .o
ext_asm: ............................................. .s
ext_lib: ............................................. .a
ext_dll: ............................................. .so
default_executable_name: ............................. a.out
systhread_supported: ................................. true
Install architecture-independent files dir: .......... /usr/local
Install architecture-dependent files in dir: ......... $prefix
User executables: .................................... $exec_prefix/bin
System admin executables: ............................ $exec_prefix/sbin
Program executables: ................................. $exec_prefix/libexec
Read-only single-machine data: ....................... $prefix/etc
Modifiable architecture-independent data: ............ $prefix/com
Modifiable single-machine data: ...................... $prefix/var
Object code libraries: ............................... $exec_prefix/lib
Read-only arch-independent data root: ................ $prefix/share
Read-only architecture-independent data: ............. $datarootdir
Info documentation: .................................. $datarootdir/info
Locale-dependent data: ............................... $datarootdir/locale
Man documentation: ................................... $datarootdir/man
Documentation root: .................................. $datarootdir/doc/$pkg_name
HTML documentation: .................................. $docdir
DVI documentation: ................................... $docdir
PDF documentation: ................................... $docdir
PS documentation: .................................... $docdir
findlib_version: ..................................... 1.5.2
is_native: ........................................... true
suffix_program: ...................................... 
Remove a file.: ...................................... rm -f
Remove a directory.: ................................. rm -rf
Turn ocaml debug flag on: ............................ true
Turn ocaml profile flag on: .......................... false
Compiler support generation of .cmxs.: ............... true
OCamlbuild additional flags: ......................... 
Create documentations: ............................... true
Compile tests executable and library and run them: ... false
pkg_unix: ............................................ /home/opam/.opam/4.02.0+trunk/lib/ocaml
pkg_threads: ......................................... /home/opam/.opam/4.02.0+trunk/lib/ocaml
ocamldoc: ............................................ /home/opam/.opam/4.02.0+trunk/bin/ocamldoc

ocaml setup.ml -build 
File "/home/gildor/programmation/oasis/src/oasis/OASISString.ml", line 118, characters 8-26:
Warning 3: deprecated: String.set
File "/home/gildor/programmation/oasis/src/oasis/OASISFindlib.ml", line 256, characters 6-24:
Warning 3: deprecated: Lazy.lazy_from_fun
W: Cannot find source file matching module 'OUnitLoggerHTMLData' in library oUnitAdvanced
W: Cannot find source file matching module 'OUnitLoggerHTMLData' in library oUnitAdvanced
Failure: TODO.
E: Failure("Command ''/home/opam/.opam/4.02.0+trunk/bin/ocamlbuild' src/oUnitAdvanced.cma src/oUnitAdvanced.cmxa src/oUnitAdvanced.a src/oUnitAdvanced.cmxs src/oUnit.cma src/oUnit.cmxa src/oUnit.a src/oUnit.cmxs src/oUnitThreads.cma src/oUnitThreads.cmxa src/oUnitThreads.a src/oUnitThreads.cmxs -tag debug' terminated with error code 2")
make: *** [build] Error 1
Removing ounit.2.0.0.
[ERROR] The compilation of ounit.2.0.0 failed.
  ocamlfind remove oUnit
ocamlfind: [WARNING] No such directory: /home/opam/.opam/4.02.0+trunk/lib/oUnit
Building re.1.2.2:
  ocaml setup.ml -configure --prefix /home/opam/.opam/4.02.0+trunk
  ocaml setup.ml -build
  ocaml setup.ml -install
File "setup.ml", line 247, characters 8-26:
Warning 3: deprecated: String.set
File "setup.ml", line 2502, characters 6-24:
Warning 3: deprecated: Lazy.lazy_from_fun

Configuration: 
ocamlfind: ........................................... /home/opam/.opam/4.02.0+trunk/bin/ocamlfind
ocamlc: .............................................. /home/opam/.opam/4.02.0+trunk/bin/ocamlc.opt
ocamlopt: ............................................ /home/opam/.opam/4.02.0+trunk/bin/ocamlopt.opt
ocamlbuild: .......................................... /home/opam/.opam/4.02.0+trunk/bin/ocamlbuild
Package name: ........................................ re
Package version: ..................................... 1.2.1
os_type: ............................................. Unix
system: .............................................. linux
architecture: ........................................ amd64
ccomp_type: .......................................... cc
ocaml_version: ....................................... 4.02.0
standard_library_default: ............................ /home/opam/.opam/4.02.0+trunk/lib/ocaml
standard_library: .................................... /home/opam/.opam/4.02.0+trunk/lib/ocaml
standard_runtime: .................................... /home/opam/.opam/4.02.0+trunk/bin/ocamlrun
bytecomp_c_compiler: ................................. gcc -fno-defer-pop -Wall -D_FILE_OFFSET_BITS=64 -D_REENTRANT -fPIC
native_c_compiler: ................................... gcc -Wall -D_FILE_OFFSET_BITS=64 -D_REENTRANT
model: ............................................... default
ext_obj: ............................................. .o
ext_asm: ............................................. .s
ext_lib: ............................................. .a
ext_dll: ............................................. .so
default_executable_name: ............................. a.out
systhread_supported: ................................. true
Install architecture-independent files dir: .......... /home/opam/.opam/4.02.0+trunk
Install architecture-dependent files in dir: ......... $prefix
User executables: .................................... $exec_prefix/bin
System admin executables: ............................ $exec_prefix/sbin
Program executables: ................................. $exec_prefix/libexec
Read-only single-machine data: ....................... $prefix/etc
Modifiable architecture-independent data: ............ $prefix/com
Modifiable single-machine data: ...................... $prefix/var
Object code libraries: ............................... $exec_prefix/lib
Read-only arch-independent data root: ................ $prefix/share
Read-only architecture-independent data: ............. $datarootdir
Info documentation: .................................. $datarootdir/info
Locale-dependent data: ............................... $datarootdir/locale
Man documentation: ................................... $datarootdir/man
Documentation root: .................................. $datarootdir/doc/$pkg_name
HTML documentation: .................................. $docdir
DVI documentation: ................................... $docdir
PDF documentation: ................................... $docdir
PS documentation: .................................... $docdir
findlib_version: ..................................... 1.5.2
is_native: ........................................... true
suffix_program: ...................................... 
Remove a file.: ...................................... rm -f
Remove a directory.: ................................. rm -rf
Turn ocaml debug flag on: ............................ true
Turn ocaml profile flag on: .......................... false
Compiler support generation of .cmxs.: ............... true
OCamlbuild additional flags: ......................... 
Create documentations: ............................... true
Compile tests executable and library and run them: ... false
ocamldoc: ............................................ /home/opam/.opam/4.02.0+trunk/bin/ocamldoc

File "setup.ml", line 247, characters 8-26:
Warning 3: deprecated: String.set
File "setup.ml", line 2502, characters 6-24:
Warning 3: deprecated: Lazy.lazy_from_fun
Failure: TODO.
E: Failure("Command ''/home/opam/.opam/4.02.0+trunk/bin/ocamlbuild' lib/re.cma lib/re.cmxa lib/re.a lib/re.cmxs lib/re_emacs.cma lib/re_emacs.cmxa lib/re_emacs.a lib/re_emacs.cmxs lib/re_str.cma lib/re_str.cmxa lib/re_str.a lib/re_str.cmxs lib/re_posix.cma lib/re_posix.cmxa lib/re_posix.a lib/re_posix.cmxs lib/re_glob.cma lib/re_glob.cmxa lib/re_glob.a lib/re_glob.cmxs lib/re_perl.cma lib/re_perl.cmxa lib/re_perl.a lib/re_perl.cmxs lib/re_pcre.cma lib/re_pcre.cmxa lib/re_pcre.a lib/re_pcre.cmxs -tag debug' terminated with error code 2")
[ERROR] The compilation of re.1.2.2 failed.
Removing re.1.2.2.
  ocamlfind remove re
ocamlfind: [WARNING] No such directory: /home/opam/.opam/4.02.0+trunk/lib/re
Copying ~/.opam/repo/default/packages/sha/sha.1.9/files/freebsd.patch to ~/.opam/4.02.0+trunk/build/sha.1.9/
Applying freebsd.patch.
patching file bitfn.h
Building sha.1.9:
  make
  make install
ocamlc -c -o sha1.cmi sha1.mli
ocamlc -ccopt "-Wall -O3 -funroll-loops -I/usr/include" -c -o sha1.o sha1.c
mv sha1.o sha1.lib.o
ocamlc -ccopt "-Wall -O3 -funroll-loops -I/usr/include" -c -o sha1_stubs.o sha1_stubs.c
sha1_stubs.c: In function 'stub_sha1_file':
sha1_stubs.c:118:2: warning: implicit declaration of function 'strcpy' [-Wimplicit-function-declaration]
  char *name_dup = strdupa(String_val(name));
  ^
sha1_stubs.c:110:20: warning: incompatible implicit declaration of built-in function 'strcpy' [enabled by default]
 #define strdupa(s) strcpy(alloca(strlen(s)+1),s)
                    ^
sha1_stubs.c:118:19: note: in expansion of macro 'strdupa'
  char *name_dup = strdupa(String_val(name));
                   ^
sha1_stubs.c:118:2: warning: implicit declaration of function 'strlen' [-Wimplicit-function-declaration]
  char *name_dup = strdupa(String_val(name));
  ^
In file included from /usr/include/stdlib.h:492:0,
                 from /home/opam/.opam/4.02.0+trunk/lib/ocaml/caml/misc.h:27,
                 from /home/opam/.opam/4.02.0+trunk/lib/ocaml/caml/mlvalues.h:21,
                 from sha1_stubs.c:42:
sha1_stubs.c:110:34: warning: incompatible implicit declaration of built-in function 'strlen' [enabled by default]
 #define strdupa(s) strcpy(alloca(strlen(s)+1),s)
                                  ^
sha1_stubs.c:118:19: note: in expansion of macro 'strdupa'
  char *name_dup = strdupa(String_val(name));
                   ^
sha1_stubs.c:128:2: warning: implicit declaration of function 'memcpy' [-Wimplicit-function-declaration]
  memcpy((sha1_digest *)result, &digest, sizeof(sha1_digest));
  ^
sha1_stubs.c:128:2: warning: incompatible implicit declaration of built-in function 'memcpy' [enabled by default]
ocamlc -c -o sha1.cmo sha1.ml
File "sha1.ml", line 61, characters 11-24:
Warning 3: deprecated: String.create
ocamlmklib -o sha1 sha1.lib.o sha1_stubs.o sha1.cmo
ocamlopt  -c -o sha1.cmx sha1.ml
File "sha1.ml", line 61, characters 11-24:
Warning 3: deprecated: String.create
ocamlmklib -o sha1 sha1.lib.o sha1_stubs.o sha1.cmx
ocamlc -c -o sha256.cmi sha256.mli
ocamlc -ccopt "-Wall -O3 -funroll-loops -I/usr/include" -c -o sha256.o sha256.c
mv sha256.o sha256.lib.o
ocamlc -ccopt "-Wall -O3 -funroll-loops -I/usr/include" -c -o sha256_stubs.o sha256_stubs.c
sha256_stubs.c: In function 'stub_sha256_file':
sha256_stubs.c:116:2: warning: implicit declaration of function 'strcpy' [-Wimplicit-function-declaration]
  char *name_dup = strdupa(String_val(name));
  ^
sha256_stubs.c:108:20: warning: incompatible implicit declaration of built-in function 'strcpy' [enabled by default]
 #define strdupa(s) strcpy(alloca(strlen(s)+1),s)
                    ^
sha256_stubs.c:116:19: note: in expansion of macro 'strdupa'
  char *name_dup = strdupa(String_val(name));
                   ^
sha256_stubs.c:116:2: warning: implicit declaration of function 'strlen' [-Wimplicit-function-declaration]
  char *name_dup = strdupa(String_val(name));
  ^
In file included from /usr/include/stdlib.h:492:0,
                 from /home/opam/.opam/4.02.0+trunk/lib/ocaml/caml/misc.h:27,
                 from /home/opam/.opam/4.02.0+trunk/lib/ocaml/caml/mlvalues.h:21,
                 from sha256_stubs.c:42:
sha256_stubs.c:108:34: warning: incompatible implicit declaration of built-in function 'strlen' [enabled by default]
 #define strdupa(s) strcpy(alloca(strlen(s)+1),s)
                                  ^
sha256_stubs.c:116:19: note: in expansion of macro 'strdupa'
  char *name_dup = strdupa(String_val(name));
                   ^
sha256_stubs.c:126:2: warning: implicit declaration of function 'memcpy' [-Wimplicit-function-declaration]
  memcpy((sha256_digest *)result, &digest, sizeof(sha256_digest));
  ^
sha256_stubs.c:126:2: warning: incompatible implicit declaration of built-in function 'memcpy' [enabled by default]
ocamlc -c -o sha256.cmo sha256.ml
File "sha256.ml", line 62, characters 11-24:
Warning 3: deprecated: String.create
ocamlmklib -o sha256 sha256.lib.o sha256_stubs.o sha256.cmo
ocamlopt  -c -o sha256.cmx sha256.ml
File "sha256.ml", line 62, characters 11-24:
Warning 3: deprecated: String.create
ocamlmklib -o sha256 sha256.lib.o sha256_stubs.o sha256.cmx
ocamlc -c -o sha512.cmi sha512.mli
ocamlc -ccopt "-Wall -O3 -funroll-loops -I/usr/include" -c -o sha512.o sha512.c
mv sha512.o sha512.lib.o
ocamlc -ccopt "-Wall -O3 -funroll-loops -I/usr/include" -c -o sha512_stubs.o sha512_stubs.c
sha512_stubs.c: In function 'stub_sha512_file':
sha512_stubs.c:116:2: warning: implicit declaration of function 'strcpy' [-Wimplicit-function-declaration]
  char *name_dup = strdupa(String_val(name));
  ^
sha512_stubs.c:108:20: warning: incompatible implicit declaration of built-in function 'strcpy' [enabled by default]
 #define strdupa(s) strcpy(alloca(strlen(s)+1),s)
                    ^
sha512_stubs.c:116:19: note: in expansion of macro 'strdupa'
  char *name_dup = strdupa(String_val(name));
                   ^
sha512_stubs.c:116:2: warning: implicit declaration of function 'strlen' [-Wimplicit-function-declaration]
  char *name_dup = strdupa(String_val(name));
  ^
In file included from /usr/include/stdlib.h:492:0,
                 from /home/opam/.opam/4.02.0+trunk/lib/ocaml/caml/misc.h:27,
                 from /home/opam/.opam/4.02.0+trunk/lib/ocaml/caml/mlvalues.h:21,
                 from sha512_stubs.c:42:
sha512_stubs.c:108:34: warning: incompatible implicit declaration of built-in function 'strlen' [enabled by default]
 #define strdupa(s) strcpy(alloca(strlen(s)+1),s)
                                  ^
sha512_stubs.c:116:19: note: in expansion of macro 'strdupa'
  char *name_dup = strdupa(String_val(name));
                   ^
sha512_stubs.c:126:2: warning: implicit declaration of function 'memcpy' [-Wimplicit-function-declaration]
  memcpy((sha512_digest *)result, &digest, sizeof(sha512_digest));
  ^
sha512_stubs.c:126:2: warning: incompatible implicit declaration of built-in function 'memcpy' [enabled by default]
ocamlc -c -o sha512.cmo sha512.ml
File "sha512.ml", line 60, characters 11-24:
Warning 3: deprecated: String.create
ocamlmklib -o sha512 sha512.lib.o sha512_stubs.o sha512.cmo
ocamlopt  -c -o sha512.cmx sha512.ml
File "sha512.ml", line 60, characters 11-24:
Warning 3: deprecated: String.create
ocamlmklib -o sha512 sha512.lib.o sha512_stubs.o sha512.cmx
ocamlmklib -o sha  sha1.lib.o sha1_stubs.o sha1.cmo  sha256.lib.o sha256_stubs.o sha256.cmo  sha512.lib.o sha512_stubs.o sha512.cmo
ocamlmklib -o sha  sha1.lib.o sha1_stubs.o sha1.cmx  sha256.lib.o sha256_stubs.o sha256.cmx  sha512.lib.o sha512_stubs.o sha512.cmx
rm sha1.o sha256.o sha512.o
ocamlfind install sha META *.cmx sha1.cmi sha1.cma sha1.cmxa sha256.cmi sha256.cma sha256.cmxa sha512.cmi sha512.cma sha512.cmxa sha.cma sha.cmxa *.a *.so
Installed /home/opam/.opam/4.02.0+trunk/lib/sha/sha512.a
Installed /home/opam/.opam/4.02.0+trunk/lib/sha/sha256.a
Installed /home/opam/.opam/4.02.0+trunk/lib/sha/sha1.a
Installed /home/opam/.opam/4.02.0+trunk/lib/sha/sha.a
Installed /home/opam/.opam/4.02.0+trunk/lib/sha/libsha512.a
Installed /home/opam/.opam/4.02.0+trunk/lib/sha/libsha256.a
Installed /home/opam/.opam/4.02.0+trunk/lib/sha/libsha1.a
Installed /home/opam/.opam/4.02.0+trunk/lib/sha/libsha.a
Installed /home/opam/.opam/4.02.0+trunk/lib/sha/sha.cmxa
Installed /home/opam/.opam/4.02.0+trunk/lib/sha/sha.cma
Installed /home/opam/.opam/4.02.0+trunk/lib/sha/sha512.cmxa
Installed /home/opam/.opam/4.02.0+trunk/lib/sha/sha512.cma
Installed /home/opam/.opam/4.02.0+trunk/lib/sha/sha512.cmi
Installed /home/opam/.opam/4.02.0+trunk/lib/sha/sha256.cmxa
Installed /home/opam/.opam/4.02.0+trunk/lib/sha/sha256.cma
Installed /home/opam/.opam/4.02.0+trunk/lib/sha/sha256.cmi
Installed /home/opam/.opam/4.02.0+trunk/lib/sha/sha1.cmxa
Installed /home/opam/.opam/4.02.0+trunk/lib/sha/sha1.cma
Installed /home/opam/.opam/4.02.0+trunk/lib/sha/sha1.cmi
Installed /home/opam/.opam/4.02.0+trunk/lib/sha/sha512.cmx
Installed /home/opam/.opam/4.02.0+trunk/lib/sha/sha256.cmx
Installed /home/opam/.opam/4.02.0+trunk/lib/sha/sha1.cmx
Installed /home/opam/.opam/4.02.0+trunk/lib/sha/META
Installed /home/opam/.opam/4.02.0+trunk/lib/stublibs/dllsha512.so
Installed /home/opam/.opam/4.02.0+trunk/lib/stublibs/dllsha512.so.owner
Installed /home/opam/.opam/4.02.0+trunk/lib/stublibs/dllsha256.so
Installed /home/opam/.opam/4.02.0+trunk/lib/stublibs/dllsha256.so.owner
Installed /home/opam/.opam/4.02.0+trunk/lib/stublibs/dllsha1.so
Installed /home/opam/.opam/4.02.0+trunk/lib/stublibs/dllsha1.so.owner
Installed /home/opam/.opam/4.02.0+trunk/lib/stublibs/dllsha.so
Installed /home/opam/.opam/4.02.0+trunk/lib/stublibs/dllsha.so.owner
ocamlfind: [WARNING] You have installed DLLs but the directory /home/opam/.opam/4.02.0+trunk/lib/stublibs is not mentioned in ld.conf
Installing sha.1.9.
Copying ~/.opam/repo/default/packages/ssl/ssl.0.4.7/files/pkgconfigure to ~/.opam/4.02.0+trunk/build/ssl.0.4.7/
Building ssl.0.4.7:
  ./configure --prefix /home/opam/.opam/4.02.0+trunk
  make
  make install
configuring ocaml-ssl 0.4.7
checking for gcc... gcc
checking whether the C compiler works... yes
checking for C compiler default output file name... a.out
checking for suffix of executables... 
checking whether we are cross compiling... no
checking for suffix of object files... o
checking whether we are using the GNU C compiler... yes
checking whether gcc accepts -g... yes
checking for gcc option to accept ISO C89... none needed
checking for pthread_create in -lpthread... yes
checking for ocamlc... /home/opam/.opam/4.02.0+trunk/bin/ocamlc
ocaml version is 4.02.0+dev13-2014-08-18
ocaml library path is /home/opam/.opam/4.02.0+trunk/lib/ocaml
checking for ocamlopt... /home/opam/.opam/4.02.0+trunk/bin/ocamlopt
checking ocamlopt version... ok
checking for ocamlc.opt... /home/opam/.opam/4.02.0+trunk/bin/ocamlc.opt
checking ocamlc.opt version... ok
checking for ocamlopt.opt... /home/opam/.opam/4.02.0+trunk/bin/ocamlopt.opt
checking ocamlc.opt version... ok
checking for ocamldep... /home/opam/.opam/4.02.0+trunk/bin/ocamldep
checking for ocamllex... /home/opam/.opam/4.02.0+trunk/bin/ocamllex
checking for ocamlyacc... /home/opam/.opam/4.02.0+trunk/bin/ocamlyacc
checking for ocamldoc... /home/opam/.opam/4.02.0+trunk/bin/ocamldoc
checking for ocamlmktop... /home/opam/.opam/4.02.0+trunk/bin/ocamlmktop
checking for gcc... (cached) gcc
checking whether we are using the GNU C compiler... (cached) yes
checking whether gcc accepts -g... (cached) yes
checking for gcc option to accept ISO C89... (cached) none needed
checking for SSL_new in -lssl... no
configure: error: Cannot find libssl.
Removing ssl.0.4.7.
[ERROR] The compilation of ssl.0.4.7 failed.
  ocamlfind remove ssl
ocamlfind: [WARNING] No such directory: /home/opam/.opam/4.02.0+trunk/lib/ssl
Building stringext.1.0.0:
  ocaml setup.ml -configure
  ocaml setup.ml -build
  ocaml setup.ml -install
File "setup.ml", line 247, characters 8-26:
Warning 3: deprecated: String.set
File "setup.ml", line 2502, characters 6-24:
Warning 3: deprecated: Lazy.lazy_from_fun

Configuration: 
ocamlfind: ........................................... /home/opam/.opam/4.02.0+trunk/bin/ocamlfind
ocamlc: .............................................. /home/opam/.opam/4.02.0+trunk/bin/ocamlc.opt
ocamlopt: ............................................ /home/opam/.opam/4.02.0+trunk/bin/ocamlopt.opt
ocamlbuild: .......................................... /home/opam/.opam/4.02.0+trunk/bin/ocamlbuild
Package name: ........................................ Stringext
Package version: ..................................... 1.0.0
os_type: ............................................. Unix
system: .............................................. linux
architecture: ........................................ amd64
ccomp_type: .......................................... cc
ocaml_version: ....................................... 4.02.0
standard_library_default: ............................ /home/opam/.opam/4.02.0+trunk/lib/ocaml
standard_library: .................................... /home/opam/.opam/4.02.0+trunk/lib/ocaml
standard_runtime: .................................... /home/opam/.opam/4.02.0+trunk/bin/ocamlrun
bytecomp_c_compiler: ................................. gcc -fno-defer-pop -Wall -D_FILE_OFFSET_BITS=64 -D_REENTRANT -fPIC
native_c_compiler: ................................... gcc -Wall -D_FILE_OFFSET_BITS=64 -D_REENTRANT
model: ............................................... default
ext_obj: ............................................. .o
ext_asm: ............................................. .s
ext_lib: ............................................. .a
ext_dll: ............................................. .so
default_executable_name: ............................. a.out
systhread_supported: ................................. true
Install architecture-independent files dir: .......... /usr/local
Install architecture-dependent files in dir: ......... $prefix
User executables: .................................... $exec_prefix/bin
System admin executables: ............................ $exec_prefix/sbin
Program executables: ................................. $exec_prefix/libexec
Read-only single-machine data: ....................... $prefix/etc
Modifiable architecture-independent data: ............ $prefix/com
Modifiable single-machine data: ...................... $prefix/var
Object code libraries: ............................... $exec_prefix/lib
Read-only arch-independent data root: ................ $prefix/share
Read-only architecture-independent data: ............. $datarootdir
Info documentation: .................................. $datarootdir/info
Locale-dependent data: ............................... $datarootdir/locale
Man documentation: ................................... $datarootdir/man
Documentation root: .................................. $datarootdir/doc/$pkg_name
HTML documentation: .................................. $docdir
DVI documentation: ................................... $docdir
PDF documentation: ................................... $docdir
PS documentation: .................................... $docdir
findlib_version: ..................................... 1.5.2
is_native: ........................................... true
suffix_program: ...................................... 
Remove a file.: ...................................... rm -f
Remove a directory.: ................................. rm -rf
Turn ocaml debug flag on: ............................ true
Turn ocaml profile flag on: .......................... false
Compiler support generation of .cmxs.: ............... true
OCamlbuild additional flags: ......................... 
Create documentations: ............................... true
Compile tests executable and library and run them: ... false

File "setup.ml", line 247, characters 8-26:
Warning 3: deprecated: String.set
File "setup.ml", line 2502, characters 6-24:
Warning 3: deprecated: Lazy.lazy_from_fun
Failure: TODO.
E: Failure("Command ''/home/opam/.opam/4.02.0+trunk/bin/ocamlbuild' lib/stringext.cma lib/stringext.cmxa lib/stringext.a lib/stringext.cmxs -tag debug' terminated with error code 2")
Removing stringext.1.0.0.
[ERROR] The compilation of stringext.1.0.0 failed.
  ocamlfind remove stringext
ocamlfind: [WARNING] No such directory: /home/opam/.opam/4.02.0+trunk/lib/stringext
Building uutf.0.9.3:
  ./pkg/pkg-git
  ./pkg/build true
Failure: TODO.
[ERROR] The compilation of uutf.0.9.3 failed.
Removing uutf.0.9.3.
  Nothing to do.

#==================== ERROR while installing camlp4.4.02.0 ====================#
# opam-version         1.2.0~beta4
# os                   linux
# command              make all
# path                 /home/opam/.opam/4.02.0+trunk/build/camlp4.4.02.0
# compiler             4.02.0+trunk
# exit-code            2
# env-file             /home/opam/.opam/4.02.0+trunk/build/camlp4.4.02.0/camlp4-1245-487c34.env
# stdout-file          /home/opam/.opam/4.02.0+trunk/build/camlp4.4.02.0/camlp4-1245-487c34.out
# stderr-file          /home/opam/.opam/4.02.0+trunk/build/camlp4.4.02.0/camlp4-1245-487c34.err
### stdout ###
# ocamlbuild -classic-display -no-ocamlfind `./build/camlp4-byte-only.sh`
# Failure: TODO.
### stderr ###
# + echo camlp4/Camlp4.cmo camlp4/Camlp4Top.cmo camlp4/camlp4prof.byte camlp4/mkcamlp4.byte camlp4/camlp4.byte camlp4/camlp4fulllib.cma camlp4/camlp4boot.byte camlp4/camlp4boot.cma camlp4/camlp4r.byte camlp4/camlp4r.cma camlp4/camlp4rf.byte camlp4/camlp4rf.cma camlp4/camlp4o.byte camlp4/camlp4o.cma camlp4/camlp4of.byte camlp4/camlp4of.cma camlp4/camlp4oof.byte camlp4/camlp4oof.cma camlp4/camlp4orf.b...[truncated]
# make: *** [byte] Error 2


#==================== ERROR while installing camlzip.1.05 =====================#
# opam-version         1.2.0~beta4
# os                   linux
# command              make all
# path                 /home/opam/.opam/4.02.0+trunk/build/camlzip.1.05
# compiler             4.02.0+trunk
# exit-code            2
# env-file             /home/opam/.opam/4.02.0+trunk/build/camlzip.1.05/camlzip-1322-326a35.env
# stdout-file          /home/opam/.opam/4.02.0+trunk/build/camlzip.1.05/camlzip-1322-326a35.out
# stderr-file          /home/opam/.opam/4.02.0+trunk/build/camlzip.1.05/camlzip-1322-326a35.err
### stdout ###
# ocamlc -g -c -ccopt -g -ccopt -I/usr/local/include zlibstubs.c
### stderr ###
# zlibstubs.c:18:18: fatal error: zlib.h: No such file or directory
#  #include <zlib.h>
#                   ^
# compilation terminated.
# make: *** [zlibstubs.o] Error 2


#=================== ERROR while installing cmdliner.0.9.5 ====================#
# opam-version         1.2.0~beta4
# os                   linux
# command              ocaml pkg/build.ml native=true native-dynlink=true
# path                 /home/opam/.opam/4.02.0+trunk/build/cmdliner.0.9.5
# compiler             4.02.0+trunk
# exit-code            2
# env-file             /home/opam/.opam/4.02.0+trunk/build/cmdliner.0.9.5/cmdliner-1381-e0ba4f.env
# stdout-file          /home/opam/.opam/4.02.0+trunk/build/cmdliner.0.9.5/cmdliner-1381-e0ba4f.out
# stderr-file          /home/opam/.opam/4.02.0+trunk/build/cmdliner.0.9.5/cmdliner-1381-e0ba4f.err
### stdout ###
# Failure: TODO.
### stderr ###
# File "pkg/topkg-ext.ml", line 42, characters 12-25:
# Warning 3: deprecated: String.create


#====================== ERROR while installing dolog.0.5 ======================#
# opam-version         1.2.0~beta4
# os                   linux
# command              ocaml setup.ml -build
# path                 /home/opam/.opam/4.02.0+trunk/build/dolog.0.5
# compiler             4.02.0+trunk
# exit-code            1
# env-file             /home/opam/.opam/4.02.0+trunk/build/dolog.0.5/dolog-1413-2913ab.env
# stdout-file          /home/opam/.opam/4.02.0+trunk/build/dolog.0.5/dolog-1413-2913ab.out
# stderr-file          /home/opam/.opam/4.02.0+trunk/build/dolog.0.5/dolog-1413-2913ab.err
### stdout ###
# ...[truncated]
# Remove a directory.: ................................. rm -rf
# Turn ocaml debug flag on: ............................ true
# Turn ocaml profile flag on: .......................... false
# Compiler support generation of .cmxs.: ............... true
# OCamlbuild additional flags: ......................... 
# Create documentations: ............................... true
# Compile tests executable and library and run them: ... false
# pkg_unix: ............................................ /home/opam/.opam/4.02.0+trunk/lib/ocaml
# 
# Failure: TODO.
### stderr ###
# File "setup.ml", line 234, characters 8-26:
# Warning 3: deprecated: String.set
# File "setup.ml", line 2387, characters 6-24:
# Warning 3: deprecated: Lazy.lazy_from_fun
# File "setup.ml", line 234, characters 8-26:
# Warning 3: deprecated: String.set
# File "setup.ml", line 2387, characters 6-24:
# Warning 3: deprecated: Lazy.lazy_from_fun
# E: Failure("Command ''/home/opam/.opam/4.02.0+trunk/bin/ocamlbuild' lib/dolog.cma lib/dolog.cmxa lib/dolog.a lib/dolog.cmxs lib_test/example.byte lib_test/test.byte -tag debug' terminated with error code 2")


#===================== ERROR while installing ounit.2.0.0 =====================#
# opam-version         1.2.0~beta4
# os                   linux
# command              make build
# path                 /home/opam/.opam/4.02.0+trunk/build/ounit.2.0.0
# compiler             4.02.0+trunk
# exit-code            2
# env-file             /home/opam/.opam/4.02.0+trunk/build/ounit.2.0.0/ounit-2060-70a526.env
# stdout-file          /home/opam/.opam/4.02.0+trunk/build/ounit.2.0.0/ounit-2060-70a526.out
# stderr-file          /home/opam/.opam/4.02.0+trunk/build/ounit.2.0.0/ounit-2060-70a526.err
### stdout ###
# ...[truncated]
# Compiler support generation of .cmxs.: ............... true
# OCamlbuild additional flags: ......................... 
# Create documentations: ............................... true
# Compile tests executable and library and run them: ... false
# pkg_unix: ............................................ /home/opam/.opam/4.02.0+trunk/lib/ocaml
# pkg_threads: ......................................... /home/opam/.opam/4.02.0+trunk/lib/ocaml
# ocamldoc: ............................................ /home/opam/.opam/4.02.0+trunk/bin/ocamldoc
# 
# ocaml setup.ml -build 
# Failure: TODO.
### stderr ###
# ...[truncated]
# File "/home/gildor/programmation/oasis/src/oasis/OASISFindlib.ml", line 256, characters 6-24:
# Warning 3: deprecated: Lazy.lazy_from_fun
# File "/home/gildor/programmation/oasis/src/oasis/OASISString.ml", line 118, characters 8-26:
# Warning 3: deprecated: String.set
# File "/home/gildor/programmation/oasis/src/oasis/OASISFindlib.ml", line 256, characters 6-24:
# Warning 3: deprecated: Lazy.lazy_from_fun
# W: Cannot find source file matching module 'OUnitLoggerHTMLData' in library oUnitAdvanced
# W: Cannot find source file matching module 'OUnitLoggerHTMLData' in library oUnitAdvanced
# E: Failure("Command ''/home/opam/.opam/4.02.0+trunk/bin/ocamlbuild' src/oUnitAdvanced.cma src/oUnitAdvanced.cmxa src/oUnitAdvanced.a src/oUnitAdvanced.cmxs src/oUnit.cma src/oUnit.cmxa src/oUnit.a src/oUnit.cmxs src/oUnitThreads.cma src/oUnitThreads.cmxa src/oUnitThreads.a src/oUnitThreads.cmxs -tag debug' terminated with error code 2")
# make: *** [build] Error 1


#====================== ERROR while installing re.1.2.2 =======================#
# opam-version         1.2.0~beta4
# os                   linux
# command              ocaml setup.ml -build
# path                 /home/opam/.opam/4.02.0+trunk/build/re.1.2.2
# compiler             4.02.0+trunk
# exit-code            1
# env-file             /home/opam/.opam/4.02.0+trunk/build/re.1.2.2/re-2116-fbcac7.env
# stdout-file          /home/opam/.opam/4.02.0+trunk/build/re.1.2.2/re-2116-fbcac7.out
# stderr-file          /home/opam/.opam/4.02.0+trunk/build/re.1.2.2/re-2116-fbcac7.err
### stdout ###
# ...[truncated]
# Remove a directory.: ................................. rm -rf
# Turn ocaml debug flag on: ............................ true
# Turn ocaml profile flag on: .......................... false
# Compiler support generation of .cmxs.: ............... true
# OCamlbuild additional flags: ......................... 
# Create documentations: ............................... true
# Compile tests executable and library and run them: ... false
# ocamldoc: ............................................ /home/opam/.opam/4.02.0+trunk/bin/ocamldoc
# 
# Failure: TODO.
### stderr ###
# File "setup.ml", line 247, characters 8-26:
# Warning 3: deprecated: String.set
# File "setup.ml", line 2502, characters 6-24:
# Warning 3: deprecated: Lazy.lazy_from_fun
# File "setup.ml", line 247, characters 8-26:
# Warning 3: deprecated: String.set
# File "setup.ml", line 2502, characters 6-24:
# Warning 3: deprecated: Lazy.lazy_from_fun
# E: Failure("Command ''/home/opam/.opam/4.02.0+trunk/bin/ocamlbuild' lib/re.cma lib/re.cmxa lib/re.a lib/re.cmxs lib/re_emacs.cma lib/re_emacs.cmxa lib/re_emacs.a lib/re_emacs.cmxs lib/re_str.cma lib/re_str.cmxa lib/re_str.a lib/re_str.cmxs lib/re_posix.cma lib/re_posix.cmxa lib/re_posix.a lib/re_posix.cmxs lib/re_glob.cma lib/re_glob.cmxa lib/re_glob.a lib/re_glob.cmxs lib/re_perl.cma lib/re_perl....[truncated]


#====================== ERROR while installing ssl.0.4.7 ======================#
# opam-version         1.2.0~beta4
# os                   linux
# command              ./configure --prefix /home/opam/.opam/4.02.0+trunk
# path                 /home/opam/.opam/4.02.0+trunk/build/ssl.0.4.7
# compiler             4.02.0+trunk
# exit-code            1
# env-file             /home/opam/.opam/4.02.0+trunk/build/ssl.0.4.7/ssl-2378-ece7a3.env
# stdout-file          /home/opam/.opam/4.02.0+trunk/build/ssl.0.4.7/ssl-2378-ece7a3.out
# stderr-file          /home/opam/.opam/4.02.0+trunk/build/ssl.0.4.7/ssl-2378-ece7a3.err
### stdout ###
# ...[truncated]
# checking for ocamldep... /home/opam/.opam/4.02.0+trunk/bin/ocamldep
# checking for ocamllex... /home/opam/.opam/4.02.0+trunk/bin/ocamllex
# checking for ocamlyacc... /home/opam/.opam/4.02.0+trunk/bin/ocamlyacc
# checking for ocamldoc... /home/opam/.opam/4.02.0+trunk/bin/ocamldoc
# checking for ocamlmktop... /home/opam/.opam/4.02.0+trunk/bin/ocamlmktop
# checking for gcc... (cached) gcc
# checking whether we are using the GNU C compiler... (cached) yes
# checking whether gcc accepts -g... (cached) yes
# checking for gcc option to accept ISO C89... (cached) none needed
# checking for SSL_new in -lssl... no
### stderr ###
# configure: error: Cannot find libssl.


#=================== ERROR while installing stringext.1.0.0 ===================#
# opam-version         1.2.0~beta4
# os                   linux
# command              ocaml setup.ml -build
# path                 /home/opam/.opam/4.02.0+trunk/build/stringext.1.0.0
# compiler             4.02.0+trunk
# exit-code            1
# env-file             /home/opam/.opam/4.02.0+trunk/build/stringext.1.0.0/stringext-2695-90b366.env
# stdout-file          /home/opam/.opam/4.02.0+trunk/build/stringext.1.0.0/stringext-2695-90b366.out
# stderr-file          /home/opam/.opam/4.02.0+trunk/build/stringext.1.0.0/stringext-2695-90b366.err
### stdout ###
# ...[truncated]
# Remove a file.: ...................................... rm -f
# Remove a directory.: ................................. rm -rf
# Turn ocaml debug flag on: ............................ true
# Turn ocaml profile flag on: .......................... false
# Compiler support generation of .cmxs.: ............... true
# OCamlbuild additional flags: ......................... 
# Create documentations: ............................... true
# Compile tests executable and library and run them: ... false
# 
# Failure: TODO.
### stderr ###
# File "setup.ml", line 247, characters 8-26:
# Warning 3: deprecated: String.set
# File "setup.ml", line 2502, characters 6-24:
# Warning 3: deprecated: Lazy.lazy_from_fun
# File "setup.ml", line 247, characters 8-26:
# Warning 3: deprecated: String.set
# File "setup.ml", line 2502, characters 6-24:
# Warning 3: deprecated: Lazy.lazy_from_fun
# E: Failure("Command ''/home/opam/.opam/4.02.0+trunk/bin/ocamlbuild' lib/stringext.cma lib/stringext.cmxa lib/stringext.a lib/stringext.cmxs -tag debug' terminated with error code 2")



#===================== ERROR while installing uutf.0.9.3 ======================#
# opam-version         1.2.0~beta4
# os                   linux
# command              ./pkg/build true
# path                 /home/opam/.opam/4.02.0+trunk/build/uutf.0.9.3
# compiler             4.02.0+trunk
# exit-code            2
# env-file             /home/opam/.opam/4.02.0+trunk/build/uutf.0.9.3/uutf-2747-ece7a3.env
# stdout-file          /home/opam/.opam/4.02.0+trunk/build/uutf.0.9.3/uutf-2747-ece7a3.out
# stderr-file          /home/opam/.opam/4.02.0+trunk/build/uutf.0.9.3/uutf-2747-ece7a3.err
### stdout ###
# Failure: TODO.


=-=-=-=-=-=-=-=-=-=-=-=-=-=-=-=-= Error report =-=-=-=-=-=-=-=-=-=-=-=-=-=-=-=-=
These actions have been completed successfully
 - install   ocamlgraph.1.8.5
 - install   base-bytes.base
 - install   sha.1.9
The following failed
 - install   camlp4.4.02.0
 - install   camlzip.1.05
 - install   cmdliner.0.9.5
 - install   dolog.0.5
 - install   ounit.2.0.0
 - install   re.1.2.2
 - install   ssl.0.4.7
 - install   stringext.1.0.0
 - install   uutf.0.9.3
Due to the errors, the following have been cancelled
 - install   ocplib-endian.0.7
 - install   fieldslib.109.20.03
 - install   uri.1.7.2
 - install   herelib.109.35.02
 - install   type_conv.111.13.00
 - install   mstruct.1.3.0
 - install   optcomp.1.6
 - install   typerep.111.17.00
 - install   variantslib.109.15.03
 - install   jsonm.0.9.1
 - install   enumerate.111.08.00
 - install   irmin.0.8.3
 - install   git.1.2.0
 - install   pa_test.111.08.00
 - install   pa_bench.109.55.02
 - install   cohttp.0.11.2
 - install   cstruct.1.4.0
 - install   bin_prot.111.03.00
 - install   pa_ounit.109.53.02
 - install   crunch.1.3.0
 - install   pipebang.110.01.00
 - install   lwt.2.4.5
 - install   core_kernel.111.25.00
 - install   comparelib.109.60.00
 - install   conduit.0.5.1
 - install   sexplib.111.25.00
 - install   ezjsonm.0.2.0

The former state can be restored with opam switch import "/home/opam/.opam/4.02.0+trunk/backup/state-20140719131311.export"
'opam install irmin' failed.
