++ opam install joolog -e ubuntu
+ depext='clasp version 2.1.4
Reading from outSsgKNl/gringo_out
Solving...
Answer: 6
in("joolog",1) in("base-bigarray",1) in("base-unix",1) in("ocamlfind",6) in("base
OPTIMUM FOUND

Models      : 1     
  Enumerated: 6
  Optimum   : yes
Optimization: 0 2 11
Time        : 0.011s (Solving: 0.00s 1st Model: 0.00s Unsat: 0.00s)
CPU Time    : 0.010s
Choices     : 62
Conflicts   : 7
Restarts    : 0     

Atoms       : 8383  
Rules       : 9135   (1: 9042 2: 11 3: 79 6: 3)
Bodies      : 406   
Equivalences: 16925  (Atom=Atom: 8189 Body=Body: 130 Other: 8606)
Tight       : Yes

Variables   : 280    (Eliminated:   61 Frozen:  111)
Constraints : 466    (Binary: 93.3% Ternary:  0.9% Other:  5.8%)
Lemmas      : 6      (Binary: 33.3% Ternary: 33.3% Other: 33.3%)
  Conflict  : 6      (Average Length: 2.5) 
  Loop      : 0      (Average Length: 0.0) 
  Other     : 0      (Average Length: 0.0)
  Deleted   : 0     

Backtracks          : 1     
Backjumps           : 6      (Bounded: 1)
Skippable Levels    : 13     (Skipped: 12 Rate:  92.3%)
Max Jump Length     : 6      (Executed: 6)
Max Bound Length    : 1     
Average Jump Length : 2.2    (Executed: 2.0)
Average Bound Length: 1.0   
Average Model Length: 10.8  
/usr/share/aspcud/encodings/misc2012.lp:150:57-76: warning: atom is undefined:
  recommends(P,V,D,W)

/usr/share/aspcud/encodings/misc2012.lp:148:57-75: warning: atom is undefined:
  attribute(P,V,A,X)

/usr/share/aspcud/encodings/misc2012.lp:138:57-76: warning: atom is undefined:
  recommends(P,V,D,W)

/usr/share/aspcud/encodings/misc2012.lp:164:42-61: warning: atom is undefined:
  recommends(P,V,D,W)

/usr/share/aspcud/encodings/misc2012.lp:161:63-81: warning: atom is undefined:
  attribute(P,V,A,X)

/usr/share/aspcud/encodings/misc2012.lp:109:50-68: warning: atom is undefined:
  attribute(P,V,A,X)

/usr/share/aspcud/encodings/misc2012.lp:109:70-88: warning: atom is undefined:
  attribute(P,V,B,Y)

/usr/share/aspcud/encodings/misc2012.lp:30:22-41: warning: atom is undefined:
  recommends(P,V,D,W)'
+ echo Ubuntu depexts: clasp version 2.1.4 Reading from outSsgKNl/gringo_out Solving... Answer: 6 'in("joolog",1)' 'in("base-bigarray",1)' 'in("base-unix",1)' 'in("ocamlfind",6)' 'in("base' OPTIMUM FOUND Models : 1 Enumerated: 6 Optimum : yes Optimization: 0 2 11 Time : 0.011s '(Solving:' 0.00s 1st Model: 0.00s Unsat: '0.00s)' CPU Time : 0.010s Choices : 62 Conflicts : 7 Restarts : 0 Atoms : 8383 Rules : 9135 '(1:' 9042 2: 11 3: 79 6: '3)' Bodies : 406 Equivalences: 16925 '(Atom=Atom:' 8189 Body=Body: 130 Other: '8606)' Tight : Yes Variables : 280 '(Eliminated:' 61 Frozen: '111)' Constraints : 466 '(Binary:' 93.3% Ternary: 0.9% Other: '5.8%)' Lemmas : 6 '(Binary:' 33.3% Ternary: 33.3% Other: '33.3%)' Conflict : 6 '(Average' Length: '2.5)' Loop : 0 '(Average' Length: '0.0)' Other : 0 '(Average' Length: '0.0)' Deleted : 0 Backtracks : 1 Backjumps : 6 '(Bounded:' '1)' Skippable Levels : 13 '(Skipped:' 12 Rate: '92.3%)' Max Jump Length : 6 '(Executed:' '6)' Max Bound Length : 1 Average Jump Length : 2.2 '(Executed:' '2.0)' Average Bound Length: 1.0 Average Model Length: 10.8 /usr/share/aspcud/encodings/misc2012.lp:150:57-76: warning: atom is undefined: 'recommends(P,V,D,W)' /usr/share/aspcud/encodings/misc2012.lp:148:57-75: warning: atom is undefined: 'attribute(P,V,A,X)' /usr/share/aspcud/encodings/misc2012.lp:138:57-76: warning: atom is undefined: 'recommends(P,V,D,W)' /usr/share/aspcud/encodings/misc2012.lp:164:42-61: warning: atom is undefined: 'recommends(P,V,D,W)' /usr/share/aspcud/encodings/misc2012.lp:161:63-81: warning: atom is undefined: 'attribute(P,V,A,X)' /usr/share/aspcud/encodings/misc2012.lp:109:50-68: warning: atom is undefined: 'attribute(P,V,A,X)' /usr/share/aspcud/encodings/misc2012.lp:109:70-88: warning: atom is undefined: 'attribute(P,V,B,Y)' /usr/share/aspcud/encodings/misc2012.lp:30:22-41: warning: atom is undefined: 'recommends(P,V,D,W)'
+ '[' 'clasp version 2.1.4
Reading from outSsgKNl/gringo_out
Solving...
Answer: 6
in("joolog",1) in("base-bigarray",1) in("base-unix",1) in("ocamlfind",6) in("base
OPTIMUM FOUND

Models      : 1     
  Enumerated: 6
  Optimum   : yes
Optimization: 0 2 11
Time        : 0.011s (Solving: 0.00s 1st Model: 0.00s Unsat: 0.00s)
CPU Time    : 0.010s
Choices     : 62
Conflicts   : 7
Restarts    : 0     

Atoms       : 8383  
Rules       : 9135   (1: 9042 2: 11 3: 79 6: 3)
Bodies      : 406   
Equivalences: 16925  (Atom=Atom: 8189 Body=Body: 130 Other: 8606)
Tight       : Yes

Variables   : 280    (Eliminated:   61 Frozen:  111)
Constraints : 466    (Binary: 93.3% Ternary:  0.9% Other:  5.8%)
Lemmas      : 6      (Binary: 33.3% Ternary: 33.3% Other: 33.3%)
  Conflict  : 6      (Average Length: 2.5) 
  Loop      : 0      (Average Length: 0.0) 
  Other     : 0      (Average Length: 0.0)
  Deleted   : 0     

Backtracks          : 1     
Backjumps           : 6      (Bounded: 1)
Skippable Levels    : 13     (Skipped: 12 Rate:  92.3%)
Max Jump Length     : 6      (Executed: 6)
Max Bound Length    : 1     
Average Jump Length : 2.2    (Executed: 2.0)
Average Bound Length: 1.0   
Average Model Length: 10.8  
/usr/share/aspcud/encodings/misc2012.lp:150:57-76: warning: atom is undefined:
  recommends(P,V,D,W)

/usr/share/aspcud/encodings/misc2012.lp:148:57-75: warning: atom is undefined:
  attribute(P,V,A,X)

/usr/share/aspcud/encodings/misc2012.lp:138:57-76: warning: atom is undefined:
  recommends(P,V,D,W)

/usr/share/aspcud/encodings/misc2012.lp:164:42-61: warning: atom is undefined:
  recommends(P,V,D,W)

/usr/share/aspcud/encodings/misc2012.lp:161:63-81: warning: atom is undefined:
  attribute(P,V,A,X)

/usr/share/aspcud/encodings/misc2012.lp:109:50-68: warning: atom is undefined:
  attribute(P,V,A,X)

/usr/share/aspcud/encodings/misc2012.lp:109:70-88: warning: atom is undefined:
  attribute(P,V,B,Y)

/usr/share/aspcud/encodings/misc2012.lp:30:22-41: warning: atom is undefined:
  recommends(P,V,D,W)' '!=' '' ']'
+ sudo apt-get install -qq -y build-essential m4
Ubuntu depexts: clasp version 2.1.4 Reading from outSsgKNl/gringo_out Solving... Answer: 6 in("joolog",1) in("base-bigarray",1) in("base-unix",1) in("ocamlfind",6) in("base OPTIMUM FOUND Models : 1 Enumerated: 6 Optimum : yes Optimization: 0 2 11 Time : 0.011s (Solving: 0.00s 1st Model: 0.00s Unsat: 0.00s) CPU Time : 0.010s Choices : 62 Conflicts : 7 Restarts : 0 Atoms : 8383 Rules : 9135 (1: 9042 2: 11 3: 79 6: 3) Bodies : 406 Equivalences: 16925 (Atom=Atom: 8189 Body=Body: 130 Other: 8606) Tight : Yes Variables : 280 (Eliminated: 61 Frozen: 111) Constraints : 466 (Binary: 93.3% Ternary: 0.9% Other: 5.8%) Lemmas : 6 (Binary: 33.3% Ternary: 33.3% Other: 33.3%) Conflict : 6 (Average Length: 2.5) Loop : 0 (Average Length: 0.0) Other : 0 (Average Length: 0.0) Deleted : 0 Backtracks : 1 Backjumps : 6 (Bounded: 1) Skippable Levels : 13 (Skipped: 12 Rate: 92.3%) Max Jump Length : 6 (Executed: 6) Max Bound Length : 1 Average Jump Length : 2.2 (Executed: 2.0) Average Bound Length: 1.0 Average Model Length: 10.8 /usr/share/aspcud/encodings/misc2012.lp:150:57-76: warning: atom is undefined: recommends(P,V,D,W) /usr/share/aspcud/encodings/misc2012.lp:148:57-75: warning: atom is undefined: attribute(P,V,A,X) /usr/share/aspcud/encodings/misc2012.lp:138:57-76: warning: atom is undefined: recommends(P,V,D,W) /usr/share/aspcud/encodings/misc2012.lp:164:42-61: warning: atom is undefined: recommends(P,V,D,W) /usr/share/aspcud/encodings/misc2012.lp:161:63-81: warning: atom is undefined: attribute(P,V,A,X) /usr/share/aspcud/encodings/misc2012.lp:109:50-68: warning: atom is undefined: attribute(P,V,A,X) /usr/share/aspcud/encodings/misc2012.lp:109:70-88: warning: atom is undefined: attribute(P,V,B,Y) /usr/share/aspcud/encodings/misc2012.lp:30:22-41: warning: atom is undefined: recommends(P,V,D,W)
+ sudo apt-get install -qq -y clasp version 2.1.4 Reading from outSsgKNl/gringo_out Solving... Answer: 6 'in("joolog",1)' 'in("base-bigarray",1)' 'in("base-unix",1)' 'in("ocamlfind",6)' 'in("base' OPTIMUM FOUND Models : 1 Enumerated: 6 Optimum : yes Optimization: 0 2 11 Time : 0.011s '(Solving:' 0.00s 1st Model: 0.00s Unsat: '0.00s)' CPU Time : 0.010s Choices : 62 Conflicts : 7 Restarts : 0 Atoms : 8383 Rules : 9135 '(1:' 9042 2: 11 3: 79 6: '3)' Bodies : 406 Equivalences: 16925 '(Atom=Atom:' 8189 Body=Body: 130 Other: '8606)' Tight : Yes Variables : 280 '(Eliminated:' 61 Frozen: '111)' Constraints : 466 '(Binary:' 93.3% Ternary: 0.9% Other: '5.8%)' Lemmas : 6 '(Binary:' 33.3% Ternary: 33.3% Other: '33.3%)' Conflict : 6 '(Average' Length: '2.5)' Loop : 0 '(Average' Length: '0.0)' Other : 0 '(Average' Length: '0.0)' Deleted : 0 Backtracks : 1 Backjumps : 6 '(Bounded:' '1)' Skippable Levels : 13 '(Skipped:' 12 Rate: '92.3%)' Max Jump Length : 6 '(Executed:' '6)' Max Bound Length : 1 Average Jump Length : 2.2 '(Executed:' '2.0)' Average Bound Length: 1.0 Average Model Length: 10.8 /usr/share/aspcud/encodings/misc2012.lp:150:57-76: warning: atom is undefined: 'recommends(P,V,D,W)' /usr/share/aspcud/encodings/misc2012.lp:148:57-75: warning: atom is undefined: 'attribute(P,V,A,X)' /usr/share/aspcud/encodings/misc2012.lp:138:57-76: warning: atom is undefined: 'recommends(P,V,D,W)' /usr/share/aspcud/encodings/misc2012.lp:164:42-61: warning: atom is undefined: 'recommends(P,V,D,W)' /usr/share/aspcud/encodings/misc2012.lp:161:63-81: warning: atom is undefined: 'attribute(P,V,A,X)' /usr/share/aspcud/encodings/misc2012.lp:109:50-68: warning: atom is undefined: 'attribute(P,V,A,X)' /usr/share/aspcud/encodings/misc2012.lp:109:70-88: warning: atom is undefined: 'attribute(P,V,B,Y)' /usr/share/aspcud/encodings/misc2012.lp:30:22-41: warning: atom is undefined: 'recommends(P,V,D,W)'
E: Unable to locate package version
E: Unable to locate package Reading
E: Unable to locate package from
E: Unable to locate package outSsgKNl
E: Unable to locate package Solving...
E: Couldn't find any package by regex 'Solving...'
E: Unable to locate package Answer
E: Unable to locate package 6
E: Unable to locate package in("joolog",1)
E: Unable to locate package in("base-bigarray",1)
E: Unable to locate package in("base-unix",1)
E: Unable to locate package in("ocamlfind",6)
E: Unable to locate package in("base
E: Unable to locate package OPTIMUM
E: Unable to locate package FOUND
E: Unable to locate package Models
E: Unable to locate package 
E: Unable to locate package 1
E: Unable to locate package Enumerated
E: Unable to locate package 6
E: Unable to locate package Optimum
E: Unable to locate package 
E: Unable to locate package yes
E: Unable to locate package Optimization
E: Unable to locate package 0
E: Unable to locate package 2
E: Unable to locate package 11
E: Unable to locate package 
E: Unable to locate package 0.011s
E: Couldn't find any package by regex '0.011s'
E: Unable to locate package (Solving
E: Unable to locate package 0.00s
E: Couldn't find any package by regex '0.00s'
E: Unable to locate package 1st
E: Unable to locate package Model
E: Unable to locate package 0.00s
E: Couldn't find any package by regex '0.00s'
E: Unable to locate package Unsat
E: Unable to locate package 0.00s)
E: Couldn't find any package by regex '0.00s)'
E: Unable to locate package 
E: Unable to locate package 0.010s
E: Couldn't find any package by regex '0.010s'
E: Unable to locate package Choices
E: Unable to locate package 
E: Unable to locate package 62
E: Unable to locate package Conflicts
E: Unable to locate package 
E: Unable to locate package 7
E: Unable to locate package Restarts
E: Unable to locate package 
E: Unable to locate package 0
E: Unable to locate package Atoms
E: Unable to locate package 
E: Unable to locate package 8383
E: Unable to locate package Rules
E: Unable to locate package 
E: Unable to locate package 9135
E: Unable to locate package (1
E: Unable to locate package 9042
E: Unable to locate package 2
E: Unable to locate package 11
E: Unable to locate package 3
E: Unable to locate package 79
E: Unable to locate package 6
E: Unable to locate package 3)
E: Unable to locate package Bodies
E: Unable to locate package 
E: Unable to locate package 406
E: Unable to locate package Equivalences
E: Unable to locate package 16925
E: Unable to locate package (Atom
E: Unable to locate package 8189
E: Unable to locate package Body
E: Unable to locate package 130
E: Unable to locate package Other
E: Unable to locate package 8606)
E: Unable to locate package Tight
E: Unable to locate package 
E: Unable to locate package Yes
E: Unable to locate package Variables
E: Unable to locate package 
E: Unable to locate package 280
E: Unable to locate package (Eliminated
E: Unable to locate package 61
E: Unable to locate package Frozen
E: Unable to locate package 111)
E: Unable to locate package Constraints
E: Unable to locate package 
E: Unable to locate package 466
E: Unable to locate package (Binary
E: Unable to locate package 93.3%
E: Couldn't find any package by regex '93.3%'
E: Unable to locate package Ternary
E: Unable to locate package 0.9%
E: Couldn't find any package by regex '0.9%'
E: Unable to locate package Other
E: Unable to locate package 5.8%)
E: Couldn't find any package by regex '5.8%)'
E: Unable to locate package Lemmas
E: Unable to locate package 
E: Unable to locate package 6
E: Unable to locate package (Binary
E: Unable to locate package 33.3%
E: Couldn't find any package by regex '33.3%'
E: Unable to locate package Ternary
E: Unable to locate package 33.3%
E: Couldn't find any package by regex '33.3%'
E: Unable to locate package Other
E: Unable to locate package 33.3%)
E: Couldn't find any package by regex '33.3%)'
E: Unable to locate package Conflict
E: Unable to locate package 
E: Unable to locate package 6
E: Unable to locate package (Average
E: Unable to locate package Length
E: Unable to locate package 2.5)
E: Couldn't find any package by regex '2.5)'
E: Unable to locate package Loop
E: Unable to locate package 
E: Unable to locate package 0
E: Unable to locate package (Average
E: Unable to locate package Length
E: Unable to locate package 0.0)
E: Couldn't find any package by regex '0.0)'
E: Unable to locate package Other
E: Unable to locate package 
E: Unable to locate package 0
E: Unable to locate package (Average
E: Unable to locate package Length
E: Unable to locate package 0.0)
E: Couldn't find any package by regex '0.0)'
E: Unable to locate package Deleted
E: Unable to locate package 
E: Unable to locate package 0
E: Unable to locate package Backtracks
E: Unable to locate package 
E: Unable to locate package 1
E: Unable to locate package Backjumps
E: Unable to locate package 
E: Unable to locate package 6
E: Unable to locate package (Bounded
E: Unable to locate package 1)
E: Unable to locate package Skippable
E: Unable to locate package Levels
E: Unable to locate package 
E: Unable to locate package 13
E: Unable to locate package (Skipped
E: Unable to locate package 12
E: Unable to locate package Rate
E: Unable to locate package 92.3%)
E: Couldn't find any package by regex '92.3%)'
E: Unable to locate package Max
E: Unable to locate package Jump
E: Unable to locate package Length
E: Unable to locate package 
E: Unable to locate package 6
E: Unable to locate package (Executed
E: Unable to locate package 6)
E: Unable to locate package Max
E: Unable to locate package Bound
E: Unable to locate package Length
E: Unable to locate package 
E: Unable to locate package 1
E: Unable to locate package Average
E: Unable to locate package Jump
E: Unable to locate package Length
E: Unable to locate package 
E: Unable to locate package (Executed
E: Unable to locate package 2.0)
E: Couldn't find any package by regex '2.0)'
E: Unable to locate package Average
E: Unable to locate package Bound
E: Unable to locate package Length
E: Unable to locate package Average
E: Unable to locate package Model
E: Unable to locate package Length
E: Unable to locate package /usr/share/aspcud/encodings
E: Unable to locate package warning
E: Unable to locate package atom
E: Unable to locate package is
E: Unable to locate package undefined
E: Unable to locate package recommends(P,V,D,W)
E: Unable to locate package /usr/share/aspcud/encodings
E: Unable to locate package warning
E: Unable to locate package atom
E: Unable to locate package is
E: Unable to locate package undefined
E: Unable to locate package attribute(P,V,A,X)
E: Unable to locate package /usr/share/aspcud/encodings
E: Unable to locate package warning
E: Unable to locate package atom
E: Unable to locate package is
E: Unable to locate package undefined
E: Unable to locate package recommends(P,V,D,W)
E: Unable to locate package /usr/share/aspcud/encodings
E: Unable to locate package warning
E: Unable to locate package atom
E: Unable to locate package is
E: Unable to locate package undefined
E: Unable to locate package recommends(P,V,D,W)
E: Unable to locate package /usr/share/aspcud/encodings
E: Unable to locate package warning
E: Unable to locate package atom
E: Unable to locate package is
E: Unable to locate package undefined
E: Unable to locate package attribute(P,V,A,X)
E: Unable to locate package /usr/share/aspcud/encodings
E: Unable to locate package warning
E: Unable to locate package atom
E: Unable to locate package is
E: Unable to locate package undefined
E: Unable to locate package attribute(P,V,A,X)
E: Unable to locate package /usr/share/aspcud/encodings
E: Unable to locate package warning
E: Unable to locate package atom
E: Unable to locate package is
E: Unable to locate package undefined
E: Unable to locate package attribute(P,V,B,Y)
E: Unable to locate package /usr/share/aspcud/encodings
E: Unable to locate package warning
E: Unable to locate package atom
E: Unable to locate package is
E: Unable to locate package undefined
E: Unable to locate package recommends(P,V,D,W)
++ opam install joolog -e source,linux
+ srcext='clasp version 2.1.4
Reading from outJNAOPs/gringo_out
Solving...
Answer: 6
in("joolog",1) in("base-bigarray",1) in("base-unix",1) in("ocamlfind",6) in("base
OPTIMUM FOUND

Models      : 1     
  Enumerated: 6
  Optimum   : yes
Optimization: 0 2 11
Time        : 0.009s (Solving: 0.00s 1st Model: 0.00s Unsat: 0.00s)
CPU Time    : 0.010s
Choices     : 62
Conflicts   : 7
Restarts    : 0     

Atoms       : 8383  
Rules       : 9135   (1: 9042 2: 11 3: 79 6: 3)
Bodies      : 406   
Equivalences: 16925  (Atom=Atom: 8189 Body=Body: 130 Other: 8606)
Tight       : Yes

Variables   : 280    (Eliminated:   61 Frozen:  111)
Constraints : 466    (Binary: 93.3% Ternary:  0.9% Other:  5.8%)
Lemmas      : 6      (Binary: 33.3% Ternary: 33.3% Other: 33.3%)
  Conflict  : 6      (Average Length: 2.5) 
  Loop      : 0      (Average Length: 0.0) 
  Other     : 0      (Average Length: 0.0)
  Deleted   : 0     

Backtracks          : 1     
Backjumps           : 6      (Bounded: 1)
Skippable Levels    : 13     (Skipped: 12 Rate:  92.3%)
Max Jump Length     : 6      (Executed: 6)
Max Bound Length    : 1     
Average Jump Length : 2.2    (Executed: 2.0)
Average Bound Length: 1.0   
Average Model Length: 10.8  
/usr/share/aspcud/encodings/misc2012.lp:150:57-76: warning: atom is undefined:
  recommends(P,V,D,W)

/usr/share/aspcud/encodings/misc2012.lp:148:57-75: warning: atom is undefined:
  attribute(P,V,A,X)

/usr/share/aspcud/encodings/misc2012.lp:138:57-76: warning: atom is undefined:
  recommends(P,V,D,W)

/usr/share/aspcud/encodings/misc2012.lp:164:42-61: warning: atom is undefined:
  recommends(P,V,D,W)

/usr/share/aspcud/encodings/misc2012.lp:161:63-81: warning: atom is undefined:
  attribute(P,V,A,X)

/usr/share/aspcud/encodings/misc2012.lp:109:50-68: warning: atom is undefined:
  attribute(P,V,A,X)

/usr/share/aspcud/encodings/misc2012.lp:109:70-88: warning: atom is undefined:
  attribute(P,V,B,Y)

/usr/share/aspcud/encodings/misc2012.lp:30:22-41: warning: atom is undefined:
  recommends(P,V,D,W)'
+ echo Ubuntu srcexts: clasp version 2.1.4 Reading from outJNAOPs/gringo_out Solving... Answer: 6 'in("joolog",1)' 'in("base-bigarray",1)' 'in("base-unix",1)' 'in("ocamlfind",6)' 'in("base' OPTIMUM FOUND Models : 1 Enumerated: 6 Optimum : yes Optimization: 0 2 11 Time : 0.009s '(Solving:' 0.00s 1st Model: 0.00s Unsat: '0.00s)' CPU Time : 0.010s Choices : 62 Conflicts : 7 Restarts : 0 Atoms : 8383 Rules : 9135 '(1:' 9042 2: 11 3: 79 6: '3)' Bodies : 406 Equivalences: 16925 '(Atom=Atom:' 8189 Body=Body: 130 Other: '8606)' Tight : Yes Variables : 280 '(Eliminated:' 61 Frozen: '111)' Constraints : 466 '(Binary:' 93.3% Ternary: 0.9% Other: '5.8%)' Lemmas : 6 '(Binary:' 33.3% Ternary: 33.3% Other: '33.3%)' Conflict : 6 '(Average' Length: '2.5)' Loop : 0 '(Average' Length: '0.0)' Other : 0 '(Average' Length: '0.0)' Deleted : 0 Backtracks : 1 Backjumps : 6 '(Bounded:' '1)' Skippable Levels : 13 '(Skipped:' 12 Rate: '92.3%)' Max Jump Length : 6 '(Executed:' '6)' Max Bound Length : 1 Average Jump Length : 2.2 '(Executed:' '2.0)' Average Bound Length: 1.0 Average Model Length: 10.8 /usr/share/aspcud/encodings/misc2012.lp:150:57-76: warning: atom is undefined: 'recommends(P,V,D,W)' /usr/share/aspcud/encodings/misc2012.lp:148:57-75: warning: atom is undefined: 'attribute(P,V,A,X)' /usr/share/aspcud/encodings/misc2012.lp:138:57-76: warning: atom is undefined: 'recommends(P,V,D,W)' /usr/share/aspcud/encodings/misc2012.lp:164:42-61: warning: atom is undefined: 'recommends(P,V,D,W)' /usr/share/aspcud/encodings/misc2012.lp:161:63-81: warning: atom is undefined: 'attribute(P,V,A,X)' /usr/share/aspcud/encodings/misc2012.lp:109:50-68: warning: atom is undefined: 'attribute(P,V,A,X)' /usr/share/aspcud/encodings/misc2012.lp:109:70-88: warning: atom is undefined: 'attribute(P,V,B,Y)' /usr/share/aspcud/encodings/misc2012.lp:30:22-41: warning: atom is undefined: 'recommends(P,V,D,W)'
+ '[' 'clasp version 2.1.4
Reading from outJNAOPs/gringo_out
Solving...
Answer: 6
in("joolog",1) in("base-bigarray",1) in("base-unix",1) in("ocamlfind",6) in("base
OPTIMUM FOUND

Models      : 1     
  Enumerated: 6
  Optimum   : yes
Optimization: 0 2 11
Time        : 0.009s (Solving: 0.00s 1st Model: 0.00s Unsat: 0.00s)
CPU Time    : 0.010s
Choices     : 62
Conflicts   : 7
Restarts    : 0     

Atoms       : 8383  
Rules       : 9135   (1: 9042 2: 11 3: 79 6: 3)
Bodies      : 406   
Equivalences: 16925  (Atom=Atom: 8189 Body=Body: 130 Other: 8606)
Tight       : Yes

Variables   : 280    (Eliminated:   61 Frozen:  111)
Constraints : 466    (Binary: 93.3% Ternary:  0.9% Other:  5.8%)
Lemmas      : 6      (Binary: 33.3% Ternary: 33.3% Other: 33.3%)
  Conflict  : 6      (Average Length: 2.5) 
  Loop      : 0      (Average Length: 0.0) 
  Other     : 0      (Average Length: 0.0)
  Deleted   : 0     

Backtracks          : 1     
Backjumps           : 6      (Bounded: 1)
Skippable Levels    : 13     (Skipped: 12 Rate:  92.3%)
Max Jump Length     : 6      (Executed: 6)
Max Bound Length    : 1     
Average Jump Length : 2.2    (Executed: 2.0)
Average Bound Length: 1.0   
Average Model Length: 10.8  
/usr/share/aspcud/encodings/misc2012.lp:150:57-76: warning: atom is undefined:
  recommends(P,V,D,W)

/usr/share/aspcud/encodings/misc2012.lp:148:57-75: warning: atom is undefined:
  attribute(P,V,A,X)

/usr/share/aspcud/encodings/misc2012.lp:138:57-76: warning: atom is undefined:
  recommends(P,V,D,W)

/usr/share/aspcud/encodings/misc2012.lp:164:42-61: warning: atom is undefined:
  recommends(P,V,D,W)

/usr/share/aspcud/encodings/misc2012.lp:161:63-81: warning: atom is undefined:
  attribute(P,V,A,X)

/usr/share/aspcud/encodings/misc2012.lp:109:50-68: warning: atom is undefined:
  attribute(P,V,A,X)

/usr/share/aspcud/encodings/misc2012.lp:109:70-88: warning: atom is undefined:
  attribute(P,V,B,Y)

/usr/share/aspcud/encodings/misc2012.lp:30:22-41: warning: atom is undefined:
  recommends(P,V,D,W)' '!=' '' ']'
++ mktemp
Ubuntu srcexts: clasp version 2.1.4 Reading from outJNAOPs/gringo_out Solving... Answer: 6 in("joolog",1) in("base-bigarray",1) in("base-unix",1) in("ocamlfind",6) in("base OPTIMUM FOUND Models : 1 Enumerated: 6 Optimum : yes Optimization: 0 2 11 Time : 0.009s (Solving: 0.00s 1st Model: 0.00s Unsat: 0.00s) CPU Time : 0.010s Choices : 62 Conflicts : 7 Restarts : 0 Atoms : 8383 Rules : 9135 (1: 9042 2: 11 3: 79 6: 3) Bodies : 406 Equivalences: 16925 (Atom=Atom: 8189 Body=Body: 130 Other: 8606) Tight : Yes Variables : 280 (Eliminated: 61 Frozen: 111) Constraints : 466 (Binary: 93.3% Ternary: 0.9% Other: 5.8%) Lemmas : 6 (Binary: 33.3% Ternary: 33.3% Other: 33.3%) Conflict : 6 (Average Length: 2.5) Loop : 0 (Average Length: 0.0) Other : 0 (Average Length: 0.0) Deleted : 0 Backtracks : 1 Backjumps : 6 (Bounded: 1) Skippable Levels : 13 (Skipped: 12 Rate: 92.3%) Max Jump Length : 6 (Executed: 6) Max Bound Length : 1 Average Jump Length : 2.2 (Executed: 2.0) Average Bound Length: 1.0 Average Model Length: 10.8 /usr/share/aspcud/encodings/misc2012.lp:150:57-76: warning: atom is undefined: recommends(P,V,D,W) /usr/share/aspcud/encodings/misc2012.lp:148:57-75: warning: atom is undefined: attribute(P,V,A,X) /usr/share/aspcud/encodings/misc2012.lp:138:57-76: warning: atom is undefined: recommends(P,V,D,W) /usr/share/aspcud/encodings/misc2012.lp:164:42-61: warning: atom is undefined: recommends(P,V,D,W) /usr/share/aspcud/encodings/misc2012.lp:161:63-81: warning: atom is undefined: attribute(P,V,A,X) /usr/share/aspcud/encodings/misc2012.lp:109:50-68: warning: atom is undefined: attribute(P,V,A,X) /usr/share/aspcud/encodings/misc2012.lp:109:70-88: warning: atom is undefined: attribute(P,V,B,Y) /usr/share/aspcud/encodings/misc2012.lp:30:22-41: warning: atom is undefined: recommends(P,V,D,W)
+ t=/tmp/tmp.KcbkgYeW35
+ curl -sL clasp version 2.1.4 Reading from outJNAOPs/gringo_out Solving... Answer: 6 'in("joolog",1)' 'in("base-bigarray",1)' 'in("base-unix",1)' 'in("ocamlfind",6)' 'in("base' OPTIMUM FOUND Models : 1 Enumerated: 6 Optimum : yes Optimization: 0 2 11 Time : 0.009s '(Solving:' 0.00s 1st Model: 0.00s Unsat: '0.00s)' CPU Time : 0.010s Choices : 62 Conflicts : 7 Restarts : 0 Atoms : 8383 Rules : 9135 '(1:' 9042 2: 11 3: 79 6: '3)' Bodies : 406 Equivalences: 16925 '(Atom=Atom:' 8189 Body=Body: 130 Other: '8606)' Tight : Yes Variables : 280 '(Eliminated:' 61 Frozen: '111)' Constraints : 466 '(Binary:' 93.3% Ternary: 0.9% Other: '5.8%)' Lemmas : 6 '(Binary:' 33.3% Ternary: 33.3% Other: '33.3%)' Conflict : 6 '(Average' Length: '2.5)' Loop : 0 '(Average' Length: '0.0)' Other : 0 '(Average' Length: '0.0)' Deleted : 0 Backtracks : 1 Backjumps : 6 '(Bounded:' '1)' Skippable Levels : 13 '(Skipped:' 12 Rate: '92.3%)' Max Jump Length : 6 '(Executed:' '6)' Max Bound Length : 1 Average Jump Length : 2.2 '(Executed:' '2.0)' Average Bound Length: 1.0 Average Model Length: 10.8 /usr/share/aspcud/encodings/misc2012.lp:150:57-76: warning: atom is undefined: 'recommends(P,V,D,W)' /usr/share/aspcud/encodings/misc2012.lp:148:57-75: warning: atom is undefined: 'attribute(P,V,A,X)' /usr/share/aspcud/encodings/misc2012.lp:138:57-76: warning: atom is undefined: 'recommends(P,V,D,W)' /usr/share/aspcud/encodings/misc2012.lp:164:42-61: warning: atom is undefined: 'recommends(P,V,D,W)' /usr/share/aspcud/encodings/misc2012.lp:161:63-81: warning: atom is undefined: 'attribute(P,V,A,X)' /usr/share/aspcud/encodings/misc2012.lp:109:50-68: warning: atom is undefined: 'attribute(P,V,A,X)' /usr/share/aspcud/encodings/misc2012.lp:109:70-88: warning: atom is undefined: 'attribute(P,V,B,Y)' /usr/share/aspcud/encodings/misc2012.lp:30:22-41: warning: atom is undefined: 'recommends(P,V,D,W)'
+ bash -ex /tmp/tmp.KcbkgYeW35
+ opam install joolog
clasp version 2.1.4
Reading from outkv1Zl5/gringo_out
Solving...
Answer: 6
in("joolog",1) in("base-bigarray",1) in("base-unix",1) in("ocamlfind",6) in("base
OPTIMUM FOUND

Models      : 1     
  Enumerated: 6
  Optimum   : yes
Optimization: 0 2 11
Time        : 0.015s (Solving: 0.00s 1st Model: 0.00s Unsat: 0.00s)
CPU Time    : 0.010s
Choices     : 62
Conflicts   : 7
Restarts    : 0     

Atoms       : 8383  
Rules       : 9135   (1: 9042 2: 11 3: 79 6: 3)
Bodies      : 406   
Equivalences: 16925  (Atom=Atom: 8189 Body=Body: 130 Other: 8606)
Tight       : Yes

Variables   : 280    (Eliminated:   61 Frozen:  111)
Constraints : 466    (Binary: 93.3% Ternary:  0.9% Other:  5.8%)
Lemmas      : 6      (Binary: 33.3% Ternary: 33.3% Other: 33.3%)
  Conflict  : 6      (Average Length: 2.5) 
  Loop      : 0      (Average Length: 0.0) 
  Other     : 0      (Average Length: 0.0)
  Deleted   : 0     

Backtracks          : 1     
Backjumps           : 6      (Bounded: 1)
Skippable Levels    : 13     (Skipped: 12 Rate:  92.3%)
Max Jump Length     : 6      (Executed: 6)
Max Bound Length    : 1     
Average Jump Length : 2.2    (Executed: 2.0)
Average Bound Length: 1.0   
Average Model Length: 10.8  
/usr/share/aspcud/encodings/misc2012.lp:150:57-76: warning: atom is undefined:
  recommends(P,V,D,W)

/usr/share/aspcud/encodings/misc2012.lp:148:57-75: warning: atom is undefined:
  attribute(P,V,A,X)

/usr/share/aspcud/encodings/misc2012.lp:138:57-76: warning: atom is undefined:
  recommends(P,V,D,W)

/usr/share/aspcud/encodings/misc2012.lp:164:42-61: warning: atom is undefined:
  recommends(P,V,D,W)

/usr/share/aspcud/encodings/misc2012.lp:161:63-81: warning: atom is undefined:
  attribute(P,V,A,X)

/usr/share/aspcud/encodings/misc2012.lp:109:50-68: warning: atom is undefined:
  attribute(P,V,A,X)

/usr/share/aspcud/encodings/misc2012.lp:109:70-88: warning: atom is undefined:
  attribute(P,V,B,Y)

/usr/share/aspcud/encodings/misc2012.lp:30:22-41: warning: atom is undefined:
  recommends(P,V,D,W)

The following actions will be performed:
 - install   menhir.20130912                       [required by js_of_ocaml]
 - install   ocamlify.0.0.1                        [required by oasis]
 - install   camlp4.4.02.0                         [required by joolog]
 - install   react.0.9.4                           [required by joolog]
 - install   ocamlmod.0.0.7                        [required by oasis]
 - install   type_conv.111.13.00                   [required by ocaml-data-notation]
 - install   lwt.2.4.4                             [required by joolog]
 - install   ocaml-data-notation.0.0.11            [required by oasis]
 - install   js_of_ocaml.2.4                       [required by joolog]
 - install   oasis.0.4.4                           [required by joolog]
 - install   joolog.0.4
=== 11 to install ===

=-=-=-=-=-=-=-=-=-=-=-=- Synchronizing package archives -=-=-=-=-=-=-=-=-=-=-=-=
[camlp4.4.02.0] Fetching git://github.com/ocaml/camlp4#4.02
[joolog.0.4] Downloading https://github.com/hhugo/jsoolog/archive/0.4.tar.gz
[js_of_ocaml.2.4] Downloading https://github.com/ocsigen/js_of_ocaml/archive/2.4.tar.gz
Initialized empty Git repository in /home/opam/.opam/packages.dev/camlp4.4.02.0/.git/
  % Total    % Received % Xferd  Average Speed   Time    Time     Time  Current
                                 Dload  Upload   Total   Spent    Left  Speed
  0     0    0     0    0     0      0      0 --:--:-- --:--:-- --:--:--     0  % Total    % Received % Xferd  Average Speed   Time    Time     Time  Current
                                 Dload  Upload   Total   Spent    Left  Speed
  0     0    0     0    0     0      0      0 --:--:-- --:--:-- --:--:--     0100   118    0   118    0     0    322      0 --:--:-- --:--:-- --:--:--   323
100   124    0   124    0     0    317      0 --:--:-- --:--:-- --:--:--   318
  0     0    0  5312    0     0   7099      0 --:--:-- --:--:-- --:--:--  7099
200
[lwt.2.4.4] Downloading https://github.com/ocsigen/lwt/archive/2.4.4.tar.gz
  % Total    % Received % Xferd  Average Speed   Time    Time     Time  Current
                                 Dload  Upload   Total   Spent    Left  Speed
  0     0    0     0    0     0      0      0 --:--:-- --:--:-- --:--:--     0  1 1213k    1 14556    0     0  17315      0  0:01:11 --:--:--  0:01:11 17315100   118    0   118    0     0    315      0 --:--:-- --:--:-- --:--:--   316
  0     0    0 31008    0     0  32233      0 --:--:-- --:--:-- --:--:-- 32233 61 1213k   61  746k    0     0   400k      0  0:00:03  0:00:01  0:00:02  715k  0     0    0  287k    0     0   220k      0 --:--:--  0:00:01 --:--:--  749k
200
[menhir.20130912] Downloading http://cristal.inria.fr/~fpottier/menhir/menhir-20130911.tar.gz
  % Total    % Received % Xferd  Average Speed   Time    Time     Time  Current
                                 Dload  Upload   Total   Spent    Left  Speed
  0     0    0     0    0     0      0      0 --:--:-- --:--:-- --:--:--     0100 1213k  100 1213k    0     0   535k      0  0:00:02  0:00:02 --:--:--  841k
200
[oasis.0.4.4] Downloading https://forge.ocamlcore.org/frs/download.php/1391/oasis-0.4.4.tar.gz
  % Total    % Received % Xferd  Average Speed   Time    Time     Time  Current
                                 Dload  Upload   Total   Spent    Left  Speed
  0     0    0     0    0     0      0      0 --:--:-- --:--:-- --:--:--     0100  534k  100  534k    0     0  1649k      0 --:--:-- --:--:-- --:--:-- 1655k
200
[ocaml-data-notation.0.0.11] Downloading https://forge.ocamlcore.org/frs/download.php/1310/ocaml-data-notation-0.0.11.tar.gz
  % Total    % Received % Xferd  Average Speed   Time    Time     Time  Current
                                 Dload  Upload   Total   Spent    Left  Speed
  0     0    0     0    0     0      0      0 --:--:-- --:--:-- --:--:--     0100  325k  100  325k    0     0   914k      0 --:--:-- --:--:-- --:--:--  916k
200
[ocamlify.0.0.1] Downloading http://forge.ocamlcore.org/frs/download.php/379/ocamlify-0.0.1.tar.gz
  0 63968    0     0    0     0      0      0 --:--:-- --:--:-- --:--:--     0  % Total    % Received % Xferd  Average Speed   Time    Time     Time  Current
                                 Dload  Upload   Total   Spent    Left  Speed
  0     0    0     0    0     0      0      0 --:--:-- --:--:-- --:--:--     0100 63968  100 63968    0     0   299k      0 --:--:-- --:--:-- --:--:--  298k
200
[ocamlmod.0.0.7] Downloading https://forge.ocamlcore.org/frs/download.php/1350/ocamlmod-0.0.7.tar.gz
  % Total    % Received % Xferd  Average Speed   Time    Time     Time  Current
                                 Dload  Upload   Total   Spent    Left  Speed
  0     0    0     0    0     0      0      0 --:--:-- --:--:-- --:--:--     0100 46210  100 46210    0     0   350k      0 --:--:-- --:--:-- --:--:--  352k
200
[react.0.9.4] Downloading http://erratique.ch/software/react/releases/react-0.9.4.tbz
  % Total    % Received % Xferd  Average Speed   Time    Time     Time  Current
                                 Dload  Upload   Total   Spent    Left  Speed
  0     0    0     0    0     0      0      0 --:--:-- --:--:-- --:--:--     0100 46221  100 46221    0     0   252k      0 --:--:-- --:--:-- --:--:--  253k
200
[type_conv.111.13.00] Downloading https://ocaml.janestreet.com/ocaml-core/111.13.00/individual/type_conv-111.13.00.tar.gz
  % Total    % Received % Xferd  Average Speed   Time    Time     Time  Current
                                 Dload  Upload   Total   Spent    Left  Speed
  0     0    0     0    0     0      0      0 --:--:-- --:--:-- --:--:--     0100 82964  100 82964    0     0   504k      0 --:--:-- --:--:-- --:--:--  506k
200
100 61554  100 61554    0     0   101k      0 --:--:-- --:--:-- --:--:--  101k
200
From git://github.com/ocaml/camlp4
 * branch            4.02       -> FETCH_HEAD
 * [new branch]      4.02       -> origin/4.02
.depend
.gitignore
.ignore
.ocp-indent
.travis-ci.sh
.travis.yml
Changes
LICENSE
Makefile
README.md
_tags
build/camlp4-bootstrap-recipe.txt
build/camlp4-bootstrap.sh
build/camlp4-byte-only.sh
build/camlp4-mkCamlp4Ast.sh
build/camlp4-native-only.sh
build/camlp4-targets.sh
build/install.sh
camlp4/.ignore
camlp4/CHANGES
camlp4/Camlp4.mlpack
camlp4/Camlp4/Camlp4Ast.partial.ml
camlp4/Camlp4/Debug.ml
camlp4/Camlp4/Debug.mli
camlp4/Camlp4/ErrorHandler.ml
camlp4/Camlp4/ErrorHandler.mli
camlp4/Camlp4/OCamlInitSyntax.ml
camlp4/Camlp4/Options.ml
camlp4/Camlp4/Options.mli
camlp4/Camlp4/PreCast.ml
camlp4/Camlp4/PreCast.mli
camlp4/Camlp4/Printers.mlpack
camlp4/Camlp4/Printers/DumpCamlp4Ast.ml
camlp4/Camlp4/Printers/DumpCamlp4Ast.mli
camlp4/Camlp4/Printers/DumpOCamlAst.ml
camlp4/Camlp4/Printers/DumpOCamlAst.mli
camlp4/Camlp4/Printers/Null.ml
camlp4/Camlp4/Printers/Null.mli
camlp4/Camlp4/Printers/OCaml.ml
camlp4/Camlp4/Printers/OCaml.mli
camlp4/Camlp4/Printers/OCamlr.ml
camlp4/Camlp4/Printers/OCamlr.mli
camlp4/Camlp4/Register.ml
camlp4/Camlp4/Register.mli
camlp4/Camlp4/Sig.ml
camlp4/Camlp4/Struct.mlpack
camlp4/Camlp4/Struct/.ignore
camlp4/Camlp4/Struct/AstFilters.ml
camlp4/Camlp4/Struct/Camlp4Ast.mlast
camlp4/Camlp4/Struct/Camlp4Ast2OCamlAst.ml
camlp4/Camlp4/Struct/Camlp4Ast2OCamlAst.mli
camlp4/Camlp4/Struct/CleanAst.ml
camlp4/Camlp4/Struct/CommentFilter.ml
camlp4/Camlp4/Struct/CommentFilter.mli
camlp4/Camlp4/Struct/DynAst.ml
camlp4/Camlp4/Struct/DynLoader.ml
camlp4/Camlp4/Struct/DynLoader.mli
camlp4/Camlp4/Struct/EmptyError.ml
camlp4/Camlp4/Struct/EmptyError.mli
camlp4/Camlp4/Struct/EmptyPrinter.ml
camlp4/Camlp4/Struct/EmptyPrinter.mli
camlp4/Camlp4/Struct/FreeVars.ml
camlp4/Camlp4/Struct/FreeVars.mli
camlp4/Camlp4/Struct/Grammar.mlpack
camlp4/Camlp4/Struct/Grammar/Delete.ml
camlp4/Camlp4/Struct/Grammar/Dynamic.ml
camlp4/Camlp4/Struct/Grammar/Entry.ml
camlp4/Camlp4/Struct/Grammar/Failed.ml
camlp4/Camlp4/Struct/Grammar/Find.ml
camlp4/Camlp4/Struct/Grammar/Fold.ml
camlp4/Camlp4/Struct/Grammar/Fold.mli
camlp4/Camlp4/Struct/Grammar/Insert.ml
camlp4/Camlp4/Struct/Grammar/Parser.ml
camlp4/Camlp4/Struct/Grammar/Parser.mli
camlp4/Camlp4/Struct/Grammar/Print.ml
camlp4/Camlp4/Struct/Grammar/Print.mli
camlp4/Camlp4/Struct/Grammar/Search.ml
camlp4/Camlp4/Struct/Grammar/Static.ml
camlp4/Camlp4/Struct/Grammar/Structure.ml
camlp4/Camlp4/Struct/Grammar/Tools.ml
camlp4/Camlp4/Struct/Lexer.mll
camlp4/Camlp4/Struct/Loc.ml
camlp4/Camlp4/Struct/Loc.mli
camlp4/Camlp4/Struct/Quotation.ml
camlp4/Camlp4/Struct/Token.ml
camlp4/Camlp4/Struct/Token.mli
camlp4/Camlp4/Utils.ml
camlp4/Camlp4/Utils.mli
camlp4/Camlp4Bin.ml
camlp4/Camlp4Filters/Camlp4AstLifter.ml
camlp4/Camlp4Filters/Camlp4ExceptionTracer.ml
camlp4/Camlp4Filters/Camlp4FoldGenerator.ml
camlp4/Camlp4Filters/Camlp4LocationStripper.ml
camlp4/Camlp4Filters/Camlp4MapGenerator.ml
camlp4/Camlp4Filters/Camlp4MetaGenerator.ml
camlp4/Camlp4Filters/Camlp4Profiler.ml
camlp4/Camlp4Filters/Camlp4TrashRemover.ml
camlp4/Camlp4Parsers/Camlp4AstLoader.ml
camlp4/Camlp4Parsers/Camlp4DebugParser.ml
camlp4/Camlp4Parsers/Camlp4GrammarParser.ml
camlp4/Camlp4Parsers/Camlp4ListComprehension.ml
camlp4/Camlp4Parsers/Camlp4MacroParser.ml
camlp4/Camlp4Parsers/Camlp4OCamlOriginalQuotationExpander.ml
camlp4/Camlp4Parsers/Camlp4OCamlParser.ml
camlp4/Camlp4Parsers/Camlp4OCamlParserParser.ml
camlp4/Camlp4Parsers/Camlp4OCamlReloadedParser.ml
camlp4/Camlp4Parsers/Camlp4OCamlRevisedParser.ml
camlp4/Camlp4Parsers/Camlp4OCamlRevisedParserParser.ml
camlp4/Camlp4Parsers/Camlp4OCamlRevisedQuotationExpander.ml
camlp4/Camlp4Parsers/Camlp4QuotationCommon.ml
camlp4/Camlp4Parsers/Camlp4QuotationExpander.ml
camlp4/Camlp4Printers/Camlp4AstDumper.ml
camlp4/Camlp4Printers/Camlp4AutoPrinter.ml
camlp4/Camlp4Printers/Camlp4NullDumper.ml
camlp4/Camlp4Printers/Camlp4OCamlAstDumper.ml
camlp4/Camlp4Printers/Camlp4OCamlPrinter.ml
camlp4/Camlp4Printers/Camlp4OCamlRevisedPrinter.ml
camlp4/Camlp4Top.mlpack
camlp4/Camlp4Top/Rprint.ml
camlp4/Camlp4Top/Top.ml
camlp4/ICHANGES
camlp4/META.in
camlp4/boot/.ignore
camlp4/boot/Camlp4.ml
camlp4/boot/Camlp4.ml4
camlp4/boot/Camlp4Ast.ml
camlp4/boot/camlp4boot.ml
camlp4/boot/camlp4boot.ml4
camlp4/build/.ignore
camlp4/camlp4.odocl
camlp4/camlp4fulllib.mllib
camlp4/camlp4lib.mllib
camlp4/camlp4prof.ml
camlp4/camlp4prof.mli
camlp4/config/Camlp4_config.ml
camlp4/config/Camlp4_config.mli
camlp4/config/gen_import.ml
camlp4/examples/_tags
camlp4/examples/all.itarget
camlp4/examples/apply_operator.ml
camlp4/examples/apply_operator_test.ml
camlp4/examples/arith.ml
camlp4/examples/debug_extension.ml
camlp4/examples/ex_str.ml
camlp4/examples/ex_str_test.ml
camlp4/examples/expression_closure.ml
camlp4/examples/expression_closure_filter.ml
camlp4/examples/expression_closure_test.ml
camlp4/examples/fancy_lambda_quot.ml
camlp4/examples/fancy_lambda_quot_test.ml
camlp4/examples/free_vars_test.ml
camlp4/examples/gen_match_case.ml
camlp4/examples/gen_type_N.ml
camlp4/examples/gettext_test.ml
camlp4/examples/global_handler.ml
camlp4/examples/global_handler_test.ml
camlp4/examples/lambda_parser.ml
camlp4/examples/lambda_quot.ml
camlp4/examples/lambda_quot_expr.ml
camlp4/examples/lambda_quot_patt.ml
camlp4/examples/lambda_test.ml
camlp4/examples/macros.ml
camlp4/examples/parse_files.ml
camlp4/examples/syb_fold.ml
camlp4/examples/syb_map.ml
camlp4/examples/test.itarget
camlp4/examples/test_macros.ml
camlp4/examples/test_type_quotation.ml
camlp4/examples/type_quotation.ml
camlp4/import/.keepme
camlp4/mkcamlp4.ml
camlp4/test/fixtures/assert.ml
camlp4/test/fixtures/backquoted_irrefutable_tuple.ml
camlp4/test/fixtures/backquoted_record.ml
camlp4/test/fixtures/backquoted_tuple.ml
camlp4/test/fixtures/big-tab1.ml
camlp4/test/fixtures/big-tab2.ml
camlp4/test/fixtures/big-tab3.ml
camlp4/test/fixtures/bug-4058.ml
camlp4/test/fixtures/bug-4337.ml
camlp4/test/fixtures/bug-by-vincent-balat.ml
camlp4/test/fixtures/bug-camlp4o-benjamin-monate.ml
camlp4/test/fixtures/bug-camlp4o-constr-arity-expr.ml
camlp4/test/fixtures/bug-camlp4o-constr-arity.ml
camlp4/test/fixtures/bug_escaping_quot.ml
camlp4/test/fixtures/chars.ml
camlp4/test/fixtures/class_expr_quot.ml
camlp4/test/fixtures/comments.ml
camlp4/test/fixtures/comments.mli
camlp4/test/fixtures/comments2.ml
camlp4/test/fixtures/constant-parser.ml
camlp4/test/fixtures/curry-constr.ml
camlp4/test/fixtures/default_quotation.ml
camlp4/test/fixtures/exception-with-eqn-bug.ml
camlp4/test/fixtures/external.ml
camlp4/test/fixtures/fun.ml
camlp4/test/fixtures/functor-perf.ml
camlp4/test/fixtures/functor-perf2.gen.ml
camlp4/test/fixtures/functor-perf2.ml
camlp4/test/fixtures/functor-perf3.ml
camlp4/test/fixtures/gen_map.ml
camlp4/test/fixtures/gram-fold.ml
camlp4/test/fixtures/gram-list.ml
camlp4/test/fixtures/gram-loc-lost.ml
camlp4/test/fixtures/gram-sub-rule.ml
camlp4/test/fixtures/gram-tree.ml
camlp4/test/fixtures/gram-tree2.ml
camlp4/test/fixtures/gram-tree3.ml
camlp4/test/fixtures/gram.ml
camlp4/test/fixtures/idents
camlp4/test/fixtures/idents1
camlp4/test/fixtures/idents2
camlp4/test/fixtures/if.ml
camlp4/test/fixtures/label.ml
camlp4/test/fixtures/lambda_free.ml
camlp4/test/fixtures/loc-bug.ml
camlp4/test/fixtures/macrotest.ml
camlp4/test/fixtures/macrotest.mli
camlp4/test/fixtures/macrotest2.ml
camlp4/test/fixtures/macrotest3.ml
camlp4/test/fixtures/make_extend.ml
camlp4/test/fixtures/match.ml
camlp4/test/fixtures/match_parser.ml
camlp4/test/fixtures/meta_multi_term.ml
camlp4/test/fixtures/metalib.ml
camlp4/test/fixtures/method_private_virtual.ml
camlp4/test/fixtures/mod.ml
camlp4/test/fixtures/mod2.ml
camlp4/test/fixtures/operators.ml
camlp4/test/fixtures/operators.mli
camlp4/test/fixtures/original_syntax.ml
camlp4/test/fixtures/outside-scope.ml
camlp4/test/fixtures/parser.ml
camlp4/test/fixtures/pp_let_in.ml
camlp4/test/fixtures/pp_let_in2.ml
camlp4/test/fixtures/pp_xml.ml
camlp4/test/fixtures/pprecordtyp.ml
camlp4/test/fixtures/pr4314.ml
camlp4/test/fixtures/pr4314gram1.ml
camlp4/test/fixtures/pr4314gram2.ml
camlp4/test/fixtures/pr4314gram3.ml
camlp4/test/fixtures/pr4314gram4.ml
camlp4/test/fixtures/pr4314gram5.ml
camlp4/test/fixtures/pr4329.ml
camlp4/test/fixtures/pr4330.ml
camlp4/test/fixtures/pr4357.ml
camlp4/test/fixtures/pr4357sample.ml
camlp4/test/fixtures/pr4357sample2.ml
camlp4/test/fixtures/pr4452.ml
camlp4/test/fixtures/private_row.ml
camlp4/test/fixtures/rec.ml
camlp4/test/fixtures/seq.ml
camlp4/test/fixtures/seq2.ml
camlp4/test/fixtures/simplify.ml
camlp4/test/fixtures/simplify_r.ml
camlp4/test/fixtures/stream-parser-bug.ml
camlp4/test/fixtures/string.ml
camlp4/test/fixtures/superfluous.ml
camlp4/test/fixtures/transform-examples.ml
camlp4/test/fixtures/try.ml
camlp4/test/fixtures/tuple_as_retval.ml
camlp4/test/fixtures/type.ml
camlp4/test/fixtures/type_decl.ml
camlp4/test/fixtures/unit.ml
camlp4/test/fixtures/use.ml
camlp4/test/fixtures/where.o.ml
camlp4/test/fixtures/where.r.ml
camlp4/unmaintained/Makefile
camlp4/unmaintained/compile/.depend
camlp4/unmaintained/compile/.ignore
camlp4/unmaintained/compile/Makefile
camlp4/unmaintained/compile/comp_head.ml
camlp4/unmaintained/compile/comp_trail.ml
camlp4/unmaintained/compile/compile.ml
camlp4/unmaintained/compile/compile.sh
camlp4/unmaintained/etc/.depend
camlp4/unmaintained/etc/.ignore
camlp4/unmaintained/etc/Makefile
camlp4/unmaintained/etc/pa_fstream.ml
camlp4/unmaintained/etc/pa_ifdef.ml
camlp4/unmaintained/etc/pa_oop.ml
camlp4/unmaintained/etc/pa_ru.ml
camlp4/unmaintained/etc/parserify.ml
camlp4/unmaintained/etc/parserify.mli
camlp4/unmaintained/etc/pr_depend.ml
camlp4/unmaintained/etc/pr_extend.ml
camlp4/unmaintained/etc/pr_extfun.ml
camlp4/unmaintained/etc/pr_null.ml
camlp4/unmaintained/etc/pr_op.ml
camlp4/unmaintained/etc/pr_op_main.ml
camlp4/unmaintained/etc/pr_rp.ml
camlp4/unmaintained/etc/pr_rp_main.ml
camlp4/unmaintained/etc/q_phony.ml
camlp4/unmaintained/extfold/README
camlp4/unmaintained/extfold/pa_extfold.ml
camlp4/unmaintained/format/.depend
camlp4/unmaintained/format/Makefile
camlp4/unmaintained/format/README
camlp4/unmaintained/format/pa_format.ml
camlp4/unmaintained/lefteval/.depend
camlp4/unmaintained/lefteval/Makefile
camlp4/unmaintained/lefteval/README
camlp4/unmaintained/lefteval/pa_lefteval.ml
camlp4/unmaintained/lib/.cvsignore
camlp4/unmaintained/lib/.depend
camlp4/unmaintained/lib/Makefile
camlp4/unmaintained/lib/extfun.ml
camlp4/unmaintained/lib/extfun.mli
camlp4/unmaintained/lib/fstream.ml
camlp4/unmaintained/lib/fstream.mli
camlp4/unmaintained/ocamllex/Makefile
camlp4/unmaintained/ocamllex/README
camlp4/unmaintained/ocamllex/pa_ocamllex.ml
camlp4/unmaintained/ocpp/.depend
camlp4/unmaintained/ocpp/.ignore
camlp4/unmaintained/ocpp/Makefile
camlp4/unmaintained/ocpp/ocpp.ml
camlp4/unmaintained/odyl/.depend
camlp4/unmaintained/odyl/.ignore
camlp4/unmaintained/odyl/Makefile
camlp4/unmaintained/odyl/odyl.ml
camlp4/unmaintained/odyl/odyl_main.mli
camlp4/unmaintained/olabl/.depend
camlp4/unmaintained/olabl/Makefile
camlp4/unmaintained/olabl/README
camlp4/unmaintained/olabl/pa_olabl.ml
camlp4/unmaintained/scheme/.depend
camlp4/unmaintained/scheme/Makefile
camlp4/unmaintained/scheme/README
camlp4/unmaintained/scheme/pa_scheme.ml
camlp4/unmaintained/scheme/pa_scheme.sc
camlp4/unmaintained/scheme/pr_scheme.ml
camlp4/unmaintained/scheme/pr_schp_main.ml
camlp4/unmaintained/sml/.depend
camlp4/unmaintained/sml/Makefile
camlp4/unmaintained/sml/README
camlp4/unmaintained/sml/pa_sml.ml
camlp4/unmaintained/sml/smllib.sml
configure
myocamlbuild.ml
HEAD is now at 87c6a6b allow to specify LIBDIR, BINDIR and PKGDIR at configuration time

=-=-=-=-=-=-=-=-=-=-=-=-=-=-= Installing packages -=-=-=-=-=-=-=-=-=-=-=-=-=-=-=
Building camlp4.4.02.0:
  ./configure --bindir=/home/opam/.opam/4.02.0+trunk/bin --libdir=/home/opam/.opam/4.02.0+trunk/lib/ocaml --pkgdir=/home/opam/.opam/4.02.0+trunk/lib
  make all
  make install install-META
ocamlbuild -classic-display -no-ocamlfind `./build/camlp4-byte-only.sh`
+ echo camlp4/Camlp4.cmo camlp4/Camlp4Top.cmo camlp4/camlp4prof.byte camlp4/mkcamlp4.byte camlp4/camlp4.byte camlp4/camlp4fulllib.cma camlp4/camlp4boot.byte camlp4/camlp4boot.cma camlp4/camlp4r.byte camlp4/camlp4r.cma camlp4/camlp4rf.byte camlp4/camlp4rf.cma camlp4/camlp4o.byte camlp4/camlp4o.cma camlp4/camlp4of.byte camlp4/camlp4of.cma camlp4/camlp4oof.byte camlp4/camlp4oof.cma camlp4/camlp4orf.byte camlp4/camlp4orf.cma camlp4/Camlp4Parsers/Camlp4AstLoader.cmo camlp4/Camlp4Parsers/Camlp4DebugParser.cmo camlp4/Camlp4Parsers/Camlp4GrammarParser.cmo camlp4/Camlp4Parsers/Camlp4ListComprehension.cmo camlp4/Camlp4Parsers/Camlp4MacroParser.cmo camlp4/Camlp4Parsers/Camlp4OCamlOriginalQuotationExpander.cmo camlp4/Camlp4Parsers/Camlp4OCamlParser.cmo camlp4/Camlp4Parsers/Camlp4OCamlParserParser.cmo camlp4/Camlp4Parsers/Camlp4OCamlReloadedParser.cmo camlp4/Camlp4Parsers/Camlp4OCamlRevisedParser.cmo camlp4/Camlp4Parsers/Camlp4OCamlRevisedParserParser.cmo camlp4/Camlp4Parsers/Camlp4OCamlRevisedQuotationExpander.cmo camlp4/Camlp4Parsers/Camlp4QuotationCommon.cmo camlp4/Camlp4Parsers/Camlp4QuotationExpander.cmo camlp4/Camlp4Printers/Camlp4AstDumper.cmo camlp4/Camlp4Printers/Camlp4AutoPrinter.cmo camlp4/Camlp4Printers/Camlp4NullDumper.cmo camlp4/Camlp4Printers/Camlp4OCamlAstDumper.cmo camlp4/Camlp4Printers/Camlp4OCamlPrinter.cmo camlp4/Camlp4Printers/Camlp4OCamlRevisedPrinter.cmo camlp4/Camlp4Filters/Camlp4AstLifter.cmo camlp4/Camlp4Filters/Camlp4ExceptionTracer.cmo camlp4/Camlp4Filters/Camlp4FoldGenerator.cmo camlp4/Camlp4Filters/Camlp4LocationStripper.cmo camlp4/Camlp4Filters/Camlp4MapGenerator.cmo camlp4/Camlp4Filters/Camlp4MetaGenerator.cmo camlp4/Camlp4Filters/Camlp4Profiler.cmo camlp4/Camlp4Filters/Camlp4TrashRemover.cmo
Failure: TODO.
make: *** [byte] Error 2
Removing camlp4.4.02.0.
[ERROR] The compilation of camlp4.4.02.0 failed.
  ocamlfind remove camlp4
  rm -rf /home/opam/.opam/4.02.0+trunk/lib/ocaml/camlp4
  rm -f /home/opam/.opam/4.02.0+trunk/bin/camlp4 /home/opam/.opam/4.02.0+trunk/bin/camlp4boot /home/opam/.opam/4.02.0+trunk/bin/mkcamlp4 /home/opam/.opam/4.02.0+trunk/bin/camlp4r /home/opam/.opam/4.02.0+trunk/bin/camlp4rf /home/opam/.opam/4.02.0+trunk/bin/camlp4orf /home/opam/.opam/4.02.0+trunk/bin/camlp4o /home/opam/.opam/4.02.0+trunk/bin/camlp4of /home/opam/.opam/4.02.0+trunk/bin/camlp4oof /home/opam/.opam/4.02.0+trunk/bin/camlp4prof
ocamlfind: [WARNING] No such directory: /home/opam/.opam/4.02.0+trunk/lib/camlp4
Copying ~/.opam/repo/default/packages/menhir/menhir.20130912/files/menhir.install to ~/.opam/4.02.0+trunk/build/menhir.20130912/
Building menhir.20130912:
  make install PREFIX=/home/opam/.opam/4.02.0+trunk docdir=/home/opam/.opam/4.02.0+trunk/doc/menhir libdir=/home/opam/.opam/4.02.0+trunk/lib/menhir mandir=/home/opam/.opam/4.02.0+trunk/man/man1
rm -f src/installation.ml
echo "let libdir = \"/home/opam/.opam/4.02.0+trunk/lib/menhir\"" > src/installation.ml
if ocamlfind ocamlc -v >/dev/null 2>&1 ; then \
	  echo "let ocamlfind = true" >> src/installation.ml ; \
	else \
	  echo "let ocamlfind = false" >> src/installation.ml ; \
	fi
make -C src library bootstrap
make[1]: Entering directory `/home/opam/.opam/4.02.0+trunk/build/menhir.20130912/src'
ocamlbuild -classic-display -use-ocamlfind -j 0 menhirLib.cmo menhirLib.cmx
Failure: TODO.
make[1]: *** [library] Error 2
make[1]: Leaving directory `/home/opam/.opam/4.02.0+trunk/build/menhir.20130912/src'
make: *** [all] Error 2
[ERROR] The compilation of menhir.20130912 failed.
Removing menhir.20130912.
  ocamlfind remove menhirLib
ocamlfind: [WARNING] No such directory: /home/opam/.opam/4.02.0+trunk/lib/menhirLib
Copying ~/.opam/repo/default/packages/ocamlify/ocamlify.0.0.1/files/ocamlify.install to ~/.opam/4.02.0+trunk/build/ocamlify.0.0.1/
Building ocamlify.0.0.1:
  ocaml setup.ml -configure --prefix /home/opam/.opam/4.02.0+trunk
  ocaml setup.ml -build
  ocaml setup.ml -install
I: Running command '/home/opam/.opam/4.02.0+trunk/bin/ocamlc.opt -config > /tmp/oasis-a93223.txt'
I: Running command '/home/opam/.opam/4.02.0+trunk/bin/ocamlfind query -format %v findlib > /tmp/oasis-74d6bf.txt'

Configuration: 

OCamlbuild additional flags: ................... 
Compile with ocaml profile flag on.: ........... false
Compile with ocaml debug flag on.: ............. true
Remove a directory.: ........................... rm -rf
Remove a file.: ................................ rm -f
suffix_program: ................................ 
is_native: ..................................... true
findlib_version: ............................... 1.5.2
PS documentation: .............................. $docdir
PDF documentation: ............................. $docdir
DVI documentation: ............................. $docdir
HTML documentation: ............................ $docdir
Documentation root: ............................ $datarootdir/doc/$pkg_name
Man documentation: ............................. $datarootdir/man
Locale-dependent data: ......................... $datarootdir/locale
Info documentation: ............................ $datarootdir/info
Read-only architecture-independent data: ....... $datarootdir
Read-only arch-independent data root: .......... $prefix/share
Object code libraries: ......................... $exec_prefix/lib
Modifiable single-machine data: ................ $prefix/var
Modifiable architecture-independent data: ...... $prefix/com
Read-only single-machine data: ................. $prefix/etc
Program executables: ........................... $exec_prefix/libexec
System admin executables: ...................... $exec_prefix/sbin
User executables: .............................. $exec_prefix/bin
Install architecture-dependent files in dir: ... $prefix
Install architecture-independent files dir: .... /home/opam/.opam/4.02.0+trunk
systhread_supported: ........................... true
default_executable_name: ....................... a.out
ext_dll: ....................................... .so
ext_lib: ....................................... .a
ext_asm: ....................................... .s
ext_obj: ....................................... .o
model: ......................................... default
native_c_compiler: ............................. gcc -Wall -D_FILE_OFFSET_BITS=64 -D_REENTRANT
bytecomp_c_compiler: ........................... gcc -fno-defer-pop -Wall -D_FILE_OFFSET_BITS=64 -D_REENTRANT -fPIC
standard_runtime: .............................. /home/opam/.opam/4.02.0+trunk/bin/ocamlrun
standard_library: .............................. /home/opam/.opam/4.02.0+trunk/lib/ocaml
standard_library_default: ...................... /home/opam/.opam/4.02.0+trunk/lib/ocaml
ocaml_version: ................................. 4.02.0+dev13-2014-08-18
ccomp_type: .................................... cc
architecture: .................................. amd64
system: ........................................ linux
os_type: ....................................... Unix
Package version: ............................... 0.0.1
Package name: .................................. ocamlify
ocamlbuild: .................................... /home/opam/.opam/4.02.0+trunk/bin/ocamlbuild
ocamlopt: ...................................... /home/opam/.opam/4.02.0+trunk/bin/ocamlopt.opt
ocamlc: ........................................ /home/opam/.opam/4.02.0+trunk/bin/ocamlc.opt
ocamlfind: ..................................... /home/opam/.opam/4.02.0+trunk/bin/ocamlfind

I: Running command '/home/opam/.opam/4.02.0+trunk/bin/ocamlbuild src/ocamlify.byte -tag debug'
Failure: TODO.
E: Command '/home/opam/.opam/4.02.0+trunk/bin/ocamlbuild src/ocamlify.byte -tag debug' terminated with error code 2
[ERROR] The compilation of ocamlify.0.0.1 failed.
Removing ocamlify.0.0.1.
  Nothing to do.
Copying ~/.opam/repo/default/packages/ocamlmod/ocamlmod.0.0.7/files/ocamlmod.install to ~/.opam/4.02.0+trunk/build/ocamlmod.0.0.7/
Building ocamlmod.0.0.7:
  ocaml setup.ml -configure --prefix /home/opam/.opam/4.02.0+trunk
  ocaml setup.ml -build
  ocaml setup.ml -install
File "setup.ml", line 255, characters 8-26:
Warning 3: deprecated: String.set
File "setup.ml", line 2094, characters 6-24:
Warning 3: deprecated: Lazy.lazy_from_fun

Configuration: 
ocamlfind: ........................................... /home/opam/.opam/4.02.0+trunk/bin/ocamlfind
ocamlc: .............................................. /home/opam/.opam/4.02.0+trunk/bin/ocamlc.opt
ocamlopt: ............................................ /home/opam/.opam/4.02.0+trunk/bin/ocamlopt.opt
ocamlbuild: .......................................... /home/opam/.opam/4.02.0+trunk/bin/ocamlbuild
Package name: ........................................ ocamlmod
Package version: ..................................... 0.0.7
os_type: ............................................. Unix
system: .............................................. linux
architecture: ........................................ amd64
ccomp_type: .......................................... cc
ocaml_version: ....................................... 4.02.0
standard_library_default: ............................ /home/opam/.opam/4.02.0+trunk/lib/ocaml
standard_library: .................................... /home/opam/.opam/4.02.0+trunk/lib/ocaml
standard_runtime: .................................... /home/opam/.opam/4.02.0+trunk/bin/ocamlrun
bytecomp_c_compiler: ................................. gcc -fno-defer-pop -Wall -D_FILE_OFFSET_BITS=64 -D_REENTRANT -fPIC
native_c_compiler: ................................... gcc -Wall -D_FILE_OFFSET_BITS=64 -D_REENTRANT
model: ............................................... default
ext_obj: ............................................. .o
ext_asm: ............................................. .s
ext_lib: ............................................. .a
ext_dll: ............................................. .so
default_executable_name: ............................. a.out
systhread_supported: ................................. true
Install architecture-independent files dir: .......... /home/opam/.opam/4.02.0+trunk
Install architecture-dependent files in dir: ......... $prefix
User executables: .................................... $exec_prefix/bin
System admin executables: ............................ $exec_prefix/sbin
Program executables: ................................. $exec_prefix/libexec
Read-only single-machine data: ....................... $prefix/etc
Modifiable architecture-independent data: ............ $prefix/com
Modifiable single-machine data: ...................... $prefix/var
Object code libraries: ............................... $exec_prefix/lib
Read-only arch-independent data root: ................ $prefix/share
Read-only architecture-independent data: ............. $datarootdir
Info documentation: .................................. $datarootdir/info
Locale-dependent data: ............................... $datarootdir/locale
Man documentation: ................................... $datarootdir/man
Documentation root: .................................. $datarootdir/doc/$pkg_name
HTML documentation: .................................. $docdir
DVI documentation: ................................... $docdir
PDF documentation: ................................... $docdir
PS documentation: .................................... $docdir
findlib_version: ..................................... 1.5.2
is_native: ........................................... true
suffix_program: ...................................... 
Remove a file.: ...................................... rm -f
Remove a directory.: ................................. rm -rf
Turn ocaml debug flag on: ............................ true
Turn ocaml profile flag on: .......................... false
Compiler support generation of .cmxs.: ............... true
OCamlbuild additional flags: ......................... 
Create documentations: ............................... true
Compile tests executable and library and run them: ... false
pkg_str: ............................................. /home/opam/.opam/4.02.0+trunk/lib/ocaml

File "setup.ml", line 255, characters 8-26:
Warning 3: deprecated: String.set
File "setup.ml", line 2094, characters 6-24:
Warning 3: deprecated: Lazy.lazy_from_fun
Failure: TODO.
E: Failure("Command ''/home/opam/.opam/4.02.0+trunk/bin/ocamlbuild' src/ocamlmod.byte -tag debug' terminated with error code 2")
Removing ocamlmod.0.0.7.
[ERROR] The compilation of ocamlmod.0.0.7 failed.
  Nothing to do.
Building react.0.9.4:
  ocaml setup.ml -configure --prefix /home/opam/.opam/4.02.0+trunk
  ocaml setup.ml -build
  ocaml setup.ml -install
File "/Users/dbuenzli/.odb/install-oasis/oasis-0.3.0/src/oasis/OASISString.ml", line 118, characters 8-26:
Warning 3: deprecated: String.set
File "/Users/dbuenzli/.odb/install-oasis/oasis-0.3.0/src/oasis/OASISLibrary.ml", line 402, characters 6-24:
Warning 3: deprecated: Lazy.lazy_from_fun

Configuration: 
ocamlfind: ........................................... /home/opam/.opam/4.02.0+trunk/bin/ocamlfind
ocamlc: .............................................. /home/opam/.opam/4.02.0+trunk/bin/ocamlc.opt
ocamlopt: ............................................ /home/opam/.opam/4.02.0+trunk/bin/ocamlopt.opt
ocamlbuild: .......................................... /home/opam/.opam/4.02.0+trunk/bin/ocamlbuild
Package name: ........................................ react
Package version: ..................................... 0.9.4
os_type: ............................................. Unix
system: .............................................. linux
architecture: ........................................ amd64
ccomp_type: .......................................... cc
ocaml_version: ....................................... 4.02.0
standard_library_default: ............................ /home/opam/.opam/4.02.0+trunk/lib/ocaml
standard_library: .................................... /home/opam/.opam/4.02.0+trunk/lib/ocaml
standard_runtime: .................................... /home/opam/.opam/4.02.0+trunk/bin/ocamlrun
bytecomp_c_compiler: ................................. gcc -fno-defer-pop -Wall -D_FILE_OFFSET_BITS=64 -D_REENTRANT -fPIC
native_c_compiler: ................................... gcc -Wall -D_FILE_OFFSET_BITS=64 -D_REENTRANT
model: ............................................... default
ext_obj: ............................................. .o
ext_asm: ............................................. .s
ext_lib: ............................................. .a
ext_dll: ............................................. .so
default_executable_name: ............................. a.out
systhread_supported: ................................. true
Install architecture-independent files dir: .......... /home/opam/.opam/4.02.0+trunk
Install architecture-dependent files in dir: ......... $prefix
User executables: .................................... $exec_prefix/bin
System admin executables: ............................ $exec_prefix/sbin
Program executables: ................................. $exec_prefix/libexec
Read-only single-machine data: ....................... $prefix/etc
Modifiable architecture-independent data: ............ $prefix/com
Modifiable single-machine data: ...................... $prefix/var
Object code libraries: ............................... $exec_prefix/lib
Read-only arch-independent data root: ................ $prefix/share
Read-only architecture-independent data: ............. $datarootdir
Info documentation: .................................. $datarootdir/info
Locale-dependent data: ............................... $datarootdir/locale
Man documentation: ................................... $datarootdir/man
Documentation root: .................................. $datarootdir/doc/$pkg_name
HTML documentation: .................................. $docdir
DVI documentation: ................................... $docdir
PDF documentation: ................................... $docdir
PS documentation: .................................... $docdir
findlib_version: ..................................... 1.5.2
is_native: ........................................... true
suffix_program: ...................................... 
Remove a file.: ...................................... rm -f
Remove a directory.: ................................. rm -rf
Turn ocaml debug flag on: ............................ true
Turn ocaml profile flag on: .......................... false
Compiler support generation of .cmxs.: ............... true
OCamlbuild additional flags: ......................... 
Create documentations: ............................... true
Compile tests executable and library and run them: ... false
pkg_unix: ............................................ /home/opam/.opam/4.02.0+trunk/lib/ocaml
ocamldoc: ............................................ /home/opam/.opam/4.02.0+trunk/bin/ocamldoc

File "/Users/dbuenzli/.odb/install-oasis/oasis-0.3.0/src/oasis/OASISString.ml", line 118, characters 8-26:
Warning 3: deprecated: String.set
File "/Users/dbuenzli/.odb/install-oasis/oasis-0.3.0/src/oasis/OASISLibrary.ml", line 402, characters 6-24:
Warning 3: deprecated: Lazy.lazy_from_fun
Failure: TODO.
E: Failure("Command ''/home/opam/.opam/4.02.0+trunk/bin/ocamlbuild' src/react.cma src/react.cmxa src/react.a src/react.cmxs test/clock.native test/breakout.native test/test.native -tag debug' terminated with error code 2")
Removing react.0.9.4.
[ERROR] The compilation of react.0.9.4 failed.
  ocamlfind remove react
ocamlfind: [WARNING] No such directory: /home/opam/.opam/4.02.0+trunk/lib/react


#==================== ERROR while installing camlp4.4.02.0 ====================#
# opam-version         1.2.0~beta4
# os                   linux
# command              make all
# path                 /home/opam/.opam/4.02.0+trunk/build/camlp4.4.02.0
# compiler             4.02.0+trunk
# exit-code            2
# env-file             /home/opam/.opam/4.02.0+trunk/build/camlp4.4.02.0/camlp4-604-a00279.env
# stdout-file          /home/opam/.opam/4.02.0+trunk/build/camlp4.4.02.0/camlp4-604-a00279.out
# stderr-file          /home/opam/.opam/4.02.0+trunk/build/camlp4.4.02.0/camlp4-604-a00279.err
### stdout ###
# ocamlbuild -classic-display -no-ocamlfind `./build/camlp4-byte-only.sh`
# Failure: TODO.
### stderr ###
# + echo camlp4/Camlp4.cmo camlp4/Camlp4Top.cmo camlp4/camlp4prof.byte camlp4/mkcamlp4.byte camlp4/camlp4.byte camlp4/camlp4fulllib.cma camlp4/camlp4boot.byte camlp4/camlp4boot.cma camlp4/camlp4r.byte camlp4/camlp4r.cma camlp4/camlp4rf.byte camlp4/camlp4rf.cma camlp4/camlp4o.byte camlp4/camlp4o.cma camlp4/camlp4of.byte camlp4/camlp4of.cma camlp4/camlp4oof.byte camlp4/camlp4oof.cma camlp4/camlp4orf.b...[truncated]
# make: *** [byte] Error 2


#=================== ERROR while installing menhir.20130912 ===================#
# opam-version         1.2.0~beta4
# os                   linux
# command              make install PREFIX=/home/opam/.opam/4.02.0+trunk docdir=/home/opam/.opam/4.02.0+trunk/doc/menhir libdir=/home/opam/.opam/4.02.0+trunk/lib/menhir mandir=/home/opam/.opam/4.02.0+trunk/man/man1
# path                 /home/opam/.opam/4.02.0+trunk/build/menhir.20130912
# compiler             4.02.0+trunk
# exit-code            2
# env-file             /home/opam/.opam/4.02.0+trunk/build/menhir.20130912/menhir-681-c743ac.env
# stdout-file          /home/opam/.opam/4.02.0+trunk/build/menhir.20130912/menhir-681-c743ac.out
# stderr-file          /home/opam/.opam/4.02.0+trunk/build/menhir.20130912/menhir-681-c743ac.err
### stdout ###
# ...[truncated]
# if ocamlfind ocamlc -v >/dev/null 2>&1 ; then \
# 	  echo "let ocamlfind = true" >> src/installation.ml ; \
# 	else \
# 	  echo "let ocamlfind = false" >> src/installation.ml ; \
# 	fi
# make -C src library bootstrap
# make[1]: Entering directory `/home/opam/.opam/4.02.0+trunk/build/menhir.20130912/src'
# ocamlbuild -classic-display -use-ocamlfind -j 0 menhirLib.cmo menhirLib.cmx
# Failure: TODO.
# make[1]: Leaving directory `/home/opam/.opam/4.02.0+trunk/build/menhir.20130912/src'
### stderr ###
# make[1]: *** [library] Error 2
# make: *** [all] Error 2


#=================== ERROR while installing ocamlify.0.0.1 ====================#
# opam-version         1.2.0~beta4
# os                   linux
# command              ocaml setup.ml -build
# path                 /home/opam/.opam/4.02.0+trunk/build/ocamlify.0.0.1
# compiler             4.02.0+trunk
# exit-code            1
# env-file             /home/opam/.opam/4.02.0+trunk/build/ocamlify.0.0.1/ocamlify-727-335865.env
# stdout-file          /home/opam/.opam/4.02.0+trunk/build/ocamlify.0.0.1/ocamlify-727-335865.out
# stderr-file          /home/opam/.opam/4.02.0+trunk/build/ocamlify.0.0.1/ocamlify-727-335865.err
### stdout ###
# ...[truncated]
# system: ........................................ linux
# os_type: ....................................... Unix
# Package version: ............................... 0.0.1
# Package name: .................................. ocamlify
# ocamlbuild: .................................... /home/opam/.opam/4.02.0+trunk/bin/ocamlbuild
# ocamlopt: ...................................... /home/opam/.opam/4.02.0+trunk/bin/ocamlopt.opt
# ocamlc: ........................................ /home/opam/.opam/4.02.0+trunk/bin/ocamlc.opt
# ocamlfind: ..................................... /home/opam/.opam/4.02.0+trunk/bin/ocamlfind
# 
# Failure: TODO.
### stderr ###
# I: Running command '/home/opam/.opam/4.02.0+trunk/bin/ocamlc.opt -config > /tmp/oasis-a93223.txt'
# I: Running command '/home/opam/.opam/4.02.0+trunk/bin/ocamlfind query -format %v findlib > /tmp/oasis-74d6bf.txt'
# I: Running command '/home/opam/.opam/4.02.0+trunk/bin/ocamlbuild src/ocamlify.byte -tag debug'
# E: Command '/home/opam/.opam/4.02.0+trunk/bin/ocamlbuild src/ocamlify.byte -tag debug' terminated with error code 2


#=================== ERROR while installing ocamlmod.0.0.7 ====================#
# opam-version         1.2.0~beta4
# os                   linux
# command              ocaml setup.ml -build
# path                 /home/opam/.opam/4.02.0+trunk/build/ocamlmod.0.0.7
# compiler             4.02.0+trunk
# exit-code            1
# env-file             /home/opam/.opam/4.02.0+trunk/build/ocamlmod.0.0.7/ocamlmod-769-2dea01.env
# stdout-file          /home/opam/.opam/4.02.0+trunk/build/ocamlmod.0.0.7/ocamlmod-769-2dea01.out
# stderr-file          /home/opam/.opam/4.02.0+trunk/build/ocamlmod.0.0.7/ocamlmod-769-2dea01.err
### stdout ###
# ...[truncated]
# Remove a directory.: ................................. rm -rf
# Turn ocaml debug flag on: ............................ true
# Turn ocaml profile flag on: .......................... false
# Compiler support generation of .cmxs.: ............... true
# OCamlbuild additional flags: ......................... 
# Create documentations: ............................... true
# Compile tests executable and library and run them: ... false
# pkg_str: ............................................. /home/opam/.opam/4.02.0+trunk/lib/ocaml
# 
# Failure: TODO.
### stderr ###
# File "setup.ml", line 255, characters 8-26:
# Warning 3: deprecated: String.set
# File "setup.ml", line 2094, characters 6-24:
# Warning 3: deprecated: Lazy.lazy_from_fun
# File "setup.ml", line 255, characters 8-26:
# Warning 3: deprecated: String.set
# File "setup.ml", line 2094, characters 6-24:
# Warning 3: deprecated: Lazy.lazy_from_fun
# E: Failure("Command ''/home/opam/.opam/4.02.0+trunk/bin/ocamlbuild' src/ocamlmod.byte -tag debug' terminated with error code 2")


#===================== ERROR while installing react.0.9.4 =====================#
# opam-version         1.2.0~beta4
# os                   linux
# command              ocaml setup.ml -build
# path                 /home/opam/.opam/4.02.0+trunk/build/react.0.9.4
# compiler             4.02.0+trunk
# exit-code            1
# env-file             /home/opam/.opam/4.02.0+trunk/build/react.0.9.4/react-823-335865.env
# stdout-file          /home/opam/.opam/4.02.0+trunk/build/react.0.9.4/react-823-335865.out
# stderr-file          /home/opam/.opam/4.02.0+trunk/build/react.0.9.4/react-823-335865.err
### stdout ###
# ...[truncated]
# Turn ocaml debug flag on: ............................ true
# Turn ocaml profile flag on: .......................... false
# Compiler support generation of .cmxs.: ............... true
# OCamlbuild additional flags: ......................... 
# Create documentations: ............................... true
# Compile tests executable and library and run them: ... false
# pkg_unix: ............................................ /home/opam/.opam/4.02.0+trunk/lib/ocaml
# ocamldoc: ............................................ /home/opam/.opam/4.02.0+trunk/bin/ocamldoc
# 
# Failure: TODO.
### stderr ###
# File "/Users/dbuenzli/.odb/install-oasis/oasis-0.3.0/src/oasis/OASISString.ml", line 118, characters 8-26:
# Warning 3: deprecated: String.set
# File "/Users/dbuenzli/.odb/install-oasis/oasis-0.3.0/src/oasis/OASISLibrary.ml", line 402, characters 6-24:
# Warning 3: deprecated: Lazy.lazy_from_fun
# File "/Users/dbuenzli/.odb/install-oasis/oasis-0.3.0/src/oasis/OASISString.ml", line 118, characters 8-26:
# Warning 3: deprecated: String.set
# File "/Users/dbuenzli/.odb/install-oasis/oasis-0.3.0/src/oasis/OASISLibrary.ml", line 402, characters 6-24:
# Warning 3: deprecated: Lazy.lazy_from_fun
# E: Failure("Command ''/home/opam/.opam/4.02.0+trunk/bin/ocamlbuild' src/react.cma src/react.cmxa src/react.a src/react.cmxs test/clock.native test/breakout.native test/test.native -tag debug' terminated with error code 2")


=-=-=-=-=-=-=-=-=-=-=-=-=-=-=-=-= Error report =-=-=-=-=-=-=-=-=-=-=-=-=-=-=-=-=
The following failed
 - install   camlp4.4.02.0
 - install   menhir.20130912
 - install   ocamlify.0.0.1
 - install   ocamlmod.0.0.7
 - install   react.0.9.4
Due to the errors, the following have been cancelled
 - install   joolog.0.4
 - install   type_conv.111.13.00
 - install   lwt.2.4.4
 - install   ocaml-data-notation.0.0.11
 - install   js_of_ocaml.2.4
 - install   oasis.0.4.4
'opam install joolog' failed.
