++ opam install ocaml-expect -e ubuntu
+ depext='clasp version 2.1.4
Reading from outIsW5Bl/gringo_out
Solving...
Answer: 1
in("ocaml-expect",2) in("base-bigarray",1) in("base-unix",1) in("ocamlfind",6) in
OPTIMUM FOUND

Models      : 1     
  Optimum   : yes
Optimization: 0 2 5
Time        : 0.007s (Solving: 0.00s 1st Model: 0.00s Unsat: 0.00s)
CPU Time    : 0.000s
Choices     : 16
Conflicts   : 4
Restarts    : 0     

Atoms       : 6516  
Rules       : 7133   (1: 7065 2: 7 3: 58 6: 3)
Bodies      : 290   
Equivalences: 13157  (Atom=Atom: 6390 Body=Body: 97 Other: 6670)
Tight       : Yes

Variables   : 184    (Eliminated:   39 Frozen:   78)
Constraints : 381    (Binary: 94.2% Ternary:  0.5% Other:  5.2%)
Lemmas      : 2      (Binary: 50.0% Ternary:  0.0% Other: 50.0%)
  Conflict  : 2      (Average Length: 1.5) 
  Loop      : 0      (Average Length: 0.0) 
  Other     : 0      (Average Length: 0.0)
  Deleted   : 0     

Backtracks          : 2     
Backjumps           : 2      (Bounded: 1)
Skippable Levels    : 4      (Skipped: 3 Rate:  75.0%)
Max Jump Length     : 2      (Executed: 2)
Max Bound Length    : 1     
Average Jump Length : 2.0    (Executed: 1.5)
Average Bound Length: 1.0   
Average Model Length: 14.0  
/usr/share/aspcud/encodings/misc2012.lp:150:57-76: warning: atom is undefined:
  recommends(P,V,D,W)

/usr/share/aspcud/encodings/misc2012.lp:148:57-75: warning: atom is undefined:
  attribute(P,V,A,X)

/usr/share/aspcud/encodings/misc2012.lp:138:57-76: warning: atom is undefined:
  recommends(P,V,D,W)

/usr/share/aspcud/encodings/misc2012.lp:164:42-61: warning: atom is undefined:
  recommends(P,V,D,W)

/usr/share/aspcud/encodings/misc2012.lp:161:63-81: warning: atom is undefined:
  attribute(P,V,A,X)

/usr/share/aspcud/encodings/misc2012.lp:109:50-68: warning: atom is undefined:
  attribute(P,V,A,X)

/usr/share/aspcud/encodings/misc2012.lp:109:70-88: warning: atom is undefined:
  attribute(P,V,B,Y)

/usr/share/aspcud/encodings/misc2012.lp:30:22-41: warning: atom is undefined:
  recommends(P,V,D,W)

libpcre3-dev'
+ echo Ubuntu depexts: clasp version 2.1.4 Reading from outIsW5Bl/gringo_out Solving... Answer: 1 'in("ocaml-expect",2)' 'in("base-bigarray",1)' 'in("base-unix",1)' 'in("ocamlfind",6)' in OPTIMUM FOUND Models : 1 Optimum : yes Optimization: 0 2 5 Time : 0.007s '(Solving:' 0.00s 1st Model: 0.00s Unsat: '0.00s)' CPU Time : 0.000s Choices : 16 Conflicts : 4 Restarts : 0 Atoms : 6516 Rules : 7133 '(1:' 7065 2: 7 3: 58 6: '3)' Bodies : 290 Equivalences: 13157 '(Atom=Atom:' 6390 Body=Body: 97 Other: '6670)' Tight : Yes Variables : 184 '(Eliminated:' 39 Frozen: '78)' Constraints : 381 '(Binary:' 94.2% Ternary: 0.5% Other: '5.2%)' Lemmas : 2 '(Binary:' 50.0% Ternary: 0.0% Other: '50.0%)' Conflict : 2 '(Average' Length: '1.5)' Loop : 0 '(Average' Length: '0.0)' Other : 0 '(Average' Length: '0.0)' Deleted : 0 Backtracks : 2 Backjumps : 2 '(Bounded:' '1)' Skippable Levels : 4 '(Skipped:' 3 Rate: '75.0%)' Max Jump Length : 2 '(Executed:' '2)' Max Bound Length : 1 Average Jump Length : 2.0 '(Executed:' '1.5)' Average Bound Length: 1.0 Average Model Length: 14.0 /usr/share/aspcud/encodings/misc2012.lp:150:57-76: warning: atom is undefined: 'recommends(P,V,D,W)' /usr/share/aspcud/encodings/misc2012.lp:148:57-75: warning: atom is undefined: 'attribute(P,V,A,X)' /usr/share/aspcud/encodings/misc2012.lp:138:57-76: warning: atom is undefined: 'recommends(P,V,D,W)' /usr/share/aspcud/encodings/misc2012.lp:164:42-61: warning: atom is undefined: 'recommends(P,V,D,W)' /usr/share/aspcud/encodings/misc2012.lp:161:63-81: warning: atom is undefined: 'attribute(P,V,A,X)' /usr/share/aspcud/encodings/misc2012.lp:109:50-68: warning: atom is undefined: 'attribute(P,V,A,X)' /usr/share/aspcud/encodings/misc2012.lp:109:70-88: warning: atom is undefined: 'attribute(P,V,B,Y)' /usr/share/aspcud/encodings/misc2012.lp:30:22-41: warning: atom is undefined: 'recommends(P,V,D,W)' libpcre3-dev
+ '[' 'clasp version 2.1.4
Reading from outIsW5Bl/gringo_out
Solving...
Answer: 1
in("ocaml-expect",2) in("base-bigarray",1) in("base-unix",1) in("ocamlfind",6) in
OPTIMUM FOUND

Models      : 1     
  Optimum   : yes
Optimization: 0 2 5
Time        : 0.007s (Solving: 0.00s 1st Model: 0.00s Unsat: 0.00s)
CPU Time    : 0.000s
Choices     : 16
Conflicts   : 4
Restarts    : 0     

Atoms       : 6516  
Rules       : 7133   (1: 7065 2: 7 3: 58 6: 3)
Bodies      : 290   
Equivalences: 13157  (Atom=Atom: 6390 Body=Body: 97 Other: 6670)
Tight       : Yes

Variables   : 184    (Eliminated:   39 Frozen:   78)
Constraints : 381    (Binary: 94.2% Ternary:  0.5% Other:  5.2%)
Lemmas      : 2      (Binary: 50.0% Ternary:  0.0% Other: 50.0%)
  Conflict  : 2      (Average Length: 1.5) 
  Loop      : 0      (Average Length: 0.0) 
  Other     : 0      (Average Length: 0.0)
  Deleted   : 0     

Backtracks          : 2     
Backjumps           : 2      (Bounded: 1)
Skippable Levels    : 4      (Skipped: 3 Rate:  75.0%)
Max Jump Length     : 2      (Executed: 2)
Max Bound Length    : 1     
Average Jump Length : 2.0    (Executed: 1.5)
Average Bound Length: 1.0   
Average Model Length: 14.0  
/usr/share/aspcud/encodings/misc2012.lp:150:57-76: warning: atom is undefined:
  recommends(P,V,D,W)

/usr/share/aspcud/encodings/misc2012.lp:148:57-75: warning: atom is undefined:
  attribute(P,V,A,X)

/usr/share/aspcud/encodings/misc2012.lp:138:57-76: warning: atom is undefined:
  recommends(P,V,D,W)

/usr/share/aspcud/encodings/misc2012.lp:164:42-61: warning: atom is undefined:
  recommends(P,V,D,W)

/usr/share/aspcud/encodings/misc2012.lp:161:63-81: warning: atom is undefined:
  attribute(P,V,A,X)

/usr/share/aspcud/encodings/misc2012.lp:109:50-68: warning: atom is undefined:
  attribute(P,V,A,X)

/usr/share/aspcud/encodings/misc2012.lp:109:70-88: warning: atom is undefined:
  attribute(P,V,B,Y)

/usr/share/aspcud/encodings/misc2012.lp:30:22-41: warning: atom is undefined:
  recommends(P,V,D,W)

libpcre3-dev' '!=' '' ']'
+ sudo apt-get install -qq -y build-essential m4
Ubuntu depexts: clasp version 2.1.4 Reading from outIsW5Bl/gringo_out Solving... Answer: 1 in("ocaml-expect",2) in("base-bigarray",1) in("base-unix",1) in("ocamlfind",6) in OPTIMUM FOUND Models : 1 Optimum : yes Optimization: 0 2 5 Time : 0.007s (Solving: 0.00s 1st Model: 0.00s Unsat: 0.00s) CPU Time : 0.000s Choices : 16 Conflicts : 4 Restarts : 0 Atoms : 6516 Rules : 7133 (1: 7065 2: 7 3: 58 6: 3) Bodies : 290 Equivalences: 13157 (Atom=Atom: 6390 Body=Body: 97 Other: 6670) Tight : Yes Variables : 184 (Eliminated: 39 Frozen: 78) Constraints : 381 (Binary: 94.2% Ternary: 0.5% Other: 5.2%) Lemmas : 2 (Binary: 50.0% Ternary: 0.0% Other: 50.0%) Conflict : 2 (Average Length: 1.5) Loop : 0 (Average Length: 0.0) Other : 0 (Average Length: 0.0) Deleted : 0 Backtracks : 2 Backjumps : 2 (Bounded: 1) Skippable Levels : 4 (Skipped: 3 Rate: 75.0%) Max Jump Length : 2 (Executed: 2) Max Bound Length : 1 Average Jump Length : 2.0 (Executed: 1.5) Average Bound Length: 1.0 Average Model Length: 14.0 /usr/share/aspcud/encodings/misc2012.lp:150:57-76: warning: atom is undefined: recommends(P,V,D,W) /usr/share/aspcud/encodings/misc2012.lp:148:57-75: warning: atom is undefined: attribute(P,V,A,X) /usr/share/aspcud/encodings/misc2012.lp:138:57-76: warning: atom is undefined: recommends(P,V,D,W) /usr/share/aspcud/encodings/misc2012.lp:164:42-61: warning: atom is undefined: recommends(P,V,D,W) /usr/share/aspcud/encodings/misc2012.lp:161:63-81: warning: atom is undefined: attribute(P,V,A,X) /usr/share/aspcud/encodings/misc2012.lp:109:50-68: warning: atom is undefined: attribute(P,V,A,X) /usr/share/aspcud/encodings/misc2012.lp:109:70-88: warning: atom is undefined: attribute(P,V,B,Y) /usr/share/aspcud/encodings/misc2012.lp:30:22-41: warning: atom is undefined: recommends(P,V,D,W) libpcre3-dev
+ sudo apt-get install -qq -y clasp version 2.1.4 Reading from outIsW5Bl/gringo_out Solving... Answer: 1 'in("ocaml-expect",2)' 'in("base-bigarray",1)' 'in("base-unix",1)' 'in("ocamlfind",6)' in OPTIMUM FOUND Models : 1 Optimum : yes Optimization: 0 2 5 Time : 0.007s '(Solving:' 0.00s 1st Model: 0.00s Unsat: '0.00s)' CPU Time : 0.000s Choices : 16 Conflicts : 4 Restarts : 0 Atoms : 6516 Rules : 7133 '(1:' 7065 2: 7 3: 58 6: '3)' Bodies : 290 Equivalences: 13157 '(Atom=Atom:' 6390 Body=Body: 97 Other: '6670)' Tight : Yes Variables : 184 '(Eliminated:' 39 Frozen: '78)' Constraints : 381 '(Binary:' 94.2% Ternary: 0.5% Other: '5.2%)' Lemmas : 2 '(Binary:' 50.0% Ternary: 0.0% Other: '50.0%)' Conflict : 2 '(Average' Length: '1.5)' Loop : 0 '(Average' Length: '0.0)' Other : 0 '(Average' Length: '0.0)' Deleted : 0 Backtracks : 2 Backjumps : 2 '(Bounded:' '1)' Skippable Levels : 4 '(Skipped:' 3 Rate: '75.0%)' Max Jump Length : 2 '(Executed:' '2)' Max Bound Length : 1 Average Jump Length : 2.0 '(Executed:' '1.5)' Average Bound Length: 1.0 Average Model Length: 14.0 /usr/share/aspcud/encodings/misc2012.lp:150:57-76: warning: atom is undefined: 'recommends(P,V,D,W)' /usr/share/aspcud/encodings/misc2012.lp:148:57-75: warning: atom is undefined: 'attribute(P,V,A,X)' /usr/share/aspcud/encodings/misc2012.lp:138:57-76: warning: atom is undefined: 'recommends(P,V,D,W)' /usr/share/aspcud/encodings/misc2012.lp:164:42-61: warning: atom is undefined: 'recommends(P,V,D,W)' /usr/share/aspcud/encodings/misc2012.lp:161:63-81: warning: atom is undefined: 'attribute(P,V,A,X)' /usr/share/aspcud/encodings/misc2012.lp:109:50-68: warning: atom is undefined: 'attribute(P,V,A,X)' /usr/share/aspcud/encodings/misc2012.lp:109:70-88: warning: atom is undefined: 'attribute(P,V,B,Y)' /usr/share/aspcud/encodings/misc2012.lp:30:22-41: warning: atom is undefined: 'recommends(P,V,D,W)' libpcre3-dev
E: Unable to locate package version
E: Unable to locate package Reading
E: Unable to locate package from
E: Unable to locate package outIsW5Bl
E: Unable to locate package Solving...
E: Couldn't find any package by regex 'Solving...'
E: Unable to locate package Answer
E: Unable to locate package 1
E: Unable to locate package in("ocaml-expect",2)
E: Unable to locate package in("base-bigarray",1)
E: Unable to locate package in("base-unix",1)
E: Unable to locate package in("ocamlfind",6)
E: Unable to locate package in
E: Unable to locate package OPTIMUM
E: Unable to locate package FOUND
E: Unable to locate package Models
E: Unable to locate package 
E: Unable to locate package 1
E: Unable to locate package Optimum
E: Unable to locate package 
E: Unable to locate package yes
E: Unable to locate package Optimization
E: Unable to locate package 0
E: Unable to locate package 2
E: Unable to locate package 5
E: Unable to locate package 
E: Unable to locate package 0.007s
E: Couldn't find any package by regex '0.007s'
E: Unable to locate package (Solving
E: Unable to locate package 0.00s
E: Couldn't find any package by regex '0.00s'
E: Unable to locate package 1st
E: Unable to locate package Model
E: Unable to locate package 0.00s
E: Couldn't find any package by regex '0.00s'
E: Unable to locate package Unsat
E: Unable to locate package 0.00s)
E: Couldn't find any package by regex '0.00s)'
E: Unable to locate package 
E: Unable to locate package 0.000s
E: Couldn't find any package by regex '0.000s'
E: Unable to locate package Choices
E: Unable to locate package 
E: Unable to locate package 16
E: Unable to locate package Conflicts
E: Unable to locate package 
E: Unable to locate package 4
E: Unable to locate package Restarts
E: Unable to locate package 
E: Unable to locate package 0
E: Unable to locate package Atoms
E: Unable to locate package 
E: Unable to locate package 6516
E: Unable to locate package Rules
E: Unable to locate package 
E: Unable to locate package 7133
E: Unable to locate package (1
E: Unable to locate package 7065
E: Unable to locate package 2
E: Unable to locate package 7
E: Unable to locate package 3
E: Unable to locate package 58
E: Unable to locate package 6
E: Unable to locate package 3)
E: Unable to locate package Bodies
E: Unable to locate package 
E: Unable to locate package 290
E: Unable to locate package Equivalences
E: Unable to locate package 13157
E: Unable to locate package (Atom
E: Unable to locate package 6390
E: Unable to locate package Body
E: Unable to locate package 97
E: Unable to locate package Other
E: Unable to locate package 6670)
E: Unable to locate package Tight
E: Unable to locate package 
E: Unable to locate package Yes
E: Unable to locate package Variables
E: Unable to locate package 
E: Unable to locate package 184
E: Unable to locate package (Eliminated
E: Unable to locate package 39
E: Unable to locate package Frozen
E: Unable to locate package 78)
E: Unable to locate package Constraints
E: Unable to locate package 
E: Unable to locate package 381
E: Unable to locate package (Binary
E: Unable to locate package 94.2%
E: Couldn't find any package by regex '94.2%'
E: Unable to locate package Ternary
E: Unable to locate package 0.5%
E: Couldn't find any package by regex '0.5%'
E: Unable to locate package Other
E: Unable to locate package 5.2%)
E: Couldn't find any package by regex '5.2%)'
E: Unable to locate package Lemmas
E: Unable to locate package 
E: Unable to locate package 2
E: Unable to locate package (Binary
E: Unable to locate package 50.0%
E: Couldn't find any package by regex '50.0%'
E: Unable to locate package Ternary
E: Unable to locate package 0.0%
E: Couldn't find any package by regex '0.0%'
E: Unable to locate package Other
E: Unable to locate package 50.0%)
E: Couldn't find any package by regex '50.0%)'
E: Unable to locate package Conflict
E: Unable to locate package 
E: Unable to locate package 2
E: Unable to locate package (Average
E: Unable to locate package Length
E: Unable to locate package 1.5)
E: Couldn't find any package by regex '1.5)'
E: Unable to locate package Loop
E: Unable to locate package 
E: Unable to locate package 0
E: Unable to locate package (Average
E: Unable to locate package Length
E: Unable to locate package 0.0)
E: Couldn't find any package by regex '0.0)'
E: Unable to locate package Other
E: Unable to locate package 
E: Unable to locate package 0
E: Unable to locate package (Average
E: Unable to locate package Length
E: Unable to locate package 0.0)
E: Couldn't find any package by regex '0.0)'
E: Unable to locate package Deleted
E: Unable to locate package 
E: Unable to locate package 0
E: Unable to locate package Backtracks
E: Unable to locate package 
E: Unable to locate package 2
E: Unable to locate package Backjumps
E: Unable to locate package 
E: Unable to locate package 2
E: Unable to locate package (Bounded
E: Unable to locate package 1)
E: Unable to locate package Skippable
E: Unable to locate package Levels
E: Unable to locate package 
E: Unable to locate package 4
E: Unable to locate package (Skipped
E: Unable to locate package 3
E: Unable to locate package Rate
E: Unable to locate package 75.0%)
E: Couldn't find any package by regex '75.0%)'
E: Unable to locate package Max
E: Unable to locate package Jump
E: Unable to locate package Length
E: Unable to locate package 
E: Unable to locate package 2
E: Unable to locate package (Executed
E: Unable to locate package 2)
E: Unable to locate package Max
E: Unable to locate package Bound
E: Unable to locate package Length
E: Unable to locate package 
E: Unable to locate package 1
E: Unable to locate package Average
E: Unable to locate package Jump
E: Unable to locate package Length
E: Unable to locate package 
E: Unable to locate package (Executed
E: Unable to locate package 1.5)
E: Couldn't find any package by regex '1.5)'
E: Unable to locate package Average
E: Unable to locate package Bound
E: Unable to locate package Length
E: Unable to locate package Average
E: Unable to locate package Model
E: Unable to locate package Length
E: Unable to locate package /usr/share/aspcud/encodings
E: Unable to locate package warning
E: Unable to locate package atom
E: Unable to locate package is
E: Unable to locate package undefined
E: Unable to locate package recommends(P,V,D,W)
E: Unable to locate package /usr/share/aspcud/encodings
E: Unable to locate package warning
E: Unable to locate package atom
E: Unable to locate package is
E: Unable to locate package undefined
E: Unable to locate package attribute(P,V,A,X)
E: Unable to locate package /usr/share/aspcud/encodings
E: Unable to locate package warning
E: Unable to locate package atom
E: Unable to locate package is
E: Unable to locate package undefined
E: Unable to locate package recommends(P,V,D,W)
E: Unable to locate package /usr/share/aspcud/encodings
E: Unable to locate package warning
E: Unable to locate package atom
E: Unable to locate package is
E: Unable to locate package undefined
E: Unable to locate package recommends(P,V,D,W)
E: Unable to locate package /usr/share/aspcud/encodings
E: Unable to locate package warning
E: Unable to locate package atom
E: Unable to locate package is
E: Unable to locate package undefined
E: Unable to locate package attribute(P,V,A,X)
E: Unable to locate package /usr/share/aspcud/encodings
E: Unable to locate package warning
E: Unable to locate package atom
E: Unable to locate package is
E: Unable to locate package undefined
E: Unable to locate package attribute(P,V,A,X)
E: Unable to locate package /usr/share/aspcud/encodings
E: Unable to locate package warning
E: Unable to locate package atom
E: Unable to locate package is
E: Unable to locate package undefined
E: Unable to locate package attribute(P,V,B,Y)
E: Unable to locate package /usr/share/aspcud/encodings
E: Unable to locate package warning
E: Unable to locate package atom
E: Unable to locate package is
E: Unable to locate package undefined
E: Unable to locate package recommends(P,V,D,W)
++ opam install ocaml-expect -e source,linux
+ srcext='clasp version 2.1.4
Reading from outOi4yNi/gringo_out
Solving...
Answer: 1
in("ocaml-expect",2) in("base-bigarray",1) in("base-unix",1) in("ocamlfind",6) in
OPTIMUM FOUND

Models      : 1     
  Optimum   : yes
Optimization: 0 2 5
Time        : 0.005s (Solving: 0.00s 1st Model: 0.00s Unsat: 0.00s)
CPU Time    : 0.000s
Choices     : 16
Conflicts   : 4
Restarts    : 0     

Atoms       : 6516  
Rules       : 7133   (1: 7065 2: 7 3: 58 6: 3)
Bodies      : 290   
Equivalences: 13157  (Atom=Atom: 6390 Body=Body: 97 Other: 6670)
Tight       : Yes

Variables   : 184    (Eliminated:   39 Frozen:   78)
Constraints : 381    (Binary: 94.2% Ternary:  0.5% Other:  5.2%)
Lemmas      : 2      (Binary: 50.0% Ternary:  0.0% Other: 50.0%)
  Conflict  : 2      (Average Length: 1.5) 
  Loop      : 0      (Average Length: 0.0) 
  Other     : 0      (Average Length: 0.0)
  Deleted   : 0     

Backtracks          : 2     
Backjumps           : 2      (Bounded: 1)
Skippable Levels    : 4      (Skipped: 3 Rate:  75.0%)
Max Jump Length     : 2      (Executed: 2)
Max Bound Length    : 1     
Average Jump Length : 2.0    (Executed: 1.5)
Average Bound Length: 1.0   
Average Model Length: 14.0  
/usr/share/aspcud/encodings/misc2012.lp:150:57-76: warning: atom is undefined:
  recommends(P,V,D,W)

/usr/share/aspcud/encodings/misc2012.lp:148:57-75: warning: atom is undefined:
  attribute(P,V,A,X)

/usr/share/aspcud/encodings/misc2012.lp:138:57-76: warning: atom is undefined:
  recommends(P,V,D,W)

/usr/share/aspcud/encodings/misc2012.lp:164:42-61: warning: atom is undefined:
  recommends(P,V,D,W)

/usr/share/aspcud/encodings/misc2012.lp:161:63-81: warning: atom is undefined:
  attribute(P,V,A,X)

/usr/share/aspcud/encodings/misc2012.lp:109:50-68: warning: atom is undefined:
  attribute(P,V,A,X)

/usr/share/aspcud/encodings/misc2012.lp:109:70-88: warning: atom is undefined:
  attribute(P,V,B,Y)

/usr/share/aspcud/encodings/misc2012.lp:30:22-41: warning: atom is undefined:
  recommends(P,V,D,W)'
+ echo Ubuntu srcexts: clasp version 2.1.4 Reading from outOi4yNi/gringo_out Solving... Answer: 1 'in("ocaml-expect",2)' 'in("base-bigarray",1)' 'in("base-unix",1)' 'in("ocamlfind",6)' in OPTIMUM FOUND Models : 1 Optimum : yes Optimization: 0 2 5 Time : 0.005s '(Solving:' 0.00s 1st Model: 0.00s Unsat: '0.00s)' CPU Time : 0.000s Choices : 16 Conflicts : 4 Restarts : 0 Atoms : 6516 Rules : 7133 '(1:' 7065 2: 7 3: 58 6: '3)' Bodies : 290 Equivalences: 13157 '(Atom=Atom:' 6390 Body=Body: 97 Other: '6670)' Tight : Yes Variables : 184 '(Eliminated:' 39 Frozen: '78)' Constraints : 381 '(Binary:' 94.2% Ternary: 0.5% Other: '5.2%)' Lemmas : 2 '(Binary:' 50.0% Ternary: 0.0% Other: '50.0%)' Conflict : 2 '(Average' Length: '1.5)' Loop : 0 '(Average' Length: '0.0)' Other : 0 '(Average' Length: '0.0)' Deleted : 0 Backtracks : 2 Backjumps : 2 '(Bounded:' '1)' Skippable Levels : 4 '(Skipped:' 3 Rate: '75.0%)' Max Jump Length : 2 '(Executed:' '2)' Max Bound Length : 1 Average Jump Length : 2.0 '(Executed:' '1.5)' Average Bound Length: 1.0 Average Model Length: 14.0 /usr/share/aspcud/encodings/misc2012.lp:150:57-76: warning: atom is undefined: 'recommends(P,V,D,W)' /usr/share/aspcud/encodings/misc2012.lp:148:57-75: warning: atom is undefined: 'attribute(P,V,A,X)' /usr/share/aspcud/encodings/misc2012.lp:138:57-76: warning: atom is undefined: 'recommends(P,V,D,W)' /usr/share/aspcud/encodings/misc2012.lp:164:42-61: warning: atom is undefined: 'recommends(P,V,D,W)' /usr/share/aspcud/encodings/misc2012.lp:161:63-81: warning: atom is undefined: 'attribute(P,V,A,X)' /usr/share/aspcud/encodings/misc2012.lp:109:50-68: warning: atom is undefined: 'attribute(P,V,A,X)' /usr/share/aspcud/encodings/misc2012.lp:109:70-88: warning: atom is undefined: 'attribute(P,V,B,Y)' /usr/share/aspcud/encodings/misc2012.lp:30:22-41: warning: atom is undefined: 'recommends(P,V,D,W)'
+ '[' 'clasp version 2.1.4
Reading from outOi4yNi/gringo_out
Solving...
Answer: 1
in("ocaml-expect",2) in("base-bigarray",1) in("base-unix",1) in("ocamlfind",6) in
OPTIMUM FOUND

Models      : 1     
  Optimum   : yes
Optimization: 0 2 5
Time        : 0.005s (Solving: 0.00s 1st Model: 0.00s Unsat: 0.00s)
CPU Time    : 0.000s
Choices     : 16
Conflicts   : 4
Restarts    : 0     

Atoms       : 6516  
Rules       : 7133   (1: 7065 2: 7 3: 58 6: 3)
Bodies      : 290   
Equivalences: 13157  (Atom=Atom: 6390 Body=Body: 97 Other: 6670)
Tight       : Yes

Variables   : 184    (Eliminated:   39 Frozen:   78)
Constraints : 381    (Binary: 94.2% Ternary:  0.5% Other:  5.2%)
Lemmas      : 2      (Binary: 50.0% Ternary:  0.0% Other: 50.0%)
  Conflict  : 2      (Average Length: 1.5) 
  Loop      : 0      (Average Length: 0.0) 
  Other     : 0      (Average Length: 0.0)
  Deleted   : 0     

Backtracks          : 2     
Backjumps           : 2      (Bounded: 1)
Skippable Levels    : 4      (Skipped: 3 Rate:  75.0%)
Max Jump Length     : 2      (Executed: 2)
Max Bound Length    : 1     
Average Jump Length : 2.0    (Executed: 1.5)
Average Bound Length: 1.0   
Average Model Length: 14.0  
/usr/share/aspcud/encodings/misc2012.lp:150:57-76: warning: atom is undefined:
  recommends(P,V,D,W)

/usr/share/aspcud/encodings/misc2012.lp:148:57-75: warning: atom is undefined:
  attribute(P,V,A,X)

/usr/share/aspcud/encodings/misc2012.lp:138:57-76: warning: atom is undefined:
  recommends(P,V,D,W)

/usr/share/aspcud/encodings/misc2012.lp:164:42-61: warning: atom is undefined:
  recommends(P,V,D,W)

/usr/share/aspcud/encodings/misc2012.lp:161:63-81: warning: atom is undefined:
  attribute(P,V,A,X)

/usr/share/aspcud/encodings/misc2012.lp:109:50-68: warning: atom is undefined:
  attribute(P,V,A,X)

/usr/share/aspcud/encodings/misc2012.lp:109:70-88: warning: atom is undefined:
  attribute(P,V,B,Y)

/usr/share/aspcud/encodings/misc2012.lp:30:22-41: warning: atom is undefined:
  recommends(P,V,D,W)' '!=' '' ']'
++ mktemp
Ubuntu srcexts: clasp version 2.1.4 Reading from outOi4yNi/gringo_out Solving... Answer: 1 in("ocaml-expect",2) in("base-bigarray",1) in("base-unix",1) in("ocamlfind",6) in OPTIMUM FOUND Models : 1 Optimum : yes Optimization: 0 2 5 Time : 0.005s (Solving: 0.00s 1st Model: 0.00s Unsat: 0.00s) CPU Time : 0.000s Choices : 16 Conflicts : 4 Restarts : 0 Atoms : 6516 Rules : 7133 (1: 7065 2: 7 3: 58 6: 3) Bodies : 290 Equivalences: 13157 (Atom=Atom: 6390 Body=Body: 97 Other: 6670) Tight : Yes Variables : 184 (Eliminated: 39 Frozen: 78) Constraints : 381 (Binary: 94.2% Ternary: 0.5% Other: 5.2%) Lemmas : 2 (Binary: 50.0% Ternary: 0.0% Other: 50.0%) Conflict : 2 (Average Length: 1.5) Loop : 0 (Average Length: 0.0) Other : 0 (Average Length: 0.0) Deleted : 0 Backtracks : 2 Backjumps : 2 (Bounded: 1) Skippable Levels : 4 (Skipped: 3 Rate: 75.0%) Max Jump Length : 2 (Executed: 2) Max Bound Length : 1 Average Jump Length : 2.0 (Executed: 1.5) Average Bound Length: 1.0 Average Model Length: 14.0 /usr/share/aspcud/encodings/misc2012.lp:150:57-76: warning: atom is undefined: recommends(P,V,D,W) /usr/share/aspcud/encodings/misc2012.lp:148:57-75: warning: atom is undefined: attribute(P,V,A,X) /usr/share/aspcud/encodings/misc2012.lp:138:57-76: warning: atom is undefined: recommends(P,V,D,W) /usr/share/aspcud/encodings/misc2012.lp:164:42-61: warning: atom is undefined: recommends(P,V,D,W) /usr/share/aspcud/encodings/misc2012.lp:161:63-81: warning: atom is undefined: attribute(P,V,A,X) /usr/share/aspcud/encodings/misc2012.lp:109:50-68: warning: atom is undefined: attribute(P,V,A,X) /usr/share/aspcud/encodings/misc2012.lp:109:70-88: warning: atom is undefined: attribute(P,V,B,Y) /usr/share/aspcud/encodings/misc2012.lp:30:22-41: warning: atom is undefined: recommends(P,V,D,W)
+ t=/tmp/tmp.KMlQ4uoeKi
+ curl -sL clasp version 2.1.4 Reading from outOi4yNi/gringo_out Solving... Answer: 1 'in("ocaml-expect",2)' 'in("base-bigarray",1)' 'in("base-unix",1)' 'in("ocamlfind",6)' in OPTIMUM FOUND Models : 1 Optimum : yes Optimization: 0 2 5 Time : 0.005s '(Solving:' 0.00s 1st Model: 0.00s Unsat: '0.00s)' CPU Time : 0.000s Choices : 16 Conflicts : 4 Restarts : 0 Atoms : 6516 Rules : 7133 '(1:' 7065 2: 7 3: 58 6: '3)' Bodies : 290 Equivalences: 13157 '(Atom=Atom:' 6390 Body=Body: 97 Other: '6670)' Tight : Yes Variables : 184 '(Eliminated:' 39 Frozen: '78)' Constraints : 381 '(Binary:' 94.2% Ternary: 0.5% Other: '5.2%)' Lemmas : 2 '(Binary:' 50.0% Ternary: 0.0% Other: '50.0%)' Conflict : 2 '(Average' Length: '1.5)' Loop : 0 '(Average' Length: '0.0)' Other : 0 '(Average' Length: '0.0)' Deleted : 0 Backtracks : 2 Backjumps : 2 '(Bounded:' '1)' Skippable Levels : 4 '(Skipped:' 3 Rate: '75.0%)' Max Jump Length : 2 '(Executed:' '2)' Max Bound Length : 1 Average Jump Length : 2.0 '(Executed:' '1.5)' Average Bound Length: 1.0 Average Model Length: 14.0 /usr/share/aspcud/encodings/misc2012.lp:150:57-76: warning: atom is undefined: 'recommends(P,V,D,W)' /usr/share/aspcud/encodings/misc2012.lp:148:57-75: warning: atom is undefined: 'attribute(P,V,A,X)' /usr/share/aspcud/encodings/misc2012.lp:138:57-76: warning: atom is undefined: 'recommends(P,V,D,W)' /usr/share/aspcud/encodings/misc2012.lp:164:42-61: warning: atom is undefined: 'recommends(P,V,D,W)' /usr/share/aspcud/encodings/misc2012.lp:161:63-81: warning: atom is undefined: 'attribute(P,V,A,X)' /usr/share/aspcud/encodings/misc2012.lp:109:50-68: warning: atom is undefined: 'attribute(P,V,A,X)' /usr/share/aspcud/encodings/misc2012.lp:109:70-88: warning: atom is undefined: 'attribute(P,V,B,Y)' /usr/share/aspcud/encodings/misc2012.lp:30:22-41: warning: atom is undefined: 'recommends(P,V,D,W)'
+ bash -ex /tmp/tmp.KMlQ4uoeKi
+ opam install ocaml-expect
clasp version 2.1.4
Reading from outcXr0UQ/gringo_out
Solving...
Answer: 1
in("ocaml-expect",2) in("base-bigarray",1) in("base-unix",1) in("ocamlfind",6) in
OPTIMUM FOUND

Models      : 1     
  Optimum   : yes
Optimization: 0 2 5
Time        : 0.008s (Solving: 0.00s 1st Model: 0.00s Unsat: 0.00s)
CPU Time    : 0.000s
Choices     : 16
Conflicts   : 4
Restarts    : 0     

Atoms       : 6516  
Rules       : 7133   (1: 7065 2: 7 3: 58 6: 3)
Bodies      : 290   
Equivalences: 13157  (Atom=Atom: 6390 Body=Body: 97 Other: 6670)
Tight       : Yes

Variables   : 184    (Eliminated:   39 Frozen:   78)
Constraints : 381    (Binary: 94.2% Ternary:  0.5% Other:  5.2%)
Lemmas      : 2      (Binary: 50.0% Ternary:  0.0% Other: 50.0%)
  Conflict  : 2      (Average Length: 1.5) 
  Loop      : 0      (Average Length: 0.0) 
  Other     : 0      (Average Length: 0.0)
  Deleted   : 0     

Backtracks          : 2     
Backjumps           : 2      (Bounded: 1)
Skippable Levels    : 4      (Skipped: 3 Rate:  75.0%)
Max Jump Length     : 2      (Executed: 2)
Max Bound Length    : 1     
Average Jump Length : 2.0    (Executed: 1.5)
Average Bound Length: 1.0   
Average Model Length: 14.0  
/usr/share/aspcud/encodings/misc2012.lp:150:57-76: warning: atom is undefined:
  recommends(P,V,D,W)

/usr/share/aspcud/encodings/misc2012.lp:148:57-75: warning: atom is undefined:
  attribute(P,V,A,X)

/usr/share/aspcud/encodings/misc2012.lp:138:57-76: warning: atom is undefined:
  recommends(P,V,D,W)

/usr/share/aspcud/encodings/misc2012.lp:164:42-61: warning: atom is undefined:
  recommends(P,V,D,W)

/usr/share/aspcud/encodings/misc2012.lp:161:63-81: warning: atom is undefined:
  attribute(P,V,A,X)

/usr/share/aspcud/encodings/misc2012.lp:109:50-68: warning: atom is undefined:
  attribute(P,V,A,X)

/usr/share/aspcud/encodings/misc2012.lp:109:70-88: warning: atom is undefined:
  attribute(P,V,B,Y)

/usr/share/aspcud/encodings/misc2012.lp:30:22-41: warning: atom is undefined:
  recommends(P,V,D,W)

The following actions will be performed:
 - install   ounit.2.0.0                           [required by ocaml-expect]
 - install   conf-libpcre.1                        [required by pcre-ocaml]
 - install   extlib.1.5.3                          [required by ocaml-expect]
 - install   pcre-ocaml.7.1.1                      [required by ocaml-expect]
 - install   ocaml-expect.0.0.3
=== 5 to install ===

=-=-=-=-=-=-=-=-=-=-=-=- Synchronizing package archives -=-=-=-=-=-=-=-=-=-=-=-=
[extlib.1.5.3] Downloading http://ocaml-extlib.googlecode.com/files/extlib-1.5.3.tar.gz
[ocaml-expect.0.0.3] Downloading https://forge.ocamlcore.org/frs/download.php/894/ocaml-expect-0.0.3.tar.gz
[ounit.2.0.0] Downloading http://forge.ocamlcore.org/frs/download.php/1258/ounit-2.0.0.tar.gz
  % Total    % Received % Xferd  Average Speed   Time    Time     Time  Current
                                 Dload  Upload   Total   Spent    Left  Speed
  0     0    0   % Total    % Received % Xferd  Average Speed    0    0     0      0      0 --:--:-- --:--:--    Time    Time     Time  Current
                                --:--:--     0 Dload  Upload   Total   Spent    Left  Speed
  0     0    0     0    0     0      0      0 --:--:-- --:--:-- --:--:--     0  % Total    % Received % Xferd  Average Speed   Time    Time     Time  Current
                                 Dload  Upload   Total   Spent    Left  Speed
  0     0    0     0    0     0      0      0 --:--:-- --:--:-- --:--:--     0100 70897  100 70897    0     0  1175k      0 --:--:-- --:--:-- --:--:-- 1193k
200
100  101k  100  101k    0     0   620k      0 --:--:-- --:--:-- --:--:--  623k
200
[pcre-ocaml.7.1.1] Downloading https://github.com/mmottl/pcre-ocaml/releases/download/v7.1.1/pcre-ocaml-7.1.1.tar.gz
  % Total    % Received % Xferd  Average Speed   Time    Time     Time  Current
                                 Dload  Upload   Total   Spent    Left  Speed
  0     0    0     0    0     0      0      0 --:--:-- --:--:-- --:--:--     0100 58498  100 58498    0     0   204k      0 --:--:-- --:--:-- --:--:--  204k
200
  0     0    0     0    0     0      0      0 --:--:-- --:--:-- --:--:--     0100   349    0   349    0     0    951      0 --:--:-- --:--:-- --:--:--   950
  9 86796    9  8431    0     0   5982      0  0:00:14  0:00:01  0:00:13  5982100 86796  100 86796    0     0  52024      0  0:00:01  0:00:01 --:--:--  295k
200

=-=-=-=-=-=-=-=-=-=-=-=-=-=-= Installing packages -=-=-=-=-=-=-=-=-=-=-=-=-=-=-=
Building conf-libpcre.1:
  pkg-config libpcre
[ERROR] The compilation of conf-libpcre.1 failed.
Removing conf-libpcre.1.
  Nothing to do.
Copying ~/.opam/repo/default/packages/extlib/extlib.1.5.3/files/extlib.install to ~/.opam/4.02.0+trunk/build/extlib.1.5.3/
Building extlib.1.5.3:
  make all
  make opt
  make cmxs
  make install
ocamlc -a -o extLib.cma enum.mli bitSet.mli dynArray.mli extArray.mli extHashtbl.mli extList.mli extString.mli global.mli IO.mli option.mli pMap.mli std.mli uChar.mli uTF8.mli base64.mli unzip.mli refList.mli optParse.mli dllist.mli enum.ml bitSet.ml dynArray.ml extArray.ml extHashtbl.ml extList.ml extString.ml global.ml IO.ml option.ml pMap.ml std.ml uChar.ml uTF8.ml base64.ml unzip.ml refList.ml optParse.ml dllist.ml extLib.ml
File "bitSet.ml", line 23, characters 40-53:
Warning 3: deprecated: String.create
File "bitSet.ml", line 28, characters 64-75:
Warning 3: deprecated: String.fill
File "extString.ml", line 28, characters 9-15:
Warning 3: deprecated: create
File "extString.ml", line 30, characters 2-12:
Warning 3: deprecated: unsafe_set
File "extString.ml", line 125, characters 2-8:
Warning 3: deprecated: create
File "extString.ml", line 172, characters 9-15:
Warning 3: deprecated: create
File "extString.ml", line 174, characters 21-31:
Warning 3: deprecated: unsafe_set
File "extString.ml", line 179, characters 10-16:
Warning 3: deprecated: create
File "extString.ml", line 181, characters 2-12:
Warning 3: deprecated: unsafe_set
File "extString.ml", line 211, characters 12-25:
Warning 3: deprecated: String.create
File "extString.ml", line 214, characters 14-26:
Warning 3: deprecated: String.set
File "extString.ml", line 230, characters 12-18:
Warning 3: deprecated: create
File "extString.ml", line 249, characters 28-39:
Warning 3: deprecated: String.copy
File "IO.ml", line 65, characters 9-22:
Warning 3: deprecated: String.create
File "IO.ml", line 119, characters 9-22:
Warning 3: deprecated: String.create
File "IO.ml", line 176, characters 13-26:
Warning 3: deprecated: String.create
File "IO.ml", line 293, characters 6-23:
Warning 3: deprecated: String.unsafe_set
File "IO.ml", line 709, characters 12-25:
Warning 3: deprecated: String.create
File "IO.ml", line 726, characters 12-25:
Warning 3: deprecated: String.create
File "IO.ml", line 728, characters 2-19:
Warning 3: deprecated: String.unsafe_set
File "IO.ml", line 745, characters 4-21:
Warning 3: deprecated: String.unsafe_set
File "std.ml", line 52, characters 16-29:
Warning 3: deprecated: String.create
File "std.ml", line 65, characters 37-50:
Warning 3: deprecated: String.create
File "std.ml", line 67, characters 13-26:
Warning 3: deprecated: String.create
File "std.ml", line 162, characters 14-27:
Warning 3: deprecated: Obj.final_tag
File "base64.ml", line 98, characters 4-21:
Warning 3: deprecated: String.unsafe_set
File "unzip.ml", line 172, characters 12-25:
Warning 3: deprecated: String.create
File "unzip.ml", line 179, characters 9-22:
Warning 3: deprecated: String.create
File "unzip.ml", line 191, characters 1-18:
Warning 3: deprecated: String.unsafe_set
File "unzip.ml", line 259, characters 1-18:
Warning 3: deprecated: String.unsafe_set
File "unzip.ml", line 436, characters 9-22:
Warning 3: deprecated: String.create
ocamlopt -a -o extLib.cmxa enum.mli bitSet.mli dynArray.mli extArray.mli extHashtbl.mli extList.mli extString.mli global.mli IO.mli option.mli pMap.mli std.mli uChar.mli uTF8.mli base64.mli unzip.mli refList.mli optParse.mli dllist.mli enum.ml bitSet.ml dynArray.ml extArray.ml extHashtbl.ml extList.ml extString.ml global.ml IO.ml option.ml pMap.ml std.ml uChar.ml uTF8.ml base64.ml unzip.ml refList.ml optParse.ml dllist.ml extLib.ml
File "bitSet.ml", line 23, characters 40-53:
Warning 3: deprecated: String.create
File "bitSet.ml", line 28, characters 64-75:
Warning 3: deprecated: String.fill
File "extString.ml", line 28, characters 9-15:
Warning 3: deprecated: create
File "extString.ml", line 30, characters 2-12:
Warning 3: deprecated: unsafe_set
File "extString.ml", line 125, characters 2-8:
Warning 3: deprecated: create
File "extString.ml", line 172, characters 9-15:
Warning 3: deprecated: create
File "extString.ml", line 174, characters 21-31:
Warning 3: deprecated: unsafe_set
File "extString.ml", line 179, characters 10-16:
Warning 3: deprecated: create
File "extString.ml", line 181, characters 2-12:
Warning 3: deprecated: unsafe_set
File "extString.ml", line 211, characters 12-25:
Warning 3: deprecated: String.create
File "extString.ml", line 214, characters 14-26:
Warning 3: deprecated: String.set
File "extString.ml", line 230, characters 12-18:
Warning 3: deprecated: create
File "extString.ml", line 249, characters 28-39:
Warning 3: deprecated: String.copy
File "IO.ml", line 65, characters 9-22:
Warning 3: deprecated: String.create
File "IO.ml", line 119, characters 9-22:
Warning 3: deprecated: String.create
File "IO.ml", line 176, characters 13-26:
Warning 3: deprecated: String.create
File "IO.ml", line 293, characters 6-23:
Warning 3: deprecated: String.unsafe_set
File "IO.ml", line 709, characters 12-25:
Warning 3: deprecated: String.create
File "IO.ml", line 726, characters 12-25:
Warning 3: deprecated: String.create
File "IO.ml", line 728, characters 2-19:
Warning 3: deprecated: String.unsafe_set
File "IO.ml", line 745, characters 4-21:
Warning 3: deprecated: String.unsafe_set
File "std.ml", line 52, characters 16-29:
Warning 3: deprecated: String.create
File "std.ml", line 65, characters 37-50:
Warning 3: deprecated: String.create
File "std.ml", line 67, characters 13-26:
Warning 3: deprecated: String.create
File "std.ml", line 162, characters 14-27:
Warning 3: deprecated: Obj.final_tag
File "base64.ml", line 98, characters 4-21:
Warning 3: deprecated: String.unsafe_set
File "unzip.ml", line 172, characters 12-25:
Warning 3: deprecated: String.create
File "unzip.ml", line 179, characters 9-22:
Warning 3: deprecated: String.create
File "unzip.ml", line 191, characters 1-18:
Warning 3: deprecated: String.unsafe_set
File "unzip.ml", line 259, characters 1-18:
Warning 3: deprecated: String.unsafe_set
File "unzip.ml", line 436, characters 9-22:
Warning 3: deprecated: String.create
ocamlopt -a -o extLib.cmxa enum.mli bitSet.mli dynArray.mli extArray.mli extHashtbl.mli extList.mli extString.mli global.mli IO.mli option.mli pMap.mli std.mli uChar.mli uTF8.mli base64.mli unzip.mli refList.mli optParse.mli dllist.mli enum.ml bitSet.ml dynArray.ml extArray.ml extHashtbl.ml extList.ml extString.ml global.ml IO.ml option.ml pMap.ml std.ml uChar.ml uTF8.ml base64.ml unzip.ml refList.ml optParse.ml dllist.ml extLib.ml
File "bitSet.ml", line 23, characters 40-53:
Warning 3: deprecated: String.create
File "bitSet.ml", line 28, characters 64-75:
Warning 3: deprecated: String.fill
File "extString.ml", line 28, characters 9-15:
Warning 3: deprecated: create
File "extString.ml", line 30, characters 2-12:
Warning 3: deprecated: unsafe_set
File "extString.ml", line 125, characters 2-8:
Warning 3: deprecated: create
File "extString.ml", line 172, characters 9-15:
Warning 3: deprecated: create
File "extString.ml", line 174, characters 21-31:
Warning 3: deprecated: unsafe_set
File "extString.ml", line 179, characters 10-16:
Warning 3: deprecated: create
File "extString.ml", line 181, characters 2-12:
Warning 3: deprecated: unsafe_set
File "extString.ml", line 211, characters 12-25:
Warning 3: deprecated: String.create
File "extString.ml", line 214, characters 14-26:
Warning 3: deprecated: String.set
File "extString.ml", line 230, characters 12-18:
Warning 3: deprecated: create
File "extString.ml", line 249, characters 28-39:
Warning 3: deprecated: String.copy
File "IO.ml", line 65, characters 9-22:
Warning 3: deprecated: String.create
File "IO.ml", line 119, characters 9-22:
Warning 3: deprecated: String.create
File "IO.ml", line 176, characters 13-26:
Warning 3: deprecated: String.create
File "IO.ml", line 293, characters 6-23:
Warning 3: deprecated: String.unsafe_set
File "IO.ml", line 709, characters 12-25:
Warning 3: deprecated: String.create
File "IO.ml", line 726, characters 12-25:
Warning 3: deprecated: String.create
File "IO.ml", line 728, characters 2-19:
Warning 3: deprecated: String.unsafe_set
File "IO.ml", line 745, characters 4-21:
Warning 3: deprecated: String.unsafe_set
File "std.ml", line 52, characters 16-29:
Warning 3: deprecated: String.create
File "std.ml", line 65, characters 37-50:
Warning 3: deprecated: String.create
File "std.ml", line 67, characters 13-26:
Warning 3: deprecated: String.create
File "std.ml", line 162, characters 14-27:
Warning 3: deprecated: Obj.final_tag
File "base64.ml", line 98, characters 4-21:
Warning 3: deprecated: String.unsafe_set
File "unzip.ml", line 172, characters 12-25:
Warning 3: deprecated: String.create
File "unzip.ml", line 179, characters 9-22:
Warning 3: deprecated: String.create
File "unzip.ml", line 191, characters 1-18:
Warning 3: deprecated: String.unsafe_set
File "unzip.ml", line 259, characters 1-18:
Warning 3: deprecated: String.unsafe_set
File "unzip.ml", line 436, characters 9-22:
Warning 3: deprecated: String.create
ocamlopt -shared -linkall extLib.cmxa -o extLib.cmxs
ocamlfind install extlib META extLib.cma enum.mli bitSet.mli dynArray.mli extArray.mli extHashtbl.mli extList.mli extString.mli global.mli IO.mli option.mli pMap.mli std.mli uChar.mli uTF8.mli base64.mli unzip.mli refList.mli optParse.mli dllist.mli enum.cmi bitSet.cmi dynArray.cmi extArray.cmi extHashtbl.cmi extList.cmi extString.cmi global.cmi IO.cmi option.cmi pMap.cmi std.cmi uChar.cmi uTF8.cmi base64.cmi unzip.cmi refList.cmi optParse.cmi dllist.cmi -optional extLib.cmxa enum.cmx bitSet.cmx dynArray.cmx extArray.cmx extHashtbl.cmx extList.cmx extString.cmx global.cmx IO.cmx option.cmx pMap.cmx std.cmx uChar.cmx uTF8.cmx base64.cmx unzip.cmx refList.cmx optParse.cmx dllist.cmx extLib.cmxs extLib.a extLib.lib
Installed /home/opam/.opam/4.02.0+trunk/lib/extlib/extLib.a
Installed /home/opam/.opam/4.02.0+trunk/lib/extlib/extLib.cmxs
Installed /home/opam/.opam/4.02.0+trunk/lib/extlib/dllist.cmx
Installed /home/opam/.opam/4.02.0+trunk/lib/extlib/optParse.cmx
Installed /home/opam/.opam/4.02.0+trunk/lib/extlib/refList.cmx
Installed /home/opam/.opam/4.02.0+trunk/lib/extlib/unzip.cmx
Installed /home/opam/.opam/4.02.0+trunk/lib/extlib/base64.cmx
Installed /home/opam/.opam/4.02.0+trunk/lib/extlib/uTF8.cmx
Installed /home/opam/.opam/4.02.0+trunk/lib/extlib/uChar.cmx
Installed /home/opam/.opam/4.02.0+trunk/lib/extlib/std.cmx
Installed /home/opam/.opam/4.02.0+trunk/lib/extlib/pMap.cmx
Installed /home/opam/.opam/4.02.0+trunk/lib/extlib/option.cmx
Installed /home/opam/.opam/4.02.0+trunk/lib/extlib/IO.cmx
Installed /home/opam/.opam/4.02.0+trunk/lib/extlib/global.cmx
Installed /home/opam/.opam/4.02.0+trunk/lib/extlib/extString.cmx
Installed /home/opam/.opam/4.02.0+trunk/lib/extlib/extList.cmx
Installed /home/opam/.opam/4.02.0+trunk/lib/extlib/extHashtbl.cmx
Installed /home/opam/.opam/4.02.0+trunk/lib/extlib/extArray.cmx
Installed /home/opam/.opam/4.02.0+trunk/lib/extlib/dynArray.cmx
Installed /home/opam/.opam/4.02.0+trunk/lib/extlib/bitSet.cmx
Installed /home/opam/.opam/4.02.0+trunk/lib/extlib/enum.cmx
Installed /home/opam/.opam/4.02.0+trunk/lib/extlib/extLib.cmxa
Installed /home/opam/.opam/4.02.0+trunk/lib/extlib/dllist.cmi
Installed /home/opam/.opam/4.02.0+trunk/lib/extlib/optParse.cmi
Installed /home/opam/.opam/4.02.0+trunk/lib/extlib/refList.cmi
Installed /home/opam/.opam/4.02.0+trunk/lib/extlib/unzip.cmi
Installed /home/opam/.opam/4.02.0+trunk/lib/extlib/base64.cmi
Installed /home/opam/.opam/4.02.0+trunk/lib/extlib/uTF8.cmi
Installed /home/opam/.opam/4.02.0+trunk/lib/extlib/uChar.cmi
Installed /home/opam/.opam/4.02.0+trunk/lib/extlib/std.cmi
Installed /home/opam/.opam/4.02.0+trunk/lib/extlib/pMap.cmi
Installed /home/opam/.opam/4.02.0+trunk/lib/extlib/option.cmi
Installed /home/opam/.opam/4.02.0+trunk/lib/extlib/IO.cmi
Installed /home/opam/.opam/4.02.0+trunk/lib/extlib/global.cmi
Installed /home/opam/.opam/4.02.0+trunk/lib/extlib/extString.cmi
Installed /home/opam/.opam/4.02.0+trunk/lib/extlib/extList.cmi
Installed /home/opam/.opam/4.02.0+trunk/lib/extlib/extHashtbl.cmi
Installed /home/opam/.opam/4.02.0+trunk/lib/extlib/extArray.cmi
Installed /home/opam/.opam/4.02.0+trunk/lib/extlib/dynArray.cmi
Installed /home/opam/.opam/4.02.0+trunk/lib/extlib/bitSet.cmi
Installed /home/opam/.opam/4.02.0+trunk/lib/extlib/enum.cmi
Installed /home/opam/.opam/4.02.0+trunk/lib/extlib/dllist.mli
Installed /home/opam/.opam/4.02.0+trunk/lib/extlib/optParse.mli
Installed /home/opam/.opam/4.02.0+trunk/lib/extlib/refList.mli
Installed /home/opam/.opam/4.02.0+trunk/lib/extlib/unzip.mli
Installed /home/opam/.opam/4.02.0+trunk/lib/extlib/base64.mli
Installed /home/opam/.opam/4.02.0+trunk/lib/extlib/uTF8.mli
Installed /home/opam/.opam/4.02.0+trunk/lib/extlib/uChar.mli
Installed /home/opam/.opam/4.02.0+trunk/lib/extlib/std.mli
Installed /home/opam/.opam/4.02.0+trunk/lib/extlib/pMap.mli
Installed /home/opam/.opam/4.02.0+trunk/lib/extlib/option.mli
Installed /home/opam/.opam/4.02.0+trunk/lib/extlib/IO.mli
Installed /home/opam/.opam/4.02.0+trunk/lib/extlib/global.mli
Installed /home/opam/.opam/4.02.0+trunk/lib/extlib/extString.mli
Installed /home/opam/.opam/4.02.0+trunk/lib/extlib/extList.mli
Installed /home/opam/.opam/4.02.0+trunk/lib/extlib/extHashtbl.mli
Installed /home/opam/.opam/4.02.0+trunk/lib/extlib/extArray.mli
Installed /home/opam/.opam/4.02.0+trunk/lib/extlib/dynArray.mli
Installed /home/opam/.opam/4.02.0+trunk/lib/extlib/bitSet.mli
Installed /home/opam/.opam/4.02.0+trunk/lib/extlib/enum.mli
Installed /home/opam/.opam/4.02.0+trunk/lib/extlib/extLib.cma
Installed /home/opam/.opam/4.02.0+trunk/lib/extlib/META
Installing extlib.1.5.3.
Building ounit.2.0.0:
  make build
  make install
ocaml setup.ml -configure 
File "/home/gildor/programmation/oasis/src/oasis/OASISString.ml", line 118, characters 8-26:
Warning 3: deprecated: String.set
File "/home/gildor/programmation/oasis/src/oasis/OASISFindlib.ml", line 256, characters 6-24:
Warning 3: deprecated: Lazy.lazy_from_fun

Configuration: 
ocamlfind: ........................................... /home/opam/.opam/4.02.0+trunk/bin/ocamlfind
ocamlc: .............................................. /home/opam/.opam/4.02.0+trunk/bin/ocamlc.opt
ocamlopt: ............................................ /home/opam/.opam/4.02.0+trunk/bin/ocamlopt.opt
ocamlbuild: .......................................... /home/opam/.opam/4.02.0+trunk/bin/ocamlbuild
Package name: ........................................ ounit
Package version: ..................................... 2.0.0
os_type: ............................................. Unix
system: .............................................. linux
architecture: ........................................ amd64
ccomp_type: .......................................... cc
ocaml_version: ....................................... 4.02.0
standard_library_default: ............................ /home/opam/.opam/4.02.0+trunk/lib/ocaml
standard_library: .................................... /home/opam/.opam/4.02.0+trunk/lib/ocaml
standard_runtime: .................................... /home/opam/.opam/4.02.0+trunk/bin/ocamlrun
bytecomp_c_compiler: ................................. gcc -fno-defer-pop -Wall -D_FILE_OFFSET_BITS=64 -D_REENTRANT -fPIC
native_c_compiler: ................................... gcc -Wall -D_FILE_OFFSET_BITS=64 -D_REENTRANT
model: ............................................... default
ext_obj: ............................................. .o
ext_asm: ............................................. .s
ext_lib: ............................................. .a
ext_dll: ............................................. .so
default_executable_name: ............................. a.out
systhread_supported: ................................. true
Install architecture-independent files dir: .......... /usr/local
Install architecture-dependent files in dir: ......... $prefix
User executables: .................................... $exec_prefix/bin
System admin executables: ............................ $exec_prefix/sbin
Program executables: ................................. $exec_prefix/libexec
Read-only single-machine data: ....................... $prefix/etc
Modifiable architecture-independent data: ............ $prefix/com
Modifiable single-machine data: ...................... $prefix/var
Object code libraries: ............................... $exec_prefix/lib
Read-only arch-independent data root: ................ $prefix/share
Read-only architecture-independent data: ............. $datarootdir
Info documentation: .................................. $datarootdir/info
Locale-dependent data: ............................... $datarootdir/locale
Man documentation: ................................... $datarootdir/man
Documentation root: .................................. $datarootdir/doc/$pkg_name
HTML documentation: .................................. $docdir
DVI documentation: ................................... $docdir
PDF documentation: ................................... $docdir
PS documentation: .................................... $docdir
findlib_version: ..................................... 1.5.2
is_native: ........................................... true
suffix_program: ...................................... 
Remove a file.: ...................................... rm -f
Remove a directory.: ................................. rm -rf
Turn ocaml debug flag on: ............................ true
Turn ocaml profile flag on: .......................... false
Compiler support generation of .cmxs.: ............... true
OCamlbuild additional flags: ......................... 
Create documentations: ............................... true
Compile tests executable and library and run them: ... false
pkg_unix: ............................................ /home/opam/.opam/4.02.0+trunk/lib/ocaml
pkg_threads: ......................................... /home/opam/.opam/4.02.0+trunk/lib/ocaml
ocamldoc: ............................................ /home/opam/.opam/4.02.0+trunk/bin/ocamldoc

ocaml setup.ml -build 
File "/home/gildor/programmation/oasis/src/oasis/OASISString.ml", line 118, characters 8-26:
Warning 3: deprecated: String.set
File "/home/gildor/programmation/oasis/src/oasis/OASISFindlib.ml", line 256, characters 6-24:
Warning 3: deprecated: Lazy.lazy_from_fun
W: Cannot find source file matching module 'OUnitLoggerHTMLData' in library oUnitAdvanced
W: Cannot find source file matching module 'OUnitLoggerHTMLData' in library oUnitAdvanced
Failure: TODO.
E: Failure("Command ''/home/opam/.opam/4.02.0+trunk/bin/ocamlbuild' src/oUnitAdvanced.cma src/oUnitAdvanced.cmxa src/oUnitAdvanced.a src/oUnitAdvanced.cmxs src/oUnit.cma src/oUnit.cmxa src/oUnit.a src/oUnit.cmxs src/oUnitThreads.cma src/oUnitThreads.cmxa src/oUnitThreads.a src/oUnitThreads.cmxs -tag debug' terminated with error code 2")
make: *** [build] Error 1
Removing ounit.2.0.0.
[ERROR] The compilation of ounit.2.0.0 failed.
  ocamlfind remove oUnit
ocamlfind: [WARNING] No such directory: /home/opam/.opam/4.02.0+trunk/lib/oUnit


=-=-=-=-=-=-=-=-=-=-=-=-=-=-=-=-= Error report =-=-=-=-=-=-=-=-=-=-=-=-=-=-=-=-=
These actions have been completed successfully
 - install   extlib.1.5.3
The following failed
 - install   conf-libpcre.1
 - install   ounit.2.0.0
Due to the errors, the following have been cancelled
 - install   pcre-ocaml.7.1.1
 - install   ocaml-expect.0.0.3

#=================== ERROR while installing conf-libpcre.1 ====================#
# opam-version         1.2.0~beta4
# os                   linux
# command              pkg-config libpcre
# path                 /home/opam/.opam/4.02.0+trunk/build/conf-libpcre.1
# compiler             4.02.0+trunk
# exit-code            1
# env-file             /home/opam/.opam/4.02.0+trunk/build/conf-libpcre.1/conf-libpcre-422-d2c37b.env
# stdout-file          /home/opam/.opam/4.02.0+trunk/build/conf-libpcre.1/conf-libpcre-422-d2c37b.out
# stderr-file          /home/opam/.opam/4.02.0+trunk/build/conf-libpcre.1/conf-libpcre-422-d2c37b.err


#===================== ERROR while installing ounit.2.0.0 =====================#
# opam-version         1.2.0~beta4
# os                   linux
# command              make build
# path                 /home/opam/.opam/4.02.0+trunk/build/ounit.2.0.0
# compiler             4.02.0+trunk
# exit-code            2
# env-file             /home/opam/.opam/4.02.0+trunk/build/ounit.2.0.0/ounit-726-d0f245.env
# stdout-file          /home/opam/.opam/4.02.0+trunk/build/ounit.2.0.0/ounit-726-d0f245.out
# stderr-file          /home/opam/.opam/4.02.0+trunk/build/ounit.2.0.0/ounit-726-d0f245.err
### stdout ###
# ...[truncated]
# Compiler support generation of .cmxs.: ............... true
# OCamlbuild additional flags: ......................... 
# Create documentations: ............................... true
# Compile tests executable and library and run them: ... false
# pkg_unix: ............................................ /home/opam/.opam/4.02.0+trunk/lib/ocaml
# pkg_threads: ......................................... /home/opam/.opam/4.02.0+trunk/lib/ocaml
# ocamldoc: ............................................ /home/opam/.opam/4.02.0+trunk/bin/ocamldoc
# 
# ocaml setup.ml -build 
# Failure: TODO.
### stderr ###
# ...[truncated]
# File "/home/gildor/programmation/oasis/src/oasis/OASISFindlib.ml", line 256, characters 6-24:
# Warning 3: deprecated: Lazy.lazy_from_fun
# File "/home/gildor/programmation/oasis/src/oasis/OASISString.ml", line 118, characters 8-26:
# Warning 3: deprecated: String.set
# File "/home/gildor/programmation/oasis/src/oasis/OASISFindlib.ml", line 256, characters 6-24:
# Warning 3: deprecated: Lazy.lazy_from_fun
# W: Cannot find source file matching module 'OUnitLoggerHTMLData' in library oUnitAdvanced
# W: Cannot find source file matching module 'OUnitLoggerHTMLData' in library oUnitAdvanced
# E: Failure("Command ''/home/opam/.opam/4.02.0+trunk/bin/ocamlbuild' src/oUnitAdvanced.cma src/oUnitAdvanced.cmxa src/oUnitAdvanced.a src/oUnitAdvanced.cmxs src/oUnit.cma src/oUnit.cmxa src/oUnit.a src/oUnit.cmxs src/oUnitThreads.cma src/oUnitThreads.cmxa src/oUnitThreads.a src/oUnitThreads.cmxs -tag debug' terminated with error code 2")
# make: *** [build] Error 1


The former state can be restored with opam switch import "/home/opam/.opam/4.02.0+trunk/backup/state-20140719133948.export"
'opam install ocaml-expect' failed.
