++ opam install ocp-build -e ubuntu
+ depext=
+ echo Ubuntu depexts:
+ '[' '' '!=' '' ']'
++ opam install ocp-build -e source,linux
Ubuntu depexts:
+ srcext=
+ echo Ubuntu srcexts:
+ '[' '' '!=' '' ']'
Ubuntu srcexts:
+ opam install ocp-build
The following actions will be performed:
 - install   ocp-build.0.1
=== 1 to install ===

=-=-=-=-=-=-=-=-=-=-=-=- Synchronizing package archives -=-=-=-=-=-=-=-=-=-=-=-=
[default] Synchronizing with /home/opam/opam-repository/archives/ocp-build.0.1+opam.tar.gz
sending incremental file list
ocp-build.0.1+opam.tar.gz

sent 864,852 bytes  received 35 bytes  1,729,774.00 bytes/sec
total size is 864,514  speedup is 1.00

=-=-=-=-=-=-=-=-=-=-=-=-=-=-= Installing packages -=-=-=-=-=-=-=-=-=-=-=-=-=-=-=
Building ocp-build.0.1:
  make
mkdir -p ./_obuild
ocamlc -o ./_obuild/unixrun -make-runtime unix.cma
_obuild/unixrun boot/ocp-build.boot -init -scan -sanitize -v 0 ocp-build
Fatal error: the file 'boot/ocp-build.boot' is not a bytecode executable file
make: *** [compile] Error 2
[ERROR] The compilation of ocp-build.0.1 failed.
Removing ocp-build.0.1.
  Nothing to do.


#==================== ERROR while installing ocp-build.0.1 ====================#
# opam-version         1.2.0~beta4 (1b6ec60c9af058c94174b505f21c08d0c97a6c29)
# os                   linux
# command              make
# path                 /home/opam/.opam/4.02.0+trunk/build/ocp-build.0.1
# compiler             4.02.0+trunk
# exit-code            2
# env-file             /home/opam/.opam/4.02.0+trunk/build/ocp-build.0.1/ocp-build-126-6d07ae.env
# stdout-file          /home/opam/.opam/4.02.0+trunk/build/ocp-build.0.1/ocp-build-126-6d07ae.out
# stderr-file          /home/opam/.opam/4.02.0+trunk/build/ocp-build.0.1/ocp-build-126-6d07ae.err
### stdout ###
# mkdir -p ./_obuild
# ocamlc -o ./_obuild/unixrun -make-runtime unix.cma
# _obuild/unixrun boot/ocp-build.boot -init -scan -sanitize -v 0 ocp-build
### stderr ###
# Fatal error: the file 'boot/ocp-build.boot' is not a bytecode executable file
# make: *** [compile] Error 2

'opam install ocp-build' failed.
