++ opam install ocsigenserver -e ubuntu
+ depext='clasp version 2.1.4
Reading from outJ7yLat/gringo_out
Solving...
Answer: 3
in("ocsigenserver",4) in("base-bigarray",1) in("base-unix",1) in("ocamlfind",6) i
OPTIMUM FOUND

Models      : 1     
  Enumerated: 3
  Optimum   : yes
Optimization: 0 1 14
Time        : 0.012s (Solving: 0.00s 1st Model: 0.00s Unsat: 0.00s)
CPU Time    : 0.010s
Choices     : 66
Conflicts   : 9
Restarts    : 0     

Atoms       : 13876 
Rules       : 15538  (1: 15416 2: 13 3: 106 6: 3)
Bodies      : 562   
Equivalences: 27649  (Atom=Atom: 13614 Body=Body: 157 Other: 13878)
Tight       : Yes

Variables   : 401    (Eliminated:  107 Frozen:  145)
Constraints : 969    (Binary: 94.4% Ternary:  1.1% Other:  4.4%)
Lemmas      : 7      (Binary: 71.4% Ternary: 14.3% Other: 14.3%)
  Conflict  : 7      (Average Length: 3.0) 
  Loop      : 0      (Average Length: 0.0) 
  Other     : 0      (Average Length: 0.0)
  Deleted   : 0     

Backtracks          : 2     
Backjumps           : 7      (Bounded: 0)
Skippable Levels    : 27     (Skipped: 27 Rate: 100.0%)
Max Jump Length     : 9      (Executed: 9)
Max Bound Length    : 0     
Average Jump Length : 3.9    (Executed: 3.9)
Average Bound Length: 0.0   
Average Model Length: 14.3  
/usr/share/aspcud/encodings/misc2012.lp:150:57-76: warning: atom is undefined:
  recommends(P,V,D,W)

/usr/share/aspcud/encodings/misc2012.lp:148:57-75: warning: atom is undefined:
  attribute(P,V,A,X)

/usr/share/aspcud/encodings/misc2012.lp:138:57-76: warning: atom is undefined:
  recommends(P,V,D,W)

/usr/share/aspcud/encodings/misc2012.lp:164:42-61: warning: atom is undefined:
  recommends(P,V,D,W)

/usr/share/aspcud/encodings/misc2012.lp:161:63-81: warning: atom is undefined:
  attribute(P,V,A,X)

/usr/share/aspcud/encodings/misc2012.lp:109:50-68: warning: atom is undefined:
  attribute(P,V,A,X)

/usr/share/aspcud/encodings/misc2012.lp:109:70-88: warning: atom is undefined:
  attribute(P,V,B,Y)

/usr/share/aspcud/encodings/misc2012.lp:30:22-41: warning: atom is undefined:
  recommends(P,V,D,W)

libgdbm-dev libpcre3-dev libssl-dev zlib1g-dev'
+ echo Ubuntu depexts: clasp version 2.1.4 Reading from outJ7yLat/gringo_out Solving... Answer: 3 'in("ocsigenserver",4)' 'in("base-bigarray",1)' 'in("base-unix",1)' 'in("ocamlfind",6)' i OPTIMUM FOUND Models : 1 Enumerated: 3 Optimum : yes Optimization: 0 1 14 Time : 0.012s '(Solving:' 0.00s 1st Model: 0.00s Unsat: '0.00s)' CPU Time : 0.010s Choices : 66 Conflicts : 9 Restarts : 0 Atoms : 13876 Rules : 15538 '(1:' 15416 2: 13 3: 106 6: '3)' Bodies : 562 Equivalences: 27649 '(Atom=Atom:' 13614 Body=Body: 157 Other: '13878)' Tight : Yes Variables : 401 '(Eliminated:' 107 Frozen: '145)' Constraints : 969 '(Binary:' 94.4% Ternary: 1.1% Other: '4.4%)' Lemmas : 7 '(Binary:' 71.4% Ternary: 14.3% Other: '14.3%)' Conflict : 7 '(Average' Length: '3.0)' Loop : 0 '(Average' Length: '0.0)' Other : 0 '(Average' Length: '0.0)' Deleted : 0 Backtracks : 2 Backjumps : 7 '(Bounded:' '0)' Skippable Levels : 27 '(Skipped:' 27 Rate: '100.0%)' Max Jump Length : 9 '(Executed:' '9)' Max Bound Length : 0 Average Jump Length : 3.9 '(Executed:' '3.9)' Average Bound Length: 0.0 Average Model Length: 14.3 /usr/share/aspcud/encodings/misc2012.lp:150:57-76: warning: atom is undefined: 'recommends(P,V,D,W)' /usr/share/aspcud/encodings/misc2012.lp:148:57-75: warning: atom is undefined: 'attribute(P,V,A,X)' /usr/share/aspcud/encodings/misc2012.lp:138:57-76: warning: atom is undefined: 'recommends(P,V,D,W)' /usr/share/aspcud/encodings/misc2012.lp:164:42-61: warning: atom is undefined: 'recommends(P,V,D,W)' /usr/share/aspcud/encodings/misc2012.lp:161:63-81: warning: atom is undefined: 'attribute(P,V,A,X)' /usr/share/aspcud/encodings/misc2012.lp:109:50-68: warning: atom is undefined: 'attribute(P,V,A,X)' /usr/share/aspcud/encodings/misc2012.lp:109:70-88: warning: atom is undefined: 'attribute(P,V,B,Y)' /usr/share/aspcud/encodings/misc2012.lp:30:22-41: warning: atom is undefined: 'recommends(P,V,D,W)' libgdbm-dev libpcre3-dev libssl-dev zlib1g-dev
+ '[' 'clasp version 2.1.4
Reading from outJ7yLat/gringo_out
Solving...
Answer: 3
in("ocsigenserver",4) in("base-bigarray",1) in("base-unix",1) in("ocamlfind",6) i
OPTIMUM FOUND

Models      : 1     
  Enumerated: 3
  Optimum   : yes
Optimization: 0 1 14
Time        : 0.012s (Solving: 0.00s 1st Model: 0.00s Unsat: 0.00s)
CPU Time    : 0.010s
Choices     : 66
Conflicts   : 9
Restarts    : 0     

Atoms       : 13876 
Rules       : 15538  (1: 15416 2: 13 3: 106 6: 3)
Bodies      : 562   
Equivalences: 27649  (Atom=Atom: 13614 Body=Body: 157 Other: 13878)
Tight       : Yes

Variables   : 401    (Eliminated:  107 Frozen:  145)
Constraints : 969    (Binary: 94.4% Ternary:  1.1% Other:  4.4%)
Lemmas      : 7      (Binary: 71.4% Ternary: 14.3% Other: 14.3%)
  Conflict  : 7      (Average Length: 3.0) 
  Loop      : 0      (Average Length: 0.0) 
  Other     : 0      (Average Length: 0.0)
  Deleted   : 0     

Backtracks          : 2     
Backjumps           : 7      (Bounded: 0)
Skippable Levels    : 27     (Skipped: 27 Rate: 100.0%)
Max Jump Length     : 9      (Executed: 9)
Max Bound Length    : 0     
Average Jump Length : 3.9    (Executed: 3.9)
Average Bound Length: 0.0   
Average Model Length: 14.3  
/usr/share/aspcud/encodings/misc2012.lp:150:57-76: warning: atom is undefined:
  recommends(P,V,D,W)

/usr/share/aspcud/encodings/misc2012.lp:148:57-75: warning: atom is undefined:
  attribute(P,V,A,X)

/usr/share/aspcud/encodings/misc2012.lp:138:57-76: warning: atom is undefined:
  recommends(P,V,D,W)

/usr/share/aspcud/encodings/misc2012.lp:164:42-61: warning: atom is undefined:
  recommends(P,V,D,W)

/usr/share/aspcud/encodings/misc2012.lp:161:63-81: warning: atom is undefined:
  attribute(P,V,A,X)

/usr/share/aspcud/encodings/misc2012.lp:109:50-68: warning: atom is undefined:
  attribute(P,V,A,X)

/usr/share/aspcud/encodings/misc2012.lp:109:70-88: warning: atom is undefined:
  attribute(P,V,B,Y)

/usr/share/aspcud/encodings/misc2012.lp:30:22-41: warning: atom is undefined:
  recommends(P,V,D,W)

libgdbm-dev libpcre3-dev libssl-dev zlib1g-dev' '!=' '' ']'
+ sudo apt-get install -qq -y build-essential m4
Ubuntu depexts: clasp version 2.1.4 Reading from outJ7yLat/gringo_out Solving... Answer: 3 in("ocsigenserver",4) in("base-bigarray",1) in("base-unix",1) in("ocamlfind",6) i OPTIMUM FOUND Models : 1 Enumerated: 3 Optimum : yes Optimization: 0 1 14 Time : 0.012s (Solving: 0.00s 1st Model: 0.00s Unsat: 0.00s) CPU Time : 0.010s Choices : 66 Conflicts : 9 Restarts : 0 Atoms : 13876 Rules : 15538 (1: 15416 2: 13 3: 106 6: 3) Bodies : 562 Equivalences: 27649 (Atom=Atom: 13614 Body=Body: 157 Other: 13878) Tight : Yes Variables : 401 (Eliminated: 107 Frozen: 145) Constraints : 969 (Binary: 94.4% Ternary: 1.1% Other: 4.4%) Lemmas : 7 (Binary: 71.4% Ternary: 14.3% Other: 14.3%) Conflict : 7 (Average Length: 3.0) Loop : 0 (Average Length: 0.0) Other : 0 (Average Length: 0.0) Deleted : 0 Backtracks : 2 Backjumps : 7 (Bounded: 0) Skippable Levels : 27 (Skipped: 27 Rate: 100.0%) Max Jump Length : 9 (Executed: 9) Max Bound Length : 0 Average Jump Length : 3.9 (Executed: 3.9) Average Bound Length: 0.0 Average Model Length: 14.3 /usr/share/aspcud/encodings/misc2012.lp:150:57-76: warning: atom is undefined: recommends(P,V,D,W) /usr/share/aspcud/encodings/misc2012.lp:148:57-75: warning: atom is undefined: attribute(P,V,A,X) /usr/share/aspcud/encodings/misc2012.lp:138:57-76: warning: atom is undefined: recommends(P,V,D,W) /usr/share/aspcud/encodings/misc2012.lp:164:42-61: warning: atom is undefined: recommends(P,V,D,W) /usr/share/aspcud/encodings/misc2012.lp:161:63-81: warning: atom is undefined: attribute(P,V,A,X) /usr/share/aspcud/encodings/misc2012.lp:109:50-68: warning: atom is undefined: attribute(P,V,A,X) /usr/share/aspcud/encodings/misc2012.lp:109:70-88: warning: atom is undefined: attribute(P,V,B,Y) /usr/share/aspcud/encodings/misc2012.lp:30:22-41: warning: atom is undefined: recommends(P,V,D,W) libgdbm-dev libpcre3-dev libssl-dev zlib1g-dev
+ sudo apt-get install -qq -y clasp version 2.1.4 Reading from outJ7yLat/gringo_out Solving... Answer: 3 'in("ocsigenserver",4)' 'in("base-bigarray",1)' 'in("base-unix",1)' 'in("ocamlfind",6)' i OPTIMUM FOUND Models : 1 Enumerated: 3 Optimum : yes Optimization: 0 1 14 Time : 0.012s '(Solving:' 0.00s 1st Model: 0.00s Unsat: '0.00s)' CPU Time : 0.010s Choices : 66 Conflicts : 9 Restarts : 0 Atoms : 13876 Rules : 15538 '(1:' 15416 2: 13 3: 106 6: '3)' Bodies : 562 Equivalences: 27649 '(Atom=Atom:' 13614 Body=Body: 157 Other: '13878)' Tight : Yes Variables : 401 '(Eliminated:' 107 Frozen: '145)' Constraints : 969 '(Binary:' 94.4% Ternary: 1.1% Other: '4.4%)' Lemmas : 7 '(Binary:' 71.4% Ternary: 14.3% Other: '14.3%)' Conflict : 7 '(Average' Length: '3.0)' Loop : 0 '(Average' Length: '0.0)' Other : 0 '(Average' Length: '0.0)' Deleted : 0 Backtracks : 2 Backjumps : 7 '(Bounded:' '0)' Skippable Levels : 27 '(Skipped:' 27 Rate: '100.0%)' Max Jump Length : 9 '(Executed:' '9)' Max Bound Length : 0 Average Jump Length : 3.9 '(Executed:' '3.9)' Average Bound Length: 0.0 Average Model Length: 14.3 /usr/share/aspcud/encodings/misc2012.lp:150:57-76: warning: atom is undefined: 'recommends(P,V,D,W)' /usr/share/aspcud/encodings/misc2012.lp:148:57-75: warning: atom is undefined: 'attribute(P,V,A,X)' /usr/share/aspcud/encodings/misc2012.lp:138:57-76: warning: atom is undefined: 'recommends(P,V,D,W)' /usr/share/aspcud/encodings/misc2012.lp:164:42-61: warning: atom is undefined: 'recommends(P,V,D,W)' /usr/share/aspcud/encodings/misc2012.lp:161:63-81: warning: atom is undefined: 'attribute(P,V,A,X)' /usr/share/aspcud/encodings/misc2012.lp:109:50-68: warning: atom is undefined: 'attribute(P,V,A,X)' /usr/share/aspcud/encodings/misc2012.lp:109:70-88: warning: atom is undefined: 'attribute(P,V,B,Y)' /usr/share/aspcud/encodings/misc2012.lp:30:22-41: warning: atom is undefined: 'recommends(P,V,D,W)' libgdbm-dev libpcre3-dev libssl-dev zlib1g-dev
E: Unable to locate package version
E: Unable to locate package Reading
E: Unable to locate package from
E: Unable to locate package outJ7yLat
E: Unable to locate package Solving...
E: Couldn't find any package by regex 'Solving...'
E: Unable to locate package Answer
E: Unable to locate package 3
E: Unable to locate package in("ocsigenserver",4)
E: Unable to locate package in("base-bigarray",1)
E: Unable to locate package in("base-unix",1)
E: Unable to locate package in("ocamlfind",6)
E: Unable to locate package i
E: Unable to locate package OPTIMUM
E: Unable to locate package FOUND
E: Unable to locate package Models
E: Unable to locate package 
E: Unable to locate package 1
E: Unable to locate package Enumerated
E: Unable to locate package 3
E: Unable to locate package Optimum
E: Unable to locate package 
E: Unable to locate package yes
E: Unable to locate package Optimization
E: Unable to locate package 0
E: Unable to locate package 1
E: Unable to locate package 14
E: Unable to locate package 
E: Unable to locate package 0.012s
E: Couldn't find any package by regex '0.012s'
E: Unable to locate package (Solving
E: Unable to locate package 0.00s
E: Couldn't find any package by regex '0.00s'
E: Unable to locate package 1st
E: Unable to locate package Model
E: Unable to locate package 0.00s
E: Couldn't find any package by regex '0.00s'
E: Unable to locate package Unsat
E: Unable to locate package 0.00s)
E: Couldn't find any package by regex '0.00s)'
E: Unable to locate package 
E: Unable to locate package 0.010s
E: Couldn't find any package by regex '0.010s'
E: Unable to locate package Choices
E: Unable to locate package 
E: Unable to locate package 66
E: Unable to locate package Conflicts
E: Unable to locate package 
E: Unable to locate package 9
E: Unable to locate package Restarts
E: Unable to locate package 
E: Unable to locate package 0
E: Unable to locate package Atoms
E: Unable to locate package 
E: Unable to locate package 13876
E: Unable to locate package Rules
E: Unable to locate package 
E: Unable to locate package 15538
E: Unable to locate package (1
E: Unable to locate package 15416
E: Unable to locate package 2
E: Unable to locate package 13
E: Unable to locate package 3
E: Unable to locate package 106
E: Unable to locate package 6
E: Unable to locate package 3)
E: Unable to locate package Bodies
E: Unable to locate package 
E: Unable to locate package 562
E: Unable to locate package Equivalences
E: Unable to locate package 27649
E: Unable to locate package (Atom
E: Unable to locate package 13614
E: Unable to locate package Body
E: Unable to locate package 157
E: Unable to locate package Other
E: Unable to locate package 13878)
E: Unable to locate package Tight
E: Unable to locate package 
E: Unable to locate package Yes
E: Unable to locate package Variables
E: Unable to locate package 
E: Unable to locate package 401
E: Unable to locate package (Eliminated
E: Unable to locate package 107
E: Unable to locate package Frozen
E: Unable to locate package 145)
E: Unable to locate package Constraints
E: Unable to locate package 
E: Unable to locate package 969
E: Unable to locate package (Binary
E: Unable to locate package 94.4%
E: Couldn't find any package by regex '94.4%'
E: Unable to locate package Ternary
E: Unable to locate package 1.1%
E: Couldn't find any package by regex '1.1%'
E: Unable to locate package Other
E: Unable to locate package 4.4%)
E: Couldn't find any package by regex '4.4%)'
E: Unable to locate package Lemmas
E: Unable to locate package 
E: Unable to locate package 7
E: Unable to locate package (Binary
E: Unable to locate package 71.4%
E: Couldn't find any package by regex '71.4%'
E: Unable to locate package Ternary
E: Unable to locate package 14.3%
E: Couldn't find any package by regex '14.3%'
E: Unable to locate package Other
E: Unable to locate package 14.3%)
E: Couldn't find any package by regex '14.3%)'
E: Unable to locate package Conflict
E: Unable to locate package 
E: Unable to locate package 7
E: Unable to locate package (Average
E: Unable to locate package Length
E: Unable to locate package 3.0)
E: Couldn't find any package by regex '3.0)'
E: Unable to locate package Loop
E: Unable to locate package 
E: Unable to locate package 0
E: Unable to locate package (Average
E: Unable to locate package Length
E: Unable to locate package 0.0)
E: Couldn't find any package by regex '0.0)'
E: Unable to locate package Other
E: Unable to locate package 
E: Unable to locate package 0
E: Unable to locate package (Average
E: Unable to locate package Length
E: Unable to locate package 0.0)
E: Couldn't find any package by regex '0.0)'
E: Unable to locate package Deleted
E: Unable to locate package 
E: Unable to locate package 0
E: Unable to locate package Backtracks
E: Unable to locate package 
E: Unable to locate package 2
E: Unable to locate package Backjumps
E: Unable to locate package 
E: Unable to locate package 7
E: Unable to locate package (Bounded
E: Unable to locate package 0)
E: Unable to locate package Skippable
E: Unable to locate package Levels
E: Unable to locate package 
E: Unable to locate package 27
E: Unable to locate package (Skipped
E: Unable to locate package 27
E: Unable to locate package Rate
E: Unable to locate package 100.0%)
E: Couldn't find any package by regex '100.0%)'
E: Unable to locate package Max
E: Unable to locate package Jump
E: Unable to locate package Length
E: Unable to locate package 
E: Unable to locate package 9
E: Unable to locate package (Executed
E: Unable to locate package 9)
E: Unable to locate package Max
E: Unable to locate package Bound
E: Unable to locate package Length
E: Unable to locate package 
E: Unable to locate package 0
E: Unable to locate package Average
E: Unable to locate package Jump
E: Unable to locate package Length
E: Unable to locate package 
E: Unable to locate package (Executed
E: Unable to locate package 3.9)
E: Couldn't find any package by regex '3.9)'
E: Unable to locate package Average
E: Unable to locate package Bound
E: Unable to locate package Length
E: Unable to locate package Average
E: Unable to locate package Model
E: Unable to locate package Length
E: Unable to locate package /usr/share/aspcud/encodings
E: Unable to locate package warning
E: Unable to locate package atom
E: Unable to locate package is
E: Unable to locate package undefined
E: Unable to locate package recommends(P,V,D,W)
E: Unable to locate package /usr/share/aspcud/encodings
E: Unable to locate package warning
E: Unable to locate package atom
E: Unable to locate package is
E: Unable to locate package undefined
E: Unable to locate package attribute(P,V,A,X)
E: Unable to locate package /usr/share/aspcud/encodings
E: Unable to locate package warning
E: Unable to locate package atom
E: Unable to locate package is
E: Unable to locate package undefined
E: Unable to locate package recommends(P,V,D,W)
E: Unable to locate package /usr/share/aspcud/encodings
E: Unable to locate package warning
E: Unable to locate package atom
E: Unable to locate package is
E: Unable to locate package undefined
E: Unable to locate package recommends(P,V,D,W)
E: Unable to locate package /usr/share/aspcud/encodings
E: Unable to locate package warning
E: Unable to locate package atom
E: Unable to locate package is
E: Unable to locate package undefined
E: Unable to locate package attribute(P,V,A,X)
E: Unable to locate package /usr/share/aspcud/encodings
E: Unable to locate package warning
E: Unable to locate package atom
E: Unable to locate package is
E: Unable to locate package undefined
E: Unable to locate package attribute(P,V,A,X)
E: Unable to locate package /usr/share/aspcud/encodings
E: Unable to locate package warning
E: Unable to locate package atom
E: Unable to locate package is
E: Unable to locate package undefined
E: Unable to locate package attribute(P,V,B,Y)
E: Unable to locate package /usr/share/aspcud/encodings
E: Unable to locate package warning
E: Unable to locate package atom
E: Unable to locate package is
E: Unable to locate package undefined
E: Unable to locate package recommends(P,V,D,W)
++ opam install ocsigenserver -e source,linux
+ srcext='clasp version 2.1.4
Reading from outNYW1wh/gringo_out
Solving...
Answer: 3
in("ocsigenserver",4) in("base-bigarray",1) in("base-unix",1) in("ocamlfind",6) i
OPTIMUM FOUND

Models      : 1     
  Enumerated: 3
  Optimum   : yes
Optimization: 0 1 14
Time        : 0.014s (Solving: 0.00s 1st Model: 0.00s Unsat: 0.00s)
CPU Time    : 0.010s
Choices     : 66
Conflicts   : 9
Restarts    : 0     

Atoms       : 13876 
Rules       : 15538  (1: 15416 2: 13 3: 106 6: 3)
Bodies      : 562   
Equivalences: 27649  (Atom=Atom: 13614 Body=Body: 157 Other: 13878)
Tight       : Yes

Variables   : 401    (Eliminated:  107 Frozen:  145)
Constraints : 969    (Binary: 94.4% Ternary:  1.1% Other:  4.4%)
Lemmas      : 7      (Binary: 71.4% Ternary: 14.3% Other: 14.3%)
  Conflict  : 7      (Average Length: 3.0) 
  Loop      : 0      (Average Length: 0.0) 
  Other     : 0      (Average Length: 0.0)
  Deleted   : 0     

Backtracks          : 2     
Backjumps           : 7      (Bounded: 0)
Skippable Levels    : 27     (Skipped: 27 Rate: 100.0%)
Max Jump Length     : 9      (Executed: 9)
Max Bound Length    : 0     
Average Jump Length : 3.9    (Executed: 3.9)
Average Bound Length: 0.0   
Average Model Length: 14.3  
/usr/share/aspcud/encodings/misc2012.lp:150:57-76: warning: atom is undefined:
  recommends(P,V,D,W)

/usr/share/aspcud/encodings/misc2012.lp:148:57-75: warning: atom is undefined:
  attribute(P,V,A,X)

/usr/share/aspcud/encodings/misc2012.lp:138:57-76: warning: atom is undefined:
  recommends(P,V,D,W)

/usr/share/aspcud/encodings/misc2012.lp:164:42-61: warning: atom is undefined:
  recommends(P,V,D,W)

/usr/share/aspcud/encodings/misc2012.lp:161:63-81: warning: atom is undefined:
  attribute(P,V,A,X)

/usr/share/aspcud/encodings/misc2012.lp:109:50-68: warning: atom is undefined:
  attribute(P,V,A,X)

/usr/share/aspcud/encodings/misc2012.lp:109:70-88: warning: atom is undefined:
  attribute(P,V,B,Y)

/usr/share/aspcud/encodings/misc2012.lp:30:22-41: warning: atom is undefined:
  recommends(P,V,D,W)'
+ echo Ubuntu srcexts: clasp version 2.1.4 Reading from outNYW1wh/gringo_out Solving... Answer: 3 'in("ocsigenserver",4)' 'in("base-bigarray",1)' 'in("base-unix",1)' 'in("ocamlfind",6)' i OPTIMUM FOUND Models : 1 Enumerated: 3 Optimum : yes Optimization: 0 1 14 Time : 0.014s '(Solving:' 0.00s 1st Model: 0.00s Unsat: '0.00s)' CPU Time : 0.010s Choices : 66 Conflicts : 9 Restarts : 0 Atoms : 13876 Rules : 15538 '(1:' 15416 2: 13 3: 106 6: '3)' Bodies : 562 Equivalences: 27649 '(Atom=Atom:' 13614 Body=Body: 157 Other: '13878)' Tight : Yes Variables : 401 '(Eliminated:' 107 Frozen: '145)' Constraints : 969 '(Binary:' 94.4% Ternary: 1.1% Other: '4.4%)' Lemmas : 7 '(Binary:' 71.4% Ternary: 14.3% Other: '14.3%)' Conflict : 7 '(Average' Length: '3.0)' Loop : 0 '(Average' Length: '0.0)' Other : 0 '(Average' Length: '0.0)' Deleted : 0 Backtracks : 2 Backjumps : 7 '(Bounded:' '0)' Skippable Levels : 27 '(Skipped:' 27 Rate: '100.0%)' Max Jump Length : 9 '(Executed:' '9)' Max Bound Length : 0 Average Jump Length : 3.9 '(Executed:' '3.9)' Average Bound Length: 0.0 Average Model Length: 14.3 /usr/share/aspcud/encodings/misc2012.lp:150:57-76: warning: atom is undefined: 'recommends(P,V,D,W)' /usr/share/aspcud/encodings/misc2012.lp:148:57-75: warning: atom is undefined: 'attribute(P,V,A,X)' /usr/share/aspcud/encodings/misc2012.lp:138:57-76: warning: atom is undefined: 'recommends(P,V,D,W)' /usr/share/aspcud/encodings/misc2012.lp:164:42-61: warning: atom is undefined: 'recommends(P,V,D,W)' /usr/share/aspcud/encodings/misc2012.lp:161:63-81: warning: atom is undefined: 'attribute(P,V,A,X)' /usr/share/aspcud/encodings/misc2012.lp:109:50-68: warning: atom is undefined: 'attribute(P,V,A,X)' /usr/share/aspcud/encodings/misc2012.lp:109:70-88: warning: atom is undefined: 'attribute(P,V,B,Y)' /usr/share/aspcud/encodings/misc2012.lp:30:22-41: warning: atom is undefined: 'recommends(P,V,D,W)'
+ '[' 'clasp version 2.1.4
Reading from outNYW1wh/gringo_out
Solving...
Answer: 3
in("ocsigenserver",4) in("base-bigarray",1) in("base-unix",1) in("ocamlfind",6) i
OPTIMUM FOUND

Models      : 1     
  Enumerated: 3
  Optimum   : yes
Optimization: 0 1 14
Time        : 0.014s (Solving: 0.00s 1st Model: 0.00s Unsat: 0.00s)
CPU Time    : 0.010s
Choices     : 66
Conflicts   : 9
Restarts    : 0     

Atoms       : 13876 
Rules       : 15538  (1: 15416 2: 13 3: 106 6: 3)
Bodies      : 562   
Equivalences: 27649  (Atom=Atom: 13614 Body=Body: 157 Other: 13878)
Tight       : Yes

Variables   : 401    (Eliminated:  107 Frozen:  145)
Constraints : 969    (Binary: 94.4% Ternary:  1.1% Other:  4.4%)
Lemmas      : 7      (Binary: 71.4% Ternary: 14.3% Other: 14.3%)
  Conflict  : 7      (Average Length: 3.0) 
  Loop      : 0      (Average Length: 0.0) 
  Other     : 0      (Average Length: 0.0)
  Deleted   : 0     

Backtracks          : 2     
Backjumps           : 7      (Bounded: 0)
Skippable Levels    : 27     (Skipped: 27 Rate: 100.0%)
Max Jump Length     : 9      (Executed: 9)
Max Bound Length    : 0     
Average Jump Length : 3.9    (Executed: 3.9)
Average Bound Length: 0.0   
Average Model Length: 14.3  
/usr/share/aspcud/encodings/misc2012.lp:150:57-76: warning: atom is undefined:
  recommends(P,V,D,W)

/usr/share/aspcud/encodings/misc2012.lp:148:57-75: warning: atom is undefined:
  attribute(P,V,A,X)

/usr/share/aspcud/encodings/misc2012.lp:138:57-76: warning: atom is undefined:
  recommends(P,V,D,W)

/usr/share/aspcud/encodings/misc2012.lp:164:42-61: warning: atom is undefined:
  recommends(P,V,D,W)

/usr/share/aspcud/encodings/misc2012.lp:161:63-81: warning: atom is undefined:
  attribute(P,V,A,X)

/usr/share/aspcud/encodings/misc2012.lp:109:50-68: warning: atom is undefined:
  attribute(P,V,A,X)

/usr/share/aspcud/encodings/misc2012.lp:109:70-88: warning: atom is undefined:
  attribute(P,V,B,Y)

/usr/share/aspcud/encodings/misc2012.lp:30:22-41: warning: atom is undefined:
  recommends(P,V,D,W)' '!=' '' ']'
++ mktemp
Ubuntu srcexts: clasp version 2.1.4 Reading from outNYW1wh/gringo_out Solving... Answer: 3 in("ocsigenserver",4) in("base-bigarray",1) in("base-unix",1) in("ocamlfind",6) i OPTIMUM FOUND Models : 1 Enumerated: 3 Optimum : yes Optimization: 0 1 14 Time : 0.014s (Solving: 0.00s 1st Model: 0.00s Unsat: 0.00s) CPU Time : 0.010s Choices : 66 Conflicts : 9 Restarts : 0 Atoms : 13876 Rules : 15538 (1: 15416 2: 13 3: 106 6: 3) Bodies : 562 Equivalences: 27649 (Atom=Atom: 13614 Body=Body: 157 Other: 13878) Tight : Yes Variables : 401 (Eliminated: 107 Frozen: 145) Constraints : 969 (Binary: 94.4% Ternary: 1.1% Other: 4.4%) Lemmas : 7 (Binary: 71.4% Ternary: 14.3% Other: 14.3%) Conflict : 7 (Average Length: 3.0) Loop : 0 (Average Length: 0.0) Other : 0 (Average Length: 0.0) Deleted : 0 Backtracks : 2 Backjumps : 7 (Bounded: 0) Skippable Levels : 27 (Skipped: 27 Rate: 100.0%) Max Jump Length : 9 (Executed: 9) Max Bound Length : 0 Average Jump Length : 3.9 (Executed: 3.9) Average Bound Length: 0.0 Average Model Length: 14.3 /usr/share/aspcud/encodings/misc2012.lp:150:57-76: warning: atom is undefined: recommends(P,V,D,W) /usr/share/aspcud/encodings/misc2012.lp:148:57-75: warning: atom is undefined: attribute(P,V,A,X) /usr/share/aspcud/encodings/misc2012.lp:138:57-76: warning: atom is undefined: recommends(P,V,D,W) /usr/share/aspcud/encodings/misc2012.lp:164:42-61: warning: atom is undefined: recommends(P,V,D,W) /usr/share/aspcud/encodings/misc2012.lp:161:63-81: warning: atom is undefined: attribute(P,V,A,X) /usr/share/aspcud/encodings/misc2012.lp:109:50-68: warning: atom is undefined: attribute(P,V,A,X) /usr/share/aspcud/encodings/misc2012.lp:109:70-88: warning: atom is undefined: attribute(P,V,B,Y) /usr/share/aspcud/encodings/misc2012.lp:30:22-41: warning: atom is undefined: recommends(P,V,D,W)
+ t=/tmp/tmp.nGaECndrWM
+ curl -sL clasp version 2.1.4 Reading from outNYW1wh/gringo_out Solving... Answer: 3 'in("ocsigenserver",4)' 'in("base-bigarray",1)' 'in("base-unix",1)' 'in("ocamlfind",6)' i OPTIMUM FOUND Models : 1 Enumerated: 3 Optimum : yes Optimization: 0 1 14 Time : 0.014s '(Solving:' 0.00s 1st Model: 0.00s Unsat: '0.00s)' CPU Time : 0.010s Choices : 66 Conflicts : 9 Restarts : 0 Atoms : 13876 Rules : 15538 '(1:' 15416 2: 13 3: 106 6: '3)' Bodies : 562 Equivalences: 27649 '(Atom=Atom:' 13614 Body=Body: 157 Other: '13878)' Tight : Yes Variables : 401 '(Eliminated:' 107 Frozen: '145)' Constraints : 969 '(Binary:' 94.4% Ternary: 1.1% Other: '4.4%)' Lemmas : 7 '(Binary:' 71.4% Ternary: 14.3% Other: '14.3%)' Conflict : 7 '(Average' Length: '3.0)' Loop : 0 '(Average' Length: '0.0)' Other : 0 '(Average' Length: '0.0)' Deleted : 0 Backtracks : 2 Backjumps : 7 '(Bounded:' '0)' Skippable Levels : 27 '(Skipped:' 27 Rate: '100.0%)' Max Jump Length : 9 '(Executed:' '9)' Max Bound Length : 0 Average Jump Length : 3.9 '(Executed:' '3.9)' Average Bound Length: 0.0 Average Model Length: 14.3 /usr/share/aspcud/encodings/misc2012.lp:150:57-76: warning: atom is undefined: 'recommends(P,V,D,W)' /usr/share/aspcud/encodings/misc2012.lp:148:57-75: warning: atom is undefined: 'attribute(P,V,A,X)' /usr/share/aspcud/encodings/misc2012.lp:138:57-76: warning: atom is undefined: 'recommends(P,V,D,W)' /usr/share/aspcud/encodings/misc2012.lp:164:42-61: warning: atom is undefined: 'recommends(P,V,D,W)' /usr/share/aspcud/encodings/misc2012.lp:161:63-81: warning: atom is undefined: 'attribute(P,V,A,X)' /usr/share/aspcud/encodings/misc2012.lp:109:50-68: warning: atom is undefined: 'attribute(P,V,A,X)' /usr/share/aspcud/encodings/misc2012.lp:109:70-88: warning: atom is undefined: 'attribute(P,V,B,Y)' /usr/share/aspcud/encodings/misc2012.lp:30:22-41: warning: atom is undefined: 'recommends(P,V,D,W)'
+ bash -ex /tmp/tmp.nGaECndrWM
+ opam install ocsigenserver
clasp version 2.1.4
Reading from out13vIQk/gringo_out
Solving...
Answer: 3
in("ocsigenserver",4) in("base-bigarray",1) in("base-unix",1) in("ocamlfind",6) i
OPTIMUM FOUND

Models      : 1     
  Enumerated: 3
  Optimum   : yes
Optimization: 0 1 14
Time        : 0.012s (Solving: 0.00s 1st Model: 0.00s Unsat: 0.00s)
CPU Time    : 0.010s
Choices     : 66
Conflicts   : 9
Restarts    : 0     

Atoms       : 13876 
Rules       : 15538  (1: 15416 2: 13 3: 106 6: 3)
Bodies      : 562   
Equivalences: 27649  (Atom=Atom: 13614 Body=Body: 157 Other: 13878)
Tight       : Yes

Variables   : 401    (Eliminated:  107 Frozen:  145)
Constraints : 969    (Binary: 94.4% Ternary:  1.1% Other:  4.4%)
Lemmas      : 7      (Binary: 71.4% Ternary: 14.3% Other: 14.3%)
  Conflict  : 7      (Average Length: 3.0) 
  Loop      : 0      (Average Length: 0.0) 
  Other     : 0      (Average Length: 0.0)
  Deleted   : 0     

Backtracks          : 2     
Backjumps           : 7      (Bounded: 0)
Skippable Levels    : 27     (Skipped: 27 Rate: 100.0%)
Max Jump Length     : 9      (Executed: 9)
Max Bound Length    : 0     
Average Jump Length : 3.9    (Executed: 3.9)
Average Bound Length: 0.0   
Average Model Length: 14.3  
/usr/share/aspcud/encodings/misc2012.lp:150:57-76: warning: atom is undefined:
  recommends(P,V,D,W)

/usr/share/aspcud/encodings/misc2012.lp:148:57-75: warning: atom is undefined:
  attribute(P,V,A,X)

/usr/share/aspcud/encodings/misc2012.lp:138:57-76: warning: atom is undefined:
  recommends(P,V,D,W)

/usr/share/aspcud/encodings/misc2012.lp:164:42-61: warning: atom is undefined:
  recommends(P,V,D,W)

/usr/share/aspcud/encodings/misc2012.lp:161:63-81: warning: atom is undefined:
  attribute(P,V,A,X)

/usr/share/aspcud/encodings/misc2012.lp:109:50-68: warning: atom is undefined:
  attribute(P,V,A,X)

/usr/share/aspcud/encodings/misc2012.lp:109:70-88: warning: atom is undefined:
  attribute(P,V,B,Y)

/usr/share/aspcud/encodings/misc2012.lp:30:22-41: warning: atom is undefined:
  recommends(P,V,D,W)

The following actions will be performed:
 - install   cryptokit.1.9                         [required by ocsigenserver]
 - install   dbm.1.0                               [required by ocsigenserver]
 - install   ssl.0.4.7                             [required by ocsigenserver]
 - install   react.1.1.0                           [required by ocsigenserver]
 - install   conf-libpcre.1                        [required by pcre-ocaml]
 - install   camlp4.4.02.0                         [required by tyxml, lwt, ocamlnet]
 - install   pcre-ocaml.7.1.1                      [required by ocsigenserver]
 - install   tyxml.3.1.1                           [required by ocsigenserver]
 - install   type_conv.111.13.00                   [required by sexplib]
 - install   lwt.2.4.5                             [required by ocsigenserver]
 - install   ocamlnet.3.7.4                        [required by ocsigenserver]
 - install   sexplib.111.25.00                     [required by ipaddr]
 - install   ipaddr.2.5.0                          [required by ocsigenserver]
 - install   ocsigenserver.2.4.0
=== 14 to install ===

=-=-=-=-=-=-=-=-=-=-=-=- Synchronizing package archives -=-=-=-=-=-=-=-=-=-=-=-=
[camlp4.4.02.0] Fetching git://github.com/ocaml/camlp4#4.02
[cryptokit.1.9] Downloading https://forge.ocamlcore.org/frs/download.php/1229/cryptokit-1.9.tar.gz
[dbm.1.0] Downloading https://forge.ocamlcore.org/frs/download.php/728/camldbm-1.0.tgz
Initialized empty Git repository in /home/opam/.opam/packages.dev/camlp4.4.02.0/.git/
  % Total    % Received % Xferd  Average Speed   Time    Time     Time  Current
                                 Dload  Upload   Total   Spent    Left  Speed
  0     0    0     0    0     0      0      0 --:--:-- --:--:-- --:--:--     0  % Total    % Received % Xferd  Average Speed   Time    Time     Time  Current
                                 Dload  Upload   Total   Spent    Left  Speed
  0     0    0     0    0     0      0      0 --:--:-- --:--:-- --:--:--     0100  140k  100  140k    0     0   574k      0 --:--:-- --:--:-- --:--:--  576k
200
100 14397  100 14397    0     0  55382      0 --:--:-- --:--:-- --:--:-- 55586
200
[ipaddr.2.5.0] Downloading https://github.com/mirage/ocaml-ipaddr/archive/2.5.0.tar.gz
[lwt.2.4.5] Downloading https://github.com/ocsigen/lwt/archive/2.4.5.tar.gz
  % Total    % Received % Xferd  Average Speed   Time    Time     Time  Current
                                 Dload  Upload   Total   Spent    Left  Speed
  0     0    0     0    0     0      0      0 --:--:-- --:--:-- --:--:--     0  % Total    % Received % Xferd  Average Speed   Time    Time     Time  Current
                                 Dload  Upload   Total   Spent    Left  Speed
  0     0    0     0    0     0      0      0 --:--:-- --:--:-- --:--:--     0100   126  100   126    0     0    342      0 --:--:-- --:--:-- --:--:--   343
100   118    0   118    0     0    298      0 --:--:-- --:--:-- --:--:--   299
 18  291k   18 53924    0     0  54734      0  0:00:05 --:--:--  0:00:05 54734  0     0    0 59769    0     0  58381      0 --:--:--  0:00:01 --:--:-- 58381  0     0    0 62338    0     0  60864      0 --:--:--  0:00:01 --:--:-- 2508k
200
[ocamlnet.3.7.4] Downloading http://download.camlcity.org/download/ocamlnet-3.7.4.tar.gz
  % Total    % Received % Xferd  Average Speed   Time    Time     Time  Current
                                 Dload  Upload   Total   Spent    Left  Speed
  0     0    0     0    0     0      0      0 --:--:-- --:--:-- --:--:--     0 35 3277k   35 1156k    0     0  1305k      0  0:00:02 --:--:--  0:00:02 1304k 99  291k   99  290k    0     0   141k      0  0:00:02  0:00:02 --:--:--  222k100  291k  100  291k    0     0   141k      0  0:00:02  0:00:02 --:--:--  223k
200
[ocsigenserver.2.4.0] Downloading https://github.com/ocsigen/ocsigenserver/archive/2.4.0.tar.gz
  % Total    % Received % Xferd  Average Speed   Time    Time     Time  Current
                                 Dload  Upload   Total   Spent    Left  Speed
  0     0    0     0    0     0      0      0 --:--:-- --:--:-- --:--:--     0100   128    0   128    0     0    318      0 --:--:-- --:--:-- --:--:--   318
 94 3277k   94 3081k    0     0  1632k      0  0:00:02  0:00:01  0:00:01 1632k  0     0    0   858    0     0    994      0 --:--:-- --:--:-- --:--:--   994100 3277k  100 3277k    0     0  1660k      0  0:00:01  0:00:01 --:--:-- 1660k
200
[pcre-ocaml.7.1.1] Downloading https://github.com/mmottl/pcre-ocaml/releases/download/v7.1.1/pcre-ocaml-7.1.1.tar.gz
  % Total    % Received % Xferd  Average Speed   Time    Time     Time  Current
                                 Dload  Upload   Total   Spent    Left  Speed
  0     0    0     0    0     0      0      0 --:--:-- --:--:-- --:--:--     0100   349  100   349    0     0    929      0 --:--:-- --:--:-- --:--:--   930
  0     0    0  703k    0     0   380k      0 --:--:--  0:00:01 --:--:--  713k  0 86796    0     0    0     0      0      0 --:--:--  0:00:01 --:--:--     0  0     0    0 1227k    0     0   517k      0 --:--:--  0:00:02 --:--:--  813k
200
[react.1.1.0] Downloading http://erratique.ch/software/react/releases/react-1.1.0.tbz
  % Total    % Received % Xferd  Average Speed   Time    Time     Time  Current
                                 Dload  Upload   Total   Spent    Left  Speed
  0     0    0     0    0     0      0      0 --:--:-- --:--:-- --:--:--     0100 86796  100 86796    0     0  60550      0  0:00:01  0:00:01 --:--:--  337k
200
[sexplib.111.25.00] Downloading https://ocaml.janestreet.com/ocaml-core/111.25.00/individual/sexplib-111.25.00.tar.gz
  % Total    % Received % Xferd  Average Speed   Time    Time     Time  Current
                                 Dload  Upload   Total   Spent    Left  Speed
  0     0    0     0    0     0      0      0 --:--:-- --:--:-- --:--:--     0100 62472  100 62472    0     0   607k      0 --:--:-- --:--:-- --:--:--  610k
200
[ssl.0.4.7] Downloading http://downloads.sourceforge.net/project/savonet/ocaml-ssl/0.4.7/ocaml-ssl-0.4.7.tar.gz
  % Total    % Received % Xferd  Average Speed   Time    Time     Time  Current
                                 Dload  Upload   Total   Spent    Left  Speed
  0     0    0     0    0     0      0      0 --:--:-- --:--:-- --:--:--     0  0     0    0     0    0     0      0      0 --:--:-- --:--:-- --:--:--     0  0     0    0     0    0     0      0      0 --:--:-- --:--:-- --:--:--     0  0     0    0     0    0     0      0      0 --:--:-- --:--:-- --:--:--     0
100  116k  100  116k    0     0   219k      0 --:--:-- --:--:-- --:--:--  219k
200
[type_conv.111.13.00] Downloading https://ocaml.janestreet.com/ocaml-core/111.13.00/individual/type_conv-111.13.00.tar.gz
  % Total    % Received % Xferd  Average Speed   Time    Time     Time  Current
                                 Dload  Upload   Total   Spent    Left  Speed
  0     0    0     0    0     0      0      0 --:--:-- --:--:-- --:--:--     0100  131k  100  131k    0     0   171k      0 --:--:-- --:--:-- --:--:--  171k
200
[tyxml.3.1.1] Downloading https://github.com/ocsigen/tyxml/archive/3.1.1.tar.gz
  % Total    % Received % Xferd  Average Speed   Time    Time     Time  Current
                                 Dload  Upload   Total   Spent    Left  Speed
  0     0    0     0    0     0      0      0 --:--:-- --:--:-- --:--:--     0100   120    0   120    0     0    329      0 --:--:-- --:--:-- --:--:--   330
 53 61554   53 32768    0     0  55598      0  0:00:01 --:--:--  0:00:01 55538100 61554  100 61554    0     0   101k      0 --:--:-- --:--:-- --:--:--  101k
  0     0    0     0    0     0      0      0 --:--:-- --:--:-- --:--:--     0200
  0     0    0  140k    0     0   126k      0 --:--:--  0:00:01 --:--:--  215k
200
From git://github.com/ocaml/camlp4
 * branch            4.02       -> FETCH_HEAD
 * [new branch]      4.02       -> origin/4.02
.depend
.gitignore
.ignore
.ocp-indent
.travis-ci.sh
.travis.yml
Changes
LICENSE
Makefile
README.md
_tags
build/camlp4-bootstrap-recipe.txt
build/camlp4-bootstrap.sh
build/camlp4-byte-only.sh
build/camlp4-mkCamlp4Ast.sh
build/camlp4-native-only.sh
build/camlp4-targets.sh
build/install.sh
camlp4/.ignore
camlp4/CHANGES
camlp4/Camlp4.mlpack
camlp4/Camlp4/Camlp4Ast.partial.ml
camlp4/Camlp4/Debug.ml
camlp4/Camlp4/Debug.mli
camlp4/Camlp4/ErrorHandler.ml
camlp4/Camlp4/ErrorHandler.mli
camlp4/Camlp4/OCamlInitSyntax.ml
camlp4/Camlp4/Options.ml
camlp4/Camlp4/Options.mli
camlp4/Camlp4/PreCast.ml
camlp4/Camlp4/PreCast.mli
camlp4/Camlp4/Printers.mlpack
camlp4/Camlp4/Printers/DumpCamlp4Ast.ml
camlp4/Camlp4/Printers/DumpCamlp4Ast.mli
camlp4/Camlp4/Printers/DumpOCamlAst.ml
camlp4/Camlp4/Printers/DumpOCamlAst.mli
camlp4/Camlp4/Printers/Null.ml
camlp4/Camlp4/Printers/Null.mli
camlp4/Camlp4/Printers/OCaml.ml
camlp4/Camlp4/Printers/OCaml.mli
camlp4/Camlp4/Printers/OCamlr.ml
camlp4/Camlp4/Printers/OCamlr.mli
camlp4/Camlp4/Register.ml
camlp4/Camlp4/Register.mli
camlp4/Camlp4/Sig.ml
camlp4/Camlp4/Struct.mlpack
camlp4/Camlp4/Struct/.ignore
camlp4/Camlp4/Struct/AstFilters.ml
camlp4/Camlp4/Struct/Camlp4Ast.mlast
camlp4/Camlp4/Struct/Camlp4Ast2OCamlAst.ml
camlp4/Camlp4/Struct/Camlp4Ast2OCamlAst.mli
camlp4/Camlp4/Struct/CleanAst.ml
camlp4/Camlp4/Struct/CommentFilter.ml
camlp4/Camlp4/Struct/CommentFilter.mli
camlp4/Camlp4/Struct/DynAst.ml
camlp4/Camlp4/Struct/DynLoader.ml
camlp4/Camlp4/Struct/DynLoader.mli
camlp4/Camlp4/Struct/EmptyError.ml
camlp4/Camlp4/Struct/EmptyError.mli
camlp4/Camlp4/Struct/EmptyPrinter.ml
camlp4/Camlp4/Struct/EmptyPrinter.mli
camlp4/Camlp4/Struct/FreeVars.ml
camlp4/Camlp4/Struct/FreeVars.mli
camlp4/Camlp4/Struct/Grammar.mlpack
camlp4/Camlp4/Struct/Grammar/Delete.ml
camlp4/Camlp4/Struct/Grammar/Dynamic.ml
camlp4/Camlp4/Struct/Grammar/Entry.ml
camlp4/Camlp4/Struct/Grammar/Failed.ml
camlp4/Camlp4/Struct/Grammar/Find.ml
camlp4/Camlp4/Struct/Grammar/Fold.ml
camlp4/Camlp4/Struct/Grammar/Fold.mli
camlp4/Camlp4/Struct/Grammar/Insert.ml
camlp4/Camlp4/Struct/Grammar/Parser.ml
camlp4/Camlp4/Struct/Grammar/Parser.mli
camlp4/Camlp4/Struct/Grammar/Print.ml
camlp4/Camlp4/Struct/Grammar/Print.mli
camlp4/Camlp4/Struct/Grammar/Search.ml
camlp4/Camlp4/Struct/Grammar/Static.ml
camlp4/Camlp4/Struct/Grammar/Structure.ml
camlp4/Camlp4/Struct/Grammar/Tools.ml
camlp4/Camlp4/Struct/Lexer.mll
camlp4/Camlp4/Struct/Loc.ml
camlp4/Camlp4/Struct/Loc.mli
camlp4/Camlp4/Struct/Quotation.ml
camlp4/Camlp4/Struct/Token.ml
camlp4/Camlp4/Struct/Token.mli
camlp4/Camlp4/Utils.ml
camlp4/Camlp4/Utils.mli
camlp4/Camlp4Bin.ml
camlp4/Camlp4Filters/Camlp4AstLifter.ml
camlp4/Camlp4Filters/Camlp4ExceptionTracer.ml
camlp4/Camlp4Filters/Camlp4FoldGenerator.ml
camlp4/Camlp4Filters/Camlp4LocationStripper.ml
camlp4/Camlp4Filters/Camlp4MapGenerator.ml
camlp4/Camlp4Filters/Camlp4MetaGenerator.ml
camlp4/Camlp4Filters/Camlp4Profiler.ml
camlp4/Camlp4Filters/Camlp4TrashRemover.ml
camlp4/Camlp4Parsers/Camlp4AstLoader.ml
camlp4/Camlp4Parsers/Camlp4DebugParser.ml
camlp4/Camlp4Parsers/Camlp4GrammarParser.ml
camlp4/Camlp4Parsers/Camlp4ListComprehension.ml
camlp4/Camlp4Parsers/Camlp4MacroParser.ml
camlp4/Camlp4Parsers/Camlp4OCamlOriginalQuotationExpander.ml
camlp4/Camlp4Parsers/Camlp4OCamlParser.ml
camlp4/Camlp4Parsers/Camlp4OCamlParserParser.ml
camlp4/Camlp4Parsers/Camlp4OCamlReloadedParser.ml
camlp4/Camlp4Parsers/Camlp4OCamlRevisedParser.ml
camlp4/Camlp4Parsers/Camlp4OCamlRevisedParserParser.ml
camlp4/Camlp4Parsers/Camlp4OCamlRevisedQuotationExpander.ml
camlp4/Camlp4Parsers/Camlp4QuotationCommon.ml
camlp4/Camlp4Parsers/Camlp4QuotationExpander.ml
camlp4/Camlp4Printers/Camlp4AstDumper.ml
camlp4/Camlp4Printers/Camlp4AutoPrinter.ml
camlp4/Camlp4Printers/Camlp4NullDumper.ml
camlp4/Camlp4Printers/Camlp4OCamlAstDumper.ml
camlp4/Camlp4Printers/Camlp4OCamlPrinter.ml
camlp4/Camlp4Printers/Camlp4OCamlRevisedPrinter.ml
camlp4/Camlp4Top.mlpack
camlp4/Camlp4Top/Rprint.ml
camlp4/Camlp4Top/Top.ml
camlp4/ICHANGES
camlp4/META.in
camlp4/boot/.ignore
camlp4/boot/Camlp4.ml
camlp4/boot/Camlp4.ml4
camlp4/boot/Camlp4Ast.ml
camlp4/boot/camlp4boot.ml
camlp4/boot/camlp4boot.ml4
camlp4/build/.ignore
camlp4/camlp4.odocl
camlp4/camlp4fulllib.mllib
camlp4/camlp4lib.mllib
camlp4/camlp4prof.ml
camlp4/camlp4prof.mli
camlp4/config/Camlp4_config.ml
camlp4/config/Camlp4_config.mli
camlp4/config/gen_import.ml
camlp4/examples/_tags
camlp4/examples/all.itarget
camlp4/examples/apply_operator.ml
camlp4/examples/apply_operator_test.ml
camlp4/examples/arith.ml
camlp4/examples/debug_extension.ml
camlp4/examples/ex_str.ml
camlp4/examples/ex_str_test.ml
camlp4/examples/expression_closure.ml
camlp4/examples/expression_closure_filter.ml
camlp4/examples/expression_closure_test.ml
camlp4/examples/fancy_lambda_quot.ml
camlp4/examples/fancy_lambda_quot_test.ml
camlp4/examples/free_vars_test.ml
camlp4/examples/gen_match_case.ml
camlp4/examples/gen_type_N.ml
camlp4/examples/gettext_test.ml
camlp4/examples/global_handler.ml
camlp4/examples/global_handler_test.ml
camlp4/examples/lambda_parser.ml
camlp4/examples/lambda_quot.ml
camlp4/examples/lambda_quot_expr.ml
camlp4/examples/lambda_quot_patt.ml
camlp4/examples/lambda_test.ml
camlp4/examples/macros.ml
camlp4/examples/parse_files.ml
camlp4/examples/syb_fold.ml
camlp4/examples/syb_map.ml
camlp4/examples/test.itarget
camlp4/examples/test_macros.ml
camlp4/examples/test_type_quotation.ml
camlp4/examples/type_quotation.ml
camlp4/import/.keepme
camlp4/mkcamlp4.ml
camlp4/test/fixtures/assert.ml
camlp4/test/fixtures/backquoted_irrefutable_tuple.ml
camlp4/test/fixtures/backquoted_record.ml
camlp4/test/fixtures/backquoted_tuple.ml
camlp4/test/fixtures/big-tab1.ml
camlp4/test/fixtures/big-tab2.ml
camlp4/test/fixtures/big-tab3.ml
camlp4/test/fixtures/bug-4058.ml
camlp4/test/fixtures/bug-4337.ml
camlp4/test/fixtures/bug-by-vincent-balat.ml
camlp4/test/fixtures/bug-camlp4o-benjamin-monate.ml
camlp4/test/fixtures/bug-camlp4o-constr-arity-expr.ml
camlp4/test/fixtures/bug-camlp4o-constr-arity.ml
camlp4/test/fixtures/bug_escaping_quot.ml
camlp4/test/fixtures/chars.ml
camlp4/test/fixtures/class_expr_quot.ml
camlp4/test/fixtures/comments.ml
camlp4/test/fixtures/comments.mli
camlp4/test/fixtures/comments2.ml
camlp4/test/fixtures/constant-parser.ml
camlp4/test/fixtures/curry-constr.ml
camlp4/test/fixtures/default_quotation.ml
camlp4/test/fixtures/exception-with-eqn-bug.ml
camlp4/test/fixtures/external.ml
camlp4/test/fixtures/fun.ml
camlp4/test/fixtures/functor-perf.ml
camlp4/test/fixtures/functor-perf2.gen.ml
camlp4/test/fixtures/functor-perf2.ml
camlp4/test/fixtures/functor-perf3.ml
camlp4/test/fixtures/gen_map.ml
camlp4/test/fixtures/gram-fold.ml
camlp4/test/fixtures/gram-list.ml
camlp4/test/fixtures/gram-loc-lost.ml
camlp4/test/fixtures/gram-sub-rule.ml
camlp4/test/fixtures/gram-tree.ml
camlp4/test/fixtures/gram-tree2.ml
camlp4/test/fixtures/gram-tree3.ml
camlp4/test/fixtures/gram.ml
camlp4/test/fixtures/idents
camlp4/test/fixtures/idents1
camlp4/test/fixtures/idents2
camlp4/test/fixtures/if.ml
camlp4/test/fixtures/label.ml
camlp4/test/fixtures/lambda_free.ml
camlp4/test/fixtures/loc-bug.ml
camlp4/test/fixtures/macrotest.ml
camlp4/test/fixtures/macrotest.mli
camlp4/test/fixtures/macrotest2.ml
camlp4/test/fixtures/macrotest3.ml
camlp4/test/fixtures/make_extend.ml
camlp4/test/fixtures/match.ml
camlp4/test/fixtures/match_parser.ml
camlp4/test/fixtures/meta_multi_term.ml
camlp4/test/fixtures/metalib.ml
camlp4/test/fixtures/method_private_virtual.ml
camlp4/test/fixtures/mod.ml
camlp4/test/fixtures/mod2.ml
camlp4/test/fixtures/operators.ml
camlp4/test/fixtures/operators.mli
camlp4/test/fixtures/original_syntax.ml
camlp4/test/fixtures/outside-scope.ml
camlp4/test/fixtures/parser.ml
camlp4/test/fixtures/pp_let_in.ml
camlp4/test/fixtures/pp_let_in2.ml
camlp4/test/fixtures/pp_xml.ml
camlp4/test/fixtures/pprecordtyp.ml
camlp4/test/fixtures/pr4314.ml
camlp4/test/fixtures/pr4314gram1.ml
camlp4/test/fixtures/pr4314gram2.ml
camlp4/test/fixtures/pr4314gram3.ml
camlp4/test/fixtures/pr4314gram4.ml
camlp4/test/fixtures/pr4314gram5.ml
camlp4/test/fixtures/pr4329.ml
camlp4/test/fixtures/pr4330.ml
camlp4/test/fixtures/pr4357.ml
camlp4/test/fixtures/pr4357sample.ml
camlp4/test/fixtures/pr4357sample2.ml
camlp4/test/fixtures/pr4452.ml
camlp4/test/fixtures/private_row.ml
camlp4/test/fixtures/rec.ml
camlp4/test/fixtures/seq.ml
camlp4/test/fixtures/seq2.ml
camlp4/test/fixtures/simplify.ml
camlp4/test/fixtures/simplify_r.ml
camlp4/test/fixtures/stream-parser-bug.ml
camlp4/test/fixtures/string.ml
camlp4/test/fixtures/superfluous.ml
camlp4/test/fixtures/transform-examples.ml
camlp4/test/fixtures/try.ml
camlp4/test/fixtures/tuple_as_retval.ml
camlp4/test/fixtures/type.ml
camlp4/test/fixtures/type_decl.ml
camlp4/test/fixtures/unit.ml
camlp4/test/fixtures/use.ml
camlp4/test/fixtures/where.o.ml
camlp4/test/fixtures/where.r.ml
camlp4/unmaintained/Makefile
camlp4/unmaintained/compile/.depend
camlp4/unmaintained/compile/.ignore
camlp4/unmaintained/compile/Makefile
camlp4/unmaintained/compile/comp_head.ml
camlp4/unmaintained/compile/comp_trail.ml
camlp4/unmaintained/compile/compile.ml
camlp4/unmaintained/compile/compile.sh
camlp4/unmaintained/etc/.depend
camlp4/unmaintained/etc/.ignore
camlp4/unmaintained/etc/Makefile
camlp4/unmaintained/etc/pa_fstream.ml
camlp4/unmaintained/etc/pa_ifdef.ml
camlp4/unmaintained/etc/pa_oop.ml
camlp4/unmaintained/etc/pa_ru.ml
camlp4/unmaintained/etc/parserify.ml
camlp4/unmaintained/etc/parserify.mli
camlp4/unmaintained/etc/pr_depend.ml
camlp4/unmaintained/etc/pr_extend.ml
camlp4/unmaintained/etc/pr_extfun.ml
camlp4/unmaintained/etc/pr_null.ml
camlp4/unmaintained/etc/pr_op.ml
camlp4/unmaintained/etc/pr_op_main.ml
camlp4/unmaintained/etc/pr_rp.ml
camlp4/unmaintained/etc/pr_rp_main.ml
camlp4/unmaintained/etc/q_phony.ml
camlp4/unmaintained/extfold/README
camlp4/unmaintained/extfold/pa_extfold.ml
camlp4/unmaintained/format/.depend
camlp4/unmaintained/format/Makefile
camlp4/unmaintained/format/README
camlp4/unmaintained/format/pa_format.ml
camlp4/unmaintained/lefteval/.depend
camlp4/unmaintained/lefteval/Makefile
camlp4/unmaintained/lefteval/README
camlp4/unmaintained/lefteval/pa_lefteval.ml
camlp4/unmaintained/lib/.cvsignore
camlp4/unmaintained/lib/.depend
camlp4/unmaintained/lib/Makefile
camlp4/unmaintained/lib/extfun.ml
camlp4/unmaintained/lib/extfun.mli
camlp4/unmaintained/lib/fstream.ml
camlp4/unmaintained/lib/fstream.mli
camlp4/unmaintained/ocamllex/Makefile
camlp4/unmaintained/ocamllex/README
camlp4/unmaintained/ocamllex/pa_ocamllex.ml
camlp4/unmaintained/ocpp/.depend
camlp4/unmaintained/ocpp/.ignore
camlp4/unmaintained/ocpp/Makefile
camlp4/unmaintained/ocpp/ocpp.ml
camlp4/unmaintained/odyl/.depend
camlp4/unmaintained/odyl/.ignore
camlp4/unmaintained/odyl/Makefile
camlp4/unmaintained/odyl/odyl.ml
camlp4/unmaintained/odyl/odyl_main.mli
camlp4/unmaintained/olabl/.depend
camlp4/unmaintained/olabl/Makefile
camlp4/unmaintained/olabl/README
camlp4/unmaintained/olabl/pa_olabl.ml
camlp4/unmaintained/scheme/.depend
camlp4/unmaintained/scheme/Makefile
camlp4/unmaintained/scheme/README
camlp4/unmaintained/scheme/pa_scheme.ml
camlp4/unmaintained/scheme/pa_scheme.sc
camlp4/unmaintained/scheme/pr_scheme.ml
camlp4/unmaintained/scheme/pr_schp_main.ml
camlp4/unmaintained/sml/.depend
camlp4/unmaintained/sml/Makefile
camlp4/unmaintained/sml/README
camlp4/unmaintained/sml/pa_sml.ml
camlp4/unmaintained/sml/smllib.sml
configure
myocamlbuild.ml
HEAD is now at 87c6a6b allow to specify LIBDIR, BINDIR and PKGDIR at configuration time

=-=-=-=-=-=-=-=-=-=-=-=-=-=-= Installing packages -=-=-=-=-=-=-=-=-=-=-=-=-=-=-=
Building camlp4.4.02.0:
  ./configure --bindir=/home/opam/.opam/4.02.0+trunk/bin --libdir=/home/opam/.opam/4.02.0+trunk/lib/ocaml --pkgdir=/home/opam/.opam/4.02.0+trunk/lib
  make all
  make install install-META
ocamlbuild -classic-display -no-ocamlfind `./build/camlp4-byte-only.sh`
+ echo camlp4/Camlp4.cmo camlp4/Camlp4Top.cmo camlp4/camlp4prof.byte camlp4/mkcamlp4.byte camlp4/camlp4.byte camlp4/camlp4fulllib.cma camlp4/camlp4boot.byte camlp4/camlp4boot.cma camlp4/camlp4r.byte camlp4/camlp4r.cma camlp4/camlp4rf.byte camlp4/camlp4rf.cma camlp4/camlp4o.byte camlp4/camlp4o.cma camlp4/camlp4of.byte camlp4/camlp4of.cma camlp4/camlp4oof.byte camlp4/camlp4oof.cma camlp4/camlp4orf.byte camlp4/camlp4orf.cma camlp4/Camlp4Parsers/Camlp4AstLoader.cmo camlp4/Camlp4Parsers/Camlp4DebugParser.cmo camlp4/Camlp4Parsers/Camlp4GrammarParser.cmo camlp4/Camlp4Parsers/Camlp4ListComprehension.cmo camlp4/Camlp4Parsers/Camlp4MacroParser.cmo camlp4/Camlp4Parsers/Camlp4OCamlOriginalQuotationExpander.cmo camlp4/Camlp4Parsers/Camlp4OCamlParser.cmo camlp4/Camlp4Parsers/Camlp4OCamlParserParser.cmo camlp4/Camlp4Parsers/Camlp4OCamlReloadedParser.cmo camlp4/Camlp4Parsers/Camlp4OCamlRevisedParser.cmo camlp4/Camlp4Parsers/Camlp4OCamlRevisedParserParser.cmo camlp4/Camlp4Parsers/Camlp4OCamlRevisedQuotationExpander.cmo camlp4/Camlp4Parsers/Camlp4QuotationCommon.cmo camlp4/Camlp4Parsers/Camlp4QuotationExpander.cmo camlp4/Camlp4Printers/Camlp4AstDumper.cmo camlp4/Camlp4Printers/Camlp4AutoPrinter.cmo camlp4/Camlp4Printers/Camlp4NullDumper.cmo camlp4/Camlp4Printers/Camlp4OCamlAstDumper.cmo camlp4/Camlp4Printers/Camlp4OCamlPrinter.cmo camlp4/Camlp4Printers/Camlp4OCamlRevisedPrinter.cmo camlp4/Camlp4Filters/Camlp4AstLifter.cmo camlp4/Camlp4Filters/Camlp4ExceptionTracer.cmo camlp4/Camlp4Filters/Camlp4FoldGenerator.cmo camlp4/Camlp4Filters/Camlp4LocationStripper.cmo camlp4/Camlp4Filters/Camlp4MapGenerator.cmo camlp4/Camlp4Filters/Camlp4MetaGenerator.cmo camlp4/Camlp4Filters/Camlp4Profiler.cmo camlp4/Camlp4Filters/Camlp4TrashRemover.cmo
Failure: TODO.
make: *** [byte] Error 2
Removing camlp4.4.02.0.
[ERROR] The compilation of camlp4.4.02.0 failed.
  ocamlfind remove camlp4
  rm -rf /home/opam/.opam/4.02.0+trunk/lib/ocaml/camlp4
  rm -f /home/opam/.opam/4.02.0+trunk/bin/camlp4 /home/opam/.opam/4.02.0+trunk/bin/camlp4boot /home/opam/.opam/4.02.0+trunk/bin/mkcamlp4 /home/opam/.opam/4.02.0+trunk/bin/camlp4r /home/opam/.opam/4.02.0+trunk/bin/camlp4rf /home/opam/.opam/4.02.0+trunk/bin/camlp4orf /home/opam/.opam/4.02.0+trunk/bin/camlp4o /home/opam/.opam/4.02.0+trunk/bin/camlp4of /home/opam/.opam/4.02.0+trunk/bin/camlp4oof /home/opam/.opam/4.02.0+trunk/bin/camlp4prof
ocamlfind: [WARNING] No such directory: /home/opam/.opam/4.02.0+trunk/lib/camlp4
Building conf-libpcre.1:
  pkg-config libpcre
[ERROR] The compilation of conf-libpcre.1 failed.
Removing conf-libpcre.1.
  Nothing to do.
Building cryptokit.1.9:
  make
  make install
ocaml setup.ml -configure 
File "/home/gildor/programmation/oasis/src/oasis/OASISString.ml", line 118, characters 8-26:
Warning 3: deprecated: String.set
File "/home/gildor/programmation/oasis/src/oasis/OASISFindlib.ml", line 256, characters 6-24:
Warning 3: deprecated: Lazy.lazy_from_fun

Configuration: 
ocamlfind: ........................................... /home/opam/.opam/4.02.0+trunk/bin/ocamlfind
ocamlc: .............................................. /home/opam/.opam/4.02.0+trunk/bin/ocamlc.opt
ocamlopt: ............................................ /home/opam/.opam/4.02.0+trunk/bin/ocamlopt.opt
ocamlbuild: .......................................... /home/opam/.opam/4.02.0+trunk/bin/ocamlbuild
Package name: ........................................ cryptokit
Package version: ..................................... 1.9
os_type: ............................................. Unix
system: .............................................. linux
architecture: ........................................ amd64
ccomp_type: .......................................... cc
ocaml_version: ....................................... 4.02.0
standard_library_default: ............................ /home/opam/.opam/4.02.0+trunk/lib/ocaml
standard_library: .................................... /home/opam/.opam/4.02.0+trunk/lib/ocaml
standard_runtime: .................................... /home/opam/.opam/4.02.0+trunk/bin/ocamlrun
bytecomp_c_compiler: ................................. gcc -fno-defer-pop -Wall -D_FILE_OFFSET_BITS=64 -D_REENTRANT -fPIC
native_c_compiler: ................................... gcc -Wall -D_FILE_OFFSET_BITS=64 -D_REENTRANT
model: ............................................... default
ext_obj: ............................................. .o
ext_asm: ............................................. .s
ext_lib: ............................................. .a
ext_dll: ............................................. .so
default_executable_name: ............................. a.out
systhread_supported: ................................. true
Install architecture-independent files dir: .......... /usr/local
Install architecture-dependent files in dir: ......... $prefix
User executables: .................................... $exec_prefix/bin
System admin executables: ............................ $exec_prefix/sbin
Program executables: ................................. $exec_prefix/libexec
Read-only single-machine data: ....................... $prefix/etc
Modifiable architecture-independent data: ............ $prefix/com
Modifiable single-machine data: ...................... $prefix/var
Object code libraries: ............................... $exec_prefix/lib
Read-only arch-independent data root: ................ $prefix/share
Read-only architecture-independent data: ............. $datarootdir
Info documentation: .................................. $datarootdir/info
Locale-dependent data: ............................... $datarootdir/locale
Man documentation: ................................... $datarootdir/man
Documentation root: .................................. $datarootdir/doc/$pkg_name
HTML documentation: .................................. $docdir
DVI documentation: ................................... $docdir
PDF documentation: ................................... $docdir
PS documentation: .................................... $docdir
findlib_version: ..................................... 1.5.2
is_native: ........................................... true
suffix_program: ...................................... 
Remove a file.: ...................................... rm -f
Remove a directory.: ................................. rm -rf
Turn ocaml debug flag on: ............................ true
Turn ocaml profile flag on: .......................... false
Compiler support generation of .cmxs.: ............... true
OCamlbuild additional flags: ......................... 
Define include path for zlib.: ....................... 
Define library path for zlib.: ....................... 
Enable ZLib: ......................................... true
Build and run benchmark: ............................. false
Create documentations: ............................... true
Compile tests executable and library and run them: ... false
ocamldoc: ............................................ /home/opam/.opam/4.02.0+trunk/bin/ocamldoc
pkg_unix: ............................................ /home/opam/.opam/4.02.0+trunk/lib/ocaml
pkg_num: ............................................. /home/opam/.opam/4.02.0+trunk/lib/num

ocaml setup.ml -build -classic-display
File "/home/gildor/programmation/oasis/src/oasis/OASISString.ml", line 118, characters 8-26:
Warning 3: deprecated: String.set
File "/home/gildor/programmation/oasis/src/oasis/OASISFindlib.ml", line 256, characters 6-24:
Warning 3: deprecated: Lazy.lazy_from_fun
Failure: TODO.
E: Failure("Command ''/home/opam/.opam/4.02.0+trunk/bin/ocamlbuild' src/libcryptokit_stubs.a src/dllcryptokit_stubs.so src/cryptokit.cma src/cryptokit.cmxa src/cryptokit.a src/cryptokit.cmxs -tag debug -classic-display' terminated with error code 2")
make: *** [build] Error 1
[ERROR] The compilation of cryptokit.1.9 failed.
Removing cryptokit.1.9.
  ocamlfind remove cryptokit
ocamlfind: [WARNING] No such directory: /home/opam/.opam/4.02.0+trunk/lib/cryptokit
Copying ~/.opam/repo/default/packages/dbm/dbm.1.0/files/include_fix.patch to ~/.opam/4.02.0+trunk/build/dbm.1.0/
Copying ~/.opam/repo/default/packages/dbm/dbm.1.0/files/hasgotfix.patch to ~/.opam/4.02.0+trunk/build/dbm.1.0/
Applying hasgotfix.patch.
patching file configure
Applying include_fix.patch.
patching file Makefile
Building dbm.1.0:
  mkdir -p /home/opam/.opam/4.02.0+trunk/lib/dbm
  ./configure
  make all
  make test
  make install STUBLIBDIR=/home/opam/.opam/4.02.0+trunk/lib/stublibs LIBDIR=/home/opam/.opam/4.02.0+trunk/lib/dbm
  cp META /home/opam/.opam/4.02.0+trunk/lib/dbm
Configuring for OCaml version 4.02.0+dev13-2014-08-18

NDBM not found, the "camldbm" library cannot be built.
Removing dbm.1.0.
[ERROR] The compilation of dbm.1.0 failed.
  Nothing to do.
Building react.1.1.0:
  ocaml pkg/git.ml
  ocaml pkg/build.ml native=true native-dynlink=true
File "pkg/topkg-ext.ml", line 42, characters 12-25:
Warning 3: deprecated: String.create
Failure: TODO.
[ERROR] The compilation of react.1.1.0 failed.
Removing react.1.1.0.
  Nothing to do.
Copying ~/.opam/repo/default/packages/ssl/ssl.0.4.7/files/pkgconfigure to ~/.opam/4.02.0+trunk/build/ssl.0.4.7/
Building ssl.0.4.7:
  ./configure --prefix /home/opam/.opam/4.02.0+trunk
  make
  make install
configuring ocaml-ssl 0.4.7
checking for gcc... gcc
checking whether the C compiler works... yes
checking for C compiler default output file name... a.out
checking for suffix of executables... 
checking whether we are cross compiling... no
checking for suffix of object files... o
checking whether we are using the GNU C compiler... yes
checking whether gcc accepts -g... yes
checking for gcc option to accept ISO C89... none needed
checking for pthread_create in -lpthread... yes
checking for ocamlc... /home/opam/.opam/4.02.0+trunk/bin/ocamlc
ocaml version is 4.02.0+dev13-2014-08-18
ocaml library path is /home/opam/.opam/4.02.0+trunk/lib/ocaml
checking for ocamlopt... /home/opam/.opam/4.02.0+trunk/bin/ocamlopt
checking ocamlopt version... ok
checking for ocamlc.opt... /home/opam/.opam/4.02.0+trunk/bin/ocamlc.opt
checking ocamlc.opt version... ok
checking for ocamlopt.opt... /home/opam/.opam/4.02.0+trunk/bin/ocamlopt.opt
checking ocamlc.opt version... ok
checking for ocamldep... /home/opam/.opam/4.02.0+trunk/bin/ocamldep
checking for ocamllex... /home/opam/.opam/4.02.0+trunk/bin/ocamllex
checking for ocamlyacc... /home/opam/.opam/4.02.0+trunk/bin/ocamlyacc
checking for ocamldoc... /home/opam/.opam/4.02.0+trunk/bin/ocamldoc
checking for ocamlmktop... /home/opam/.opam/4.02.0+trunk/bin/ocamlmktop
checking for gcc... (cached) gcc
checking whether we are using the GNU C compiler... (cached) yes
checking whether gcc accepts -g... (cached) yes
checking for gcc option to accept ISO C89... (cached) none needed
checking for SSL_new in -lssl... no
configure: error: Cannot find libssl.
[ERROR] The compilation of ssl.0.4.7 failed.
Removing ssl.0.4.7.
  ocamlfind remove ssl
ocamlfind: [WARNING] No such directory: /home/opam/.opam/4.02.0+trunk/lib/ssl


#==================== ERROR while installing camlp4.4.02.0 ====================#
# opam-version         1.2.0~beta4
# os                   linux
# command              make all
# path                 /home/opam/.opam/4.02.0+trunk/build/camlp4.4.02.0
# compiler             4.02.0+trunk
# exit-code            2
# env-file             /home/opam/.opam/4.02.0+trunk/build/camlp4.4.02.0/camlp4-655-865888.env
# stdout-file          /home/opam/.opam/4.02.0+trunk/build/camlp4.4.02.0/camlp4-655-865888.out
# stderr-file          /home/opam/.opam/4.02.0+trunk/build/camlp4.4.02.0/camlp4-655-865888.err
### stdout ###
# ocamlbuild -classic-display -no-ocamlfind `./build/camlp4-byte-only.sh`
# Failure: TODO.
### stderr ###
# + echo camlp4/Camlp4.cmo camlp4/Camlp4Top.cmo camlp4/camlp4prof.byte camlp4/mkcamlp4.byte camlp4/camlp4.byte camlp4/camlp4fulllib.cma camlp4/camlp4boot.byte camlp4/camlp4boot.cma camlp4/camlp4r.byte camlp4/camlp4r.cma camlp4/camlp4rf.byte camlp4/camlp4rf.cma camlp4/camlp4o.byte camlp4/camlp4o.cma camlp4/camlp4of.byte camlp4/camlp4of.cma camlp4/camlp4oof.byte camlp4/camlp4oof.cma camlp4/camlp4orf.b...[truncated]
# make: *** [byte] Error 2


#=================== ERROR while installing conf-libpcre.1 ====================#
# opam-version         1.2.0~beta4
# os                   linux
# command              pkg-config libpcre
# path                 /home/opam/.opam/4.02.0+trunk/build/conf-libpcre.1
# compiler             4.02.0+trunk
# exit-code            1
# env-file             /home/opam/.opam/4.02.0+trunk/build/conf-libpcre.1/conf-libpcre-732-6cc03f.env
# stdout-file          /home/opam/.opam/4.02.0+trunk/build/conf-libpcre.1/conf-libpcre-732-6cc03f.out
# stderr-file          /home/opam/.opam/4.02.0+trunk/build/conf-libpcre.1/conf-libpcre-732-6cc03f.err


#==================== ERROR while installing cryptokit.1.9 ====================#
# opam-version         1.2.0~beta4
# os                   linux
# command              make
# path                 /home/opam/.opam/4.02.0+trunk/build/cryptokit.1.9
# compiler             4.02.0+trunk
# exit-code            2
# env-file             /home/opam/.opam/4.02.0+trunk/build/cryptokit.1.9/cryptokit-739-2dea01.env
# stdout-file          /home/opam/.opam/4.02.0+trunk/build/cryptokit.1.9/cryptokit-739-2dea01.out
# stderr-file          /home/opam/.opam/4.02.0+trunk/build/cryptokit.1.9/cryptokit-739-2dea01.err
### stdout ###
# ...[truncated]
# Enable ZLib: ......................................... true
# Build and run benchmark: ............................. false
# Create documentations: ............................... true
# Compile tests executable and library and run them: ... false
# ocamldoc: ............................................ /home/opam/.opam/4.02.0+trunk/bin/ocamldoc
# pkg_unix: ............................................ /home/opam/.opam/4.02.0+trunk/lib/ocaml
# pkg_num: ............................................. /home/opam/.opam/4.02.0+trunk/lib/num
# 
# ocaml setup.ml -build -classic-display
# Failure: TODO.
### stderr ###
# ...[truncated]
# File "/home/gildor/programmation/oasis/src/oasis/OASISString.ml", line 118, characters 8-26:
# Warning 3: deprecated: String.set
# File "/home/gildor/programmation/oasis/src/oasis/OASISFindlib.ml", line 256, characters 6-24:
# Warning 3: deprecated: Lazy.lazy_from_fun
# File "/home/gildor/programmation/oasis/src/oasis/OASISString.ml", line 118, characters 8-26:
# Warning 3: deprecated: String.set
# File "/home/gildor/programmation/oasis/src/oasis/OASISFindlib.ml", line 256, characters 6-24:
# Warning 3: deprecated: Lazy.lazy_from_fun
# E: Failure("Command ''/home/opam/.opam/4.02.0+trunk/bin/ocamlbuild' src/libcryptokit_stubs.a src/dllcryptokit_stubs.so src/cryptokit.cma src/cryptokit.cmxa src/cryptokit.a src/cryptokit.cmxs -tag debug -classic-display' terminated with error code 2")
# make: *** [build] Error 1


#======================= ERROR while installing dbm.1.0 =======================#
# opam-version         1.2.0~beta4
# os                   linux
# command              ./configure
# path                 /home/opam/.opam/4.02.0+trunk/build/dbm.1.0
# compiler             4.02.0+trunk
# exit-code            2
# env-file             /home/opam/.opam/4.02.0+trunk/build/dbm.1.0/dbm-795-d6d332.env
# stdout-file          /home/opam/.opam/4.02.0+trunk/build/dbm.1.0/dbm-795-d6d332.out
# stderr-file          /home/opam/.opam/4.02.0+trunk/build/dbm.1.0/dbm-795-d6d332.err
### stdout ###
# Configuring for OCaml version 4.02.0+dev13-2014-08-18
# 
# NDBM not found, the "camldbm" library cannot be built.


#===================== ERROR while installing react.1.1.0 =====================#
# opam-version         1.2.0~beta4
# os                   linux
# command              ocaml pkg/build.ml native=true native-dynlink=true
# path                 /home/opam/.opam/4.02.0+trunk/build/react.1.1.0
# compiler             4.02.0+trunk
# exit-code            2
# env-file             /home/opam/.opam/4.02.0+trunk/build/react.1.1.0/react-859-b76d46.env
# stdout-file          /home/opam/.opam/4.02.0+trunk/build/react.1.1.0/react-859-b76d46.out
# stderr-file          /home/opam/.opam/4.02.0+trunk/build/react.1.1.0/react-859-b76d46.err
### stdout ###
# Failure: TODO.
### stderr ###
# File "pkg/topkg-ext.ml", line 42, characters 12-25:
# Warning 3: deprecated: String.create


#====================== ERROR while installing ssl.0.4.7 ======================#
# opam-version         1.2.0~beta4
# os                   linux
# command              ./configure --prefix /home/opam/.opam/4.02.0+trunk
# path                 /home/opam/.opam/4.02.0+trunk/build/ssl.0.4.7
# compiler             4.02.0+trunk
# exit-code            1
# env-file             /home/opam/.opam/4.02.0+trunk/build/ssl.0.4.7/ssl-891-548b09.env
# stdout-file          /home/opam/.opam/4.02.0+trunk/build/ssl.0.4.7/ssl-891-548b09.out
# stderr-file          /home/opam/.opam/4.02.0+trunk/build/ssl.0.4.7/ssl-891-548b09.err
### stdout ###
# ...[truncated]
# checking for ocamldep... /home/opam/.opam/4.02.0+trunk/bin/ocamldep
# checking for ocamllex... /home/opam/.opam/4.02.0+trunk/bin/ocamllex
# checking for ocamlyacc... /home/opam/.opam/4.02.0+trunk/bin/ocamlyacc
# checking for ocamldoc... /home/opam/.opam/4.02.0+trunk/bin/ocamldoc
# checking for ocamlmktop... /home/opam/.opam/4.02.0+trunk/bin/ocamlmktop
# checking for gcc... (cached) gcc
# checking whether we are using the GNU C compiler... (cached) yes
# checking whether gcc accepts -g... (cached) yes
# checking for gcc option to accept ISO C89... (cached) none needed
# checking for SSL_new in -lssl... no
### stderr ###
# configure: error: Cannot find libssl.


=-=-=-=-=-=-=-=-=-=-=-=-=-=-=-=-= Error report =-=-=-=-=-=-=-=-=-=-=-=-=-=-=-=-=
The following failed
 - install   camlp4.4.02.0
 - install   conf-libpcre.1
 - install   cryptokit.1.9
 - install   dbm.1.0
 - install   react.1.1.0
 - install   ssl.0.4.7
Due to the errors, the following have been cancelled
 - install   tyxml.3.1.1
 - install   pcre-ocaml.7.1.1
 - install   ipaddr.2.5.0
 - install   type_conv.111.13.00
 - install   ocsigenserver.2.4.0
 - install   sexplib.111.25.00
 - install   lwt.2.4.5
 - install   ocamlnet.3.7.4
'opam install ocsigenserver' failed.
