++ opam install schoca -e ubuntu
+ depext=
+ echo Ubuntu depexts:
+ '[' '' '!=' '' ']'
++ opam install schoca -e source,linux
Ubuntu depexts:
+ srcext=
+ echo Ubuntu srcexts:
+ '[' '' '!=' '' ']'
+ opam install schoca
Ubuntu srcexts:
The following actions will be performed:
 - install   schoca.0.2.3
=== 1 to install ===

=-=-=-=-=-=-=-=-=-=-=-=- Synchronizing package archives -=-=-=-=-=-=-=-=-=-=-=-=
[default] Synchronizing with /home/opam/opam-repository/archives/schoca.0.2.3+opam.tar.gz
sending incremental file list
schoca.0.2.3+opam.tar.gz

sent 40,494 bytes  received 35 bytes  81,058.00 bytes/sec
total size is 40,357  speedup is 1.00

=-=-=-=-=-=-=-=-=-=-=-=-=-=-= Installing packages -=-=-=-=-=-=-=-=-=-=-=-=-=-=-=
Building schoca.0.2.3:
  make
  make install DESTPREF=/home/opam/.opam/4.02.0+trunk
for dir in lib shell examples ;\
	do \
	  make -C ${dir} ; \
	done
make[1]: Entering directory `/home/opam/.opam/4.02.0+trunk/build/schoca.0.2.3/lib'
ocamlfind ocamldep   -package camlp4  -syntax camlp4o \
	   scmConfig.ml scmUtil.ml scmUtil.mli scmDynnum.ml scmDynnum.mli scmTypes.ml scmTypes.mli scmParser.mli scmParser.ml scmLexer.ml scmEval.ml scmSchoca.ml > .depend
ocamlfind: Package `camlp4' not found
make[1]: Leaving directory `/home/opam/.opam/4.02.0+trunk/build/schoca.0.2.3/lib'
make[1]: *** No rule to make target `.depend', needed by `depend'.  Stop.
make[1]: Entering directory `/home/opam/.opam/4.02.0+trunk/build/schoca.0.2.3/shell'
ocamlfind ocamldep  -I ../lib -package camlp4  -syntax camlp4o \
	   scmMain.ml > .depend
ocamlfind: Package `camlp4' not found
make[1]: *** No rule to make target `.depend', needed by `depend'.  Stop.
make[1]: Leaving directory `/home/opam/.opam/4.02.0+trunk/build/schoca.0.2.3/shell'
make[1]: Entering directory `/home/opam/.opam/4.02.0+trunk/build/schoca.0.2.3/examples'
ocamlfind ocamldep  -I ../lib -package camlp4  -syntax camlp4o \
	   read_ini_file.ml > .depend
ocamlfind: Package `camlp4' not found
make[1]: *** No rule to make target `.depend', needed by `depend'.  Stop.
make[1]: Leaving directory `/home/opam/.opam/4.02.0+trunk/build/schoca.0.2.3/examples'
make: *** [subdirs] Error 2
[ERROR] The compilation of schoca.0.2.3 failed.
Removing schoca.0.2.3.
  ocamlfind remove schoca
ocamlfind: [WARNING] No such directory: /home/opam/.opam/4.02.0+trunk/lib/schoca


#==================== ERROR while installing schoca.0.2.3 =====================#
# opam-version         1.2.0~beta4 (1b6ec60c9af058c94174b505f21c08d0c97a6c29)
# os                   linux
# command              make
# path                 /home/opam/.opam/4.02.0+trunk/build/schoca.0.2.3
# compiler             4.02.0+trunk
# exit-code            2
# env-file             /home/opam/.opam/4.02.0+trunk/build/schoca.0.2.3/schoca-126-6d07ae.env
# stdout-file          /home/opam/.opam/4.02.0+trunk/build/schoca.0.2.3/schoca-126-6d07ae.out
# stderr-file          /home/opam/.opam/4.02.0+trunk/build/schoca.0.2.3/schoca-126-6d07ae.err
### stdout ###
# ...[truncated]
# 	   scmConfig.ml scmUtil.ml scmUtil.mli scmDynnum.ml scmDynnum.mli scmTypes.ml scmTypes.mli scmParser.mli scmParser.ml scmLexer.ml scmEval.ml scmSchoca.ml > .depend
# make[1]: Leaving directory `/home/opam/.opam/4.02.0+trunk/build/schoca.0.2.3/lib'
# make[1]: Entering directory `/home/opam/.opam/4.02.0+trunk/build/schoca.0.2.3/shell'
# ocamlfind ocamldep  -I ../lib -package camlp4  -syntax camlp4o \
# 	   scmMain.ml > .depend
# make[1]: Leaving directory `/home/opam/.opam/4.02.0+trunk/build/schoca.0.2.3/shell'
# make[1]: Entering directory `/home/opam/.opam/4.02.0+trunk/build/schoca.0.2.3/examples'
# ocamlfind ocamldep  -I ../lib -package camlp4  -syntax camlp4o \
# 	   read_ini_file.ml > .depend
# make[1]: Leaving directory `/home/opam/.opam/4.02.0+trunk/build/schoca.0.2.3/examples'
### stderr ###
# ocamlfind: Package `camlp4' not found
# make[1]: *** No rule to make target `.depend', needed by `depend'.  Stop.
# ocamlfind: Package `camlp4' not found
# make[1]: *** No rule to make target `.depend', needed by `depend'.  Stop.
# ocamlfind: Package `camlp4' not found
# make[1]: *** No rule to make target `.depend', needed by `depend'.  Stop.
# make: *** [subdirs] Error 2

'opam install schoca' failed.
