++ opam install wget -e ubuntu
+ depext=
Ubuntu depexts:
+ echo Ubuntu depexts:
+ '[' '' '!=' '' ']'
++ opam install wget -e source,linux
+ srcext=
+ echo Ubuntu srcexts:
+ '[' '' '!=' '' ']'
+ opam install wget
Ubuntu srcexts:
The following actions will be performed:
 - install   ocp-build.0.1                         [required by wget]
 - install   wget.0.1.0
=== 2 to install ===

=-=-=-=-=-=-=-=-=-=-=-=- Synchronizing package archives -=-=-=-=-=-=-=-=-=-=-=-=
[default] Synchronizing with /home/opam/opam-repository/archives/ocp-build.0.1+opam.tar.gz
[default] Synchronizing with /home/opam/opam-repository/archives/wget.0.1.0+opam.tar.gz
sending incremental file list
sending incremental file list
ocp-build.0.1+opam.tar.gz
wget.0.1.0+opam.tar.gz

sent 864,852 bytes  received 35 bytes  576,591.33 bytes/sec
total size is 864,514  speedup is 1.00

sent 10,576 bytes  received 35 bytes  7,074.00 bytes/sec
total size is 10,445  speedup is 0.98

=-=-=-=-=-=-=-=-=-=-=-=-=-=-= Installing packages -=-=-=-=-=-=-=-=-=-=-=-=-=-=-=
Building ocp-build.0.1:
  make
mkdir -p ./_obuild
ocamlc -o ./_obuild/unixrun -make-runtime unix.cma
_obuild/unixrun boot/ocp-build.boot -init -scan -sanitize -v 0 ocp-build
Fatal error: the file 'boot/ocp-build.boot' is not a bytecode executable file
make: *** [compile] Error 2
Removing ocp-build.0.1.
[ERROR] The compilation of ocp-build.0.1 failed.
  Nothing to do.


#==================== ERROR while installing ocp-build.0.1 ====================#
# opam-version         1.2.0~beta4 (1b6ec60c9af058c94174b505f21c08d0c97a6c29)
# os                   linux
# command              make
# path                 /home/opam/.opam/4.02.0+trunk/build/ocp-build.0.1
# compiler             4.02.0+trunk
# exit-code            2
# env-file             /home/opam/.opam/4.02.0+trunk/build/ocp-build.0.1/ocp-build-142-e7966f.env
# stdout-file          /home/opam/.opam/4.02.0+trunk/build/ocp-build.0.1/ocp-build-142-e7966f.out
# stderr-file          /home/opam/.opam/4.02.0+trunk/build/ocp-build.0.1/ocp-build-142-e7966f.err
### stdout ###
# mkdir -p ./_obuild
# ocamlc -o ./_obuild/unixrun -make-runtime unix.cma
# _obuild/unixrun boot/ocp-build.boot -init -scan -sanitize -v 0 ocp-build
### stderr ###
# Fatal error: the file 'boot/ocp-build.boot' is not a bytecode executable file
# make: *** [compile] Error 2


=-=-=-=-=-=-=-=-=-=-=-=-=-=-=-=-= Error report =-=-=-=-=-=-=-=-=-=-=-=-=-=-=-=-=
The following failed
 - install   ocp-build.0.1
Due to the errors, the following have been cancelled
 - install   wget.0.1.0
'opam install wget' failed.
