++ opam install camlzip -e centos,centos-7
+ depext=
+ echo CentOS 7 depexts:
+ '[' '' '!=' '' ']'
+ opam install camlzip
CentOS 7 depexts:
The following actions will be performed:
 - install   camlzip.1.05
=== 1 to install ===

=-=-=-=-=-=-=-=-=-=-=-=- Synchronizing package archives -=-=-=-=-=-=-=-=-=-=-=-=
[camlzip.1.05] Downloading http://forge.ocamlcore.org/frs/download.php/1037/camlzip-1.05.tar.gz
  % Total    % Received % Xferd  Average Speed   Time    Time     Time  Current
                                 Dload  Upload   Total   Spent    Left  Speed
  0     0    0     0    0     0      0      0 --:--:-- --:--:-- --:--:--     0200
100 25817  100 25817    0     0  88093      0 --:--:-- --:--:-- --:--:-- 88414

=-=-=-=-=-=-=-=-=-=-=-=-=-=-= Installing packages -=-=-=-=-=-=-=-=-=-=-=-=-=-=-=
Copying ~/.opam/repo/default/packages/camlzip/camlzip.1.05/files/fix-install.patch to ~/.opam/4.02.0/build/camlzip.1.05/
Applying fix-install.patch.
patching file META
patching file Makefile
Building camlzip.1.05:
  make all
  make allopt
  make install-findlib
ocamlc -g -c -ccopt -g -ccopt -I/usr/local/include zlibstubs.c
zlibstubs.c:18:18: fatal error: zlib.h: No such file or directory
 #include <zlib.h>
                  ^
compilation terminated.
make: *** [zlibstubs.o] Error 2
[ERROR] The compilation of camlzip.1.05 failed.
Removing camlzip.1.05.
  ocamlfind remove zip
  ocamlfind remove camlzip
ocamlfind: [WARNING] No such directory: /home/opam/.opam/4.02.0/lib/zip
ocamlfind: [WARNING] No such directory: /home/opam/.opam/4.02.0/lib/camlzip


#==================== ERROR while installing camlzip.1.05 =====================#
# opam-version         1.2.0~beta4
# os                   linux
# command              make all
# path                 /home/opam/.opam/4.02.0/build/camlzip.1.05
# compiler             4.02.0
# exit-code            2
# env-file             /home/opam/.opam/4.02.0/build/camlzip.1.05/camlzip-30-c61e7b.env
# stdout-file          /home/opam/.opam/4.02.0/build/camlzip.1.05/camlzip-30-c61e7b.out
# stderr-file          /home/opam/.opam/4.02.0/build/camlzip.1.05/camlzip-30-c61e7b.err
### stdout ###
# ocamlc -g -c -ccopt -g -ccopt -I/usr/local/include zlibstubs.c
### stderr ###
# zlibstubs.c:18:18: fatal error: zlib.h: No such file or directory
#  #include <zlib.h>
#                   ^
# compilation terminated.
# make: *** [zlibstubs.o] Error 2

'opam install camlzip' failed.
