++ opam install lame -e centos,centos-7
+ depext=
+ echo CentOS 7 depexts:
+ '[' '' '!=' '' ']'
+ opam install lame
CentOS 7 depexts:
The following actions will be performed:
 - install   lame.0.3.1
=== 1 to install ===

=-=-=-=-=-=-=-=-=-=-=-=- Synchronizing package archives -=-=-=-=-=-=-=-=-=-=-=-=
[lame.0.3.1] Downloading http://downloads.sourceforge.net/project/savonet/ocaml-lame/0.3.1/ocaml-lame-0.3.1.tar.gz
  % Total    % Received % Xferd  Average Speed   Time    Time     Time  Current
                                 Dload  Upload   Total   Spent    Left  Speed
  0     0    0     0    0     0      0      0 --:--:-- --:--:-- --:--:--     0  0     0    0     0    0     0      0      0 --:--:-- --:--:-- --:--:--     0
  0  135k    0     0    0     0      0      0 --:--:-- --:--:-- --:--:--     0200
100  135k  100  135k    0     0   167k      0 --:--:-- --:--:-- --:--:-- 1227k

=-=-=-=-=-=-=-=-=-=-=-=-=-=-= Installing packages -=-=-=-=-=-=-=-=-=-=-=-=-=-=-=
Building lame.0.3.1:
  ./configure --prefix /home/opam/.opam/4.02.0
  make
  make install
configuring ocaml-lame 0.3.1
checking for gcc... gcc
checking whether the C compiler works... yes
checking for C compiler default output file name... a.out
checking for suffix of executables... 
checking whether we are cross compiling... no
checking for suffix of object files... o
checking whether we are using the GNU C compiler... yes
checking whether gcc accepts -g... yes
checking for gcc option to accept ISO C89... none needed
checking build system type... x86_64-unknown-linux-gnu
checking host system type... x86_64-unknown-linux-gnu
checking for a BSD-compatible install... /usr/bin/install -c
checking that calling user is not root... ok
checking for gcc... (cached) gcc
checking whether we are using the GNU C compiler... (cached) yes
checking whether gcc accepts -g... (cached) yes
checking for gcc option to accept ISO C89... (cached) none needed
checking for ar... ar
checking for ocamlc... ocamlc
OCaml version is 4.02.0
checking if ocaml compiler supports first-class modules... yes
OCaml library path is /home/opam/.opam/4.02.0/lib/ocaml
checking for ocamlopt... ocamlopt
checking for ocamlc.opt... ocamlc.opt
checking for ocamlopt.opt... ocamlopt.opt
checking for ocaml... ocaml
checking for ocamldep... ocamldep
checking for ocamlmktop... ocamlmktop
checking for ocamlmklib... ocamlmklib
checking for ocamldoc... ocamldoc
checking for ocamlbuild... ocamlbuild
checking for camlidl... no
checking for ocamllex... ocamllex
checking for ocamllex.opt... ocamllex.opt
checking for ocamlyacc... ocamlyacc
checking for camlp4... no
checking for camlp4boot... no
checking for camlp4o... no
checking for camlp4of... no
checking for camlp4oof... no
checking for camlp4orf... no
checking for camlp4prof... no
checking for camlp4r... no
checking for camlp4rf... no
checking for ocamlfind... ocamlfind
checking for caml/threads.h... no
checking for gcc option to produce PIC... -fPIC
checking whether to build shared modules... yes
checking how to run the C preprocessor... gcc -E
checking for grep that handles long lines and -e... /usr/bin/grep
checking for egrep... /usr/bin/grep -E
checking for ANSI C header files... no
checking for sys/types.h... yes
checking for sys/stat.h... yes
checking for stdlib.h... yes
checking for string.h... yes
checking for memory.h... yes
checking for strings.h... yes
checking for inttypes.h... yes
checking for stdint.h... yes
checking for unistd.h... yes
checking lame/lame.h usability... no
checking lame/lame.h presence... no
checking for lame/lame.h... no
configure: error: Cannot find liblame.
Removing lame.0.3.1.
[ERROR] The compilation of lame.0.3.1 failed.
  ocamlfind remove lame
ocamlfind: [WARNING] No such directory: /home/opam/.opam/4.02.0/lib/lame


#===================== ERROR while installing lame.0.3.1 ======================#
# opam-version         1.2.0~beta4
# os                   linux
# command              ./configure --prefix /home/opam/.opam/4.02.0
# path                 /home/opam/.opam/4.02.0/build/lame.0.3.1
# compiler             4.02.0
# exit-code            1
# env-file             /home/opam/.opam/4.02.0/build/lame.0.3.1/lame-31-5f1023.env
# stdout-file          /home/opam/.opam/4.02.0/build/lame.0.3.1/lame-31-5f1023.out
# stderr-file          /home/opam/.opam/4.02.0/build/lame.0.3.1/lame-31-5f1023.err
### stdout ###
# ...[truncated]
# checking for stdlib.h... yes
# checking for string.h... yes
# checking for memory.h... yes
# checking for strings.h... yes
# checking for inttypes.h... yes
# checking for stdint.h... yes
# checking for unistd.h... yes
# checking lame/lame.h usability... no
# checking lame/lame.h presence... no
# checking for lame/lame.h... no
### stderr ###
# configure: error: Cannot find liblame.

'opam install lame' failed.
