++ opam install libvhd -e centos,centos-7
+ depext='blktap-devel libuuid-devel'
+ echo CentOS 7 depexts: blktap-devel libuuid-devel
+ '[' 'blktap-devel libuuid-devel' '!=' '' ']'
+ sudo yum install -y blktap-devel libuuid-devel
CentOS 7 depexts: blktap-devel libuuid-devel
Loaded plugins: fastestmirror
Loading mirror speeds from cached hostfile
 * base: mirrors.melbourne.co.uk
 * extras: anorien.csc.warwick.ac.uk
 * updates: anorien.csc.warwick.ac.uk
No package blktap-devel available.
Resolving Dependencies
--> Running transaction check
---> Package libuuid-devel.x86_64 0:2.23.2-16.el7 will be installed
--> Finished Dependency Resolution

Dependencies Resolved

================================================================================
 Package               Arch           Version                Repository    Size
================================================================================
Installing:
 libuuid-devel         x86_64         2.23.2-16.el7          base          81 k

Transaction Summary
================================================================================
Install  1 Package

Total download size: 81 k
Installed size: 17 k
Downloading packages:
Running transaction check
Running transaction test
Transaction test succeeded
Running transaction
  Installing : libuuid-devel-2.23.2-16.el7.x86_64                           1/1 
  Verifying  : libuuid-devel-2.23.2-16.el7.x86_64                           1/1 

Installed:
  libuuid-devel.x86_64 0:2.23.2-16.el7                                          

Complete!
+ opam install libvhd
The following actions will be performed:
 - install   libvhd.0.9.0
=== 1 to install ===

=-=-=-=-=-=-=-=-=-=-=-=- Synchronizing package archives -=-=-=-=-=-=-=-=-=-=-=-=
[libvhd.0.9.0] Downloading https://github.com/xen-org/libvhd/archive/libvhd-0.9.0.tar.gz
  % Total    % Received % Xferd  Average Speed   Time    Time     Time  Current
                                 Dload  Upload   Total   Spent    Left  Speed
  0     0    0     0    0     0      0      0 --:--:-- --:--:-- --:--:--     0  0     0    0     0    0     0      0      0 --:--:-- --:--:-- --:--:--     0100   132    0   132    0     0    202      0 --:--:-- --:--:-- --:--:--   202
  0     0    0   133    0     0    177      0 --:--:-- --:--:-- --:--:--   177
  0     0    0 44009    0     0  29245      0 --:--:--  0:00:01 --:--:-- 29245
200

=-=-=-=-=-=-=-=-=-=-=-=-=-=-= Installing packages -=-=-=-=-=-=-=-=-=-=-=-=-=-=-=
Building libvhd.0.9.0:
  make
  make install BINDIR=/home/opam/.opam/4.02.0/bin
ocaml setup.ml -configure 
File "setup.ml", line 213, characters 8-26:
Warning 3: deprecated: String.set
File "setup.ml", line 1793, characters 6-24:
Warning 3: deprecated: Lazy.lazy_from_fun

Configuration: 
ocamlfind: ........................................... /home/opam/.opam/4.02.0/bin/ocamlfind
ocamlc: .............................................. /home/opam/.opam/4.02.0/bin/ocamlc.opt
ocamlopt: ............................................ /home/opam/.opam/4.02.0/bin/ocamlopt.opt
ocamlbuild: .......................................... /home/opam/.opam/4.02.0/bin/ocamlbuild
Package name: ........................................ libvhd
Package version: ..................................... 0.9.0
os_type: ............................................. Unix
system: .............................................. linux
architecture: ........................................ amd64
ccomp_type: .......................................... cc
ocaml_version: ....................................... 4.02.0
standard_library_default: ............................ /home/opam/.opam/4.02.0/lib/ocaml
standard_library: .................................... /home/opam/.opam/4.02.0/lib/ocaml
standard_runtime: .................................... /home/opam/.opam/4.02.0/bin/ocamlrun
bytecomp_c_compiler: ................................. gcc -fno-defer-pop -Wall -D_FILE_OFFSET_BITS=64 -D_REENTRANT -fPIC
native_c_compiler: ................................... gcc -Wall -D_FILE_OFFSET_BITS=64 -D_REENTRANT
model: ............................................... default
ext_obj: ............................................. .o
ext_asm: ............................................. .s
ext_lib: ............................................. .a
ext_dll: ............................................. .so
default_executable_name: ............................. a.out
systhread_supported: ................................. true
Install architecture-independent files dir: .......... /usr/local
Install architecture-dependent files in dir: ......... $prefix
User executables: .................................... $exec_prefix/bin
System admin executables: ............................ $exec_prefix/sbin
Program executables: ................................. $exec_prefix/libexec
Read-only single-machine data: ....................... $prefix/etc
Modifiable architecture-independent data: ............ $prefix/com
Modifiable single-machine data: ...................... $prefix/var
Object code libraries: ............................... $exec_prefix/lib
Read-only arch-independent data root: ................ $prefix/share
Read-only architecture-independent data: ............. $datarootdir
Info documentation: .................................. $datarootdir/info
Locale-dependent data: ............................... $datarootdir/locale
Man documentation: ................................... $datarootdir/man
Documentation root: .................................. $datarootdir/doc/$pkg_name
HTML documentation: .................................. $docdir
DVI documentation: ................................... $docdir
PDF documentation: ................................... $docdir
PS documentation: .................................... $docdir
findlib_version: ..................................... 1.5.3
is_native: ........................................... true
suffix_program: ...................................... 
Remove a file.: ...................................... rm -f
Remove a directory.: ................................. rm -rf
Turn ocaml debug flag on: ............................ true
Turn ocaml profile flag on: .......................... false
Compiler support generation of .cmxs.: ............... true
OCamlbuild additional flags: ......................... 
Create documentations: ............................... true
Compile tests executable and library and run them: ... false

ocaml setup.ml -build 
File "setup.ml", line 213, characters 8-26:
Warning 3: deprecated: String.set
File "setup.ml", line 1793, characters 6-24:
Warning 3: deprecated: Lazy.lazy_from_fun
/home/opam/.opam/4.02.0/bin/ocamlopt.opt unix.cmxa -I /home/opam/.opam/4.02.0/lib/ocaml/ocamlbuild /home/opam/.opam/4.02.0/lib/ocaml/ocamlbuild/ocamlbuildlib.cmxa myocamlbuild.ml /home/opam/.opam/4.02.0/lib/ocaml/ocamlbuild/ocamlbuild.cmx -o myocamlbuild
ocamlfind ocamlc -c lib/vhd_stubs.c
+ ocamlfind ocamlc -c lib/vhd_stubs.c
lib/vhd_stubs.c:11:24: fatal error: vhd/libvhd.h: No such file or directory
 #include <vhd/libvhd.h>
                        ^
compilation terminated.
Command exited with code 2.
E: Failure("Command ''/home/opam/.opam/4.02.0/bin/ocamlbuild' lib/liblibvhd_stubs.a lib/dlllibvhd_stubs.so lib/libvhd.cma lib/libvhd.cmxa lib/libvhd.a lib/libvhd.cmxs lib_test/open.byte -tag debug' terminated with error code 10")
make: *** [build] Error 1
[ERROR] The compilation of libvhd.0.9.0 failed.
Removing libvhd.0.9.0.
  make uninstall BINDIR=/home/opam/.opam/4.02.0/bin
ocamlfind remove libxcpvhd
ocamlfind: [WARNING] No such directory: /home/opam/.opam/4.02.0/lib/libxcpvhd


#==================== ERROR while installing libvhd.0.9.0 =====================#
# opam-version         1.2.0~beta4
# os                   linux
# command              make
# path                 /home/opam/.opam/4.02.0/build/libvhd.0.9.0
# compiler             4.02.0
# exit-code            2
# env-file             /home/opam/.opam/4.02.0/build/libvhd.0.9.0/libvhd-35-5f1023.env
# stdout-file          /home/opam/.opam/4.02.0/build/libvhd.0.9.0/libvhd-35-5f1023.out
# stderr-file          /home/opam/.opam/4.02.0/build/libvhd.0.9.0/libvhd-35-5f1023.err
### stdout ###
# ...[truncated]
# 
# ocaml setup.ml -build 
# /home/opam/.opam/4.02.0/bin/ocamlopt.opt unix.cmxa -I /home/opam/.opam/4.02.0/lib/ocaml/ocamlbuild /home/opam/.opam/4.02.0/lib/ocaml/ocamlbuild/ocamlbuildlib.cmxa myocamlbuild.ml /home/opam/.opam/4.02.0/lib/ocaml/ocamlbuild/ocamlbuild.cmx -o myocamlbuild
# ocamlfind ocamlc -c lib/vhd_stubs.c
# + ocamlfind ocamlc -c lib/vhd_stubs.c
# lib/vhd_stubs.c:11:24: fatal error: vhd/libvhd.h: No such file or directory
#  #include <vhd/libvhd.h>
#                         ^
# compilation terminated.
# Command exited with code 2.
### stderr ###
# ...[truncated]
# File "setup.ml", line 213, characters 8-26:
# Warning 3: deprecated: String.set
# File "setup.ml", line 1793, characters 6-24:
# Warning 3: deprecated: Lazy.lazy_from_fun
# File "setup.ml", line 213, characters 8-26:
# Warning 3: deprecated: String.set
# File "setup.ml", line 1793, characters 6-24:
# Warning 3: deprecated: Lazy.lazy_from_fun
# E: Failure("Command ''/home/opam/.opam/4.02.0/bin/ocamlbuild' lib/liblibvhd_stubs.a lib/dlllibvhd_stubs.so lib/libvhd.cma lib/libvhd.cmxa lib/libvhd.a lib/libvhd.cmxs lib_test/open.byte -tag debug' terminated with error code 10")
# make: *** [build] Error 1

'opam install libvhd' failed.
