++ opam install numerix -e centos,centos-7
+ depext=
+ echo CentOS 7 depexts:
+ '[' '' '!=' '' ']'
+ opam install numerix
CentOS 7 depexts:
The following actions will be performed:
 - install   conf-gmp.1                            [required by numerix]
 - install   numerix.0.22
=== 2 to install ===

=-=-=-=-=-=-=-=-=-=-=-=- Synchronizing package archives -=-=-=-=-=-=-=-=-=-=-=-=
[numerix.0.22] Downloading http://pauillac.inria.fr/~quercia/cdrom/bibs/numerix.tar.gz
  % Total    % Received % Xferd  Average Speed   Time    Time     Time  Current
                                 Dload  Upload   Total   Spent    Left  Speed
  0     0    0     0    0     0      0      0 --:--:-- --:--:-- --:--:--     0 52 1173k   52  614k    0     0  1008k      0  0:00:01 --:--:--  0:00:01 1007k100 1173k  100 1173k    0     0  1595k      0 --:--:-- --:--:-- --:--:-- 1593k
200

=-=-=-=-=-=-=-=-=-=-=-=-=-=-= Installing packages -=-=-=-=-=-=-=-=-=-=-=-=-=-=-=
Copying ~/.opam/repo/default/packages/conf-gmp/conf-gmp.1/files/test.c to ~/.opam/4.02.0/build/conf-gmp.1/
Building conf-gmp.1:
  cc -c test.c
test.c:1:17: fatal error: gmp.h: No such file or directory
 #include <gmp.h>
                 ^
compilation terminated.
[ERROR] The compilation of conf-gmp.1 failed.
Removing conf-gmp.1.
  Nothing to do.


=-=-=-=-=-=-=-=-=-=-=-=-=-=-=-=-= Error report =-=-=-=-=-=-=-=-=-=-=-=-=-=-=-=-=
The following failed
 - install   conf-gmp.1
Due to the errors, the following have been cancelled
 - install   numerix.0.22

#===================== ERROR while installing conf-gmp.1 ======================#
# opam-version         1.2.0~beta4
# os                   linux
# command              cc -c test.c
# path                 /home/opam/.opam/4.02.0/build/conf-gmp.1
# compiler             4.02.0
# exit-code            1
# env-file             /home/opam/.opam/4.02.0/build/conf-gmp.1/conf-gmp-32-9b8556.env
# stdout-file          /home/opam/.opam/4.02.0/build/conf-gmp.1/conf-gmp-32-9b8556.out
# stderr-file          /home/opam/.opam/4.02.0/build/conf-gmp.1/conf-gmp-32-9b8556.err
### stderr ###
# test.c:1:17: fatal error: gmp.h: No such file or directory
#  #include <gmp.h>
#                  ^
# compilation terminated.

'opam install numerix' failed.
