++ opam install ocamlfuse -e centos,centos-7
CentOS 7 depexts:
+ depext=
+ echo CentOS 7 depexts:
+ '[' '' '!=' '' ']'
+ opam install ocamlfuse
The following actions will be performed:
 - install   camlidl.1.05                          [required by ocamlfuse]
 - install   ocamlfuse.2.7.1-cvs2
=== 2 to install ===

=-=-=-=-=-=-=-=-=-=-=-=- Synchronizing package archives -=-=-=-=-=-=-=-=-=-=-=-=
[camlidl.1.05] Downloading http://caml.inria.fr/pub/old_caml_site/distrib/bazar-ocaml/camlidl-1.05.tar.gz
[ocamlfuse.2.7.1-cvs2] Downloading https://forge.ocamlcore.org/frs/download.php/1369/ocamlfuse-2.7.1_cvs2.tar.gz
  % Total    % Received % Xferd  Average Speed   Time    Time     Time  Current
                                 Dload  Upload   Total   Spent    Left  Speed
  0     0    0     0    0     0      0      0 --:--:-- --:--:-- --:--:--     0  % Total    % Received % Xferd  Average Speed   Time    Time     Time  Current
                                 Dload  Upload   Total   Spent    Left  Speed
  0     0    0     0    0     0      0      0 --:--:-- --:--:-- --:--:--     0100   98k  100   98k    0     0   402k      0 --:--:-- --:--:-- --:--:--  404k
200
  0 67384    0     0    0     0      0      0 --:--:-- --:--:-- --:--:--     0100 67384  100 67384    0     0   118k      0 --:--:-- --:--:-- --:--:--  118k
200

=-=-=-=-=-=-=-=-=-=-=-=-=-=-= Installing packages -=-=-=-=-=-=-=-=-=-=-=-=-=-=-=
Copying ~/.opam/repo/default/packages/camlidl/camlidl.1.05/files/cpp-location.diff to ~/.opam/4.02.0/build/camlidl.1.05/
Copying ~/.opam/repo/default/packages/camlidl/camlidl.1.05/files/camlidl.install to ~/.opam/4.02.0/build/camlidl.1.05/
Copying ~/.opam/repo/default/packages/camlidl/camlidl.1.05/files/META to ~/.opam/4.02.0/build/camlidl.1.05/
Applying cpp-location.diff.
patching file config/Makefile.unix
Building camlidl.1.05:
  mv config/Makefile.unix config/Makefile
  mkdir -p /home/opam/.opam/4.02.0/bin /home/opam/.opam/4.02.0/lib/camlidl /home/opam/.opam/4.02.0/lib/camlidl/caml
  make all
  make install BINDIR=/home/opam/.opam/4.02.0/bin OCAMLLIB=/home/opam/.opam/4.02.0/lib/camlidl
cd compiler; make all
make[1]: Entering directory `/home/opam/.opam/4.02.0/build/camlidl.1.05/compiler'
rm -f config.ml
sed -e 's|%%CPP%%|cpp|' \
          config.mlp > config.ml
chmod -w config.ml
ocamlc -g -c config.mli
ocamlc -g -c config.ml
ocamlc -g -c utils.mli
ocamlc -g -c utils.ml
File "utils.ml", line 51, characters 15-28:
Warning 3: deprecated: String.create
ocamlc -g -c clflags.ml
ocamlc -g -c idltypes.mli
ocamlc -g -c prefix.mli
ocamlc -g -c prefix.ml
ocamlc -g -c lexpr.mli
ocamlc -g -c lexpr.ml
File "lexpr.ml", line 268, characters 10-16:
Warning 26: unused variable trail'.
ocamlc -g -c cvttyp.mli
ocamlc -g -c cvttyp.ml
ocamlc -g -c variables.mli
ocamlc -g -c variables.ml
ocamlc -g -c array.mli
ocamlc -g -c array.ml
ocamlc -g -c struct.mli
ocamlc -g -c struct.ml
ocamlc -g -c enum.mli
ocamlc -g -c enum.ml
ocamlc -g -c union.mli
ocamlc -g -c union.ml
ocamlc -g -c cvtval.mli
ocamlc -g -c cvtval.ml
ocamlc -g -c structdecl.mli
ocamlc -g -c structdecl.ml
ocamlc -g -c enumdecl.mli
ocamlc -g -c enumdecl.ml
ocamlc -g -c uniondecl.mli
ocamlc -g -c uniondecl.ml
ocamlc -g -c typedef.mli
ocamlc -g -c typedef.ml
ocamlc -g -c funct.mli
ocamlc -g -c funct.ml
ocamlc -g -c constdecl.mli
ocamlc -g -c constdecl.ml
File "constdecl.ml", line 36, characters 4-24:
Warning 26: unused variable ty.
ocamlc -g -c intf.mli
ocamlc -g -c intf.ml
File "intf.ml", line 312, characters 12-16:
Warning 26: unused variable outs.
File "intf.ml", line 312, characters 7-10:
Warning 26: unused variable ins.
ocamlc -g -c file.mli
ocamlc -g -c file.ml
ocamlc -g -c predef.mli
ocamlc -g -c predef.ml
ocamllex linenum.mll
16 states, 331 transitions, table size 1420 bytes
ocamlc -g -c linenum.mli
ocamlc -g -c linenum.ml
ocamlc -g -c parse_aux.mli
ocamlc -g -c parse_aux.ml
File "parse_aux.ml", line 167, characters 23-54:
Warning 23: all the fields are explicitly listed in this record:
the 'with' clause is useless.
File "parse_aux.ml", line 169, characters 42-74:
Warning 23: all the fields are explicitly listed in this record:
the 'with' clause is useless.
File "parse_aux.ml", line 171, characters 22-47:
Warning 23: all the fields are explicitly listed in this record:
the 'with' clause is useless.
ocamlyacc -v parser_midl.mly
12 shift/reduce conflicts.
ocamlc -g -c parser_midl.mli
ocamlc -g -c parser_midl.ml
ocamllex lexer_midl.mll
129 states, 1747 transitions, table size 7762 bytes
ocamlc -g -c lexer_midl.mli
ocamlc -g -c lexer_midl.ml
ocamlc -g -c parse.mli
ocamlc -g -c parse.ml
ocamlc -g -c fixlabels.mli
ocamlc -g -c fixlabels.ml
ocamlc -g -c normalize.mli
ocamlc -g -c normalize.ml
ocamlc -g -c main.ml
ocamlc -g -o camlidl config.cmo utils.cmo clflags.cmo prefix.cmo lexpr.cmo cvttyp.cmo variables.cmo array.cmo struct.cmo enum.cmo union.cmo cvtval.cmo structdecl.cmo enumdecl.cmo uniondecl.cmo typedef.cmo funct.cmo constdecl.cmo intf.cmo file.cmo predef.cmo linenum.cmo parse_aux.cmo parser_midl.cmo lexer_midl.cmo parse.cmo fixlabels.cmo normalize.cmo main.cmo
File "array.cmo", line 1:
Warning 31: files array.cmo and /home/opam/.opam/4.02.0/lib/ocaml/stdlib.cma(Array) both define a module named Array
make[1]: Leaving directory `/home/opam/.opam/4.02.0/build/camlidl.1.05/compiler'
cd runtime; make all
make[1]: Entering directory `/home/opam/.opam/4.02.0/build/camlidl.1.05/runtime'
ocamlc -g -ccopt "-Wall -g" idlalloc.c
ocamlc -g -ccopt "-Wall -g" comintf.c
ocamlc -g -ccopt "-Wall -g" comerror.c
comerror.c: In function 'camlidl_error':
comerror.c:52:8: warning: unused variable 'msg' [-Wunused-variable]
   char msg[1024];
        ^
comerror.c: In function 'camlidl_uncaught_exception':
comerror.c:171:3: warning: implicit declaration of function 'caml_format_exception' [-Wimplicit-function-declaration]
   char * msg = format_caml_exception(exn_bucket);
   ^
In file included from /home/opam/.opam/4.02.0/lib/ocaml/caml/mlvalues.h:18:0,
                 from comerror.c:20:
/home/opam/.opam/4.02.0/lib/ocaml/caml/compatibility.h:249:31: warning: initialization makes pointer from integer without a cast [enabled by default]
 #define format_caml_exception caml_format_exception /*SP*/
                               ^
comerror.c:171:16: note: in expansion of macro 'format_caml_exception'
   char * msg = format_caml_exception(exn_bucket);
                ^
rm -f libcamlidl.a
ar rc libcamlidl.a idlalloc.o comintf.o comerror.o
ranlib libcamlidl.a
make[1]: Leaving directory `/home/opam/.opam/4.02.0/build/camlidl.1.05/runtime'
cd lib; make all
make[1]: Entering directory `/home/opam/.opam/4.02.0/build/camlidl.1.05/lib'
ocamlc -g -c com.mli
ocamlc -g -c com.ml
ocamlc -g -a -o com.cma com.cmo
ocamlopt -c com.ml
ocamlopt -a -o com.cmxa com.cmx
make[1]: Leaving directory `/home/opam/.opam/4.02.0/build/camlidl.1.05/lib'
cd tools; make all
make[1]: Entering directory `/home/opam/.opam/4.02.0/build/camlidl.1.05/tools'
make[1]: Nothing to be done for `all'.
make[1]: Leaving directory `/home/opam/.opam/4.02.0/build/camlidl.1.05/tools'
cd compiler; make install
make[1]: Entering directory `/home/opam/.opam/4.02.0/build/camlidl.1.05/compiler'
cp camlidl /home/opam/.opam/4.02.0/bin
make[1]: Leaving directory `/home/opam/.opam/4.02.0/build/camlidl.1.05/compiler'
cd runtime; make install
make[1]: Entering directory `/home/opam/.opam/4.02.0/build/camlidl.1.05/runtime'
cp camlidlruntime.h /home/opam/.opam/4.02.0/lib/camlidl/caml/camlidlruntime.h
cp libcamlidl.a /home/opam/.opam/4.02.0/lib/camlidl/libcamlidl.a
cd /home/opam/.opam/4.02.0/lib/camlidl; ranlib libcamlidl.a
make[1]: Leaving directory `/home/opam/.opam/4.02.0/build/camlidl.1.05/runtime'
cd lib; make install
make[1]: Entering directory `/home/opam/.opam/4.02.0/build/camlidl.1.05/lib'
cp com.cmi com.cma com.cmxa com.a /home/opam/.opam/4.02.0/lib/camlidl
cd /home/opam/.opam/4.02.0/lib/camlidl; ranlib com.a
make[1]: Leaving directory `/home/opam/.opam/4.02.0/build/camlidl.1.05/lib'
cd tools; make install
make[1]: Entering directory `/home/opam/.opam/4.02.0/build/camlidl.1.05/tools'
make[1]: Nothing to be done for `install'.
make[1]: Leaving directory `/home/opam/.opam/4.02.0/build/camlidl.1.05/tools'
Installing camlidl.1.05.
Building ocamlfuse.2.7.1-cvs2:
  make -C lib INCDIRS=/home/opam/.opam/4.02.0/lib/camlidl
  make -C lib install
make: Entering directory `/home/opam/.opam/4.02.0/build/ocamlfuse.2.7.1-cvs2/lib'
camlidl -header  \
			 Fuse_bindings.idl
make[1]: Entering directory `/home/opam/.opam/4.02.0/build/ocamlfuse.2.7.1-cvs2/lib'
making ._ncdi/Fuse_bindings.di from Fuse_bindings.mli
making ._d/Fuse_bindings.d from Fuse_bindings.ml
making ._d/Fuse.d from Fuse.ml
making ._d/Fuse_lib.d from Fuse_lib.ml
making ._d/Unix_util.d from Unix_util.ml
making ._d/Result.d from Result.ml
make[1]: Leaving directory `/home/opam/.opam/4.02.0/build/ocamlfuse.2.7.1-cvs2/lib'
make[1]: Entering directory `/home/opam/.opam/4.02.0/build/ocamlfuse.2.7.1-cvs2/lib'
ocamlc -c -cc "cc" -ccopt "-fPIC -D_FILE_OFFSET_BITS=64 -I. -pthread \
			-DPIC -DNATIVE_CODE   \
			  -I/home/opam/.opam/4.02.0/lib/camlidl  -o Fuse_bindings_stubs.o " Fuse_bindings_stubs.c 
In file included from Fuse_bindings_stubs.c:17:0:
Fuse_bindings.h:16:18: fatal error: fuse.h: No such file or directory
 #include <fuse.h>
                  ^
compilation terminated.
make[1]: *** [Fuse_bindings_stubs.o] Error 2
make[1]: Leaving directory `/home/opam/.opam/4.02.0/build/ocamlfuse.2.7.1-cvs2/lib'
make: Leaving directory `/home/opam/.opam/4.02.0/build/ocamlfuse.2.7.1-cvs2/lib'
make: *** [native-code-library] Error 2
[ERROR] The compilation of ocamlfuse.2.7.1-cvs2 failed.
Removing ocamlfuse.2.7.1-cvs2.
  ocamlfind remove Fuse
ocamlfind: [WARNING] No such directory: /home/opam/.opam/4.02.0/lib/Fuse


=-=-=-=-=-=-=-=-=-=-=-=-=-=-=-=-= Error report =-=-=-=-=-=-=-=-=-=-=-=-=-=-=-=-=
These actions have been completed successfully
 - install   camlidl.1.05
The following failed
 - install   ocamlfuse.2.7.1-cvs2

#================ ERROR while installing ocamlfuse.2.7.1-cvs2 =================#
# opam-version         1.2.0~beta4
# os                   linux
# command              make -C lib INCDIRS=/home/opam/.opam/4.02.0/lib/camlidl
# path                 /home/opam/.opam/4.02.0/build/ocamlfuse.2.7.1-cvs2
# compiler             4.02.0
# exit-code            2
# env-file             /home/opam/.opam/4.02.0/build/ocamlfuse.2.7.1-cvs2/ocamlfuse-219-1872ec.env
# stdout-file          /home/opam/.opam/4.02.0/build/ocamlfuse.2.7.1-cvs2/ocamlfuse-219-1872ec.out
# stderr-file          /home/opam/.opam/4.02.0/build/ocamlfuse.2.7.1-cvs2/ocamlfuse-219-1872ec.err
### stdout ###
# ...[truncated]
# making ._d/Fuse_lib.d from Fuse_lib.ml
# making ._d/Unix_util.d from Unix_util.ml
# making ._d/Result.d from Result.ml
# make[1]: Leaving directory `/home/opam/.opam/4.02.0/build/ocamlfuse.2.7.1-cvs2/lib'
# make[1]: Entering directory `/home/opam/.opam/4.02.0/build/ocamlfuse.2.7.1-cvs2/lib'
# ocamlc -c -cc "cc" -ccopt "-fPIC -D_FILE_OFFSET_BITS=64 -I. -pthread \
# 			-DPIC -DNATIVE_CODE   \
# 			  -I/home/opam/.opam/4.02.0/lib/camlidl  -o Fuse_bindings_stubs.o " Fuse_bindings_stubs.c 
# make[1]: Leaving directory `/home/opam/.opam/4.02.0/build/ocamlfuse.2.7.1-cvs2/lib'
# make: Leaving directory `/home/opam/.opam/4.02.0/build/ocamlfuse.2.7.1-cvs2/lib'
### stderr ###
# In file included from Fuse_bindings_stubs.c:17:0:
# Fuse_bindings.h:16:18: fatal error: fuse.h: No such file or directory
#  #include <fuse.h>
#                   ^
# compilation terminated.
# make[1]: *** [Fuse_bindings_stubs.o] Error 2
# make: *** [native-code-library] Error 2


The former state can be restored with opam switch import "/home/opam/.opam/4.02.0/backup/state-20140902045137.export"
'opam install ocamlfuse' failed.
