++ opam install qrencode -e centos,centos-7
+ depext=
+ echo CentOS 7 depexts:
CentOS 7 depexts:
+ '[' '' '!=' '' ']'
+ opam install qrencode
The following actions will be performed:
 - install   qrencode.0.1
=== 1 to install ===

=-=-=-=-=-=-=-=-=-=-=-=- Synchronizing package archives -=-=-=-=-=-=-=-=-=-=-=-=
[qrencode.0.1] Downloading https://github.com/vbmithr/qrencode-ocaml/archive/0.1.tar.gz
  % Total    % Received % Xferd  Average Speed   Time    Time     Time  Current
                                 Dload  Upload   Total   Spent    Left  Speed
  0     0    0     0    0     0      0      0 --:--:-- --:--:-- --:--:--     0  0     0    0     0    0     0      0      0 --:--:-- --:--:-- --:--:--     0100   127    0   127    0     0    194      0 --:--:-- --:--:-- --:--:--   194
  0     0    0 40491    0     0  28753      0 --:--:--  0:00:01 --:--:-- 28753
200

=-=-=-=-=-=-=-=-=-=-=-=-=-=-= Installing packages -=-=-=-=-=-=-=-=-=-=-=-=-=-=-=
Building qrencode.0.1:
  make
  make install
ocaml setup.ml -configure 
File "setup.ml", line 213, characters 8-26:
Warning 3: deprecated: String.set
File "setup.ml", line 1793, characters 6-24:
Warning 3: deprecated: Lazy.lazy_from_fun

Configuration: 
ocamlfind: ........................................... /home/opam/.opam/4.02.0/bin/ocamlfind
ocamlc: .............................................. /home/opam/.opam/4.02.0/bin/ocamlc.opt
ocamlopt: ............................................ /home/opam/.opam/4.02.0/bin/ocamlopt.opt
ocamlbuild: .......................................... /home/opam/.opam/4.02.0/bin/ocamlbuild
Package name: ........................................ qrencode
Package version: ..................................... 0.0.1
os_type: ............................................. Unix
system: .............................................. linux
architecture: ........................................ amd64
ccomp_type: .......................................... cc
ocaml_version: ....................................... 4.02.0
standard_library_default: ............................ /home/opam/.opam/4.02.0/lib/ocaml
standard_library: .................................... /home/opam/.opam/4.02.0/lib/ocaml
standard_runtime: .................................... /home/opam/.opam/4.02.0/bin/ocamlrun
bytecomp_c_compiler: ................................. gcc -fno-defer-pop -Wall -D_FILE_OFFSET_BITS=64 -D_REENTRANT -fPIC
native_c_compiler: ................................... gcc -Wall -D_FILE_OFFSET_BITS=64 -D_REENTRANT
model: ............................................... default
ext_obj: ............................................. .o
ext_asm: ............................................. .s
ext_lib: ............................................. .a
ext_dll: ............................................. .so
default_executable_name: ............................. a.out
systhread_supported: ................................. true
Install architecture-independent files dir: .......... /usr/local
Install architecture-dependent files in dir: ......... $prefix
User executables: .................................... $exec_prefix/bin
System admin executables: ............................ $exec_prefix/sbin
Program executables: ................................. $exec_prefix/libexec
Read-only single-machine data: ....................... $prefix/etc
Modifiable architecture-independent data: ............ $prefix/com
Modifiable single-machine data: ...................... $prefix/var
Object code libraries: ............................... $exec_prefix/lib
Read-only arch-independent data root: ................ $prefix/share
Read-only architecture-independent data: ............. $datarootdir
Info documentation: .................................. $datarootdir/info
Locale-dependent data: ............................... $datarootdir/locale
Man documentation: ................................... $datarootdir/man
Documentation root: .................................. $datarootdir/doc/$pkg_name
HTML documentation: .................................. $docdir
DVI documentation: ................................... $docdir
PDF documentation: ................................... $docdir
PS documentation: .................................... $docdir
findlib_version: ..................................... 1.5.3
is_native: ........................................... true
suffix_program: ...................................... 
Remove a file.: ...................................... rm -f
Remove a directory.: ................................. rm -rf
Turn ocaml debug flag on: ............................ true
Turn ocaml profile flag on: .......................... false
Compiler support generation of .cmxs.: ............... true
OCamlbuild additional flags: ......................... 
Create documentations: ............................... true
Compile tests executable and library and run them: ... false

ocaml setup.ml -build 
File "setup.ml", line 213, characters 8-26:
Warning 3: deprecated: String.set
File "setup.ml", line 1793, characters 6-24:
Warning 3: deprecated: Lazy.lazy_from_fun
/home/opam/.opam/4.02.0/bin/ocamlopt.opt unix.cmxa -I /home/opam/.opam/4.02.0/lib/ocaml/ocamlbuild /home/opam/.opam/4.02.0/lib/ocaml/ocamlbuild/ocamlbuildlib.cmxa myocamlbuild.ml /home/opam/.opam/4.02.0/lib/ocaml/ocamlbuild/ocamlbuild.cmx -o myocamlbuild
ocamlfind ocamlc -c lib/qrencode_stubs.c
+ ocamlfind ocamlc -c lib/qrencode_stubs.c
lib/qrencode_stubs.c:10:17: fatal error: png.h: No such file or directory
 #include <png.h>
                 ^
compilation terminated.
Command exited with code 2.
E: Failure("Command ''/home/opam/.opam/4.02.0/bin/ocamlbuild' lib/libqrencode_stubs.a lib/dllqrencode_stubs.so lib/qrencode.cma lib/qrencode.cmxa lib/qrencode.a lib/qrencode.cmxs test/test.native -tag debug' terminated with error code 10")
make: *** [build] Error 1
[ERROR] The compilation of qrencode.0.1 failed.
Removing qrencode.0.1.
  ocamlfind remove qrencode
ocamlfind: [WARNING] No such directory: /home/opam/.opam/4.02.0/lib/qrencode


#==================== ERROR while installing qrencode.0.1 =====================#
# opam-version         1.2.0~beta4
# os                   linux
# command              make
# path                 /home/opam/.opam/4.02.0/build/qrencode.0.1
# compiler             4.02.0
# exit-code            2
# env-file             /home/opam/.opam/4.02.0/build/qrencode.0.1/qrencode-31-5f1023.env
# stdout-file          /home/opam/.opam/4.02.0/build/qrencode.0.1/qrencode-31-5f1023.out
# stderr-file          /home/opam/.opam/4.02.0/build/qrencode.0.1/qrencode-31-5f1023.err
### stdout ###
# ...[truncated]
# 
# ocaml setup.ml -build 
# /home/opam/.opam/4.02.0/bin/ocamlopt.opt unix.cmxa -I /home/opam/.opam/4.02.0/lib/ocaml/ocamlbuild /home/opam/.opam/4.02.0/lib/ocaml/ocamlbuild/ocamlbuildlib.cmxa myocamlbuild.ml /home/opam/.opam/4.02.0/lib/ocaml/ocamlbuild/ocamlbuild.cmx -o myocamlbuild
# ocamlfind ocamlc -c lib/qrencode_stubs.c
# + ocamlfind ocamlc -c lib/qrencode_stubs.c
# lib/qrencode_stubs.c:10:17: fatal error: png.h: No such file or directory
#  #include <png.h>
#                  ^
# compilation terminated.
# Command exited with code 2.
### stderr ###
# ...[truncated]
# File "setup.ml", line 213, characters 8-26:
# Warning 3: deprecated: String.set
# File "setup.ml", line 1793, characters 6-24:
# Warning 3: deprecated: Lazy.lazy_from_fun
# File "setup.ml", line 213, characters 8-26:
# Warning 3: deprecated: String.set
# File "setup.ml", line 1793, characters 6-24:
# Warning 3: deprecated: Lazy.lazy_from_fun
# E: Failure("Command ''/home/opam/.opam/4.02.0/bin/ocamlbuild' lib/libqrencode_stubs.a lib/dllqrencode_stubs.so lib/qrencode.cma lib/qrencode.cmxa lib/qrencode.a lib/qrencode.cmxs test/test.native -tag debug' terminated with error code 10")
# make: *** [build] Error 1

'opam install qrencode' failed.
