++ opam install arakoon -e ubuntu
[ERROR] arakoon is not available because it requires OCaml < 4.02.0.
'opam install arakoon -e ubuntu' failed.
+ depext=
+ echo Ubuntu depexts:
Ubuntu depexts:
+ '[' '' '!=' '' ']'
++ opam install arakoon -e source,linux
[ERROR] arakoon is not available because it requires OCaml < 4.02.0.
'opam install arakoon -e source,linux' failed.
+ srcext=
+ echo Ubuntu srcexts:
+ '[' '' '!=' '' ']'
Ubuntu srcexts:
+ opam install arakoon
[ERROR] arakoon is not available because it requires OCaml < 4.02.0.
'opam install arakoon' failed.
