++ opam install deriving -e ubuntu
[ERROR] deriving is not available because it requires OCaml <= 4.01.0.
'opam install deriving -e ubuntu' failed.
+ depext=
+ echo Ubuntu depexts:
+ '[' '' '!=' '' ']'
Ubuntu depexts:
++ opam install deriving -e source,linux
[ERROR] deriving is not available because it requires OCaml <= 4.01.0.
'opam install deriving -e source,linux' failed.
+ srcext=
+ echo Ubuntu srcexts:
Ubuntu srcexts:
+ '[' '' '!=' '' ']'
+ opam install deriving
[ERROR] deriving is not available because it requires OCaml <= 4.01.0.
'opam install deriving' failed.
