++ opam install postgres -e ubuntu
+ depext=
+ echo Ubuntu depexts:
Ubuntu depexts:
+ '[' '' '!=' '' ']'
++ opam install postgres -e source,linux
+ srcext=
+ echo Ubuntu srcexts:
Ubuntu srcexts:
+ '[' '' '!=' '' ']'
+ opam install postgres
The following actions will be performed:
 - install postgres.20040120
1 to install | 0 to reinstall | 0 to upgrade | 0 to downgrade | 0 to remove

=-=-= Installing postgres.20040120 =-=-=
default    Synchronizing with /home/opam/opam-repository/archives/postgres.20040120+opam.tar.gz
sending incremental file list
postgres.20040120+opam.tar.gz

sent 23,697 bytes  received 35 bytes  47,464.00 bytes/sec
total size is 23,559  speedup is 0.99
Applying opam.patch.
patching file libpq_stub.c
Building postgres.20040120:
  make all POSTGRES_INCLUDE=-I /usr/include/postgresql
  make install
rm -f META
echo 'name="postgres"' >> META
echo 'version="20040120"' >> META
echo 'description="Bindings for PostgreSQL"' >> META
echo 'archive(byte)="postgres.cma"' >> META
echo 'archive(native)="postgres.cmxa"' >> META
ocamlc -c postgres.mli
ocamlc -c postgres.ml
ocamlopt -c postgres.ml
ocamlc -c -I /usr/include/postgresql libpq_stub.c
libpq_stub.c:13:22: fatal error: libpq-fe.h: No such file or directory
 #include <libpq-fe.h>
                      ^
compilation terminated.
make: *** [libpq_stub.o] Error 2
[ERROR] The compilation of postgres.20040120 failed.
Removing postgres.20040120.
  ocamlfind remove postgres
ocamlfind: [WARNING] No such directory: /home/opam/.opam/system/lib/postgres


===== ERROR while installing postgres.20040120 =====
# opam-version         1.1.1
# os                   linux
# command              make all POSTGRES_INCLUDE=-I /usr/include/postgresql
# path                 /home/opam/.opam/system/build/postgres.20040120
# compiler             system (4.01.0)
# exit-code            2
# env-file             /home/opam/.opam/system/build/postgres.20040120/postgres-31-0a5907.env
# stdout-file          /home/opam/.opam/system/build/postgres.20040120/postgres-31-0a5907.out
# stderr-file          /home/opam/.opam/system/build/postgres.20040120/postgres-31-0a5907.err
### stdout ###
# ...[truncated]
# rm -f META
# echo 'name="postgres"' >> META
# echo 'version="20040120"' >> META
# echo 'description="Bindings for PostgreSQL"' >> META
# echo 'archive(byte)="postgres.cma"' >> META
# echo 'archive(native)="postgres.cmxa"' >> META
# ocamlc -c postgres.mli
# ocamlc -c postgres.ml
# ocamlopt -c postgres.ml
# ocamlc -c -I /usr/include/postgresql libpq_stub.c
### stderr ###
# libpq_stub.c:13:22: fatal error: libpq-fe.h: No such file or directory
#  #include <libpq-fe.h>
#                       ^
# compilation terminated.
# make: *** [libpq_stub.o] Error 2

'opam install postgres' failed.
