++ opam install cryptokit-sha512 -e ubuntu
[ERROR] No package named cryptokit-sha512 found.
'opam install cryptokit-sha512 -e ubuntu' failed.
+ depext=
Ubuntu depexts:
+ echo Ubuntu depexts:
+ '[' '' '!=' '' ']'
++ opam install cryptokit-sha512 -e source,linux
[ERROR] No package named cryptokit-sha512 found.
'opam install cryptokit-sha512 -e source,linux' failed.
Ubuntu srcexts:
+ srcext=
+ echo Ubuntu srcexts:
+ '[' '' '!=' '' ']'
+ opam install cryptokit-sha512
[ERROR] No package named cryptokit-sha512 found.
'opam install cryptokit-sha512' failed.
